[001-050] Search: Model metrics  : loss=1.52, accuracy@1=44.32%, accuracy@5=90.61%, time-cost=122.6 s
[001-050] Search: Architecture metrics  : loss=1.51, accuracy@1=44.34%, accuracy@5=90.24%
[001-050] Evaluation:  : loss=1.25, accuracy@1=54.57%, accuracy@5=94.30%
<<<--->>> The 001-050-th epoch : found the highest validation accuracy : 54.57%.
Benchmark Results for cifar10 -> train: 0.0, valid: 0.0, test: 93.84711883674957
alpha 0 is Parameter containing:
tensor([[-0.0183,  0.0213],
        [-0.0165,  0.0164],
        [-0.0211,  0.0226],
        [-0.0239,  0.0259],
        [-0.0204,  0.0199],
        [ 0.0244, -0.0260],
        [-0.0380,  0.0383],
        [-0.0354,  0.0347],
        [-0.0257,  0.0269],
        [-0.0259,  0.0278],
        [ 0.0239, -0.0217],
        [-0.0146,  0.0163],
        [ 0.0057, -0.0057],
        [-0.0056,  0.0047]], device='cuda:0', requires_grad=True)
alpha 1 is Parameter containing:
tensor([[ 0.0508, -0.0514],
        [ 0.0149, -0.0154],
        [ 0.0562, -0.0564],
        [ 0.0487, -0.0499],
        [-0.0055,  0.0061],
        [ 0.0511, -0.0503],
        [ 0.0132, -0.0124],
        [ 0.0033, -0.0036],
        [-0.0028,  0.0047],
        [ 0.0496, -0.0516],
        [ 0.0460, -0.0458],
        [-0.0188,  0.0197],
        [-0.0191,  0.0213],
        [-0.0083,  0.0089]], device='cuda:0', requires_grad=True)
[002-050] Search: Model metrics  : loss=1.08, accuracy@1=61.44%, accuracy@5=96.18%, time-cost=241.5 s
[002-050] Search: Architecture metrics  : loss=1.10, accuracy@1=61.21%, accuracy@5=95.85%
[002-050] Evaluation:  : loss=1.06, accuracy@1=62.75%, accuracy@5=96.31%
<<<--->>> The 002-050-th epoch : found the highest validation accuracy : 62.75%.
Benchmark Results for cifar10 -> train: 0.0, valid: 0.0, test: 93.90400174008046
alpha 0 is Parameter containing:
tensor([[-0.0334,  0.0364],
        [-0.0239,  0.0238],
        [-0.0450,  0.0465],
        [-0.0510,  0.0530],
        [-0.0399,  0.0394],
        [ 0.0299, -0.0315],
        [-0.0803,  0.0806],
        [-0.0626,  0.0619],
        [-0.0426,  0.0438],
        [-0.0485,  0.0503],
        [ 0.0488, -0.0467],
        [-0.0228,  0.0245],
        [-0.0078,  0.0079],
        [-0.0087,  0.0078]], device='cuda:0', requires_grad=True)
alpha 1 is Parameter containing:
tensor([[ 0.0703, -0.0709],
        [ 0.0157, -0.0162],
        [ 0.0770, -0.0773],
        [ 0.0771, -0.0782],
        [-0.0189,  0.0194],
        [ 0.0783, -0.0775],
        [ 0.0253, -0.0246],
        [ 0.0057, -0.0060],
        [-0.0166,  0.0185],
        [ 0.0741, -0.0760],
        [ 0.0743, -0.0741],
        [-0.0347,  0.0356],
        [-0.0367,  0.0388],
        [-0.0073,  0.0080]], device='cuda:0', requires_grad=True)
[003-050] Search: Model metrics  : loss=0.90, accuracy@1=68.23%, accuracy@5=97.19%, time-cost=359.7 s
[003-050] Search: Architecture metrics  : loss=0.92, accuracy@1=67.57%, accuracy@5=97.17%
[003-050] Evaluation:  : loss=0.95, accuracy@1=67.02%, accuracy@5=96.87%
<<<--->>> The 003-050-th epoch : found the highest validation accuracy : 67.02%.
Benchmark Results for cifar10 -> train: 0.0, valid: 0.0, test: 93.86917143527025
alpha 0 is Parameter containing:
tensor([[-0.0278,  0.0308],
        [-0.0456,  0.0455],
        [-0.0459,  0.0474],
        [-0.0881,  0.0901],
        [-0.0545,  0.0539],
        [ 0.0465, -0.0481],
        [-0.1242,  0.1245],
        [-0.0782,  0.0775],
        [-0.0631,  0.0643],
        [-0.0724,  0.0742],
        [ 0.0652, -0.0630],
        [-0.0291,  0.0308],
        [ 0.0004, -0.0004],
        [-0.0093,  0.0085]], device='cuda:0', requires_grad=True)
alpha 1 is Parameter containing:
tensor([[ 0.0983, -0.0989],
        [ 0.0289, -0.0294],
        [ 0.1025, -0.1027],
        [ 0.0924, -0.0935],
        [-0.0086,  0.0091],
        [ 0.0967, -0.0959],
        [ 0.0350, -0.0343],
        [ 0.0056, -0.0059],
        [-0.0341,  0.0359],
        [ 0.1012, -0.1031],
        [ 0.0927, -0.0925],
        [-0.0405,  0.0414],
        [-0.0535,  0.0555],
        [-0.0143,  0.0150]], device='cuda:0', requires_grad=True)
[004-050] Search: Model metrics  : loss=0.78, accuracy@1=72.89%, accuracy@5=98.17%, time-cost=478.8 s
[004-050] Search: Architecture metrics  : loss=0.81, accuracy@1=71.61%, accuracy@5=97.92%
[004-050] Evaluation:  : loss=0.78, accuracy@1=73.25%, accuracy@5=97.78%
<<<--->>> The 004-050-th epoch : found the highest validation accuracy : 73.25%.
Benchmark Results for cifar10 -> train: 0.0, valid: 0.0, test: 93.8752024423303
alpha 0 is Parameter containing:
tensor([[-0.0318,  0.0348],
        [-0.0548,  0.0547],
        [-0.0460,  0.0475],
        [-0.1232,  0.1252],
        [-0.0705,  0.0700],
        [ 0.0450, -0.0467],
        [-0.1585,  0.1588],
        [-0.0982,  0.0975],
        [-0.0722,  0.0734],
        [-0.0837,  0.0855],
        [ 0.0689, -0.0668],
        [-0.0383,  0.0399],
        [-0.0082,  0.0083],
        [ 0.0028, -0.0037]], device='cuda:0', requires_grad=True)
alpha 1 is Parameter containing:
tensor([[ 0.1248, -0.1254],
        [ 0.0296, -0.0301],
        [ 0.1266, -0.1268],
        [ 0.1123, -0.1134],
        [-0.0207,  0.0213],
        [ 0.1201, -0.1194],
        [ 0.0269, -0.0261],
        [-0.0067,  0.0064],
        [-0.0460,  0.0478],
        [ 0.1236, -0.1254],
        [ 0.1123, -0.1121],
        [-0.0479,  0.0488],
        [-0.0536,  0.0556],
        [-0.0086,  0.0092]], device='cuda:0', requires_grad=True)
[005-050] Search: Model metrics  : loss=0.70, accuracy@1=75.61%, accuracy@5=98.40%, time-cost=597.6 s
[005-050] Search: Architecture metrics  : loss=0.75, accuracy@1=73.82%, accuracy@5=98.28%
[005-050] Evaluation:  : loss=0.69, accuracy@1=76.46%, accuracy@5=98.41%
<<<--->>> The 005-050-th epoch : found the highest validation accuracy : 76.46%.
Benchmark Results for cifar10 -> train: 0.0, valid: 0.0, test: 93.8809633440901
alpha 0 is Parameter containing:
tensor([[-0.0215,  0.0245],
        [-0.0489,  0.0488],
        [-0.0302,  0.0317],
        [-0.1533,  0.1553],
        [-0.0772,  0.0767],
        [ 0.0335, -0.0351],
        [-0.1831,  0.1834],
        [-0.1157,  0.1150],
        [-0.0767,  0.0778],
        [-0.0966,  0.0983],
        [ 0.0691, -0.0670],
        [-0.0551,  0.0567],
        [-0.0060,  0.0060],
        [ 0.0065, -0.0074]], device='cuda:0', requires_grad=True)
alpha 1 is Parameter containing:
tensor([[ 0.1324, -0.1330],
        [ 0.0352, -0.0357],
        [ 0.1401, -0.1403],
        [ 0.1203, -0.1213],
        [-0.0207,  0.0212],
        [ 0.1343, -0.1336],
        [ 0.0208, -0.0201],
        [-0.0057,  0.0054],
        [-0.0472,  0.0490],
        [ 0.1383, -0.1400],
        [ 0.1191, -0.1189],
        [-0.0393,  0.0401],
        [-0.0623,  0.0643],
        [-0.0083,  0.0089]], device='cuda:0', requires_grad=True)
[006-050] Search: Model metrics  : loss=0.64, accuracy@1=77.66%, accuracy@5=98.66%, time-cost=716.3 s
[006-050] Search: Architecture metrics  : loss=0.70, accuracy@1=75.78%, accuracy@5=98.36%
[006-050] Evaluation:  : loss=0.68, accuracy@1=76.66%, accuracy@5=98.35%
<<<--->>> The 006-050-th epoch : found the highest validation accuracy : 76.66%.
Benchmark Results for cifar10 -> train: 0.0, valid: 0.0, test: 93.88465233189372
alpha 0 is Parameter containing:
tensor([[-3.5764e-02,  3.8724e-02],
        [-5.9726e-02,  5.9627e-02],
        [-3.0500e-02,  3.1984e-02],
        [-1.8418e-01,  1.8615e-01],
        [-8.4724e-02,  8.4189e-02],
        [ 2.6621e-02, -2.8206e-02],
        [-1.9763e-01,  1.9791e-01],
        [-1.2307e-01,  1.2237e-01],
        [-8.4716e-02,  8.5896e-02],
        [-1.0888e-01,  1.1064e-01],
        [ 7.3340e-02, -7.1293e-02],
        [-5.6755e-02,  5.8387e-02],
        [-3.1809e-03,  3.2169e-03],
        [-9.7497e-04,  1.1123e-04]], device='cuda:0', requires_grad=True)
alpha 1 is Parameter containing:
tensor([[ 0.1483, -0.1489],
        [ 0.0421, -0.0426],
        [ 0.1541, -0.1543],
        [ 0.1485, -0.1495],
        [-0.0244,  0.0249],
        [ 0.1474, -0.1467],
        [ 0.0280, -0.0273],
        [-0.0090,  0.0087],
        [-0.0587,  0.0605],
        [ 0.1508, -0.1524],
        [ 0.1412, -0.1410],
        [-0.0342,  0.0350],
        [-0.0711,  0.0731],
        [ 0.0043, -0.0037]], device='cuda:0', requires_grad=True)
[007-050] Search: Model metrics  : loss=0.60, accuracy@1=79.21%, accuracy@5=98.85%, time-cost=831.6 s
[007-050] Search: Architecture metrics  : loss=0.66, accuracy@1=77.60%, accuracy@5=98.65%
[007-050] Evaluation:  : loss=0.64, accuracy@1=77.58%, accuracy@5=98.62%
<<<--->>> The 007-050-th epoch : found the highest validation accuracy : 77.58%.
Benchmark Results for cifar10 -> train: 0.0, valid: 0.0, test: 93.89252283340282
alpha 0 is Parameter containing:
tensor([[-0.0380,  0.0409],
        [-0.0676,  0.0675],
        [-0.0225,  0.0240],
        [-0.2176,  0.2195],
        [-0.0808,  0.0803],
        [ 0.0264, -0.0279],
        [-0.2114,  0.2117],
        [-0.1204,  0.1197],
        [-0.0844,  0.0856],
        [-0.1200,  0.1218],
        [ 0.0815, -0.0794],
        [-0.0527,  0.0544],
        [-0.0052,  0.0052],
        [-0.0074,  0.0065]], device='cuda:0', requires_grad=True)
alpha 1 is Parameter containing:
tensor([[ 0.1695, -0.1701],
        [ 0.0383, -0.0388],
        [ 0.1769, -0.1771],
        [ 0.1628, -0.1638],
        [-0.0162,  0.0167],
        [ 0.1672, -0.1665],
        [ 0.0231, -0.0224],
        [-0.0037,  0.0035],
        [-0.0575,  0.0592],
        [ 0.1735, -0.1751],
        [ 0.1521, -0.1519],
        [-0.0399,  0.0407],
        [-0.0738,  0.0757],
        [ 0.0101, -0.0095]], device='cuda:0', requires_grad=True)
[008-050] Search: Model metrics  : loss=0.55, accuracy@1=80.91%, accuracy@5=99.02%, time-cost=950.2 s
[008-050] Search: Architecture metrics  : loss=0.64, accuracy@1=77.93%, accuracy@5=98.62%
[008-050] Evaluation:  : loss=0.70, accuracy@1=75.77%, accuracy@5=98.46%
Benchmark Results for cifar10 -> train: 0.0, valid: 0.0, test: 93.87997422235834
alpha 0 is Parameter containing:
tensor([[-0.0347,  0.0377],
        [-0.0640,  0.0639],
        [-0.0123,  0.0138],
        [-0.2339,  0.2359],
        [-0.0835,  0.0829],
        [ 0.0204, -0.0219],
        [-0.2157,  0.2160],
        [-0.1180,  0.1173],
        [-0.0863,  0.0875],
        [-0.1221,  0.1238],
        [ 0.0788, -0.0768],
        [-0.0551,  0.0567],
        [ 0.0038, -0.0038],
        [-0.0188,  0.0180]], device='cuda:0', requires_grad=True)
alpha 1 is Parameter containing:
tensor([[ 0.1962, -0.1968],
        [ 0.0362, -0.0367],
        [ 0.2025, -0.2027],
        [ 0.1741, -0.1751],
        [-0.0101,  0.0106],
        [ 0.1885, -0.1878],
        [ 0.0199, -0.0192],
        [ 0.0119, -0.0121],
        [-0.0625,  0.0642],
        [ 0.1977, -0.1992],
        [ 0.1641, -0.1640],
        [-0.0307,  0.0315],
        [-0.0669,  0.0687],
        [ 0.0145, -0.0139]], device='cuda:0', requires_grad=True)
[009-050] Search: Model metrics  : loss=0.52, accuracy@1=81.92%, accuracy@5=99.08%, time-cost=1068.6 s
[009-050] Search: Architecture metrics  : loss=0.61, accuracy@1=79.18%, accuracy@5=98.67%
[009-050] Evaluation:  : loss=0.65, accuracy@1=78.33%, accuracy@5=98.53%
<<<--->>> The 009-050-th epoch : found the highest validation accuracy : 78.33%.
Benchmark Results for cifar10 -> train: 0.0, valid: 0.0, test: 93.86505778115408
alpha 0 is Parameter containing:
tensor([[-0.0388,  0.0417],
        [-0.0731,  0.0730],
        [-0.0148,  0.0162],
        [-0.2450,  0.2469],
        [-0.0787,  0.0782],
        [-0.0049,  0.0034],
        [-0.2165,  0.2168],
        [-0.1103,  0.1096],
        [-0.0844,  0.0855],
        [-0.1255,  0.1272],
        [ 0.0754, -0.0734],
        [-0.0554,  0.0569],
        [ 0.0184, -0.0183],
        [-0.0205,  0.0196]], device='cuda:0', requires_grad=True)
alpha 1 is Parameter containing:
tensor([[ 0.2069, -0.2074],
        [ 0.0326, -0.0331],
        [ 0.2138, -0.2139],
        [ 0.1748, -0.1757],
        [-0.0177,  0.0182],
        [ 0.1968, -0.1962],
        [ 0.0145, -0.0138],
        [ 0.0129, -0.0131],
        [-0.0711,  0.0728],
        [ 0.2085, -0.2099],
        [ 0.1645, -0.1644],
        [-0.0335,  0.0343],
        [-0.0767,  0.0785],
        [ 0.0078, -0.0072]], device='cuda:0', requires_grad=True)
[010-050] Search: Model metrics  : loss=0.49, accuracy@1=83.34%, accuracy@5=99.26%, time-cost=1187.3 s
[010-050] Search: Architecture metrics  : loss=0.59, accuracy@1=79.61%, accuracy@5=98.75%
[010-050] Evaluation:  : loss=0.66, accuracy@1=77.68%, accuracy@5=98.58%
Benchmark Results for cifar10 -> train: 0.0, valid: 0.0, test: 93.85873871599075
alpha 0 is Parameter containing:
tensor([[-0.0401,  0.0430],
        [-0.0631,  0.0630],
        [-0.0025,  0.0039],
        [-0.2592,  0.2611],
        [-0.0839,  0.0834],
        [-0.0178,  0.0163],
        [-0.2216,  0.2219],
        [-0.1067,  0.1060],
        [-0.0922,  0.0933],
        [-0.1301,  0.1318],
        [ 0.0677, -0.0657],
        [-0.0582,  0.0598],
        [ 0.0303, -0.0302],
        [-0.0137,  0.0129]], device='cuda:0', requires_grad=True)
alpha 1 is Parameter containing:
tensor([[ 0.2148, -0.2154],
        [ 0.0323, -0.0328],
        [ 0.2305, -0.2307],
        [ 0.1748, -0.1757],
        [-0.0179,  0.0184],
        [ 0.2069, -0.2063],
        [ 0.0063, -0.0056],
        [ 0.0284, -0.0287],
        [-0.0648,  0.0665],
        [ 0.2236, -0.2251],
        [ 0.1679, -0.1677],
        [-0.0278,  0.0286],
        [-0.0640,  0.0658],
        [ 0.0235, -0.0230]], device='cuda:0', requires_grad=True)
[011-050] Search: Model metrics  : loss=0.47, accuracy@1=83.62%, accuracy@5=99.32%, time-cost=1306.1 s
[011-050] Search: Architecture metrics  : loss=0.59, accuracy@1=79.98%, accuracy@5=98.80%
[011-050] Evaluation:  : loss=0.56, accuracy@1=81.12%, accuracy@5=98.94%
<<<--->>> The 011-050-th epoch : found the highest validation accuracy : 81.12%.
Benchmark Results for cifar10 -> train: 0.0, valid: 0.0, test: 93.75888942446666
alpha 0 is Parameter containing:
tensor([[-4.1596e-02,  4.4505e-02],
        [-7.5589e-02,  7.5492e-02],
        [ 1.5589e-03, -1.1003e-04],
        [-2.6754e-01,  2.6947e-01],
        [-7.2876e-02,  7.2356e-02],
        [-3.9451e-02,  3.7943e-02],
        [-2.1742e-01,  2.1769e-01],
        [-8.5707e-02,  8.5029e-02],
        [-9.1510e-02,  9.2658e-02],
        [-1.3190e-01,  1.3360e-01],
        [ 6.2419e-02, -6.0499e-02],
        [-5.8757e-02,  6.0323e-02],
        [ 3.0409e-02, -3.0374e-02],
        [-1.3981e-02,  1.3147e-02]], device='cuda:0', requires_grad=True)
alpha 1 is Parameter containing:
tensor([[ 0.2316, -0.2322],
        [ 0.0266, -0.0270],
        [ 0.2495, -0.2497],
        [ 0.1892, -0.1901],
        [-0.0128,  0.0133],
        [ 0.2160, -0.2154],
        [ 0.0023, -0.0017],
        [ 0.0378, -0.0381],
        [-0.0659,  0.0675],
        [ 0.2343, -0.2357],
        [ 0.1760, -0.1758],
        [-0.0155,  0.0162],
        [-0.0662,  0.0679],
        [ 0.0195, -0.0190]], device='cuda:0', requires_grad=True)
[012-050] Search: Model metrics  : loss=0.45, accuracy@1=84.51%, accuracy@5=99.42%, time-cost=1423.3 s
[012-050] Search: Architecture metrics  : loss=0.55, accuracy@1=81.42%, accuracy@5=98.90%
[012-050] Evaluation:  : loss=0.62, accuracy@1=78.76%, accuracy@5=98.79%
Benchmark Results for cifar10 -> train: 0.0, valid: 0.0, test: 93.74558673853997
alpha 0 is Parameter containing:
tensor([[-0.0316,  0.0345],
        [-0.0803,  0.0802],
        [ 0.0161, -0.0146],
        [-0.2650,  0.2669],
        [-0.0487,  0.0482],
        [-0.0518,  0.0504],
        [-0.2060,  0.2062],
        [-0.0724,  0.0717],
        [-0.0935,  0.0947],
        [-0.1298,  0.1315],
        [ 0.0629, -0.0610],
        [-0.0559,  0.0574],
        [ 0.0428, -0.0427],
        [-0.0196,  0.0188]], device='cuda:0', requires_grad=True)
alpha 1 is Parameter containing:
tensor([[ 2.3233e-01, -2.3288e-01],
        [ 3.1612e-02, -3.2088e-02],
        [ 2.5324e-01, -2.5341e-01],
        [ 1.9760e-01, -1.9846e-01],
        [-8.5452e-03,  9.0279e-03],
        [ 2.1870e-01, -2.1812e-01],
        [ 9.8812e-03, -9.2556e-03],
        [ 5.5386e-02, -5.5607e-02],
        [-6.2307e-02,  6.3917e-02],
        [ 2.3662e-01, -2.3799e-01],
        [ 1.8084e-01, -1.8072e-01],
        [-4.7199e-03,  5.4408e-03],
        [-6.8439e-02,  7.0173e-02],
        [ 5.4599e-04, -2.6599e-05]], device='cuda:0', requires_grad=True)
[013-050] Search: Model metrics  : loss=0.43, accuracy@1=84.75%, accuracy@5=99.45%, time-cost=1537.0 s
[013-050] Search: Architecture metrics  : loss=0.55, accuracy@1=81.12%, accuracy@5=99.01%
[013-050] Evaluation:  : loss=0.54, accuracy@1=81.91%, accuracy@5=98.93%
<<<--->>> The 013-050-th epoch : found the highest validation accuracy : 81.91%.
Benchmark Results for cifar10 -> train: 0.0, valid: 0.0, test: 93.79481914702357
alpha 0 is Parameter containing:
tensor([[-0.0410,  0.0439],
        [-0.0721,  0.0720],
        [ 0.0177, -0.0163],
        [-0.2747,  0.2766],
        [-0.0449,  0.0443],
        [-0.0663,  0.0648],
        [-0.2068,  0.2070],
        [-0.0606,  0.0600],
        [-0.0886,  0.0898],
        [-0.1248,  0.1264],
        [ 0.0517, -0.0499],
        [-0.0510,  0.0525],
        [ 0.0513, -0.0512],
        [-0.0165,  0.0157]], device='cuda:0', requires_grad=True)
alpha 1 is Parameter containing:
tensor([[ 0.2377, -0.2382],
        [ 0.0275, -0.0279],
        [ 0.2600, -0.2601],
        [ 0.2048, -0.2056],
        [-0.0064,  0.0069],
        [ 0.2205, -0.2199],
        [ 0.0091, -0.0085],
        [ 0.0645, -0.0647],
        [-0.0495,  0.0511],
        [ 0.2418, -0.2431],
        [ 0.1856, -0.1855],
        [ 0.0013, -0.0006],
        [-0.0644,  0.0661],
        [-0.0045,  0.0050]], device='cuda:0', requires_grad=True)
[014-050] Search: Model metrics  : loss=0.41, accuracy@1=85.69%, accuracy@5=99.52%, time-cost=1655.2 s
[014-050] Search: Architecture metrics  : loss=0.54, accuracy@1=81.80%, accuracy@5=99.04%
[014-050] Evaluation:  : loss=0.56, accuracy@1=81.34%, accuracy@5=98.89%
Benchmark Results for cifar10 -> train: 0.0, valid: 0.0, test: 93.57470684681041
alpha 0 is Parameter containing:
tensor([[-0.0365,  0.0394],
        [-0.0688,  0.0687],
        [ 0.0276, -0.0261],
        [-0.2909,  0.2928],
        [-0.0474,  0.0469],
        [-0.0749,  0.0735],
        [-0.2133,  0.2135],
        [-0.0526,  0.0519],
        [-0.0782,  0.0794],
        [-0.1148,  0.1165],
        [ 0.0350, -0.0331],
        [-0.0403,  0.0418],
        [ 0.0467, -0.0467],
        [-0.0045,  0.0037]], device='cuda:0', requires_grad=True)
alpha 1 is Parameter containing:
tensor([[ 0.2507, -0.2512],
        [ 0.0338, -0.0343],
        [ 0.2728, -0.2729],
        [ 0.2070, -0.2078],
        [-0.0121,  0.0126],
        [ 0.2299, -0.2293],
        [ 0.0224, -0.0218],
        [ 0.0741, -0.0743],
        [-0.0503,  0.0519],
        [ 0.2539, -0.2552],
        [ 0.1842, -0.1841],
        [ 0.0076, -0.0069],
        [-0.0570,  0.0587],
        [ 0.0024, -0.0019]], device='cuda:0', requires_grad=True)
[015-050] Search: Model metrics  : loss=0.38, accuracy@1=86.62%, accuracy@5=99.53%, time-cost=1774.3 s
[015-050] Search: Architecture metrics  : loss=0.54, accuracy@1=81.98%, accuracy@5=98.93%
[015-050] Evaluation:  : loss=0.53, accuracy@1=82.24%, accuracy@5=99.06%
<<<--->>> The 015-050-th epoch : found the highest validation accuracy : 82.24%.
Benchmark Results for cifar10 -> train: 0.0, valid: 0.0, test: 93.67487301977573
alpha 0 is Parameter containing:
tensor([[-0.0276,  0.0305],
        [-0.0706,  0.0705],
        [ 0.0395, -0.0381],
        [-0.2851,  0.2870],
        [-0.0358,  0.0353],
        [-0.1049,  0.1034],
        [-0.1981,  0.1984],
        [-0.0339,  0.0333],
        [-0.0689,  0.0700],
        [-0.1112,  0.1129],
        [ 0.0119, -0.0100],
        [-0.0296,  0.0311],
        [ 0.0672, -0.0671],
        [ 0.0114, -0.0122]], device='cuda:0', requires_grad=True)
alpha 1 is Parameter containing:
tensor([[ 0.2625, -0.2631],
        [ 0.0351, -0.0356],
        [ 0.2850, -0.2852],
        [ 0.2125, -0.2133],
        [-0.0027,  0.0032],
        [ 0.2399, -0.2394],
        [ 0.0344, -0.0338],
        [ 0.0699, -0.0701],
        [-0.0489,  0.0504],
        [ 0.2615, -0.2628],
        [ 0.1913, -0.1912],
        [ 0.0091, -0.0084],
        [-0.0390,  0.0406],
        [ 0.0108, -0.0103]], device='cuda:0', requires_grad=True)
[016-050] Search: Model metrics  : loss=0.38, accuracy@1=86.82%, accuracy@5=99.56%, time-cost=1891.5 s
[016-050] Search: Architecture metrics  : loss=0.54, accuracy@1=82.15%, accuracy@5=99.01%
[016-050] Evaluation:  : loss=0.55, accuracy@1=81.68%, accuracy@5=99.06%
Benchmark Results for cifar10 -> train: 0.0, valid: 0.0, test: 93.8730487162741
alpha 0 is Parameter containing:
tensor([[-0.0290,  0.0318],
        [-0.0637,  0.0636],
        [ 0.0463, -0.0449],
        [-0.2792,  0.2810],
        [-0.0250,  0.0245],
        [-0.1311,  0.1297],
        [-0.1890,  0.1892],
        [-0.0195,  0.0189],
        [-0.0675,  0.0687],
        [-0.1080,  0.1096],
        [-0.0038,  0.0056],
        [-0.0139,  0.0154],
        [ 0.0882, -0.0882],
        [ 0.0033, -0.0041]], device='cuda:0', requires_grad=True)
alpha 1 is Parameter containing:
tensor([[ 0.2681, -0.2686],
        [ 0.0402, -0.0407],
        [ 0.2932, -0.2933],
        [ 0.2135, -0.2142],
        [ 0.0017, -0.0013],
        [ 0.2473, -0.2467],
        [ 0.0438, -0.0432],
        [ 0.0761, -0.0763],
        [-0.0491,  0.0506],
        [ 0.2694, -0.2706],
        [ 0.1930, -0.1928],
        [ 0.0135, -0.0129],
        [-0.0398,  0.0414],
        [ 0.0036, -0.0031]], device='cuda:0', requires_grad=True)
[017-050] Search: Model metrics  : loss=0.35, accuracy@1=87.45%, accuracy@5=99.63%, time-cost=2010.3 s
[017-050] Search: Architecture metrics  : loss=0.54, accuracy@1=82.14%, accuracy@5=98.96%
[017-050] Evaluation:  : loss=0.53, accuracy@1=81.92%, accuracy@5=99.15%
Benchmark Results for cifar10 -> train: 0.0, valid: 0.0, test: 93.80838233573525
alpha 0 is Parameter containing:
tensor([[-0.0270,  0.0299],
        [-0.0552,  0.0551],
        [ 0.0411, -0.0397],
        [-0.2799,  0.2818],
        [-0.0245,  0.0240],
        [-0.1607,  0.1593],
        [-0.1653,  0.1655],
        [ 0.0066, -0.0073],
        [-0.0480,  0.0491],
        [-0.0992,  0.1009],
        [-0.0229,  0.0247],
        [-0.0197,  0.0212],
        [ 0.0964, -0.0964],
        [ 0.0142, -0.0150]], device='cuda:0', requires_grad=True)
alpha 1 is Parameter containing:
tensor([[ 0.2574, -0.2579],
        [ 0.0405, -0.0410],
        [ 0.2897, -0.2898],
        [ 0.2198, -0.2206],
        [ 0.0009, -0.0005],
        [ 0.2420, -0.2415],
        [ 0.0454, -0.0449],
        [ 0.0769, -0.0771],
        [-0.0447,  0.0462],
        [ 0.2652, -0.2663],
        [ 0.1999, -0.1998],
        [ 0.0169, -0.0163],
        [-0.0330,  0.0346],
        [ 0.0045, -0.0040]], device='cuda:0', requires_grad=True)
[018-050] Search: Model metrics  : loss=0.34, accuracy@1=88.07%, accuracy@5=99.69%, time-cost=2129.1 s
[018-050] Search: Architecture metrics  : loss=0.52, accuracy@1=82.36%, accuracy@5=99.09%
[018-050] Evaluation:  : loss=0.54, accuracy@1=82.04%, accuracy@5=98.90%
Benchmark Results for cifar10 -> train: 0.0, valid: 0.0, test: 93.80460312259085
alpha 0 is Parameter containing:
tensor([[-0.0311,  0.0339],
        [-0.0419,  0.0418],
        [ 0.0387, -0.0373],
        [-0.2707,  0.2725],
        [-0.0096,  0.0091],
        [-0.1969,  0.1955],
        [-0.1408,  0.1410],
        [ 0.0315, -0.0321],
        [-0.0357,  0.0369],
        [-0.0971,  0.0987],
        [-0.0327,  0.0345],
        [-0.0063,  0.0078],
        [ 0.0997, -0.0997],
        [ 0.0189, -0.0197]], device='cuda:0', requires_grad=True)
alpha 1 is Parameter containing:
tensor([[ 2.5255e-01, -2.5305e-01],
        [ 3.8207e-02, -3.8656e-02],
        [ 2.8149e-01, -2.8164e-01],
        [ 2.1464e-01, -2.1538e-01],
        [ 1.8739e-03, -1.4199e-03],
        [ 2.3358e-01, -2.3309e-01],
        [ 4.6210e-02, -4.5640e-02],
        [ 9.0206e-02, -9.0407e-02],
        [-3.2359e-02,  3.3863e-02],
        [ 2.5789e-01, -2.5902e-01],
        [ 1.9125e-01, -1.9115e-01],
        [ 2.4053e-02, -2.3397e-02],
        [-2.2424e-02,  2.4021e-02],
        [ 5.7670e-04, -1.0354e-04]], device='cuda:0', requires_grad=True)
[019-050] Search: Model metrics  : loss=0.33, accuracy@1=88.59%, accuracy@5=99.64%, time-cost=2247.9 s
[019-050] Search: Architecture metrics  : loss=0.50, accuracy@1=83.42%, accuracy@5=99.12%
[019-050] Evaluation:  : loss=0.51, accuracy@1=83.14%, accuracy@5=99.04%
<<<--->>> The 019-050-th epoch : found the highest validation accuracy : 83.14%.
Benchmark Results for cifar10 -> train: 0.0, valid: 0.0, test: 93.93414799250365
alpha 0 is Parameter containing:
tensor([[-4.4968e-02,  4.7804e-02],
        [-4.0813e-02,  4.0719e-02],
        [ 4.0170e-02, -3.8770e-02],
        [-2.6062e-01,  2.6247e-01],
        [ 1.0712e-04, -6.0572e-04],
        [-2.0485e-01,  2.0345e-01],
        [-1.4066e-01,  1.4092e-01],
        [ 5.0887e-02, -5.1542e-02],
        [-2.2598e-02,  2.3703e-02],
        [-9.0719e-02,  9.2333e-02],
        [-4.8946e-02,  5.0705e-02],
        [ 7.7253e-03, -6.2492e-03],
        [ 1.1371e-01, -1.1368e-01],
        [ 4.0369e-02, -4.1165e-02]], device='cuda:0', requires_grad=True)
alpha 1 is Parameter containing:
tensor([[ 0.2507, -0.2512],
        [ 0.0259, -0.0263],
        [ 0.2814, -0.2815],
        [ 0.2157, -0.2164],
        [ 0.0043, -0.0038],
        [ 0.2305, -0.2300],
        [ 0.0304, -0.0298],
        [ 0.1001, -0.1003],
        [-0.0293,  0.0308],
        [ 0.2563, -0.2574],
        [ 0.1914, -0.1913],
        [ 0.0324, -0.0317],
        [-0.0121,  0.0136],
        [ 0.0036, -0.0032]], device='cuda:0', requires_grad=True)
[020-050] Search: Model metrics  : loss=0.32, accuracy@1=88.99%, accuracy@5=99.76%, time-cost=2366.9 s
[020-050] Search: Architecture metrics  : loss=0.52, accuracy@1=82.94%, accuracy@5=99.00%
[020-050] Evaluation:  : loss=0.57, accuracy@1=81.26%, accuracy@5=99.04%
Benchmark Results for cifar10 -> train: 0.0, valid: 0.0, test: 93.73452471510285
alpha 0 is Parameter containing:
tensor([[-0.0430,  0.0458],
        [-0.0389,  0.0388],
        [ 0.0501, -0.0487],
        [-0.2662,  0.2681],
        [ 0.0031, -0.0036],
        [-0.2207,  0.2193],
        [-0.1094,  0.1097],
        [ 0.0766, -0.0773],
        [-0.0067,  0.0078],
        [-0.0779,  0.0795],
        [-0.0766,  0.0784],
        [ 0.0226, -0.0211],
        [ 0.1172, -0.1171],
        [ 0.0529, -0.0536]], device='cuda:0', requires_grad=True)
alpha 1 is Parameter containing:
tensor([[ 0.2514, -0.2519],
        [ 0.0223, -0.0227],
        [ 0.2846, -0.2847],
        [ 0.2105, -0.2112],
        [ 0.0213, -0.0209],
        [ 0.2367, -0.2362],
        [ 0.0267, -0.0261],
        [ 0.1053, -0.1055],
        [-0.0375,  0.0390],
        [ 0.2639, -0.2650],
        [ 0.1879, -0.1879],
        [ 0.0349, -0.0342],
        [-0.0161,  0.0177],
        [ 0.0042, -0.0037]], device='cuda:0', requires_grad=True)
[021-050] Search: Model metrics  : loss=0.30, accuracy@1=89.52%, accuracy@5=99.74%, time-cost=2484.7 s
[021-050] Search: Architecture metrics  : loss=0.51, accuracy@1=83.14%, accuracy@5=99.20%
[021-050] Evaluation:  : loss=0.51, accuracy@1=83.25%, accuracy@5=99.14%
<<<--->>> The 021-050-th epoch : found the highest validation accuracy : 83.25%.
Benchmark Results for cifar10 -> train: 0.0, valid: 0.0, test: 92.93199263699789
alpha 0 is Parameter containing:
tensor([[-0.0316,  0.0344],
        [-0.0265,  0.0264],
        [ 0.0615, -0.0601],
        [-0.2516,  0.2535],
        [ 0.0206, -0.0211],
        [-0.2461,  0.2448],
        [-0.0990,  0.0993],
        [ 0.1035, -0.1041],
        [ 0.0020, -0.0009],
        [-0.0584,  0.0600],
        [-0.1081,  0.1098],
        [ 0.0388, -0.0374],
        [ 0.1314, -0.1314],
        [ 0.0716, -0.0724]], device='cuda:0', requires_grad=True)
alpha 1 is Parameter containing:
tensor([[ 0.2451, -0.2456],
        [ 0.0187, -0.0191],
        [ 0.2813, -0.2815],
        [ 0.2004, -0.2010],
        [ 0.0020, -0.0016],
        [ 0.2337, -0.2332],
        [ 0.0253, -0.0248],
        [ 0.0969, -0.0971],
        [-0.0388,  0.0402],
        [ 0.2636, -0.2647],
        [ 0.1746, -0.1745],
        [ 0.0348, -0.0341],
        [-0.0143,  0.0158],
        [ 0.0013, -0.0009]], device='cuda:0', requires_grad=True)
[022-050] Search: Model metrics  : loss=0.29, accuracy@1=90.00%, accuracy@5=99.76%, time-cost=2603.5 s
[022-050] Search: Architecture metrics  : loss=0.50, accuracy@1=83.34%, accuracy@5=99.21%
[022-050] Evaluation:  : loss=0.49, accuracy@1=84.03%, accuracy@5=99.18%
<<<--->>> The 022-050-th epoch : found the highest validation accuracy : 84.03%.
Benchmark Results for cifar10 -> train: 0.0, valid: 0.0, test: 92.80806798371944
alpha 0 is Parameter containing:
tensor([[-0.0316,  0.0344],
        [-0.0128,  0.0127],
        [ 0.0776, -0.0762],
        [-0.2408,  0.2427],
        [ 0.0346, -0.0351],
        [-0.2655,  0.2641],
        [-0.0816,  0.0818],
        [ 0.1267, -0.1274],
        [ 0.0279, -0.0268],
        [-0.0578,  0.0594],
        [-0.1232,  0.1249],
        [ 0.0520, -0.0505],
        [ 0.1504, -0.1503],
        [ 0.0770, -0.0778]], device='cuda:0', requires_grad=True)
alpha 1 is Parameter containing:
tensor([[ 0.2461, -0.2466],
        [ 0.0189, -0.0194],
        [ 0.2838, -0.2840],
        [ 0.2061, -0.2067],
        [ 0.0124, -0.0120],
        [ 0.2343, -0.2339],
        [ 0.0186, -0.0180],
        [ 0.0995, -0.0997],
        [-0.0332,  0.0347],
        [ 0.2645, -0.2656],
        [ 0.1756, -0.1755],
        [ 0.0405, -0.0399],
        [ 0.0011,  0.0004],
        [ 0.0126, -0.0122]], device='cuda:0', requires_grad=True)
[023-050] Search: Model metrics  : loss=0.27, accuracy@1=90.29%, accuracy@5=99.82%, time-cost=2720.2 s
[023-050] Search: Architecture metrics  : loss=0.49, accuracy@1=84.08%, accuracy@5=99.11%
[023-050] Evaluation:  : loss=0.49, accuracy@1=83.90%, accuracy@5=99.22%
Benchmark Results for cifar10 -> train: 0.0, valid: 0.0, test: 92.74392892056065
alpha 0 is Parameter containing:
tensor([[-0.0359,  0.0387],
        [-0.0146,  0.0145],
        [ 0.0781, -0.0767],
        [-0.2454,  0.2472],
        [ 0.0468, -0.0473],
        [-0.2970,  0.2956],
        [-0.0736,  0.0738],
        [ 0.1532, -0.1538],
        [ 0.0457, -0.0446],
        [-0.0387,  0.0402],
        [-0.1463,  0.1480],
        [ 0.0611, -0.0597],
        [ 0.1480, -0.1480],
        [ 0.0981, -0.0989]], device='cuda:0', requires_grad=True)
alpha 1 is Parameter containing:
tensor([[ 0.2444, -0.2448],
        [ 0.0281, -0.0285],
        [ 0.2842, -0.2844],
        [ 0.1987, -0.1993],
        [ 0.0107, -0.0103],
        [ 0.2298, -0.2293],
        [ 0.0184, -0.0178],
        [ 0.0993, -0.0995],
        [-0.0339,  0.0353],
        [ 0.2646, -0.2656],
        [ 0.1684, -0.1684],
        [ 0.0417, -0.0411],
        [-0.0012,  0.0027],
        [ 0.0086, -0.0082]], device='cuda:0', requires_grad=True)
[024-050] Search: Model metrics  : loss=0.26, accuracy@1=91.22%, accuracy@5=99.80%, time-cost=2836.8 s
[024-050] Search: Architecture metrics  : loss=0.50, accuracy@1=83.78%, accuracy@5=99.15%
[024-050] Evaluation:  : loss=0.55, accuracy@1=82.52%, accuracy@5=99.08%
Benchmark Results for cifar10 -> train: 0.0, valid: 0.0, test: 92.7594421355648
alpha 0 is Parameter containing:
tensor([[-0.0412,  0.0440],
        [-0.0082,  0.0081],
        [ 0.0972, -0.0958],
        [-0.2368,  0.2386],
        [ 0.0691, -0.0696],
        [-0.3252,  0.3238],
        [-0.0548,  0.0551],
        [ 0.1787, -0.1793],
        [ 0.0606, -0.0596],
        [-0.0291,  0.0307],
        [-0.1660,  0.1677],
        [ 0.0704, -0.0690],
        [ 0.1520, -0.1520],
        [ 0.1149, -0.1157]], device='cuda:0', requires_grad=True)
alpha 1 is Parameter containing:
tensor([[ 0.2438, -0.2443],
        [ 0.0306, -0.0310],
        [ 0.2871, -0.2872],
        [ 0.1998, -0.2004],
        [ 0.0143, -0.0139],
        [ 0.2300, -0.2296],
        [ 0.0182, -0.0177],
        [ 0.1075, -0.1077],
        [-0.0394,  0.0408],
        [ 0.2700, -0.2710],
        [ 0.1726, -0.1725],
        [ 0.0410, -0.0404],
        [ 0.0050, -0.0035],
        [ 0.0058, -0.0054]], device='cuda:0', requires_grad=True)
[025-050] Search: Model metrics  : loss=0.25, accuracy@1=91.24%, accuracy@5=99.85%, time-cost=2947.8 s
[025-050] Search: Architecture metrics  : loss=0.51, accuracy@1=83.98%, accuracy@5=99.13%
[025-050] Evaluation:  : loss=0.52, accuracy@1=83.78%, accuracy@5=99.17%
Benchmark Results for cifar10 -> train: 0.0, valid: 0.0, test: 92.96198332102026
alpha 0 is Parameter containing:
tensor([[-0.0340,  0.0368],
        [-0.0075,  0.0074],
        [ 0.1021, -0.1008],
        [-0.2357,  0.2375],
        [ 0.0807, -0.0812],
        [-0.3549,  0.3535],
        [-0.0382,  0.0384],
        [ 0.2045, -0.2052],
        [ 0.0736, -0.0725],
        [-0.0159,  0.0174],
        [-0.1928,  0.1944],
        [ 0.0787, -0.0773],
        [ 0.1572, -0.1572],
        [ 0.1184, -0.1191]], device='cuda:0', requires_grad=True)
alpha 1 is Parameter containing:
tensor([[ 0.2306, -0.2311],
        [ 0.0184, -0.0188],
        [ 0.2765, -0.2766],
        [ 0.1860, -0.1867],
        [ 0.0121, -0.0117],
        [ 0.2150, -0.2146],
        [ 0.0117, -0.0112],
        [ 0.1156, -0.1158],
        [-0.0456,  0.0470],
        [ 0.2572, -0.2582],
        [ 0.1574, -0.1574],
        [ 0.0457, -0.0451],
        [ 0.0101, -0.0086],
        [ 0.0019, -0.0015]], device='cuda:0', requires_grad=True)
[026-050] Search: Model metrics  : loss=0.24, accuracy@1=91.47%, accuracy@5=99.86%, time-cost=3066.7 s
[026-050] Search: Architecture metrics  : loss=0.50, accuracy@1=84.04%, accuracy@5=99.19%
[026-050] Evaluation:  : loss=0.48, accuracy@1=84.76%, accuracy@5=99.16%
<<<--->>> The 026-050-th epoch : found the highest validation accuracy : 84.76%.
Benchmark Results for cifar10 -> train: 0.0, valid: 0.0, test: 92.42799966558992
alpha 0 is Parameter containing:
tensor([[-0.0288,  0.0315],
        [ 0.0032, -0.0033],
        [ 0.1086, -0.1072],
        [-0.2296,  0.2314],
        [ 0.0970, -0.0975],
        [-0.3839,  0.3826],
        [-0.0118,  0.0120],
        [ 0.2387, -0.2393],
        [ 0.0777, -0.0766],
        [-0.0094,  0.0109],
        [-0.2250,  0.2266],
        [ 0.0920, -0.0906],
        [ 0.1717, -0.1716],
        [ 0.1200, -0.1208]], device='cuda:0', requires_grad=True)
alpha 1 is Parameter containing:
tensor([[ 0.2139, -0.2144],
        [ 0.0115, -0.0120],
        [ 0.2710, -0.2712],
        [ 0.1721, -0.1727],
        [ 0.0197, -0.0193],
        [ 0.2071, -0.2067],
        [ 0.0033, -0.0028],
        [ 0.1271, -0.1273],
        [-0.0415,  0.0429],
        [ 0.2541, -0.2550],
        [ 0.1467, -0.1466],
        [ 0.0549, -0.0543],
        [ 0.0169, -0.0155],
        [ 0.0058, -0.0053]], device='cuda:0', requires_grad=True)
[027-050] Search: Model metrics  : loss=0.23, accuracy@1=92.10%, accuracy@5=99.86%, time-cost=3185.6 s
[027-050] Search: Architecture metrics  : loss=0.51, accuracy@1=84.16%, accuracy@5=99.14%
[027-050] Evaluation:  : loss=0.48, accuracy@1=84.93%, accuracy@5=99.26%
<<<--->>> The 027-050-th epoch : found the highest validation accuracy : 84.93%.
Benchmark Results for cifar10 -> train: 0.0, valid: 0.0, test: 92.79325821886444
alpha 0 is Parameter containing:
tensor([[-0.0222,  0.0250],
        [ 0.0018, -0.0019],
        [ 0.1147, -0.1134],
        [-0.2283,  0.2301],
        [ 0.1166, -0.1171],
        [-0.4147,  0.4134],
        [ 0.0278, -0.0275],
        [ 0.2732, -0.2738],
        [ 0.1026, -0.1015],
        [-0.0054,  0.0070],
        [-0.2533,  0.2549],
        [ 0.1062, -0.1048],
        [ 0.1815, -0.1815],
        [ 0.1316, -0.1323]], device='cuda:0', requires_grad=True)
alpha 1 is Parameter containing:
tensor([[ 2.0546e-01, -2.0590e-01],
        [-1.6687e-03,  1.2514e-03],
        [ 2.6529e-01, -2.6542e-01],
        [ 1.4965e-01, -1.5025e-01],
        [ 8.5786e-03, -8.1552e-03],
        [ 2.0073e-01, -2.0033e-01],
        [-1.2875e-02,  1.3383e-02],
        [ 1.2163e-01, -1.2181e-01],
        [-4.3232e-02,  4.4613e-02],
        [ 2.4938e-01, -2.5027e-01],
        [ 1.2555e-01, -1.2547e-01],
        [ 5.5992e-02, -5.5407e-02],
        [ 1.8780e-02, -1.7336e-02],
        [ 2.3642e-04,  1.8485e-04]], device='cuda:0', requires_grad=True)
[028-050] Search: Model metrics  : loss=0.21, accuracy@1=92.56%, accuracy@5=99.91%, time-cost=3301.9 s
[028-050] Search: Architecture metrics  : loss=0.48, accuracy@1=85.05%, accuracy@5=99.17%
[028-050] Evaluation:  : loss=0.49, accuracy@1=84.57%, accuracy@5=99.23%
Benchmark Results for cifar10 -> train: 0.0, valid: 0.0, test: 92.90838462687121
alpha 0 is Parameter containing:
tensor([[-0.0106,  0.0134],
        [ 0.0024, -0.0025],
        [ 0.1221, -0.1207],
        [-0.2160,  0.2178],
        [ 0.1304, -0.1309],
        [-0.4463,  0.4450],
        [ 0.0528, -0.0525],
        [ 0.2959, -0.2966],
        [ 0.1132, -0.1121],
        [ 0.0048, -0.0033],
        [-0.2845,  0.2861],
        [ 0.1142, -0.1128],
        [ 0.1921, -0.1920],
        [ 0.1478, -0.1486]], device='cuda:0', requires_grad=True)
alpha 1 is Parameter containing:
tensor([[ 0.1931, -0.1935],
        [-0.0065,  0.0061],
        [ 0.2538, -0.2540],
        [ 0.1345, -0.1351],
        [ 0.0169, -0.0165],
        [ 0.1905, -0.1901],
        [-0.0156,  0.0161],
        [ 0.1360, -0.1361],
        [-0.0462,  0.0476],
        [ 0.2389, -0.2398],
        [ 0.1091, -0.1090],
        [ 0.0633, -0.0627],
        [ 0.0262, -0.0248],
        [ 0.0010, -0.0006]], device='cuda:0', requires_grad=True)
[029-050] Search: Model metrics  : loss=0.20, accuracy@1=92.96%, accuracy@5=99.91%, time-cost=3420.8 s
[029-050] Search: Architecture metrics  : loss=0.50, accuracy@1=84.63%, accuracy@5=99.21%
[029-050] Evaluation:  : loss=0.54, accuracy@1=83.81%, accuracy@5=99.32%
Benchmark Results for cifar10 -> train: 0.0, valid: 0.0, test: 92.95680617476886
alpha 0 is Parameter containing:
tensor([[-0.0089,  0.0116],
        [ 0.0109, -0.0110],
        [ 0.1391, -0.1377],
        [-0.2023,  0.2040],
        [ 0.1562, -0.1566],
        [-0.4740,  0.4727],
        [ 0.0843, -0.0841],
        [ 0.3317, -0.3323],
        [ 0.1297, -0.1287],
        [ 0.0028, -0.0012],
        [-0.3015,  0.3031],
        [ 0.1272, -0.1258],
        [ 0.2112, -0.2111],
        [ 0.1694, -0.1702]], device='cuda:0', requires_grad=True)
alpha 1 is Parameter containing:
tensor([[ 0.1920, -0.1924],
        [-0.0130,  0.0126],
        [ 0.2564, -0.2565],
        [ 0.1359, -0.1365],
        [ 0.0326, -0.0321],
        [ 0.1912, -0.1908],
        [-0.0314,  0.0319],
        [ 0.1479, -0.1481],
        [-0.0470,  0.0484],
        [ 0.2432, -0.2441],
        [ 0.1086, -0.1086],
        [ 0.0727, -0.0721],
        [ 0.0384, -0.0370],
        [ 0.0216, -0.0212]], device='cuda:0', requires_grad=True)
[030-050] Search: Model metrics  : loss=0.19, accuracy@1=93.30%, accuracy@5=99.92%, time-cost=3538.4 s
[030-050] Search: Architecture metrics  : loss=0.48, accuracy@1=85.29%, accuracy@5=99.35%
[030-050] Evaluation:  : loss=0.48, accuracy@1=84.98%, accuracy@5=99.31%
<<<--->>> The 030-050-th epoch : found the highest validation accuracy : 84.98%.
Benchmark Results for cifar10 -> train: 0.0, valid: 0.0, test: 92.69495756972633
alpha 0 is Parameter containing:
tensor([[ 0.0015,  0.0013],
        [ 0.0153, -0.0154],
        [ 0.1431, -0.1418],
        [-0.1950,  0.1967],
        [ 0.1697, -0.1702],
        [-0.5018,  0.5005],
        [ 0.0988, -0.0985],
        [ 0.3570, -0.3576],
        [ 0.1405, -0.1394],
        [ 0.0165, -0.0149],
        [-0.3250,  0.3266],
        [ 0.1339, -0.1326],
        [ 0.2099, -0.2099],
        [ 0.1786, -0.1793]], device='cuda:0', requires_grad=True)
alpha 1 is Parameter containing:
tensor([[ 0.1961, -0.1965],
        [-0.0134,  0.0130],
        [ 0.2577, -0.2578],
        [ 0.1308, -0.1314],
        [ 0.0383, -0.0379],
        [ 0.1897, -0.1893],
        [-0.0277,  0.0281],
        [ 0.1625, -0.1627],
        [-0.0246,  0.0260],
        [ 0.2438, -0.2447],
        [ 0.1050, -0.1049],
        [ 0.0817, -0.0811],
        [ 0.0524, -0.0510],
        [ 0.0215, -0.0211]], device='cuda:0', requires_grad=True)
[031-050] Search: Model metrics  : loss=0.18, accuracy@1=93.57%, accuracy@5=99.95%, time-cost=3657.7 s
[031-050] Search: Architecture metrics  : loss=0.49, accuracy@1=84.97%, accuracy@5=99.28%
[031-050] Evaluation:  : loss=0.47, accuracy@1=85.24%, accuracy@5=99.28%
<<<--->>> The 031-050-th epoch : found the highest validation accuracy : 85.24%.
Benchmark Results for cifar10 -> train: 0.0, valid: 0.0, test: 92.79550212175548
alpha 0 is Parameter containing:
tensor([[ 0.0071, -0.0043],
        [ 0.0257, -0.0258],
        [ 0.1617, -0.1603],
        [-0.1727,  0.1744],
        [ 0.1983, -0.1987],
        [-0.5325,  0.5312],
        [ 0.1290, -0.1288],
        [ 0.3995, -0.4001],
        [ 0.1554, -0.1544],
        [ 0.0284, -0.0269],
        [-0.3520,  0.3536],
        [ 0.1603, -0.1589],
        [ 0.2335, -0.2335],
        [ 0.1990, -0.1998]], device='cuda:0', requires_grad=True)
alpha 1 is Parameter containing:
tensor([[ 0.1881, -0.1885],
        [-0.0096,  0.0092],
        [ 0.2492, -0.2494],
        [ 0.1211, -0.1216],
        [ 0.0493, -0.0489],
        [ 0.1786, -0.1782],
        [-0.0329,  0.0334],
        [ 0.1627, -0.1629],
        [-0.0137,  0.0150],
        [ 0.2320, -0.2328],
        [ 0.0954, -0.0953],
        [ 0.0872, -0.0866],
        [ 0.0570, -0.0557],
        [ 0.0199, -0.0195]], device='cuda:0', requires_grad=True)
[032-050] Search: Model metrics  : loss=0.17, accuracy@1=94.04%, accuracy@5=99.93%, time-cost=3776.6 s
[032-050] Search: Architecture metrics  : loss=0.48, accuracy@1=85.37%, accuracy@5=99.29%
[032-050] Evaluation:  : loss=0.53, accuracy@1=84.37%, accuracy@5=99.29%
Benchmark Results for cifar10 -> train: 0.0, valid: 0.0, test: 91.0365080760712
alpha 0 is Parameter containing:
tensor([[ 0.0077, -0.0049],
        [ 0.0296, -0.0297],
        [ 0.1694, -0.1680],
        [-0.1555,  0.1573],
        [ 0.2112, -0.2116],
        [-0.5574,  0.5561],
        [ 0.1616, -0.1614],
        [ 0.4294, -0.4301],
        [ 0.1616, -0.1606],
        [ 0.0418, -0.0403],
        [-0.3730,  0.3745],
        [ 0.1614, -0.1600],
        [ 0.2375, -0.2375],
        [ 0.1930, -0.1938]], device='cuda:0', requires_grad=True)
alpha 1 is Parameter containing:
tensor([[ 0.1869, -0.1873],
        [-0.0091,  0.0086],
        [ 0.2483, -0.2484],
        [ 0.1196, -0.1201],
        [ 0.0473, -0.0469],
        [ 0.1777, -0.1774],
        [-0.0355,  0.0360],
        [ 0.1749, -0.1751],
        [-0.0024,  0.0037],
        [ 0.2316, -0.2324],
        [ 0.0973, -0.0972],
        [ 0.0941, -0.0936],
        [ 0.0552, -0.0538],
        [ 0.0194, -0.0190]], device='cuda:0', requires_grad=True)
[033-050] Search: Model metrics  : loss=0.16, accuracy@1=94.31%, accuracy@5=99.94%, time-cost=3895.5 s
[033-050] Search: Architecture metrics  : loss=0.50, accuracy@1=84.88%, accuracy@5=99.24%
[033-050] Evaluation:  : loss=0.49, accuracy@1=85.59%, accuracy@5=99.27%
<<<--->>> The 033-050-th epoch : found the highest validation accuracy : 85.59%.
Benchmark Results for cifar10 -> train: 0.0, valid: 0.0, test: 91.42792634986832
alpha 0 is Parameter containing:
tensor([[ 0.0136, -0.0109],
        [ 0.0364, -0.0365],
        [ 0.1805, -0.1791],
        [-0.1389,  0.1407],
        [ 0.2335, -0.2340],
        [-0.5861,  0.5848],
        [ 0.1907, -0.1904],
        [ 0.4550, -0.4557],
        [ 0.1827, -0.1816],
        [ 0.0560, -0.0545],
        [-0.3961,  0.3976],
        [ 0.1743, -0.1730],
        [ 0.2423, -0.2422],
        [ 0.1981, -0.1988]], device='cuda:0', requires_grad=True)
alpha 1 is Parameter containing:
tensor([[ 0.1819, -0.1823],
        [-0.0136,  0.0132],
        [ 0.2483, -0.2484],
        [ 0.1116, -0.1121],
        [ 0.0400, -0.0396],
        [ 0.1783, -0.1780],
        [-0.0366,  0.0371],
        [ 0.1818, -0.1820],
        [ 0.0106, -0.0093],
        [ 0.2311, -0.2319],
        [ 0.0916, -0.0915],
        [ 0.0962, -0.0956],
        [ 0.0555, -0.0541],
        [ 0.0116, -0.0112]], device='cuda:0', requires_grad=True)
[034-050] Search: Model metrics  : loss=0.16, accuracy@1=94.47%, accuracy@5=99.96%, time-cost=4014.1 s
[034-050] Search: Architecture metrics  : loss=0.51, accuracy@1=85.02%, accuracy@5=99.36%
[034-050] Evaluation:  : loss=0.49, accuracy@1=85.52%, accuracy@5=99.36%
Benchmark Results for cifar10 -> train: 0.0, valid: 0.0, test: 91.54987461015831
alpha 0 is Parameter containing:
tensor([[ 0.0170, -0.0142],
        [ 0.0538, -0.0539],
        [ 0.1834, -0.1821],
        [-0.1204,  0.1221],
        [ 0.2448, -0.2453],
        [-0.6221,  0.6209],
        [ 0.2192, -0.2189],
        [ 0.4771, -0.4777],
        [ 0.1978, -0.1967],
        [ 0.0736, -0.0721],
        [-0.4265,  0.4281],
        [ 0.1875, -0.1861],
        [ 0.2524, -0.2524],
        [ 0.2248, -0.2256]], device='cuda:0', requires_grad=True)
alpha 1 is Parameter containing:
tensor([[ 0.1696, -0.1700],
        [-0.0103,  0.0099],
        [ 0.2378, -0.2379],
        [ 0.0963, -0.0968],
        [ 0.0422, -0.0417],
        [ 0.1646, -0.1643],
        [-0.0330,  0.0334],
        [ 0.1836, -0.1838],
        [ 0.0197, -0.0184],
        [ 0.2180, -0.2187],
        [ 0.0738, -0.0737],
        [ 0.1082, -0.1076],
        [ 0.0726, -0.0712],
        [ 0.0103, -0.0099]], device='cuda:0', requires_grad=True)
[035-050] Search: Model metrics  : loss=0.15, accuracy@1=94.74%, accuracy@5=99.94%, time-cost=4128.9 s
[035-050] Search: Architecture metrics  : loss=0.51, accuracy@1=85.27%, accuracy@5=99.22%
[035-050] Evaluation:  : loss=0.48, accuracy@1=85.66%, accuracy@5=99.31%
<<<--->>> The 035-050-th epoch : found the highest validation accuracy : 85.66%.
Benchmark Results for cifar10 -> train: 0.0, valid: 0.0, test: 91.68874968396062
alpha 0 is Parameter containing:
tensor([[ 0.0267, -0.0240],
        [ 0.0627, -0.0628],
        [ 0.1890, -0.1877],
        [-0.0894,  0.0912],
        [ 0.2568, -0.2572],
        [-0.6529,  0.6517],
        [ 0.2489, -0.2486],
        [ 0.5095, -0.5101],
        [ 0.2163, -0.2152],
        [ 0.0955, -0.0940],
        [-0.4522,  0.4538],
        [ 0.2071, -0.2057],
        [ 0.2564, -0.2564],
        [ 0.2308, -0.2315]], device='cuda:0', requires_grad=True)
alpha 1 is Parameter containing:
tensor([[ 0.1750, -0.1754],
        [-0.0196,  0.0192],
        [ 0.2535, -0.2536],
        [ 0.0826, -0.0832],
        [ 0.0447, -0.0443],
        [ 0.1813, -0.1809],
        [-0.0272,  0.0277],
        [ 0.1807, -0.1809],
        [ 0.0127, -0.0114],
        [ 0.2371, -0.2378],
        [ 0.0660, -0.0659],
        [ 0.1079, -0.1074],
        [ 0.0659, -0.0645],
        [ 0.0113, -0.0109]], device='cuda:0', requires_grad=True)
[036-050] Search: Model metrics  : loss=0.13, accuracy@1=95.38%, accuracy@5=99.96%, time-cost=4248.0 s
[036-050] Search: Architecture metrics  : loss=0.49, accuracy@1=85.87%, accuracy@5=99.27%
[036-050] Evaluation:  : loss=0.48, accuracy@1=85.98%, accuracy@5=99.30%
<<<--->>> The 036-050-th epoch : found the highest validation accuracy : 85.98%.
Benchmark Results for cifar10 -> train: 0.0, valid: 0.0, test: 91.46446485042881
alpha 0 is Parameter containing:
tensor([[ 0.0306, -0.0279],
        [ 0.0741, -0.0742],
        [ 0.1899, -0.1886],
        [-0.0778,  0.0795],
        [ 0.2676, -0.2680],
        [-0.6811,  0.6799],
        [ 0.2750, -0.2748],
        [ 0.5340, -0.5346],
        [ 0.2299, -0.2288],
        [ 0.1175, -0.1160],
        [-0.4775,  0.4790],
        [ 0.2214, -0.2200],
        [ 0.2603, -0.2602],
        [ 0.2477, -0.2484]], device='cuda:0', requires_grad=True)
alpha 1 is Parameter containing:
tensor([[ 0.1548, -0.1552],
        [-0.0292,  0.0288],
        [ 0.2343, -0.2344],
        [ 0.0587, -0.0592],
        [ 0.0365, -0.0361],
        [ 0.1627, -0.1623],
        [-0.0388,  0.0393],
        [ 0.1701, -0.1702],
        [ 0.0120, -0.0107],
        [ 0.2185, -0.2192],
        [ 0.0419, -0.0418],
        [ 0.1042, -0.1037],
        [ 0.0617, -0.0604],
        [ 0.0117, -0.0113]], device='cuda:0', requires_grad=True)
[037-050] Search: Model metrics  : loss=0.12, accuracy@1=95.70%, accuracy@5=99.96%, time-cost=4366.5 s
[037-050] Search: Architecture metrics  : loss=0.51, accuracy@1=85.62%, accuracy@5=99.30%
[037-050] Evaluation:  : loss=0.47, accuracy@1=86.26%, accuracy@5=99.31%
<<<--->>> The 037-050-th epoch : found the highest validation accuracy : 86.26%.
Benchmark Results for cifar10 -> train: 0.0, valid: 0.0, test: 91.63379131228314
alpha 0 is Parameter containing:
tensor([[ 0.0335, -0.0307],
        [ 0.0781, -0.0781],
        [ 0.1989, -0.1976],
        [-0.0547,  0.0565],
        [ 0.2906, -0.2910],
        [-0.7069,  0.7057],
        [ 0.3030, -0.3028],
        [ 0.5696, -0.5702],
        [ 0.2391, -0.2381],
        [ 0.1306, -0.1291],
        [-0.4950,  0.4965],
        [ 0.2389, -0.2376],
        [ 0.2630, -0.2630],
        [ 0.2620, -0.2627]], device='cuda:0', requires_grad=True)
alpha 1 is Parameter containing:
tensor([[ 0.1447, -0.1451],
        [-0.0257,  0.0254],
        [ 0.2282, -0.2283],
        [ 0.0476, -0.0481],
        [ 0.0302, -0.0298],
        [ 0.1571, -0.1568],
        [-0.0406,  0.0411],
        [ 0.1624, -0.1626],
        [ 0.0034, -0.0021],
        [ 0.2127, -0.2134],
        [ 0.0350, -0.0349],
        [ 0.1042, -0.1036],
        [ 0.0657, -0.0644],
        [ 0.0257, -0.0253]], device='cuda:0', requires_grad=True)
[038-050] Search: Model metrics  : loss=0.12, accuracy@1=95.97%, accuracy@5=99.98%, time-cost=4482.7 s
[038-050] Search: Architecture metrics  : loss=0.48, accuracy@1=86.15%, accuracy@5=99.36%
[038-050] Evaluation:  : loss=0.49, accuracy@1=85.85%, accuracy@5=99.43%
Benchmark Results for cifar10 -> train: 0.0, valid: 0.0, test: 91.68383662329819
alpha 0 is Parameter containing:
tensor([[ 0.0378, -0.0351],
        [ 0.0821, -0.0822],
        [ 0.1936, -0.1923],
        [-0.0394,  0.0412],
        [ 0.3121, -0.3125],
        [-0.7339,  0.7327],
        [ 0.3277, -0.3275],
        [ 0.5826, -0.5832],
        [ 0.2470, -0.2460],
        [ 0.1401, -0.1386],
        [-0.5212,  0.5227],
        [ 0.2454, -0.2440],
        [ 0.2835, -0.2835],
        [ 0.2687, -0.2694]], device='cuda:0', requires_grad=True)
alpha 1 is Parameter containing:
tensor([[ 0.1276, -0.1280],
        [-0.0217,  0.0213],
        [ 0.2115, -0.2116],
        [ 0.0329, -0.0334],
        [ 0.0324, -0.0320],
        [ 0.1447, -0.1443],
        [-0.0342,  0.0347],
        [ 0.1649, -0.1651],
        [ 0.0026, -0.0013],
        [ 0.2033, -0.2040],
        [ 0.0223, -0.0223],
        [ 0.1097, -0.1092],
        [ 0.0779, -0.0766],
        [ 0.0293, -0.0289]], device='cuda:0', requires_grad=True)
[039-050] Search: Model metrics  : loss=0.10, accuracy@1=96.41%, accuracy@5=99.98%, time-cost=4601.4 s
[039-050] Search: Architecture metrics  : loss=0.50, accuracy@1=85.99%, accuracy@5=99.38%
[039-050] Evaluation:  : loss=0.47, accuracy@1=86.64%, accuracy@5=99.35%
<<<--->>> The 039-050-th epoch : found the highest validation accuracy : 86.64%.
Benchmark Results for cifar10 -> train: 0.0, valid: 0.0, test: 91.0169638268452
alpha 0 is Parameter containing:
tensor([[ 0.0522, -0.0495],
        [ 0.0867, -0.0868],
        [ 0.2039, -0.2026],
        [-0.0113,  0.0131],
        [ 0.3329, -0.3334],
        [-0.7568,  0.7556],
        [ 0.3471, -0.3469],
        [ 0.6024, -0.6030],
        [ 0.2613, -0.2602],
        [ 0.1536, -0.1521],
        [-0.5433,  0.5447],
        [ 0.2490, -0.2477],
        [ 0.2866, -0.2866],
        [ 0.2766, -0.2773]], device='cuda:0', requires_grad=True)
alpha 1 is Parameter containing:
tensor([[ 1.1913e-01, -1.1952e-01],
        [-1.8935e-02,  1.8546e-02],
        [ 2.1134e-01, -2.1144e-01],
        [ 2.5041e-02, -2.5544e-02],
        [ 3.0655e-02, -3.0260e-02],
        [ 1.4675e-01, -1.4642e-01],
        [-3.3755e-02,  3.4210e-02],
        [ 1.7881e-01, -1.7897e-01],
        [ 1.3988e-03, -1.3457e-04],
        [ 2.0799e-01, -2.0868e-01],
        [ 1.3977e-02, -1.3920e-02],
        [ 1.1361e-01, -1.1309e-01],
        [ 7.7757e-02, -7.6454e-02],
        [ 3.2192e-02, -3.1817e-02]], device='cuda:0', requires_grad=True)
[040-050] Search: Model metrics  : loss=0.10, accuracy@1=96.46%, accuracy@5=99.98%, time-cost=4716.3 s
[040-050] Search: Architecture metrics  : loss=0.52, accuracy@1=85.58%, accuracy@5=99.27%
[040-050] Evaluation:  : loss=0.48, accuracy@1=86.84%, accuracy@5=99.31%
<<<--->>> The 040-050-th epoch : found the highest validation accuracy : 86.84%.
Benchmark Results for cifar10 -> train: 0.0, valid: 0.0, test: 91.55691707728356
alpha 0 is Parameter containing:
tensor([[ 0.0476, -0.0449],
        [ 0.0858, -0.0859],
        [ 0.2070, -0.2057],
        [ 0.0185, -0.0168],
        [ 0.3497, -0.3501],
        [-0.7834,  0.7822],
        [ 0.3728, -0.3725],
        [ 0.6151, -0.6158],
        [ 0.2791, -0.2781],
        [ 0.1729, -0.1714],
        [-0.5659,  0.5674],
        [ 0.2643, -0.2629],
        [ 0.2920, -0.2919],
        [ 0.2853, -0.2861]], device='cuda:0', requires_grad=True)
alpha 1 is Parameter containing:
tensor([[ 0.1099, -0.1103],
        [-0.0121,  0.0117],
        [ 0.2083, -0.2084],
        [ 0.0307, -0.0312],
        [ 0.0081, -0.0077],
        [ 0.1403, -0.1400],
        [-0.0219,  0.0224],
        [ 0.1673, -0.1674],
        [-0.0059,  0.0072],
        [ 0.2033, -0.2040],
        [ 0.0195, -0.0195],
        [ 0.1034, -0.1029],
        [ 0.0776, -0.0763],
        [ 0.0194, -0.0190]], device='cuda:0', requires_grad=True)
[041-050] Search: Model metrics  : loss=0.09, accuracy@1=96.89%, accuracy@5=99.99%, time-cost=4834.2 s
[041-050] Search: Architecture metrics  : loss=0.50, accuracy@1=86.21%, accuracy@5=99.32%
[041-050] Evaluation:  : loss=0.47, accuracy@1=86.78%, accuracy@5=99.38%
Benchmark Results for cifar10 -> train: 0.0, valid: 0.0, test: 91.69720593604346
alpha 0 is Parameter containing:
tensor([[ 0.0520, -0.0493],
        [ 0.1016, -0.1017],
        [ 0.2134, -0.2121],
        [ 0.0372, -0.0354],
        [ 0.3626, -0.3631],
        [-0.8148,  0.8136],
        [ 0.4007, -0.4005],
        [ 0.6441, -0.6447],
        [ 0.3037, -0.3027],
        [ 0.1809, -0.1795],
        [-0.5844,  0.5858],
        [ 0.2777, -0.2764],
        [ 0.2961, -0.2961],
        [ 0.2894, -0.2901]], device='cuda:0', requires_grad=True)
alpha 1 is Parameter containing:
tensor([[ 0.1070, -0.1073],
        [-0.0083,  0.0079],
        [ 0.2090, -0.2092],
        [ 0.0238, -0.0243],
        [ 0.0092, -0.0088],
        [ 0.1412, -0.1409],
        [-0.0209,  0.0213],
        [ 0.1685, -0.1687],
        [-0.0073,  0.0085],
        [ 0.2079, -0.2085],
        [ 0.0168, -0.0167],
        [ 0.1086, -0.1080],
        [ 0.0802, -0.0789],
        [ 0.0250, -0.0246]], device='cuda:0', requires_grad=True)
[042-050] Search: Model metrics  : loss=0.09, accuracy@1=97.14%, accuracy@5=99.98%, time-cost=4951.6 s
[042-050] Search: Architecture metrics  : loss=0.49, accuracy@1=86.24%, accuracy@5=99.36%
[042-050] Evaluation:  : loss=0.48, accuracy@1=86.88%, accuracy@5=99.41%
<<<--->>> The 042-050-th epoch : found the highest validation accuracy : 86.88%.
Benchmark Results for cifar10 -> train: 0.0, valid: 0.0, test: 91.80361847266283
alpha 0 is Parameter containing:
tensor([[ 0.0408, -0.0381],
        [ 0.0988, -0.0989],
        [ 0.2145, -0.2131],
        [ 0.0516, -0.0498],
        [ 0.3685, -0.3689],
        [-0.8456,  0.8444],
        [ 0.4189, -0.4187],
        [ 0.6691, -0.6697],
        [ 0.3051, -0.3040],
        [ 0.1869, -0.1855],
        [-0.6031,  0.6046],
        [ 0.2831, -0.2818],
        [ 0.3055, -0.3054],
        [ 0.2929, -0.2936]], device='cuda:0', requires_grad=True)
alpha 1 is Parameter containing:
tensor([[ 0.0955, -0.0959],
        [-0.0153,  0.0149],
        [ 0.1985, -0.1986],
        [ 0.0006, -0.0010],
        [-0.0055,  0.0059],
        [ 0.1335, -0.1332],
        [-0.0339,  0.0343],
        [ 0.1680, -0.1682],
        [-0.0052,  0.0065],
        [ 0.1992, -0.1998],
        [-0.0026,  0.0027],
        [ 0.1093, -0.1087],
        [ 0.0826, -0.0813],
        [ 0.0267, -0.0263]], device='cuda:0', requires_grad=True)
[043-050] Search: Model metrics  : loss=0.08, accuracy@1=97.16%, accuracy@5=99.99%, time-cost=5069.9 s
[043-050] Search: Architecture metrics  : loss=0.49, accuracy@1=86.66%, accuracy@5=99.35%
[043-050] Evaluation:  : loss=0.48, accuracy@1=86.75%, accuracy@5=99.36%
Benchmark Results for cifar10 -> train: 0.0, valid: 0.0, test: 91.70602210682158
alpha 0 is Parameter containing:
tensor([[ 0.0333, -0.0306],
        [ 0.0952, -0.0953],
        [ 0.2155, -0.2142],
        [ 0.0586, -0.0569],
        [ 0.3844, -0.3849],
        [-0.8675,  0.8664],
        [ 0.4466, -0.4463],
        [ 0.6917, -0.6923],
        [ 0.3265, -0.3255],
        [ 0.1977, -0.1962],
        [-0.6258,  0.6272],
        [ 0.2983, -0.2970],
        [ 0.3127, -0.3126],
        [ 0.2992, -0.3000]], device='cuda:0', requires_grad=True)
alpha 1 is Parameter containing:
tensor([[ 0.0860, -0.0863],
        [-0.0196,  0.0192],
        [ 0.1908, -0.1909],
        [-0.0123,  0.0118],
        [-0.0002,  0.0006],
        [ 0.1261, -0.1258],
        [-0.0316,  0.0321],
        [ 0.1727, -0.1729],
        [-0.0044,  0.0056],
        [ 0.1945, -0.1952],
        [-0.0098,  0.0099],
        [ 0.1223, -0.1218],
        [ 0.0809, -0.0796],
        [ 0.0373, -0.0369]], device='cuda:0', requires_grad=True)
[044-050] Search: Model metrics  : loss=0.08, accuracy@1=97.23%, accuracy@5=99.99%, time-cost=5188.8 s
[044-050] Search: Architecture metrics  : loss=0.48, accuracy@1=86.63%, accuracy@5=99.41%
[044-050] Evaluation:  : loss=0.49, accuracy@1=86.60%, accuracy@5=99.42%
Benchmark Results for cifar10 -> train: 0.0, valid: 0.0, test: 91.65982257127843
alpha 0 is Parameter containing:
tensor([[ 0.0436, -0.0409],
        [ 0.0917, -0.0918],
        [ 0.2224, -0.2211],
        [ 0.0723, -0.0705],
        [ 0.4062, -0.4066],
        [-0.8982,  0.8971],
        [ 0.4661, -0.4659],
        [ 0.7028, -0.7034],
        [ 0.3472, -0.3461],
        [ 0.2178, -0.2164],
        [-0.6380,  0.6394],
        [ 0.3149, -0.3136],
        [ 0.3201, -0.3201],
        [ 0.2967, -0.2974]], device='cuda:0', requires_grad=True)
alpha 1 is Parameter containing:
tensor([[ 0.0703, -0.0706],
        [-0.0263,  0.0260],
        [ 0.1847, -0.1848],
        [-0.0192,  0.0188],
        [-0.0026,  0.0030],
        [ 0.1213, -0.1210],
        [-0.0320,  0.0324],
        [ 0.1769, -0.1771],
        [-0.0058,  0.0071],
        [ 0.1909, -0.1915],
        [-0.0191,  0.0191],
        [ 0.1183, -0.1178],
        [ 0.0804, -0.0792],
        [ 0.0313, -0.0309]], device='cuda:0', requires_grad=True)
[045-050] Search: Model metrics  : loss=0.08, accuracy@1=97.27%, accuracy@5=100.00%, time-cost=5307.6 s
[045-050] Search: Architecture metrics  : loss=0.50, accuracy@1=86.19%, accuracy@5=99.40%
[045-050] Evaluation:  : loss=0.47, accuracy@1=87.02%, accuracy@5=99.39%
<<<--->>> The 045-050-th epoch : found the highest validation accuracy : 87.02%.
Benchmark Results for cifar10 -> train: 0.0, valid: 0.0, test: 91.11052471773678
alpha 0 is Parameter containing:
tensor([[ 0.0445, -0.0419],
        [ 0.1011, -0.1012],
        [ 0.2439, -0.2426],
        [ 0.0940, -0.0923],
        [ 0.4303, -0.4308],
        [-0.9191,  0.9180],
        [ 0.4958, -0.4956],
        [ 0.7202, -0.7208],
        [ 0.3658, -0.3648],
        [ 0.2207, -0.2192],
        [-0.6677,  0.6691],
        [ 0.3280, -0.3267],
        [ 0.3226, -0.3225],
        [ 0.3117, -0.3125]], device='cuda:0', requires_grad=True)
alpha 1 is Parameter containing:
tensor([[ 5.8415e-02, -5.8795e-02],
        [-3.2463e-02,  3.2084e-02],
        [ 1.7392e-01, -1.7402e-01],
        [-3.4383e-02,  3.3914e-02],
        [-3.9509e-03,  4.3358e-03],
        [ 1.1250e-01, -1.1220e-01],
        [-4.1747e-02,  4.2184e-02],
        [ 1.7745e-01, -1.7760e-01],
        [ 1.1743e-03,  4.5987e-05],
        [ 1.8538e-01, -1.8599e-01],
        [-3.0597e-02,  3.0648e-02],
        [ 1.2351e-01, -1.2301e-01],
        [ 9.0334e-02, -8.9083e-02],
        [ 3.0944e-02, -3.0585e-02]], device='cuda:0', requires_grad=True)
[046-050] Search: Model metrics  : loss=0.07, accuracy@1=97.66%, accuracy@5=99.99%, time-cost=5426.3 s
[046-050] Search: Architecture metrics  : loss=0.51, accuracy@1=86.09%, accuracy@5=99.27%
[046-050] Evaluation:  : loss=0.48, accuracy@1=86.90%, accuracy@5=99.44%
Benchmark Results for cifar10 -> train: 0.0, valid: 0.0, test: 90.59024982110854
alpha 0 is Parameter containing:
tensor([[ 0.0380, -0.0354],
        [ 0.1046, -0.1047],
        [ 0.2332, -0.2319],
        [ 0.1084, -0.1067],
        [ 0.4406, -0.4411],
        [-0.9454,  0.9443],
        [ 0.5235, -0.5233],
        [ 0.7317, -0.7323],
        [ 0.3736, -0.3726],
        [ 0.2226, -0.2212],
        [-0.6982,  0.6996],
        [ 0.3439, -0.3426],
        [ 0.3159, -0.3159],
        [ 0.3111, -0.3118]], device='cuda:0', requires_grad=True)
alpha 1 is Parameter containing:
tensor([[ 0.0567, -0.0571],
        [-0.0208,  0.0204],
        [ 0.1742, -0.1743],
        [-0.0374,  0.0370],
        [-0.0068,  0.0072],
        [ 0.1105, -0.1102],
        [-0.0365,  0.0369],
        [ 0.1795, -0.1797],
        [ 0.0017, -0.0005],
        [ 0.1858, -0.1864],
        [-0.0289,  0.0290],
        [ 0.1220, -0.1215],
        [ 0.0921, -0.0908],
        [ 0.0235, -0.0231]], device='cuda:0', requires_grad=True)
[047-050] Search: Model metrics  : loss=0.07, accuracy@1=97.63%, accuracy@5=100.00%, time-cost=5545.0 s
[047-050] Search: Architecture metrics  : loss=0.52, accuracy@1=85.87%, accuracy@5=99.42%
[047-050] Evaluation:  : loss=0.48, accuracy@1=86.95%, accuracy@5=99.41%
Benchmark Results for cifar10 -> train: 0.0, valid: 0.0, test: 90.20671206634493
alpha 0 is Parameter containing:
tensor([[ 0.0344, -0.0317],
        [ 0.0998, -0.0999],
        [ 0.2251, -0.2238],
        [ 0.1199, -0.1182],
        [ 0.4519, -0.4524],
        [-0.9633,  0.9622],
        [ 0.5365, -0.5363],
        [ 0.7531, -0.7537],
        [ 0.3892, -0.3882],
        [ 0.2395, -0.2380],
        [-0.7190,  0.7204],
        [ 0.3525, -0.3512],
        [ 0.3192, -0.3192],
        [ 0.3113, -0.3120]], device='cuda:0', requires_grad=True)
alpha 1 is Parameter containing:
tensor([[ 0.0482, -0.0486],
        [-0.0287,  0.0283],
        [ 0.1653, -0.1654],
        [-0.0484,  0.0479],
        [-0.0169,  0.0173],
        [ 0.1008, -0.1005],
        [-0.0484,  0.0488],
        [ 0.1754, -0.1756],
        [ 0.0019, -0.0007],
        [ 0.1816, -0.1822],
        [-0.0348,  0.0348],
        [ 0.1213, -0.1208],
        [ 0.0910, -0.0898],
        [ 0.0215, -0.0211]], device='cuda:0', requires_grad=True)
[048-050] Search: Model metrics  : loss=0.07, accuracy@1=97.80%, accuracy@5=100.00%, time-cost=5663.4 s
[048-050] Search: Architecture metrics  : loss=0.50, accuracy@1=86.61%, accuracy@5=99.25%
[048-050] Evaluation:  : loss=0.48, accuracy@1=86.88%, accuracy@5=99.37%
Benchmark Results for cifar10 -> train: 0.0, valid: 0.0, test: 90.48623614228487
alpha 0 is Parameter containing:
tensor([[ 0.0339, -0.0312],
        [ 0.0923, -0.0924],
        [ 0.2234, -0.2221],
        [ 0.1294, -0.1276],
        [ 0.4543, -0.4548],
        [-1.0044,  1.0033],
        [ 0.5508, -0.5506],
        [ 0.7521, -0.7527],
        [ 0.4016, -0.4006],
        [ 0.2544, -0.2529],
        [-0.7314,  0.7328],
        [ 0.3541, -0.3528],
        [ 0.3130, -0.3130],
        [ 0.3124, -0.3131]], device='cuda:0', requires_grad=True)
alpha 1 is Parameter containing:
tensor([[ 0.0428, -0.0432],
        [-0.0293,  0.0290],
        [ 0.1650, -0.1651],
        [-0.0599,  0.0594],
        [-0.0219,  0.0223],
        [ 0.0982, -0.0980],
        [-0.0541,  0.0545],
        [ 0.1764, -0.1766],
        [-0.0053,  0.0065],
        [ 0.1753, -0.1759],
        [-0.0473,  0.0474],
        [ 0.1254, -0.1249],
        [ 0.0932, -0.0919],
        [ 0.0167, -0.0164]], device='cuda:0', requires_grad=True)
[049-050] Search: Model metrics  : loss=0.07, accuracy@1=97.70%, accuracy@5=99.99%, time-cost=5782.1 s
[049-050] Search: Architecture metrics  : loss=0.50, accuracy@1=86.43%, accuracy@5=99.41%
[049-050] Evaluation:  : loss=0.48, accuracy@1=87.08%, accuracy@5=99.36%
<<<--->>> The 049-050-th epoch : found the highest validation accuracy : 87.08%.
Benchmark Results for cifar10 -> train: 0.0, valid: 0.0, test: 90.63799353532207
alpha 0 is Parameter containing:
tensor([[ 0.0405, -0.0379],
        [ 0.1024, -0.1025],
        [ 0.2222, -0.2210],
        [ 0.1504, -0.1487],
        [ 0.4695, -0.4699],
        [-1.0269,  1.0258],
        [ 0.5659, -0.5657],
        [ 0.7684, -0.7690],
        [ 0.4137, -0.4127],
        [ 0.2666, -0.2651],
        [-0.7454,  0.7467],
        [ 0.3697, -0.3684],
        [ 0.3172, -0.3172],
        [ 0.3080, -0.3087]], device='cuda:0', requires_grad=True)
alpha 1 is Parameter containing:
tensor([[ 0.0380, -0.0384],
        [-0.0331,  0.0328],
        [ 0.1647, -0.1648],
        [-0.0670,  0.0665],
        [-0.0212,  0.0216],
        [ 0.0995, -0.0992],
        [-0.0535,  0.0539],
        [ 0.1781, -0.1782],
        [-0.0012,  0.0024],
        [ 0.1727, -0.1733],
        [-0.0535,  0.0535],
        [ 0.1274, -0.1269],
        [ 0.0879, -0.0867],
        [ 0.0139, -0.0135]], device='cuda:0', requires_grad=True)
[050-050] Search: Model metrics  : loss=0.07, accuracy@1=97.81%, accuracy@5=99.98%, time-cost=5900.9 s
[050-050] Search: Architecture metrics  : loss=0.50, accuracy@1=86.36%, accuracy@5=99.36%
[050-050] Evaluation:  : loss=0.48, accuracy@1=86.95%, accuracy@5=99.44%
Benchmark Results for cifar10 -> train: 0.0, valid: 0.0, test: 90.68826996588092
alpha 0 is Parameter containing:
tensor([[ 0.0351, -0.0324],
        [ 0.1088, -0.1089],
        [ 0.2247, -0.2234],
        [ 0.1757, -0.1740],
        [ 0.4766, -0.4770],
        [-1.0450,  1.0439],
        [ 0.5782, -0.5780],
        [ 0.7772, -0.7778],
        [ 0.4262, -0.4252],
        [ 0.2772, -0.2758],
        [-0.7717,  0.7731],
        [ 0.3804, -0.3791],
        [ 0.3242, -0.3242],
        [ 0.3027, -0.3034]], device='cuda:0', requires_grad=True)
alpha 1 is Parameter containing:
tensor([[ 0.0237, -0.0241],
        [-0.0410,  0.0406],
        [ 0.1579, -0.1580],
        [-0.0786,  0.0781],
        [-0.0242,  0.0246],
        [ 0.0921, -0.0918],
        [-0.0590,  0.0594],
        [ 0.1786, -0.1788],
        [-0.0055,  0.0067],
        [ 0.1656, -0.1661],
        [-0.0665,  0.0666],
        [ 0.1331, -0.1326],
        [ 0.0856, -0.0844],
        [ 0.0081, -0.0078]], device='cuda:0', requires_grad=True)
