[001-050] Search: Model metrics  : loss=1.62, accuracy@1=39.29%, accuracy@5=88.61%, time-cost=160.2 s
[001-050] Search: Architecture metrics  : loss=1.63, accuracy@1=39.00%, accuracy@5=88.38%
[001-050] Evaluation:  : loss=1.45, accuracy@1=47.71%, accuracy@5=92.22%
<<<--->>> The 001-050-th epoch : found the highest validation accuracy : 47.71%.
Benchmark Results for cifar10 -> train: 0.0, valid: 0.0, test: 94.1027538918796
alpha 0 is Parameter containing:
tensor([[ 0.0171, -0.0174,  0.0090],
        [ 0.0085, -0.0090,  0.0042],
        [ 0.0173, -0.0122,  0.0052],
        [ 0.0106, -0.0165,  0.0070],
        [ 0.0086, -0.0224,  0.0131],
        [ 0.0168, -0.0170,  0.0080],
        [ 0.0211, -0.0124, -0.0019],
        [ 0.0171, -0.0201,  0.0098],
        [ 0.0101, -0.0250,  0.0186],
        [ 0.0103, -0.0263,  0.0186],
        [-0.0026, -0.0216,  0.0216],
        [ 0.0113, -0.0194,  0.0089],
        [ 0.0164, -0.0245,  0.0125],
        [ 0.0246, -0.0310,  0.0173]], device='cuda:0', requires_grad=True)
alpha 1 is Parameter containing:
tensor([[-0.0054,  0.0056, -0.0011],
        [ 0.0094,  0.0004, -0.0032],
        [ 0.0057, -0.0094,  0.0074],
        [-0.0079, -0.0141,  0.0142],
        [ 0.0024, -0.0090,  0.0040],
        [-0.0012, -0.0103,  0.0085],
        [-0.0014, -0.0007,  0.0047],
        [ 0.0063,  0.0046, -0.0068],
        [-0.0035, -0.0111,  0.0134],
        [-0.0028,  0.0065, -0.0053],
        [ 0.0159, -0.0064, -0.0075],
        [ 0.0042,  0.0016, -0.0048],
        [-0.0025, -0.0165,  0.0127],
        [-0.0103,  0.0023,  0.0065]], device='cuda:0', requires_grad=True)
[002-050] Search: Model metrics  : loss=1.19, accuracy@1=56.81%, accuracy@5=95.18%, time-cost=312.6 s
[002-050] Search: Architecture metrics  : loss=1.20, accuracy@1=56.51%, accuracy@5=94.93%
[002-050] Evaluation:  : loss=1.08, accuracy@1=61.77%, accuracy@5=96.00%
<<<--->>> The 002-050-th epoch : found the highest validation accuracy : 61.77%.
Benchmark Results for cifar10 -> train: 0.0, valid: 0.0, test: 93.98420093901007
alpha 0 is Parameter containing:
tensor([[ 0.0282, -0.0433,  0.0308],
        [ 0.0051, -0.0279,  0.0241],
        [ 0.0145, -0.0325,  0.0288],
        [ 0.0280, -0.0309,  0.0084],
        [ 0.0052, -0.0416,  0.0286],
        [ 0.0209, -0.0315,  0.0209],
        [ 0.0414, -0.0271, -0.0014],
        [ 0.0161, -0.0401,  0.0259],
        [ 0.0187, -0.0410,  0.0267],
        [ 0.0272, -0.0339,  0.0156],
        [ 0.0186, -0.0342,  0.0210],
        [ 0.0133, -0.0310,  0.0169],
        [ 0.0341, -0.0336,  0.0110],
        [ 0.0391, -0.0654,  0.0431]], device='cuda:0', requires_grad=True)
alpha 1 is Parameter containing:
tensor([[ 0.0041,  0.0105, -0.0111],
        [ 0.0089, -0.0184,  0.0145],
        [ 0.0005, -0.0130,  0.0138],
        [-0.0141, -0.0236,  0.0258],
        [ 0.0099, -0.0126,  0.0028],
        [-0.0040, -0.0218,  0.0208],
        [ 0.0039, -0.0063,  0.0067],
        [-0.0056, -0.0054,  0.0059],
        [-0.0053, -0.0147,  0.0173],
        [ 0.0021,  0.0003, -0.0018],
        [ 0.0145, -0.0139,  0.0005],
        [ 0.0328,  0.0083, -0.0250],
        [-0.0113, -0.0185,  0.0194],
        [-0.0207,  0.0059,  0.0094]], device='cuda:0', requires_grad=True)
[003-050] Search: Model metrics  : loss=0.98, accuracy@1=65.02%, accuracy@5=96.93%, time-cost=464.0 s
[003-050] Search: Architecture metrics  : loss=1.00, accuracy@1=64.49%, accuracy@5=96.52%
[003-050] Evaluation:  : loss=1.03, accuracy@1=64.32%, accuracy@5=96.80%
<<<--->>> The 003-050-th epoch : found the highest validation accuracy : 64.32%.
Benchmark Results for cifar10 -> train: 0.0, valid: 0.0, test: 93.58192367412633
alpha 0 is Parameter containing:
tensor([[ 0.0392, -0.0586,  0.0403],
        [ 0.0132, -0.0322,  0.0233],
        [ 0.0173, -0.0388,  0.0337],
        [ 0.0352, -0.0459,  0.0173],
        [ 0.0115, -0.0538,  0.0337],
        [ 0.0330, -0.0458,  0.0280],
        [ 0.0543, -0.0401,  0.0022],
        [ 0.0244, -0.0607,  0.0366],
        [ 0.0283, -0.0599,  0.0363],
        [ 0.0419, -0.0413,  0.0138],
        [ 0.0181, -0.0404,  0.0274],
        [ 0.0151, -0.0431,  0.0248],
        [ 0.0415, -0.0401,  0.0124],
        [ 0.0457, -0.0810,  0.0540]], device='cuda:0', requires_grad=True)
alpha 1 is Parameter containing:
tensor([[ 0.0149,  0.0040, -0.0111],
        [ 0.0106, -0.0198,  0.0148],
        [ 0.0042, -0.0148,  0.0132],
        [-0.0076, -0.0372,  0.0333],
        [ 0.0090, -0.0291,  0.0166],
        [ 0.0053, -0.0276,  0.0206],
        [-0.0095, -0.0178,  0.0251],
        [-0.0050, -0.0205,  0.0169],
        [ 0.0116, -0.0202,  0.0134],
        [-0.0097,  0.0038,  0.0020],
        [ 0.0097, -0.0202,  0.0091],
        [ 0.0401,  0.0117, -0.0317],
        [-0.0037, -0.0206,  0.0166],
        [-0.0359, -0.0047,  0.0282]], device='cuda:0', requires_grad=True)
[004-050] Search: Model metrics  : loss=0.85, accuracy@1=69.98%, accuracy@5=97.78%, time-cost=615.7 s
[004-050] Search: Architecture metrics  : loss=0.86, accuracy@1=69.24%, accuracy@5=97.64%
[004-050] Evaluation:  : loss=0.85, accuracy@1=70.44%, accuracy@5=97.73%
<<<--->>> The 004-050-th epoch : found the highest validation accuracy : 70.44%.
Benchmark Results for cifar10 -> train: 0.0, valid: 0.0, test: 93.95257256005053
alpha 0 is Parameter containing:
tensor([[ 0.0447, -0.0615,  0.0400],
        [ 0.0267, -0.0511,  0.0321],
        [ 0.0125, -0.0510,  0.0490],
        [ 0.0478, -0.0649,  0.0255],
        [ 0.0169, -0.0606,  0.0356],
        [ 0.0329, -0.0563,  0.0386],
        [ 0.0732, -0.0597,  0.0079],
        [ 0.0328, -0.0818,  0.0471],
        [ 0.0394, -0.0796,  0.0450],
        [ 0.0448, -0.0429,  0.0135],
        [ 0.0276, -0.0621,  0.0421],
        [ 0.0267, -0.0567,  0.0282],
        [ 0.0356, -0.0578,  0.0306],
        [ 0.0602, -0.1012,  0.0636]], device='cuda:0', requires_grad=True)
alpha 1 is Parameter containing:
tensor([[ 0.0152,  0.0038, -0.0113],
        [ 0.0199, -0.0213,  0.0109],
        [ 0.0037, -0.0161,  0.0147],
        [-0.0078, -0.0515,  0.0448],
        [ 0.0216, -0.0197,  0.0019],
        [ 0.0108, -0.0344,  0.0233],
        [-0.0276, -0.0338,  0.0502],
        [-0.0131, -0.0258,  0.0247],
        [ 0.0220, -0.0306,  0.0166],
        [-0.0156,  0.0075,  0.0023],
        [ 0.0118, -0.0168,  0.0047],
        [ 0.0494,  0.0136, -0.0386],
        [-0.0067, -0.0278,  0.0239],
        [-0.0399, -0.0080,  0.0337]], device='cuda:0', requires_grad=True)
[005-050] Search: Model metrics  : loss=0.76, accuracy@1=73.64%, accuracy@5=98.21%, time-cost=765.9 s
[005-050] Search: Architecture metrics  : loss=0.80, accuracy@1=71.93%, accuracy@5=98.08%
[005-050] Evaluation:  : loss=0.75, accuracy@1=73.79%, accuracy@5=98.11%
<<<--->>> The 005-050-th epoch : found the highest validation accuracy : 73.79%.
Benchmark Results for cifar10 -> train: 0.0, valid: 0.0, test: 93.75344005829352
alpha 0 is Parameter containing:
tensor([[ 0.0502, -0.0669,  0.0418],
        [ 0.0425, -0.0624,  0.0326],
        [ 0.0245, -0.0482,  0.0380],
        [ 0.0645, -0.0753,  0.0236],
        [ 0.0261, -0.0715,  0.0381],
        [ 0.0407, -0.0615,  0.0388],
        [ 0.0930, -0.0787,  0.0121],
        [ 0.0607, -0.0924,  0.0393],
        [ 0.0626, -0.0907,  0.0409],
        [ 0.0397, -0.0445,  0.0184],
        [ 0.0529, -0.0767,  0.0402],
        [ 0.0266, -0.0767,  0.0416],
        [ 0.0598, -0.0638,  0.0218],
        [ 0.0713, -0.1267,  0.0796]], device='cuda:0', requires_grad=True)
alpha 1 is Parameter containing:
tensor([[ 0.0192,  0.0155, -0.0250],
        [ 0.0075, -0.0030,  0.0016],
        [ 0.0091, -0.0189,  0.0133],
        [-0.0056, -0.0496,  0.0420],
        [ 0.0228, -0.0177, -0.0004],
        [ 0.0112, -0.0451,  0.0328],
        [-0.0436, -0.0410,  0.0658],
        [-0.0123, -0.0292,  0.0270],
        [ 0.0463, -0.0367,  0.0085],
        [-0.0199, -0.0008,  0.0132],
        [ 0.0071, -0.0087,  0.0007],
        [ 0.0472,  0.0208, -0.0429],
        [ 0.0047, -0.0277,  0.0178],
        [-0.0302, -0.0002,  0.0213]], device='cuda:0', requires_grad=True)
[006-050] Search: Model metrics  : loss=0.68, accuracy@1=76.41%, accuracy@5=98.54%, time-cost=918.0 s
[006-050] Search: Architecture metrics  : loss=0.73, accuracy@1=74.70%, accuracy@5=98.39%
[006-050] Evaluation:  : loss=0.75, accuracy@1=74.70%, accuracy@5=98.00%
<<<--->>> The 006-050-th epoch : found the highest validation accuracy : 74.70%.
Benchmark Results for cifar10 -> train: 0.0, valid: 0.0, test: 94.12710832299895
alpha 0 is Parameter containing:
tensor([[ 0.0596, -0.0738,  0.0426],
        [ 0.0528, -0.0844,  0.0450],
        [ 0.0350, -0.0566,  0.0393],
        [ 0.0787, -0.0920,  0.0286],
        [ 0.0366, -0.0763,  0.0361],
        [ 0.0626, -0.0704,  0.0343],
        [ 0.1060, -0.0894,  0.0127],
        [ 0.0792, -0.1004,  0.0346],
        [ 0.0927, -0.0924,  0.0262],
        [ 0.0575, -0.0480,  0.0100],
        [ 0.0766, -0.0963,  0.0425],
        [ 0.0199, -0.1003,  0.0604],
        [ 0.0671, -0.0781,  0.0292],
        [ 0.1012, -0.1510,  0.0813]], device='cuda:0', requires_grad=True)
alpha 1 is Parameter containing:
tensor([[ 0.0202,  0.0086, -0.0192],
        [ 0.0122,  0.0037, -0.0070],
        [ 0.0098, -0.0346,  0.0267],
        [-0.0045, -0.0519,  0.0432],
        [ 0.0173, -0.0210,  0.0051],
        [ 0.0211, -0.0560,  0.0362],
        [-0.0507, -0.0444,  0.0731],
        [-0.0197, -0.0393,  0.0382],
        [ 0.0424, -0.0494,  0.0207],
        [-0.0090, -0.0073,  0.0123],
        [ 0.0089, -0.0069, -0.0018],
        [ 0.0511,  0.0218, -0.0463],
        [-0.0006, -0.0328,  0.0246],
        [-0.0419,  0.0118,  0.0179]], device='cuda:0', requires_grad=True)
[007-050] Search: Model metrics  : loss=0.62, accuracy@1=78.12%, accuracy@5=98.75%, time-cost=1066.8 s
[007-050] Search: Architecture metrics  : loss=0.67, accuracy@1=76.93%, accuracy@5=98.53%
[007-050] Evaluation:  : loss=0.67, accuracy@1=76.85%, accuracy@5=98.58%
<<<--->>> The 007-050-th epoch : found the highest validation accuracy : 76.85%.
Benchmark Results for cifar10 -> train: 0.0, valid: 0.0, test: 94.0665505480623
alpha 0 is Parameter containing:
tensor([[ 0.0672, -0.0775,  0.0414],
        [ 0.0555, -0.0885,  0.0468],
        [ 0.0422, -0.0635,  0.0414],
        [ 0.0838, -0.0948,  0.0277],
        [ 0.0390, -0.0838,  0.0397],
        [ 0.0738, -0.0743,  0.0313],
        [ 0.1155, -0.0945,  0.0108],
        [ 0.0852, -0.1116,  0.0386],
        [ 0.1159, -0.0854,  0.0089],
        [ 0.0669, -0.0469,  0.0024],
        [ 0.0894, -0.1023,  0.0396],
        [ 0.0439, -0.1033,  0.0493],
        [ 0.0742, -0.0803,  0.0267],
        [ 0.1180, -0.1638,  0.0810]], device='cuda:0', requires_grad=True)
alpha 1 is Parameter containing:
tensor([[ 1.5688e-02,  4.8548e-03, -1.2942e-02],
        [ 1.3212e-02, -3.9620e-03, -1.0134e-03],
        [ 1.8768e-02, -4.0527e-02,  2.6043e-02],
        [-3.2931e-03, -5.9637e-02,  4.8729e-02],
        [ 2.5495e-02, -1.8013e-02, -1.5846e-03],
        [ 2.2300e-02, -6.1868e-02,  4.0560e-02],
        [-5.5931e-02, -4.4389e-02,  7.6522e-02],
        [-2.2526e-02, -5.1970e-02,  4.9190e-02],
        [ 6.5062e-02, -6.6925e-02,  2.1926e-02],
        [-1.5976e-02, -2.7220e-03,  1.2556e-02],
        [-9.8233e-05,  3.6968e-03, -5.4980e-03],
        [ 4.0567e-02,  1.8370e-02, -3.8279e-02],
        [ 1.1468e-02, -4.5798e-02,  2.8894e-02],
        [-2.8471e-02,  1.5477e-02,  7.0773e-03]], device='cuda:0',
       requires_grad=True)
[008-050] Search: Model metrics  : loss=0.57, accuracy@1=80.02%, accuracy@5=99.02%, time-cost=1215.7 s
[008-050] Search: Architecture metrics  : loss=0.65, accuracy@1=77.86%, accuracy@5=98.65%
[008-050] Evaluation:  : loss=0.72, accuracy@1=75.24%, accuracy@5=98.50%
Benchmark Results for cifar10 -> train: 0.0, valid: 0.0, test: 94.04925087392076
alpha 0 is Parameter containing:
tensor([[ 0.0764, -0.0757,  0.0339],
        [ 0.0621, -0.0911,  0.0454],
        [ 0.0594, -0.0701,  0.0360],
        [ 0.1046, -0.1115,  0.0290],
        [ 0.0587, -0.0828,  0.0293],
        [ 0.0834, -0.0911,  0.0414],
        [ 0.1407, -0.1011, -0.0002],
        [ 0.0975, -0.1159,  0.0347],
        [ 0.1488, -0.0913, -0.0049],
        [ 0.0950, -0.0523, -0.0115],
        [ 0.1015, -0.1076,  0.0364],
        [ 0.0536, -0.1130,  0.0499],
        [ 0.1051, -0.0887,  0.0155],
        [ 0.1483, -0.1784,  0.0736]], device='cuda:0', requires_grad=True)
alpha 1 is Parameter containing:
tensor([[ 0.0109,  0.0027, -0.0082],
        [ 0.0208, -0.0082, -0.0018],
        [ 0.0292, -0.0436,  0.0222],
        [-0.0116, -0.0540,  0.0495],
        [ 0.0228, -0.0198,  0.0011],
        [ 0.0341, -0.0785,  0.0467],
        [-0.0686, -0.0520,  0.0900],
        [-0.0157, -0.0601,  0.0520],
        [ 0.0640, -0.0658,  0.0214],
        [-0.0036, -0.0078,  0.0094],
        [-0.0079, -0.0050,  0.0072],
        [ 0.0329,  0.0117, -0.0295],
        [-0.0015, -0.0446,  0.0346],
        [-0.0274,  0.0244, -0.0009]], device='cuda:0', requires_grad=True)
[009-050] Search: Model metrics  : loss=0.54, accuracy@1=81.16%, accuracy@5=99.08%, time-cost=1367.1 s
[009-050] Search: Architecture metrics  : loss=0.62, accuracy@1=79.02%, accuracy@5=98.79%
[009-050] Evaluation:  : loss=0.71, accuracy@1=76.61%, accuracy@5=98.61%
Benchmark Results for cifar10 -> train: 0.0, valid: 0.0, test: 94.03720855516515
alpha 0 is Parameter containing:
tensor([[ 0.0843, -0.0751,  0.0284],
        [ 0.0651, -0.0876,  0.0409],
        [ 0.0776, -0.0640,  0.0171],
        [ 0.1207, -0.1058,  0.0142],
        [ 0.0671, -0.0824,  0.0248],
        [ 0.0940, -0.0962,  0.0398],
        [ 0.1606, -0.1015, -0.0133],
        [ 0.1100, -0.1259,  0.0345],
        [ 0.1895, -0.0918, -0.0270],
        [ 0.1100, -0.0522, -0.0220],
        [ 0.1187, -0.1073,  0.0254],
        [ 0.0717, -0.1113,  0.0392],
        [ 0.1380, -0.0997,  0.0049],
        [ 0.1919, -0.1912,  0.0565]], device='cuda:0', requires_grad=True)
alpha 1 is Parameter containing:
tensor([[ 0.0192, -0.0084, -0.0028],
        [ 0.0044, -0.0056,  0.0056],
        [ 0.0404, -0.0458,  0.0169],
        [-0.0053, -0.0509,  0.0434],
        [ 0.0239, -0.0165, -0.0020],
        [ 0.0345, -0.0809,  0.0485],
        [-0.0809, -0.0515,  0.0975],
        [-0.0209, -0.0580,  0.0533],
        [ 0.0647, -0.0811,  0.0324],
        [ 0.0112, -0.0145,  0.0059],
        [-0.0107, -0.0043,  0.0084],
        [ 0.0294,  0.0090, -0.0258],
        [-0.0005, -0.0595,  0.0462],
        [-0.0167,  0.0258, -0.0081]], device='cuda:0', requires_grad=True)
[010-050] Search: Model metrics  : loss=0.51, accuracy@1=82.34%, accuracy@5=99.21%, time-cost=1517.4 s
[010-050] Search: Architecture metrics  : loss=0.59, accuracy@1=79.78%, accuracy@5=98.81%
[010-050] Evaluation:  : loss=0.63, accuracy@1=78.82%, accuracy@5=98.80%
<<<--->>> The 010-050-th epoch : found the highest validation accuracy : 78.82%.
Benchmark Results for cifar10 -> train: 0.0, valid: 0.0, test: 94.00137520136734
alpha 0 is Parameter containing:
tensor([[ 9.4921e-02, -7.4390e-02,  2.1380e-02],
        [ 7.2466e-02, -9.4320e-02,  4.2360e-02],
        [ 9.2974e-02, -6.9772e-02,  1.1849e-02],
        [ 1.4802e-01, -1.0884e-01, -8.5652e-05],
        [ 7.4467e-02, -9.2369e-02,  2.7403e-02],
        [ 1.1996e-01, -1.0328e-01,  3.0642e-02],
        [ 1.7678e-01, -9.8906e-02, -2.6504e-02],
        [ 1.2845e-01, -1.3129e-01,  2.7852e-02],
        [ 2.1981e-01, -1.0429e-01, -3.5454e-02],
        [ 1.2474e-01, -6.0169e-02, -2.5299e-02],
        [ 1.3673e-01, -1.0959e-01,  1.5846e-02],
        [ 7.0179e-02, -1.2747e-01,  4.9107e-02],
        [ 1.6525e-01, -1.1692e-01,  1.7187e-03],
        [ 2.1584e-01, -2.1458e-01,  5.7966e-02]], device='cuda:0',
       requires_grad=True)
alpha 1 is Parameter containing:
tensor([[ 0.0256, -0.0110, -0.0042],
        [-0.0029, -0.0113,  0.0148],
        [ 0.0463, -0.0491,  0.0159],
        [-0.0229, -0.0453,  0.0496],
        [ 0.0255, -0.0190, -0.0010],
        [ 0.0320, -0.0902,  0.0579],
        [-0.0961, -0.0523,  0.1078],
        [-0.0157, -0.0536,  0.0478],
        [ 0.0763, -0.0661,  0.0150],
        [ 0.0126, -0.0188,  0.0090],
        [-0.0086, -0.0074,  0.0099],
        [ 0.0253,  0.0077, -0.0227],
        [ 0.0085, -0.0447,  0.0302],
        [-0.0094,  0.0317, -0.0174]], device='cuda:0', requires_grad=True)
[011-050] Search: Model metrics  : loss=0.49, accuracy@1=83.10%, accuracy@5=99.20%, time-cost=1665.4 s
[011-050] Search: Architecture metrics  : loss=0.59, accuracy@1=80.25%, accuracy@5=98.88%
[011-050] Evaluation:  : loss=0.57, accuracy@1=80.26%, accuracy@5=98.97%
<<<--->>> The 011-050-th epoch : found the highest validation accuracy : 80.26%.
Benchmark Results for cifar10 -> train: 0.0, valid: 0.0, test: 93.87808738395873
alpha 0 is Parameter containing:
tensor([[ 0.1095, -0.0746,  0.0129],
        [ 0.0823, -0.1028,  0.0439],
        [ 0.1068, -0.0740,  0.0063],
        [ 0.1704, -0.1166, -0.0078],
        [ 0.0865, -0.1111,  0.0332],
        [ 0.1416, -0.0982,  0.0128],
        [ 0.2185, -0.1060, -0.0505],
        [ 0.1536, -0.1348,  0.0162],
        [ 0.2599, -0.1064, -0.0562],
        [ 0.1439, -0.0564, -0.0421],
        [ 0.1675, -0.1104, -0.0030],
        [ 0.0746, -0.1436,  0.0558],
        [ 0.2023, -0.1195, -0.0185],
        [ 0.2512, -0.2372,  0.0511]], device='cuda:0', requires_grad=True)
alpha 1 is Parameter containing:
tensor([[ 0.0201, -0.0061, -0.0057],
        [-0.0029,  0.0053,  0.0010],
        [ 0.0503, -0.0471,  0.0117],
        [-0.0193, -0.0428,  0.0456],
        [ 0.0199, -0.0336,  0.0128],
        [ 0.0472, -0.0841,  0.0422],
        [-0.1023, -0.0623,  0.1195],
        [-0.0088, -0.0457,  0.0389],
        [ 0.0922, -0.0601,  0.0017],
        [-0.0002, -0.0183,  0.0171],
        [-0.0241, -0.0066,  0.0192],
        [ 0.0156,  0.0020, -0.0136],
        [ 0.0096, -0.0418,  0.0274],
        [ 0.0064,  0.0272, -0.0227]], device='cuda:0', requires_grad=True)
[012-050] Search: Model metrics  : loss=0.46, accuracy@1=84.28%, accuracy@5=99.40%, time-cost=1812.1 s
[012-050] Search: Architecture metrics  : loss=0.56, accuracy@1=80.67%, accuracy@5=98.82%
[012-050] Evaluation:  : loss=0.59, accuracy@1=79.69%, accuracy@5=98.91%
Benchmark Results for cifar10 -> train: 0.0, valid: 0.0, test: 93.86166177775168
alpha 0 is Parameter containing:
tensor([[ 0.0995, -0.0657,  0.0101],
        [ 0.1094, -0.0880,  0.0173],
        [ 0.1083, -0.0712,  0.0022],
        [ 0.1932, -0.1092, -0.0280],
        [ 0.1072, -0.1032,  0.0179],
        [ 0.1474, -0.0916,  0.0033],
        [ 0.2419, -0.0933, -0.0779],
        [ 0.1814, -0.1275, -0.0035],
        [ 0.2945, -0.1028, -0.0784],
        [ 0.1533, -0.0474, -0.0568],
        [ 0.1923, -0.0989, -0.0279],
        [ 0.1053, -0.1279,  0.0302],
        [ 0.2446, -0.1172, -0.0457],
        [ 0.2981, -0.2386,  0.0216]], device='cuda:0', requires_grad=True)
alpha 1 is Parameter containing:
tensor([[ 0.0230, -0.0109, -0.0029],
        [-0.0004,  0.0104, -0.0046],
        [ 0.0558, -0.0409,  0.0029],
        [-0.0304, -0.0553,  0.0618],
        [ 0.0335, -0.0404,  0.0107],
        [ 0.0482, -0.0921,  0.0479],
        [-0.1121, -0.0678,  0.1298],
        [-0.0074, -0.0515,  0.0426],
        [ 0.0833, -0.0619,  0.0076],
        [ 0.0033, -0.0194,  0.0157],
        [-0.0328,  0.0030,  0.0165],
        [ 0.0333,  0.0018, -0.0227],
        [ 0.0030, -0.0347,  0.0252],
        [ 0.0130,  0.0374, -0.0349]], device='cuda:0', requires_grad=True)
[013-050] Search: Model metrics  : loss=0.44, accuracy@1=84.74%, accuracy@5=99.47%, time-cost=1962.5 s
[013-050] Search: Architecture metrics  : loss=0.55, accuracy@1=81.55%, accuracy@5=98.98%
[013-050] Evaluation:  : loss=0.54, accuracy@1=81.53%, accuracy@5=99.08%
<<<--->>> The 013-050-th epoch : found the highest validation accuracy : 81.53%.
Benchmark Results for cifar10 -> train: 0.0, valid: 0.0, test: 93.96986612535683
alpha 0 is Parameter containing:
tensor([[ 0.1118, -0.0664,  0.0031],
        [ 0.1302, -0.0831,  0.0022],
        [ 0.1209, -0.0759, -0.0019],
        [ 0.2129, -0.1169, -0.0347],
        [ 0.1286, -0.1097,  0.0110],
        [ 0.1665, -0.0965, -0.0041],
        [ 0.2792, -0.0912, -0.1074],
        [ 0.1990, -0.1385, -0.0070],
        [ 0.3316, -0.1126, -0.0939],
        [ 0.1833, -0.0463, -0.0789],
        [ 0.2133, -0.1053, -0.0366],
        [ 0.1295, -0.1309,  0.0183],
        [ 0.2787, -0.1376, -0.0526],
        [ 0.3401, -0.2561,  0.0048]], device='cuda:0', requires_grad=True)
alpha 1 is Parameter containing:
tensor([[ 0.0297, -0.0140, -0.0040],
        [-0.0027,  0.0023,  0.0033],
        [ 0.0569, -0.0470,  0.0073],
        [-0.0365, -0.0487,  0.0608],
        [ 0.0365, -0.0470,  0.0139],
        [ 0.0459, -0.1060,  0.0604],
        [-0.1181, -0.0621,  0.1295],
        [ 0.0002, -0.0580,  0.0437],
        [ 0.0872, -0.0701,  0.0114],
        [ 0.0030, -0.0339,  0.0296],
        [-0.0393,  0.0114,  0.0136],
        [ 0.0387,  0.0063, -0.0288],
        [ 0.0018, -0.0204,  0.0146],
        [ 0.0238,  0.0406, -0.0439]], device='cuda:0', requires_grad=True)
[014-050] Search: Model metrics  : loss=0.42, accuracy@1=85.27%, accuracy@5=99.44%, time-cost=2115.4 s
[014-050] Search: Architecture metrics  : loss=0.54, accuracy@1=81.53%, accuracy@5=99.04%
[014-050] Evaluation:  : loss=0.57, accuracy@1=80.39%, accuracy@5=98.96%
Benchmark Results for cifar10 -> train: 0.0, valid: 0.0, test: 94.14328156878717
alpha 0 is Parameter containing:
tensor([[ 1.2202e-01, -7.2955e-02,  3.2827e-03],
        [ 1.4927e-01, -1.0421e-01,  8.2667e-03],
        [ 1.3353e-01, -8.6724e-02, -7.0919e-05],
        [ 2.3650e-01, -1.3485e-01, -3.6053e-02],
        [ 1.4789e-01, -1.1431e-01,  3.7317e-03],
        [ 1.8910e-01, -1.0481e-01, -1.1254e-02],
        [ 3.1816e-01, -1.0533e-01, -1.2527e-01],
        [ 2.2747e-01, -1.4186e-01, -2.1287e-02],
        [ 3.6180e-01, -1.2988e-01, -1.0133e-01],
        [ 2.1248e-01, -4.5618e-02, -1.0009e-01],
        [ 2.5487e-01, -1.1454e-01, -5.6832e-02],
        [ 1.4023e-01, -1.4397e-01,  1.9540e-02],
        [ 3.1462e-01, -1.5223e-01, -6.5128e-02],
        [ 3.8566e-01, -2.6909e-01, -1.8593e-02]], device='cuda:0',
       requires_grad=True)
alpha 1 is Parameter containing:
tensor([[ 3.9401e-02, -3.2637e-02,  7.4683e-03],
        [-3.5433e-03, -1.1301e-03,  6.6369e-03],
        [ 6.8847e-02, -5.2699e-02,  4.1116e-03],
        [-4.2171e-02, -5.0057e-02,  6.5467e-02],
        [ 3.5969e-02, -5.6107e-02,  2.0829e-02],
        [ 5.4210e-02, -1.0980e-01,  5.7355e-02],
        [-1.3808e-01, -7.4327e-02,  1.5069e-01],
        [ 2.9438e-03, -6.6874e-02,  4.8888e-02],
        [ 9.7924e-02, -6.2954e-02,  1.7684e-05],
        [ 9.8596e-04, -4.3984e-02,  4.0488e-02],
        [-3.6538e-02,  1.3033e-02,  1.0470e-02],
        [ 3.4340e-02, -6.0765e-03, -1.7748e-02],
        [ 2.1639e-03, -2.1127e-02,  1.5124e-02],
        [ 2.1814e-02,  3.4304e-02, -3.7815e-02]], device='cuda:0',
       requires_grad=True)
[015-050] Search: Model metrics  : loss=0.40, accuracy@1=85.94%, accuracy@5=99.54%, time-cost=2264.5 s
[015-050] Search: Architecture metrics  : loss=0.53, accuracy@1=82.05%, accuracy@5=98.94%
[015-050] Evaluation:  : loss=0.51, accuracy@1=82.61%, accuracy@5=99.03%
<<<--->>> The 015-050-th epoch : found the highest validation accuracy : 82.61%.
Benchmark Results for cifar10 -> train: 0.0, valid: 0.0, test: 94.21472971570472
alpha 0 is Parameter containing:
tensor([[ 0.1275, -0.0578, -0.0147],
        [ 0.1654, -0.1070,  0.0012],
        [ 0.1431, -0.0794, -0.0139],
        [ 0.2635, -0.1427, -0.0475],
        [ 0.1710, -0.1057, -0.0137],
        [ 0.2047, -0.1028, -0.0235],
        [ 0.3548, -0.1093, -0.1501],
        [ 0.2513, -0.1411, -0.0358],
        [ 0.4036, -0.1343, -0.1237],
        [ 0.2240, -0.0359, -0.1167],
        [ 0.2965, -0.1239, -0.0785],
        [ 0.1509, -0.1505,  0.0172],
        [ 0.3545, -0.1620, -0.0836],
        [ 0.4294, -0.2783, -0.0438]], device='cuda:0', requires_grad=True)
alpha 1 is Parameter containing:
tensor([[ 0.0414, -0.0463,  0.0191],
        [-0.0145,  0.0092,  0.0046],
        [ 0.0827, -0.0527, -0.0051],
        [-0.0477, -0.0409,  0.0623],
        [ 0.0332, -0.0538,  0.0206],
        [ 0.0684, -0.1209,  0.0557],
        [-0.1401, -0.0799,  0.1564],
        [ 0.0091, -0.0621,  0.0424],
        [ 0.1016, -0.0635, -0.0019],
        [-0.0017, -0.0432,  0.0415],
        [-0.0483,  0.0232,  0.0092],
        [ 0.0249, -0.0092, -0.0106],
        [ 0.0086, -0.0276,  0.0170],
        [ 0.0272,  0.0270, -0.0350]], device='cuda:0', requires_grad=True)
[016-050] Search: Model metrics  : loss=0.38, accuracy@1=86.60%, accuracy@5=99.62%, time-cost=2415.0 s
[016-050] Search: Architecture metrics  : loss=0.53, accuracy@1=82.41%, accuracy@5=99.14%
[016-050] Evaluation:  : loss=0.52, accuracy@1=82.25%, accuracy@5=99.22%
Benchmark Results for cifar10 -> train: 0.0, valid: 0.0, test: 94.30355885321187
alpha 0 is Parameter containing:
tensor([[ 0.1386, -0.0545, -0.0246],
        [ 0.1796, -0.0916, -0.0192],
        [ 0.1607, -0.0867, -0.0195],
        [ 0.2789, -0.1349, -0.0640],
        [ 0.1993, -0.1032, -0.0304],
        [ 0.2261, -0.1041, -0.0369],
        [ 0.3809, -0.0919, -0.1837],
        [ 0.2816, -0.1397, -0.0544],
        [ 0.4532, -0.1335, -0.1546],
        [ 0.2423, -0.0373, -0.1290],
        [ 0.3298, -0.1158, -0.1084],
        [ 0.1760, -0.1516,  0.0038],
        [ 0.4087, -0.1688, -0.1144],
        [ 0.4801, -0.2866, -0.0754]], device='cuda:0', requires_grad=True)
alpha 1 is Parameter containing:
tensor([[ 0.0339, -0.0450,  0.0224],
        [-0.0100,  0.0240, -0.0099],
        [ 0.0851, -0.0577, -0.0027],
        [-0.0437, -0.0393,  0.0587],
        [ 0.0291, -0.0595,  0.0271],
        [ 0.0641, -0.1186,  0.0570],
        [-0.1449, -0.0746,  0.1559],
        [ 0.0108, -0.0664,  0.0449],
        [ 0.1178, -0.0504, -0.0206],
        [-0.0112, -0.0519,  0.0559],
        [-0.0546,  0.0180,  0.0183],
        [ 0.0228, -0.0131, -0.0067],
        [ 0.0133, -0.0294,  0.0160],
        [ 0.0496,  0.0254, -0.0467]], device='cuda:0', requires_grad=True)
[017-050] Search: Model metrics  : loss=0.36, accuracy@1=87.47%, accuracy@5=99.61%, time-cost=2565.5 s
[017-050] Search: Architecture metrics  : loss=0.51, accuracy@1=82.68%, accuracy@5=99.04%
[017-050] Evaluation:  : loss=0.49, accuracy@1=83.36%, accuracy@5=99.23%
<<<--->>> The 017-050-th epoch : found the highest validation accuracy : 83.36%.
Benchmark Results for cifar10 -> train: 0.0, valid: 0.0, test: 94.20431563287552
alpha 0 is Parameter containing:
tensor([[ 0.1551, -0.0563, -0.0331],
        [ 0.1994, -0.1029, -0.0217],
        [ 0.1751, -0.0830, -0.0332],
        [ 0.3007, -0.1506, -0.0666],
        [ 0.2229, -0.1020, -0.0441],
        [ 0.2388, -0.1224, -0.0301],
        [ 0.4016, -0.0991, -0.1944],
        [ 0.3238, -0.1472, -0.0753],
        [ 0.4935, -0.1470, -0.1718],
        [ 0.2658, -0.0392, -0.1443],
        [ 0.3734, -0.1258, -0.1316],
        [ 0.2088, -0.1536, -0.0139],
        [ 0.4515, -0.1894, -0.1298],
        [ 0.5276, -0.3062, -0.0995]], device='cuda:0', requires_grad=True)
alpha 1 is Parameter containing:
tensor([[ 0.0358, -0.0491,  0.0248],
        [-0.0138,  0.0223, -0.0064],
        [ 0.0880, -0.0580, -0.0046],
        [-0.0497, -0.0421,  0.0648],
        [ 0.0250, -0.0542,  0.0254],
        [ 0.0645, -0.1242,  0.0609],
        [-0.1504, -0.0723,  0.1581],
        [ 0.0208, -0.0673,  0.0406],
        [ 0.1102, -0.0527, -0.0152],
        [-0.0135, -0.0563,  0.0616],
        [-0.0511,  0.0112,  0.0226],
        [ 0.0489,  0.0070, -0.0348],
        [ 0.0013, -0.0341,  0.0259],
        [ 0.0498,  0.0259, -0.0474]], device='cuda:0', requires_grad=True)
[018-050] Search: Model metrics  : loss=0.34, accuracy@1=87.84%, accuracy@5=99.65%, time-cost=2719.1 s
[018-050] Search: Architecture metrics  : loss=0.51, accuracy@1=82.88%, accuracy@5=99.08%
[018-050] Evaluation:  : loss=0.52, accuracy@1=82.82%, accuracy@5=99.16%
Benchmark Results for cifar10 -> train: 0.0, valid: 0.0, test: 94.27258116407734
alpha 0 is Parameter containing:
tensor([[ 0.1587, -0.0472, -0.0440],
        [ 0.2246, -0.0894, -0.0472],
        [ 0.1877, -0.0763, -0.0483],
        [ 0.3194, -0.1462, -0.0830],
        [ 0.2610, -0.0889, -0.0732],
        [ 0.2602, -0.1270, -0.0405],
        [ 0.4369, -0.0997, -0.2211],
        [ 0.3603, -0.1540, -0.0934],
        [ 0.5431, -0.1563, -0.1981],
        [ 0.2848, -0.0374, -0.1596],
        [ 0.4172, -0.1204, -0.1674],
        [ 0.2402, -0.1543, -0.0318],
        [ 0.5120, -0.1930, -0.1692],
        [ 0.5828, -0.3141, -0.1364]], device='cuda:0', requires_grad=True)
alpha 1 is Parameter containing:
tensor([[ 0.0409, -0.0491,  0.0215],
        [-0.0128,  0.0255, -0.0095],
        [ 0.1022, -0.0574, -0.0150],
        [-0.0593, -0.0465,  0.0743],
        [ 0.0350, -0.0483,  0.0156],
        [ 0.0698, -0.1259,  0.0585],
        [-0.1567, -0.0762,  0.1654],
        [ 0.0227, -0.0799,  0.0489],
        [ 0.1203, -0.0587, -0.0166],
        [-0.0196, -0.0638,  0.0724],
        [-0.0728,  0.0121,  0.0363],
        [ 0.0676, -0.0097, -0.0328],
        [ 0.0091, -0.0526,  0.0370],
        [ 0.0671,  0.0105, -0.0449]], device='cuda:0', requires_grad=True)
[019-050] Search: Model metrics  : loss=0.32, accuracy@1=88.67%, accuracy@5=99.68%, time-cost=2872.4 s
[019-050] Search: Architecture metrics  : loss=0.48, accuracy@1=83.75%, accuracy@5=99.25%
[019-050] Evaluation:  : loss=0.48, accuracy@1=84.07%, accuracy@5=99.18%
<<<--->>> The 019-050-th epoch : found the highest validation accuracy : 84.07%.
Benchmark Results for cifar10 -> train: 0.0, valid: 0.0, test: 94.42709086939732
alpha 0 is Parameter containing:
tensor([[ 0.1672, -0.0427, -0.0535],
        [ 0.2349, -0.0882, -0.0543],
        [ 0.2012, -0.0700, -0.0639],
        [ 0.3439, -0.1387, -0.1060],
        [ 0.2729, -0.0792, -0.0857],
        [ 0.2817, -0.1221, -0.0589],
        [ 0.4644, -0.0900, -0.2503],
        [ 0.3904, -0.1448, -0.1171],
        [ 0.5812, -0.1579, -0.2227],
        [ 0.3052, -0.0277, -0.1826],
        [ 0.4521, -0.1186, -0.1947],
        [ 0.2644, -0.1495, -0.0485],
        [ 0.5608, -0.1982, -0.2008],
        [ 0.6385, -0.3172, -0.1774]], device='cuda:0', requires_grad=True)
alpha 1 is Parameter containing:
tensor([[ 0.0450, -0.0482,  0.0180],
        [-0.0224,  0.0404, -0.0160],
        [ 0.1110, -0.0541, -0.0241],
        [-0.0700, -0.0423,  0.0778],
        [ 0.0406, -0.0392,  0.0058],
        [ 0.0773, -0.1318,  0.0577],
        [-0.1715, -0.0660,  0.1669],
        [ 0.0362, -0.0768,  0.0399],
        [ 0.1348, -0.0593, -0.0247],
        [-0.0223, -0.0664,  0.0766],
        [-0.0842,  0.0219,  0.0351],
        [ 0.0689, -0.0033, -0.0385],
        [-0.0009, -0.0555,  0.0445],
        [ 0.0816,  0.0137, -0.0559]], device='cuda:0', requires_grad=True)
[020-050] Search: Model metrics  : loss=0.31, accuracy@1=89.27%, accuracy@5=99.70%, time-cost=3022.3 s
[020-050] Search: Architecture metrics  : loss=0.48, accuracy@1=84.07%, accuracy@5=99.14%
[020-050] Evaluation:  : loss=0.56, accuracy@1=81.72%, accuracy@5=99.22%
Benchmark Results for cifar10 -> train: 0.0, valid: 0.0, test: 93.94644101035655
alpha 0 is Parameter containing:
tensor([[ 0.1648, -0.0270, -0.0670],
        [ 0.2630, -0.0871, -0.0719],
        [ 0.2006, -0.0667, -0.0668],
        [ 0.3792, -0.1446, -0.1265],
        [ 0.2911, -0.0818, -0.0946],
        [ 0.2968, -0.1160, -0.0742],
        [ 0.5080, -0.0931, -0.2823],
        [ 0.4267, -0.1398, -0.1423],
        [ 0.6273, -0.1549, -0.2554],
        [ 0.3219, -0.0185, -0.2026],
        [ 0.5046, -0.1177, -0.2341],
        [ 0.2851, -0.1526, -0.0593],
        [ 0.6137, -0.2050, -0.2350],
        [ 0.6947, -0.3281, -0.2157]], device='cuda:0', requires_grad=True)
alpha 1 is Parameter containing:
tensor([[ 0.0457, -0.0479,  0.0172],
        [-0.0296,  0.0406, -0.0120],
        [ 0.1162, -0.0533, -0.0286],
        [-0.0750, -0.0450,  0.0831],
        [ 0.0380, -0.0383,  0.0065],
        [ 0.0865, -0.1344,  0.0530],
        [-0.1768, -0.0600,  0.1660],
        [ 0.0378, -0.0706,  0.0346],
        [ 0.1345, -0.0546, -0.0284],
        [-0.0364, -0.0684,  0.0875],
        [-0.0873,  0.0251,  0.0344],
        [ 0.0658,  0.0056, -0.0436],
        [ 0.0039, -0.0464,  0.0350],
        [ 0.0913,  0.0200, -0.0669]], device='cuda:0', requires_grad=True)
[021-050] Search: Model metrics  : loss=0.30, accuracy@1=89.69%, accuracy@5=99.72%, time-cost=3174.3 s
[021-050] Search: Architecture metrics  : loss=0.48, accuracy@1=83.82%, accuracy@5=99.28%
[021-050] Evaluation:  : loss=0.52, accuracy@1=83.15%, accuracy@5=99.10%
Benchmark Results for cifar10 -> train: 0.0, valid: 0.0, test: 93.97040283522625
alpha 0 is Parameter containing:
tensor([[ 0.1781, -0.0301, -0.0724],
        [ 0.2743, -0.0839, -0.0812],
        [ 0.2237, -0.0648, -0.0850],
        [ 0.3888, -0.1548, -0.1259],
        [ 0.3118, -0.0766, -0.1098],
        [ 0.3105, -0.1279, -0.0739],
        [ 0.5553, -0.1020, -0.3133],
        [ 0.4626, -0.1416, -0.1640],
        [ 0.6632, -0.1652, -0.2747],
        [ 0.3596, -0.0097, -0.2380],
        [ 0.5508, -0.1239, -0.2647],
        [ 0.3163, -0.1489, -0.0798],
        [ 0.6636, -0.2145, -0.2661],
        [ 0.7396, -0.3454, -0.2437]], device='cuda:0', requires_grad=True)
alpha 1 is Parameter containing:
tensor([[ 0.0461, -0.0542,  0.0223],
        [-0.0291,  0.0497, -0.0198],
        [ 0.1190, -0.0497, -0.0339],
        [-0.0787, -0.0461,  0.0864],
        [ 0.0373, -0.0515,  0.0166],
        [ 0.0850, -0.1323,  0.0524],
        [-0.1875, -0.0558,  0.1695],
        [ 0.0456, -0.0761,  0.0345],
        [ 0.1398, -0.0577, -0.0295],
        [-0.0317, -0.0663,  0.0828],
        [-0.0868,  0.0309,  0.0290],
        [ 0.0678,  0.0041, -0.0438],
        [ 0.0093, -0.0452,  0.0316],
        [ 0.1022,  0.0240, -0.0769]], device='cuda:0', requires_grad=True)
[022-050] Search: Model metrics  : loss=0.29, accuracy@1=89.84%, accuracy@5=99.79%, time-cost=3323.7 s
[022-050] Search: Architecture metrics  : loss=0.47, accuracy@1=84.24%, accuracy@5=99.22%
[022-050] Evaluation:  : loss=0.44, accuracy@1=85.14%, accuracy@5=99.41%
<<<--->>> The 022-050-th epoch : found the highest validation accuracy : 85.14%.
Benchmark Results for cifar10 -> train: 0.0, valid: 0.0, test: 93.6674674343477
alpha 0 is Parameter containing:
tensor([[ 1.7634e-01, -1.8304e-02, -8.2659e-02],
        [ 2.9446e-01, -8.1609e-02, -9.5093e-02],
        [ 2.2356e-01, -5.7944e-02, -9.1628e-02],
        [ 4.1599e-01, -1.4989e-01, -1.4918e-01],
        [ 3.3005e-01, -6.7969e-02, -1.2569e-01],
        [ 3.0821e-01, -1.1908e-01, -8.0352e-02],
        [ 5.9556e-01, -9.3916e-02, -3.5210e-01],
        [ 5.0065e-01, -1.2486e-01, -1.9802e-01],
        [ 7.0260e-01, -1.5512e-01, -3.0790e-01],
        [ 3.7614e-01, -2.0240e-04, -2.5883e-01],
        [ 5.8486e-01, -1.3179e-01, -2.8559e-01],
        [ 3.5237e-01, -1.3028e-01, -1.1087e-01],
        [ 7.1406e-01, -2.1102e-01, -3.0549e-01],
        [ 7.9557e-01, -3.4404e-01, -2.8934e-01]], device='cuda:0',
       requires_grad=True)
alpha 1 is Parameter containing:
tensor([[ 0.0424, -0.0481,  0.0193],
        [-0.0311,  0.0547, -0.0228],
        [ 0.1228, -0.0501, -0.0365],
        [-0.0815, -0.0425,  0.0854],
        [ 0.0371, -0.0410,  0.0089],
        [ 0.0875, -0.1476,  0.0626],
        [-0.1915, -0.0418,  0.1615],
        [ 0.0380, -0.0812,  0.0421],
        [ 0.1518, -0.0518, -0.0410],
        [-0.0321, -0.0712,  0.0876],
        [-0.0973,  0.0359,  0.0316],
        [ 0.0614,  0.0005, -0.0378],
        [ 0.0153, -0.0395,  0.0243],
        [ 0.1115,  0.0299, -0.0876]], device='cuda:0', requires_grad=True)
[023-050] Search: Model metrics  : loss=0.26, accuracy@1=91.04%, accuracy@5=99.80%, time-cost=3475.4 s
[023-050] Search: Architecture metrics  : loss=0.47, accuracy@1=84.46%, accuracy@5=99.29%
[023-050] Evaluation:  : loss=0.47, accuracy@1=84.79%, accuracy@5=99.30%
Benchmark Results for cifar10 -> train: 0.0, valid: 0.0, test: 93.0489485606471
alpha 0 is Parameter containing:
tensor([[ 0.1745, -0.0020, -0.0970],
        [ 0.3162, -0.0713, -0.1164],
        [ 0.2238, -0.0436, -0.1061],
        [ 0.4430, -0.1579, -0.1628],
        [ 0.3587, -0.0535, -0.1507],
        [ 0.3245, -0.1067, -0.1023],
        [ 0.6307, -0.0841, -0.3882],
        [ 0.5414, -0.1047, -0.2356],
        [ 0.7510, -0.1485, -0.3460],
        [ 0.3968,  0.0065, -0.2807],
        [ 0.6368, -0.1264, -0.3310],
        [ 0.3925, -0.1216, -0.1396],
        [ 0.7633, -0.2232, -0.3360],
        [ 0.8540, -0.3571, -0.3309]], device='cuda:0', requires_grad=True)
alpha 1 is Parameter containing:
tensor([[ 0.0424, -0.0472,  0.0184],
        [-0.0264,  0.0556, -0.0265],
        [ 0.1223, -0.0466, -0.0394],
        [-0.0839, -0.0409,  0.0858],
        [ 0.0410, -0.0464,  0.0109],
        [ 0.0831, -0.1488,  0.0669],
        [-0.2080, -0.0441,  0.1736],
        [ 0.0503, -0.0800,  0.0347],
        [ 0.1586, -0.0418, -0.0524],
        [-0.0359, -0.0749,  0.0934],
        [-0.0973,  0.0477,  0.0215],
        [ 0.0626,  0.0054, -0.0424],
        [ 0.0229, -0.0265,  0.0105],
        [ 0.1079,  0.0283, -0.0845]], device='cuda:0', requires_grad=True)
[024-050] Search: Model metrics  : loss=0.25, accuracy@1=91.72%, accuracy@5=99.86%, time-cost=3626.3 s
[024-050] Search: Architecture metrics  : loss=0.46, accuracy@1=84.86%, accuracy@5=99.28%
[024-050] Evaluation:  : loss=0.52, accuracy@1=83.16%, accuracy@5=99.25%
Benchmark Results for cifar10 -> train: 0.0, valid: 0.0, test: 91.13383955747557
alpha 0 is Parameter containing:
tensor([[ 0.1670,  0.0084, -0.1023],
        [ 0.3361, -0.0751, -0.1258],
        [ 0.2399, -0.0370, -0.1244],
        [ 0.4648, -0.1528, -0.1828],
        [ 0.3869, -0.0351, -0.1774],
        [ 0.3398, -0.0983, -0.1203],
        [ 0.6603, -0.0867, -0.4109],
        [ 0.5871, -0.0847, -0.2764],
        [ 0.8035, -0.1496, -0.3838],
        [ 0.4251,  0.0178, -0.3126],
        [ 0.6853, -0.1290, -0.3691],
        [ 0.4193, -0.1153, -0.1593],
        [ 0.8255, -0.2370, -0.3766],
        [ 0.9112, -0.3798, -0.3688]], device='cuda:0', requires_grad=True)
alpha 1 is Parameter containing:
tensor([[ 0.0509, -0.0528,  0.0178],
        [-0.0446,  0.0598, -0.0189],
        [ 0.1366, -0.0496, -0.0473],
        [-0.0826, -0.0372,  0.0824],
        [ 0.0352, -0.0465,  0.0140],
        [ 0.0855, -0.1588,  0.0729],
        [-0.2214, -0.0382,  0.1773],
        [ 0.0569, -0.0746,  0.0272],
        [ 0.1740, -0.0362, -0.0655],
        [-0.0439, -0.0744,  0.0981],
        [-0.1077,  0.0530,  0.0236],
        [ 0.0642,  0.0061, -0.0440],
        [ 0.0332, -0.0330,  0.0101],
        [ 0.1200,  0.0331, -0.0960]], device='cuda:0', requires_grad=True)
[025-050] Search: Model metrics  : loss=0.24, accuracy@1=91.57%, accuracy@5=99.82%, time-cost=3776.9 s
[025-050] Search: Architecture metrics  : loss=0.47, accuracy@1=84.76%, accuracy@5=99.19%
[025-050] Evaluation:  : loss=0.46, accuracy@1=84.98%, accuracy@5=99.29%
Benchmark Results for cifar10 -> train: 0.0, valid: 0.0, test: 91.57723810254414
alpha 0 is Parameter containing:
tensor([[ 0.1799,  0.0171, -0.1187],
        [ 0.3599, -0.0725, -0.1430],
        [ 0.2495, -0.0427, -0.1257],
        [ 0.4826, -0.1493, -0.1986],
        [ 0.4193, -0.0338, -0.1970],
        [ 0.3544, -0.1087, -0.1220],
        [ 0.6902, -0.0857, -0.4374],
        [ 0.6369, -0.0787, -0.3128],
        [ 0.8536, -0.1530, -0.4197],
        [ 0.4493,  0.0202, -0.3344],
        [ 0.7292, -0.1286, -0.4063],
        [ 0.4650, -0.1055, -0.1929],
        [ 0.8767, -0.2459, -0.4133],
        [ 0.9745, -0.3934, -0.4172]], device='cuda:0', requires_grad=True)
alpha 1 is Parameter containing:
tensor([[ 5.4446e-02, -5.6268e-02,  1.8437e-02],
        [-5.2434e-02,  8.9510e-02, -3.9579e-02],
        [ 1.4942e-01, -5.4942e-02, -5.2302e-02],
        [-1.0734e-01, -2.5554e-02,  8.8148e-02],
        [ 4.4019e-02, -3.4257e-02,  2.0012e-04],
        [ 9.2006e-02, -1.5745e-01,  6.7016e-02],
        [-2.3602e-01, -3.2113e-02,  1.8140e-01],
        [ 7.4938e-02, -6.5849e-02,  1.1251e-02],
        [ 1.8456e-01, -2.6435e-02, -7.8891e-02],
        [-4.9506e-02, -6.1130e-02,  9.0416e-02],
        [-1.1537e-01,  6.1596e-02,  2.1078e-02],
        [ 7.0399e-02,  1.0848e-02, -5.1136e-02],
        [ 2.6224e-02, -3.8455e-02,  1.7745e-02],
        [ 1.3868e-01,  3.1369e-02, -1.0603e-01]], device='cuda:0',
       requires_grad=True)
[026-050] Search: Model metrics  : loss=0.22, accuracy@1=92.43%, accuracy@5=99.88%, time-cost=3929.3 s
[026-050] Search: Architecture metrics  : loss=0.46, accuracy@1=84.95%, accuracy@5=99.27%
[026-050] Evaluation:  : loss=0.47, accuracy@1=84.86%, accuracy@5=99.34%
Benchmark Results for cifar10 -> train: 0.0, valid: 0.0, test: 91.24745293901184
alpha 0 is Parameter containing:
tensor([[ 0.1939,  0.0226, -0.1328],
        [ 0.3774, -0.0670, -0.1588],
        [ 0.2613, -0.0505, -0.1266],
        [ 0.5036, -0.1522, -0.2124],
        [ 0.4546, -0.0310, -0.2190],
        [ 0.3853, -0.1112, -0.1416],
        [ 0.7180, -0.0937, -0.4557],
        [ 0.6835, -0.0816, -0.3428],
        [ 0.8952, -0.1649, -0.4455],
        [ 0.4764,  0.0199, -0.3564],
        [ 0.7703, -0.1249, -0.4443],
        [ 0.5132, -0.0960, -0.2284],
        [ 0.9315, -0.2557, -0.4523],
        [ 1.0312, -0.4045, -0.4615]], device='cuda:0', requires_grad=True)
alpha 1 is Parameter containing:
tensor([[ 0.0545, -0.0572,  0.0191],
        [-0.0640,  0.1025, -0.0443],
        [ 0.1607, -0.0527, -0.0625],
        [-0.1119, -0.0162,  0.0837],
        [ 0.0329, -0.0299,  0.0027],
        [ 0.0882, -0.1688,  0.0787],
        [-0.2348, -0.0293,  0.1791],
        [ 0.0903, -0.0518, -0.0071],
        [ 0.1911, -0.0290, -0.0813],
        [-0.0524, -0.0623,  0.0936],
        [-0.1361,  0.0609,  0.0350],
        [ 0.0748,  0.0219, -0.0620],
        [ 0.0285, -0.0313,  0.0111],
        [ 0.1565,  0.0370, -0.1219]], device='cuda:0', requires_grad=True)
[027-050] Search: Model metrics  : loss=0.21, accuracy@1=92.78%, accuracy@5=99.87%, time-cost=4080.5 s
[027-050] Search: Architecture metrics  : loss=0.47, accuracy@1=85.04%, accuracy@5=99.30%
[027-050] Evaluation:  : loss=0.43, accuracy@1=86.03%, accuracy@5=99.31%
<<<--->>> The 027-050-th epoch : found the highest validation accuracy : 86.03%.
Benchmark Results for cifar10 -> train: 0.0, valid: 0.0, test: 91.05741673051543
alpha 0 is Parameter containing:
tensor([[ 0.1961,  0.0266, -0.1382],
        [ 0.4021, -0.0671, -0.1747],
        [ 0.2735, -0.0426, -0.1432],
        [ 0.5237, -0.1569, -0.2244],
        [ 0.4965, -0.0132, -0.2538],
        [ 0.4002, -0.1070, -0.1561],
        [ 0.7568, -0.0969, -0.4881],
        [ 0.7407, -0.0648, -0.3904],
        [ 0.9499, -0.1744, -0.4830],
        [ 0.4997,  0.0275, -0.3831],
        [ 0.8201, -0.1336, -0.4817],
        [ 0.5507, -0.0860, -0.2579],
        [ 0.9847, -0.2629, -0.4922],
        [ 1.0866, -0.4180, -0.5044]], device='cuda:0', requires_grad=True)
alpha 1 is Parameter containing:
tensor([[ 0.0591, -0.0523,  0.0116],
        [-0.0687,  0.1148, -0.0522],
        [ 0.1581, -0.0422, -0.0700],
        [-0.1152,  0.0006,  0.0726],
        [ 0.0352, -0.0258, -0.0016],
        [ 0.0898, -0.1716,  0.0798],
        [-0.2457, -0.0231,  0.1807],
        [ 0.0909, -0.0547, -0.0055],
        [ 0.1864, -0.0240, -0.0827],
        [-0.0613, -0.0628,  0.1001],
        [-0.1393,  0.0666,  0.0323],
        [ 0.0777,  0.0282, -0.0686],
        [ 0.0421, -0.0236, -0.0018],
        [ 0.1713,  0.0483, -0.1409]], device='cuda:0', requires_grad=True)
[028-050] Search: Model metrics  : loss=0.19, accuracy@1=93.39%, accuracy@5=99.88%, time-cost=4231.5 s
[028-050] Search: Architecture metrics  : loss=0.44, accuracy@1=85.68%, accuracy@5=99.41%
[028-050] Evaluation:  : loss=0.46, accuracy@1=85.56%, accuracy@5=99.29%
Benchmark Results for cifar10 -> train: 0.0, valid: 0.0, test: 91.42519159621871
alpha 0 is Parameter containing:
tensor([[ 0.2046,  0.0343, -0.1506],
        [ 0.4171, -0.0702, -0.1824],
        [ 0.2817, -0.0459, -0.1460],
        [ 0.5561, -0.1536, -0.2521],
        [ 0.5103, -0.0139, -0.2623],
        [ 0.4248, -0.1115, -0.1701],
        [ 0.7944, -0.0962, -0.5227],
        [ 0.7707, -0.0597, -0.4144],
        [ 0.9882, -0.1809, -0.5104],
        [ 0.5311,  0.0335, -0.4149],
        [ 0.8688, -0.1385, -0.5223],
        [ 0.5887, -0.0765, -0.2875],
        [ 1.0327, -0.2590, -0.5343],
        [ 1.1315, -0.4261, -0.5407]], device='cuda:0', requires_grad=True)
alpha 1 is Parameter containing:
tensor([[ 0.0619, -0.0520,  0.0097],
        [-0.0688,  0.1131, -0.0507],
        [ 0.1752, -0.0535, -0.0727],
        [-0.1135,  0.0195,  0.0571],
        [ 0.0322, -0.0253, -0.0005],
        [ 0.0988, -0.1871,  0.0849],
        [-0.2550, -0.0137,  0.1789],
        [ 0.0880, -0.0662,  0.0038],
        [ 0.1860, -0.0268, -0.0809],
        [-0.0721, -0.0639,  0.1082],
        [-0.1506,  0.0659,  0.0404],
        [ 0.0805,  0.0225, -0.0661],
        [ 0.0473, -0.0316,  0.0013],
        [ 0.1808,  0.0531, -0.1511]], device='cuda:0', requires_grad=True)
[029-050] Search: Model metrics  : loss=0.19, accuracy@1=93.53%, accuracy@5=99.90%, time-cost=4383.5 s
[029-050] Search: Architecture metrics  : loss=0.46, accuracy@1=85.42%, accuracy@5=99.34%
[029-050] Evaluation:  : loss=0.44, accuracy@1=86.01%, accuracy@5=99.42%
Benchmark Results for cifar10 -> train: 0.0, valid: 0.0, test: 91.57987572632857
alpha 0 is Parameter containing:
tensor([[ 2.0767e-01,  3.6925e-02, -1.5521e-01],
        [ 4.4916e-01, -8.0440e-02, -1.9575e-01],
        [ 2.9079e-01, -4.1467e-02, -1.5697e-01],
        [ 5.7975e-01, -1.6152e-01, -2.6504e-01],
        [ 5.5386e-01,  1.0530e-03, -2.9702e-01],
        [ 4.3479e-01, -1.0435e-01, -1.8363e-01],
        [ 8.2846e-01, -1.0307e-01, -5.4787e-01],
        [ 8.2254e-01, -5.2893e-02, -4.5442e-01],
        [ 1.0419e+00, -1.8596e-01, -5.5030e-01],
        [ 5.4704e-01,  3.6556e-02, -4.3158e-01],
        [ 9.0888e-01, -1.3583e-01, -5.6155e-01],
        [ 6.3786e-01, -6.1402e-02, -3.2767e-01],
        [ 1.1024e+00, -2.6056e-01, -5.9251e-01],
        [ 1.1900e+00, -4.3512e-01, -5.8880e-01]], device='cuda:0',
       requires_grad=True)
alpha 1 is Parameter containing:
tensor([[ 0.0751, -0.0532,  0.0023],
        [-0.0885,  0.1166, -0.0429],
        [ 0.1711, -0.0528, -0.0707],
        [-0.1151,  0.0287,  0.0508],
        [ 0.0396, -0.0198, -0.0085],
        [ 0.0846, -0.2048,  0.1088],
        [-0.2599, -0.0131,  0.1817],
        [ 0.0971, -0.0667, -0.0008],
        [ 0.1979, -0.0087, -0.1012],
        [-0.0773, -0.0668,  0.1144],
        [-0.1604,  0.0686,  0.0443],
        [ 0.0763,  0.0094, -0.0543],
        [ 0.0676, -0.0200, -0.0185],
        [ 0.2018,  0.0663, -0.1754]], device='cuda:0', requires_grad=True)
[030-050] Search: Model metrics  : loss=0.17, accuracy@1=94.23%, accuracy@5=99.91%, time-cost=4536.2 s
[030-050] Search: Architecture metrics  : loss=0.43, accuracy@1=86.22%, accuracy@5=99.39%
[030-050] Evaluation:  : loss=0.45, accuracy@1=85.96%, accuracy@5=99.42%
Benchmark Results for cifar10 -> train: 0.0, valid: 0.0, test: 91.69061475122147
alpha 0 is Parameter containing:
tensor([[ 0.2062,  0.0347, -0.1523],
        [ 0.4818, -0.0815, -0.2171],
        [ 0.2984, -0.0428, -0.1612],
        [ 0.5960, -0.1651, -0.2757],
        [ 0.5932,  0.0124, -0.3276],
        [ 0.4585, -0.1107, -0.1956],
        [ 0.8684, -0.1096, -0.5793],
        [ 0.8761, -0.0456, -0.4968],
        [ 1.0837, -0.2043, -0.5755],
        [ 0.5714,  0.0315, -0.4472],
        [ 0.9436, -0.1516, -0.5816],
        [ 0.6722, -0.0620, -0.3510],
        [ 1.1605, -0.2743, -0.6366],
        [ 1.2332, -0.4598, -0.6182]], device='cuda:0', requires_grad=True)
alpha 1 is Parameter containing:
tensor([[ 0.0883, -0.0542, -0.0054],
        [-0.0967,  0.1190, -0.0404],
        [ 0.1722, -0.0514, -0.0731],
        [-0.1098,  0.0371,  0.0414],
        [ 0.0397, -0.0182, -0.0099],
        [ 0.0781, -0.2114,  0.1187],
        [-0.2659, -0.0175,  0.1891],
        [ 0.0971, -0.0747,  0.0047],
        [ 0.1932, -0.0137, -0.0954],
        [-0.0825, -0.0765,  0.1265],
        [-0.1544,  0.0647,  0.0446],
        [ 0.0832,  0.0069, -0.0565],
        [ 0.0738, -0.0176, -0.0237],
        [ 0.1967,  0.0783, -0.1826]], device='cuda:0', requires_grad=True)
[031-050] Search: Model metrics  : loss=0.16, accuracy@1=94.53%, accuracy@5=99.94%, time-cost=4689.8 s
[031-050] Search: Architecture metrics  : loss=0.43, accuracy@1=86.38%, accuracy@5=99.43%
[031-050] Evaluation:  : loss=0.43, accuracy@1=86.23%, accuracy@5=99.48%
<<<--->>> The 031-050-th epoch : found the highest validation accuracy : 86.23%.
Benchmark Results for cifar10 -> train: 0.0, valid: 0.0, test: 91.94493288906642
alpha 0 is Parameter containing:
tensor([[ 0.2201,  0.0354, -0.1615],
        [ 0.5108, -0.0828, -0.2361],
        [ 0.3122, -0.0432, -0.1706],
        [ 0.6186, -0.1690, -0.2908],
        [ 0.6235,  0.0114, -0.3462],
        [ 0.4811, -0.1114, -0.2117],
        [ 0.8946, -0.1134, -0.6011],
        [ 0.9150, -0.0500, -0.5236],
        [ 1.1252, -0.2057, -0.6089],
        [ 0.5939,  0.0252, -0.4610],
        [ 0.9882, -0.1685, -0.6112],
        [ 0.6993, -0.0765, -0.3631],
        [ 1.2120, -0.2926, -0.6735],
        [ 1.2873, -0.4776, -0.6605]], device='cuda:0', requires_grad=True)
alpha 1 is Parameter containing:
tensor([[ 0.1008, -0.0589, -0.0091],
        [-0.1069,  0.1302, -0.0443],
        [ 0.1780, -0.0509, -0.0782],
        [-0.1190,  0.0404,  0.0438],
        [ 0.0435, -0.0153, -0.0143],
        [ 0.0934, -0.2326,  0.1230],
        [-0.2788, -0.0239,  0.2020],
        [ 0.1027, -0.0676, -0.0036],
        [ 0.1945, -0.0133, -0.0969],
        [-0.0904, -0.0863,  0.1404],
        [-0.1673,  0.0692,  0.0488],
        [ 0.0844,  0.0041, -0.0554],
        [ 0.0742, -0.0252, -0.0183],
        [ 0.2125,  0.0853, -0.1989]], device='cuda:0', requires_grad=True)
[032-050] Search: Model metrics  : loss=0.15, accuracy@1=95.15%, accuracy@5=99.95%, time-cost=4843.5 s
[032-050] Search: Architecture metrics  : loss=0.43, accuracy@1=86.32%, accuracy@5=99.39%
[032-050] Evaluation:  : loss=0.43, accuracy@1=86.43%, accuracy@5=99.45%
<<<--->>> The 032-050-th epoch : found the highest validation accuracy : 86.43%.
Benchmark Results for cifar10 -> train: 0.0, valid: 0.0, test: 91.63410365186402
alpha 0 is Parameter containing:
tensor([[ 0.2300,  0.0380, -0.1702],
        [ 0.5405, -0.0911, -0.2503],
        [ 0.3224, -0.0392, -0.1821],
        [ 0.6383, -0.1779, -0.3000],
        [ 0.6575,  0.0200, -0.3724],
        [ 0.4907, -0.1109, -0.2196],
        [ 0.9321, -0.1293, -0.6244],
        [ 0.9637, -0.0463, -0.5621],
        [ 1.1707, -0.2103, -0.6446],
        [ 0.6176,  0.0257, -0.4826],
        [ 1.0273, -0.1925, -0.6300],
        [ 0.7489, -0.0770, -0.3966],
        [ 1.2701, -0.3128, -0.7161],
        [ 1.3397, -0.5012, -0.7000]], device='cuda:0', requires_grad=True)
alpha 1 is Parameter containing:
tensor([[ 0.0985, -0.0642, -0.0031],
        [-0.1124,  0.1342, -0.0446],
        [ 0.1922, -0.0358, -0.1024],
        [-0.1277,  0.0414,  0.0477],
        [ 0.0358, -0.0129, -0.0122],
        [ 0.0840, -0.2470,  0.1410],
        [-0.2790, -0.0336,  0.2107],
        [ 0.1040, -0.0724, -0.0011],
        [ 0.1956, -0.0140, -0.0975],
        [-0.0950, -0.0884,  0.1456],
        [-0.1686,  0.0822,  0.0383],
        [ 0.0965,  0.0060, -0.0635],
        [ 0.0855, -0.0192, -0.0291],
        [ 0.2266,  0.0959, -0.2174]], device='cuda:0', requires_grad=True)
[033-050] Search: Model metrics  : loss=0.14, accuracy@1=95.38%, accuracy@5=99.97%, time-cost=4995.5 s
[033-050] Search: Architecture metrics  : loss=0.43, accuracy@1=86.35%, accuracy@5=99.42%
[033-050] Evaluation:  : loss=0.40, accuracy@1=87.10%, accuracy@5=99.44%
<<<--->>> The 033-050-th epoch : found the highest validation accuracy : 87.10%.
Benchmark Results for cifar10 -> train: 0.0, valid: 0.0, test: 90.64237584805886
alpha 0 is Parameter containing:
tensor([[ 0.2373,  0.0445, -0.1811],
        [ 0.5595, -0.0939, -0.2617],
        [ 0.3321, -0.0315, -0.1967],
        [ 0.6649, -0.1862, -0.3152],
        [ 0.6927,  0.0239, -0.3971],
        [ 0.5049, -0.1120, -0.2294],
        [ 0.9615, -0.1332, -0.6503],
        [ 1.0159, -0.0416, -0.6047],
        [ 1.2215, -0.2162, -0.6850],
        [ 0.6348,  0.0335, -0.5058],
        [ 1.0798, -0.2051, -0.6738],
        [ 0.7908, -0.0619, -0.4328],
        [ 1.3312, -0.3181, -0.7691],
        [ 1.3882, -0.5106, -0.7416]], device='cuda:0', requires_grad=True)
alpha 1 is Parameter containing:
tensor([[ 0.0977, -0.0777,  0.0092],
        [-0.1158,  0.1416, -0.0490],
        [ 0.1950, -0.0475, -0.0945],
        [-0.1250,  0.0373,  0.0499],
        [ 0.0248, -0.0032, -0.0140],
        [ 0.0869, -0.2575,  0.1469],
        [-0.2911, -0.0185,  0.2052],
        [ 0.1127, -0.0739, -0.0051],
        [ 0.1964, -0.0126, -0.0994],
        [-0.0940, -0.1000,  0.1552],
        [-0.1722,  0.0820,  0.0410],
        [ 0.0823,  0.0031, -0.0537],
        [ 0.0897, -0.0129, -0.0363],
        [ 0.2333,  0.1186, -0.2414]], device='cuda:0', requires_grad=True)
[034-050] Search: Model metrics  : loss=0.13, accuracy@1=95.98%, accuracy@5=99.93%, time-cost=5149.1 s
[034-050] Search: Architecture metrics  : loss=0.43, accuracy@1=86.18%, accuracy@5=99.47%
[034-050] Evaluation:  : loss=0.42, accuracy@1=87.02%, accuracy@5=99.48%
Benchmark Results for cifar10 -> train: 0.0, valid: 0.0, test: 90.91204328829467
alpha 0 is Parameter containing:
tensor([[ 0.2422,  0.0507, -0.1903],
        [ 0.5945, -0.1038, -0.2793],
        [ 0.3473, -0.0242, -0.2146],
        [ 0.6926, -0.1928, -0.3327],
        [ 0.7334,  0.0276, -0.4252],
        [ 0.5324, -0.1148, -0.2471],
        [ 0.9837, -0.1379, -0.6692],
        [ 1.0628, -0.0414, -0.6415],
        [ 1.2694, -0.2197, -0.7245],
        [ 0.6600,  0.0239, -0.5187],
        [ 1.1241, -0.2210, -0.7076],
        [ 0.8345, -0.0679, -0.4607],
        [ 1.3778, -0.3438, -0.8007],
        [ 1.4305, -0.5374, -0.7714]], device='cuda:0', requires_grad=True)
alpha 1 is Parameter containing:
tensor([[ 0.0962, -0.0880,  0.0192],
        [-0.1293,  0.1473, -0.0471],
        [ 0.2125, -0.0640, -0.0931],
        [-0.1270,  0.0291,  0.0578],
        [ 0.0126,  0.0071, -0.0159],
        [ 0.1077, -0.2617,  0.1353],
        [-0.2982, -0.0125,  0.2048],
        [ 0.1135, -0.0709, -0.0078],
        [ 0.2007, -0.0162, -0.0999],
        [-0.1009, -0.1002,  0.1601],
        [-0.1730,  0.0840,  0.0401],
        [ 0.0738,  0.0024, -0.0490],
        [ 0.0929, -0.0162, -0.0358],
        [ 0.2390,  0.1178, -0.2451]], device='cuda:0', requires_grad=True)
[035-050] Search: Model metrics  : loss=0.12, accuracy@1=96.38%, accuracy@5=99.99%, time-cost=5298.8 s
[035-050] Search: Architecture metrics  : loss=0.44, accuracy@1=86.50%, accuracy@5=99.39%
[035-050] Evaluation:  : loss=0.39, accuracy@1=87.36%, accuracy@5=99.47%
<<<--->>> The 035-050-th epoch : found the highest validation accuracy : 87.36%.
Benchmark Results for cifar10 -> train: 0.0, valid: 0.0, test: 91.219141442674
alpha 0 is Parameter containing:
tensor([[ 0.2547,  0.0526, -0.2001],
        [ 0.6116, -0.1064, -0.2901],
        [ 0.3716, -0.0208, -0.2348],
        [ 0.7191, -0.1935, -0.3539],
        [ 0.7678,  0.0394, -0.4538],
        [ 0.5658, -0.1191, -0.2684],
        [ 1.0116, -0.1387, -0.6976],
        [ 1.1111, -0.0352, -0.6827],
        [ 1.3150, -0.2372, -0.7560],
        [ 0.6845,  0.0264, -0.5434],
        [ 1.1701, -0.2294, -0.7507],
        [ 0.8809, -0.0576, -0.4985],
        [ 1.4372, -0.3640, -0.8471],
        [ 1.4843, -0.5613, -0.8131]], device='cuda:0', requires_grad=True)
alpha 1 is Parameter containing:
tensor([[ 0.0993, -0.1016,  0.0293],
        [-0.1401,  0.1517, -0.0454],
        [ 0.2100, -0.0618, -0.0935],
        [-0.1279,  0.0319,  0.0563],
        [ 0.0050,  0.0055, -0.0105],
        [ 0.1121, -0.2675,  0.1365],
        [-0.2995, -0.0015,  0.1971],
        [ 0.1056, -0.0718, -0.0029],
        [ 0.2149,  0.0017, -0.1212],
        [-0.1027, -0.1038,  0.1647],
        [-0.1767,  0.0905,  0.0365],
        [ 0.0660, -0.0009, -0.0425],
        [ 0.0961,  0.0032, -0.0525],
        [ 0.2456,  0.1280, -0.2586]], device='cuda:0', requires_grad=True)
[036-050] Search: Model metrics  : loss=0.11, accuracy@1=96.73%, accuracy@5=99.98%, time-cost=5451.1 s
[036-050] Search: Architecture metrics  : loss=0.42, accuracy@1=86.82%, accuracy@5=99.41%
[036-050] Evaluation:  : loss=0.40, accuracy@1=87.28%, accuracy@5=99.51%
Benchmark Results for cifar10 -> train: 0.0, valid: 0.0, test: 90.7231744087991
alpha 0 is Parameter containing:
tensor([[ 0.2608,  0.0569, -0.2082],
        [ 0.6353, -0.1176, -0.2991],
        [ 0.3795, -0.0169, -0.2444],
        [ 0.7461, -0.1974, -0.3737],
        [ 0.7960,  0.0483, -0.4769],
        [ 0.5926, -0.1136, -0.2934],
        [ 1.0443, -0.1459, -0.7256],
        [ 1.1455, -0.0378, -0.7096],
        [ 1.3567, -0.2424, -0.7900],
        [ 0.6954,  0.0250, -0.5521],
        [ 1.2118, -0.2467, -0.7806],
        [ 0.9320, -0.0532, -0.5373],
        [ 1.4911, -0.3860, -0.8878],
        [ 1.5463, -0.5781, -0.8659]], device='cuda:0', requires_grad=True)
alpha 1 is Parameter containing:
tensor([[ 0.1041, -0.1090,  0.0325],
        [-0.1473,  0.1694, -0.0569],
        [ 0.2080, -0.0550, -0.0981],
        [-0.1442,  0.0224,  0.0725],
        [ 0.0111,  0.0115, -0.0185],
        [ 0.1180, -0.2784,  0.1402],
        [-0.3017, -0.0018,  0.1992],
        [ 0.1150, -0.0621, -0.0153],
        [ 0.2169,  0.0055, -0.1255],
        [-0.1129, -0.1109,  0.1776],
        [-0.1802,  0.0875,  0.0417],
        [ 0.0637, -0.0133, -0.0323],
        [ 0.1139,  0.0075, -0.0658],
        [ 0.2617,  0.1359, -0.2765]], device='cuda:0', requires_grad=True)
[037-050] Search: Model metrics  : loss=0.10, accuracy@1=97.04%, accuracy@5=99.98%, time-cost=5602.0 s
[037-050] Search: Architecture metrics  : loss=0.43, accuracy@1=86.48%, accuracy@5=99.35%
[037-050] Evaluation:  : loss=0.40, accuracy@1=87.63%, accuracy@5=99.52%
<<<--->>> The 037-050-th epoch : found the highest validation accuracy : 87.63%.
Benchmark Results for cifar10 -> train: 0.0, valid: 0.0, test: 91.09761052969046
alpha 0 is Parameter containing:
tensor([[ 0.2754,  0.0398, -0.2010],
        [ 0.6576, -0.1353, -0.3015],
        [ 0.4008, -0.0163, -0.2602],
        [ 0.7699, -0.2071, -0.3864],
        [ 0.8310,  0.0559, -0.5039],
        [ 0.6293, -0.1266, -0.3108],
        [ 1.0823, -0.1580, -0.7551],
        [ 1.1961, -0.0433, -0.7482],
        [ 1.3951, -0.2665, -0.8137],
        [ 0.7169,  0.0144, -0.5609],
        [ 1.2565, -0.2678, -0.8106],
        [ 0.9714, -0.0603, -0.5631],
        [ 1.5422, -0.4144, -0.9231],
        [ 1.5919, -0.6089, -0.8992]], device='cuda:0', requires_grad=True)
alpha 1 is Parameter containing:
tensor([[ 0.1061, -0.1098,  0.0317],
        [-0.1619,  0.1752, -0.0544],
        [ 0.2118, -0.0596, -0.0974],
        [-0.1413,  0.0159,  0.0765],
        [-0.0006,  0.0123, -0.0127],
        [ 0.1168, -0.2769,  0.1401],
        [-0.3001, -0.0066,  0.2028],
        [ 0.1112, -0.0537, -0.0192],
        [ 0.2313,  0.0100, -0.1376],
        [-0.1111, -0.1213,  0.1857],
        [-0.1738,  0.0919,  0.0345],
        [ 0.0521, -0.0167, -0.0238],
        [ 0.1138,  0.0195, -0.0752],
        [ 0.2604,  0.1446, -0.2839]], device='cuda:0', requires_grad=True)
[038-050] Search: Model metrics  : loss=0.09, accuracy@1=97.14%, accuracy@5=99.99%, time-cost=5753.0 s
[038-050] Search: Architecture metrics  : loss=0.41, accuracy@1=87.01%, accuracy@5=99.49%
[038-050] Evaluation:  : loss=0.38, accuracy@1=88.02%, accuracy@5=99.58%
<<<--->>> The 038-050-th epoch : found the highest validation accuracy : 88.02%.
Benchmark Results for cifar10 -> train: 0.0, valid: 0.0, test: 91.20827706060399
alpha 0 is Parameter containing:
tensor([[ 0.2885,  0.0362, -0.2059],
        [ 0.6814, -0.1378, -0.3175],
        [ 0.4164, -0.0192, -0.2688],
        [ 0.7955, -0.2085, -0.4073],
        [ 0.8565,  0.0626, -0.5249],
        [ 0.6474, -0.1325, -0.3203],
        [ 1.1099, -0.1675, -0.7766],
        [ 1.2412, -0.0503, -0.7822],
        [ 1.4417, -0.2783, -0.8505],
        [ 0.7478,  0.0017, -0.5762],
        [ 1.2891, -0.2746, -0.8416],
        [ 1.0166, -0.0579, -0.5973],
        [ 1.5943, -0.4385, -0.9622],
        [ 1.6421, -0.6280, -0.9409]], device='cuda:0', requires_grad=True)
alpha 1 is Parameter containing:
tensor([[ 0.1094, -0.1099,  0.0295],
        [-0.1803,  0.1787, -0.0479],
        [ 0.2109, -0.0559, -0.1000],
        [-0.1376,  0.0278,  0.0653],
        [-0.0115,  0.0233, -0.0154],
        [ 0.1035, -0.2932,  0.1616],
        [-0.2997, -0.0107,  0.2064],
        [ 0.1139, -0.0403, -0.0306],
        [ 0.2385,  0.0204, -0.1499],
        [-0.1059, -0.1287,  0.1891],
        [-0.1663,  0.1008,  0.0226],
        [ 0.0490, -0.0207, -0.0192],
        [ 0.1301,  0.0234, -0.0877],
        [ 0.2715,  0.1392, -0.2873]], device='cuda:0', requires_grad=True)
[039-050] Search: Model metrics  : loss=0.08, accuracy@1=97.66%, accuracy@5=99.99%, time-cost=5904.1 s
[039-050] Search: Architecture metrics  : loss=0.40, accuracy@1=87.07%, accuracy@5=99.45%
[039-050] Evaluation:  : loss=0.38, accuracy@1=87.86%, accuracy@5=99.58%
Benchmark Results for cifar10 -> train: 0.0, valid: 0.0, test: 91.99177932897862
alpha 0 is Parameter containing:
tensor([[ 0.2996,  0.0474, -0.2241],
        [ 0.6925, -0.1389, -0.3256],
        [ 0.4319, -0.0182, -0.2812],
        [ 0.8086, -0.2110, -0.4168],
        [ 0.9041,  0.0782, -0.5652],
        [ 0.6823, -0.1308, -0.3503],
        [ 1.1339, -0.1662, -0.8043],
        [ 1.2825, -0.0595, -0.8126],
        [ 1.4569, -0.2986, -0.8563],
        [ 0.7818, -0.0030, -0.6031],
        [ 1.3334, -0.2882, -0.8792],
        [ 1.0539, -0.0685, -0.6206],
        [ 1.6363, -0.4706, -0.9890],
        [ 1.6835, -0.6499, -0.9738]], device='cuda:0', requires_grad=True)
alpha 1 is Parameter containing:
tensor([[ 0.1135, -0.1105,  0.0270],
        [-0.1907,  0.1812, -0.0449],
        [ 0.2173, -0.0640, -0.0981],
        [-0.1303,  0.0302,  0.0599],
        [-0.0267,  0.0192, -0.0041],
        [ 0.1034, -0.3122,  0.1755],
        [-0.3008, -0.0192,  0.2144],
        [ 0.0998, -0.0423, -0.0212],
        [ 0.2410,  0.0288, -0.1579],
        [-0.1109, -0.1263,  0.1905],
        [-0.1625,  0.1082,  0.0141],
        [ 0.0573, -0.0154, -0.0276],
        [ 0.1343,  0.0225, -0.0897],
        [ 0.2809,  0.1429, -0.2975]], device='cuda:0', requires_grad=True)
[040-050] Search: Model metrics  : loss=0.08, accuracy@1=98.08%, accuracy@5=99.98%, time-cost=6057.3 s
[040-050] Search: Architecture metrics  : loss=0.40, accuracy@1=87.28%, accuracy@5=99.47%
[040-050] Evaluation:  : loss=0.38, accuracy@1=88.16%, accuracy@5=99.51%
<<<--->>> The 040-050-th epoch : found the highest validation accuracy : 88.16%.
Benchmark Results for cifar10 -> train: 0.0, valid: 0.0, test: 92.23901644356108
alpha 0 is Parameter containing:
tensor([[ 0.3210,  0.0412, -0.2323],
        [ 0.6995, -0.1419, -0.3290],
        [ 0.4526, -0.0244, -0.2897],
        [ 0.8273, -0.2233, -0.4238],
        [ 0.9329,  0.0754, -0.5842],
        [ 0.7204, -0.1466, -0.3671],
        [ 1.1440, -0.1578, -0.8244],
        [ 1.3186, -0.0723, -0.8378],
        [ 1.4850, -0.3082, -0.8780],
        [ 0.8122, -0.0145, -0.6204],
        [ 1.3728, -0.2963, -0.9163],
        [ 1.0880, -0.0778, -0.6426],
        [ 1.6828, -0.4912, -1.0258],
        [ 1.7245, -0.6640, -1.0087]], device='cuda:0', requires_grad=True)
alpha 1 is Parameter containing:
tensor([[ 0.1236, -0.1175,  0.0261],
        [-0.2059,  0.1881, -0.0430],
        [ 0.2323, -0.0751, -0.1000],
        [-0.1339,  0.0294,  0.0625],
        [-0.0326,  0.0260, -0.0065],
        [ 0.1048, -0.3266,  0.1849],
        [-0.3130, -0.0241,  0.2255],
        [ 0.0976, -0.0390, -0.0226],
        [ 0.2583,  0.0420, -0.1781],
        [-0.1117, -0.1220,  0.1876],
        [-0.1641,  0.1125,  0.0114],
        [ 0.0496, -0.0236, -0.0176],
        [ 0.1311,  0.0233, -0.0890],
        [ 0.2946,  0.1428, -0.3075]], device='cuda:0', requires_grad=True)
[041-050] Search: Model metrics  : loss=0.07, accuracy@1=98.12%, accuracy@5=100.00%, time-cost=6208.6 s
[041-050] Search: Architecture metrics  : loss=0.40, accuracy@1=87.31%, accuracy@5=99.49%
[041-050] Evaluation:  : loss=0.37, accuracy@1=88.33%, accuracy@5=99.54%
<<<--->>> The 041-050-th epoch : found the highest validation accuracy : 88.33%.
Benchmark Results for cifar10 -> train: 0.0, valid: 0.0, test: 92.37387065008018
alpha 0 is Parameter containing:
tensor([[ 0.3279,  0.0471, -0.2429],
        [ 0.7177, -0.1451, -0.3408],
        [ 0.4726, -0.0201, -0.3081],
        [ 0.8494, -0.2204, -0.4461],
        [ 0.9616,  0.0813, -0.6081],
        [ 0.7392, -0.1508, -0.3790],
        [ 1.1680, -0.1526, -0.8570],
        [ 1.3533, -0.0655, -0.8725],
        [ 1.5319, -0.3073, -0.9210],
        [ 0.8292, -0.0095, -0.6435],
        [ 1.4023, -0.3038, -0.9430],
        [ 1.1312, -0.0729, -0.6780],
        [ 1.7294, -0.5051, -1.0661],
        [ 1.7591, -0.6695, -1.0404]], device='cuda:0', requires_grad=True)
alpha 1 is Parameter containing:
tensor([[ 0.1250, -0.1159,  0.0238],
        [-0.2152,  0.1975, -0.0465],
        [ 0.2289, -0.0754, -0.0976],
        [-0.1229,  0.0264,  0.0593],
        [-0.0351,  0.0316, -0.0096],
        [ 0.0996, -0.3372,  0.1964],
        [-0.3058, -0.0294,  0.2266],
        [ 0.1004, -0.0350, -0.0273],
        [ 0.2701,  0.0449, -0.1877],
        [-0.1234, -0.1192,  0.1926],
        [-0.1698,  0.1122,  0.0153],
        [ 0.0467, -0.0282, -0.0126],
        [ 0.1424,  0.0247, -0.0968],
        [ 0.3053,  0.1373, -0.3107]], device='cuda:0', requires_grad=True)
[042-050] Search: Model metrics  : loss=0.07, accuracy@1=98.17%, accuracy@5=99.99%, time-cost=6355.7 s
[042-050] Search: Architecture metrics  : loss=0.40, accuracy@1=87.36%, accuracy@5=99.50%
[042-050] Evaluation:  : loss=0.38, accuracy@1=87.92%, accuracy@5=99.51%
Benchmark Results for cifar10 -> train: 0.0, valid: 0.0, test: 92.31284228946458
alpha 0 is Parameter containing:
tensor([[ 0.3326,  0.0450, -0.2442],
        [ 0.7419, -0.1421, -0.3619],
        [ 0.4947, -0.0144, -0.3299],
        [ 0.8743, -0.2235, -0.4668],
        [ 0.9804,  0.0768, -0.6200],
        [ 0.7699, -0.1638, -0.3934],
        [ 1.1914, -0.1595, -0.8772],
        [ 1.3883, -0.0781, -0.8983],
        [ 1.5526, -0.3253, -0.9337],
        [ 0.8557, -0.0186, -0.6609],
        [ 1.4290, -0.3041, -0.9740],
        [ 1.1644, -0.0783, -0.7016],
        [ 1.7642, -0.5221, -1.0938],
        [ 1.7863, -0.6822, -1.0627]], device='cuda:0', requires_grad=True)
alpha 1 is Parameter containing:
tensor([[ 0.1339, -0.1253,  0.0254],
        [-0.2263,  0.2096, -0.0514],
        [ 0.2431, -0.0869, -0.0987],
        [-0.1299,  0.0314,  0.0592],
        [-0.0350,  0.0288, -0.0073],
        [ 0.0956, -0.3518,  0.2098],
        [-0.3029, -0.0312,  0.2270],
        [ 0.1025, -0.0387, -0.0261],
        [ 0.2763,  0.0414, -0.1894],
        [-0.1307, -0.1249,  0.2021],
        [-0.1710,  0.1182,  0.0110],
        [ 0.0510, -0.0353, -0.0098],
        [ 0.1445,  0.0212, -0.0956],
        [ 0.3157,  0.1455, -0.3260]], device='cuda:0', requires_grad=True)
[043-050] Search: Model metrics  : loss=0.07, accuracy@1=98.38%, accuracy@5=99.99%, time-cost=6506.5 s
[043-050] Search: Architecture metrics  : loss=0.39, accuracy@1=87.68%, accuracy@5=99.45%
[043-050] Evaluation:  : loss=0.37, accuracy@1=88.28%, accuracy@5=99.56%
Benchmark Results for cifar10 -> train: 0.0, valid: 0.0, test: 92.26380051402934
alpha 0 is Parameter containing:
tensor([[ 0.3442,  0.0537, -0.2608],
        [ 0.7620, -0.1546, -0.3678],
        [ 0.5111, -0.0157, -0.3411],
        [ 0.8917, -0.2347, -0.4743],
        [ 1.0144,  0.0773, -0.6454],
        [ 0.7853, -0.1660, -0.4049],
        [ 1.2102, -0.1610, -0.8978],
        [ 1.4211, -0.0767, -0.9292],
        [ 1.5815, -0.3252, -0.9609],
        [ 0.8757, -0.0248, -0.6747],
        [ 1.4630, -0.3181, -0.9996],
        [ 1.2042, -0.0817, -0.7314],
        [ 1.7979, -0.5358, -1.1218],
        [ 1.8223, -0.7005, -1.0918]], device='cuda:0', requires_grad=True)
alpha 1 is Parameter containing:
tensor([[ 1.3429e-01, -1.3152e-01,  3.0288e-02],
        [-2.2989e-01,  2.2739e-01, -6.4976e-02],
        [ 2.4774e-01, -8.5609e-02, -1.0357e-01],
        [-1.3093e-01,  4.2197e-02,  5.1148e-02],
        [-4.2743e-02,  3.6078e-02, -9.3042e-03],
        [ 9.7626e-02, -3.5510e-01,  2.1092e-01],
        [-3.0765e-01, -3.0725e-02,  2.2980e-01],
        [ 1.0032e-01, -3.1685e-02, -3.0101e-02],
        [ 2.8356e-01,  5.1649e-02, -2.0194e-01],
        [-1.3132e-01, -1.2698e-01,  2.0450e-01],
        [-1.7378e-01,  1.2359e-01,  7.9408e-03],
        [ 4.3851e-02, -4.4070e-02,  3.3427e-04],
        [ 1.4612e-01,  2.0070e-02, -9.6123e-02],
        [ 3.3263e-01,  1.4179e-01, -3.3512e-01]], device='cuda:0',
       requires_grad=True)
[044-050] Search: Model metrics  : loss=0.07, accuracy@1=98.32%, accuracy@5=100.00%, time-cost=6655.0 s
[044-050] Search: Architecture metrics  : loss=0.38, accuracy@1=87.82%, accuracy@5=99.51%
[044-050] Evaluation:  : loss=0.36, accuracy@1=88.32%, accuracy@5=99.56%
Benchmark Results for cifar10 -> train: 0.0, valid: 0.0, test: 92.2213085577866
alpha 0 is Parameter containing:
tensor([[ 0.3611,  0.0464, -0.2648],
        [ 0.7774, -0.1452, -0.3876],
        [ 0.5267, -0.0221, -0.3467],
        [ 0.9138, -0.2447, -0.4870],
        [ 1.0450,  0.0696, -0.6645],
        [ 0.7986, -0.1603, -0.4218],
        [ 1.2223, -0.1602, -0.9135],
        [ 1.4436, -0.0877, -0.9449],
        [ 1.6134, -0.3249, -0.9911],
        [ 0.8869, -0.0161, -0.6960],
        [ 1.4884, -0.3329, -1.0151],
        [ 1.2393, -0.0824, -0.7592],
        [ 1.8356, -0.5402, -1.1576],
        [ 1.8415, -0.6982, -1.1109]], device='cuda:0', requires_grad=True)
alpha 1 is Parameter containing:
tensor([[ 0.1416, -0.1332,  0.0266],
        [-0.2360,  0.2324, -0.0662],
        [ 0.2475, -0.0886, -0.1012],
        [-0.1435,  0.0403,  0.0596],
        [-0.0326,  0.0321, -0.0110],
        [ 0.1033, -0.3472,  0.2017],
        [-0.3125, -0.0277,  0.2304],
        [ 0.1114, -0.0351, -0.0341],
        [ 0.2953,  0.0506, -0.2091],
        [-0.1338, -0.1140,  0.1952],
        [-0.1838,  0.1294,  0.0088],
        [ 0.0407, -0.0490,  0.0055],
        [ 0.1493,  0.0255, -0.1024],
        [ 0.3542,  0.1410, -0.3503]], device='cuda:0', requires_grad=True)
[045-050] Search: Model metrics  : loss=0.07, accuracy@1=98.55%, accuracy@5=99.99%, time-cost=6803.7 s
[045-050] Search: Architecture metrics  : loss=0.38, accuracy@1=87.67%, accuracy@5=99.49%
[045-050] Evaluation:  : loss=0.37, accuracy@1=88.36%, accuracy@5=99.54%
<<<--->>> The 045-050-th epoch : found the highest validation accuracy : 88.36%.
Benchmark Results for cifar10 -> train: 0.0, valid: 0.0, test: 92.49672793894484
alpha 0 is Parameter containing:
tensor([[ 0.3645,  0.0370, -0.2580],
        [ 0.7981, -0.1524, -0.3987],
        [ 0.5361, -0.0199, -0.3563],
        [ 0.9380, -0.2568, -0.5001],
        [ 1.0712,  0.0700, -0.6846],
        [ 0.8181, -0.1722, -0.4284],
        [ 1.2409, -0.1670, -0.9288],
        [ 1.4719, -0.0968, -0.9667],
        [ 1.6473, -0.3402, -1.0172],
        [ 0.9008, -0.0161, -0.7106],
        [ 1.5166, -0.3408, -1.0421],
        [ 1.2670, -0.0783, -0.7837],
        [ 1.8705, -0.5467, -1.1896],
        [ 1.8675, -0.7016, -1.1348]], device='cuda:0', requires_grad=True)
alpha 1 is Parameter containing:
tensor([[ 0.1600, -0.1369,  0.0167],
        [-0.2579,  0.2385, -0.0612],
        [ 0.2530, -0.0897, -0.1047],
        [-0.1443,  0.0403,  0.0602],
        [-0.0374,  0.0274, -0.0048],
        [ 0.1015, -0.3662,  0.2164],
        [-0.3111, -0.0290,  0.2314],
        [ 0.1020, -0.0324, -0.0309],
        [ 0.2976,  0.0484, -0.2094],
        [-0.1336, -0.1230,  0.2032],
        [-0.1789,  0.1312,  0.0046],
        [ 0.0472, -0.0445, -0.0012],
        [ 0.1471,  0.0350, -0.1091],
        [ 0.3581,  0.1438, -0.3564]], device='cuda:0', requires_grad=True)
[046-050] Search: Model metrics  : loss=0.07, accuracy@1=98.68%, accuracy@5=100.00%, time-cost=6953.0 s
[046-050] Search: Architecture metrics  : loss=0.39, accuracy@1=87.70%, accuracy@5=99.48%
[046-050] Evaluation:  : loss=0.36, accuracy@1=88.32%, accuracy@5=99.49%
Benchmark Results for cifar10 -> train: 0.0, valid: 0.0, test: 92.21734291747329
alpha 0 is Parameter containing:
tensor([[ 0.3925,  0.0323, -0.2715],
        [ 0.8070, -0.1660, -0.3954],
        [ 0.5531, -0.0182, -0.3712],
        [ 0.9611, -0.2529, -0.5251],
        [ 1.0833,  0.0658, -0.6926],
        [ 0.8489, -0.1899, -0.4397],
        [ 1.2534, -0.1719, -0.9393],
        [ 1.5009, -0.1107, -0.9868],
        [ 1.6688, -0.3559, -1.0322],
        [ 0.9237, -0.0334, -0.7148],
        [ 1.5326, -0.3445, -1.0590],
        [ 1.3002, -0.0931, -0.8043],
        [ 1.9004, -0.5686, -1.2104],
        [ 1.8936, -0.7109, -1.1569]], device='cuda:0', requires_grad=True)
alpha 1 is Parameter containing:
tensor([[ 0.1746, -0.1428,  0.0113],
        [-0.2731,  0.2391, -0.0545],
        [ 0.2570, -0.0916, -0.1065],
        [-0.1451,  0.0476,  0.0548],
        [-0.0396,  0.0260, -0.0025],
        [ 0.1004, -0.3805,  0.2272],
        [-0.3234, -0.0281,  0.2376],
        [ 0.1085, -0.0349, -0.0329],
        [ 0.3176,  0.0526, -0.2253],
        [-0.1417, -0.1273,  0.2119],
        [-0.1793,  0.1317,  0.0047],
        [ 0.0592, -0.0437, -0.0080],
        [ 0.1523,  0.0333, -0.1110],
        [ 0.3673,  0.1435, -0.3635]], device='cuda:0', requires_grad=True)
[047-050] Search: Model metrics  : loss=0.07, accuracy@1=98.65%, accuracy@5=100.00%, time-cost=7101.8 s
[047-050] Search: Architecture metrics  : loss=0.39, accuracy@1=87.48%, accuracy@5=99.42%
[047-050] Evaluation:  : loss=0.36, accuracy@1=88.10%, accuracy@5=99.56%
Benchmark Results for cifar10 -> train: 0.0, valid: 0.0, test: 92.01138505837952
alpha 0 is Parameter containing:
tensor([[ 0.4119,  0.0227, -0.2746],
        [ 0.8240, -0.1750, -0.4025],
        [ 0.5710, -0.0303, -0.3726],
        [ 0.9799, -0.2655, -0.5339],
        [ 1.1038,  0.0569, -0.7045],
        [ 0.8690, -0.1995, -0.4494],
        [ 1.2731, -0.1889, -0.9461],
        [ 1.5253, -0.1282, -1.0011],
        [ 1.6821, -0.3701, -1.0403],
        [ 0.9441, -0.0431, -0.7254],
        [ 1.5635, -0.3587, -1.0828],
        [ 1.3202, -0.1091, -0.8144],
        [ 1.9259, -0.5851, -1.2293],
        [ 1.9090, -0.7186, -1.1696]], device='cuda:0', requires_grad=True)
alpha 1 is Parameter containing:
tensor([[ 0.1798, -0.1474,  0.0113],
        [-0.2846,  0.2452, -0.0543],
        [ 0.2643, -0.0945, -0.1100],
        [-0.1483,  0.0398,  0.0632],
        [-0.0467,  0.0341, -0.0056],
        [ 0.1092, -0.3854,  0.2245],
        [-0.3304, -0.0351,  0.2475],
        [ 0.1099, -0.0355, -0.0336],
        [ 0.3218,  0.0477, -0.2248],
        [-0.1372, -0.1260,  0.2085],
        [-0.1795,  0.1282,  0.0083],
        [ 0.0547, -0.0412, -0.0075],
        [ 0.1584,  0.0273, -0.1101],
        [ 0.3741,  0.1439, -0.3696]], device='cuda:0', requires_grad=True)
[048-050] Search: Model metrics  : loss=0.06, accuracy@1=98.82%, accuracy@5=100.00%, time-cost=7250.8 s
[048-050] Search: Architecture metrics  : loss=0.38, accuracy@1=87.97%, accuracy@5=99.40%
[048-050] Evaluation:  : loss=0.36, accuracy@1=88.10%, accuracy@5=99.55%
Benchmark Results for cifar10 -> train: 0.0, valid: 0.0, test: 92.16148809134229
alpha 0 is Parameter containing:
tensor([[ 0.4239,  0.0194, -0.2796],
        [ 0.8390, -0.1787, -0.4121],
        [ 0.6017, -0.0397, -0.3867],
        [ 0.9846, -0.2666, -0.5381],
        [ 1.1234,  0.0559, -0.7197],
        [ 0.8923, -0.2050, -0.4662],
        [ 1.2843, -0.1893, -0.9603],
        [ 1.5455, -0.1393, -1.0152],
        [ 1.7132, -0.3790, -1.0668],
        [ 0.9608, -0.0500, -0.7353],
        [ 1.5822, -0.3662, -1.0984],
        [ 1.3447, -0.1154, -0.8323],
        [ 1.9503, -0.6026, -1.2469],
        [ 1.9212, -0.7282, -1.1785]], device='cuda:0', requires_grad=True)
alpha 1 is Parameter containing:
tensor([[ 0.1869, -0.1546,  0.0122],
        [-0.2929,  0.2504, -0.0549],
        [ 0.2679, -0.1095, -0.1003],
        [-0.1505,  0.0405,  0.0640],
        [-0.0516,  0.0266,  0.0031],
        [ 0.1189, -0.3969,  0.2256],
        [-0.3274, -0.0426,  0.2528],
        [ 0.1140, -0.0314, -0.0391],
        [ 0.3167,  0.0541, -0.2273],
        [-0.1392, -0.1298,  0.2132],
        [-0.1797,  0.1234,  0.0130],
        [ 0.0453, -0.0481,  0.0024],
        [ 0.1509,  0.0313, -0.1095],
        [ 0.3814,  0.1477, -0.3793]], device='cuda:0', requires_grad=True)
[049-050] Search: Model metrics  : loss=0.07, accuracy@1=98.70%, accuracy@5=100.00%, time-cost=7399.4 s
[049-050] Search: Architecture metrics  : loss=0.37, accuracy@1=88.17%, accuracy@5=99.42%
[049-050] Evaluation:  : loss=0.35, accuracy@1=88.52%, accuracy@5=99.48%
<<<--->>> The 049-050-th epoch : found the highest validation accuracy : 88.52%.
Benchmark Results for cifar10 -> train: 0.0, valid: 0.0, test: 92.24298105359541
alpha 0 is Parameter containing:
tensor([[ 0.4353,  0.0133, -0.2816],
        [ 0.8545, -0.1872, -0.4186],
        [ 0.6166, -0.0400, -0.3982],
        [ 0.9968, -0.2696, -0.5481],
        [ 1.1455,  0.0528, -0.7360],
        [ 0.9108, -0.2176, -0.4720],
        [ 1.3034, -0.1940, -0.9797],
        [ 1.5662, -0.1468, -1.0317],
        [ 1.7325, -0.3924, -1.0807],
        [ 0.9760, -0.0544, -0.7469],
        [ 1.6073, -0.3768, -1.1191],
        [ 1.3628, -0.1204, -0.8459],
        [ 1.9709, -0.6158, -1.2625],
        [ 1.9334, -0.7325, -1.1891]], device='cuda:0', requires_grad=True)
alpha 1 is Parameter containing:
tensor([[ 0.1811, -0.1533,  0.0150],
        [-0.2902,  0.2534, -0.0584],
        [ 0.2751, -0.1090, -0.1067],
        [-0.1414,  0.0450,  0.0557],
        [-0.0530,  0.0386, -0.0060],
        [ 0.1136, -0.4120,  0.2395],
        [-0.3237, -0.0441,  0.2527],
        [ 0.1155, -0.0333, -0.0388],
        [ 0.3187,  0.0437, -0.2212],
        [-0.1473, -0.1277,  0.2166],
        [-0.1911,  0.1343,  0.0099],
        [ 0.0523, -0.0479, -0.0014],
        [ 0.1649,  0.0283, -0.1154],
        [ 0.3780,  0.1449, -0.3751]], device='cuda:0', requires_grad=True)
[050-050] Search: Model metrics  : loss=0.06, accuracy@1=98.90%, accuracy@5=99.99%, time-cost=7549.6 s
[050-050] Search: Architecture metrics  : loss=0.38, accuracy@1=87.69%, accuracy@5=99.49%
[050-050] Evaluation:  : loss=0.35, accuracy@1=88.56%, accuracy@5=99.58%
<<<--->>> The 050-050-th epoch : found the highest validation accuracy : 88.56%.
Benchmark Results for cifar10 -> train: 0.0, valid: 0.0, test: 92.26997924574773
alpha 0 is Parameter containing:
tensor([[ 0.4580,  0.0097, -0.2933],
        [ 0.8621, -0.1821, -0.4294],
        [ 0.6394, -0.0498, -0.4058],
        [ 1.0078, -0.2730, -0.5566],
        [ 1.1624,  0.0470, -0.7470],
        [ 0.9406, -0.2359, -0.4826],
        [ 1.3069, -0.1982, -0.9802],
        [ 1.5845, -0.1617, -1.0423],
        [ 1.7500, -0.4032, -1.0940],
        [ 0.9971, -0.0561, -0.7684],
        [ 1.6283, -0.3876, -1.1347],
        [ 1.3844, -0.1312, -0.8595],
        [ 1.9943, -0.6316, -1.2797],
        [ 1.9482, -0.7334, -1.2030]], device='cuda:0', requires_grad=True)
alpha 1 is Parameter containing:
tensor([[ 0.1794, -0.1543,  0.0168],
        [-0.2922,  0.2590, -0.0622],
        [ 0.2724, -0.1122, -0.1021],
        [-0.1429,  0.0475,  0.0547],
        [-0.0556,  0.0400, -0.0057],
        [ 0.1142, -0.4205,  0.2449],
        [-0.3256, -0.0425,  0.2530],
        [ 0.1149, -0.0252, -0.0447],
        [ 0.3161,  0.0472, -0.2231],
        [-0.1424, -0.1325,  0.2182],
        [-0.1889,  0.1296,  0.0133],
        [ 0.0469, -0.0548,  0.0063],
        [ 0.1693,  0.0305, -0.1199],
        [ 0.3878,  0.1499, -0.3877]], device='cuda:0', requires_grad=True)
