Files already downloaded and verified
Files already downloaded and verified
[001-050] Search: Model metrics  : loss=1.95, accuracy@1=24.26%, accuracy@5=77.68%, time-cost=138.4 s
[001-050] Search: Architecture metrics  : loss=1.95, accuracy@1=24.36%, accuracy@5=77.73%
[001-050] Evaluation:  : loss=1.74, accuracy@1=31.86%, accuracy@5=87.41%
<<<--->>> The 001-050-th epoch : found the highest validation accuracy : 31.86%.
alpha 0 is Parameter containing:
tensor([[-0.0222,  0.0226],
        [-0.0193,  0.0193],
        [-0.0156,  0.0170],
        [-0.0181,  0.0207],
        [-0.0104,  0.0119],
        [-0.0196,  0.0192],
        [-0.0228,  0.0245],
        [-0.0130,  0.0104],
        [ 0.0102, -0.0101],
        [-0.0418,  0.0411],
        [-0.0117,  0.0107],
        [-0.0113,  0.0100],
        [-0.0142,  0.0137],
        [-0.0131,  0.0112]], device='cuda:0', requires_grad=True)
alpha 1 is Parameter containing:
tensor([[-0.0215,  0.0223],
        [-0.0118,  0.0096],
        [-0.0300,  0.0289],
        [-0.0032,  0.0055],
        [ 0.0028, -0.0029],
        [-0.0436,  0.0432],
        [-0.0094,  0.0095],
        [ 0.0049, -0.0047],
        [-0.0105,  0.0116],
        [-0.0275,  0.0279],
        [-0.0094,  0.0084],
        [-0.0012,  0.0011],
        [-0.0196,  0.0170],
        [-0.0007,  0.0012]], device='cuda:0', requires_grad=True)
[002-050] Search: Model metrics  : loss=1.61, accuracy@1=39.02%, accuracy@5=89.95%, time-cost=273.1 s
[002-050] Search: Architecture metrics  : loss=1.62, accuracy@1=38.50%, accuracy@5=89.74%
[002-050] Evaluation:  : loss=1.57, accuracy@1=42.67%, accuracy@5=91.79%
<<<--->>> The 002-050-th epoch : found the highest validation accuracy : 42.67%.
alpha 0 is Parameter containing:
tensor([[-0.0664,  0.0668],
        [-0.0407,  0.0408],
        [-0.0557,  0.0571],
        [-0.0477,  0.0502],
        [-0.0236,  0.0251],
        [-0.0275,  0.0271],
        [-0.0312,  0.0329],
        [-0.0306,  0.0280],
        [-0.0165,  0.0165],
        [-0.0515,  0.0508],
        [-0.0174,  0.0164],
        [-0.0338,  0.0324],
        [-0.0128,  0.0123],
        [-0.0215,  0.0197]], device='cuda:0', requires_grad=True)
alpha 1 is Parameter containing:
tensor([[-0.0622,  0.0630],
        [-0.0081,  0.0060],
        [-0.0668,  0.0658],
        [-0.0059,  0.0082],
        [-0.0116,  0.0115],
        [-0.0702,  0.0699],
        [-0.0193,  0.0194],
        [-0.0003,  0.0005],
        [-0.0265,  0.0275],
        [-0.0614,  0.0619],
        [-0.0124,  0.0114],
        [-0.0050,  0.0048],
        [-0.0263,  0.0237],
        [-0.0049,  0.0054]], device='cuda:0', requires_grad=True)
[003-050] Search: Model metrics  : loss=1.38, accuracy@1=48.71%, accuracy@5=93.26%, time-cost=408.6 s
[003-050] Search: Architecture metrics  : loss=1.39, accuracy@1=48.68%, accuracy@5=93.36%
[003-050] Evaluation:  : loss=1.32, accuracy@1=51.65%, accuracy@5=94.12%
<<<--->>> The 003-050-th epoch : found the highest validation accuracy : 51.65%.
alpha 0 is Parameter containing:
tensor([[-0.1251,  0.1255],
        [-0.0642,  0.0642],
        [-0.1039,  0.1053],
        [-0.0850,  0.0875],
        [-0.0314,  0.0329],
        [-0.0549,  0.0545],
        [-0.0526,  0.0543],
        [-0.0420,  0.0395],
        [-0.0427,  0.0428],
        [-0.0609,  0.0602],
        [-0.0336,  0.0326],
        [-0.0583,  0.0570],
        [-0.0202,  0.0197],
        [-0.0346,  0.0328]], device='cuda:0', requires_grad=True)
alpha 1 is Parameter containing:
tensor([[-0.0810,  0.0818],
        [-0.0374,  0.0352],
        [-0.0927,  0.0917],
        [-0.0219,  0.0241],
        [-0.0257,  0.0255],
        [-0.0962,  0.0958],
        [-0.0455,  0.0456],
        [-0.0239,  0.0241],
        [-0.0366,  0.0376],
        [-0.0881,  0.0886],
        [-0.0169,  0.0160],
        [-0.0210,  0.0209],
        [-0.0426,  0.0401],
        [-0.0143,  0.0148]], device='cuda:0', requires_grad=True)
[004-050] Search: Model metrics  : loss=1.21, accuracy@1=56.00%, accuracy@5=95.01%, time-cost=543.2 s
[004-050] Search: Architecture metrics  : loss=1.22, accuracy@1=56.00%, accuracy@5=95.12%
[004-050] Evaluation:  : loss=1.19, accuracy@1=56.36%, accuracy@5=95.52%
<<<--->>> The 004-050-th epoch : found the highest validation accuracy : 56.36%.
alpha 0 is Parameter containing:
tensor([[-0.1799,  0.1803],
        [-0.0826,  0.0827],
        [-0.1443,  0.1457],
        [-0.1107,  0.1132],
        [-0.0473,  0.0488],
        [-0.0905,  0.0901],
        [-0.0646,  0.0663],
        [-0.0566,  0.0541],
        [-0.0605,  0.0606],
        [-0.0795,  0.0788],
        [-0.0414,  0.0405],
        [-0.0762,  0.0748],
        [-0.0212,  0.0207],
        [-0.0374,  0.0356]], device='cuda:0', requires_grad=True)
alpha 1 is Parameter containing:
tensor([[-0.1206,  0.1215],
        [-0.0655,  0.0633],
        [-0.1197,  0.1187],
        [-0.0371,  0.0393],
        [-0.0332,  0.0331],
        [-0.1108,  0.1105],
        [-0.0661,  0.0661],
        [-0.0543,  0.0545],
        [-0.0430,  0.0440],
        [-0.1094,  0.1098],
        [-0.0291,  0.0282],
        [-0.0336,  0.0335],
        [-0.0408,  0.0384],
        [-0.0084,  0.0089]], device='cuda:0', requires_grad=True)
[005-050] Search: Model metrics  : loss=1.09, accuracy@1=60.77%, accuracy@5=96.12%, time-cost=678.1 s
[005-050] Search: Architecture metrics  : loss=1.10, accuracy@1=60.43%, accuracy@5=96.09%
[005-050] Evaluation:  : loss=1.06, accuracy@1=61.86%, accuracy@5=96.28%
<<<--->>> The 005-050-th epoch : found the highest validation accuracy : 61.86%.
alpha 0 is Parameter containing:
tensor([[-0.2226,  0.2230],
        [-0.1200,  0.1200],
        [-0.1653,  0.1667],
        [-0.1327,  0.1352],
        [-0.0729,  0.0744],
        [-0.1075,  0.1071],
        [-0.0801,  0.0817],
        [-0.0695,  0.0670],
        [-0.0763,  0.0763],
        [-0.1083,  0.1076],
        [-0.0382,  0.0372],
        [-0.0917,  0.0904],
        [-0.0210,  0.0205],
        [-0.0489,  0.0472]], device='cuda:0', requires_grad=True)
alpha 1 is Parameter containing:
tensor([[-0.1358,  0.1366],
        [-0.0936,  0.0914],
        [-0.1462,  0.1451],
        [-0.0444,  0.0466],
        [-0.0419,  0.0417],
        [-0.1167,  0.1163],
        [-0.0951,  0.0952],
        [-0.0624,  0.0626],
        [-0.0542,  0.0552],
        [-0.1369,  0.1374],
        [-0.0470,  0.0461],
        [-0.0384,  0.0383],
        [-0.0455,  0.0431],
        [-0.0172,  0.0177]], device='cuda:0', requires_grad=True)
[006-050] Search: Model metrics  : loss=1.00, accuracy@1=64.36%, accuracy@5=96.82%, time-cost=813.6 s
[006-050] Search: Architecture metrics  : loss=1.03, accuracy@1=63.06%, accuracy@5=96.60%
[006-050] Evaluation:  : loss=1.03, accuracy@1=62.98%, accuracy@5=96.40%
<<<--->>> The 006-050-th epoch : found the highest validation accuracy : 62.98%.
alpha 0 is Parameter containing:
tensor([[-0.2649,  0.2653],
        [-0.1551,  0.1551],
        [-0.1897,  0.1911],
        [-0.1714,  0.1739],
        [-0.0968,  0.0983],
        [-0.1185,  0.1181],
        [-0.0909,  0.0926],
        [-0.0904,  0.0879],
        [-0.0973,  0.0973],
        [-0.1169,  0.1162],
        [-0.0389,  0.0379],
        [-0.1051,  0.1038],
        [-0.0264,  0.0259],
        [-0.0695,  0.0678]], device='cuda:0', requires_grad=True)
alpha 1 is Parameter containing:
tensor([[-0.1663,  0.1671],
        [-0.1215,  0.1194],
        [-0.1703,  0.1692],
        [-0.0585,  0.0607],
        [-0.0558,  0.0557],
        [-0.1272,  0.1269],
        [-0.1134,  0.1135],
        [-0.0574,  0.0576],
        [-0.0554,  0.0564],
        [-0.1562,  0.1567],
        [-0.0636,  0.0627],
        [-0.0475,  0.0474],
        [-0.0600,  0.0577],
        [-0.0305,  0.0310]], device='cuda:0', requires_grad=True)
[007-050] Search: Model metrics  : loss=0.93, accuracy@1=66.63%, accuracy@5=97.43%, time-cost=948.4 s
[007-050] Search: Architecture metrics  : loss=0.97, accuracy@1=65.51%, accuracy@5=96.93%
[007-050] Evaluation:  : loss=0.96, accuracy@1=65.79%, accuracy@5=97.00%
<<<--->>> The 007-050-th epoch : found the highest validation accuracy : 65.79%.
alpha 0 is Parameter containing:
tensor([[-0.3018,  0.3022],
        [-0.1838,  0.1839],
        [-0.2096,  0.2110],
        [-0.1877,  0.1901],
        [-0.1138,  0.1153],
        [-0.1383,  0.1379],
        [-0.0988,  0.1004],
        [-0.1192,  0.1168],
        [-0.1076,  0.1076],
        [-0.1166,  0.1159],
        [-0.0406,  0.0396],
        [-0.1166,  0.1153],
        [-0.0272,  0.0268],
        [-0.0898,  0.0881]], device='cuda:0', requires_grad=True)
alpha 1 is Parameter containing:
tensor([[-0.1987,  0.1995],
        [-0.1411,  0.1390],
        [-0.1969,  0.1959],
        [-0.0687,  0.0709],
        [-0.0677,  0.0676],
        [-0.1408,  0.1404],
        [-0.1371,  0.1371],
        [-0.0577,  0.0579],
        [-0.0546,  0.0555],
        [-0.1868,  0.1872],
        [-0.0834,  0.0825],
        [-0.0621,  0.0620],
        [-0.0629,  0.0606],
        [-0.0435,  0.0439]], device='cuda:0', requires_grad=True)
[008-050] Search: Model metrics  : loss=0.87, accuracy@1=69.20%, accuracy@5=97.68%, time-cost=1083.0 s
[008-050] Search: Architecture metrics  : loss=0.91, accuracy@1=67.48%, accuracy@5=97.38%
[008-050] Evaluation:  : loss=0.90, accuracy@1=68.48%, accuracy@5=97.29%
<<<--->>> The 008-050-th epoch : found the highest validation accuracy : 68.48%.
alpha 0 is Parameter containing:
tensor([[-0.3328,  0.3332],
        [-0.2068,  0.2068],
        [-0.2260,  0.2274],
        [-0.2173,  0.2197],
        [-0.1351,  0.1366],
        [-0.1563,  0.1559],
        [-0.1149,  0.1166],
        [-0.1486,  0.1461],
        [-0.1251,  0.1252],
        [-0.1186,  0.1180],
        [-0.0420,  0.0411],
        [-0.1271,  0.1258],
        [-0.0349,  0.0345],
        [-0.1153,  0.1136]], device='cuda:0', requires_grad=True)
alpha 1 is Parameter containing:
tensor([[-0.2373,  0.2381],
        [-0.1639,  0.1618],
        [-0.2020,  0.2010],
        [-0.0709,  0.0731],
        [-0.0801,  0.0800],
        [-0.1557,  0.1553],
        [-0.1587,  0.1588],
        [-0.0602,  0.0603],
        [-0.0533,  0.0542],
        [-0.2222,  0.2227],
        [-0.1068,  0.1059],
        [-0.0801,  0.0800],
        [-0.0684,  0.0661],
        [-0.0602,  0.0606]], device='cuda:0', requires_grad=True)
[009-050] Search: Model metrics  : loss=0.82, accuracy@1=70.96%, accuracy@5=97.90%, time-cost=1219.0 s
[009-050] Search: Architecture metrics  : loss=0.85, accuracy@1=70.14%, accuracy@5=97.77%
[009-050] Evaluation:  : loss=0.83, accuracy@1=71.05%, accuracy@5=97.83%
<<<--->>> The 009-050-th epoch : found the highest validation accuracy : 71.05%.
alpha 0 is Parameter containing:
tensor([[-0.3675,  0.3679],
        [-0.2360,  0.2360],
        [-0.2514,  0.2528],
        [-0.2443,  0.2467],
        [-0.1568,  0.1583],
        [-0.1741,  0.1737],
        [-0.1387,  0.1403],
        [-0.1730,  0.1706],
        [-0.1441,  0.1442],
        [-0.1257,  0.1250],
        [-0.0547,  0.0538],
        [-0.1439,  0.1426],
        [-0.0426,  0.0422],
        [-0.1340,  0.1323]], device='cuda:0', requires_grad=True)
alpha 1 is Parameter containing:
tensor([[-0.2751,  0.2759],
        [-0.2014,  0.1993],
        [-0.2248,  0.2238],
        [-0.0956,  0.0976],
        [-0.0963,  0.0962],
        [-0.1733,  0.1729],
        [-0.1814,  0.1815],
        [-0.0768,  0.0770],
        [-0.0659,  0.0668],
        [-0.2359,  0.2363],
        [-0.1323,  0.1314],
        [-0.1011,  0.1010],
        [-0.0794,  0.0772],
        [-0.0744,  0.0748]], device='cuda:0', requires_grad=True)
[010-050] Search: Model metrics  : loss=0.76, accuracy@1=73.46%, accuracy@5=98.14%, time-cost=1352.5 s
[010-050] Search: Architecture metrics  : loss=0.81, accuracy@1=71.27%, accuracy@5=97.98%
[010-050] Evaluation:  : loss=0.76, accuracy@1=72.93%, accuracy@5=98.30%
<<<--->>> The 010-050-th epoch : found the highest validation accuracy : 72.93%.
alpha 0 is Parameter containing:
tensor([[-0.3953,  0.3957],
        [-0.2615,  0.2615],
        [-0.2656,  0.2670],
        [-0.2619,  0.2643],
        [-0.1774,  0.1788],
        [-0.1894,  0.1890],
        [-0.1476,  0.1492],
        [-0.1903,  0.1879],
        [-0.1582,  0.1583],
        [-0.1346,  0.1340],
        [-0.0575,  0.0566],
        [-0.1443,  0.1431],
        [-0.0442,  0.0437],
        [-0.1577,  0.1561]], device='cuda:0', requires_grad=True)
alpha 1 is Parameter containing:
tensor([[-0.3106,  0.3113],
        [-0.2218,  0.2198],
        [-0.2581,  0.2571],
        [-0.0933,  0.0954],
        [-0.1200,  0.1199],
        [-0.1958,  0.1955],
        [-0.1871,  0.1871],
        [-0.1058,  0.1060],
        [-0.0789,  0.0798],
        [-0.2472,  0.2476],
        [-0.1421,  0.1413],
        [-0.1155,  0.1154],
        [-0.0872,  0.0851],
        [-0.0928,  0.0932]], device='cuda:0', requires_grad=True)
[011-050] Search: Model metrics  : loss=0.72, accuracy@1=74.76%, accuracy@5=98.52%, time-cost=1488.1 s
[011-050] Search: Architecture metrics  : loss=0.77, accuracy@1=72.87%, accuracy@5=98.11%
[011-050] Evaluation:  : loss=0.69, accuracy@1=75.86%, accuracy@5=98.68%
<<<--->>> The 011-050-th epoch : found the highest validation accuracy : 75.86%.
alpha 0 is Parameter containing:
tensor([[-0.4243,  0.4247],
        [-0.2876,  0.2877],
        [-0.2812,  0.2826],
        [-0.2856,  0.2880],
        [-0.1891,  0.1905],
        [-0.1950,  0.1946],
        [-0.1650,  0.1666],
        [-0.2095,  0.2071],
        [-0.1737,  0.1738],
        [-0.1341,  0.1334],
        [-0.0667,  0.0658],
        [-0.1533,  0.1520],
        [-0.0358,  0.0353],
        [-0.1596,  0.1580]], device='cuda:0', requires_grad=True)
alpha 1 is Parameter containing:
tensor([[-0.3520,  0.3528],
        [-0.2300,  0.2280],
        [-0.2721,  0.2711],
        [-0.1109,  0.1129],
        [-0.1374,  0.1373],
        [-0.2142,  0.2139],
        [-0.2029,  0.2030],
        [-0.1187,  0.1189],
        [-0.1025,  0.1034],
        [-0.2687,  0.2691],
        [-0.1525,  0.1517],
        [-0.1270,  0.1270],
        [-0.0984,  0.0963],
        [-0.0951,  0.0955]], device='cuda:0', requires_grad=True)
[012-050] Search: Model metrics  : loss=0.67, accuracy@1=76.25%, accuracy@5=98.56%, time-cost=1623.6 s
[012-050] Search: Architecture metrics  : loss=0.73, accuracy@1=74.54%, accuracy@5=98.37%
[012-050] Evaluation:  : loss=0.76, accuracy@1=73.48%, accuracy@5=98.32%
alpha 0 is Parameter containing:
tensor([[-0.4590,  0.4593],
        [-0.3056,  0.3057],
        [-0.3031,  0.3044],
        [-0.2937,  0.2961],
        [-0.2072,  0.2086],
        [-0.2098,  0.2094],
        [-0.1777,  0.1793],
        [-0.2264,  0.2240],
        [-0.1682,  0.1682],
        [-0.1408,  0.1401],
        [-0.0740,  0.0731],
        [-0.1529,  0.1516],
        [-0.0248,  0.0244],
        [-0.1755,  0.1739]], device='cuda:0', requires_grad=True)
alpha 1 is Parameter containing:
tensor([[-0.3936,  0.3944],
        [-0.2446,  0.2426],
        [-0.2861,  0.2852],
        [-0.1237,  0.1257],
        [-0.1571,  0.1569],
        [-0.2361,  0.2358],
        [-0.2192,  0.2192],
        [-0.1387,  0.1389],
        [-0.0920,  0.0928],
        [-0.2705,  0.2709],
        [-0.1700,  0.1691],
        [-0.1466,  0.1465],
        [-0.0977,  0.0956],
        [-0.1083,  0.1087]], device='cuda:0', requires_grad=True)
[013-050] Search: Model metrics  : loss=0.63, accuracy@1=78.08%, accuracy@5=98.88%, time-cost=1758.8 s
[013-050] Search: Architecture metrics  : loss=0.70, accuracy@1=75.69%, accuracy@5=98.43%
[013-050] Evaluation:  : loss=0.74, accuracy@1=74.80%, accuracy@5=98.06%
alpha 0 is Parameter containing:
tensor([[-0.4878,  0.4882],
        [-0.3226,  0.3227],
        [-0.3079,  0.3093],
        [-0.3133,  0.3156],
        [-0.2284,  0.2298],
        [-0.2189,  0.2185],
        [-0.1842,  0.1858],
        [-0.2385,  0.2361],
        [-0.1837,  0.1838],
        [-0.1377,  0.1370],
        [-0.0673,  0.0664],
        [-0.1568,  0.1555],
        [-0.0150,  0.0145],
        [-0.1914,  0.1898]], device='cuda:0', requires_grad=True)
alpha 1 is Parameter containing:
tensor([[-0.4265,  0.4273],
        [-0.2680,  0.2660],
        [-0.3094,  0.3084],
        [-0.1329,  0.1349],
        [-0.1862,  0.1861],
        [-0.2580,  0.2576],
        [-0.2169,  0.2170],
        [-0.1655,  0.1657],
        [-0.1025,  0.1034],
        [-0.2771,  0.2775],
        [-0.1693,  0.1685],
        [-0.1622,  0.1621],
        [-0.0994,  0.0973],
        [-0.1149,  0.1153]], device='cuda:0', requires_grad=True)
[014-050] Search: Model metrics  : loss=0.60, accuracy@1=78.97%, accuracy@5=98.85%, time-cost=1894.5 s
[014-050] Search: Architecture metrics  : loss=0.65, accuracy@1=77.42%, accuracy@5=98.74%
[014-050] Evaluation:  : loss=0.63, accuracy@1=77.98%, accuracy@5=98.72%
<<<--->>> The 014-050-th epoch : found the highest validation accuracy : 77.98%.
alpha 0 is Parameter containing:
tensor([[-0.5064,  0.5068],
        [-0.3472,  0.3473],
        [-0.3221,  0.3235],
        [-0.3320,  0.3343],
        [-0.2345,  0.2359],
        [-0.2415,  0.2412],
        [-0.2059,  0.2075],
        [-0.2603,  0.2580],
        [-0.1846,  0.1847],
        [-0.1303,  0.1296],
        [-0.0792,  0.0783],
        [-0.1653,  0.1641],
        [-0.0157,  0.0153],
        [-0.2071,  0.2055]], device='cuda:0', requires_grad=True)
alpha 1 is Parameter containing:
tensor([[-0.4587,  0.4594],
        [-0.2867,  0.2847],
        [-0.3332,  0.3323],
        [-0.1366,  0.1385],
        [-0.2091,  0.2089],
        [-0.2764,  0.2761],
        [-0.2222,  0.2223],
        [-0.1823,  0.1825],
        [-0.1112,  0.1120],
        [-0.2745,  0.2749],
        [-0.1751,  0.1743],
        [-0.1901,  0.1900],
        [-0.1117,  0.1097],
        [-0.1297,  0.1301]], device='cuda:0', requires_grad=True)
[015-050] Search: Model metrics  : loss=0.57, accuracy@1=80.10%, accuracy@5=98.89%, time-cost=2030.0 s
[015-050] Search: Architecture metrics  : loss=0.65, accuracy@1=77.64%, accuracy@5=98.72%
[015-050] Evaluation:  : loss=0.66, accuracy@1=77.78%, accuracy@5=98.61%
alpha 0 is Parameter containing:
tensor([[-0.5198,  0.5202],
        [-0.3757,  0.3757],
        [-0.3385,  0.3399],
        [-0.3414,  0.3438],
        [-0.2357,  0.2371],
        [-0.2422,  0.2418],
        [-0.2000,  0.2015],
        [-0.2799,  0.2776],
        [-0.2038,  0.2038],
        [-0.1151,  0.1144],
        [-0.0753,  0.0744],
        [-0.1690,  0.1677],
        [-0.0125,  0.0121],
        [-0.2304,  0.2289]], device='cuda:0', requires_grad=True)
alpha 1 is Parameter containing:
tensor([[-0.4901,  0.4909],
        [-0.3002,  0.2982],
        [-0.3494,  0.3484],
        [-0.1503,  0.1523],
        [-0.2142,  0.2141],
        [-0.2915,  0.2911],
        [-0.2288,  0.2289],
        [-0.1998,  0.1999],
        [-0.1244,  0.1253],
        [-0.2814,  0.2818],
        [-0.1850,  0.1842],
        [-0.2022,  0.2022],
        [-0.1218,  0.1198],
        [-0.1415,  0.1419]], device='cuda:0', requires_grad=True)
[016-050] Search: Model metrics  : loss=0.55, accuracy@1=80.84%, accuracy@5=99.07%, time-cost=2166.1 s
[016-050] Search: Architecture metrics  : loss=0.62, accuracy@1=78.48%, accuracy@5=98.67%
[016-050] Evaluation:  : loss=0.63, accuracy@1=78.47%, accuracy@5=98.74%
<<<--->>> The 016-050-th epoch : found the highest validation accuracy : 78.47%.
alpha 0 is Parameter containing:
tensor([[-0.5404,  0.5408],
        [-0.3907,  0.3908],
        [-0.3404,  0.3417],
        [-0.3457,  0.3480],
        [-0.2444,  0.2458],
        [-0.2584,  0.2580],
        [-0.2057,  0.2072],
        [-0.2921,  0.2898],
        [-0.2112,  0.2113],
        [-0.1044,  0.1037],
        [-0.0741,  0.0733],
        [-0.1743,  0.1731],
        [-0.0047,  0.0042],
        [-0.2442,  0.2427]], device='cuda:0', requires_grad=True)
alpha 1 is Parameter containing:
tensor([[-0.5178,  0.5185],
        [-0.3167,  0.3147],
        [-0.3550,  0.3541],
        [-0.1765,  0.1784],
        [-0.2168,  0.2167],
        [-0.3027,  0.3024],
        [-0.2345,  0.2346],
        [-0.2184,  0.2185],
        [-0.1326,  0.1334],
        [-0.2877,  0.2881],
        [-0.1987,  0.1980],
        [-0.2102,  0.2101],
        [-0.1372,  0.1352],
        [-0.1539,  0.1542]], device='cuda:0', requires_grad=True)
[017-050] Search: Model metrics  : loss=0.52, accuracy@1=82.06%, accuracy@5=99.14%, time-cost=2301.6 s
[017-050] Search: Architecture metrics  : loss=0.60, accuracy@1=79.32%, accuracy@5=98.87%
[017-050] Evaluation:  : loss=0.61, accuracy@1=79.41%, accuracy@5=98.82%
<<<--->>> The 017-050-th epoch : found the highest validation accuracy : 79.41%.
alpha 0 is Parameter containing:
tensor([[-0.5518,  0.5521],
        [-0.4175,  0.4175],
        [-0.3483,  0.3496],
        [-0.3527,  0.3550],
        [-0.2485,  0.2499],
        [-0.2618,  0.2614],
        [-0.2122,  0.2138],
        [-0.3032,  0.3010],
        [-0.2144,  0.2145],
        [-0.1054,  0.1048],
        [-0.0671,  0.0663],
        [-0.1687,  0.1675],
        [ 0.0021, -0.0025],
        [-0.2530,  0.2515]], device='cuda:0', requires_grad=True)
alpha 1 is Parameter containing:
tensor([[-0.5460,  0.5467],
        [-0.3247,  0.3228],
        [-0.3721,  0.3712],
        [-0.1893,  0.1912],
        [-0.2196,  0.2195],
        [-0.3166,  0.3163],
        [-0.2386,  0.2387],
        [-0.2277,  0.2279],
        [-0.1330,  0.1338],
        [-0.2942,  0.2946],
        [-0.2154,  0.2147],
        [-0.2183,  0.2183],
        [-0.1516,  0.1497],
        [-0.1663,  0.1666]], device='cuda:0', requires_grad=True)
[018-050] Search: Model metrics  : loss=0.50, accuracy@1=82.72%, accuracy@5=99.33%, time-cost=2437.5 s
[018-050] Search: Architecture metrics  : loss=0.59, accuracy@1=79.80%, accuracy@5=98.93%
[018-050] Evaluation:  : loss=0.63, accuracy@1=78.68%, accuracy@5=98.83%
alpha 0 is Parameter containing:
tensor([[-0.5715,  0.5719],
        [-0.4333,  0.4334],
        [-0.3521,  0.3534],
        [-0.3585,  0.3608],
        [-0.2484,  0.2497],
        [-0.2736,  0.2733],
        [-0.2045,  0.2060],
        [-0.3171,  0.3149],
        [-0.2128,  0.2129],
        [-0.0921,  0.0915],
        [-0.0641,  0.0632],
        [-0.1679,  0.1667],
        [ 0.0058, -0.0062],
        [-0.2647,  0.2632]], device='cuda:0', requires_grad=True)
alpha 1 is Parameter containing:
tensor([[-0.5783,  0.5790],
        [-0.3367,  0.3348],
        [-0.3760,  0.3751],
        [-0.1983,  0.2002],
        [-0.2426,  0.2425],
        [-0.3333,  0.3330],
        [-0.2351,  0.2352],
        [-0.2371,  0.2373],
        [-0.1470,  0.1477],
        [-0.3026,  0.3030],
        [-0.2123,  0.2116],
        [-0.2282,  0.2281],
        [-0.1814,  0.1795],
        [-0.1701,  0.1704]], device='cuda:0', requires_grad=True)
[019-050] Search: Model metrics  : loss=0.47, accuracy@1=83.48%, accuracy@5=99.32%, time-cost=2572.6 s
[019-050] Search: Architecture metrics  : loss=0.58, accuracy@1=80.14%, accuracy@5=99.02%
[019-050] Evaluation:  : loss=0.58, accuracy@1=79.99%, accuracy@5=99.00%
<<<--->>> The 019-050-th epoch : found the highest validation accuracy : 79.99%.
alpha 0 is Parameter containing:
tensor([[-0.5873,  0.5877],
        [-0.4411,  0.4411],
        [-0.3530,  0.3543],
        [-0.3593,  0.3615],
        [-0.2446,  0.2459],
        [-0.2899,  0.2895],
        [-0.1981,  0.1996],
        [-0.3296,  0.3274],
        [-0.1965,  0.1966],
        [-0.0814,  0.0807],
        [-0.0639,  0.0630],
        [-0.1615,  0.1604],
        [ 0.0095, -0.0099],
        [-0.2765,  0.2750]], device='cuda:0', requires_grad=True)
alpha 1 is Parameter containing:
tensor([[-0.6028,  0.6036],
        [-0.3524,  0.3506],
        [-0.3940,  0.3931],
        [-0.2077,  0.2096],
        [-0.2523,  0.2522],
        [-0.3510,  0.3507],
        [-0.2334,  0.2335],
        [-0.2491,  0.2492],
        [-0.1495,  0.1503],
        [-0.3100,  0.3104],
        [-0.2208,  0.2200],
        [-0.2364,  0.2363],
        [-0.1894,  0.1876],
        [-0.1802,  0.1806]], device='cuda:0', requires_grad=True)
[020-050] Search: Model metrics  : loss=0.46, accuracy@1=84.02%, accuracy@5=99.30%, time-cost=2707.9 s
[020-050] Search: Architecture metrics  : loss=0.58, accuracy@1=80.37%, accuracy@5=98.81%
[020-050] Evaluation:  : loss=0.55, accuracy@1=80.98%, accuracy@5=99.02%
<<<--->>> The 020-050-th epoch : found the highest validation accuracy : 80.98%.
alpha 0 is Parameter containing:
tensor([[-0.6114,  0.6118],
        [-0.4469,  0.4469],
        [-0.3480,  0.3493],
        [-0.3698,  0.3720],
        [-0.2469,  0.2483],
        [-0.2920,  0.2917],
        [-0.1842,  0.1857],
        [-0.3387,  0.3365],
        [-0.1999,  0.2000],
        [-0.0699,  0.0692],
        [-0.0564,  0.0556],
        [-0.1541,  0.1530],
        [ 0.0131, -0.0136],
        [-0.2890,  0.2875]], device='cuda:0', requires_grad=True)
alpha 1 is Parameter containing:
tensor([[-0.6284,  0.6291],
        [-0.3702,  0.3684],
        [-0.4129,  0.4120],
        [-0.2115,  0.2134],
        [-0.2655,  0.2654],
        [-0.3588,  0.3584],
        [-0.2358,  0.2358],
        [-0.2646,  0.2648],
        [-0.1430,  0.1437],
        [-0.3255,  0.3259],
        [-0.2191,  0.2184],
        [-0.2369,  0.2368],
        [-0.1890,  0.1871],
        [-0.1831,  0.1835]], device='cuda:0', requires_grad=True)
[021-050] Search: Model metrics  : loss=0.44, accuracy@1=84.64%, accuracy@5=99.44%, time-cost=2843.1 s
[021-050] Search: Architecture metrics  : loss=0.55, accuracy@1=81.07%, accuracy@5=98.96%
[021-050] Evaluation:  : loss=0.55, accuracy@1=81.52%, accuracy@5=99.00%
<<<--->>> The 021-050-th epoch : found the highest validation accuracy : 81.52%.
alpha 0 is Parameter containing:
tensor([[-0.6217,  0.6221],
        [-0.4667,  0.4667],
        [-0.3587,  0.3600],
        [-0.3580,  0.3603],
        [-0.2556,  0.2570],
        [-0.2833,  0.2830],
        [-0.1779,  0.1794],
        [-0.3544,  0.3522],
        [-0.1987,  0.1988],
        [-0.0551,  0.0544],
        [-0.0466,  0.0457],
        [-0.1647,  0.1636],
        [ 0.0370, -0.0374],
        [-0.2904,  0.2890]], device='cuda:0', requires_grad=True)
alpha 1 is Parameter containing:
tensor([[-0.6549,  0.6556],
        [-0.3932,  0.3913],
        [-0.4279,  0.4270],
        [-0.2162,  0.2180],
        [-0.2781,  0.2780],
        [-0.3751,  0.3748],
        [-0.2241,  0.2242],
        [-0.2835,  0.2837],
        [-0.1549,  0.1556],
        [-0.3254,  0.3258],
        [-0.2199,  0.2191],
        [-0.2497,  0.2496],
        [-0.2022,  0.2004],
        [-0.1907,  0.1911]], device='cuda:0', requires_grad=True)
[022-050] Search: Model metrics  : loss=0.41, accuracy@1=85.69%, accuracy@5=99.48%, time-cost=2978.2 s
[022-050] Search: Architecture metrics  : loss=0.54, accuracy@1=81.46%, accuracy@5=99.04%
[022-050] Evaluation:  : loss=0.54, accuracy@1=81.94%, accuracy@5=99.01%
<<<--->>> The 022-050-th epoch : found the highest validation accuracy : 81.94%.
alpha 0 is Parameter containing:
tensor([[-0.6266,  0.6269],
        [-0.4799,  0.4799],
        [-0.3565,  0.3578],
        [-0.3589,  0.3611],
        [-0.2623,  0.2636],
        [-0.2839,  0.2835],
        [-0.1617,  0.1632],
        [-0.3604,  0.3582],
        [-0.1888,  0.1888],
        [-0.0539,  0.0533],
        [-0.0233,  0.0224],
        [-0.1614,  0.1603],
        [ 0.0527, -0.0531],
        [-0.2856,  0.2842]], device='cuda:0', requires_grad=True)
alpha 1 is Parameter containing:
tensor([[-0.6811,  0.6818],
        [-0.4001,  0.3983],
        [-0.4453,  0.4444],
        [-0.2229,  0.2247],
        [-0.2857,  0.2856],
        [-0.3973,  0.3970],
        [-0.2128,  0.2129],
        [-0.2983,  0.2985],
        [-0.1555,  0.1563],
        [-0.3340,  0.3344],
        [-0.2320,  0.2312],
        [-0.2536,  0.2535],
        [-0.1992,  0.1973],
        [-0.1998,  0.2001]], device='cuda:0', requires_grad=True)
[023-050] Search: Model metrics  : loss=0.40, accuracy@1=85.88%, accuracy@5=99.46%, time-cost=3113.8 s
[023-050] Search: Architecture metrics  : loss=0.52, accuracy@1=82.28%, accuracy@5=99.15%
[023-050] Evaluation:  : loss=0.52, accuracy@1=81.72%, accuracy@5=99.19%
alpha 0 is Parameter containing:
tensor([[-0.6281,  0.6284],
        [-0.4875,  0.4875],
        [-0.3574,  0.3587],
        [-0.3580,  0.3602],
        [-0.2695,  0.2708],
        [-0.2840,  0.2836],
        [-0.1546,  0.1560],
        [-0.3686,  0.3665],
        [-0.1949,  0.1950],
        [-0.0652,  0.0645],
        [-0.0086,  0.0077],
        [-0.1556,  0.1545],
        [ 0.0762, -0.0766],
        [-0.2982,  0.2968]], device='cuda:0', requires_grad=True)
alpha 1 is Parameter containing:
tensor([[-0.7009,  0.7016],
        [-0.4093,  0.4075],
        [-0.4554,  0.4545],
        [-0.2263,  0.2281],
        [-0.2897,  0.2896],
        [-0.4191,  0.4188],
        [-0.2096,  0.2096],
        [-0.3127,  0.3128],
        [-0.1647,  0.1655],
        [-0.3363,  0.3367],
        [-0.2411,  0.2404],
        [-0.2660,  0.2659],
        [-0.1999,  0.1981],
        [-0.2039,  0.2042]], device='cuda:0', requires_grad=True)
[024-050] Search: Model metrics  : loss=0.38, accuracy@1=86.66%, accuracy@5=99.54%, time-cost=3250.0 s
[024-050] Search: Architecture metrics  : loss=0.51, accuracy@1=82.64%, accuracy@5=99.04%
[024-050] Evaluation:  : loss=0.54, accuracy@1=81.42%, accuracy@5=99.13%
alpha 0 is Parameter containing:
tensor([[-0.6332,  0.6336],
        [-0.4937,  0.4937],
        [-0.3595,  0.3607],
        [-0.3558,  0.3580],
        [-0.2743,  0.2756],
        [-0.2836,  0.2833],
        [-0.1480,  0.1494],
        [-0.3806,  0.3785],
        [-0.1797,  0.1798],
        [-0.0542,  0.0535],
        [-0.0060,  0.0052],
        [-0.1459,  0.1448],
        [ 0.0831, -0.0835],
        [-0.3016,  0.3002]], device='cuda:0', requires_grad=True)
alpha 1 is Parameter containing:
tensor([[-0.7214,  0.7221],
        [-0.4140,  0.4122],
        [-0.4601,  0.4592],
        [-0.2392,  0.2410],
        [-0.3096,  0.3095],
        [-0.4402,  0.4399],
        [-0.1977,  0.1978],
        [-0.3291,  0.3293],
        [-0.1630,  0.1637],
        [-0.3522,  0.3526],
        [-0.2400,  0.2392],
        [-0.2749,  0.2748],
        [-0.2033,  0.2016],
        [-0.2182,  0.2185]], device='cuda:0', requires_grad=True)
[025-050] Search: Model metrics  : loss=0.37, accuracy@1=87.13%, accuracy@5=99.54%, time-cost=3385.7 s
[025-050] Search: Architecture metrics  : loss=0.51, accuracy@1=82.60%, accuracy@5=99.16%
[025-050] Evaluation:  : loss=0.53, accuracy@1=82.30%, accuracy@5=99.16%
<<<--->>> The 025-050-th epoch : found the highest validation accuracy : 82.30%.
alpha 0 is Parameter containing:
tensor([[-0.6393,  0.6396],
        [-0.5076,  0.5076],
        [-0.3655,  0.3667],
        [-0.3592,  0.3614],
        [-0.2699,  0.2712],
        [-0.2839,  0.2836],
        [-0.1382,  0.1397],
        [-0.3910,  0.3889],
        [-0.1665,  0.1666],
        [-0.0481,  0.0475],
        [ 0.0192, -0.0200],
        [-0.1460,  0.1449],
        [ 0.1091, -0.1095],
        [-0.3040,  0.3026]], device='cuda:0', requires_grad=True)
alpha 1 is Parameter containing:
tensor([[-0.7378,  0.7385],
        [-0.4289,  0.4272],
        [-0.4630,  0.4621],
        [-0.2589,  0.2607],
        [-0.3113,  0.3112],
        [-0.4512,  0.4509],
        [-0.2028,  0.2028],
        [-0.3331,  0.3332],
        [-0.1558,  0.1565],
        [-0.3696,  0.3699],
        [-0.2515,  0.2508],
        [-0.2838,  0.2838],
        [-0.1972,  0.1955],
        [-0.2204,  0.2208]], device='cuda:0', requires_grad=True)
[026-050] Search: Model metrics  : loss=0.35, accuracy@1=87.59%, accuracy@5=99.62%, time-cost=3521.4 s
[026-050] Search: Architecture metrics  : loss=0.52, accuracy@1=82.48%, accuracy@5=99.04%
[026-050] Evaluation:  : loss=0.50, accuracy@1=83.31%, accuracy@5=99.14%
<<<--->>> The 026-050-th epoch : found the highest validation accuracy : 83.31%.
alpha 0 is Parameter containing:
tensor([[-0.6373,  0.6376],
        [-0.5144,  0.5144],
        [-0.3646,  0.3658],
        [-0.3597,  0.3619],
        [-0.2654,  0.2667],
        [-0.2771,  0.2768],
        [-0.1145,  0.1159],
        [-0.3873,  0.3852],
        [-0.1660,  0.1660],
        [-0.0338,  0.0331],
        [ 0.0479, -0.0488],
        [-0.1315,  0.1304],
        [ 0.1223, -0.1227],
        [-0.2981,  0.2967]], device='cuda:0', requires_grad=True)
alpha 1 is Parameter containing:
tensor([[-0.7565,  0.7571],
        [-0.4399,  0.4382],
        [-0.4850,  0.4841],
        [-0.2615,  0.2632],
        [-0.3178,  0.3177],
        [-0.4648,  0.4645],
        [-0.2018,  0.2019],
        [-0.3546,  0.3547],
        [-0.1621,  0.1628],
        [-0.3597,  0.3601],
        [-0.2576,  0.2569],
        [-0.2880,  0.2879],
        [-0.1984,  0.1967],
        [-0.2224,  0.2227]], device='cuda:0', requires_grad=True)
[027-050] Search: Model metrics  : loss=0.34, accuracy@1=88.02%, accuracy@5=99.69%, time-cost=3657.2 s
[027-050] Search: Architecture metrics  : loss=0.49, accuracy@1=83.30%, accuracy@5=99.25%
[027-050] Evaluation:  : loss=0.49, accuracy@1=83.59%, accuracy@5=99.25%
<<<--->>> The 027-050-th epoch : found the highest validation accuracy : 83.59%.
alpha 0 is Parameter containing:
tensor([[-0.6491,  0.6494],
        [-0.5114,  0.5114],
        [-0.3706,  0.3718],
        [-0.3646,  0.3667],
        [-0.2604,  0.2617],
        [-0.2785,  0.2782],
        [-0.1005,  0.1019],
        [-0.3915,  0.3894],
        [-0.1518,  0.1519],
        [-0.0233,  0.0227],
        [ 0.0680, -0.0688],
        [-0.1161,  0.1151],
        [ 0.1205, -0.1209],
        [-0.3028,  0.3015]], device='cuda:0', requires_grad=True)
alpha 1 is Parameter containing:
tensor([[-0.7716,  0.7723],
        [-0.4488,  0.4470],
        [-0.5054,  0.5045],
        [-0.2683,  0.2700],
        [-0.3197,  0.3196],
        [-0.4745,  0.4742],
        [-0.1942,  0.1943],
        [-0.3657,  0.3658],
        [-0.1534,  0.1541],
        [-0.3686,  0.3689],
        [-0.2668,  0.2661],
        [-0.2850,  0.2849],
        [-0.1930,  0.1913],
        [-0.2131,  0.2134]], device='cuda:0', requires_grad=True)
[028-050] Search: Model metrics  : loss=0.32, accuracy@1=88.54%, accuracy@5=99.70%, time-cost=3793.7 s
[028-050] Search: Architecture metrics  : loss=0.49, accuracy@1=83.47%, accuracy@5=99.26%
[028-050] Evaluation:  : loss=0.49, accuracy@1=83.63%, accuracy@5=99.28%
<<<--->>> The 028-050-th epoch : found the highest validation accuracy : 83.63%.
alpha 0 is Parameter containing:
tensor([[-0.6426,  0.6429],
        [-0.5120,  0.5120],
        [-0.3720,  0.3732],
        [-0.3552,  0.3573],
        [-0.2581,  0.2594],
        [-0.2766,  0.2762],
        [-0.0934,  0.0948],
        [-0.3971,  0.3950],
        [-0.1471,  0.1472],
        [-0.0152,  0.0146],
        [ 0.0861, -0.0870],
        [-0.0993,  0.0982],
        [ 0.1349, -0.1353],
        [-0.2884,  0.2871]], device='cuda:0', requires_grad=True)
alpha 1 is Parameter containing:
tensor([[-0.7950,  0.7957],
        [-0.4753,  0.4736],
        [-0.5077,  0.5069],
        [-0.2754,  0.2771],
        [-0.3336,  0.3335],
        [-0.4815,  0.4812],
        [-0.1963,  0.1963],
        [-0.3684,  0.3686],
        [-0.1527,  0.1534],
        [-0.3684,  0.3687],
        [-0.2697,  0.2691],
        [-0.2962,  0.2961],
        [-0.1959,  0.1943],
        [-0.2172,  0.2175]], device='cuda:0', requires_grad=True)
[029-050] Search: Model metrics  : loss=0.30, accuracy@1=89.42%, accuracy@5=99.74%, time-cost=3929.4 s
[029-050] Search: Architecture metrics  : loss=0.50, accuracy@1=83.40%, accuracy@5=99.21%
[029-050] Evaluation:  : loss=0.51, accuracy@1=83.29%, accuracy@5=99.06%
alpha 0 is Parameter containing:
tensor([[-6.4352e-01,  6.4387e-01],
        [-5.1172e-01,  5.1175e-01],
        [-3.5984e-01,  3.6107e-01],
        [-3.4904e-01,  3.5117e-01],
        [-2.6578e-01,  2.6706e-01],
        [-2.5674e-01,  2.5639e-01],
        [-7.3719e-02,  7.5130e-02],
        [-4.1140e-01,  4.0936e-01],
        [-1.3938e-01,  1.3944e-01],
        [ 5.5756e-05, -6.7636e-04],
        [ 1.0912e-01, -1.0994e-01],
        [-8.0840e-02,  7.9767e-02],
        [ 1.4786e-01, -1.4826e-01],
        [-2.9061e-01,  2.8928e-01]], device='cuda:0', requires_grad=True)
alpha 1 is Parameter containing:
tensor([[-0.8203,  0.8209],
        [-0.4849,  0.4832],
        [-0.5028,  0.5020],
        [-0.2781,  0.2797],
        [-0.3408,  0.3407],
        [-0.4896,  0.4893],
        [-0.1988,  0.1989],
        [-0.3771,  0.3772],
        [-0.1539,  0.1546],
        [-0.3724,  0.3728],
        [-0.2782,  0.2776],
        [-0.3176,  0.3175],
        [-0.1886,  0.1870],
        [-0.2100,  0.2103]], device='cuda:0', requires_grad=True)
[030-050] Search: Model metrics  : loss=0.30, accuracy@1=89.48%, accuracy@5=99.74%, time-cost=4065.6 s
[030-050] Search: Architecture metrics  : loss=0.48, accuracy@1=84.11%, accuracy@5=99.20%
[030-050] Evaluation:  : loss=0.47, accuracy@1=84.36%, accuracy@5=99.28%
<<<--->>> The 030-050-th epoch : found the highest validation accuracy : 84.36%.
alpha 0 is Parameter containing:
tensor([[-0.6393,  0.6397],
        [-0.5233,  0.5233],
        [-0.3664,  0.3676],
        [-0.3458,  0.3479],
        [-0.2585,  0.2598],
        [-0.2490,  0.2487],
        [-0.0408,  0.0422],
        [-0.4227,  0.4207],
        [-0.1438,  0.1439],
        [ 0.0169, -0.0175],
        [ 0.1320, -0.1329],
        [-0.0591,  0.0580],
        [ 0.1712, -0.1716],
        [-0.2922,  0.2909]], device='cuda:0', requires_grad=True)
alpha 1 is Parameter containing:
tensor([[-0.8357,  0.8364],
        [-0.4945,  0.4928],
        [-0.5021,  0.5013],
        [-0.2891,  0.2908],
        [-0.3495,  0.3494],
        [-0.5042,  0.5039],
        [-0.1977,  0.1978],
        [-0.3883,  0.3884],
        [-0.1569,  0.1576],
        [-0.3766,  0.3770],
        [-0.2733,  0.2726],
        [-0.3263,  0.3262],
        [-0.1703,  0.1687],
        [-0.2118,  0.2121]], device='cuda:0', requires_grad=True)
[031-050] Search: Model metrics  : loss=0.28, accuracy@1=90.12%, accuracy@5=99.76%, time-cost=4201.4 s
[031-050] Search: Architecture metrics  : loss=0.48, accuracy@1=83.76%, accuracy@5=99.26%
[031-050] Evaluation:  : loss=0.48, accuracy@1=83.91%, accuracy@5=99.15%
alpha 0 is Parameter containing:
tensor([[-0.6470,  0.6473],
        [-0.5217,  0.5218],
        [-0.3699,  0.3711],
        [-0.3221,  0.3242],
        [-0.2587,  0.2600],
        [-0.2408,  0.2405],
        [-0.0133,  0.0147],
        [-0.4286,  0.4265],
        [-0.1336,  0.1337],
        [ 0.0270, -0.0276],
        [ 0.1581, -0.1589],
        [-0.0511,  0.0500],
        [ 0.1862, -0.1866],
        [-0.2876,  0.2863]], device='cuda:0', requires_grad=True)
alpha 1 is Parameter containing:
tensor([[-0.8552,  0.8558],
        [-0.5020,  0.5003],
        [-0.5199,  0.5191],
        [-0.3113,  0.3130],
        [-0.3546,  0.3545],
        [-0.5109,  0.5106],
        [-0.1909,  0.1909],
        [-0.4050,  0.4052],
        [-0.1604,  0.1611],
        [-0.3768,  0.3772],
        [-0.2773,  0.2767],
        [-0.3357,  0.3357],
        [-0.1738,  0.1722],
        [-0.2089,  0.2091]], device='cuda:0', requires_grad=True)
[032-050] Search: Model metrics  : loss=0.26, accuracy@1=90.88%, accuracy@5=99.83%, time-cost=4337.9 s
[032-050] Search: Architecture metrics  : loss=0.48, accuracy@1=84.35%, accuracy@5=99.30%
[032-050] Evaluation:  : loss=0.47, accuracy@1=85.02%, accuracy@5=99.32%
<<<--->>> The 032-050-th epoch : found the highest validation accuracy : 85.02%.
alpha 0 is Parameter containing:
tensor([[-0.6437,  0.6440],
        [-0.5204,  0.5204],
        [-0.3618,  0.3631],
        [-0.3123,  0.3144],
        [-0.2462,  0.2474],
        [-0.2273,  0.2270],
        [ 0.0133, -0.0119],
        [-0.4304,  0.4284],
        [-0.1137,  0.1138],
        [ 0.0309, -0.0316],
        [ 0.1710, -0.1718],
        [-0.0403,  0.0392],
        [ 0.2165, -0.2169],
        [-0.2858,  0.2845]], device='cuda:0', requires_grad=True)
alpha 1 is Parameter containing:
tensor([[-0.8666,  0.8672],
        [-0.5134,  0.5117],
        [-0.5274,  0.5266],
        [-0.3188,  0.3205],
        [-0.3571,  0.3570],
        [-0.5194,  0.5191],
        [-0.1943,  0.1944],
        [-0.4081,  0.4082],
        [-0.1738,  0.1745],
        [-0.3855,  0.3858],
        [-0.2802,  0.2796],
        [-0.3386,  0.3385],
        [-0.1730,  0.1714],
        [-0.2089,  0.2092]], device='cuda:0', requires_grad=True)
[033-050] Search: Model metrics  : loss=0.25, accuracy@1=91.26%, accuracy@5=99.82%, time-cost=4473.3 s
[033-050] Search: Architecture metrics  : loss=0.50, accuracy@1=83.97%, accuracy@5=99.16%
[033-050] Evaluation:  : loss=0.47, accuracy@1=84.67%, accuracy@5=99.30%
alpha 0 is Parameter containing:
tensor([[-0.6296,  0.6300],
        [-0.5283,  0.5283],
        [-0.3485,  0.3497],
        [-0.3060,  0.3081],
        [-0.2429,  0.2441],
        [-0.2068,  0.2064],
        [ 0.0366, -0.0352],
        [-0.4190,  0.4170],
        [-0.1153,  0.1154],
        [ 0.0617, -0.0623],
        [ 0.2061, -0.2069],
        [-0.0208,  0.0198],
        [ 0.2368, -0.2372],
        [-0.2797,  0.2785]], device='cuda:0', requires_grad=True)
alpha 1 is Parameter containing:
tensor([[-0.8800,  0.8806],
        [-0.5239,  0.5222],
        [-0.5334,  0.5326],
        [-0.3302,  0.3318],
        [-0.3642,  0.3641],
        [-0.5335,  0.5332],
        [-0.1939,  0.1940],
        [-0.4261,  0.4262],
        [-0.1681,  0.1687],
        [-0.3768,  0.3771],
        [-0.2736,  0.2730],
        [-0.3461,  0.3460],
        [-0.1725,  0.1710],
        [-0.2134,  0.2137]], device='cuda:0', requires_grad=True)
[034-050] Search: Model metrics  : loss=0.24, accuracy@1=91.53%, accuracy@5=99.83%, time-cost=4609.1 s
[034-050] Search: Architecture metrics  : loss=0.47, accuracy@1=84.99%, accuracy@5=99.22%
[034-050] Evaluation:  : loss=0.46, accuracy@1=85.18%, accuracy@5=99.21%
<<<--->>> The 034-050-th epoch : found the highest validation accuracy : 85.18%.
alpha 0 is Parameter containing:
tensor([[-0.6173,  0.6176],
        [-0.5249,  0.5250],
        [-0.3377,  0.3389],
        [-0.3125,  0.3146],
        [-0.2157,  0.2169],
        [-0.1865,  0.1861],
        [ 0.0529, -0.0516],
        [-0.4223,  0.4203],
        [-0.0970,  0.0970],
        [ 0.0666, -0.0672],
        [ 0.2239, -0.2247],
        [-0.0063,  0.0053],
        [ 0.2580, -0.2584],
        [-0.2586,  0.2573]], device='cuda:0', requires_grad=True)
alpha 1 is Parameter containing:
tensor([[-0.8805,  0.8811],
        [-0.5354,  0.5338],
        [-0.5335,  0.5327],
        [-0.3451,  0.3467],
        [-0.3758,  0.3757],
        [-0.5382,  0.5380],
        [-0.2103,  0.2103],
        [-0.4298,  0.4300],
        [-0.1736,  0.1743],
        [-0.3891,  0.3894],
        [-0.2748,  0.2741],
        [-0.3427,  0.3427],
        [-0.1745,  0.1730],
        [-0.2162,  0.2164]], device='cuda:0', requires_grad=True)
[035-050] Search: Model metrics  : loss=0.23, accuracy@1=92.04%, accuracy@5=99.82%, time-cost=4745.2 s
[035-050] Search: Architecture metrics  : loss=0.48, accuracy@1=84.91%, accuracy@5=99.26%
[035-050] Evaluation:  : loss=0.45, accuracy@1=85.34%, accuracy@5=99.34%
<<<--->>> The 035-050-th epoch : found the highest validation accuracy : 85.34%.
alpha 0 is Parameter containing:
tensor([[-0.6127,  0.6130],
        [-0.5134,  0.5134],
        [-0.3309,  0.3320],
        [-0.3112,  0.3133],
        [-0.2048,  0.2060],
        [-0.1745,  0.1742],
        [ 0.0880, -0.0867],
        [-0.4171,  0.4152],
        [-0.0718,  0.0719],
        [ 0.0826, -0.0832],
        [ 0.2486, -0.2494],
        [ 0.0102, -0.0112],
        [ 0.2876, -0.2879],
        [-0.2388,  0.2375]], device='cuda:0', requires_grad=True)
alpha 1 is Parameter containing:
tensor([[-0.8912,  0.8918],
        [-0.5308,  0.5291],
        [-0.5354,  0.5346],
        [-0.3569,  0.3585],
        [-0.3831,  0.3830],
        [-0.5518,  0.5516],
        [-0.2195,  0.2195],
        [-0.4481,  0.4482],
        [-0.1713,  0.1720],
        [-0.3820,  0.3823],
        [-0.2805,  0.2799],
        [-0.3451,  0.3450],
        [-0.1685,  0.1670],
        [-0.2080,  0.2083]], device='cuda:0', requires_grad=True)
[036-050] Search: Model metrics  : loss=0.21, accuracy@1=92.57%, accuracy@5=99.86%, time-cost=4881.4 s
[036-050] Search: Architecture metrics  : loss=0.47, accuracy@1=85.25%, accuracy@5=99.26%
[036-050] Evaluation:  : loss=0.47, accuracy@1=85.43%, accuracy@5=99.29%
<<<--->>> The 036-050-th epoch : found the highest validation accuracy : 85.43%.
alpha 0 is Parameter containing:
tensor([[-0.5871,  0.5874],
        [-0.5202,  0.5203],
        [-0.3168,  0.3180],
        [-0.2967,  0.2987],
        [-0.1973,  0.1985],
        [-0.1629,  0.1626],
        [ 0.1179, -0.1166],
        [-0.4178,  0.4158],
        [-0.0554,  0.0555],
        [ 0.0935, -0.0941],
        [ 0.2693, -0.2701],
        [ 0.0111, -0.0121],
        [ 0.3027, -0.3031],
        [-0.2299,  0.2286]], device='cuda:0', requires_grad=True)
alpha 1 is Parameter containing:
tensor([[-0.9138,  0.9144],
        [-0.5420,  0.5404],
        [-0.5416,  0.5408],
        [-0.3607,  0.3623],
        [-0.3928,  0.3927],
        [-0.5569,  0.5567],
        [-0.2143,  0.2144],
        [-0.4618,  0.4619],
        [-0.1697,  0.1703],
        [-0.3876,  0.3879],
        [-0.2810,  0.2803],
        [-0.3458,  0.3457],
        [-0.1724,  0.1709],
        [-0.2107,  0.2110]], device='cuda:0', requires_grad=True)
[037-050] Search: Model metrics  : loss=0.21, accuracy@1=92.64%, accuracy@5=99.87%, time-cost=5016.3 s
[037-050] Search: Architecture metrics  : loss=0.46, accuracy@1=85.41%, accuracy@5=99.30%
[037-050] Evaluation:  : loss=0.44, accuracy@1=86.13%, accuracy@5=99.35%
<<<--->>> The 037-050-th epoch : found the highest validation accuracy : 86.13%.
alpha 0 is Parameter containing:
tensor([[-0.5744,  0.5747],
        [-0.5196,  0.5197],
        [-0.3130,  0.3142],
        [-0.2832,  0.2853],
        [-0.1821,  0.1833],
        [-0.1618,  0.1615],
        [ 0.1435, -0.1422],
        [-0.4098,  0.4079],
        [-0.0386,  0.0387],
        [ 0.1149, -0.1156],
        [ 0.3081, -0.3089],
        [ 0.0313, -0.0324],
        [ 0.3237, -0.3240],
        [-0.2236,  0.2224]], device='cuda:0', requires_grad=True)
alpha 1 is Parameter containing:
tensor([[-0.9146,  0.9152],
        [-0.5588,  0.5572],
        [-0.5427,  0.5420],
        [-0.3686,  0.3702],
        [-0.3916,  0.3915],
        [-0.5534,  0.5531],
        [-0.2156,  0.2157],
        [-0.4709,  0.4710],
        [-0.1639,  0.1645],
        [-0.3958,  0.3961],
        [-0.2947,  0.2941],
        [-0.3625,  0.3624],
        [-0.1715,  0.1700],
        [-0.2164,  0.2166]], device='cuda:0', requires_grad=True)
[038-050] Search: Model metrics  : loss=0.20, accuracy@1=92.85%, accuracy@5=99.90%, time-cost=5151.9 s
[038-050] Search: Architecture metrics  : loss=0.46, accuracy@1=85.23%, accuracy@5=99.36%
[038-050] Evaluation:  : loss=0.46, accuracy@1=85.70%, accuracy@5=99.32%
alpha 0 is Parameter containing:
tensor([[-0.5840,  0.5843],
        [-0.5263,  0.5263],
        [-0.3045,  0.3057],
        [-0.2684,  0.2705],
        [-0.1778,  0.1790],
        [-0.1448,  0.1444],
        [ 0.1608, -0.1594],
        [-0.4114,  0.4095],
        [-0.0117,  0.0117],
        [ 0.1275, -0.1281],
        [ 0.3350, -0.3358],
        [ 0.0438, -0.0448],
        [ 0.3493, -0.3497],
        [-0.2048,  0.2036]], device='cuda:0', requires_grad=True)
alpha 1 is Parameter containing:
tensor([[-0.9263,  0.9268],
        [-0.5590,  0.5574],
        [-0.5653,  0.5645],
        [-0.3718,  0.3733],
        [-0.3932,  0.3931],
        [-0.5702,  0.5699],
        [-0.2122,  0.2123],
        [-0.4750,  0.4751],
        [-0.1566,  0.1572],
        [-0.3942,  0.3945],
        [-0.2988,  0.2981],
        [-0.3722,  0.3722],
        [-0.1807,  0.1793],
        [-0.2076,  0.2078]], device='cuda:0', requires_grad=True)
[039-050] Search: Model metrics  : loss=0.19, accuracy@1=93.50%, accuracy@5=99.91%, time-cost=5288.0 s
[039-050] Search: Architecture metrics  : loss=0.48, accuracy@1=85.21%, accuracy@5=99.25%
[039-050] Evaluation:  : loss=0.44, accuracy@1=86.25%, accuracy@5=99.36%
<<<--->>> The 039-050-th epoch : found the highest validation accuracy : 86.25%.
alpha 0 is Parameter containing:
tensor([[-0.5718,  0.5721],
        [-0.5132,  0.5132],
        [-0.3056,  0.3068],
        [-0.2583,  0.2603],
        [-0.1626,  0.1638],
        [-0.1276,  0.1273],
        [ 0.1775, -0.1761],
        [-0.3950,  0.3931],
        [ 0.0132, -0.0131],
        [ 0.1507, -0.1513],
        [ 0.3506, -0.3513],
        [ 0.0707, -0.0717],
        [ 0.3643, -0.3647],
        [-0.1849,  0.1837]], device='cuda:0', requires_grad=True)
alpha 1 is Parameter containing:
tensor([[-0.9408,  0.9414],
        [-0.5685,  0.5670],
        [-0.5800,  0.5792],
        [-0.3821,  0.3836],
        [-0.3947,  0.3946],
        [-0.5725,  0.5723],
        [-0.2227,  0.2228],
        [-0.4856,  0.4857],
        [-0.1569,  0.1575],
        [-0.3872,  0.3875],
        [-0.2948,  0.2942],
        [-0.3673,  0.3673],
        [-0.1816,  0.1802],
        [-0.1987,  0.1990]], device='cuda:0', requires_grad=True)
[040-050] Search: Model metrics  : loss=0.18, accuracy@1=93.82%, accuracy@5=99.90%, time-cost=5423.9 s
[040-050] Search: Architecture metrics  : loss=0.47, accuracy@1=85.72%, accuracy@5=99.34%
[040-050] Evaluation:  : loss=0.45, accuracy@1=86.20%, accuracy@5=99.34%
alpha 0 is Parameter containing:
tensor([[-0.5577,  0.5580],
        [-0.5083,  0.5083],
        [-0.3101,  0.3112],
        [-0.2479,  0.2499],
        [-0.1583,  0.1595],
        [-0.1040,  0.1037],
        [ 0.2030, -0.2017],
        [-0.3758,  0.3739],
        [ 0.0321, -0.0320],
        [ 0.1541, -0.1547],
        [ 0.3604, -0.3611],
        [ 0.0962, -0.0972],
        [ 0.3766, -0.3769],
        [-0.1746,  0.1734]], device='cuda:0', requires_grad=True)
alpha 1 is Parameter containing:
tensor([[-0.9549,  0.9554],
        [-0.5753,  0.5737],
        [-0.5877,  0.5870],
        [-0.3848,  0.3863],
        [-0.4034,  0.4033],
        [-0.5849,  0.5846],
        [-0.2258,  0.2258],
        [-0.4921,  0.4922],
        [-0.1587,  0.1593],
        [-0.3841,  0.3844],
        [-0.2865,  0.2859],
        [-0.3682,  0.3681],
        [-0.1846,  0.1832],
        [-0.1972,  0.1975]], device='cuda:0', requires_grad=True)
[041-050] Search: Model metrics  : loss=0.16, accuracy@1=94.26%, accuracy@5=99.92%, time-cost=5559.4 s
[041-050] Search: Architecture metrics  : loss=0.45, accuracy@1=85.96%, accuracy@5=99.40%
[041-050] Evaluation:  : loss=0.43, accuracy@1=86.71%, accuracy@5=99.42%
<<<--->>> The 041-050-th epoch : found the highest validation accuracy : 86.71%.
alpha 0 is Parameter containing:
tensor([[-0.5511,  0.5514],
        [-0.5185,  0.5185],
        [-0.3110,  0.3122],
        [-0.2408,  0.2429],
        [-0.1509,  0.1521],
        [-0.0929,  0.0925],
        [ 0.2287, -0.2274],
        [-0.3738,  0.3719],
        [ 0.0490, -0.0490],
        [ 0.1715, -0.1721],
        [ 0.3768, -0.3776],
        [ 0.1170, -0.1180],
        [ 0.4072, -0.4076],
        [-0.1606,  0.1594]], device='cuda:0', requires_grad=True)
alpha 1 is Parameter containing:
tensor([[-0.9672,  0.9678],
        [-0.5847,  0.5832],
        [-0.5883,  0.5875],
        [-0.3928,  0.3943],
        [-0.4046,  0.4045],
        [-0.5811,  0.5808],
        [-0.2244,  0.2244],
        [-0.5095,  0.5096],
        [-0.1523,  0.1529],
        [-0.3899,  0.3902],
        [-0.2797,  0.2791],
        [-0.3808,  0.3807],
        [-0.1888,  0.1873],
        [-0.2028,  0.2030]], device='cuda:0', requires_grad=True)
[042-050] Search: Model metrics  : loss=0.16, accuracy@1=94.26%, accuracy@5=99.94%, time-cost=5694.8 s
[042-050] Search: Architecture metrics  : loss=0.47, accuracy@1=85.41%, accuracy@5=99.24%
[042-050] Evaluation:  : loss=0.44, accuracy@1=86.45%, accuracy@5=99.40%
alpha 0 is Parameter containing:
tensor([[-0.5436,  0.5439],
        [-0.5279,  0.5279],
        [-0.3000,  0.3011],
        [-0.2352,  0.2372],
        [-0.1463,  0.1475],
        [-0.0878,  0.0875],
        [ 0.2484, -0.2471],
        [-0.3531,  0.3512],
        [ 0.0680, -0.0680],
        [ 0.1904, -0.1910],
        [ 0.3818, -0.3826],
        [ 0.1330, -0.1340],
        [ 0.4250, -0.4253],
        [-0.1455,  0.1443]], device='cuda:0', requires_grad=True)
alpha 1 is Parameter containing:
tensor([[-0.9778,  0.9783],
        [-0.5963,  0.5947],
        [-0.5909,  0.5902],
        [-0.3977,  0.3992],
        [-0.4213,  0.4212],
        [-0.5829,  0.5826],
        [-0.2312,  0.2312],
        [-0.5149,  0.5151],
        [-0.1519,  0.1525],
        [-0.3871,  0.3874],
        [-0.2936,  0.2930],
        [-0.3794,  0.3793],
        [-0.1968,  0.1954],
        [-0.2095,  0.2098]], device='cuda:0', requires_grad=True)
[043-050] Search: Model metrics  : loss=0.15, accuracy@1=94.64%, accuracy@5=99.94%, time-cost=5830.7 s
[043-050] Search: Architecture metrics  : loss=0.46, accuracy@1=86.04%, accuracy@5=99.30%
[043-050] Evaluation:  : loss=0.44, accuracy@1=86.25%, accuracy@5=99.44%
alpha 0 is Parameter containing:
tensor([[-0.5354,  0.5357],
        [-0.5246,  0.5246],
        [-0.2991,  0.3002],
        [-0.2152,  0.2172],
        [-0.1213,  0.1225],
        [-0.0728,  0.0724],
        [ 0.2678, -0.2665],
        [-0.3526,  0.3508],
        [ 0.0855, -0.0855],
        [ 0.2151, -0.2157],
        [ 0.3949, -0.3957],
        [ 0.1474, -0.1484],
        [ 0.4494, -0.4498],
        [-0.1335,  0.1323]], device='cuda:0', requires_grad=True)
alpha 1 is Parameter containing:
tensor([[-0.9845,  0.9850],
        [-0.5929,  0.5914],
        [-0.5920,  0.5913],
        [-0.4020,  0.4035],
        [-0.4318,  0.4317],
        [-0.5898,  0.5895],
        [-0.2255,  0.2255],
        [-0.5287,  0.5288],
        [-0.1534,  0.1540],
        [-0.3860,  0.3863],
        [-0.3000,  0.2994],
        [-0.3769,  0.3768],
        [-0.1977,  0.1963],
        [-0.2113,  0.2115]], device='cuda:0', requires_grad=True)
[044-050] Search: Model metrics  : loss=0.15, accuracy@1=94.75%, accuracy@5=99.96%, time-cost=5966.1 s
[044-050] Search: Architecture metrics  : loss=0.47, accuracy@1=85.83%, accuracy@5=99.36%
[044-050] Evaluation:  : loss=0.44, accuracy@1=86.65%, accuracy@5=99.44%
alpha 0 is Parameter containing:
tensor([[-0.5176,  0.5180],
        [-0.5264,  0.5265],
        [-0.3050,  0.3061],
        [-0.2058,  0.2078],
        [-0.0966,  0.0978],
        [-0.0624,  0.0621],
        [ 0.2958, -0.2945],
        [-0.3330,  0.3311],
        [ 0.1249, -0.1249],
        [ 0.2329, -0.2335],
        [ 0.4166, -0.4174],
        [ 0.1682, -0.1691],
        [ 0.4628, -0.4631],
        [-0.1168,  0.1156]], device='cuda:0', requires_grad=True)
alpha 1 is Parameter containing:
tensor([[-0.9883,  0.9888],
        [-0.6050,  0.6035],
        [-0.5944,  0.5937],
        [-0.4054,  0.4068],
        [-0.4401,  0.4400],
        [-0.5916,  0.5914],
        [-0.2265,  0.2265],
        [-0.5477,  0.5478],
        [-0.1508,  0.1514],
        [-0.3784,  0.3787],
        [-0.3031,  0.3025],
        [-0.3721,  0.3721],
        [-0.1960,  0.1946],
        [-0.2230,  0.2233]], device='cuda:0', requires_grad=True)
[045-050] Search: Model metrics  : loss=0.15, accuracy@1=94.97%, accuracy@5=99.96%, time-cost=6102.5 s
[045-050] Search: Architecture metrics  : loss=0.45, accuracy@1=85.85%, accuracy@5=99.39%
[045-050] Evaluation:  : loss=0.45, accuracy@1=86.37%, accuracy@5=99.39%
alpha 0 is Parameter containing:
tensor([[-0.5183,  0.5187],
        [-0.5171,  0.5171],
        [-0.2960,  0.2971],
        [-0.2041,  0.2061],
        [-0.0909,  0.0921],
        [-0.0424,  0.0421],
        [ 0.3213, -0.3200],
        [-0.3256,  0.3237],
        [ 0.1531, -0.1530],
        [ 0.2531, -0.2537],
        [ 0.4334, -0.4342],
        [ 0.1832, -0.1842],
        [ 0.4818, -0.4821],
        [-0.1000,  0.0988]], device='cuda:0', requires_grad=True)
alpha 1 is Parameter containing:
tensor([[-0.9999,  1.0004],
        [-0.6077,  0.6062],
        [-0.6019,  0.6012],
        [-0.4234,  0.4249],
        [-0.4411,  0.4410],
        [-0.5894,  0.5892],
        [-0.2233,  0.2234],
        [-0.5564,  0.5565],
        [-0.1586,  0.1592],
        [-0.3750,  0.3753],
        [-0.3206,  0.3201],
        [-0.3759,  0.3758],
        [-0.1928,  0.1914],
        [-0.2078,  0.2081]], device='cuda:0', requires_grad=True)
[046-050] Search: Model metrics  : loss=0.14, accuracy@1=95.00%, accuracy@5=99.96%, time-cost=6238.6 s
[046-050] Search: Architecture metrics  : loss=0.46, accuracy@1=85.93%, accuracy@5=99.41%
[046-050] Evaluation:  : loss=0.44, accuracy@1=86.42%, accuracy@5=99.42%
alpha 0 is Parameter containing:
tensor([[-0.5156,  0.5159],
        [-0.5203,  0.5203],
        [-0.2973,  0.2984],
        [-0.1974,  0.1993],
        [-0.0674,  0.0685],
        [-0.0478,  0.0474],
        [ 0.3549, -0.3536],
        [-0.3105,  0.3086],
        [ 0.1785, -0.1785],
        [ 0.2654, -0.2660],
        [ 0.4527, -0.4535],
        [ 0.2127, -0.2136],
        [ 0.4981, -0.4985],
        [-0.0790,  0.0779]], device='cuda:0', requires_grad=True)
alpha 1 is Parameter containing:
tensor([[-1.0124,  1.0129],
        [-0.6023,  0.6009],
        [-0.6082,  0.6075],
        [-0.4319,  0.4333],
        [-0.4408,  0.4407],
        [-0.6016,  0.6013],
        [-0.2374,  0.2375],
        [-0.5682,  0.5683],
        [-0.1554,  0.1560],
        [-0.3667,  0.3670],
        [-0.3199,  0.3193],
        [-0.3767,  0.3766],
        [-0.1892,  0.1878],
        [-0.2120,  0.2122]], device='cuda:0', requires_grad=True)
[047-050] Search: Model metrics  : loss=0.14, accuracy@1=95.00%, accuracy@5=99.95%, time-cost=6374.2 s
[047-050] Search: Architecture metrics  : loss=0.46, accuracy@1=85.89%, accuracy@5=99.35%
[047-050] Evaluation:  : loss=0.45, accuracy@1=86.62%, accuracy@5=99.48%
alpha 0 is Parameter containing:
tensor([[-0.5112,  0.5116],
        [-0.5309,  0.5309],
        [-0.2907,  0.2919],
        [-0.1752,  0.1772],
        [-0.0574,  0.0586],
        [-0.0449,  0.0446],
        [ 0.3743, -0.3730],
        [-0.3098,  0.3080],
        [ 0.2007, -0.2006],
        [ 0.2817, -0.2823],
        [ 0.4781, -0.4788],
        [ 0.2263, -0.2272],
        [ 0.5232, -0.5236],
        [-0.0617,  0.0605]], device='cuda:0', requires_grad=True)
alpha 1 is Parameter containing:
tensor([[-1.0142,  1.0148],
        [-0.6102,  0.6087],
        [-0.6087,  0.6080],
        [-0.4342,  0.4357],
        [-0.4529,  0.4528],
        [-0.6123,  0.6121],
        [-0.2404,  0.2405],
        [-0.5763,  0.5764],
        [-0.1517,  0.1523],
        [-0.3631,  0.3634],
        [-0.3303,  0.3297],
        [-0.3714,  0.3713],
        [-0.1857,  0.1844],
        [-0.2162,  0.2165]], device='cuda:0', requires_grad=True)
[048-050] Search: Model metrics  : loss=0.13, accuracy@1=95.28%, accuracy@5=99.95%, time-cost=6510.8 s
[048-050] Search: Architecture metrics  : loss=0.45, accuracy@1=86.13%, accuracy@5=99.36%
[048-050] Evaluation:  : loss=0.44, accuracy@1=86.68%, accuracy@5=99.37%
alpha 0 is Parameter containing:
tensor([[-0.5090,  0.5094],
        [-0.5300,  0.5300],
        [-0.2941,  0.2952],
        [-0.1679,  0.1698],
        [-0.0533,  0.0544],
        [-0.0293,  0.0290],
        [ 0.3943, -0.3930],
        [-0.2974,  0.2956],
        [ 0.2261, -0.2261],
        [ 0.2868, -0.2874],
        [ 0.4866, -0.4874],
        [ 0.2355, -0.2364],
        [ 0.5411, -0.5414],
        [-0.0549,  0.0537]], device='cuda:0', requires_grad=True)
alpha 1 is Parameter containing:
tensor([[-1.0200,  1.0205],
        [-0.6116,  0.6101],
        [-0.6098,  0.6091],
        [-0.4305,  0.4319],
        [-0.4597,  0.4596],
        [-0.6109,  0.6106],
        [-0.2436,  0.2437],
        [-0.5794,  0.5795],
        [-0.1548,  0.1554],
        [-0.3706,  0.3709],
        [-0.3354,  0.3349],
        [-0.3795,  0.3794],
        [-0.1847,  0.1834],
        [-0.2068,  0.2070]], device='cuda:0', requires_grad=True)
[049-050] Search: Model metrics  : loss=0.13, accuracy@1=95.36%, accuracy@5=99.95%, time-cost=6646.4 s
[049-050] Search: Architecture metrics  : loss=0.48, accuracy@1=85.71%, accuracy@5=99.36%
[049-050] Evaluation:  : loss=0.44, accuracy@1=86.62%, accuracy@5=99.46%
alpha 0 is Parameter containing:
tensor([[-0.5047,  0.5050],
        [-0.5233,  0.5234],
        [-0.2933,  0.2945],
        [-0.1606,  0.1626],
        [-0.0454,  0.0465],
        [-0.0175,  0.0172],
        [ 0.4106, -0.4093],
        [-0.2791,  0.2773],
        [ 0.2605, -0.2604],
        [ 0.3003, -0.3009],
        [ 0.4986, -0.4993],
        [ 0.2523, -0.2532],
        [ 0.5652, -0.5655],
        [-0.0250,  0.0239]], device='cuda:0', requires_grad=True)
alpha 1 is Parameter containing:
tensor([[-1.0376,  1.0381],
        [-0.6191,  0.6177],
        [-0.6154,  0.6147],
        [-0.4365,  0.4379],
        [-0.4672,  0.4671],
        [-0.6023,  0.6021],
        [-0.2489,  0.2490],
        [-0.5901,  0.5902],
        [-0.1512,  0.1517],
        [-0.3672,  0.3675],
        [-0.3455,  0.3449],
        [-0.3850,  0.3849],
        [-0.1887,  0.1874],
        [-0.2067,  0.2069]], device='cuda:0', requires_grad=True)
[050-050] Search: Model metrics  : loss=0.14, accuracy@1=95.13%, accuracy@5=99.95%, time-cost=6782.1 s
[050-050] Search: Architecture metrics  : loss=0.46, accuracy@1=86.23%, accuracy@5=99.27%
[050-050] Evaluation:  : loss=0.44, accuracy@1=86.82%, accuracy@5=99.43%
<<<--->>> The 050-050-th epoch : found the highest validation accuracy : 86.82%.
alpha 0 is Parameter containing:
tensor([[-0.4990,  0.4993],
        [-0.5174,  0.5175],
        [-0.2854,  0.2866],
        [-0.1578,  0.1597],
        [-0.0488,  0.0499],
        [-0.0038,  0.0035],
        [ 0.4301, -0.4288],
        [-0.2674,  0.2656],
        [ 0.2821, -0.2820],
        [ 0.3020, -0.3025],
        [ 0.5020, -0.5028],
        [ 0.2709, -0.2718],
        [ 0.5795, -0.5798],
        [-0.0024,  0.0012]], device='cuda:0', requires_grad=True)
alpha 1 is Parameter containing:
tensor([[-1.0409,  1.0414],
        [-0.6313,  0.6298],
        [-0.6222,  0.6215],
        [-0.4303,  0.4317],
        [-0.4779,  0.4778],
        [-0.5992,  0.5990],
        [-0.2587,  0.2587],
        [-0.5931,  0.5932],
        [-0.1587,  0.1593],
        [-0.3692,  0.3695],
        [-0.3433,  0.3428],
        [-0.3927,  0.3927],
        [-0.1909,  0.1895],
        [-0.2111,  0.2114]], device='cuda:0', requires_grad=True)