[001-050] Search: Model metrics  : loss=1.65, accuracy@1=38.49%, accuracy@5=88.16%, time-cost=151.1 s
[001-050] Search: Architecture metrics  : loss=1.65, accuracy@1=38.26%, accuracy@5=88.11%
[001-050] Evaluation:  : loss=1.49, accuracy@1=45.92%, accuracy@5=91.31%
<<<--->>> The 001-050-th epoch : found the highest validation accuracy : 45.92%.
Benchmark Results for cifar10 -> train: 0.0, valid: 0.0, test: 94.43118043164907
alpha 0 is Parameter containing:
tensor([[ 1.9814e-02, -2.2213e-03, -8.8603e-03],
        [ 1.9486e-02, -1.6960e-02,  6.5215e-03],
        [-2.7380e-03, -1.9084e-02,  2.0140e-02],
        [ 1.5885e-02, -2.7587e-02,  1.7787e-02],
        [ 2.2183e-02, -2.2881e-02,  5.7066e-03],
        [-2.4580e-03, -1.6237e-02,  2.0164e-02],
        [ 9.9498e-03, -2.8500e-02,  2.2506e-02],
        [ 1.7336e-02, -2.3438e-02,  1.0940e-02],
        [ 7.0108e-03, -2.1959e-02,  1.7830e-02],
        [ 1.9418e-02, -1.3451e-02,  9.0246e-05],
        [ 1.4195e-02, -2.1745e-02,  1.4317e-02],
        [ 2.4422e-02, -1.7638e-02, -7.7746e-04],
        [ 1.5497e-02, -1.9986e-02,  8.9311e-03],
        [ 1.7925e-02, -2.0068e-02,  1.0463e-02]], device='cuda:0',
       requires_grad=True)
alpha 1 is Parameter containing:
tensor([[ 0.0101,  0.0067, -0.0078],
        [-0.0050, -0.0013,  0.0053],
        [ 0.0023,  0.0013, -0.0030],
        [-0.0028, -0.0123,  0.0100],
        [ 0.0009, -0.0074,  0.0045],
        [ 0.0077, -0.0069,  0.0060],
        [ 0.0022,  0.0052, -0.0051],
        [-0.0068, -0.0161,  0.0182],
        [-0.0095, -0.0174,  0.0207],
        [ 0.0001,  0.0006, -0.0002],
        [ 0.0134, -0.0104,  0.0035],
        [-0.0158, -0.0026,  0.0117],
        [ 0.0135, -0.0030, -0.0031],
        [ 0.0044,  0.0005, -0.0045]], device='cuda:0', requires_grad=True)
[002-050] Search: Model metrics  : loss=1.21, accuracy@1=56.20%, accuracy@5=94.96%, time-cost=296.6 s
[002-050] Search: Architecture metrics  : loss=1.22, accuracy@1=56.00%, accuracy@5=94.79%
[002-050] Evaluation:  : loss=1.10, accuracy@1=59.80%, accuracy@5=95.88%
<<<--->>> The 002-050-th epoch : found the highest validation accuracy : 59.80%.
Benchmark Results for cifar10 -> train: 0.0, valid: 0.0, test: 94.25253245468646
alpha 0 is Parameter containing:
tensor([[ 0.0293, -0.0177,  0.0016],
        [ 0.0332, -0.0390,  0.0197],
        [ 0.0025, -0.0305,  0.0296],
        [ 0.0099, -0.0614,  0.0562],
        [ 0.0192, -0.0504,  0.0281],
        [ 0.0058, -0.0306,  0.0313],
        [ 0.0130, -0.0552,  0.0455],
        [ 0.0208, -0.0447,  0.0255],
        [ 0.0124, -0.0292,  0.0211],
        [ 0.0406, -0.0299,  0.0039],
        [ 0.0088, -0.0542,  0.0459],
        [ 0.0328, -0.0368,  0.0078],
        [ 0.0268, -0.0304,  0.0108],
        [ 0.0258, -0.0438,  0.0278]], device='cuda:0', requires_grad=True)
alpha 1 is Parameter containing:
tensor([[ 0.0183, -0.0031, -0.0031],
        [-0.0137, -0.0134,  0.0217],
        [ 0.0096, -0.0110,  0.0045],
        [-0.0016, -0.0232,  0.0193],
        [-0.0093, -0.0140,  0.0161],
        [ 0.0122, -0.0179,  0.0144],
        [-0.0037,  0.0047, -0.0009],
        [-0.0007, -0.0265,  0.0227],
        [-0.0067, -0.0259,  0.0261],
        [ 0.0091, -0.0003, -0.0050],
        [ 0.0075, -0.0216,  0.0179],
        [-0.0174, -0.0081,  0.0166],
        [ 0.0140, -0.0063, -0.0009],
        [ 0.0137,  0.0046, -0.0131]], device='cuda:0', requires_grad=True)
[003-050] Search: Model metrics  : loss=1.01, accuracy@1=64.27%, accuracy@5=96.56%, time-cost=442.5 s
[003-050] Search: Architecture metrics  : loss=1.02, accuracy@1=63.55%, accuracy@5=96.60%
[003-050] Evaluation:  : loss=1.13, accuracy@1=61.19%, accuracy@5=95.97%
<<<--->>> The 003-050-th epoch : found the highest validation accuracy : 61.19%.
Benchmark Results for cifar10 -> train: 0.0, valid: 0.0, test: 93.54498425309083
alpha 0 is Parameter containing:
tensor([[ 0.0552, -0.0326,  0.0016],
        [ 0.0267, -0.0416,  0.0254],
        [ 0.0283, -0.0442,  0.0289],
        [-0.0014, -0.0765,  0.0769],
        [ 0.0261, -0.0688,  0.0376],
        [ 0.0221, -0.0458,  0.0377],
        [ 0.0039, -0.0749,  0.0681],
        [ 0.0254, -0.0643,  0.0379],
        [ 0.0272, -0.0545,  0.0339],
        [ 0.0562, -0.0525,  0.0194],
        [ 0.0009, -0.0642,  0.0590],
        [ 0.0345, -0.0534,  0.0178],
        [ 0.0257, -0.0570,  0.0326],
        [ 0.0218, -0.0650,  0.0491]], device='cuda:0', requires_grad=True)
alpha 1 is Parameter containing:
tensor([[ 0.0280, -0.0123, -0.0003],
        [-0.0258, -0.0309,  0.0450],
        [ 0.0245, -0.0119, -0.0040],
        [-0.0043, -0.0326,  0.0300],
        [-0.0115, -0.0251,  0.0262],
        [ 0.0213, -0.0238,  0.0147],
        [-0.0061, -0.0021,  0.0070],
        [-0.0037, -0.0380,  0.0334],
        [-0.0089, -0.0416,  0.0402],
        [ 0.0254, -0.0136, -0.0026],
        [ 0.0092, -0.0363,  0.0306],
        [-0.0268, -0.0200,  0.0304],
        [ 0.0142, -0.0121,  0.0038],
        [ 0.0147,  0.0030, -0.0122]], device='cuda:0', requires_grad=True)
[004-050] Search: Model metrics  : loss=0.87, accuracy@1=68.78%, accuracy@5=97.72%, time-cost=589.0 s
[004-050] Search: Architecture metrics  : loss=0.88, accuracy@1=68.41%, accuracy@5=97.71%
[004-050] Evaluation:  : loss=0.83, accuracy@1=70.74%, accuracy@5=97.72%
<<<--->>> The 004-050-th epoch : found the highest validation accuracy : 70.74%.
Benchmark Results for cifar10 -> train: 0.0, valid: 0.0, test: 93.57356898487767
alpha 0 is Parameter containing:
tensor([[ 0.0583, -0.0432,  0.0106],
        [ 0.0385, -0.0400,  0.0185],
        [ 0.0319, -0.0550,  0.0376],
        [ 0.0086, -0.0891,  0.0832],
        [ 0.0363, -0.0763,  0.0376],
        [ 0.0280, -0.0439,  0.0320],
        [-0.0019, -0.0885,  0.0830],
        [ 0.0460, -0.0637,  0.0271],
        [ 0.0226, -0.0705,  0.0494],
        [ 0.0601, -0.0582,  0.0231],
        [ 0.0049, -0.0771,  0.0676],
        [ 0.0553, -0.0525,  0.0058],
        [ 0.0218, -0.0774,  0.0505],
        [ 0.0263, -0.0800,  0.0597]], device='cuda:0', requires_grad=True)
alpha 1 is Parameter containing:
tensor([[ 0.0225, -0.0056, -0.0033],
        [-0.0061, -0.0342,  0.0372],
        [ 0.0367, -0.0189, -0.0056],
        [-0.0063, -0.0458,  0.0437],
        [-0.0214, -0.0518,  0.0524],
        [ 0.0183, -0.0262,  0.0188],
        [-0.0003, -0.0076,  0.0085],
        [-0.0097, -0.0678,  0.0601],
        [-0.0028, -0.0442,  0.0392],
        [ 0.0255, -0.0240,  0.0070],
        [ 0.0103, -0.0420,  0.0350],
        [-0.0121, -0.0208,  0.0238],
        [ 0.0101, -0.0253,  0.0170],
        [ 0.0075, -0.0023, -0.0038]], device='cuda:0', requires_grad=True)
[005-050] Search: Model metrics  : loss=0.77, accuracy@1=72.94%, accuracy@5=98.18%, time-cost=734.0 s
[005-050] Search: Architecture metrics  : loss=0.81, accuracy@1=71.69%, accuracy@5=97.93%
[005-050] Evaluation:  : loss=0.76, accuracy@1=73.42%, accuracy@5=98.15%
<<<--->>> The 005-050-th epoch : found the highest validation accuracy : 73.42%.
Benchmark Results for cifar10 -> train: 0.0, valid: 0.0, test: 94.06647924575661
alpha 0 is Parameter containing:
tensor([[ 0.0614, -0.0487,  0.0144],
        [ 0.0455, -0.0483,  0.0222],
        [ 0.0424, -0.0706,  0.0464],
        [ 0.0209, -0.0995,  0.0858],
        [ 0.0489, -0.0800,  0.0337],
        [ 0.0329, -0.0511,  0.0358],
        [ 0.0015, -0.0936,  0.0854],
        [ 0.0525, -0.0670,  0.0261],
        [ 0.0271, -0.0829,  0.0566],
        [ 0.0624, -0.0632,  0.0267],
        [ 0.0173, -0.0879,  0.0697],
        [ 0.0758, -0.0448, -0.0106],
        [ 0.0265, -0.0912,  0.0580],
        [ 0.0361, -0.0914,  0.0638]], device='cuda:0', requires_grad=True)
alpha 1 is Parameter containing:
tensor([[ 0.0366,  0.0018, -0.0190],
        [-0.0151, -0.0282,  0.0367],
        [ 0.0533, -0.0209, -0.0145],
        [-0.0293, -0.0440,  0.0560],
        [-0.0179, -0.0507,  0.0499],
        [ 0.0207, -0.0313,  0.0219],
        [-0.0142,  0.0067,  0.0038],
        [-0.0043, -0.0716,  0.0603],
        [ 0.0063, -0.0342,  0.0265],
        [ 0.0209, -0.0195,  0.0057],
        [-0.0029, -0.0437,  0.0445],
        [ 0.0013, -0.0199,  0.0165],
        [ 0.0079, -0.0245,  0.0174],
        [ 0.0216, -0.0103, -0.0046]], device='cuda:0', requires_grad=True)
[006-050] Search: Model metrics  : loss=0.69, accuracy@1=75.87%, accuracy@5=98.51%, time-cost=879.5 s
[006-050] Search: Architecture metrics  : loss=0.74, accuracy@1=74.03%, accuracy@5=98.31%
[006-050] Evaluation:  : loss=0.71, accuracy@1=75.78%, accuracy@5=98.32%
<<<--->>> The 006-050-th epoch : found the highest validation accuracy : 75.78%.
Benchmark Results for cifar10 -> train: 0.0, valid: 0.0, test: 94.09792166720068
alpha 0 is Parameter containing:
tensor([[ 0.0735, -0.0562,  0.0153],
        [ 0.0568, -0.0564,  0.0239],
        [ 0.0599, -0.0785,  0.0427],
        [ 0.0292, -0.1148,  0.0946],
        [ 0.0614, -0.0851,  0.0308],
        [ 0.0343, -0.0610,  0.0444],
        [ 0.0068, -0.1038,  0.0905],
        [ 0.0571, -0.0737,  0.0284],
        [ 0.0379, -0.0905,  0.0567],
        [ 0.0775, -0.0757,  0.0298],
        [ 0.0468, -0.1012,  0.0631],
        [ 0.1037, -0.0521, -0.0214],
        [ 0.0552, -0.1041,  0.0514],
        [ 0.0554, -0.1093,  0.0675]], device='cuda:0', requires_grad=True)
alpha 1 is Parameter containing:
tensor([[ 0.0474, -0.0030, -0.0216],
        [-0.0266, -0.0214,  0.0370],
        [ 0.0729, -0.0138, -0.0340],
        [-0.0437, -0.0613,  0.0801],
        [-0.0277, -0.0670,  0.0675],
        [ 0.0276, -0.0255,  0.0119],
        [-0.0447,  0.0221,  0.0091],
        [ 0.0010, -0.0825,  0.0659],
        [ 0.0179, -0.0332,  0.0195],
        [ 0.0382, -0.0142, -0.0114],
        [-0.0011, -0.0418,  0.0418],
        [ 0.0115, -0.0200,  0.0117],
        [ 0.0064, -0.0293,  0.0223],
        [ 0.0351, -0.0124, -0.0105]], device='cuda:0', requires_grad=True)
[007-050] Search: Model metrics  : loss=0.63, accuracy@1=77.93%, accuracy@5=98.76%, time-cost=1024.9 s
[007-050] Search: Architecture metrics  : loss=0.68, accuracy@1=76.42%, accuracy@5=98.45%
[007-050] Evaluation:  : loss=0.70, accuracy@1=76.09%, accuracy@5=98.46%
<<<--->>> The 007-050-th epoch : found the highest validation accuracy : 76.09%.
Benchmark Results for cifar10 -> train: 0.0, valid: 0.0, test: 94.30120520707324
alpha 0 is Parameter containing:
tensor([[ 0.0855, -0.0730,  0.0259],
        [ 0.0498, -0.0628,  0.0325],
        [ 0.0839, -0.0915,  0.0395],
        [ 0.0369, -0.1158,  0.0912],
        [ 0.0731, -0.0887,  0.0271],
        [ 0.0349, -0.0765,  0.0586],
        [ 0.0196, -0.0993,  0.0800],
        [ 0.0660, -0.0695,  0.0209],
        [ 0.0678, -0.0942,  0.0438],
        [ 0.0922, -0.0854,  0.0302],
        [ 0.0660, -0.1119,  0.0602],
        [ 0.1166, -0.0563, -0.0260],
        [ 0.0813, -0.1169,  0.0459],
        [ 0.0664, -0.1300,  0.0782]], device='cuda:0', requires_grad=True)
alpha 1 is Parameter containing:
tensor([[ 4.8844e-02, -4.0270e-03, -2.1818e-02],
        [-3.6071e-02, -1.0368e-02,  3.2303e-02],
        [ 9.3774e-02, -2.2971e-02, -4.0239e-02],
        [-6.5081e-02, -7.0117e-02,  1.0047e-01],
        [-2.7522e-02, -6.2999e-02,  6.4794e-02],
        [ 3.8942e-02, -2.2639e-02,  2.0974e-03],
        [-5.2128e-02,  2.6964e-02,  9.6261e-03],
        [-2.8051e-03, -8.7964e-02,  7.2222e-02],
        [ 2.8180e-02, -3.7278e-02,  1.7468e-02],
        [ 5.8165e-02, -1.0047e-02, -2.9293e-02],
        [-2.6244e-03, -6.0053e-02,  5.7999e-02],
        [ 1.6344e-02, -1.7530e-02,  7.4517e-03],
        [-3.5390e-03, -4.0356e-02,  3.6884e-02],
        [ 3.1761e-02, -2.2511e-02, -5.0520e-05]], device='cuda:0',
       requires_grad=True)
[008-050] Search: Model metrics  : loss=0.58, accuracy@1=79.58%, accuracy@5=99.03%, time-cost=1170.3 s
[008-050] Search: Architecture metrics  : loss=0.65, accuracy@1=77.77%, accuracy@5=98.61%
[008-050] Evaluation:  : loss=0.67, accuracy@1=76.57%, accuracy@5=98.65%
<<<--->>> The 008-050-th epoch : found the highest validation accuracy : 76.57%.
Benchmark Results for cifar10 -> train: 0.0, valid: 0.0, test: 94.28212692765709
alpha 0 is Parameter containing:
tensor([[ 0.0867, -0.0784,  0.0308],
        [ 0.0603, -0.0686,  0.0324],
        [ 0.0874, -0.1029,  0.0481],
        [ 0.0546, -0.1306,  0.0940],
        [ 0.0893, -0.0965,  0.0239],
        [ 0.0459, -0.0868,  0.0614],
        [ 0.0257, -0.1038,  0.0802],
        [ 0.0847, -0.0713,  0.0127],
        [ 0.0934, -0.1002,  0.0350],
        [ 0.1021, -0.0911,  0.0293],
        [ 0.0765, -0.1194,  0.0598],
        [ 0.1374, -0.0535, -0.0397],
        [ 0.1055, -0.1147,  0.0306],
        [ 0.1007, -0.1370,  0.0627]], device='cuda:0', requires_grad=True)
alpha 1 is Parameter containing:
tensor([[ 0.0634, -0.0139, -0.0224],
        [-0.0425, -0.0044,  0.0307],
        [ 0.0971, -0.0220, -0.0437],
        [-0.0702, -0.0694,  0.1030],
        [-0.0192, -0.0676,  0.0642],
        [ 0.0486, -0.0398,  0.0118],
        [-0.0689,  0.0344,  0.0143],
        [ 0.0008, -0.0910,  0.0728],
        [ 0.0359, -0.0357,  0.0122],
        [ 0.0705, -0.0132, -0.0353],
        [-0.0208, -0.0723,  0.0797],
        [ 0.0163, -0.0232,  0.0114],
        [-0.0075, -0.0426,  0.0409],
        [ 0.0359, -0.0279,  0.0021]], device='cuda:0', requires_grad=True)
[009-050] Search: Model metrics  : loss=0.55, accuracy@1=81.06%, accuracy@5=98.98%, time-cost=1315.8 s
[009-050] Search: Architecture metrics  : loss=0.61, accuracy@1=78.71%, accuracy@5=98.77%
[009-050] Evaluation:  : loss=0.61, accuracy@1=79.22%, accuracy@5=98.83%
<<<--->>> The 009-050-th epoch : found the highest validation accuracy : 79.22%.
Benchmark Results for cifar10 -> train: 0.0, valid: 0.0, test: 94.26066262545258
alpha 0 is Parameter containing:
tensor([[ 0.0884, -0.0862,  0.0377],
        [ 0.0704, -0.0622,  0.0221],
        [ 0.1010, -0.1133,  0.0494],
        [ 0.0576, -0.1309,  0.0925],
        [ 0.1045, -0.0959,  0.0158],
        [ 0.0553, -0.1052,  0.0723],
        [ 0.0214, -0.1020,  0.0811],
        [ 0.0982, -0.0715,  0.0059],
        [ 0.1258, -0.0919,  0.0119],
        [ 0.1176, -0.0988,  0.0268],
        [ 0.0828, -0.1142,  0.0521],
        [ 0.1495, -0.0461, -0.0516],
        [ 0.1282, -0.1126,  0.0162],
        [ 0.1308, -0.1375,  0.0441]], device='cuda:0', requires_grad=True)
alpha 1 is Parameter containing:
tensor([[ 0.0706, -0.0206, -0.0211],
        [-0.0456,  0.0009,  0.0278],
        [ 0.1029, -0.0127, -0.0563],
        [-0.0766, -0.0766,  0.1133],
        [-0.0201, -0.0759,  0.0711],
        [ 0.0555, -0.0461,  0.0130],
        [-0.0759,  0.0236,  0.0292],
        [-0.0035, -0.1029,  0.0841],
        [ 0.0374, -0.0392,  0.0141],
        [ 0.0733, -0.0203, -0.0310],
        [-0.0219, -0.0696,  0.0783],
        [ 0.0255, -0.0250,  0.0081],
        [-0.0012, -0.0342,  0.0307],
        [ 0.0314, -0.0309,  0.0070]], device='cuda:0', requires_grad=True)
[010-050] Search: Model metrics  : loss=0.52, accuracy@1=82.05%, accuracy@5=99.20%, time-cost=1461.3 s
[010-050] Search: Architecture metrics  : loss=0.59, accuracy@1=79.63%, accuracy@5=98.83%
[010-050] Evaluation:  : loss=0.63, accuracy@1=78.38%, accuracy@5=98.86%
Benchmark Results for cifar10 -> train: 0.0, valid: 0.0, test: 94.29511187570972
alpha 0 is Parameter containing:
tensor([[ 0.0945, -0.1026,  0.0509],
        [ 0.0842, -0.0722,  0.0233],
        [ 0.1288, -0.1231,  0.0410],
        [ 0.0669, -0.1463,  0.0999],
        [ 0.1072, -0.1106,  0.0232],
        [ 0.0651, -0.1263,  0.0849],
        [ 0.0351, -0.1121,  0.0813],
        [ 0.1046, -0.0852,  0.0117],
        [ 0.1558, -0.1027,  0.0033],
        [ 0.1457, -0.1086,  0.0182],
        [ 0.1012, -0.1263,  0.0506],
        [ 0.1683, -0.0477, -0.0616],
        [ 0.1540, -0.1197,  0.0055],
        [ 0.1623, -0.1439,  0.0292]], device='cuda:0', requires_grad=True)
alpha 1 is Parameter containing:
tensor([[ 0.0702, -0.0235, -0.0182],
        [-0.0548,  0.0145,  0.0209],
        [ 0.1151, -0.0128, -0.0655],
        [-0.0955, -0.0716,  0.1199],
        [-0.0251, -0.0736,  0.0721],
        [ 0.0787, -0.0389, -0.0087],
        [-0.0958,  0.0387,  0.0288],
        [ 0.0117, -0.0924,  0.0689],
        [ 0.0368, -0.0326,  0.0091],
        [ 0.0967, -0.0249, -0.0440],
        [-0.0415, -0.0806,  0.1004],
        [ 0.0216, -0.0327,  0.0154],
        [ 0.0101, -0.0360,  0.0263],
        [ 0.0500, -0.0436,  0.0071]], device='cuda:0', requires_grad=True)
[011-050] Search: Model metrics  : loss=0.49, accuracy@1=82.72%, accuracy@5=99.17%, time-cost=1607.4 s
[011-050] Search: Architecture metrics  : loss=0.59, accuracy@1=80.07%, accuracy@5=98.87%
[011-050] Evaluation:  : loss=0.57, accuracy@1=80.48%, accuracy@5=99.00%
<<<--->>> The 011-050-th epoch : found the highest validation accuracy : 80.48%.
Benchmark Results for cifar10 -> train: 0.0, valid: 0.0, test: 94.33408046297595
alpha 0 is Parameter containing:
tensor([[ 0.1121, -0.1047,  0.0428],
        [ 0.0909, -0.0698,  0.0177],
        [ 0.1533, -0.1383,  0.0391],
        [ 0.0748, -0.1636,  0.1097],
        [ 0.1326, -0.1157,  0.0130],
        [ 0.0785, -0.1303,  0.0802],
        [ 0.0498, -0.1004,  0.0643],
        [ 0.1234, -0.0868,  0.0029],
        [ 0.1850, -0.1086, -0.0087],
        [ 0.1696, -0.1119,  0.0056],
        [ 0.1371, -0.1298,  0.0329],
        [ 0.2051, -0.0473, -0.0836],
        [ 0.1929, -0.1195, -0.0177],
        [ 0.1961, -0.1639,  0.0226]], device='cuda:0', requires_grad=True)
alpha 1 is Parameter containing:
tensor([[ 0.0793, -0.0286, -0.0199],
        [-0.0606,  0.0119,  0.0270],
        [ 0.1212, -0.0063, -0.0758],
        [-0.1095, -0.0706,  0.1275],
        [-0.0354, -0.0877,  0.0877],
        [ 0.0943, -0.0435, -0.0150],
        [-0.1104,  0.0445,  0.0332],
        [ 0.0032, -0.1033,  0.0813],
        [ 0.0562, -0.0186, -0.0116],
        [ 0.1016, -0.0288, -0.0446],
        [-0.0483, -0.0772,  0.1025],
        [ 0.0261, -0.0328,  0.0132],
        [ 0.0136, -0.0317,  0.0210],
        [ 0.0661, -0.0408, -0.0046]], device='cuda:0', requires_grad=True)
[012-050] Search: Model metrics  : loss=0.46, accuracy@1=83.98%, accuracy@5=99.37%, time-cost=1753.8 s
[012-050] Search: Architecture metrics  : loss=0.54, accuracy@1=81.34%, accuracy@5=98.98%
[012-050] Evaluation:  : loss=0.65, accuracy@1=77.66%, accuracy@5=98.85%
Benchmark Results for cifar10 -> train: 0.0, valid: 0.0, test: 94.42589148059668
alpha 0 is Parameter containing:
tensor([[ 0.1190, -0.1023,  0.0363],
        [ 0.1047, -0.0824,  0.0212],
        [ 0.1585, -0.1419,  0.0388],
        [ 0.0894, -0.1744,  0.1103],
        [ 0.1546, -0.1140,  0.0004],
        [ 0.0801, -0.1384,  0.0860],
        [ 0.0731, -0.0992,  0.0501],
        [ 0.1421, -0.0909, -0.0043],
        [ 0.2075, -0.1182, -0.0149],
        [ 0.1679, -0.1149,  0.0093],
        [ 0.1616, -0.1355,  0.0226],
        [ 0.2329, -0.0511, -0.0978],
        [ 0.2261, -0.1294, -0.0321],
        [ 0.2300, -0.1754,  0.0088]], device='cuda:0', requires_grad=True)
alpha 1 is Parameter containing:
tensor([[ 0.0827, -0.0313, -0.0199],
        [-0.0792,  0.0167,  0.0340],
        [ 0.1254, -0.0129, -0.0733],
        [-0.1098, -0.0697,  0.1272],
        [-0.0403, -0.0841,  0.0877],
        [ 0.0981, -0.0503, -0.0119],
        [-0.1192,  0.0554,  0.0292],
        [-0.0028, -0.0926,  0.0769],
        [ 0.0650, -0.0100, -0.0231],
        [ 0.1037, -0.0259, -0.0490],
        [-0.0470, -0.0756,  0.1006],
        [ 0.0265, -0.0304,  0.0112],
        [ 0.0213, -0.0289,  0.0145],
        [ 0.0841, -0.0497, -0.0076]], device='cuda:0', requires_grad=True)
[013-050] Search: Model metrics  : loss=0.44, accuracy@1=84.66%, accuracy@5=99.42%, time-cost=1898.7 s
[013-050] Search: Architecture metrics  : loss=0.55, accuracy@1=81.17%, accuracy@5=98.95%
[013-050] Evaluation:  : loss=0.55, accuracy@1=80.81%, accuracy@5=99.04%
<<<--->>> The 013-050-th epoch : found the highest validation accuracy : 80.81%.
Benchmark Results for cifar10 -> train: 0.0, valid: 0.0, test: 94.39805197767011
alpha 0 is Parameter containing:
tensor([[ 0.1227, -0.1237,  0.0555],
        [ 0.1180, -0.0853,  0.0166],
        [ 0.1790, -0.1539,  0.0359],
        [ 0.1070, -0.1881,  0.1115],
        [ 0.1716, -0.1218, -0.0042],
        [ 0.0898, -0.1564,  0.0951],
        [ 0.0993, -0.1119,  0.0448],
        [ 0.1696, -0.0911, -0.0187],
        [ 0.2503, -0.1194, -0.0384],
        [ 0.1896, -0.1298,  0.0088],
        [ 0.1925, -0.1414,  0.0086],
        [ 0.2580, -0.0513, -0.1128],
        [ 0.2605, -0.1320, -0.0520],
        [ 0.2798, -0.1845, -0.0185]], device='cuda:0', requires_grad=True)
alpha 1 is Parameter containing:
tensor([[ 0.0863, -0.0384, -0.0161],
        [-0.0968,  0.0250,  0.0370],
        [ 0.1338, -0.0002, -0.0910],
        [-0.1143, -0.0647,  0.1259],
        [-0.0285, -0.0753,  0.0758],
        [ 0.1099, -0.0552, -0.0158],
        [-0.1371,  0.0611,  0.0357],
        [-0.0046, -0.0885,  0.0750],
        [ 0.0805, -0.0156, -0.0266],
        [ 0.1088, -0.0239, -0.0548],
        [-0.0671, -0.0686,  0.1081],
        [ 0.0284, -0.0216,  0.0038],
        [ 0.0397, -0.0245,  0.0009],
        [ 0.0889, -0.0455, -0.0142]], device='cuda:0', requires_grad=True)
[014-050] Search: Model metrics  : loss=0.41, accuracy@1=85.91%, accuracy@5=99.48%, time-cost=2044.8 s
[014-050] Search: Architecture metrics  : loss=0.53, accuracy@1=81.99%, accuracy@5=99.05%
[014-050] Evaluation:  : loss=0.53, accuracy@1=81.78%, accuracy@5=99.15%
<<<--->>> The 014-050-th epoch : found the highest validation accuracy : 81.78%.
Benchmark Results for cifar10 -> train: 0.0, valid: 0.0, test: 94.37523537627727
alpha 0 is Parameter containing:
tensor([[ 0.1248, -0.1346,  0.0649],
        [ 0.1357, -0.0854,  0.0075],
        [ 0.1933, -0.1671,  0.0379],
        [ 0.1290, -0.1844,  0.0960],
        [ 0.1987, -0.1199, -0.0200],
        [ 0.0945, -0.1710,  0.1041],
        [ 0.1333, -0.1065,  0.0211],
        [ 0.1953, -0.0955, -0.0301],
        [ 0.2891, -0.1314, -0.0530],
        [ 0.2200, -0.1349, -0.0072],
        [ 0.2262, -0.1397, -0.0129],
        [ 0.2982, -0.0463, -0.1400],
        [ 0.2918, -0.1415, -0.0664],
        [ 0.3209, -0.2010, -0.0354]], device='cuda:0', requires_grad=True)
alpha 1 is Parameter containing:
tensor([[ 0.0911, -0.0296, -0.0277],
        [-0.1035,  0.0356,  0.0315],
        [ 0.1383,  0.0131, -0.1064],
        [-0.1317, -0.0551,  0.1281],
        [-0.0360, -0.0803,  0.0833],
        [ 0.1249, -0.0530, -0.0284],
        [-0.1559,  0.0799,  0.0303],
        [-0.0015, -0.0799,  0.0673],
        [ 0.0865,  0.0057, -0.0475],
        [ 0.1289, -0.0228, -0.0710],
        [-0.0857, -0.0736,  0.1244],
        [ 0.0295, -0.0192,  0.0013],
        [ 0.0417, -0.0031, -0.0178],
        [ 0.0943, -0.0464, -0.0168]], device='cuda:0', requires_grad=True)
[015-050] Search: Model metrics  : loss=0.39, accuracy@1=86.54%, accuracy@5=99.56%, time-cost=2191.1 s
[015-050] Search: Architecture metrics  : loss=0.53, accuracy@1=81.98%, accuracy@5=99.03%
[015-050] Evaluation:  : loss=0.49, accuracy@1=83.45%, accuracy@5=99.20%
<<<--->>> The 015-050-th epoch : found the highest validation accuracy : 83.45%.
Benchmark Results for cifar10 -> train: 0.0, valid: 0.0, test: 94.37762702283476
alpha 0 is Parameter containing:
tensor([[ 0.1243, -0.1298,  0.0603],
        [ 0.1588, -0.0983,  0.0064],
        [ 0.2141, -0.1721,  0.0284],
        [ 0.1528, -0.1810,  0.0797],
        [ 0.2216, -0.1205, -0.0324],
        [ 0.1087, -0.1795,  0.1025],
        [ 0.1572, -0.1070,  0.0075],
        [ 0.2127, -0.1121, -0.0296],
        [ 0.3405, -0.1341, -0.0822],
        [ 0.2455, -0.1430, -0.0178],
        [ 0.2553, -0.1428, -0.0285],
        [ 0.3278, -0.0470, -0.1579],
        [ 0.3466, -0.1349, -0.1057],
        [ 0.3760, -0.2082, -0.0699]], device='cuda:0', requires_grad=True)
alpha 1 is Parameter containing:
tensor([[ 0.0860, -0.0311, -0.0230],
        [-0.1106,  0.0424,  0.0297],
        [ 0.1410,  0.0165, -0.1118],
        [-0.1325, -0.0608,  0.1339],
        [-0.0479, -0.0773,  0.0874],
        [ 0.1261, -0.0590, -0.0246],
        [-0.1729,  0.0892,  0.0323],
        [ 0.0138, -0.0645,  0.0483],
        [ 0.0966,  0.0151, -0.0607],
        [ 0.1357, -0.0258, -0.0739],
        [-0.0862, -0.0637,  0.1173],
        [ 0.0353, -0.0159, -0.0039],
        [ 0.0412, -0.0090, -0.0129],
        [ 0.1118, -0.0490, -0.0247]], device='cuda:0', requires_grad=True)
[016-050] Search: Model metrics  : loss=0.37, accuracy@1=87.31%, accuracy@5=99.64%, time-cost=2337.5 s
[016-050] Search: Architecture metrics  : loss=0.52, accuracy@1=82.48%, accuracy@5=99.11%
[016-050] Evaluation:  : loss=0.53, accuracy@1=82.44%, accuracy@5=98.89%
Benchmark Results for cifar10 -> train: 0.0, valid: 0.0, test: 94.42997834968281
alpha 0 is Parameter containing:
tensor([[ 0.1153, -0.1350,  0.0704],
        [ 0.1856, -0.1004, -0.0062],
        [ 0.2334, -0.1856,  0.0270],
        [ 0.1729, -0.1764,  0.0643],
        [ 0.2543, -0.1113, -0.0560],
        [ 0.1250, -0.1922,  0.1030],
        [ 0.1853, -0.1005, -0.0142],
        [ 0.2416, -0.1068, -0.0493],
        [ 0.3886, -0.1433, -0.1067],
        [ 0.2672, -0.1502, -0.0265],
        [ 0.2793, -0.1523, -0.0371],
        [ 0.3644, -0.0394, -0.1855],
        [ 0.3884, -0.1396, -0.1307],
        [ 0.4269, -0.2201, -0.1001]], device='cuda:0', requires_grad=True)
alpha 1 is Parameter containing:
tensor([[ 0.0905, -0.0381, -0.0204],
        [-0.1154,  0.0480,  0.0276],
        [ 0.1511,  0.0094, -0.1139],
        [-0.1451, -0.0645,  0.1448],
        [-0.0551, -0.0864,  0.0980],
        [ 0.1346, -0.0761, -0.0166],
        [-0.1841,  0.1060,  0.0237],
        [ 0.0105, -0.0548,  0.0431],
        [ 0.0893,  0.0240, -0.0648],
        [ 0.1428, -0.0294, -0.0765],
        [-0.0988, -0.0639,  0.1260],
        [ 0.0376, -0.0206, -0.0019],
        [ 0.0511, -0.0142, -0.0140],
        [ 0.1395, -0.0420, -0.0466]], device='cuda:0', requires_grad=True)
[017-050] Search: Model metrics  : loss=0.35, accuracy@1=87.75%, accuracy@5=99.66%, time-cost=2483.9 s
[017-050] Search: Architecture metrics  : loss=0.50, accuracy@1=83.19%, accuracy@5=99.13%
[017-050] Evaluation:  : loss=0.52, accuracy@1=82.36%, accuracy@5=99.20%
Benchmark Results for cifar10 -> train: 0.0, valid: 0.0, test: 94.41289567565423
alpha 0 is Parameter containing:
tensor([[ 0.1201, -0.1509,  0.0831],
        [ 0.1991, -0.1115, -0.0046],
        [ 0.2541, -0.1969,  0.0223],
        [ 0.1985, -0.1811,  0.0528],
        [ 0.2813, -0.1126, -0.0708],
        [ 0.1547, -0.2029,  0.0935],
        [ 0.2166, -0.0908, -0.0401],
        [ 0.2535, -0.1121, -0.0533],
        [ 0.4266, -0.1495, -0.1270],
        [ 0.2923, -0.1631, -0.0326],
        [ 0.3122, -0.1614, -0.0518],
        [ 0.4083, -0.0340, -0.2163],
        [ 0.4385, -0.1431, -0.1624],
        [ 0.4814, -0.2354, -0.1321]], device='cuda:0', requires_grad=True)
alpha 1 is Parameter containing:
tensor([[ 0.0917, -0.0431, -0.0167],
        [-0.1298,  0.0633,  0.0226],
        [ 0.1521,  0.0132, -0.1185],
        [-0.1606, -0.0601,  0.1503],
        [-0.0575, -0.0804,  0.0950],
        [ 0.1567, -0.0682, -0.0394],
        [-0.1968,  0.1335,  0.0058],
        [ 0.0103, -0.0516,  0.0408],
        [ 0.1036,  0.0272, -0.0754],
        [ 0.1696, -0.0409, -0.0880],
        [-0.1052, -0.0554,  0.1238],
        [ 0.0319, -0.0261,  0.0050],
        [ 0.0476, -0.0198, -0.0075],
        [ 0.1594, -0.0450, -0.0562]], device='cuda:0', requires_grad=True)
[018-050] Search: Model metrics  : loss=0.33, accuracy@1=88.72%, accuracy@5=99.71%, time-cost=2629.7 s
[018-050] Search: Architecture metrics  : loss=0.50, accuracy@1=83.18%, accuracy@5=99.17%
[018-050] Evaluation:  : loss=0.50, accuracy@1=82.99%, accuracy@5=99.20%
Benchmark Results for cifar10 -> train: 0.0, valid: 0.0, test: 94.26526968214121
alpha 0 is Parameter containing:
tensor([[ 0.1208, -0.1460,  0.0778],
        [ 0.2129, -0.1154, -0.0090],
        [ 0.2684, -0.1959,  0.0117],
        [ 0.2286, -0.1829,  0.0359],
        [ 0.3039, -0.1088, -0.0861],
        [ 0.1612, -0.2081,  0.0935],
        [ 0.2524, -0.0689, -0.0775],
        [ 0.2832, -0.1066, -0.0740],
        [ 0.4747, -0.1412, -0.1621],
        [ 0.3190, -0.1589, -0.0560],
        [ 0.3554, -0.1494, -0.0880],
        [ 0.4508, -0.0215, -0.2508],
        [ 0.4864, -0.1350, -0.1998],
        [ 0.5301, -0.2516, -0.1614]], device='cuda:0', requires_grad=True)
alpha 1 is Parameter containing:
tensor([[ 0.1048, -0.0481, -0.0222],
        [-0.1425,  0.0707,  0.0238],
        [ 0.1518,  0.0248, -0.1289],
        [-0.1673, -0.0496,  0.1458],
        [-0.0498, -0.0824,  0.0930],
        [ 0.1633, -0.0740, -0.0398],
        [-0.2167,  0.1403,  0.0118],
        [ 0.0172, -0.0468,  0.0338],
        [ 0.1167,  0.0245, -0.0803],
        [ 0.1808, -0.0451, -0.0934],
        [-0.1270, -0.0302,  0.1182],
        [ 0.0238, -0.0207,  0.0048],
        [ 0.0639, -0.0117, -0.0233],
        [ 0.1740, -0.0385, -0.0704]], device='cuda:0', requires_grad=True)
[019-050] Search: Model metrics  : loss=0.31, accuracy@1=89.06%, accuracy@5=99.71%, time-cost=2775.2 s
[019-050] Search: Architecture metrics  : loss=0.48, accuracy@1=83.95%, accuracy@5=99.22%
[019-050] Evaluation:  : loss=0.53, accuracy@1=82.32%, accuracy@5=99.13%
Benchmark Results for cifar10 -> train: 0.0, valid: 0.0, test: 94.30262424711873
alpha 0 is Parameter containing:
tensor([[ 0.1252, -0.1438,  0.0729],
        [ 0.2191, -0.1075, -0.0193],
        [ 0.2710, -0.1955,  0.0094],
        [ 0.2531, -0.1727,  0.0129],
        [ 0.3356, -0.0929, -0.1135],
        [ 0.1691, -0.2139,  0.0932],
        [ 0.2789, -0.0469, -0.1094],
        [ 0.3143, -0.0982, -0.0975],
        [ 0.5341, -0.1321, -0.2059],
        [ 0.3300, -0.1553, -0.0679],
        [ 0.3926, -0.1416, -0.1182],
        [ 0.4881, -0.0135, -0.2799],
        [ 0.5369, -0.1253, -0.2407],
        [ 0.5864, -0.2639, -0.1998]], device='cuda:0', requires_grad=True)
alpha 1 is Parameter containing:
tensor([[ 0.1075, -0.0505, -0.0222],
        [-0.1558,  0.0855,  0.0180],
        [ 0.1575,  0.0347, -0.1425],
        [-0.1799, -0.0435,  0.1479],
        [-0.0404, -0.0766,  0.0843],
        [ 0.1694, -0.0801, -0.0399],
        [-0.2336,  0.1566,  0.0069],
        [ 0.0307, -0.0421,  0.0234],
        [ 0.1306,  0.0296, -0.0923],
        [ 0.1791, -0.0429, -0.0944],
        [-0.1394, -0.0266,  0.1236],
        [ 0.0285, -0.0156, -0.0014],
        [ 0.0829, -0.0122, -0.0333],
        [ 0.1948, -0.0435, -0.0798]], device='cuda:0', requires_grad=True)
[020-050] Search: Model metrics  : loss=0.31, accuracy@1=89.20%, accuracy@5=99.73%, time-cost=2920.3 s
[020-050] Search: Architecture metrics  : loss=0.49, accuracy@1=83.68%, accuracy@5=99.18%
[020-050] Evaluation:  : loss=0.50, accuracy@1=83.54%, accuracy@5=99.25%
<<<--->>> The 020-050-th epoch : found the highest validation accuracy : 83.54%.
Benchmark Results for cifar10 -> train: 0.0, valid: 0.0, test: 94.24114607500911
alpha 0 is Parameter containing:
tensor([[ 0.1133, -0.1408,  0.0767],
        [ 0.2569, -0.1128, -0.0362],
        [ 0.2843, -0.1970,  0.0013],
        [ 0.2880, -0.1898,  0.0043],
        [ 0.3611, -0.1019, -0.1239],
        [ 0.1808, -0.2164,  0.0877],
        [ 0.3119, -0.0425, -0.1329],
        [ 0.3398, -0.0971, -0.1135],
        [ 0.5876, -0.1303, -0.2428],
        [ 0.3659, -0.1478, -0.1007],
        [ 0.4320, -0.1458, -0.1422],
        [ 0.5384, -0.0038, -0.3188],
        [ 0.5893, -0.1196, -0.2812],
        [ 0.6396, -0.2849, -0.2311]], device='cuda:0', requires_grad=True)
alpha 1 is Parameter containing:
tensor([[ 0.1121, -0.0493, -0.0269],
        [-0.1576,  0.0901,  0.0148],
        [ 0.1690,  0.0306, -0.1483],
        [-0.1997, -0.0396,  0.1559],
        [-0.0285, -0.0747,  0.0772],
        [ 0.1681, -0.0962, -0.0267],
        [-0.2512,  0.1638,  0.0108],
        [ 0.0475, -0.0391,  0.0124],
        [ 0.1329,  0.0374, -0.1006],
        [ 0.1854, -0.0482, -0.0952],
        [-0.1429, -0.0163,  0.1180],
        [ 0.0182, -0.0229,  0.0091],
        [ 0.0797, -0.0083, -0.0351],
        [ 0.2014, -0.0314, -0.0943]], device='cuda:0', requires_grad=True)
[021-050] Search: Model metrics  : loss=0.29, accuracy@1=90.15%, accuracy@5=99.79%, time-cost=3065.8 s
[021-050] Search: Architecture metrics  : loss=0.48, accuracy@1=84.06%, accuracy@5=99.19%
[021-050] Evaluation:  : loss=0.48, accuracy@1=83.94%, accuracy@5=99.14%
<<<--->>> The 021-050-th epoch : found the highest validation accuracy : 83.94%.
Benchmark Results for cifar10 -> train: 0.0, valid: 0.0, test: 94.2572794583123
alpha 0 is Parameter containing:
tensor([[ 0.1071, -0.1357,  0.0752],
        [ 0.2800, -0.1203, -0.0436],
        [ 0.3012, -0.2049, -0.0038],
        [ 0.3251, -0.1951, -0.0150],
        [ 0.3913, -0.0918, -0.1479],
        [ 0.1971, -0.2214,  0.0812],
        [ 0.3567, -0.0370, -0.1656],
        [ 0.3687, -0.0989, -0.1301],
        [ 0.6474, -0.1252, -0.2866],
        [ 0.3964, -0.1446, -0.1257],
        [ 0.4655, -0.1464, -0.1646],
        [ 0.5792,  0.0049, -0.3515],
        [ 0.6430, -0.1235, -0.3184],
        [ 0.7070, -0.3035, -0.2764]], device='cuda:0', requires_grad=True)
alpha 1 is Parameter containing:
tensor([[ 0.1296, -0.0502, -0.0393],
        [-0.1742,  0.0821,  0.0315],
        [ 0.1767,  0.0272, -0.1519],
        [-0.2218, -0.0368,  0.1663],
        [-0.0255, -0.0824,  0.0816],
        [ 0.1845, -0.0995, -0.0362],
        [-0.2703,  0.1626,  0.0233],
        [ 0.0538, -0.0361,  0.0069],
        [ 0.1350,  0.0417, -0.1060],
        [ 0.2052, -0.0529, -0.1075],
        [-0.1487, -0.0177,  0.1230],
        [ 0.0119, -0.0266,  0.0149],
        [ 0.0731,  0.0065, -0.0444],
        [ 0.2032, -0.0193, -0.1058]], device='cuda:0', requires_grad=True)
[022-050] Search: Model metrics  : loss=0.28, accuracy@1=90.54%, accuracy@5=99.75%, time-cost=3211.0 s
[022-050] Search: Architecture metrics  : loss=0.47, accuracy@1=84.28%, accuracy@5=99.30%
[022-050] Evaluation:  : loss=0.43, accuracy@1=85.52%, accuracy@5=99.36%
<<<--->>> The 022-050-th epoch : found the highest validation accuracy : 85.52%.
Benchmark Results for cifar10 -> train: 0.0, valid: 0.0, test: 94.23618490985348
alpha 0 is Parameter containing:
tensor([[ 0.1037, -0.1295,  0.0711],
        [ 0.2977, -0.1224, -0.0523],
        [ 0.3102, -0.2035, -0.0112],
        [ 0.3465, -0.1935, -0.0301],
        [ 0.4219, -0.0800, -0.1731],
        [ 0.2083, -0.2296,  0.0804],
        [ 0.3899, -0.0269, -0.1949],
        [ 0.4070, -0.0898, -0.1591],
        [ 0.7118, -0.1154, -0.3374],
        [ 0.4072, -0.1469, -0.1320],
        [ 0.4945, -0.1357, -0.1923],
        [ 0.6267,  0.0255, -0.3955],
        [ 0.7006, -0.1201, -0.3635],
        [ 0.7676, -0.3204, -0.3184]], device='cuda:0', requires_grad=True)
alpha 1 is Parameter containing:
tensor([[ 0.1305, -0.0554, -0.0354],
        [-0.1735,  0.0948,  0.0199],
        [ 0.1788,  0.0243, -0.1514],
        [-0.2331, -0.0264,  0.1639],
        [-0.0191, -0.0920,  0.0855],
        [ 0.1964, -0.1110, -0.0361],
        [-0.2829,  0.1802,  0.0147],
        [ 0.0546, -0.0319,  0.0032],
        [ 0.1332,  0.0479, -0.1110],
        [ 0.2158, -0.0628, -0.1084],
        [-0.1573, -0.0106,  0.1230],
        [ 0.0195, -0.0283,  0.0123],
        [ 0.0755,  0.0054, -0.0450],
        [ 0.2107, -0.0182, -0.1121]], device='cuda:0', requires_grad=True)
[023-050] Search: Model metrics  : loss=0.26, accuracy@1=90.88%, accuracy@5=99.82%, time-cost=3356.3 s
[023-050] Search: Architecture metrics  : loss=0.46, accuracy@1=84.75%, accuracy@5=99.32%
[023-050] Evaluation:  : loss=0.49, accuracy@1=84.53%, accuracy@5=99.10%
Benchmark Results for cifar10 -> train: 0.0, valid: 0.0, test: 94.1219644877886
alpha 0 is Parameter containing:
tensor([[ 0.1032, -0.1256,  0.0676],
        [ 0.3164, -0.1142, -0.0701],
        [ 0.3286, -0.2085, -0.0196],
        [ 0.3658, -0.1832, -0.0502],
        [ 0.4562, -0.0729, -0.1982],
        [ 0.2312, -0.2207,  0.0584],
        [ 0.4326, -0.0187, -0.2295],
        [ 0.4555, -0.0775, -0.1964],
        [ 0.7542, -0.1161, -0.3677],
        [ 0.4258, -0.1410, -0.1518],
        [ 0.5282, -0.1391, -0.2138],
        [ 0.6642,  0.0220, -0.4191],
        [ 0.7548, -0.1222, -0.4041],
        [ 0.8191, -0.3455, -0.3499]], device='cuda:0', requires_grad=True)
alpha 1 is Parameter containing:
tensor([[ 0.1225, -0.0598, -0.0252],
        [-0.1762,  0.0938,  0.0227],
        [ 0.1753,  0.0397, -0.1626],
        [-0.2552, -0.0140,  0.1652],
        [-0.0124, -0.0879,  0.0792],
        [ 0.2047, -0.1111, -0.0424],
        [-0.2818,  0.1944,  0.0014],
        [ 0.0544, -0.0199, -0.0056],
        [ 0.1321,  0.0629, -0.1241],
        [ 0.2120, -0.0581, -0.1096],
        [-0.1630, -0.0133,  0.1291],
        [ 0.0207, -0.0167,  0.0032],
        [ 0.0732,  0.0386, -0.0728],
        [ 0.2284, -0.0094, -0.1312]], device='cuda:0', requires_grad=True)
[024-050] Search: Model metrics  : loss=0.24, accuracy@1=91.71%, accuracy@5=99.84%, time-cost=3502.3 s
[024-050] Search: Architecture metrics  : loss=0.46, accuracy@1=84.82%, accuracy@5=99.26%
[024-050] Evaluation:  : loss=0.47, accuracy@1=84.52%, accuracy@5=99.25%
Benchmark Results for cifar10 -> train: 0.0, valid: 0.0, test: 94.12547662893665
alpha 0 is Parameter containing:
tensor([[ 0.1132, -0.1158,  0.0522],
        [ 0.3211, -0.1183, -0.0701],
        [ 0.3351, -0.2119, -0.0213],
        [ 0.4011, -0.1773, -0.0781],
        [ 0.4873, -0.0690, -0.2198],
        [ 0.2530, -0.2142,  0.0393],
        [ 0.4763, -0.0024, -0.2709],
        [ 0.5001, -0.0638, -0.2328],
        [ 0.8157, -0.1209, -0.4103],
        [ 0.4538, -0.1318, -0.1811],
        [ 0.5593, -0.1368, -0.2377],
        [ 0.7076,  0.0272, -0.4522],
        [ 0.8083, -0.1238, -0.4454],
        [ 0.8844, -0.3659, -0.3968]], device='cuda:0', requires_grad=True)
alpha 1 is Parameter containing:
tensor([[ 0.1221, -0.0566, -0.0281],
        [-0.1914,  0.1103,  0.0160],
        [ 0.1729,  0.0419, -0.1630],
        [-0.2552, -0.0148,  0.1667],
        [-0.0165, -0.0912,  0.0840],
        [ 0.2062, -0.1190, -0.0378],
        [-0.2988,  0.2068, -0.0006],
        [ 0.0641, -0.0107, -0.0178],
        [ 0.1510,  0.0733, -0.1441],
        [ 0.2219, -0.0602, -0.1162],
        [-0.1737, -0.0043,  0.1289],
        [ 0.0150, -0.0187,  0.0076],
        [ 0.0897,  0.0417, -0.0848],
        [ 0.2599,  0.0005, -0.1603]], device='cuda:0', requires_grad=True)
[025-050] Search: Model metrics  : loss=0.22, accuracy@1=92.10%, accuracy@5=99.86%, time-cost=3647.9 s
[025-050] Search: Architecture metrics  : loss=0.47, accuracy@1=85.12%, accuracy@5=99.22%
[025-050] Evaluation:  : loss=0.50, accuracy@1=84.07%, accuracy@5=99.24%
Benchmark Results for cifar10 -> train: 0.0, valid: 0.0, test: 93.95734138339962
alpha 0 is Parameter containing:
tensor([[ 1.0985e-01, -1.1680e-01,  5.4972e-02],
        [ 3.4738e-01, -1.1510e-01, -8.8692e-02],
        [ 3.5312e-01, -2.0650e-01, -3.8188e-02],
        [ 4.3170e-01, -1.7420e-01, -1.0141e-01],
        [ 5.3309e-01, -5.5009e-02, -2.5634e-01],
        [ 2.7132e-01, -2.1319e-01,  2.6668e-02],
        [ 5.1895e-01, -8.7505e-04, -3.0169e-01],
        [ 5.4749e-01, -5.4483e-02, -2.6938e-01],
        [ 8.8079e-01, -1.2842e-01, -4.5619e-01],
        [ 4.7599e-01, -1.2630e-01, -2.0352e-01],
        [ 5.9632e-01, -1.4437e-01, -2.5885e-01],
        [ 7.5584e-01,  3.0458e-02, -4.8826e-01],
        [ 8.7162e-01, -1.2771e-01, -4.9405e-01],
        [ 9.4907e-01, -3.9012e-01, -4.4186e-01]], device='cuda:0',
       requires_grad=True)
alpha 1 is Parameter containing:
tensor([[ 1.1516e-01, -4.8989e-02, -3.0234e-02],
        [-1.9992e-01,  1.1700e-01,  1.4534e-02],
        [ 1.7282e-01,  3.5517e-02, -1.5765e-01],
        [-2.6497e-01, -9.4154e-03,  1.6762e-01],
        [-1.8081e-02, -9.7035e-02,  8.9115e-02],
        [ 2.0594e-01, -1.2269e-01, -3.5160e-02],
        [-3.0845e-01,  2.1680e-01, -4.2594e-03],
        [ 7.0965e-02,  5.4680e-03, -3.3712e-02],
        [ 1.6054e-01,  9.0378e-02, -1.6493e-01],
        [ 2.3653e-01, -5.3350e-02, -1.3469e-01],
        [-1.8638e-01,  3.5819e-03,  1.3065e-01],
        [ 1.2670e-02, -7.4799e-03,  2.0479e-04],
        [ 1.0524e-01,  5.5864e-02, -1.0589e-01],
        [ 2.7809e-01,  2.2607e-03, -1.7440e-01]], device='cuda:0',
       requires_grad=True)
[026-050] Search: Model metrics  : loss=0.21, accuracy@1=92.52%, accuracy@5=99.90%, time-cost=3792.9 s
[026-050] Search: Architecture metrics  : loss=0.45, accuracy@1=85.46%, accuracy@5=99.38%
[026-050] Evaluation:  : loss=0.44, accuracy@1=85.75%, accuracy@5=99.34%
<<<--->>> The 026-050-th epoch : found the highest validation accuracy : 85.75%.
Benchmark Results for cifar10 -> train: 0.0, valid: 0.0, test: 93.92372678169517
alpha 0 is Parameter containing:
tensor([[ 0.1063, -0.1183,  0.0583],
        [ 0.3645, -0.1127, -0.1014],
        [ 0.3647, -0.2023, -0.0497],
        [ 0.4634, -0.1653, -0.1300],
        [ 0.5762, -0.0372, -0.2937],
        [ 0.2888, -0.2197,  0.0204],
        [ 0.5487,  0.0068, -0.3293],
        [ 0.5900, -0.0450, -0.3033],
        [ 0.9394, -0.1337, -0.4995],
        [ 0.5004, -0.1322, -0.2174],
        [ 0.6368, -0.1475, -0.2868],
        [ 0.7931,  0.0330, -0.5171],
        [ 0.9299, -0.1422, -0.5349],
        [ 1.0062, -0.4132, -0.4817]], device='cuda:0', requires_grad=True)
alpha 1 is Parameter containing:
tensor([[ 0.1221, -0.0505, -0.0341],
        [-0.2135,  0.1245,  0.0150],
        [ 0.1867,  0.0355, -0.1688],
        [-0.2804, -0.0095,  0.1762],
        [-0.0044, -0.0934,  0.0795],
        [ 0.2073, -0.1224, -0.0368],
        [-0.3184,  0.2296, -0.0106],
        [ 0.0755,  0.0229, -0.0495],
        [ 0.1721,  0.0972, -0.1779],
        [ 0.2413, -0.0518, -0.1404],
        [-0.1997,  0.0017,  0.1405],
        [-0.0007,  0.0009,  0.0006],
        [ 0.1167,  0.0571, -0.1135],
        [ 0.2849, -0.0018, -0.1763]], device='cuda:0', requires_grad=True)
[027-050] Search: Model metrics  : loss=0.21, accuracy@1=92.51%, accuracy@5=99.86%, time-cost=3939.2 s
[027-050] Search: Architecture metrics  : loss=0.46, accuracy@1=85.29%, accuracy@5=99.28%
[027-050] Evaluation:  : loss=0.43, accuracy@1=86.20%, accuracy@5=99.38%
<<<--->>> The 027-050-th epoch : found the highest validation accuracy : 86.20%.
Benchmark Results for cifar10 -> train: 0.0, valid: 0.0, test: 93.7782698522316
alpha 0 is Parameter containing:
tensor([[ 0.1056, -0.1211,  0.0612],
        [ 0.3872, -0.1069, -0.1204],
        [ 0.3864, -0.2012, -0.0655],
        [ 0.4939, -0.1622, -0.1534],
        [ 0.6153, -0.0334, -0.3213],
        [ 0.3147, -0.2121, -0.0035],
        [ 0.5779,  0.0191, -0.3607],
        [ 0.6348, -0.0371, -0.3380],
        [ 0.9992, -0.1364, -0.5458],
        [ 0.5285, -0.1233, -0.2473],
        [ 0.6735, -0.1511, -0.3124],
        [ 0.8331,  0.0399, -0.5505],
        [ 0.9734, -0.1554, -0.5654],
        [ 1.0644, -0.4380, -0.5231]], device='cuda:0', requires_grad=True)
alpha 1 is Parameter containing:
tensor([[ 0.1209, -0.0432, -0.0401],
        [-0.2226,  0.1284,  0.0165],
        [ 0.1786,  0.0466, -0.1723],
        [-0.2762,  0.0016,  0.1649],
        [-0.0040, -0.0969,  0.0819],
        [ 0.2095, -0.1274, -0.0349],
        [-0.3298,  0.2298, -0.0042],
        [ 0.0731,  0.0259, -0.0508],
        [ 0.1765,  0.1037, -0.1868],
        [ 0.2330, -0.0537, -0.1321],
        [-0.1912,  0.0080,  0.1309],
        [-0.0004,  0.0117, -0.0077],
        [ 0.1352,  0.0668, -0.1328],
        [ 0.2920,  0.0108, -0.1926]], device='cuda:0', requires_grad=True)
[028-050] Search: Model metrics  : loss=0.19, accuracy@1=93.53%, accuracy@5=99.88%, time-cost=4084.9 s
[028-050] Search: Architecture metrics  : loss=0.43, accuracy@1=86.12%, accuracy@5=99.38%
[028-050] Evaluation:  : loss=0.46, accuracy@1=85.24%, accuracy@5=99.46%
Benchmark Results for cifar10 -> train: 0.0, valid: 0.0, test: 93.94184346743536
alpha 0 is Parameter containing:
tensor([[ 0.1054, -0.1332,  0.0727],
        [ 0.3975, -0.1227, -0.1147],
        [ 0.4046, -0.2021, -0.0774],
        [ 0.5247, -0.1705, -0.1691],
        [ 0.6441, -0.0243, -0.3456],
        [ 0.3357, -0.2207, -0.0109],
        [ 0.6166,  0.0214, -0.3915],
        [ 0.6665, -0.0331, -0.3624],
        [ 1.0470, -0.1486, -0.5785],
        [ 0.5491, -0.1273, -0.2601],
        [ 0.7231, -0.1635, -0.3428],
        [ 0.8724,  0.0453, -0.5829],
        [ 1.0150, -0.1665, -0.5958],
        [ 1.1144, -0.4640, -0.5576]], device='cuda:0', requires_grad=True)
alpha 1 is Parameter containing:
tensor([[ 0.1319, -0.0577, -0.0355],
        [-0.2322,  0.1346,  0.0158],
        [ 0.1901,  0.0534, -0.1877],
        [-0.3007,  0.0032,  0.1764],
        [-0.0130, -0.1080,  0.0944],
        [ 0.2236, -0.1339, -0.0407],
        [-0.3288,  0.2409, -0.0147],
        [ 0.0783,  0.0236, -0.0523],
        [ 0.1830,  0.1113, -0.1980],
        [ 0.2338, -0.0603, -0.1273],
        [-0.2021,  0.0022,  0.1424],
        [ 0.0006,  0.0147, -0.0104],
        [ 0.1328,  0.0755, -0.1397],
        [ 0.3118,  0.0153, -0.2103]], device='cuda:0', requires_grad=True)
[029-050] Search: Model metrics  : loss=0.17, accuracy@1=93.96%, accuracy@5=99.95%, time-cost=4231.0 s
[029-050] Search: Architecture metrics  : loss=0.43, accuracy@1=86.04%, accuracy@5=99.47%
[029-050] Evaluation:  : loss=0.45, accuracy@1=85.59%, accuracy@5=99.44%
Benchmark Results for cifar10 -> train: 0.0, valid: 0.0, test: 93.86220134630574
alpha 0 is Parameter containing:
tensor([[ 0.1065, -0.1244,  0.0638],
        [ 0.4166, -0.1205, -0.1289],
        [ 0.4142, -0.2019, -0.0844],
        [ 0.5506, -0.1658, -0.1909],
        [ 0.6870, -0.0164, -0.3784],
        [ 0.3471, -0.2082, -0.0294],
        [ 0.6518,  0.0427, -0.4345],
        [ 0.6990, -0.0189, -0.3939],
        [ 1.1064, -0.1428, -0.6299],
        [ 0.5712, -0.1125, -0.2921],
        [ 0.7647, -0.1599, -0.3793],
        [ 0.9204,  0.0528, -0.6239],
        [ 1.0774, -0.1678, -0.6485],
        [ 1.1771, -0.4750, -0.6112]], device='cuda:0', requires_grad=True)
alpha 1 is Parameter containing:
tensor([[ 0.1344, -0.0588, -0.0366],
        [-0.2500,  0.1410,  0.0189],
        [ 0.2087,  0.0549, -0.2045],
        [-0.3211,  0.0087,  0.1825],
        [-0.0079, -0.0979,  0.0848],
        [ 0.2369, -0.1439, -0.0438],
        [-0.3307,  0.2503, -0.0222],
        [ 0.0712,  0.0354, -0.0574],
        [ 0.1974,  0.1148, -0.2098],
        [ 0.2442, -0.0742, -0.1241],
        [-0.2299,  0.0045,  0.1567],
        [-0.0037,  0.0188, -0.0115],
        [ 0.1513,  0.0801, -0.1543],
        [ 0.3343,  0.0091, -0.2206]], device='cuda:0', requires_grad=True)
[030-050] Search: Model metrics  : loss=0.16, accuracy@1=94.42%, accuracy@5=99.96%, time-cost=4376.8 s
[030-050] Search: Architecture metrics  : loss=0.42, accuracy@1=86.31%, accuracy@5=99.46%
[030-050] Evaluation:  : loss=0.44, accuracy@1=85.91%, accuracy@5=99.44%
Benchmark Results for cifar10 -> train: 0.0, valid: 0.0, test: 93.87999124347674
alpha 0 is Parameter containing:
tensor([[ 0.1106, -0.1316,  0.0682],
        [ 0.4401, -0.1121, -0.1514],
        [ 0.4365, -0.2130, -0.0910],
        [ 0.5838, -0.1687, -0.2128],
        [ 0.7213, -0.0229, -0.3984],
        [ 0.3616, -0.2027, -0.0441],
        [ 0.6826,  0.0558, -0.4690],
        [ 0.7416, -0.0076, -0.4312],
        [ 1.1581, -0.1481, -0.6702],
        [ 0.5964, -0.1201, -0.3058],
        [ 0.7930, -0.1593, -0.4029],
        [ 0.9599,  0.0466, -0.6509],
        [ 1.1246, -0.1721, -0.6869],
        [ 1.2269, -0.4948, -0.6495]], device='cuda:0', requires_grad=True)
alpha 1 is Parameter containing:
tensor([[ 0.1422, -0.0569, -0.0443],
        [-0.2680,  0.1540,  0.0159],
        [ 0.2147,  0.0516, -0.2069],
        [-0.3350,  0.0169,  0.1830],
        [-0.0092, -0.0986,  0.0861],
        [ 0.2368, -0.1428, -0.0449],
        [-0.3355,  0.2567, -0.0253],
        [ 0.0736,  0.0422, -0.0642],
        [ 0.2004,  0.1318, -0.2276],
        [ 0.2544, -0.0708, -0.1361],
        [-0.2422,  0.0127,  0.1574],
        [-0.0077,  0.0345, -0.0216],
        [ 0.1614,  0.0951, -0.1739],
        [ 0.3480,  0.0142, -0.2352]], device='cuda:0', requires_grad=True)
[031-050] Search: Model metrics  : loss=0.15, accuracy@1=94.69%, accuracy@5=99.94%, time-cost=4523.5 s
[031-050] Search: Architecture metrics  : loss=0.42, accuracy@1=86.50%, accuracy@5=99.42%
[031-050] Evaluation:  : loss=0.42, accuracy@1=86.45%, accuracy@5=99.47%
<<<--->>> The 031-050-th epoch : found the highest validation accuracy : 86.45%.
Benchmark Results for cifar10 -> train: 0.0, valid: 0.0, test: 93.75901834232492
alpha 0 is Parameter containing:
tensor([[ 0.1264, -0.1329,  0.0611],
        [ 0.4534, -0.1106, -0.1618],
        [ 0.4555, -0.2176, -0.1008],
        [ 0.6126, -0.1612, -0.2398],
        [ 0.7609, -0.0194, -0.4275],
        [ 0.3690, -0.2025, -0.0495],
        [ 0.7121,  0.0571, -0.4934],
        [ 0.7871, -0.0041, -0.4673],
        [ 1.2169, -0.1482, -0.7199],
        [ 0.6222, -0.1280, -0.3206],
        [ 0.8280, -0.1591, -0.4325],
        [ 1.0093,  0.0308, -0.6808],
        [ 1.1710, -0.1904, -0.7192],
        [ 1.2882, -0.5227, -0.6960]], device='cuda:0', requires_grad=True)
alpha 1 is Parameter containing:
tensor([[ 0.1446, -0.0491, -0.0532],
        [-0.2775,  0.1638,  0.0116],
        [ 0.2388,  0.0499, -0.2258],
        [-0.3615,  0.0314,  0.1845],
        [-0.0016, -0.1071,  0.0885],
        [ 0.2627, -0.1513, -0.0583],
        [-0.3577,  0.2721, -0.0284],
        [ 0.0769,  0.0502, -0.0723],
        [ 0.1936,  0.1311, -0.2237],
        [ 0.2587, -0.0685, -0.1420],
        [-0.2494,  0.0158,  0.1594],
        [-0.0041,  0.0415, -0.0288],
        [ 0.1673,  0.1009, -0.1829],
        [ 0.3688,  0.0174, -0.2534]], device='cuda:0', requires_grad=True)
[032-050] Search: Model metrics  : loss=0.14, accuracy@1=95.20%, accuracy@5=99.96%, time-cost=4669.5 s
[032-050] Search: Architecture metrics  : loss=0.42, accuracy@1=86.84%, accuracy@5=99.44%
[032-050] Evaluation:  : loss=0.40, accuracy@1=86.93%, accuracy@5=99.46%
<<<--->>> The 032-050-th epoch : found the highest validation accuracy : 86.93%.
Benchmark Results for cifar10 -> train: 0.0, valid: 0.0, test: 93.71963769849387
alpha 0 is Parameter containing:
tensor([[ 0.1397, -0.1275,  0.0493],
        [ 0.4706, -0.1108, -0.1732],
        [ 0.4755, -0.2352, -0.1002],
        [ 0.6350, -0.1693, -0.2504],
        [ 0.8019, -0.0228, -0.4542],
        [ 0.3932, -0.1979, -0.0703],
        [ 0.7502,  0.0549, -0.5222],
        [ 0.8194, -0.0093, -0.4889],
        [ 1.2703, -0.1563, -0.7622],
        [ 0.6451, -0.1255, -0.3428],
        [ 0.8671, -0.1593, -0.4656],
        [ 1.0554,  0.0272, -0.7163],
        [ 1.2194, -0.1946, -0.7606],
        [ 1.3445, -0.5489, -0.7390]], device='cuda:0', requires_grad=True)
alpha 1 is Parameter containing:
tensor([[ 0.1504, -0.0493, -0.0576],
        [-0.2942,  0.1676,  0.0166],
        [ 0.2597,  0.0543, -0.2486],
        [-0.3761,  0.0434,  0.1820],
        [-0.0135, -0.1059,  0.0937],
        [ 0.2771, -0.1551, -0.0666],
        [-0.3730,  0.2769, -0.0248],
        [ 0.0724,  0.0538, -0.0730],
        [ 0.2016,  0.1460, -0.2427],
        [ 0.2691, -0.0733, -0.1470],
        [-0.2658,  0.0237,  0.1625],
        [-0.0006,  0.0484, -0.0359],
        [ 0.1788,  0.1113, -0.1994],
        [ 0.3888,  0.0152, -0.2664]], device='cuda:0', requires_grad=True)
[033-050] Search: Model metrics  : loss=0.13, accuracy@1=95.81%, accuracy@5=99.97%, time-cost=4814.6 s
[033-050] Search: Architecture metrics  : loss=0.42, accuracy@1=86.40%, accuracy@5=99.42%
[033-050] Evaluation:  : loss=0.40, accuracy@1=87.08%, accuracy@5=99.50%
<<<--->>> The 033-050-th epoch : found the highest validation accuracy : 87.08%.
Benchmark Results for cifar10 -> train: 0.0, valid: 0.0, test: 93.79812741297073
alpha 0 is Parameter containing:
tensor([[ 0.1522, -0.1335,  0.0480],
        [ 0.4852, -0.1098, -0.1841],
        [ 0.4908, -0.2465, -0.1020],
        [ 0.6742, -0.1767, -0.2741],
        [ 0.8366, -0.0298, -0.4752],
        [ 0.4031, -0.2080, -0.0686],
        [ 0.7920,  0.0588, -0.5603],
        [ 0.8689, -0.0056, -0.5290],
        [ 1.3192, -0.1676, -0.7999],
        [ 0.6723, -0.1253, -0.3665],
        [ 0.9012, -0.1629, -0.4926],
        [ 1.0943,  0.0292, -0.7494],
        [ 1.2710, -0.2024, -0.8037],
        [ 1.4043, -0.5690, -0.7884]], device='cuda:0', requires_grad=True)
alpha 1 is Parameter containing:
tensor([[ 0.1510, -0.0615, -0.0471],
        [-0.2965,  0.1665,  0.0193],
        [ 0.2654,  0.0635, -0.2626],
        [-0.3803,  0.0497,  0.1793],
        [-0.0124, -0.1159,  0.1005],
        [ 0.2845, -0.1630, -0.0666],
        [-0.3865,  0.2746, -0.0153],
        [ 0.0581,  0.0477, -0.0610],
        [ 0.1984,  0.1569, -0.2516],
        [ 0.2862, -0.0762, -0.1592],
        [-0.2766,  0.0300,  0.1636],
        [-0.0078,  0.0597, -0.0413],
        [ 0.1803,  0.1210, -0.2095],
        [ 0.4166,  0.0183, -0.2893]], device='cuda:0', requires_grad=True)
[034-050] Search: Model metrics  : loss=0.12, accuracy@1=96.21%, accuracy@5=99.98%, time-cost=4960.0 s
[034-050] Search: Architecture metrics  : loss=0.43, accuracy@1=86.45%, accuracy@5=99.48%
[034-050] Evaluation:  : loss=0.41, accuracy@1=87.14%, accuracy@5=99.47%
<<<--->>> The 034-050-th epoch : found the highest validation accuracy : 87.14%.
Benchmark Results for cifar10 -> train: 0.0, valid: 0.0, test: 93.6883750146015
alpha 0 is Parameter containing:
tensor([[ 0.1519, -0.1240,  0.0391],
        [ 0.5071, -0.1090, -0.2001],
        [ 0.5057, -0.2340, -0.1238],
        [ 0.7052, -0.1780, -0.2969],
        [ 0.8768, -0.0195, -0.5096],
        [ 0.4249, -0.2039, -0.0872],
        [ 0.8250,  0.0696, -0.5975],
        [ 0.9102, -0.0018, -0.5636],
        [ 1.3783, -0.1804, -0.8465],
        [ 0.6889, -0.1109, -0.3952],
        [ 0.9505, -0.1741, -0.5269],
        [ 1.1439,  0.0257, -0.7886],
        [ 1.3237, -0.2263, -0.8411],
        [ 1.4730, -0.5933, -0.8458]], device='cuda:0', requires_grad=True)
alpha 1 is Parameter containing:
tensor([[ 0.1514, -0.0536, -0.0549],
        [-0.2957,  0.1726,  0.0135],
        [ 0.2637,  0.0771, -0.2746],
        [-0.3896,  0.0565,  0.1784],
        [-0.0090, -0.1248,  0.1055],
        [ 0.2923, -0.1684, -0.0689],
        [-0.3896,  0.2834, -0.0216],
        [ 0.0639,  0.0502, -0.0663],
        [ 0.1918,  0.1583, -0.2497],
        [ 0.2912, -0.0653, -0.1726],
        [-0.2780,  0.0373,  0.1587],
        [-0.0134,  0.0710, -0.0476],
        [ 0.1790,  0.1235, -0.2116],
        [ 0.4240,  0.0286, -0.3042]], device='cuda:0', requires_grad=True)
[035-050] Search: Model metrics  : loss=0.11, accuracy@1=96.56%, accuracy@5=99.97%, time-cost=5105.7 s
[035-050] Search: Architecture metrics  : loss=0.42, accuracy@1=86.64%, accuracy@5=99.42%
[035-050] Evaluation:  : loss=0.39, accuracy@1=87.50%, accuracy@5=99.49%
<<<--->>> The 035-050-th epoch : found the highest validation accuracy : 87.50%.
Benchmark Results for cifar10 -> train: 0.0, valid: 0.0, test: 93.71814345385333
alpha 0 is Parameter containing:
tensor([[ 1.4632e-01, -1.3606e-01,  5.3275e-02],
        [ 5.3419e-01, -1.0658e-01, -2.2108e-01],
        [ 5.3444e-01, -2.3845e-01, -1.4097e-01],
        [ 7.3637e-01, -1.8129e-01, -3.1893e-01],
        [ 9.2024e-01, -1.5712e-02, -5.4311e-01],
        [ 4.5470e-01, -2.0907e-01, -1.0328e-01],
        [ 8.5770e-01,  6.9453e-02, -6.2640e-01],
        [ 9.4368e-01, -3.0214e-04, -5.9124e-01],
        [ 1.4372e+00, -1.9037e-01, -8.9510e-01],
        [ 7.1455e-01, -1.1245e-01, -4.1679e-01],
        [ 9.8627e-01, -1.7332e-01, -5.6045e-01],
        [ 1.1864e+00,  2.7340e-02, -8.2550e-01],
        [ 1.3680e+00, -2.3723e-01, -8.7743e-01],
        [ 1.5261e+00, -6.0086e-01, -8.9463e-01]], device='cuda:0',
       requires_grad=True)
alpha 1 is Parameter containing:
tensor([[ 0.1518, -0.0501, -0.0587],
        [-0.2990,  0.1734,  0.0149],
        [ 0.2613,  0.0840, -0.2797],
        [-0.4036,  0.0687,  0.1747],
        [-0.0098, -0.1290,  0.1090],
        [ 0.2950, -0.1698, -0.0702],
        [-0.3894,  0.2883, -0.0260],
        [ 0.0662,  0.0521, -0.0693],
        [ 0.1882,  0.1795, -0.2680],
        [ 0.2950, -0.0650, -0.1764],
        [-0.2836,  0.0347,  0.1644],
        [-0.0257,  0.0764, -0.0458],
        [ 0.1802,  0.1421, -0.2299],
        [ 0.4422,  0.0431, -0.3302]], device='cuda:0', requires_grad=True)
[036-050] Search: Model metrics  : loss=0.10, accuracy@1=96.76%, accuracy@5=99.98%, time-cost=5251.4 s
[036-050] Search: Architecture metrics  : loss=0.40, accuracy@1=87.28%, accuracy@5=99.36%
[036-050] Evaluation:  : loss=0.38, accuracy@1=87.80%, accuracy@5=99.50%
<<<--->>> The 036-050-th epoch : found the highest validation accuracy : 87.80%.
Benchmark Results for cifar10 -> train: 0.0, valid: 0.0, test: 93.80805844258626
alpha 0 is Parameter containing:
tensor([[ 0.1549, -0.1397,  0.0518],
        [ 0.5468, -0.1040, -0.2322],
        [ 0.5525, -0.2433, -0.1504],
        [ 0.7642, -0.1838, -0.3394],
        [ 0.9482, -0.0167, -0.5636],
        [ 0.4752, -0.2096, -0.1177],
        [ 0.8931,  0.0715, -0.6600],
        [ 0.9807, -0.0016, -0.6199],
        [ 1.4855, -0.1999, -0.9351],
        [ 0.7462, -0.1165, -0.4422],
        [ 1.0246, -0.1843, -0.5863],
        [ 1.2201,  0.0144, -0.8470],
        [ 1.4124, -0.2554, -0.9112],
        [ 1.5750, -0.6261, -0.9334]], device='cuda:0', requires_grad=True)
alpha 1 is Parameter containing:
tensor([[ 0.1601, -0.0638, -0.0526],
        [-0.3064,  0.1737,  0.0186],
        [ 0.2663,  0.0944, -0.2948],
        [-0.4119,  0.0685,  0.1796],
        [-0.0062, -0.1357,  0.1122],
        [ 0.2999, -0.1663, -0.0771],
        [-0.3969,  0.3004, -0.0339],
        [ 0.0615,  0.0617, -0.0743],
        [ 0.1887,  0.1898, -0.2785],
        [ 0.3004, -0.0783, -0.1702],
        [-0.2949,  0.0350,  0.1705],
        [-0.0285,  0.0757, -0.0439],
        [ 0.1890,  0.1514, -0.2440],
        [ 0.4642,  0.0338, -0.3392]], device='cuda:0', requires_grad=True)
[037-050] Search: Model metrics  : loss=0.09, accuracy@1=97.13%, accuracy@5=99.99%, time-cost=5397.3 s
[037-050] Search: Architecture metrics  : loss=0.41, accuracy@1=87.10%, accuracy@5=99.45%
[037-050] Evaluation:  : loss=0.38, accuracy@1=87.81%, accuracy@5=99.56%
<<<--->>> The 037-050-th epoch : found the highest validation accuracy : 87.81%.
Benchmark Results for cifar10 -> train: 0.0, valid: 0.0, test: 93.85408075005843
alpha 0 is Parameter containing:
tensor([[ 1.6442e-01, -1.4519e-01,  5.1666e-02],
        [ 5.7217e-01, -1.0024e-01, -2.5281e-01],
        [ 5.6737e-01, -2.5993e-01, -1.4764e-01],
        [ 8.1035e-01, -1.8900e-01, -3.7262e-01],
        [ 9.8630e-01, -2.1174e-02, -5.8981e-01],
        [ 5.0519e-01, -2.1349e-01, -1.3632e-01],
        [ 9.2678e-01,  7.8943e-02, -6.9665e-01],
        [ 1.0173e+00, -3.3426e-03, -6.4808e-01],
        [ 1.5382e+00, -2.0979e-01, -9.7961e-01],
        [ 7.7271e-01, -1.2094e-01, -4.6320e-01],
        [ 1.0574e+00, -1.9067e-01, -6.1108e-01],
        [ 1.2512e+00,  6.7998e-04, -8.6589e-01],
        [ 1.4548e+00, -2.7617e-01, -9.4234e-01],
        [ 1.6268e+00, -6.4597e-01, -9.7707e-01]], device='cuda:0',
       requires_grad=True)
alpha 1 is Parameter containing:
tensor([[ 0.1664, -0.0678, -0.0540],
        [-0.3183,  0.1758,  0.0229],
        [ 0.2663,  0.0978, -0.2984],
        [-0.4335,  0.0687,  0.1901],
        [ 0.0032, -0.1356,  0.1075],
        [ 0.3074, -0.1663, -0.0835],
        [-0.4045,  0.2991, -0.0285],
        [ 0.0688,  0.0672, -0.0827],
        [ 0.1848,  0.2060, -0.2919],
        [ 0.3163, -0.0809, -0.1819],
        [-0.3095,  0.0404,  0.1738],
        [-0.0304,  0.0925, -0.0562],
        [ 0.1844,  0.1700, -0.2592],
        [ 0.4828,  0.0427, -0.3617]], device='cuda:0', requires_grad=True)
[038-050] Search: Model metrics  : loss=0.08, accuracy@1=97.63%, accuracy@5=99.98%, time-cost=5543.0 s
[038-050] Search: Architecture metrics  : loss=0.39, accuracy@1=87.48%, accuracy@5=99.50%
[038-050] Evaluation:  : loss=0.38, accuracy@1=88.06%, accuracy@5=99.49%
<<<--->>> The 038-050-th epoch : found the highest validation accuracy : 88.06%.
Benchmark Results for cifar10 -> train: 0.0, valid: 0.0, test: 93.71709031923481
alpha 0 is Parameter containing:
tensor([[ 0.1775, -0.1478,  0.0470],
        [ 0.5830, -0.1013, -0.2598],
        [ 0.5928, -0.2641, -0.1638],
        [ 0.8429, -0.1885, -0.3996],
        [ 1.0222, -0.0296, -0.6130],
        [ 0.5153, -0.2089, -0.1481],
        [ 0.9634,  0.0728, -0.7240],
        [ 1.0547, -0.0103, -0.6743],
        [ 1.5810, -0.2346, -1.0097],
        [ 0.8014, -0.1223, -0.4897],
        [ 1.0897, -0.1979, -0.6359],
        [ 1.2847, -0.0111, -0.8882],
        [ 1.4906, -0.3033, -0.9648],
        [ 1.6751, -0.6633, -1.0182]], device='cuda:0', requires_grad=True)
alpha 1 is Parameter containing:
tensor([[ 0.1699, -0.0594, -0.0648],
        [-0.3289,  0.1823,  0.0220],
        [ 0.2747,  0.0961, -0.3045],
        [-0.4447,  0.0677,  0.1968],
        [ 0.0083, -0.1337,  0.1036],
        [ 0.3066, -0.1743, -0.0768],
        [-0.4107,  0.2998, -0.0256],
        [ 0.0731,  0.0740, -0.0907],
        [ 0.1945,  0.2154, -0.3071],
        [ 0.3197, -0.0734, -0.1914],
        [-0.3216,  0.0450,  0.1765],
        [-0.0355,  0.1065, -0.0650],
        [ 0.1924,  0.1771, -0.2711],
        [ 0.4888,  0.0588, -0.3810]], device='cuda:0', requires_grad=True)
[039-050] Search: Model metrics  : loss=0.08, accuracy@1=97.96%, accuracy@5=100.00%, time-cost=5688.8 s
[039-050] Search: Architecture metrics  : loss=0.40, accuracy@1=87.52%, accuracy@5=99.45%
[039-050] Evaluation:  : loss=0.37, accuracy@1=88.24%, accuracy@5=99.61%
<<<--->>> The 039-050-th epoch : found the highest validation accuracy : 88.24%.
Benchmark Results for cifar10 -> train: 0.0, valid: 0.0, test: 93.7632803826319
alpha 0 is Parameter containing:
tensor([[ 0.1930, -0.1409,  0.0322],
        [ 0.6011, -0.1005, -0.2739],
        [ 0.6026, -0.2745, -0.1632],
        [ 0.8742, -0.2041, -0.4140],
        [ 1.0661, -0.0460, -0.6381],
        [ 0.5403, -0.2115, -0.1645],
        [ 0.9897,  0.0752, -0.7504],
        [ 1.0937, -0.0202, -0.7009],
        [ 1.6222, -0.2426, -1.0459],
        [ 0.8190, -0.1287, -0.5008],
        [ 1.1209, -0.2128, -0.6534],
        [ 1.3272, -0.0264, -0.9163],
        [ 1.5305, -0.3193, -0.9965],
        [ 1.7142, -0.6879, -1.0482]], device='cuda:0', requires_grad=True)
alpha 1 is Parameter containing:
tensor([[ 1.7027e-01, -7.0038e-02, -5.5444e-02],
        [-3.4029e-01,  1.9590e-01,  1.4582e-02],
        [ 2.8290e-01,  9.6105e-02, -3.1204e-01],
        [-4.4874e-01,  7.3115e-02,  1.9445e-01],
        [ 2.4813e-05, -1.3761e-01,  1.1074e-01],
        [ 3.1682e-01, -1.7161e-01, -8.7447e-02],
        [-4.0484e-01,  3.1300e-01, -4.0997e-02],
        [ 6.5049e-02,  8.2172e-02, -9.3186e-02],
        [ 1.8987e-01,  2.3281e-01, -3.2181e-01],
        [ 3.2219e-01, -8.0755e-02, -1.8792e-01],
        [-3.2794e-01,  4.4812e-02,  1.8038e-01],
        [-3.8070e-02,  1.1022e-01, -6.6671e-02],
        [ 1.8825e-01,  1.8243e-01, -2.7440e-01],
        [ 5.0081e-01,  6.5768e-02, -3.9669e-01]], device='cuda:0',
       requires_grad=True)
[040-050] Search: Model metrics  : loss=0.07, accuracy@1=98.09%, accuracy@5=99.98%, time-cost=5834.3 s
[040-050] Search: Architecture metrics  : loss=0.38, accuracy@1=87.74%, accuracy@5=99.41%
[040-050] Evaluation:  : loss=0.37, accuracy@1=88.24%, accuracy@5=99.53%
<<<--->>> The 040-050-th epoch : found the highest validation accuracy : 88.24%.
Benchmark Results for cifar10 -> train: 0.0, valid: 0.0, test: 93.83318661667198
alpha 0 is Parameter containing:
tensor([[ 0.2219, -0.1464,  0.0214],
        [ 0.6104, -0.0993, -0.2821],
        [ 0.6298, -0.2940, -0.1681],
        [ 0.8948, -0.2023, -0.4330],
        [ 1.0883, -0.0715, -0.6423],
        [ 0.5617, -0.2216, -0.1718],
        [ 1.0270,  0.0724, -0.7823],
        [ 1.1222, -0.0391, -0.7139],
        [ 1.6537, -0.2532, -1.0722],
        [ 0.8508, -0.1390, -0.5220],
        [ 1.1490, -0.2230, -0.6732],
        [ 1.3591, -0.0432, -0.9348],
        [ 1.5545, -0.3422, -1.0098],
        [ 1.7610, -0.7107, -1.0868]], device='cuda:0', requires_grad=True)
alpha 1 is Parameter containing:
tensor([[ 0.1609, -0.0685, -0.0496],
        [-0.3444,  0.1977,  0.0152],
        [ 0.2909,  0.0988, -0.3221],
        [-0.4506,  0.0820,  0.1880],
        [-0.0066, -0.1331,  0.1111],
        [ 0.3232, -0.1749, -0.0905],
        [-0.4113,  0.3085, -0.0327],
        [ 0.0674,  0.0985, -0.1075],
        [ 0.1911,  0.2401, -0.3303],
        [ 0.3371, -0.0946, -0.1900],
        [-0.3354,  0.0483,  0.1817],
        [-0.0536,  0.1138, -0.0623],
        [ 0.1863,  0.1887, -0.2799],
        [ 0.5076,  0.0778, -0.4131]], device='cuda:0', requires_grad=True)
[041-050] Search: Model metrics  : loss=0.07, accuracy@1=98.30%, accuracy@5=100.00%, time-cost=5979.9 s
[041-050] Search: Architecture metrics  : loss=0.39, accuracy@1=87.64%, accuracy@5=99.48%
[041-050] Evaluation:  : loss=0.36, accuracy@1=88.42%, accuracy@5=99.53%
<<<--->>> The 041-050-th epoch : found the highest validation accuracy : 88.42%.
Benchmark Results for cifar10 -> train: 0.0, valid: 0.0, test: 93.89429458394854
alpha 0 is Parameter containing:
tensor([[ 0.2332, -0.1603,  0.0281],
        [ 0.6212, -0.0986, -0.2910],
        [ 0.6523, -0.3055, -0.1761],
        [ 0.9136, -0.2000, -0.4508],
        [ 1.1190, -0.0756, -0.6649],
        [ 0.5957, -0.2349, -0.1860],
        [ 1.0451,  0.0856, -0.8132],
        [ 1.1549, -0.0457, -0.7382],
        [ 1.6962, -0.2639, -1.1088],
        [ 0.8854, -0.1522, -0.5437],
        [ 1.1734, -0.2167, -0.7043],
        [ 1.3872, -0.0418, -0.9623],
        [ 1.5861, -0.3579, -1.0336],
        [ 1.8095, -0.7246, -1.1300]], device='cuda:0', requires_grad=True)
alpha 1 is Parameter containing:
tensor([[ 0.1668, -0.0778, -0.0458],
        [-0.3676,  0.1958,  0.0279],
        [ 0.3113,  0.0944, -0.3365],
        [-0.4670,  0.0955,  0.1836],
        [-0.0076, -0.1256,  0.1063],
        [ 0.3417, -0.1845, -0.0982],
        [-0.4098,  0.3139, -0.0382],
        [ 0.0599,  0.1098, -0.1126],
        [ 0.1878,  0.2418, -0.3306],
        [ 0.3518, -0.0982, -0.2001],
        [-0.3483,  0.0481,  0.1890],
        [-0.0627,  0.1202, -0.0631],
        [ 0.1822,  0.1979, -0.2869],
        [ 0.5204,  0.0841, -0.4292]], device='cuda:0', requires_grad=True)
[042-050] Search: Model metrics  : loss=0.07, accuracy@1=98.44%, accuracy@5=100.00%, time-cost=6125.4 s
[042-050] Search: Architecture metrics  : loss=0.38, accuracy@1=87.86%, accuracy@5=99.42%
[042-050] Evaluation:  : loss=0.37, accuracy@1=88.46%, accuracy@5=99.56%
<<<--->>> The 042-050-th epoch : found the highest validation accuracy : 88.46%.
Benchmark Results for cifar10 -> train: 0.0, valid: 0.0, test: 93.87637767115757
alpha 0 is Parameter containing:
tensor([[ 0.2415, -0.1611,  0.0239],
        [ 0.6446, -0.1072, -0.3016],
        [ 0.6682, -0.3209, -0.1762],
        [ 0.9394, -0.2050, -0.4688],
        [ 1.1402, -0.0817, -0.6793],
        [ 0.6095, -0.2316, -0.2001],
        [ 1.0729,  0.0828, -0.8373],
        [ 1.1779, -0.0511, -0.7556],
        [ 1.7316, -0.2733, -1.1395],
        [ 0.9228, -0.1718, -0.5616],
        [ 1.1998, -0.2285, -0.7208],
        [ 1.4173, -0.0605, -0.9786],
        [ 1.6030, -0.3774, -1.0419],
        [ 1.8390, -0.7435, -1.1530]], device='cuda:0', requires_grad=True)
alpha 1 is Parameter containing:
tensor([[ 0.1638, -0.0825, -0.0392],
        [-0.3761,  0.1968,  0.0312],
        [ 0.3160,  0.0945, -0.3412],
        [-0.4674,  0.1027,  0.1781],
        [-0.0121, -0.1277,  0.1103],
        [ 0.3534, -0.1927, -0.1018],
        [-0.4227,  0.3153, -0.0328],
        [ 0.0523,  0.1131, -0.1114],
        [ 0.1870,  0.2515, -0.3405],
        [ 0.3643, -0.1058, -0.2051],
        [-0.3456,  0.0513,  0.1855],
        [-0.0744,  0.1340, -0.0688],
        [ 0.1748,  0.2092, -0.2942],
        [ 0.5266,  0.0964, -0.4455]], device='cuda:0', requires_grad=True)
[043-050] Search: Model metrics  : loss=0.07, accuracy@1=98.53%, accuracy@5=100.00%, time-cost=6271.0 s
[043-050] Search: Architecture metrics  : loss=0.38, accuracy@1=87.87%, accuracy@5=99.48%
[043-050] Evaluation:  : loss=0.35, accuracy@1=88.59%, accuracy@5=99.56%
<<<--->>> The 043-050-th epoch : found the highest validation accuracy : 88.59%.
Benchmark Results for cifar10 -> train: 0.0, valid: 0.0, test: 93.86197982063815
alpha 0 is Parameter containing:
tensor([[ 0.2464, -0.1675,  0.0267],
        [ 0.6640, -0.1119, -0.3129],
        [ 0.6900, -0.3266, -0.1892],
        [ 0.9644, -0.2118, -0.4849],
        [ 1.1623, -0.0895, -0.6938],
        [ 0.6290, -0.2292, -0.2181],
        [ 1.0990,  0.0796, -0.8604],
        [ 1.2057, -0.0555, -0.7781],
        [ 1.7662, -0.2852, -1.1688],
        [ 0.9458, -0.1767, -0.5808],
        [ 1.2365, -0.2457, -0.7432],
        [ 1.4507, -0.0763, -1.0005],
        [ 1.6395, -0.3968, -1.0694],
        [ 1.8829, -0.7629, -1.1900]], device='cuda:0', requires_grad=True)
alpha 1 is Parameter containing:
tensor([[ 0.1666, -0.0798, -0.0441],
        [-0.3924,  0.2003,  0.0355],
        [ 0.3351,  0.0867, -0.3514],
        [-0.4651,  0.1138,  0.1677],
        [-0.0065, -0.1240,  0.1050],
        [ 0.3619, -0.2046, -0.1002],
        [-0.4286,  0.3179, -0.0320],
        [ 0.0550,  0.1238, -0.1218],
        [ 0.1917,  0.2420, -0.3343],
        [ 0.3693, -0.1136, -0.2034],
        [-0.3528,  0.0507,  0.1902],
        [-0.0902,  0.1312, -0.0589],
        [ 0.1815,  0.2033, -0.2926],
        [ 0.5358,  0.0946, -0.4521]], device='cuda:0', requires_grad=True)
[044-050] Search: Model metrics  : loss=0.07, accuracy@1=98.57%, accuracy@5=100.00%, time-cost=6416.2 s
[044-050] Search: Architecture metrics  : loss=0.37, accuracy@1=88.35%, accuracy@5=99.43%
[044-050] Evaluation:  : loss=0.35, accuracy@1=88.44%, accuracy@5=99.54%
Benchmark Results for cifar10 -> train: 0.0, valid: 0.0, test: 93.8495048882192
alpha 0 is Parameter containing:
tensor([[ 0.2555, -0.1699,  0.0233],
        [ 0.6749, -0.1026, -0.3294],
        [ 0.7086, -0.3362, -0.1967],
        [ 0.9822, -0.2110, -0.5010],
        [ 1.1837, -0.0899, -0.7119],
        [ 0.6450, -0.2305, -0.2301],
        [ 1.1304,  0.0686, -0.8817],
        [ 1.2343, -0.0539, -0.8048],
        [ 1.7953, -0.2932, -1.1943],
        [ 0.9611, -0.1793, -0.5946],
        [ 1.2576, -0.2575, -0.7546],
        [ 1.4752, -0.0823, -1.0208],
        [ 1.6561, -0.4059, -1.0823],
        [ 1.9190, -0.7703, -1.2230]], device='cuda:0', requires_grad=True)
alpha 1 is Parameter containing:
tensor([[ 0.1634, -0.0894, -0.0330],
        [-0.3929,  0.2115,  0.0254],
        [ 0.3354,  0.0936, -0.3588],
        [-0.4704,  0.1173,  0.1676],
        [-0.0032, -0.1224,  0.1022],
        [ 0.3711, -0.2064, -0.1070],
        [-0.4400,  0.3214, -0.0295],
        [ 0.0529,  0.1247, -0.1217],
        [ 0.1973,  0.2459, -0.3419],
        [ 0.3846, -0.1130, -0.2171],
        [-0.3568,  0.0541,  0.1898],
        [-0.1001,  0.1396, -0.0612],
        [ 0.1779,  0.2103, -0.2979],
        [ 0.5418,  0.1028, -0.4651]], device='cuda:0', requires_grad=True)
[045-050] Search: Model metrics  : loss=0.06, accuracy@1=98.63%, accuracy@5=100.00%, time-cost=6562.0 s
[045-050] Search: Architecture metrics  : loss=0.37, accuracy@1=87.91%, accuracy@5=99.50%
[045-050] Evaluation:  : loss=0.35, accuracy@1=88.76%, accuracy@5=99.51%
<<<--->>> The 045-050-th epoch : found the highest validation accuracy : 88.76%.
Benchmark Results for cifar10 -> train: 0.0, valid: 0.0, test: 93.74317333109809
alpha 0 is Parameter containing:
tensor([[ 0.2697, -0.1747,  0.0191],
        [ 0.6873, -0.0996, -0.3420],
        [ 0.7332, -0.3497, -0.2057],
        [ 0.9995, -0.2193, -0.5097],
        [ 1.2033, -0.1052, -0.7213],
        [ 0.6613, -0.2351, -0.2389],
        [ 1.1477,  0.0724, -0.9043],
        [ 1.2695, -0.0626, -0.8314],
        [ 1.8201, -0.2983, -1.2173],
        [ 0.9815, -0.1875, -0.6076],
        [ 1.2821, -0.2719, -0.7671],
        [ 1.5123, -0.1046, -1.0435],
        [ 1.6724, -0.4188, -1.0931],
        [ 1.9502, -0.7811, -1.2502]], device='cuda:0', requires_grad=True)
alpha 1 is Parameter containing:
tensor([[ 0.1686, -0.0989, -0.0286],
        [-0.3923,  0.2159,  0.0214],
        [ 0.3477,  0.0920, -0.3689],
        [-0.4768,  0.1300,  0.1593],
        [ 0.0020, -0.1279,  0.1036],
        [ 0.3784, -0.1993, -0.1189],
        [-0.4439,  0.3269, -0.0326],
        [ 0.0450,  0.1239, -0.1171],
        [ 0.2062,  0.2476, -0.3496],
        [ 0.3862, -0.1198, -0.2133],
        [-0.3705,  0.0493,  0.2012],
        [-0.1084,  0.1339, -0.0527],
        [ 0.1878,  0.2126, -0.3064],
        [ 0.5498,  0.1058, -0.4750]], device='cuda:0', requires_grad=True)
[046-050] Search: Model metrics  : loss=0.06, accuracy@1=98.87%, accuracy@5=99.99%, time-cost=6707.8 s
[046-050] Search: Architecture metrics  : loss=0.38, accuracy@1=87.87%, accuracy@5=99.50%
[046-050] Evaluation:  : loss=0.35, accuracy@1=88.91%, accuracy@5=99.52%
<<<--->>> The 046-050-th epoch : found the highest validation accuracy : 88.91%.
Benchmark Results for cifar10 -> train: 0.0, valid: 0.0, test: 93.65864306981717
alpha 0 is Parameter containing:
tensor([[ 0.2872, -0.1882,  0.0210],
        [ 0.6991, -0.1024, -0.3495],
        [ 0.7552, -0.3600, -0.2155],
        [ 1.0269, -0.2313, -0.5242],
        [ 1.2299, -0.1207, -0.7362],
        [ 0.6784, -0.2325, -0.2557],
        [ 1.1718,  0.0659, -0.9228],
        [ 1.2882, -0.0686, -0.8453],
        [ 1.8407, -0.3012, -1.2371],
        [ 1.0002, -0.1897, -0.6256],
        [ 1.3053, -0.2750, -0.7895],
        [ 1.5256, -0.1083, -1.0554],
        [ 1.6949, -0.4246, -1.1130],
        [ 1.9781, -0.7841, -1.2765]], device='cuda:0', requires_grad=True)
alpha 1 is Parameter containing:
tensor([[ 0.1759, -0.0990, -0.0344],
        [-0.3921,  0.2141,  0.0237],
        [ 0.3458,  0.1039, -0.3792],
        [-0.4919,  0.1301,  0.1663],
        [ 0.0132, -0.1301,  0.0994],
        [ 0.3859, -0.2050, -0.1214],
        [-0.4445,  0.3199, -0.0243],
        [ 0.0442,  0.1256, -0.1183],
        [ 0.1959,  0.2543, -0.3507],
        [ 0.3820, -0.1250, -0.2059],
        [-0.3762,  0.0490,  0.2047],
        [-0.1113,  0.1421, -0.0579],
        [ 0.1816,  0.2238, -0.3143],
        [ 0.5602,  0.1240, -0.4997]], device='cuda:0', requires_grad=True)
[047-050] Search: Model metrics  : loss=0.06, accuracy@1=98.84%, accuracy@5=100.00%, time-cost=6855.2 s
[047-050] Search: Architecture metrics  : loss=0.37, accuracy@1=87.92%, accuracy@5=99.49%
[047-050] Evaluation:  : loss=0.35, accuracy@1=88.64%, accuracy@5=99.56%
Benchmark Results for cifar10 -> train: 0.0, valid: 0.0, test: 93.5963288070469
alpha 0 is Parameter containing:
tensor([[ 0.3058, -0.1994,  0.0202],
        [ 0.7078, -0.0955, -0.3627],
        [ 0.7803, -0.3720, -0.2264],
        [ 1.0473, -0.2302, -0.5438],
        [ 1.2518, -0.1352, -0.7480],
        [ 0.6937, -0.2332, -0.2677],
        [ 1.1953,  0.0602, -0.9422],
        [ 1.3134, -0.0762, -0.8641],
        [ 1.8681, -0.3139, -1.2596],
        [ 1.0165, -0.1938, -0.6399],
        [ 1.3297, -0.2744, -0.8167],
        [ 1.5383, -0.1161, -1.0642],
        [ 1.7106, -0.4312, -1.1261],
        [ 2.0006, -0.7877, -1.2971]], device='cuda:0', requires_grad=True)
alpha 1 is Parameter containing:
tensor([[ 0.1761, -0.1005, -0.0334],
        [-0.3931,  0.2248,  0.0143],
        [ 0.3538,  0.1013, -0.3846],
        [-0.4884,  0.1317,  0.1643],
        [ 0.0114, -0.1332,  0.1026],
        [ 0.3834, -0.2124, -0.1140],
        [-0.4448,  0.3192, -0.0227],
        [ 0.0472,  0.1343, -0.1273],
        [ 0.2040,  0.2578, -0.3595],
        [ 0.3757, -0.1313, -0.1957],
        [-0.3832,  0.0397,  0.2170],
        [-0.1121,  0.1503, -0.0640],
        [ 0.1825,  0.2182, -0.3099],
        [ 0.5715,  0.1191, -0.5056]], device='cuda:0', requires_grad=True)
[048-050] Search: Model metrics  : loss=0.06, accuracy@1=98.89%, accuracy@5=100.00%, time-cost=7002.7 s
[048-050] Search: Architecture metrics  : loss=0.37, accuracy@1=88.14%, accuracy@5=99.45%
[048-050] Evaluation:  : loss=0.35, accuracy@1=88.82%, accuracy@5=99.52%
Benchmark Results for cifar10 -> train: 0.0, valid: 0.0, test: 93.6417437277487
alpha 0 is Parameter containing:
tensor([[ 0.3184, -0.2129,  0.0251],
        [ 0.7189, -0.0970, -0.3709],
        [ 0.8055, -0.3853, -0.2369],
        [ 1.0611, -0.2372, -0.5512],
        [ 1.2688, -0.1421, -0.7598],
        [ 0.7131, -0.2403, -0.2772],
        [ 1.2110,  0.0557, -0.9550],
        [ 1.3365, -0.0831, -0.8817],
        [ 1.8831, -0.3219, -1.2723],
        [ 1.0404, -0.2058, -0.6535],
        [ 1.3554, -0.2921, -0.8277],
        [ 1.5644, -0.1408, -1.0747],
        [ 1.7241, -0.4533, -1.1308],
        [ 2.0197, -0.8012, -1.3114]], device='cuda:0', requires_grad=True)
alpha 1 is Parameter containing:
tensor([[ 0.1750, -0.1022, -0.0312],
        [-0.3971,  0.2270,  0.0145],
        [ 0.3608,  0.0988, -0.3893],
        [-0.4856,  0.1379,  0.1583],
        [ 0.0033, -0.1306,  0.1049],
        [ 0.3917, -0.2108, -0.1226],
        [-0.4604,  0.3273, -0.0233],
        [ 0.0365,  0.1338, -0.1216],
        [ 0.2036,  0.2633, -0.3653],
        [ 0.3901, -0.1371, -0.2037],
        [-0.3820,  0.0367,  0.2198],
        [-0.1222,  0.1520, -0.0608],
        [ 0.1886,  0.2186, -0.3143],
        [ 0.5856,  0.1256, -0.5234]], device='cuda:0', requires_grad=True)
[049-050] Search: Model metrics  : loss=0.06, accuracy@1=98.89%, accuracy@5=100.00%, time-cost=7150.0 s
[049-050] Search: Architecture metrics  : loss=0.36, accuracy@1=88.41%, accuracy@5=99.40%
[049-050] Evaluation:  : loss=0.35, accuracy@1=88.70%, accuracy@5=99.56%
Benchmark Results for cifar10 -> train: 0.0, valid: 0.0, test: 93.66640010107727
alpha 0 is Parameter containing:
tensor([[ 0.3255, -0.2188,  0.0260],
        [ 0.7245, -0.1027, -0.3711],
        [ 0.8281, -0.3960, -0.2477],
        [ 1.0783, -0.2477, -0.5587],
        [ 1.2841, -0.1509, -0.7692],
        [ 0.7326, -0.2351, -0.2987],
        [ 1.2416,  0.0363, -0.9680],
        [ 1.3508, -0.0867, -0.8937],
        [ 1.9078, -0.3304, -1.2940],
        [ 1.0487, -0.2104, -0.6582],
        [ 1.3735, -0.3047, -0.8360],
        [ 1.5835, -0.1531, -1.0868],
        [ 1.7404, -0.4687, -1.1411],
        [ 2.0302, -0.8051, -1.3201]], device='cuda:0', requires_grad=True)
alpha 1 is Parameter containing:
tensor([[ 0.1738, -0.0962, -0.0357],
        [-0.4074,  0.2265,  0.0200],
        [ 0.3669,  0.1012, -0.3979],
        [-0.4853,  0.1421,  0.1551],
        [-0.0011, -0.1286,  0.1058],
        [ 0.4144, -0.2178, -0.1369],
        [-0.4599,  0.3307, -0.0262],
        [ 0.0290,  0.1425, -0.1250],
        [ 0.1959,  0.2602, -0.3580],
        [ 0.4003, -0.1466, -0.2050],
        [-0.3899,  0.0325,  0.2278],
        [-0.1293,  0.1593, -0.0636],
        [ 0.1742,  0.2254, -0.3131],
        [ 0.5974,  0.1337, -0.5408]], device='cuda:0', requires_grad=True)
[050-050] Search: Model metrics  : loss=0.06, accuracy@1=98.97%, accuracy@5=100.00%, time-cost=7297.2 s
[050-050] Search: Architecture metrics  : loss=0.37, accuracy@1=88.17%, accuracy@5=99.53%
[050-050] Evaluation:  : loss=0.35, accuracy@1=88.66%, accuracy@5=99.60%
Benchmark Results for cifar10 -> train: 0.0, valid: 0.0, test: 93.67456862859792
alpha 0 is Parameter containing:
tensor([[ 0.3487, -0.2191,  0.0120],
        [ 0.7308, -0.1023, -0.3771],
        [ 0.8403, -0.4176, -0.2411],
        [ 1.0920, -0.2502, -0.5701],
        [ 1.3177, -0.1589, -0.7943],
        [ 0.7495, -0.2464, -0.3019],
        [ 1.2578,  0.0347, -0.9856],
        [ 1.3680, -0.0930, -0.9068],
        [ 1.9307, -0.3432, -1.3125],
        [ 1.0708, -0.2233, -0.6686],
        [ 1.3864, -0.3146, -0.8413],
        [ 1.6027, -0.1688, -1.0971],
        [ 1.7549, -0.4818, -1.1508],
        [ 2.0496, -0.8056, -1.3383]], device='cuda:0', requires_grad=True)
alpha 1 is Parameter containing:
tensor([[ 0.1698, -0.0995, -0.0298],
        [-0.4086,  0.2418,  0.0061],
        [ 0.3705,  0.0971, -0.3979],
        [-0.4824,  0.1477,  0.1497],
        [-0.0009, -0.1326,  0.1087],
        [ 0.4135, -0.2139, -0.1395],
        [-0.4672,  0.3321, -0.0234],
        [ 0.0339,  0.1484, -0.1327],
        [ 0.1920,  0.2632, -0.3593],
        [ 0.4068, -0.1391, -0.2171],
        [-0.3945,  0.0358,  0.2278],
        [-0.1479,  0.1660, -0.0606],
        [ 0.1715,  0.2381, -0.3245],
        [ 0.6108,  0.1556, -0.5719]], device='cuda:0', requires_grad=True)
