Files already downloaded and verified
Files already downloaded and verified
[001-050] Search: Model metrics  : loss=1.66, accuracy@1=38.16%, accuracy@5=87.99%, time-cost=137.2 s
[001-050] Search: Architecture metrics  : loss=1.67, accuracy@1=37.78%, accuracy@5=87.90%
[001-050] Evaluation:  : loss=1.54, accuracy@1=44.00%, accuracy@5=91.22%
<<<--->>> The 001-050-th epoch : found the highest validation accuracy : 44.00%.
Benchmark Results for cifar10 -> train: 0.0, valid: 0.0, test: 93.40099343646557
alpha 0 is Parameter containing:
tensor([[-0.0121,  0.0122],
        [-0.0054,  0.0076],
        [-0.0221,  0.0214],
        [-0.0179,  0.0191],
        [-0.0252,  0.0260],
        [-0.0220,  0.0201],
        [-0.0159,  0.0155],
        [-0.0302,  0.0302],
        [-0.0352,  0.0357],
        [-0.0248,  0.0251],
        [-0.0167,  0.0194],
        [-0.0235,  0.0240],
        [-0.0335,  0.0353],
        [-0.0361,  0.0333]], device='cuda:0', requires_grad=True)
alpha 1 is Parameter containing:
tensor([[-0.0112,  0.0107],
        [-0.0048,  0.0042],
        [-0.0050,  0.0047],
        [-0.0066,  0.0080],
        [-0.0032,  0.0024],
        [ 0.0099, -0.0072],
        [-0.0005,  0.0002],
        [-0.0118,  0.0110],
        [-0.0158,  0.0163],
        [-0.0030,  0.0028],
        [ 0.0009, -0.0029],
        [-0.0007,  0.0013],
        [-0.0067,  0.0078],
        [-0.0046,  0.0048]], device='cuda:0', requires_grad=True)
[002-050] Search: Model metrics  : loss=1.24, accuracy@1=55.40%, accuracy@5=95.02%, time-cost=272.7 s
[002-050] Search: Architecture metrics  : loss=1.24, accuracy@1=55.12%, accuracy@5=94.65%
[002-050] Evaluation:  : loss=1.11, accuracy@1=59.91%, accuracy@5=95.93%
<<<--->>> The 002-050-th epoch : found the highest validation accuracy : 59.91%.
Benchmark Results for cifar10 -> train: 0.0, valid: 0.0, test: 93.27990280970538
alpha 0 is Parameter containing:
tensor([[-0.0354,  0.0355],
        [-0.0190,  0.0212],
        [-0.0511,  0.0504],
        [-0.0294,  0.0305],
        [-0.0560,  0.0568],
        [-0.0461,  0.0442],
        [-0.0216,  0.0211],
        [-0.0579,  0.0579],
        [-0.0547,  0.0552],
        [-0.0436,  0.0439],
        [-0.0351,  0.0378],
        [-0.0418,  0.0423],
        [-0.0518,  0.0536],
        [-0.0599,  0.0571]], device='cuda:0', requires_grad=True)
alpha 1 is Parameter containing:
tensor([[-0.0181,  0.0175],
        [-0.0253,  0.0246],
        [-0.0139,  0.0136],
        [-0.0074,  0.0088],
        [-0.0091,  0.0083],
        [ 0.0118, -0.0091],
        [-0.0144,  0.0141],
        [-0.0287,  0.0279],
        [-0.0399,  0.0403],
        [-0.0127,  0.0124],
        [-0.0159,  0.0140],
        [-0.0176,  0.0183],
        [-0.0230,  0.0240],
        [-0.0151,  0.0153]], device='cuda:0', requires_grad=True)
[003-050] Search: Model metrics  : loss=1.03, accuracy@1=63.31%, accuracy@5=96.59%, time-cost=408.4 s
[003-050] Search: Architecture metrics  : loss=1.04, accuracy@1=62.92%, accuracy@5=96.46%
[003-050] Evaluation:  : loss=1.12, accuracy@1=60.63%, accuracy@5=95.57%
<<<--->>> The 003-050-th epoch : found the highest validation accuracy : 60.63%.
Benchmark Results for cifar10 -> train: 0.0, valid: 0.0, test: 93.38726890832136
alpha 0 is Parameter containing:
tensor([[-0.0524,  0.0525],
        [-0.0308,  0.0331],
        [-0.0725,  0.0718],
        [-0.0416,  0.0427],
        [-0.0672,  0.0680],
        [-0.0605,  0.0586],
        [-0.0394,  0.0390],
        [-0.0796,  0.0795],
        [-0.0831,  0.0836],
        [-0.0503,  0.0506],
        [-0.0429,  0.0456],
        [-0.0525,  0.0530],
        [-0.0758,  0.0775],
        [-0.0652,  0.0624]], device='cuda:0', requires_grad=True)
alpha 1 is Parameter containing:
tensor([[-0.0249,  0.0244],
        [-0.0208,  0.0201],
        [-0.0232,  0.0230],
        [-0.0200,  0.0214],
        [-0.0078,  0.0070],
        [ 0.0058, -0.0032],
        [-0.0150,  0.0146],
        [-0.0425,  0.0417],
        [-0.0598,  0.0603],
        [-0.0248,  0.0246],
        [-0.0237,  0.0218],
        [-0.0376,  0.0383],
        [-0.0459,  0.0469],
        [-0.0186,  0.0187]], device='cuda:0', requires_grad=True)
[004-050] Search: Model metrics  : loss=0.89, accuracy@1=68.38%, accuracy@5=97.39%, time-cost=543.8 s
[004-050] Search: Architecture metrics  : loss=0.91, accuracy@1=67.66%, accuracy@5=97.43%
[004-050] Evaluation:  : loss=0.92, accuracy@1=68.39%, accuracy@5=96.80%
<<<--->>> The 004-050-th epoch : found the highest validation accuracy : 68.39%.
Benchmark Results for cifar10 -> train: 0.0, valid: 0.0, test: 93.39981489746964
alpha 0 is Parameter containing:
tensor([[-0.0609,  0.0610],
        [-0.0385,  0.0407],
        [-0.0770,  0.0763],
        [-0.0416,  0.0427],
        [-0.0724,  0.0732],
        [-0.0645,  0.0626],
        [-0.0392,  0.0388],
        [-0.0927,  0.0926],
        [-0.1012,  0.1017],
        [-0.0531,  0.0534],
        [-0.0440,  0.0466],
        [-0.0566,  0.0571],
        [-0.1000,  0.1017],
        [-0.0899,  0.0872]], device='cuda:0', requires_grad=True)
alpha 1 is Parameter containing:
tensor([[-0.0289,  0.0284],
        [-0.0137,  0.0131],
        [-0.0246,  0.0244],
        [-0.0193,  0.0207],
        [-0.0013,  0.0005],
        [ 0.0140, -0.0114],
        [-0.0287,  0.0284],
        [-0.0502,  0.0494],
        [-0.0716,  0.0720],
        [-0.0255,  0.0253],
        [-0.0324,  0.0305],
        [-0.0478,  0.0484],
        [-0.0603,  0.0612],
        [-0.0252,  0.0253]], device='cuda:0', requires_grad=True)
[005-050] Search: Model metrics  : loss=0.80, accuracy@1=71.46%, accuracy@5=98.09%, time-cost=679.3 s
[005-050] Search: Architecture metrics  : loss=0.84, accuracy@1=70.47%, accuracy@5=97.63%
[005-050] Evaluation:  : loss=0.77, accuracy@1=72.73%, accuracy@5=98.10%
<<<--->>> The 005-050-th epoch : found the highest validation accuracy : 72.73%.
Benchmark Results for cifar10 -> train: 0.0, valid: 0.0, test: 93.57139139789722
alpha 0 is Parameter containing:
tensor([[-0.0655,  0.0657],
        [-0.0272,  0.0294],
        [-0.0784,  0.0777],
        [-0.0378,  0.0389],
        [-0.0716,  0.0723],
        [-0.0610,  0.0592],
        [-0.0464,  0.0460],
        [-0.0943,  0.0943],
        [-0.1184,  0.1189],
        [-0.0397,  0.0400],
        [-0.0521,  0.0546],
        [-0.0565,  0.0570],
        [-0.1078,  0.1095],
        [-0.1099,  0.1072]], device='cuda:0', requires_grad=True)
alpha 1 is Parameter containing:
tensor([[-0.0350,  0.0345],
        [-0.0143,  0.0137],
        [-0.0314,  0.0312],
        [-0.0112,  0.0125],
        [-0.0011,  0.0003],
        [ 0.0147, -0.0121],
        [-0.0276,  0.0273],
        [-0.0530,  0.0522],
        [-0.0586,  0.0590],
        [-0.0373,  0.0370],
        [-0.0326,  0.0307],
        [-0.0276,  0.0282],
        [-0.0415,  0.0425],
        [-0.0202,  0.0203]], device='cuda:0', requires_grad=True)
[006-050] Search: Model metrics  : loss=0.72, accuracy@1=74.50%, accuracy@5=98.42%, time-cost=815.0 s
[006-050] Search: Architecture metrics  : loss=0.77, accuracy@1=73.07%, accuracy@5=98.14%
[006-050] Evaluation:  : loss=0.77, accuracy@1=73.52%, accuracy@5=97.79%
<<<--->>> The 006-050-th epoch : found the highest validation accuracy : 73.52%.
Benchmark Results for cifar10 -> train: 0.0, valid: 0.0, test: 93.41947300941256
alpha 0 is Parameter containing:
tensor([[-0.0695,  0.0696],
        [-0.0074,  0.0096],
        [-0.0839,  0.0832],
        [-0.0370,  0.0382],
        [-0.0716,  0.0724],
        [-0.0627,  0.0608],
        [-0.0440,  0.0436],
        [-0.1028,  0.1027],
        [-0.1348,  0.1353],
        [-0.0375,  0.0378],
        [-0.0566,  0.0592],
        [-0.0526,  0.0531],
        [-0.1291,  0.1308],
        [-0.1165,  0.1138]], device='cuda:0', requires_grad=True)
alpha 1 is Parameter containing:
tensor([[-0.0377,  0.0372],
        [-0.0305,  0.0298],
        [-0.0412,  0.0409],
        [-0.0241,  0.0255],
        [-0.0043,  0.0035],
        [ 0.0208, -0.0183],
        [-0.0256,  0.0252],
        [-0.0729,  0.0721],
        [-0.0588,  0.0592],
        [-0.0401,  0.0398],
        [-0.0343,  0.0325],
        [-0.0516,  0.0521],
        [-0.0422,  0.0432],
        [-0.0312,  0.0313]], device='cuda:0', requires_grad=True)
[007-050] Search: Model metrics  : loss=0.67, accuracy@1=77.01%, accuracy@5=98.52%, time-cost=950.8 s
[007-050] Search: Architecture metrics  : loss=0.72, accuracy@1=74.90%, accuracy@5=98.33%
[007-050] Evaluation:  : loss=0.72, accuracy@1=74.88%, accuracy@5=98.39%
<<<--->>> The 007-050-th epoch : found the highest validation accuracy : 74.88%.
Benchmark Results for cifar10 -> train: 0.0, valid: 0.0, test: 93.6020078132109
alpha 0 is Parameter containing:
tensor([[-0.0761,  0.0762],
        [-0.0070,  0.0092],
        [-0.0825,  0.0818],
        [-0.0471,  0.0482],
        [-0.0848,  0.0856],
        [-0.0551,  0.0533],
        [-0.0468,  0.0464],
        [-0.1044,  0.1043],
        [-0.1477,  0.1482],
        [-0.0305,  0.0308],
        [-0.0655,  0.0680],
        [-0.0604,  0.0609],
        [-0.1342,  0.1359],
        [-0.1217,  0.1190]], device='cuda:0', requires_grad=True)
alpha 1 is Parameter containing:
tensor([[-0.0358,  0.0353],
        [-0.0334,  0.0328],
        [-0.0551,  0.0549],
        [-0.0301,  0.0314],
        [ 0.0053, -0.0060],
        [ 0.0293, -0.0268],
        [-0.0237,  0.0234],
        [-0.0857,  0.0849],
        [-0.0572,  0.0576],
        [-0.0520,  0.0518],
        [-0.0410,  0.0392],
        [-0.0560,  0.0566],
        [-0.0392,  0.0401],
        [-0.0383,  0.0384]], device='cuda:0', requires_grad=True)
[008-050] Search: Model metrics  : loss=0.61, accuracy@1=78.52%, accuracy@5=98.90%, time-cost=1086.1 s
[008-050] Search: Architecture metrics  : loss=0.68, accuracy@1=76.49%, accuracy@5=98.51%
[008-050] Evaluation:  : loss=0.79, accuracy@1=72.72%, accuracy@5=98.05%
Benchmark Results for cifar10 -> train: 0.0, valid: 0.0, test: 93.4608665360053
alpha 0 is Parameter containing:
tensor([[-0.0784,  0.0786],
        [-0.0052,  0.0074],
        [-0.0886,  0.0879],
        [-0.0479,  0.0490],
        [-0.0751,  0.0759],
        [-0.0539,  0.0521],
        [-0.0454,  0.0449],
        [-0.1116,  0.1115],
        [-0.1607,  0.1612],
        [-0.0320,  0.0323],
        [-0.0653,  0.0678],
        [-0.0653,  0.0657],
        [-0.1606,  0.1622],
        [-0.1441,  0.1414]], device='cuda:0', requires_grad=True)
alpha 1 is Parameter containing:
tensor([[-0.0429,  0.0424],
        [-0.0243,  0.0237],
        [-0.0458,  0.0455],
        [-0.0304,  0.0317],
        [-0.0039,  0.0032],
        [ 0.0323, -0.0299],
        [-0.0177,  0.0174],
        [-0.0906,  0.0898],
        [-0.0589,  0.0593],
        [-0.0438,  0.0436],
        [-0.0397,  0.0379],
        [-0.0619,  0.0625],
        [-0.0449,  0.0459],
        [-0.0567,  0.0568]], device='cuda:0', requires_grad=True)
[009-050] Search: Model metrics  : loss=0.58, accuracy@1=80.07%, accuracy@5=98.98%, time-cost=1221.6 s
[009-050] Search: Architecture metrics  : loss=0.65, accuracy@1=78.01%, accuracy@5=98.60%
[009-050] Evaluation:  : loss=0.67, accuracy@1=77.28%, accuracy@5=98.55%
<<<--->>> The 009-050-th epoch : found the highest validation accuracy : 77.28%.
Benchmark Results for cifar10 -> train: 0.0, valid: 0.0, test: 93.43659403515858
alpha 0 is Parameter containing:
tensor([[-0.0862,  0.0863],
        [-0.0057,  0.0079],
        [-0.1015,  0.1008],
        [-0.0595,  0.0606],
        [-0.0783,  0.0791],
        [-0.0520,  0.0503],
        [-0.0583,  0.0579],
        [-0.1299,  0.1298],
        [-0.1837,  0.1842],
        [-0.0274,  0.0277],
        [-0.0700,  0.0725],
        [-0.0694,  0.0699],
        [-0.1758,  0.1775],
        [-0.1670,  0.1643]], device='cuda:0', requires_grad=True)
alpha 1 is Parameter containing:
tensor([[-0.0426,  0.0422],
        [-0.0211,  0.0205],
        [-0.0589,  0.0587],
        [-0.0306,  0.0318],
        [ 0.0028, -0.0035],
        [ 0.0245, -0.0221],
        [-0.0264,  0.0261],
        [-0.0955,  0.0947],
        [-0.0654,  0.0658],
        [-0.0395,  0.0392],
        [-0.0449,  0.0432],
        [-0.0663,  0.0669],
        [-0.0538,  0.0547],
        [-0.0560,  0.0562]], device='cuda:0', requires_grad=True)
[010-050] Search: Model metrics  : loss=0.54, accuracy@1=81.22%, accuracy@5=99.02%, time-cost=1357.3 s
[010-050] Search: Architecture metrics  : loss=0.62, accuracy@1=78.92%, accuracy@5=98.73%
[010-050] Evaluation:  : loss=0.64, accuracy@1=78.00%, accuracy@5=98.72%
<<<--->>> The 010-050-th epoch : found the highest validation accuracy : 78.00%.
Benchmark Results for cifar10 -> train: 0.0, valid: 0.0, test: 94.04064557771021
alpha 0 is Parameter containing:
tensor([[-0.0922,  0.0923],
        [ 0.0024, -0.0002],
        [-0.0886,  0.0879],
        [-0.0578,  0.0589],
        [-0.0580,  0.0588],
        [-0.0412,  0.0394],
        [-0.0572,  0.0568],
        [-0.1291,  0.1290],
        [-0.2033,  0.2038],
        [-0.0132,  0.0135],
        [-0.0638,  0.0662],
        [-0.0578,  0.0583],
        [-0.1994,  0.2010],
        [-0.1800,  0.1773]], device='cuda:0', requires_grad=True)
alpha 1 is Parameter containing:
tensor([[-0.0546,  0.0541],
        [-0.0269,  0.0263],
        [-0.0582,  0.0580],
        [-0.0495,  0.0508],
        [ 0.0032, -0.0040],
        [ 0.0250, -0.0226],
        [-0.0278,  0.0275],
        [-0.0928,  0.0920],
        [-0.0644,  0.0648],
        [-0.0470,  0.0468],
        [-0.0482,  0.0465],
        [-0.0647,  0.0653],
        [-0.0662,  0.0671],
        [-0.0670,  0.0672]], device='cuda:0', requires_grad=True)
[011-050] Search: Model metrics  : loss=0.51, accuracy@1=82.14%, accuracy@5=99.20%, time-cost=1492.8 s
[011-050] Search: Architecture metrics  : loss=0.61, accuracy@1=79.18%, accuracy@5=98.81%
[011-050] Evaluation:  : loss=0.60, accuracy@1=79.21%, accuracy@5=98.83%
<<<--->>> The 011-050-th epoch : found the highest validation accuracy : 79.21%.
Benchmark Results for cifar10 -> train: 0.0, valid: 0.0, test: 94.23360753260897
alpha 0 is Parameter containing:
tensor([[-0.0990,  0.0992],
        [ 0.0144, -0.0123],
        [-0.0881,  0.0875],
        [-0.0613,  0.0624],
        [-0.0471,  0.0479],
        [-0.0368,  0.0351],
        [-0.0462,  0.0458],
        [-0.1207,  0.1207],
        [-0.2128,  0.2133],
        [ 0.0072, -0.0069],
        [-0.0629,  0.0653],
        [-0.0431,  0.0435],
        [-0.2016,  0.2033],
        [-0.1847,  0.1820]], device='cuda:0', requires_grad=True)
alpha 1 is Parameter containing:
tensor([[-0.0591,  0.0586],
        [-0.0268,  0.0262],
        [-0.0524,  0.0522],
        [-0.0481,  0.0493],
        [ 0.0101, -0.0109],
        [ 0.0285, -0.0262],
        [-0.0207,  0.0204],
        [-0.0800,  0.0792],
        [-0.0418,  0.0422],
        [-0.0390,  0.0388],
        [-0.0369,  0.0352],
        [-0.0679,  0.0685],
        [-0.0510,  0.0519],
        [-0.0778,  0.0779]], device='cuda:0', requires_grad=True)
[012-050] Search: Model metrics  : loss=0.49, accuracy@1=82.90%, accuracy@5=99.26%, time-cost=1628.0 s
[012-050] Search: Architecture metrics  : loss=0.58, accuracy@1=80.19%, accuracy@5=98.82%
[012-050] Evaluation:  : loss=0.59, accuracy@1=79.96%, accuracy@5=98.87%
<<<--->>> The 012-050-th epoch : found the highest validation accuracy : 79.96%.
Benchmark Results for cifar10 -> train: 0.0, valid: 0.0, test: 94.22732714110597
alpha 0 is Parameter containing:
tensor([[-0.0936,  0.0937],
        [ 0.0164, -0.0143],
        [-0.0781,  0.0775],
        [-0.0495,  0.0506],
        [-0.0216,  0.0224],
        [-0.0296,  0.0278],
        [-0.0465,  0.0461],
        [-0.1125,  0.1125],
        [-0.2241,  0.2246],
        [ 0.0227, -0.0224],
        [-0.0564,  0.0589],
        [-0.0396,  0.0400],
        [-0.2058,  0.2075],
        [-0.1897,  0.1871]], device='cuda:0', requires_grad=True)
alpha 1 is Parameter containing:
tensor([[-0.0576,  0.0572],
        [-0.0209,  0.0203],
        [-0.0473,  0.0471],
        [-0.0404,  0.0416],
        [ 0.0021, -0.0028],
        [ 0.0350, -0.0327],
        [-0.0152,  0.0149],
        [-0.0864,  0.0856],
        [-0.0437,  0.0441],
        [-0.0353,  0.0351],
        [-0.0458,  0.0442],
        [-0.0693,  0.0698],
        [-0.0451,  0.0460],
        [-0.0734,  0.0736]], device='cuda:0', requires_grad=True)
[013-050] Search: Model metrics  : loss=0.47, accuracy@1=83.63%, accuracy@5=99.36%, time-cost=1763.3 s
[013-050] Search: Architecture metrics  : loss=0.57, accuracy@1=80.49%, accuracy@5=98.95%
[013-050] Evaluation:  : loss=0.55, accuracy@1=81.26%, accuracy@5=99.05%
<<<--->>> The 013-050-th epoch : found the highest validation accuracy : 81.26%.
Benchmark Results for cifar10 -> train: 0.0, valid: 0.0, test: 94.22988080424095
alpha 0 is Parameter containing:
tensor([[-0.0927,  0.0928],
        [ 0.0269, -0.0247],
        [-0.0731,  0.0724],
        [-0.0439,  0.0450],
        [-0.0106,  0.0113],
        [-0.0217,  0.0200],
        [-0.0438,  0.0434],
        [-0.1185,  0.1184],
        [-0.2357,  0.2362],
        [ 0.0478, -0.0475],
        [-0.0440,  0.0464],
        [-0.0327,  0.0331],
        [-0.2164,  0.2180],
        [-0.2005,  0.1979]], device='cuda:0', requires_grad=True)
alpha 1 is Parameter containing:
tensor([[-0.0589,  0.0584],
        [-0.0118,  0.0112],
        [-0.0520,  0.0518],
        [-0.0528,  0.0540],
        [-0.0031,  0.0024],
        [ 0.0194, -0.0171],
        [-0.0132,  0.0129],
        [-0.0889,  0.0882],
        [-0.0410,  0.0414],
        [-0.0293,  0.0291],
        [-0.0422,  0.0406],
        [-0.0753,  0.0759],
        [-0.0370,  0.0379],
        [-0.0699,  0.0700]], device='cuda:0', requires_grad=True)
[014-050] Search: Model metrics  : loss=0.44, accuracy@1=84.68%, accuracy@5=99.40%, time-cost=1898.8 s
[014-050] Search: Architecture metrics  : loss=0.56, accuracy@1=80.85%, accuracy@5=98.96%
[014-050] Evaluation:  : loss=0.57, accuracy@1=80.44%, accuracy@5=98.81%
Benchmark Results for cifar10 -> train: 0.0, valid: 0.0, test: 94.20281817715556
alpha 0 is Parameter containing:
tensor([[-0.1074,  0.1075],
        [ 0.0319, -0.0297],
        [-0.0827,  0.0820],
        [-0.0469,  0.0479],
        [-0.0063,  0.0071],
        [-0.0281,  0.0264],
        [-0.0465,  0.0461],
        [-0.1252,  0.1252],
        [-0.2389,  0.2394],
        [ 0.0577, -0.0574],
        [-0.0364,  0.0387],
        [-0.0204,  0.0209],
        [-0.2244,  0.2260],
        [-0.2090,  0.2064]], device='cuda:0', requires_grad=True)
alpha 1 is Parameter containing:
tensor([[-0.0813,  0.0809],
        [-0.0195,  0.0189],
        [-0.0493,  0.0491],
        [-0.0568,  0.0580],
        [ 0.0061, -0.0068],
        [ 0.0151, -0.0128],
        [-0.0178,  0.0175],
        [-0.0859,  0.0852],
        [-0.0349,  0.0353],
        [-0.0339,  0.0337],
        [-0.0319,  0.0303],
        [-0.0705,  0.0711],
        [-0.0388,  0.0397],
        [-0.0715,  0.0717]], device='cuda:0', requires_grad=True)
[015-050] Search: Model metrics  : loss=0.42, accuracy@1=85.49%, accuracy@5=99.43%, time-cost=2034.7 s
[015-050] Search: Architecture metrics  : loss=0.56, accuracy@1=81.07%, accuracy@5=98.99%
[015-050] Evaluation:  : loss=0.53, accuracy@1=82.63%, accuracy@5=98.91%
<<<--->>> The 015-050-th epoch : found the highest validation accuracy : 82.63%.
Benchmark Results for cifar10 -> train: 0.0, valid: 0.0, test: 94.20454424145063
alpha 0 is Parameter containing:
tensor([[-0.1063,  0.1064],
        [ 0.0410, -0.0389],
        [-0.0841,  0.0834],
        [-0.0493,  0.0504],
        [-0.0012,  0.0019],
        [-0.0298,  0.0281],
        [-0.0546,  0.0542],
        [-0.1269,  0.1269],
        [-0.2401,  0.2406],
        [ 0.0650, -0.0647],
        [-0.0537,  0.0560],
        [-0.0129,  0.0133],
        [-0.2260,  0.2276],
        [-0.2225,  0.2199]], device='cuda:0', requires_grad=True)
alpha 1 is Parameter containing:
tensor([[-0.0885,  0.0880],
        [-0.0216,  0.0209],
        [-0.0442,  0.0440],
        [-0.0509,  0.0521],
        [ 0.0009, -0.0016],
        [ 0.0175, -0.0153],
        [-0.0126,  0.0123],
        [-0.0808,  0.0801],
        [-0.0305,  0.0309],
        [-0.0357,  0.0355],
        [-0.0361,  0.0345],
        [-0.0694,  0.0699],
        [-0.0362,  0.0371],
        [-0.0711,  0.0712]], device='cuda:0', requires_grad=True)
[016-050] Search: Model metrics  : loss=0.40, accuracy@1=86.16%, accuracy@5=99.53%, time-cost=2169.9 s
[016-050] Search: Architecture metrics  : loss=0.55, accuracy@1=81.67%, accuracy@5=99.00%
[016-050] Evaluation:  : loss=0.55, accuracy@1=81.16%, accuracy@5=99.10%
Benchmark Results for cifar10 -> train: 0.0, valid: 0.0, test: 94.24232647803949
alpha 0 is Parameter containing:
tensor([[-0.1069,  0.1070],
        [ 0.0387, -0.0365],
        [-0.0770,  0.0763],
        [-0.0569,  0.0580],
        [ 0.0228, -0.0221],
        [-0.0269,  0.0252],
        [-0.0593,  0.0589],
        [-0.1151,  0.1150],
        [-0.2394,  0.2398],
        [ 0.0811, -0.0809],
        [-0.0589,  0.0612],
        [ 0.0045, -0.0041],
        [-0.2241,  0.2257],
        [-0.2413,  0.2387]], device='cuda:0', requires_grad=True)
alpha 1 is Parameter containing:
tensor([[-0.1054,  0.1049],
        [-0.0202,  0.0196],
        [-0.0500,  0.0498],
        [-0.0598,  0.0610],
        [-0.0042,  0.0035],
        [ 0.0154, -0.0132],
        [-0.0214,  0.0212],
        [-0.0879,  0.0872],
        [-0.0366,  0.0370],
        [-0.0400,  0.0398],
        [-0.0259,  0.0243],
        [-0.0856,  0.0862],
        [-0.0292,  0.0301],
        [-0.0778,  0.0780]], device='cuda:0', requires_grad=True)
[017-050] Search: Model metrics  : loss=0.39, accuracy@1=86.72%, accuracy@5=99.58%, time-cost=2305.4 s
[017-050] Search: Architecture metrics  : loss=0.54, accuracy@1=82.00%, accuracy@5=99.00%
[017-050] Evaluation:  : loss=0.54, accuracy@1=81.80%, accuracy@5=99.02%
Benchmark Results for cifar10 -> train: 0.0, valid: 0.0, test: 94.22999781952065
alpha 0 is Parameter containing:
tensor([[-0.1099,  0.1101],
        [ 0.0430, -0.0409],
        [-0.0751,  0.0744],
        [-0.0341,  0.0351],
        [ 0.0272, -0.0264],
        [-0.0198,  0.0181],
        [-0.0622,  0.0618],
        [-0.1106,  0.1106],
        [-0.2295,  0.2300],
        [ 0.0941, -0.0938],
        [-0.0541,  0.0564],
        [ 0.0099, -0.0094],
        [-0.2248,  0.2264],
        [-0.2514,  0.2488]], device='cuda:0', requires_grad=True)
alpha 1 is Parameter containing:
tensor([[-0.1142,  0.1137],
        [-0.0256,  0.0250],
        [-0.0350,  0.0348],
        [-0.0673,  0.0685],
        [-0.0074,  0.0067],
        [ 0.0191, -0.0169],
        [-0.0134,  0.0131],
        [-0.0927,  0.0920],
        [-0.0432,  0.0436],
        [-0.0441,  0.0439],
        [-0.0329,  0.0313],
        [-0.0940,  0.0945],
        [-0.0400,  0.0409],
        [-0.0815,  0.0816]], device='cuda:0', requires_grad=True)
[018-050] Search: Model metrics  : loss=0.37, accuracy@1=87.07%, accuracy@5=99.65%, time-cost=2441.4 s
[018-050] Search: Architecture metrics  : loss=0.53, accuracy@1=82.38%, accuracy@5=99.09%
[018-050] Evaluation:  : loss=0.53, accuracy@1=82.09%, accuracy@5=98.89%
Benchmark Results for cifar10 -> train: 0.0, valid: 0.0, test: 94.14480265341915
alpha 0 is Parameter containing:
tensor([[-0.1037,  0.1038],
        [ 0.0501, -0.0480],
        [-0.0809,  0.0802],
        [-0.0301,  0.0312],
        [ 0.0481, -0.0474],
        [-0.0173,  0.0156],
        [-0.0558,  0.0554],
        [-0.1017,  0.1017],
        [-0.2366,  0.2371],
        [ 0.1025, -0.1023],
        [-0.0541,  0.0564],
        [ 0.0307, -0.0303],
        [-0.2183,  0.2199],
        [-0.2512,  0.2486]], device='cuda:0', requires_grad=True)
alpha 1 is Parameter containing:
tensor([[-0.1222,  0.1218],
        [-0.0138,  0.0132],
        [-0.0498,  0.0496],
        [-0.0666,  0.0678],
        [-0.0144,  0.0137],
        [ 0.0139, -0.0118],
        [-0.0165,  0.0162],
        [-0.0873,  0.0866],
        [-0.0333,  0.0336],
        [-0.0457,  0.0456],
        [-0.0285,  0.0270],
        [-0.0947,  0.0952],
        [-0.0423,  0.0431],
        [-0.0774,  0.0775]], device='cuda:0', requires_grad=True)
[019-050] Search: Model metrics  : loss=0.35, accuracy@1=87.98%, accuracy@5=99.62%, time-cost=2577.3 s
[019-050] Search: Architecture metrics  : loss=0.50, accuracy@1=83.10%, accuracy@5=99.20%
[019-050] Evaluation:  : loss=0.53, accuracy@1=82.67%, accuracy@5=99.08%
<<<--->>> The 019-050-th epoch : found the highest validation accuracy : 82.67%.
Benchmark Results for cifar10 -> train: 0.0, valid: 0.0, test: 94.18061790694696
alpha 0 is Parameter containing:
tensor([[-0.0860,  0.0861],
        [ 0.0642, -0.0621],
        [-0.0741,  0.0735],
        [-0.0093,  0.0104],
        [ 0.0630, -0.0623],
        [-0.0037,  0.0020],
        [-0.0492,  0.0488],
        [-0.0906,  0.0905],
        [-0.2237,  0.2241],
        [ 0.1351, -0.1348],
        [-0.0444,  0.0467],
        [ 0.0593, -0.0589],
        [-0.1886,  0.1901],
        [-0.2493,  0.2467]], device='cuda:0', requires_grad=True)
alpha 1 is Parameter containing:
tensor([[-0.1123,  0.1118],
        [-0.0153,  0.0147],
        [-0.0538,  0.0536],
        [-0.0750,  0.0762],
        [-0.0203,  0.0196],
        [ 0.0153, -0.0132],
        [-0.0160,  0.0157],
        [-0.0906,  0.0899],
        [-0.0257,  0.0261],
        [-0.0402,  0.0400],
        [-0.0281,  0.0266],
        [-0.0882,  0.0887],
        [-0.0324,  0.0333],
        [-0.0747,  0.0748]], device='cuda:0', requires_grad=True)
[020-050] Search: Model metrics  : loss=0.34, accuracy@1=88.28%, accuracy@5=99.68%, time-cost=2713.2 s
[020-050] Search: Architecture metrics  : loss=0.52, accuracy@1=82.83%, accuracy@5=99.14%
[020-050] Evaluation:  : loss=0.54, accuracy@1=82.18%, accuracy@5=99.03%
Benchmark Results for cifar10 -> train: 0.0, valid: 0.0, test: 94.06157494813904
alpha 0 is Parameter containing:
tensor([[-0.0872,  0.0873],
        [ 0.0728, -0.0707],
        [-0.0804,  0.0797],
        [-0.0057,  0.0068],
        [ 0.0862, -0.0854],
        [ 0.0008, -0.0025],
        [-0.0375,  0.0371],
        [-0.0740,  0.0740],
        [-0.2232,  0.2237],
        [ 0.1538, -0.1535],
        [-0.0278,  0.0300],
        [ 0.0785, -0.0781],
        [-0.1686,  0.1701],
        [-0.2428,  0.2403]], device='cuda:0', requires_grad=True)
alpha 1 is Parameter containing:
tensor([[-1.2004e-01,  1.1959e-01],
        [ 2.1302e-04, -8.0274e-04],
        [-4.4682e-02,  4.4468e-02],
        [-8.0251e-02,  8.1415e-02],
        [-2.2784e-02,  2.2088e-02],
        [ 2.1106e-03, -3.7680e-05],
        [-7.8324e-04,  5.1859e-04],
        [-9.3804e-02,  9.3114e-02],
        [-2.5712e-02,  2.6075e-02],
        [-3.0693e-02,  3.0507e-02],
        [-2.3531e-02,  2.2067e-02],
        [-9.3331e-02,  9.3827e-02],
        [-2.0149e-02,  2.0964e-02],
        [-8.0475e-02,  8.0609e-02]], device='cuda:0', requires_grad=True)
[021-050] Search: Model metrics  : loss=0.32, accuracy@1=89.02%, accuracy@5=99.70%, time-cost=2849.0 s
[021-050] Search: Architecture metrics  : loss=0.50, accuracy@1=82.94%, accuracy@5=99.12%
[021-050] Evaluation:  : loss=0.55, accuracy@1=82.50%, accuracy@5=98.99%
Benchmark Results for cifar10 -> train: 0.0, valid: 0.0, test: 94.08759095375397
alpha 0 is Parameter containing:
tensor([[-0.0942,  0.0943],
        [ 0.0827, -0.0806],
        [-0.0843,  0.0836],
        [ 0.0110, -0.0100],
        [ 0.1129, -0.1121],
        [ 0.0020, -0.0037],
        [-0.0331,  0.0327],
        [-0.0622,  0.0621],
        [-0.2229,  0.2234],
        [ 0.1666, -0.1663],
        [-0.0163,  0.0185],
        [ 0.0991, -0.0987],
        [-0.1699,  0.1714],
        [-0.2458,  0.2433]], device='cuda:0', requires_grad=True)
alpha 1 is Parameter containing:
tensor([[-0.1194,  0.1190],
        [ 0.0029, -0.0035],
        [-0.0372,  0.0370],
        [-0.0728,  0.0740],
        [-0.0271,  0.0264],
        [-0.0001,  0.0022],
        [ 0.0054, -0.0057],
        [-0.0985,  0.0979],
        [-0.0323,  0.0326],
        [-0.0220,  0.0218],
        [-0.0169,  0.0155],
        [-0.0968,  0.0973],
        [-0.0140,  0.0148],
        [-0.0786,  0.0788]], device='cuda:0', requires_grad=True)
[022-050] Search: Model metrics  : loss=0.30, accuracy@1=89.62%, accuracy@5=99.72%, time-cost=2984.6 s
[022-050] Search: Architecture metrics  : loss=0.49, accuracy@1=83.75%, accuracy@5=99.24%
[022-050] Evaluation:  : loss=0.45, accuracy@1=84.88%, accuracy@5=99.35%
<<<--->>> The 022-050-th epoch : found the highest validation accuracy : 84.88%.
Benchmark Results for cifar10 -> train: 0.0, valid: 0.0, test: 94.247343990044
alpha 0 is Parameter containing:
tensor([[-0.0944,  0.0945],
        [ 0.0928, -0.0907],
        [-0.0773,  0.0767],
        [ 0.0240, -0.0229],
        [ 0.1493, -0.1486],
        [ 0.0067, -0.0083],
        [-0.0329,  0.0326],
        [-0.0468,  0.0468],
        [-0.2132,  0.2137],
        [ 0.1866, -0.1863],
        [-0.0121,  0.0143],
        [ 0.1384, -0.1380],
        [-0.1364,  0.1380],
        [-0.2321,  0.2296]], device='cuda:0', requires_grad=True)
alpha 1 is Parameter containing:
tensor([[-0.1109,  0.1105],
        [-0.0044,  0.0038],
        [-0.0305,  0.0303],
        [-0.0650,  0.0661],
        [-0.0207,  0.0200],
        [-0.0051,  0.0071],
        [ 0.0072, -0.0074],
        [-0.0980,  0.0973],
        [-0.0337,  0.0340],
        [-0.0330,  0.0328],
        [-0.0277,  0.0263],
        [-0.0857,  0.0862],
        [-0.0106,  0.0114],
        [-0.0871,  0.0872]], device='cuda:0', requires_grad=True)
[023-050] Search: Model metrics  : loss=0.28, accuracy@1=90.20%, accuracy@5=99.82%, time-cost=3120.2 s
[023-050] Search: Architecture metrics  : loss=0.50, accuracy@1=84.07%, accuracy@5=99.21%
[023-050] Evaluation:  : loss=0.47, accuracy@1=84.80%, accuracy@5=99.24%
Benchmark Results for cifar10 -> train: 0.0, valid: 0.0, test: 94.23195428989618
alpha 0 is Parameter containing:
tensor([[-8.9938e-02,  9.0049e-02],
        [ 9.7938e-02, -9.5841e-02],
        [-7.1154e-02,  7.0502e-02],
        [ 4.3347e-02, -4.2302e-02],
        [ 1.8198e-01, -1.8125e-01],
        [ 1.4647e-02, -1.6281e-02],
        [-1.5813e-02,  1.5428e-02],
        [-2.7031e-02,  2.6988e-02],
        [-2.0216e-01,  2.0263e-01],
        [ 2.1169e-01, -2.1143e-01],
        [ 2.1947e-03,  2.2915e-05],
        [ 1.7327e-01, -1.7286e-01],
        [-1.2651e-01,  1.2805e-01],
        [-2.2131e-01,  2.1882e-01]], device='cuda:0', requires_grad=True)
alpha 1 is Parameter containing:
tensor([[-0.1127,  0.1122],
        [-0.0048,  0.0042],
        [-0.0225,  0.0223],
        [-0.0607,  0.0619],
        [-0.0075,  0.0069],
        [-0.0183,  0.0203],
        [ 0.0226, -0.0229],
        [-0.0923,  0.0917],
        [-0.0280,  0.0284],
        [-0.0470,  0.0468],
        [-0.0236,  0.0222],
        [-0.0878,  0.0883],
        [ 0.0027, -0.0019],
        [-0.0900,  0.0901]], device='cuda:0', requires_grad=True)
[024-050] Search: Model metrics  : loss=0.27, accuracy@1=90.51%, accuracy@5=99.83%, time-cost=3255.8 s
[024-050] Search: Architecture metrics  : loss=0.49, accuracy@1=84.05%, accuracy@5=99.26%
[024-050] Evaluation:  : loss=0.52, accuracy@1=83.53%, accuracy@5=99.08%
Benchmark Results for cifar10 -> train: 0.0, valid: 0.0, test: 94.39579472249949
alpha 0 is Parameter containing:
tensor([[-0.0847,  0.0849],
        [ 0.1136, -0.1115],
        [-0.0696,  0.0690],
        [ 0.0512, -0.0502],
        [ 0.2063, -0.2056],
        [ 0.0132, -0.0149],
        [-0.0107,  0.0103],
        [-0.0128,  0.0127],
        [-0.2019,  0.2024],
        [ 0.2331, -0.2329],
        [ 0.0017,  0.0005],
        [ 0.1900, -0.1896],
        [-0.1065,  0.1080],
        [-0.2149,  0.2124]], device='cuda:0', requires_grad=True)
alpha 1 is Parameter containing:
tensor([[-0.1198,  0.1193],
        [-0.0084,  0.0078],
        [-0.0236,  0.0234],
        [-0.0648,  0.0660],
        [-0.0033,  0.0027],
        [-0.0223,  0.0243],
        [ 0.0311, -0.0314],
        [-0.0873,  0.0867],
        [-0.0238,  0.0241],
        [-0.0369,  0.0367],
        [-0.0193,  0.0179],
        [-0.0896,  0.0900],
        [ 0.0038, -0.0030],
        [-0.1005,  0.1006]], device='cuda:0', requires_grad=True)
[025-050] Search: Model metrics  : loss=0.25, accuracy@1=91.22%, accuracy@5=99.81%, time-cost=3391.6 s
[025-050] Search: Architecture metrics  : loss=0.49, accuracy@1=84.30%, accuracy@5=99.12%
[025-050] Evaluation:  : loss=0.46, accuracy@1=84.97%, accuracy@5=99.30%
<<<--->>> The 025-050-th epoch : found the highest validation accuracy : 84.97%.
Benchmark Results for cifar10 -> train: 0.0, valid: 0.0, test: 94.33555715397513
alpha 0 is Parameter containing:
tensor([[-0.0720,  0.0721],
        [ 0.1248, -0.1227],
        [-0.0667,  0.0661],
        [ 0.0586, -0.0576],
        [ 0.2290, -0.2283],
        [ 0.0245, -0.0261],
        [-0.0052,  0.0048],
        [ 0.0009, -0.0009],
        [-0.2039,  0.2043],
        [ 0.2479, -0.2477],
        [ 0.0194, -0.0172],
        [ 0.2064, -0.2060],
        [-0.1028,  0.1043],
        [-0.2288,  0.2263]], device='cuda:0', requires_grad=True)
alpha 1 is Parameter containing:
tensor([[-0.1159,  0.1155],
        [-0.0141,  0.0135],
        [-0.0372,  0.0370],
        [-0.0681,  0.0692],
        [ 0.0023, -0.0030],
        [-0.0139,  0.0158],
        [ 0.0296, -0.0298],
        [-0.0958,  0.0952],
        [-0.0318,  0.0321],
        [-0.0463,  0.0461],
        [-0.0335,  0.0321],
        [-0.0983,  0.0988],
        [ 0.0082, -0.0074],
        [-0.1044,  0.1045]], device='cuda:0', requires_grad=True)
[026-050] Search: Model metrics  : loss=0.24, accuracy@1=91.55%, accuracy@5=99.88%, time-cost=3527.4 s
[026-050] Search: Architecture metrics  : loss=0.49, accuracy@1=84.38%, accuracy@5=99.28%
[026-050] Evaluation:  : loss=0.47, accuracy@1=84.84%, accuracy@5=99.25%
Benchmark Results for cifar10 -> train: 0.0, valid: 0.0, test: 93.94905645054337
alpha 0 is Parameter containing:
tensor([[-0.0804,  0.0805],
        [ 0.1417, -0.1397],
        [-0.0711,  0.0705],
        [ 0.0756, -0.0746],
        [ 0.2427, -0.2420],
        [ 0.0195, -0.0212],
        [ 0.0113, -0.0117],
        [ 0.0148, -0.0149],
        [-0.1960,  0.1965],
        [ 0.2639, -0.2637],
        [ 0.0263, -0.0241],
        [ 0.2390, -0.2386],
        [-0.0760,  0.0775],
        [-0.2181,  0.2157]], device='cuda:0', requires_grad=True)
alpha 1 is Parameter containing:
tensor([[-0.1104,  0.1100],
        [-0.0100,  0.0094],
        [-0.0362,  0.0360],
        [-0.0681,  0.0692],
        [ 0.0118, -0.0125],
        [-0.0211,  0.0231],
        [ 0.0421, -0.0424],
        [-0.0856,  0.0850],
        [-0.0270,  0.0273],
        [-0.0441,  0.0439],
        [-0.0387,  0.0373],
        [-0.0981,  0.0986],
        [ 0.0200, -0.0193],
        [-0.0979,  0.0980]], device='cuda:0', requires_grad=True)
[027-050] Search: Model metrics  : loss=0.23, accuracy@1=92.01%, accuracy@5=99.86%, time-cost=3662.6 s
[027-050] Search: Architecture metrics  : loss=0.50, accuracy@1=84.55%, accuracy@5=99.17%
[027-050] Evaluation:  : loss=0.45, accuracy@1=85.31%, accuracy@5=99.37%
<<<--->>> The 027-050-th epoch : found the highest validation accuracy : 85.31%.
Benchmark Results for cifar10 -> train: 0.0, valid: 0.0, test: 93.73728896809467
alpha 0 is Parameter containing:
tensor([[-0.0749,  0.0750],
        [ 0.1533, -0.1512],
        [-0.0897,  0.0890],
        [ 0.0824, -0.0813],
        [ 0.2539, -0.2531],
        [ 0.0203, -0.0219],
        [ 0.0182, -0.0186],
        [ 0.0341, -0.0342],
        [-0.1813,  0.1818],
        [ 0.2821, -0.2818],
        [ 0.0430, -0.0409],
        [ 0.2587, -0.2583],
        [-0.0471,  0.0486],
        [-0.2200,  0.2175]], device='cuda:0', requires_grad=True)
alpha 1 is Parameter containing:
tensor([[-0.1170,  0.1166],
        [-0.0157,  0.0152],
        [-0.0392,  0.0389],
        [-0.0691,  0.0702],
        [ 0.0089, -0.0095],
        [-0.0207,  0.0226],
        [ 0.0466, -0.0468],
        [-0.0927,  0.0920],
        [-0.0185,  0.0189],
        [-0.0541,  0.0539],
        [-0.0301,  0.0287],
        [-0.0983,  0.0987],
        [ 0.0145, -0.0137],
        [-0.0997,  0.0998]], device='cuda:0', requires_grad=True)
[028-050] Search: Model metrics  : loss=0.22, accuracy@1=92.38%, accuracy@5=99.90%, time-cost=3798.5 s
[028-050] Search: Architecture metrics  : loss=0.47, accuracy@1=85.11%, accuracy@5=99.25%
[028-050] Evaluation:  : loss=0.48, accuracy@1=85.08%, accuracy@5=99.32%
Benchmark Results for cifar10 -> train: 0.0, valid: 0.0, test: 93.8006966970566
alpha 0 is Parameter containing:
tensor([[-0.0705,  0.0706],
        [ 0.1576, -0.1556],
        [-0.0937,  0.0930],
        [ 0.0920, -0.0910],
        [ 0.2695, -0.2688],
        [ 0.0174, -0.0190],
        [ 0.0297, -0.0301],
        [ 0.0514, -0.0515],
        [-0.1698,  0.1703],
        [ 0.2894, -0.2891],
        [ 0.0445, -0.0423],
        [ 0.2835, -0.2830],
        [-0.0206,  0.0221],
        [-0.2071,  0.2047]], device='cuda:0', requires_grad=True)
alpha 1 is Parameter containing:
tensor([[-0.1113,  0.1108],
        [-0.0227,  0.0222],
        [-0.0350,  0.0348],
        [-0.0664,  0.0675],
        [ 0.0005, -0.0012],
        [-0.0213,  0.0233],
        [ 0.0554, -0.0556],
        [-0.0934,  0.0928],
        [-0.0178,  0.0181],
        [-0.0580,  0.0578],
        [-0.0298,  0.0285],
        [-0.0952,  0.0956],
        [ 0.0101, -0.0094],
        [-0.0911,  0.0912]], device='cuda:0', requires_grad=True)
[029-050] Search: Model metrics  : loss=0.20, accuracy@1=92.76%, accuracy@5=99.91%, time-cost=3934.6 s
[029-050] Search: Architecture metrics  : loss=0.48, accuracy@1=85.05%, accuracy@5=99.30%
[029-050] Evaluation:  : loss=0.46, accuracy@1=85.74%, accuracy@5=99.37%
<<<--->>> The 029-050-th epoch : found the highest validation accuracy : 85.74%.
Benchmark Results for cifar10 -> train: 0.0, valid: 0.0, test: 93.85928637708976
alpha 0 is Parameter containing:
tensor([[-0.0621,  0.0622],
        [ 0.1782, -0.1762],
        [-0.0803,  0.0796],
        [ 0.0989, -0.0978],
        [ 0.2898, -0.2891],
        [ 0.0175, -0.0191],
        [ 0.0389, -0.0393],
        [ 0.0684, -0.0684],
        [-0.1516,  0.1521],
        [ 0.3001, -0.2999],
        [ 0.0596, -0.0574],
        [ 0.3040, -0.3036],
        [ 0.0043, -0.0028],
        [-0.1967,  0.1943]], device='cuda:0', requires_grad=True)
alpha 1 is Parameter containing:
tensor([[-0.1041,  0.1037],
        [-0.0210,  0.0204],
        [-0.0360,  0.0358],
        [-0.0617,  0.0628],
        [-0.0055,  0.0048],
        [-0.0261,  0.0280],
        [ 0.0697, -0.0699],
        [-0.0846,  0.0840],
        [ 0.0007, -0.0003],
        [-0.0632,  0.0631],
        [-0.0273,  0.0260],
        [-0.0949,  0.0954],
        [ 0.0252, -0.0245],
        [-0.0797,  0.0798]], device='cuda:0', requires_grad=True)
[030-050] Search: Model metrics  : loss=0.19, accuracy@1=93.37%, accuracy@5=99.92%, time-cost=4070.3 s
[030-050] Search: Architecture metrics  : loss=0.46, accuracy@1=85.77%, accuracy@5=99.30%
[030-050] Evaluation:  : loss=0.46, accuracy@1=85.42%, accuracy@5=99.42%
Benchmark Results for cifar10 -> train: 0.0, valid: 0.0, test: 93.88745911271081
alpha 0 is Parameter containing:
tensor([[-0.0713,  0.0714],
        [ 0.1968, -0.1947],
        [-0.0735,  0.0728],
        [ 0.1214, -0.1204],
        [ 0.3134, -0.3127],
        [ 0.0317, -0.0333],
        [ 0.0449, -0.0452],
        [ 0.0992, -0.0992],
        [-0.1322,  0.1326],
        [ 0.3184, -0.3181],
        [ 0.0678, -0.0656],
        [ 0.3296, -0.3292],
        [ 0.0289, -0.0274],
        [-0.1917,  0.1892]], device='cuda:0', requires_grad=True)
alpha 1 is Parameter containing:
tensor([[-0.1141,  0.1137],
        [-0.0140,  0.0134],
        [-0.0278,  0.0276],
        [-0.0560,  0.0571],
        [-0.0053,  0.0046],
        [-0.0358,  0.0377],
        [ 0.0861, -0.0863],
        [-0.0872,  0.0866],
        [-0.0119,  0.0122],
        [-0.0522,  0.0520],
        [-0.0234,  0.0221],
        [-0.1039,  0.1044],
        [ 0.0205, -0.0197],
        [-0.0706,  0.0708]], device='cuda:0', requires_grad=True)
[031-050] Search: Model metrics  : loss=0.17, accuracy@1=93.95%, accuracy@5=99.94%, time-cost=4205.7 s
[031-050] Search: Architecture metrics  : loss=0.47, accuracy@1=85.65%, accuracy@5=99.31%
[031-050] Evaluation:  : loss=0.46, accuracy@1=85.97%, accuracy@5=99.38%
<<<--->>> The 031-050-th epoch : found the highest validation accuracy : 85.97%.
Benchmark Results for cifar10 -> train: 0.0, valid: 0.0, test: 93.95215931815393
alpha 0 is Parameter containing:
tensor([[-0.0717,  0.0718],
        [ 0.2075, -0.2055],
        [-0.0696,  0.0689],
        [ 0.1322, -0.1312],
        [ 0.3395, -0.3388],
        [ 0.0316, -0.0331],
        [ 0.0473, -0.0477],
        [ 0.1157, -0.1157],
        [-0.1229,  0.1233],
        [ 0.3348, -0.3346],
        [ 0.0850, -0.0829],
        [ 0.3603, -0.3599],
        [ 0.0507, -0.0492],
        [-0.1782,  0.1758]], device='cuda:0', requires_grad=True)
alpha 1 is Parameter containing:
tensor([[-1.0774e-01,  1.0731e-01],
        [-1.7219e-02,  1.6663e-02],
        [-1.0007e-02,  9.8090e-03],
        [-5.6234e-02,  5.7307e-02],
        [ 4.8816e-05, -6.9580e-04],
        [-3.5041e-02,  3.6892e-02],
        [ 8.9921e-02, -9.0157e-02],
        [-8.7178e-02,  8.6545e-02],
        [-2.7080e-03,  3.0443e-03],
        [-5.8174e-02,  5.8010e-02],
        [-2.9056e-02,  2.7771e-02],
        [-1.0454e-01,  1.0499e-01],
        [ 2.5732e-02, -2.4985e-02],
        [-6.5597e-02,  6.5720e-02]], device='cuda:0', requires_grad=True)
[032-050] Search: Model metrics  : loss=0.16, accuracy@1=94.07%, accuracy@5=99.93%, time-cost=4341.6 s
[032-050] Search: Architecture metrics  : loss=0.46, accuracy@1=85.98%, accuracy@5=99.35%
[032-050] Evaluation:  : loss=0.47, accuracy@1=85.88%, accuracy@5=99.34%
Benchmark Results for cifar10 -> train: 0.0, valid: 0.0, test: 93.87308231768853
alpha 0 is Parameter containing:
tensor([[-0.0704,  0.0705],
        [ 0.2232, -0.2211],
        [-0.0697,  0.0691],
        [ 0.1445, -0.1435],
        [ 0.3600, -0.3593],
        [ 0.0354, -0.0370],
        [ 0.0444, -0.0447],
        [ 0.1258, -0.1259],
        [-0.1107,  0.1112],
        [ 0.3419, -0.3417],
        [ 0.1024, -0.1003],
        [ 0.3980, -0.3976],
        [ 0.0853, -0.0838],
        [-0.1719,  0.1695]], device='cuda:0', requires_grad=True)
alpha 1 is Parameter containing:
tensor([[-0.1080,  0.1076],
        [-0.0241,  0.0235],
        [-0.0070,  0.0068],
        [-0.0589,  0.0600],
        [ 0.0017, -0.0023],
        [-0.0291,  0.0310],
        [ 0.1027, -0.1029],
        [-0.0765,  0.0759],
        [ 0.0024, -0.0020],
        [-0.0703,  0.0701],
        [-0.0448,  0.0436],
        [-0.1067,  0.1071],
        [ 0.0224, -0.0216],
        [-0.0715,  0.0716]], device='cuda:0', requires_grad=True)
[033-050] Search: Model metrics  : loss=0.15, accuracy@1=94.65%, accuracy@5=99.96%, time-cost=4477.4 s
[033-050] Search: Architecture metrics  : loss=0.48, accuracy@1=85.32%, accuracy@5=99.32%
[033-050] Evaluation:  : loss=0.47, accuracy@1=85.47%, accuracy@5=99.34%
Benchmark Results for cifar10 -> train: 0.0, valid: 0.0, test: 93.26630027763753
alpha 0 is Parameter containing:
tensor([[-0.0626,  0.0627],
        [ 0.2410, -0.2390],
        [-0.0595,  0.0589],
        [ 0.1616, -0.1606],
        [ 0.3878, -0.3871],
        [ 0.0555, -0.0570],
        [ 0.0559, -0.0563],
        [ 0.1493, -0.1494],
        [-0.0901,  0.0905],
        [ 0.3627, -0.3624],
        [ 0.1255, -0.1234],
        [ 0.4284, -0.4280],
        [ 0.1170, -0.1155],
        [-0.1590,  0.1566]], device='cuda:0', requires_grad=True)
alpha 1 is Parameter containing:
tensor([[-0.1091,  0.1087],
        [-0.0310,  0.0305],
        [ 0.0110, -0.0112],
        [-0.0578,  0.0588],
        [ 0.0114, -0.0120],
        [-0.0243,  0.0261],
        [ 0.1101, -0.1103],
        [-0.0569,  0.0563],
        [ 0.0095, -0.0092],
        [-0.0663,  0.0662],
        [-0.0446,  0.0433],
        [-0.0969,  0.0973],
        [ 0.0419, -0.0412],
        [-0.0680,  0.0682]], device='cuda:0', requires_grad=True)
[034-050] Search: Model metrics  : loss=0.15, accuracy@1=94.89%, accuracy@5=99.96%, time-cost=4613.6 s
[034-050] Search: Architecture metrics  : loss=0.49, accuracy@1=85.20%, accuracy@5=99.34%
[034-050] Evaluation:  : loss=0.48, accuracy@1=85.82%, accuracy@5=99.34%
Benchmark Results for cifar10 -> train: 0.0, valid: 0.0, test: 93.69999773593288
alpha 0 is Parameter containing:
tensor([[-0.0559,  0.0560],
        [ 0.2569, -0.2549],
        [-0.0549,  0.0543],
        [ 0.1834, -0.1824],
        [ 0.4188, -0.4180],
        [ 0.0643, -0.0659],
        [ 0.0701, -0.0704],
        [ 0.1717, -0.1717],
        [-0.0753,  0.0757],
        [ 0.3782, -0.3780],
        [ 0.1298, -0.1277],
        [ 0.4619, -0.4616],
        [ 0.1382, -0.1368],
        [-0.1387,  0.1363]], device='cuda:0', requires_grad=True)
alpha 1 is Parameter containing:
tensor([[-0.1060,  0.1056],
        [-0.0372,  0.0366],
        [ 0.0220, -0.0222],
        [-0.0576,  0.0586],
        [ 0.0092, -0.0098],
        [-0.0260,  0.0278],
        [ 0.1147, -0.1149],
        [-0.0495,  0.0489],
        [ 0.0110, -0.0107],
        [-0.0513,  0.0512],
        [-0.0393,  0.0380],
        [-0.1100,  0.1104],
        [ 0.0364, -0.0357],
        [-0.0585,  0.0587]], device='cuda:0', requires_grad=True)
[035-050] Search: Model metrics  : loss=0.13, accuracy@1=95.28%, accuracy@5=99.95%, time-cost=4749.5 s
[035-050] Search: Architecture metrics  : loss=0.49, accuracy@1=85.78%, accuracy@5=99.32%
[035-050] Evaluation:  : loss=0.45, accuracy@1=86.72%, accuracy@5=99.40%
<<<--->>> The 035-050-th epoch : found the highest validation accuracy : 86.72%.
Benchmark Results for cifar10 -> train: 0.0, valid: 0.0, test: 93.54849646636082
alpha 0 is Parameter containing:
tensor([[-0.0655,  0.0656],
        [ 0.2612, -0.2592],
        [-0.0523,  0.0516],
        [ 0.1972, -0.1962],
        [ 0.4404, -0.4397],
        [ 0.0637, -0.0653],
        [ 0.0757, -0.0760],
        [ 0.1932, -0.1932],
        [-0.0593,  0.0597],
        [ 0.3899, -0.3897],
        [ 0.1414, -0.1393],
        [ 0.4882, -0.4879],
        [ 0.1673, -0.1658],
        [-0.1152,  0.1128]], device='cuda:0', requires_grad=True)
alpha 1 is Parameter containing:
tensor([[-0.1069,  0.1065],
        [-0.0466,  0.0460],
        [ 0.0232, -0.0234],
        [-0.0420,  0.0431],
        [ 0.0158, -0.0164],
        [-0.0259,  0.0277],
        [ 0.1184, -0.1186],
        [-0.0387,  0.0381],
        [ 0.0135, -0.0132],
        [-0.0537,  0.0535],
        [-0.0415,  0.0403],
        [-0.1172,  0.1176],
        [ 0.0357, -0.0350],
        [-0.0615,  0.0616]], device='cuda:0', requires_grad=True)
[036-050] Search: Model metrics  : loss=0.12, accuracy@1=95.79%, accuracy@5=99.98%, time-cost=4885.5 s
[036-050] Search: Architecture metrics  : loss=0.47, accuracy@1=86.31%, accuracy@5=99.41%
[036-050] Evaluation:  : loss=0.47, accuracy@1=86.72%, accuracy@5=99.43%
<<<--->>> The 036-050-th epoch : found the highest validation accuracy : 86.72%.
Benchmark Results for cifar10 -> train: 0.0, valid: 0.0, test: 93.07460216947342
alpha 0 is Parameter containing:
tensor([[-0.0656,  0.0657],
        [ 0.2872, -0.2851],
        [-0.0537,  0.0531],
        [ 0.2076, -0.2066],
        [ 0.4506, -0.4499],
        [ 0.0715, -0.0731],
        [ 0.0933, -0.0936],
        [ 0.2079, -0.2079],
        [-0.0436,  0.0441],
        [ 0.4038, -0.4036],
        [ 0.1531, -0.1510],
        [ 0.5133, -0.5129],
        [ 0.2026, -0.2011],
        [-0.0994,  0.0970]], device='cuda:0', requires_grad=True)
alpha 1 is Parameter containing:
tensor([[-0.1202,  0.1198],
        [-0.0467,  0.0462],
        [ 0.0225, -0.0227],
        [-0.0325,  0.0335],
        [ 0.0256, -0.0263],
        [-0.0363,  0.0381],
        [ 0.1302, -0.1304],
        [-0.0347,  0.0341],
        [ 0.0273, -0.0269],
        [-0.0479,  0.0478],
        [-0.0333,  0.0321],
        [-0.1117,  0.1121],
        [ 0.0418, -0.0411],
        [-0.0618,  0.0619]], device='cuda:0', requires_grad=True)
[037-050] Search: Model metrics  : loss=0.11, accuracy@1=96.19%, accuracy@5=99.98%, time-cost=5021.8 s
[037-050] Search: Architecture metrics  : loss=0.48, accuracy@1=86.38%, accuracy@5=99.38%
[037-050] Evaluation:  : loss=0.46, accuracy@1=87.10%, accuracy@5=99.45%
<<<--->>> The 037-050-th epoch : found the highest validation accuracy : 87.10%.
Benchmark Results for cifar10 -> train: 0.0, valid: 0.0, test: 93.20645898023278
alpha 0 is Parameter containing:
tensor([[-0.0649,  0.0650],
        [ 0.2999, -0.2978],
        [-0.0611,  0.0605],
        [ 0.2115, -0.2105],
        [ 0.4690, -0.4683],
        [ 0.0757, -0.0773],
        [ 0.1102, -0.1105],
        [ 0.2274, -0.2274],
        [-0.0319,  0.0324],
        [ 0.4216, -0.4213],
        [ 0.1657, -0.1636],
        [ 0.5316, -0.5312],
        [ 0.2241, -0.2227],
        [-0.0949,  0.0926]], device='cuda:0', requires_grad=True)
alpha 1 is Parameter containing:
tensor([[-0.1108,  0.1104],
        [-0.0442,  0.0437],
        [ 0.0212, -0.0214],
        [-0.0334,  0.0345],
        [ 0.0261, -0.0267],
        [-0.0326,  0.0344],
        [ 0.1383, -0.1385],
        [-0.0414,  0.0407],
        [ 0.0214, -0.0211],
        [-0.0416,  0.0415],
        [-0.0358,  0.0346],
        [-0.1193,  0.1197],
        [ 0.0346, -0.0339],
        [-0.0563,  0.0564]], device='cuda:0', requires_grad=True)
[038-050] Search: Model metrics  : loss=0.09, accuracy@1=96.80%, accuracy@5=99.98%, time-cost=5157.8 s
[038-050] Search: Architecture metrics  : loss=0.47, accuracy@1=86.74%, accuracy@5=99.41%
[038-050] Evaluation:  : loss=0.45, accuracy@1=87.22%, accuracy@5=99.42%
<<<--->>> The 038-050-th epoch : found the highest validation accuracy : 87.22%.
Benchmark Results for cifar10 -> train: 0.0, valid: 0.0, test: 93.23311668925025
alpha 0 is Parameter containing:
tensor([[-0.0552,  0.0553],
        [ 0.3096, -0.3076],
        [-0.0689,  0.0682],
        [ 0.2275, -0.2265],
        [ 0.4874, -0.4867],
        [ 0.0935, -0.0950],
        [ 0.1126, -0.1130],
        [ 0.2525, -0.2525],
        [-0.0155,  0.0160],
        [ 0.4425, -0.4422],
        [ 0.1819, -0.1799],
        [ 0.5527, -0.5523],
        [ 0.2494, -0.2480],
        [-0.0840,  0.0816]], device='cuda:0', requires_grad=True)
alpha 1 is Parameter containing:
tensor([[-0.1113,  0.1109],
        [-0.0413,  0.0407],
        [ 0.0293, -0.0295],
        [-0.0278,  0.0288],
        [ 0.0287, -0.0294],
        [-0.0313,  0.0331],
        [ 0.1453, -0.1456],
        [-0.0437,  0.0431],
        [ 0.0164, -0.0161],
        [-0.0313,  0.0312],
        [-0.0442,  0.0430],
        [-0.1247,  0.1252],
        [ 0.0377, -0.0370],
        [-0.0527,  0.0528]], device='cuda:0', requires_grad=True)
[039-050] Search: Model metrics  : loss=0.08, accuracy@1=97.12%, accuracy@5=99.99%, time-cost=5293.6 s
[039-050] Search: Architecture metrics  : loss=0.48, accuracy@1=86.52%, accuracy@5=99.41%
[039-050] Evaluation:  : loss=0.46, accuracy@1=87.25%, accuracy@5=99.46%
<<<--->>> The 039-050-th epoch : found the highest validation accuracy : 87.25%.
Benchmark Results for cifar10 -> train: 0.0, valid: 0.0, test: 92.87836749712652
alpha 0 is Parameter containing:
tensor([[-0.0590,  0.0591],
        [ 0.3174, -0.3153],
        [-0.0527,  0.0520],
        [ 0.2359, -0.2349],
        [ 0.5091, -0.5084],
        [ 0.1137, -0.1152],
        [ 0.1250, -0.1254],
        [ 0.2797, -0.2797],
        [ 0.0033, -0.0028],
        [ 0.4599, -0.4596],
        [ 0.1927, -0.1907],
        [ 0.5896, -0.5892],
        [ 0.2822, -0.2807],
        [-0.0522,  0.0498]], device='cuda:0', requires_grad=True)
alpha 1 is Parameter containing:
tensor([[-0.1089,  0.1085],
        [-0.0426,  0.0421],
        [ 0.0291, -0.0293],
        [-0.0407,  0.0417],
        [ 0.0373, -0.0379],
        [-0.0399,  0.0416],
        [ 0.1552, -0.1554],
        [-0.0337,  0.0331],
        [ 0.0111, -0.0107],
        [-0.0193,  0.0192],
        [-0.0442,  0.0430],
        [-0.1184,  0.1188],
        [ 0.0410, -0.0403],
        [-0.0521,  0.0522]], device='cuda:0', requires_grad=True)
[040-050] Search: Model metrics  : loss=0.08, accuracy@1=97.43%, accuracy@5=99.99%, time-cost=5429.6 s
[040-050] Search: Architecture metrics  : loss=0.49, accuracy@1=86.56%, accuracy@5=99.42%
[040-050] Evaluation:  : loss=0.45, accuracy@1=87.44%, accuracy@5=99.47%
<<<--->>> The 040-050-th epoch : found the highest validation accuracy : 87.44%.
Benchmark Results for cifar10 -> train: 0.0, valid: 0.0, test: 93.23553731743236
alpha 0 is Parameter containing:
tensor([[-0.0626,  0.0628],
        [ 0.3158, -0.3138],
        [-0.0675,  0.0669],
        [ 0.2564, -0.2554],
        [ 0.5278, -0.5271],
        [ 0.1254, -0.1269],
        [ 0.1460, -0.1464],
        [ 0.2963, -0.2964],
        [ 0.0299, -0.0295],
        [ 0.4802, -0.4800],
        [ 0.2024, -0.2004],
        [ 0.6114, -0.6110],
        [ 0.3105, -0.3090],
        [-0.0397,  0.0374]], device='cuda:0', requires_grad=True)
alpha 1 is Parameter containing:
tensor([[-0.1144,  0.1140],
        [-0.0527,  0.0522],
        [ 0.0315, -0.0316],
        [-0.0358,  0.0368],
        [ 0.0483, -0.0489],
        [-0.0397,  0.0414],
        [ 0.1648, -0.1650],
        [-0.0179,  0.0173],
        [ 0.0194, -0.0191],
        [-0.0195,  0.0193],
        [-0.0512,  0.0500],
        [-0.1270,  0.1274],
        [ 0.0550, -0.0543],
        [-0.0464,  0.0465]], device='cuda:0', requires_grad=True)
[041-050] Search: Model metrics  : loss=0.07, accuracy@1=97.76%, accuracy@5=99.99%, time-cost=5565.9 s
[041-050] Search: Architecture metrics  : loss=0.48, accuracy@1=86.85%, accuracy@5=99.43%
[041-050] Evaluation:  : loss=0.45, accuracy@1=87.50%, accuracy@5=99.54%
<<<--->>> The 041-050-th epoch : found the highest validation accuracy : 87.50%.
Benchmark Results for cifar10 -> train: 0.0, valid: 0.0, test: 93.18922686380462
alpha 0 is Parameter containing:
tensor([[-0.0602,  0.0603],
        [ 0.3245, -0.3225],
        [-0.0655,  0.0649],
        [ 0.2703, -0.2693],
        [ 0.5559, -0.5552],
        [ 0.1264, -0.1279],
        [ 0.1661, -0.1665],
        [ 0.3173, -0.3174],
        [ 0.0614, -0.0609],
        [ 0.4982, -0.4979],
        [ 0.2177, -0.2157],
        [ 0.6375, -0.6371],
        [ 0.3391, -0.3377],
        [-0.0100,  0.0077]], device='cuda:0', requires_grad=True)
alpha 1 is Parameter containing:
tensor([[-0.1236,  0.1232],
        [-0.0576,  0.0570],
        [ 0.0360, -0.0362],
        [-0.0354,  0.0364],
        [ 0.0511, -0.0517],
        [-0.0384,  0.0401],
        [ 0.1699, -0.1701],
        [-0.0072,  0.0066],
        [ 0.0172, -0.0169],
        [-0.0193,  0.0192],
        [-0.0550,  0.0539],
        [-0.1273,  0.1277],
        [ 0.0584, -0.0577],
        [-0.0445,  0.0446]], device='cuda:0', requires_grad=True)
[042-050] Search: Model metrics  : loss=0.07, accuracy@1=97.60%, accuracy@5=99.98%, time-cost=5702.9 s
[042-050] Search: Architecture metrics  : loss=0.46, accuracy@1=87.11%, accuracy@5=99.54%
[042-050] Evaluation:  : loss=0.46, accuracy@1=87.67%, accuracy@5=99.50%
<<<--->>> The 042-050-th epoch : found the highest validation accuracy : 87.67%.
Benchmark Results for cifar10 -> train: 0.0, valid: 0.0, test: 93.27597450108176
alpha 0 is Parameter containing:
tensor([[-0.0564,  0.0565],
        [ 0.3296, -0.3275],
        [-0.0708,  0.0702],
        [ 0.2850, -0.2840],
        [ 0.5598, -0.5591],
        [ 0.1372, -0.1387],
        [ 0.1769, -0.1772],
        [ 0.3195, -0.3195],
        [ 0.0722, -0.0718],
        [ 0.5016, -0.5013],
        [ 0.2295, -0.2275],
        [ 0.6456, -0.6452],
        [ 0.3531, -0.3517],
        [ 0.0018, -0.0041]], device='cuda:0', requires_grad=True)
alpha 1 is Parameter containing:
tensor([[-0.1407,  0.1403],
        [-0.0657,  0.0651],
        [ 0.0309, -0.0311],
        [-0.0342,  0.0352],
        [ 0.0522, -0.0528],
        [-0.0404,  0.0421],
        [ 0.1814, -0.1816],
        [-0.0047,  0.0041],
        [ 0.0185, -0.0182],
        [-0.0287,  0.0286],
        [-0.0565,  0.0554],
        [-0.1319,  0.1323],
        [ 0.0619, -0.0612],
        [-0.0442,  0.0443]], device='cuda:0', requires_grad=True)
[043-050] Search: Model metrics  : loss=0.06, accuracy@1=97.79%, accuracy@5=99.99%, time-cost=5839.2 s
[043-050] Search: Architecture metrics  : loss=0.48, accuracy@1=86.94%, accuracy@5=99.43%
[043-050] Evaluation:  : loss=0.46, accuracy@1=87.57%, accuracy@5=99.55%
Benchmark Results for cifar10 -> train: 0.0, valid: 0.0, test: 93.24911248202194
alpha 0 is Parameter containing:
tensor([[-0.0666,  0.0667],
        [ 0.3455, -0.3435],
        [-0.0759,  0.0753],
        [ 0.3121, -0.3111],
        [ 0.5788, -0.5781],
        [ 0.1357, -0.1372],
        [ 0.1850, -0.1853],
        [ 0.3392, -0.3393],
        [ 0.0866, -0.0862],
        [ 0.5074, -0.5071],
        [ 0.2429, -0.2409],
        [ 0.6668, -0.6664],
        [ 0.3695, -0.3681],
        [ 0.0154, -0.0177]], device='cuda:0', requires_grad=True)
alpha 1 is Parameter containing:
tensor([[-0.1350,  0.1346],
        [-0.0644,  0.0639],
        [ 0.0304, -0.0306],
        [-0.0464,  0.0474],
        [ 0.0622, -0.0628],
        [-0.0450,  0.0467],
        [ 0.1895, -0.1897],
        [ 0.0096, -0.0102],
        [ 0.0131, -0.0128],
        [-0.0173,  0.0172],
        [-0.0556,  0.0544],
        [-0.1452,  0.1456],
        [ 0.0667, -0.0660],
        [-0.0428,  0.0429]], device='cuda:0', requires_grad=True)
[044-050] Search: Model metrics  : loss=0.06, accuracy@1=97.98%, accuracy@5=99.98%, time-cost=5975.4 s
[044-050] Search: Architecture metrics  : loss=0.45, accuracy@1=87.66%, accuracy@5=99.49%
[044-050] Evaluation:  : loss=0.45, accuracy@1=87.44%, accuracy@5=99.51%
Benchmark Results for cifar10 -> train: 0.0, valid: 0.0, test: 93.38646310490347
alpha 0 is Parameter containing:
tensor([[-0.0707,  0.0708],
        [ 0.3637, -0.3617],
        [-0.0710,  0.0704],
        [ 0.3364, -0.3354],
        [ 0.5941, -0.5934],
        [ 0.1326, -0.1341],
        [ 0.1906, -0.1909],
        [ 0.3695, -0.3695],
        [ 0.1053, -0.1049],
        [ 0.5178, -0.5176],
        [ 0.2581, -0.2561],
        [ 0.6789, -0.6786],
        [ 0.3920, -0.3906],
        [ 0.0376, -0.0399]], device='cuda:0', requires_grad=True)
alpha 1 is Parameter containing:
tensor([[-0.1347,  0.1343],
        [-0.0627,  0.0622],
        [ 0.0316, -0.0318],
        [-0.0421,  0.0431],
        [ 0.0708, -0.0714],
        [-0.0431,  0.0448],
        [ 0.2032, -0.2034],
        [ 0.0227, -0.0233],
        [ 0.0092, -0.0089],
        [-0.0278,  0.0277],
        [-0.0604,  0.0592],
        [-0.1517,  0.1521],
        [ 0.0557, -0.0550],
        [-0.0435,  0.0436]], device='cuda:0', requires_grad=True)
[045-050] Search: Model metrics  : loss=0.06, accuracy@1=98.10%, accuracy@5=100.00%, time-cost=6111.5 s
[045-050] Search: Architecture metrics  : loss=0.47, accuracy@1=86.99%, accuracy@5=99.50%
[045-050] Evaluation:  : loss=0.45, accuracy@1=87.68%, accuracy@5=99.52%
<<<--->>> The 045-050-th epoch : found the highest validation accuracy : 87.68%.
Benchmark Results for cifar10 -> train: 0.0, valid: 0.0, test: 93.37669556546675
alpha 0 is Parameter containing:
tensor([[-0.0795,  0.0796],
        [ 0.3679, -0.3659],
        [-0.0687,  0.0681],
        [ 0.3463, -0.3453],
        [ 0.6104, -0.6097],
        [ 0.1459, -0.1474],
        [ 0.1884, -0.1888],
        [ 0.3745, -0.3746],
        [ 0.1290, -0.1286],
        [ 0.5341, -0.5339],
        [ 0.2662, -0.2642],
        [ 0.6935, -0.6931],
        [ 0.4140, -0.4126],
        [ 0.0671, -0.0694]], device='cuda:0', requires_grad=True)
alpha 1 is Parameter containing:
tensor([[-0.1330,  0.1326],
        [-0.0603,  0.0598],
        [ 0.0201, -0.0203],
        [-0.0330,  0.0340],
        [ 0.0747, -0.0753],
        [-0.0357,  0.0374],
        [ 0.2128, -0.2130],
        [ 0.0283, -0.0289],
        [ 0.0105, -0.0102],
        [-0.0275,  0.0273],
        [-0.0584,  0.0572],
        [-0.1523,  0.1527],
        [ 0.0658, -0.0651],
        [-0.0356,  0.0357]], device='cuda:0', requires_grad=True)
[046-050] Search: Model metrics  : loss=0.05, accuracy@1=98.39%, accuracy@5=100.00%, time-cost=6248.4 s
[046-050] Search: Architecture metrics  : loss=0.48, accuracy@1=87.04%, accuracy@5=99.40%
[046-050] Evaluation:  : loss=0.45, accuracy@1=87.43%, accuracy@5=99.48%
Benchmark Results for cifar10 -> train: 0.0, valid: 0.0, test: 93.38344355504691
alpha 0 is Parameter containing:
tensor([[-0.0813,  0.0814],
        [ 0.3866, -0.3846],
        [-0.0700,  0.0694],
        [ 0.3665, -0.3655],
        [ 0.6251, -0.6244],
        [ 0.1485, -0.1500],
        [ 0.1935, -0.1939],
        [ 0.3824, -0.3824],
        [ 0.1498, -0.1493],
        [ 0.5470, -0.5468],
        [ 0.2774, -0.2754],
        [ 0.7029, -0.7025],
        [ 0.4354, -0.4340],
        [ 0.0822, -0.0845]], device='cuda:0', requires_grad=True)
alpha 1 is Parameter containing:
tensor([[-0.1364,  0.1360],
        [-0.0671,  0.0666],
        [ 0.0193, -0.0195],
        [-0.0355,  0.0365],
        [ 0.0802, -0.0808],
        [-0.0400,  0.0416],
        [ 0.2288, -0.2290],
        [ 0.0285, -0.0290],
        [ 0.0043, -0.0040],
        [-0.0273,  0.0271],
        [-0.0665,  0.0654],
        [-0.1566,  0.1570],
        [ 0.0657, -0.0650],
        [-0.0343,  0.0344]], device='cuda:0', requires_grad=True)
[047-050] Search: Model metrics  : loss=0.05, accuracy@1=98.46%, accuracy@5=100.00%, time-cost=6385.2 s
[047-050] Search: Architecture metrics  : loss=0.47, accuracy@1=87.12%, accuracy@5=99.49%
[047-050] Evaluation:  : loss=0.46, accuracy@1=87.61%, accuracy@5=99.49%
Benchmark Results for cifar10 -> train: 0.0, valid: 0.0, test: 93.11085507350676
alpha 0 is Parameter containing:
tensor([[-0.0805,  0.0806],
        [ 0.3917, -0.3897],
        [-0.0720,  0.0714],
        [ 0.3856, -0.3846],
        [ 0.6355, -0.6349],
        [ 0.1502, -0.1517],
        [ 0.1975, -0.1978],
        [ 0.3992, -0.3992],
        [ 0.1696, -0.1691],
        [ 0.5541, -0.5539],
        [ 0.2889, -0.2869],
        [ 0.7136, -0.7132],
        [ 0.4545, -0.4531],
        [ 0.0906, -0.0929]], device='cuda:0', requires_grad=True)
alpha 1 is Parameter containing:
tensor([[-0.1299,  0.1295],
        [-0.0607,  0.0602],
        [ 0.0189, -0.0191],
        [-0.0400,  0.0410],
        [ 0.0801, -0.0807],
        [-0.0402,  0.0418],
        [ 0.2405, -0.2407],
        [ 0.0228, -0.0234],
        [ 0.0052, -0.0049],
        [-0.0233,  0.0232],
        [-0.0644,  0.0632],
        [-0.1775,  0.1779],
        [ 0.0732, -0.0725],
        [-0.0367,  0.0368]], device='cuda:0', requires_grad=True)
[048-050] Search: Model metrics  : loss=0.05, accuracy@1=98.50%, accuracy@5=100.00%, time-cost=6521.9 s
[048-050] Search: Architecture metrics  : loss=0.47, accuracy@1=87.33%, accuracy@5=99.38%
[048-050] Evaluation:  : loss=0.45, accuracy@1=87.69%, accuracy@5=99.50%
<<<--->>> The 048-050-th epoch : found the highest validation accuracy : 87.69%.
Benchmark Results for cifar10 -> train: 0.0, valid: 0.0, test: 93.19307213226124
alpha 0 is Parameter containing:
tensor([[-0.0834,  0.0835],
        [ 0.4062, -0.4042],
        [-0.0795,  0.0789],
        [ 0.4112, -0.4102],
        [ 0.6503, -0.6497],
        [ 0.1480, -0.1495],
        [ 0.2077, -0.2080],
        [ 0.4035, -0.4036],
        [ 0.1780, -0.1775],
        [ 0.5634, -0.5631],
        [ 0.3028, -0.3008],
        [ 0.7290, -0.7286],
        [ 0.4679, -0.4665],
        [ 0.1060, -0.1083]], device='cuda:0', requires_grad=True)
alpha 1 is Parameter containing:
tensor([[-0.1266,  0.1262],
        [-0.0647,  0.0641],
        [ 0.0271, -0.0273],
        [-0.0390,  0.0400],
        [ 0.0771, -0.0777],
        [-0.0414,  0.0430],
        [ 0.2416, -0.2418],
        [ 0.0186, -0.0192],
        [ 0.0044, -0.0041],
        [-0.0306,  0.0304],
        [-0.0559,  0.0548],
        [-0.1898,  0.1902],
        [ 0.0766, -0.0760],
        [-0.0417,  0.0419]], device='cuda:0', requires_grad=True)
[049-050] Search: Model metrics  : loss=0.05, accuracy@1=98.46%, accuracy@5=100.00%, time-cost=6658.4 s
[049-050] Search: Architecture metrics  : loss=0.46, accuracy@1=87.63%, accuracy@5=99.48%
[049-050] Evaluation:  : loss=0.44, accuracy@1=87.82%, accuracy@5=99.52%
<<<--->>> The 049-050-th epoch : found the highest validation accuracy : 87.82%.
Benchmark Results for cifar10 -> train: 0.0, valid: 0.0, test: 93.23770888298768
alpha 0 is Parameter containing:
tensor([[-0.0933,  0.0934],
        [ 0.4133, -0.4113],
        [-0.0782,  0.0776],
        [ 0.4234, -0.4224],
        [ 0.6632, -0.6625],
        [ 0.1493, -0.1508],
        [ 0.2217, -0.2221],
        [ 0.4142, -0.4142],
        [ 0.1885, -0.1881],
        [ 0.5536, -0.5534],
        [ 0.3187, -0.3168],
        [ 0.7391, -0.7388],
        [ 0.4832, -0.4819],
        [ 0.1096, -0.1119]], device='cuda:0', requires_grad=True)
alpha 1 is Parameter containing:
tensor([[-0.1241,  0.1237],
        [-0.0695,  0.0690],
        [ 0.0287, -0.0288],
        [-0.0369,  0.0379],
        [ 0.0818, -0.0824],
        [-0.0431,  0.0448],
        [ 0.2505, -0.2507],
        [ 0.0231, -0.0237],
        [ 0.0067, -0.0063],
        [-0.0291,  0.0289],
        [-0.0575,  0.0563],
        [-0.1980,  0.1984],
        [ 0.0726, -0.0719],
        [-0.0502,  0.0503]], device='cuda:0', requires_grad=True)
[050-050] Search: Model metrics  : loss=0.05, accuracy@1=98.66%, accuracy@5=99.98%, time-cost=6794.3 s
[050-050] Search: Architecture metrics  : loss=0.47, accuracy@1=87.10%, accuracy@5=99.49%
[050-050] Evaluation:  : loss=0.45, accuracy@1=87.86%, accuracy@5=99.53%
<<<--->>> The 050-050-th epoch : found the highest validation accuracy : 87.86%.
Benchmark Results for cifar10 -> train: 0.0, valid: 0.0, test: 93.25249680503455
alpha 0 is Parameter containing:
tensor([[-0.0941,  0.0942],
        [ 0.4154, -0.4134],
        [-0.0789,  0.0783],
        [ 0.4319, -0.4309],
        [ 0.6679, -0.6672],
        [ 0.1525, -0.1539],
        [ 0.2186, -0.2190],
        [ 0.4192, -0.4193],
        [ 0.1949, -0.1945],
        [ 0.5580, -0.5578],
        [ 0.3180, -0.3161],
        [ 0.7487, -0.7484],
        [ 0.5014, -0.5000],
        [ 0.1279, -0.1302]], device='cuda:0', requires_grad=True)
alpha 1 is Parameter containing:
tensor([[-0.1314,  0.1310],
        [-0.0666,  0.0661],
        [ 0.0269, -0.0271],
        [-0.0389,  0.0398],
        [ 0.0741, -0.0747],
        [-0.0568,  0.0585],
        [ 0.2587, -0.2589],
        [ 0.0129, -0.0135],
        [-0.0016,  0.0019],
        [-0.0362,  0.0361],
        [-0.0700,  0.0689],
        [-0.2072,  0.2076],
        [ 0.0711, -0.0705],
        [-0.0486,  0.0488]], device='cuda:0', requires_grad=True)