Files already downloaded and verified
Files already downloaded and verified
[001-050] Search: Model metrics  : loss=1.98, accuracy@1=23.34%, accuracy@5=76.34%, time-cost=138.0 s
[001-050] Search: Architecture metrics  : loss=1.98, accuracy@1=23.33%, accuracy@5=76.17%
[001-050] Evaluation:  : loss=1.77, accuracy@1=32.51%, accuracy@5=86.63%
<<<--->>> The 001-050-th epoch : found the highest validation accuracy : 32.51%.
alpha 0 is Parameter containing:
tensor([[-0.0170,  0.0166],
        [-0.0199,  0.0207],
        [-0.0176,  0.0172],
        [-0.0141,  0.0144],
        [-0.0143,  0.0146],
        [-0.0308,  0.0306],
        [-0.0238,  0.0230],
        [-0.0029,  0.0043],
        [-0.0083,  0.0073],
        [-0.0281,  0.0290],
        [-0.0180,  0.0188],
        [-0.0091,  0.0101],
        [-0.0027,  0.0026],
        [-0.0118,  0.0103]], device='cuda:0', requires_grad=True)
alpha 1 is Parameter containing:
tensor([[-1.8414e-02,  2.1758e-02],
        [-2.0037e-02,  2.0779e-02],
        [-3.2943e-02,  3.1989e-02],
        [-9.1699e-03,  7.5452e-03],
        [-9.7626e-03,  1.0388e-02],
        [-2.5089e-02,  2.5198e-02],
        [-1.7611e-02,  1.7072e-02],
        [-3.2185e-03,  3.2351e-03],
        [ 3.2865e-03, -3.7599e-03],
        [-1.8105e-02,  1.7686e-02],
        [-2.8061e-03,  3.9646e-03],
        [-7.7927e-03,  9.6441e-03],
        [-1.5950e-02,  1.7019e-02],
        [ 4.3549e-05,  1.5891e-03]], device='cuda:0', requires_grad=True)
[002-050] Search: Model metrics  : loss=1.62, accuracy@1=39.24%, accuracy@5=89.66%, time-cost=274.6 s
[002-050] Search: Architecture metrics  : loss=1.63, accuracy@1=38.74%, accuracy@5=88.94%
[002-050] Evaluation:  : loss=1.69, accuracy@1=40.36%, accuracy@5=87.56%
<<<--->>> The 002-050-th epoch : found the highest validation accuracy : 40.36%.
alpha 0 is Parameter containing:
tensor([[-0.0423,  0.0419],
        [-0.0428,  0.0436],
        [-0.0332,  0.0329],
        [-0.0296,  0.0300],
        [-0.0252,  0.0255],
        [-0.0408,  0.0405],
        [-0.0379,  0.0370],
        [-0.0118,  0.0131],
        [-0.0065,  0.0055],
        [-0.0583,  0.0592],
        [-0.0321,  0.0329],
        [-0.0284,  0.0295],
        [-0.0095,  0.0094],
        [-0.0168,  0.0152]], device='cuda:0', requires_grad=True)
alpha 1 is Parameter containing:
tensor([[-0.0528,  0.0561],
        [-0.0373,  0.0380],
        [-0.0764,  0.0754],
        [-0.0089,  0.0073],
        [-0.0034,  0.0040],
        [-0.0420,  0.0421],
        [-0.0261,  0.0256],
        [-0.0133,  0.0133],
        [-0.0072,  0.0068],
        [-0.0598,  0.0594],
        [-0.0102,  0.0114],
        [-0.0220,  0.0238],
        [-0.0281,  0.0291],
        [-0.0130,  0.0146]], device='cuda:0', requires_grad=True)
[003-050] Search: Model metrics  : loss=1.42, accuracy@1=47.39%, accuracy@5=92.52%, time-cost=410.0 s
[003-050] Search: Architecture metrics  : loss=1.41, accuracy@1=48.46%, accuracy@5=92.58%
[003-050] Evaluation:  : loss=1.36, accuracy@1=50.96%, accuracy@5=93.36%
<<<--->>> The 003-050-th epoch : found the highest validation accuracy : 50.96%.
alpha 0 is Parameter containing:
tensor([[-0.0909,  0.0905],
        [-0.0808,  0.0816],
        [-0.0672,  0.0669],
        [-0.0761,  0.0764],
        [-0.0496,  0.0499],
        [-0.0780,  0.0777],
        [-0.0720,  0.0712],
        [-0.0303,  0.0317],
        [-0.0288,  0.0278],
        [-0.1055,  0.1063],
        [-0.0705,  0.0713],
        [-0.0508,  0.0518],
        [-0.0147,  0.0146],
        [-0.0331,  0.0316]], device='cuda:0', requires_grad=True)
alpha 1 is Parameter containing:
tensor([[-0.0994,  0.1027],
        [-0.0680,  0.0687],
        [-0.1176,  0.1167],
        [-0.0329,  0.0314],
        [-0.0148,  0.0154],
        [-0.0767,  0.0768],
        [-0.0383,  0.0377],
        [-0.0289,  0.0290],
        [-0.0184,  0.0180],
        [-0.0768,  0.0764],
        [-0.0299,  0.0311],
        [-0.0399,  0.0417],
        [-0.0402,  0.0412],
        [-0.0288,  0.0304]], device='cuda:0', requires_grad=True)
[004-050] Search: Model metrics  : loss=1.24, accuracy@1=55.02%, accuracy@5=94.36%, time-cost=546.6 s
[004-050] Search: Architecture metrics  : loss=1.24, accuracy@1=55.18%, accuracy@5=94.69%
[004-050] Evaluation:  : loss=1.21, accuracy@1=55.02%, accuracy@5=95.14%
<<<--->>> The 004-050-th epoch : found the highest validation accuracy : 55.02%.
alpha 0 is Parameter containing:
tensor([[-0.1349,  0.1345],
        [-0.1135,  0.1143],
        [-0.0937,  0.0933],
        [-0.1111,  0.1114],
        [-0.0624,  0.0627],
        [-0.1083,  0.1080],
        [-0.0981,  0.0972],
        [-0.0468,  0.0481],
        [-0.0388,  0.0378],
        [-0.1433,  0.1442],
        [-0.0987,  0.0995],
        [-0.0663,  0.0674],
        [-0.0252,  0.0252],
        [-0.0397,  0.0382]], device='cuda:0', requires_grad=True)
alpha 1 is Parameter containing:
tensor([[-0.1339,  0.1371],
        [-0.1050,  0.1057],
        [-0.1540,  0.1530],
        [-0.0629,  0.0614],
        [-0.0385,  0.0391],
        [-0.1255,  0.1256],
        [-0.0661,  0.0656],
        [-0.0356,  0.0357],
        [-0.0373,  0.0368],
        [-0.0952,  0.0948],
        [-0.0606,  0.0616],
        [-0.0565,  0.0583],
        [-0.0594,  0.0604],
        [-0.0519,  0.0534]], device='cuda:0', requires_grad=True)
[005-050] Search: Model metrics  : loss=1.12, accuracy@1=60.04%, accuracy@5=95.60%, time-cost=682.5 s
[005-050] Search: Architecture metrics  : loss=1.14, accuracy@1=58.82%, accuracy@5=95.55%
[005-050] Evaluation:  : loss=1.12, accuracy@1=60.15%, accuracy@5=95.55%
<<<--->>> The 005-050-th epoch : found the highest validation accuracy : 60.15%.
alpha 0 is Parameter containing:
tensor([[-0.1678,  0.1675],
        [-0.1424,  0.1432],
        [-0.1184,  0.1181],
        [-0.1397,  0.1400],
        [-0.0714,  0.0717],
        [-0.1235,  0.1232],
        [-0.1099,  0.1090],
        [-0.0550,  0.0563],
        [-0.0537,  0.0528],
        [-0.1652,  0.1661],
        [-0.1260,  0.1268],
        [-0.0721,  0.0731],
        [-0.0468,  0.0467],
        [-0.0617,  0.0602]], device='cuda:0', requires_grad=True)
alpha 1 is Parameter containing:
tensor([[-0.1678,  0.1710],
        [-0.1206,  0.1213],
        [-0.2008,  0.1999],
        [-0.0576,  0.0560],
        [-0.0530,  0.0535],
        [-0.1718,  0.1719],
        [-0.0469,  0.0464],
        [-0.0608,  0.0608],
        [-0.0625,  0.0620],
        [-0.1195,  0.1191],
        [-0.0864,  0.0875],
        [-0.0710,  0.0727],
        [-0.0718,  0.0728],
        [-0.0731,  0.0746]], device='cuda:0', requires_grad=True)
[006-050] Search: Model metrics  : loss=1.01, accuracy@1=63.72%, accuracy@5=96.56%, time-cost=818.9 s
[006-050] Search: Architecture metrics  : loss=1.02, accuracy@1=63.40%, accuracy@5=96.56%
[006-050] Evaluation:  : loss=1.04, accuracy@1=62.70%, accuracy@5=96.72%
<<<--->>> The 006-050-th epoch : found the highest validation accuracy : 62.70%.
alpha 0 is Parameter containing:
tensor([[-0.2048,  0.2044],
        [-0.1783,  0.1791],
        [-0.1507,  0.1504],
        [-0.1669,  0.1672],
        [-0.0839,  0.0842],
        [-0.1469,  0.1466],
        [-0.1304,  0.1296],
        [-0.0646,  0.0659],
        [-0.0670,  0.0660],
        [-0.1768,  0.1776],
        [-0.1494,  0.1502],
        [-0.0681,  0.0691],
        [-0.0552,  0.0552],
        [-0.0614,  0.0599]], device='cuda:0', requires_grad=True)
alpha 1 is Parameter containing:
tensor([[-0.2147,  0.2179],
        [-0.1427,  0.1434],
        [-0.2412,  0.2403],
        [-0.0622,  0.0607],
        [-0.0664,  0.0670],
        [-0.2135,  0.2136],
        [-0.0521,  0.0516],
        [-0.0866,  0.0866],
        [-0.0669,  0.0664],
        [-0.1380,  0.1376],
        [-0.1139,  0.1150],
        [-0.0755,  0.0771],
        [-0.0616,  0.0626],
        [-0.0702,  0.0717]], device='cuda:0', requires_grad=True)
[007-050] Search: Model metrics  : loss=0.94, accuracy@1=66.78%, accuracy@5=97.21%, time-cost=954.0 s
[007-050] Search: Architecture metrics  : loss=0.96, accuracy@1=66.16%, accuracy@5=96.88%
[007-050] Evaluation:  : loss=0.96, accuracy@1=65.25%, accuracy@5=97.11%
<<<--->>> The 007-050-th epoch : found the highest validation accuracy : 65.25%.
alpha 0 is Parameter containing:
tensor([[-0.2342,  0.2339],
        [-0.2108,  0.2116],
        [-0.1744,  0.1741],
        [-0.1937,  0.1940],
        [-0.0949,  0.0952],
        [-0.1628,  0.1626],
        [-0.1497,  0.1489],
        [-0.0740,  0.0753],
        [-0.0781,  0.0772],
        [-0.1911,  0.1919],
        [-0.1722,  0.1730],
        [-0.0800,  0.0810],
        [-0.0664,  0.0664],
        [-0.0696,  0.0681]], device='cuda:0', requires_grad=True)
alpha 1 is Parameter containing:
tensor([[-0.2499,  0.2531],
        [-0.1634,  0.1641],
        [-0.2659,  0.2650],
        [-0.0691,  0.0676],
        [-0.0879,  0.0885],
        [-0.2566,  0.2567],
        [-0.0559,  0.0554],
        [-0.1012,  0.1012],
        [-0.0742,  0.0738],
        [-0.1672,  0.1668],
        [-0.1356,  0.1366],
        [-0.0902,  0.0918],
        [-0.0568,  0.0577],
        [-0.0807,  0.0822]], device='cuda:0', requires_grad=True)
[008-050] Search: Model metrics  : loss=0.87, accuracy@1=69.17%, accuracy@5=97.52%, time-cost=1089.3 s
[008-050] Search: Architecture metrics  : loss=0.90, accuracy@1=68.14%, accuracy@5=97.27%
[008-050] Evaluation:  : loss=0.92, accuracy@1=67.49%, accuracy@5=97.23%
<<<--->>> The 008-050-th epoch : found the highest validation accuracy : 67.49%.
alpha 0 is Parameter containing:
tensor([[-0.2665,  0.2661],
        [-0.2424,  0.2432],
        [-0.1885,  0.1881],
        [-0.2115,  0.2118],
        [-0.1043,  0.1046],
        [-0.1778,  0.1776],
        [-0.1553,  0.1544],
        [-0.0916,  0.0929],
        [-0.0904,  0.0894],
        [-0.2040,  0.2048],
        [-0.1846,  0.1854],
        [-0.0886,  0.0896],
        [-0.0823,  0.0822],
        [-0.0831,  0.0816]], device='cuda:0', requires_grad=True)
alpha 1 is Parameter containing:
tensor([[-0.2719,  0.2751],
        [-0.1906,  0.1913],
        [-0.2929,  0.2921],
        [-0.0787,  0.0772],
        [-0.1067,  0.1073],
        [-0.2856,  0.2857],
        [-0.0557,  0.0553],
        [-0.1174,  0.1174],
        [-0.0886,  0.0882],
        [-0.1954,  0.1950],
        [-0.1567,  0.1577],
        [-0.1054,  0.1070],
        [-0.0664,  0.0674],
        [-0.0883,  0.0898]], device='cuda:0', requires_grad=True)
[009-050] Search: Model metrics  : loss=0.82, accuracy@1=70.98%, accuracy@5=97.88%, time-cost=1225.1 s
[009-050] Search: Architecture metrics  : loss=0.85, accuracy@1=70.02%, accuracy@5=97.73%
[009-050] Evaluation:  : loss=0.87, accuracy@1=68.75%, accuracy@5=97.82%
<<<--->>> The 009-050-th epoch : found the highest validation accuracy : 68.75%.
alpha 0 is Parameter containing:
tensor([[-0.2953,  0.2949],
        [-0.2724,  0.2732],
        [-0.2152,  0.2149],
        [-0.2204,  0.2206],
        [-0.1122,  0.1125],
        [-0.1925,  0.1922],
        [-0.1745,  0.1737],
        [-0.1062,  0.1074],
        [-0.0997,  0.0988],
        [-0.2231,  0.2240],
        [-0.1930,  0.1938],
        [-0.1146,  0.1156],
        [-0.0891,  0.0890],
        [-0.0881,  0.0867]], device='cuda:0', requires_grad=True)
alpha 1 is Parameter containing:
tensor([[-0.3010,  0.3041],
        [-0.2187,  0.2194],
        [-0.3165,  0.3156],
        [-0.0933,  0.0918],
        [-0.1310,  0.1315],
        [-0.3170,  0.3171],
        [-0.0638,  0.0633],
        [-0.1243,  0.1243],
        [-0.1067,  0.1063],
        [-0.2285,  0.2281],
        [-0.1699,  0.1709],
        [-0.1175,  0.1191],
        [-0.0681,  0.0690],
        [-0.0883,  0.0897]], device='cuda:0', requires_grad=True)
[010-050] Search: Model metrics  : loss=0.78, accuracy@1=72.76%, accuracy@5=98.16%, time-cost=1361.1 s
[010-050] Search: Architecture metrics  : loss=0.82, accuracy@1=71.02%, accuracy@5=97.93%
[010-050] Evaluation:  : loss=0.78, accuracy@1=72.52%, accuracy@5=98.03%
<<<--->>> The 010-050-th epoch : found the highest validation accuracy : 72.52%.
alpha 0 is Parameter containing:
tensor([[-0.3258,  0.3254],
        [-0.3019,  0.3026],
        [-0.2202,  0.2199],
        [-0.2523,  0.2525],
        [-0.1246,  0.1249],
        [-0.2061,  0.2059],
        [-0.1838,  0.1829],
        [-0.1083,  0.1095],
        [-0.1046,  0.1037],
        [-0.2423,  0.2431],
        [-0.2087,  0.2094],
        [-0.1313,  0.1322],
        [-0.1016,  0.1016],
        [-0.0979,  0.0965]], device='cuda:0', requires_grad=True)
alpha 1 is Parameter containing:
tensor([[-0.3192,  0.3223],
        [-0.2508,  0.2515],
        [-0.3443,  0.3434],
        [-0.1043,  0.1029],
        [-0.1408,  0.1413],
        [-0.3475,  0.3476],
        [-0.0690,  0.0686],
        [-0.1349,  0.1349],
        [-0.1267,  0.1263],
        [-0.2501,  0.2498],
        [-0.1854,  0.1864],
        [-0.1307,  0.1323],
        [-0.0704,  0.0713],
        [-0.0963,  0.0978]], device='cuda:0', requires_grad=True)
[011-050] Search: Model metrics  : loss=0.72, accuracy@1=74.23%, accuracy@5=98.45%, time-cost=1498.0 s
[011-050] Search: Architecture metrics  : loss=0.77, accuracy@1=73.04%, accuracy@5=98.15%
[011-050] Evaluation:  : loss=0.78, accuracy@1=72.41%, accuracy@5=98.24%
alpha 0 is Parameter containing:
tensor([[-0.3548,  0.3544],
        [-0.3292,  0.3300],
        [-0.2359,  0.2355],
        [-0.2611,  0.2614],
        [-0.1503,  0.1505],
        [-0.2200,  0.2198],
        [-0.1845,  0.1837],
        [-0.1147,  0.1160],
        [-0.1255,  0.1246],
        [-0.2575,  0.2583],
        [-0.2131,  0.2139],
        [-0.1424,  0.1433],
        [-0.1061,  0.1060],
        [-0.1024,  0.1010]], device='cuda:0', requires_grad=True)
alpha 1 is Parameter containing:
tensor([[-0.3477,  0.3508],
        [-0.2725,  0.2732],
        [-0.3574,  0.3565],
        [-0.1220,  0.1206],
        [-0.1776,  0.1781],
        [-0.3709,  0.3710],
        [-0.0774,  0.0769],
        [-0.1486,  0.1486],
        [-0.1437,  0.1433],
        [-0.2770,  0.2766],
        [-0.1818,  0.1827],
        [-0.1381,  0.1396],
        [-0.0690,  0.0700],
        [-0.1151,  0.1165]], device='cuda:0', requires_grad=True)
[012-050] Search: Model metrics  : loss=0.68, accuracy@1=76.04%, accuracy@5=98.71%, time-cost=1634.9 s
[012-050] Search: Architecture metrics  : loss=0.73, accuracy@1=74.50%, accuracy@5=98.29%
[012-050] Evaluation:  : loss=0.71, accuracy@1=75.26%, accuracy@5=98.54%
<<<--->>> The 012-050-th epoch : found the highest validation accuracy : 75.26%.
alpha 0 is Parameter containing:
tensor([[-0.3793,  0.3789],
        [-0.3624,  0.3632],
        [-0.2470,  0.2467],
        [-0.2827,  0.2830],
        [-0.1620,  0.1623],
        [-0.2199,  0.2197],
        [-0.1858,  0.1850],
        [-0.1275,  0.1288],
        [-0.1336,  0.1327],
        [-0.2651,  0.2659],
        [-0.2286,  0.2294],
        [-0.1676,  0.1685],
        [-0.1286,  0.1286],
        [-0.1015,  0.1002]], device='cuda:0', requires_grad=True)
alpha 1 is Parameter containing:
tensor([[-0.3809,  0.3839],
        [-0.2980,  0.2986],
        [-0.3818,  0.3809],
        [-0.1362,  0.1348],
        [-0.1916,  0.1921],
        [-0.4001,  0.4001],
        [-0.0825,  0.0821],
        [-0.1485,  0.1485],
        [-0.1587,  0.1583],
        [-0.2983,  0.2979],
        [-0.1881,  0.1891],
        [-0.1512,  0.1527],
        [-0.0748,  0.0758],
        [-0.1176,  0.1190]], device='cuda:0', requires_grad=True)
[013-050] Search: Model metrics  : loss=0.65, accuracy@1=77.50%, accuracy@5=98.72%, time-cost=1771.4 s
[013-050] Search: Architecture metrics  : loss=0.69, accuracy@1=75.93%, accuracy@5=98.49%
[013-050] Evaluation:  : loss=0.71, accuracy@1=75.13%, accuracy@5=98.57%
alpha 0 is Parameter containing:
tensor([[-0.4001,  0.3997],
        [-0.3919,  0.3927],
        [-0.2527,  0.2523],
        [-0.2925,  0.2928],
        [-0.1776,  0.1779],
        [-0.2204,  0.2201],
        [-0.1949,  0.1941],
        [-0.1468,  0.1480],
        [-0.1387,  0.1378],
        [-0.2648,  0.2656],
        [-0.2484,  0.2492],
        [-0.1855,  0.1864],
        [-0.1388,  0.1388],
        [-0.1051,  0.1038]], device='cuda:0', requires_grad=True)
alpha 1 is Parameter containing:
tensor([[-0.4038,  0.4068],
        [-0.3194,  0.3200],
        [-0.3931,  0.3923],
        [-0.1404,  0.1390],
        [-0.2120,  0.2125],
        [-0.4268,  0.4269],
        [-0.0957,  0.0952],
        [-0.1598,  0.1598],
        [-0.1762,  0.1758],
        [-0.3134,  0.3131],
        [-0.1968,  0.1978],
        [-0.1688,  0.1703],
        [-0.0805,  0.0814],
        [-0.1420,  0.1434]], device='cuda:0', requires_grad=True)
[014-050] Search: Model metrics  : loss=0.60, accuracy@1=78.96%, accuracy@5=98.96%, time-cost=1907.5 s
[014-050] Search: Architecture metrics  : loss=0.66, accuracy@1=77.08%, accuracy@5=98.60%
[014-050] Evaluation:  : loss=0.68, accuracy@1=76.88%, accuracy@5=98.40%
<<<--->>> The 014-050-th epoch : found the highest validation accuracy : 76.88%.
alpha 0 is Parameter containing:
tensor([[-0.4248,  0.4245],
        [-0.4171,  0.4179],
        [-0.2550,  0.2547],
        [-0.2946,  0.2949],
        [-0.1934,  0.1937],
        [-0.2275,  0.2272],
        [-0.1949,  0.1942],
        [-0.1530,  0.1542],
        [-0.1274,  0.1265],
        [-0.2631,  0.2639],
        [-0.2514,  0.2521],
        [-0.1986,  0.1995],
        [-0.1435,  0.1435],
        [-0.1138,  0.1125]], device='cuda:0', requires_grad=True)
alpha 1 is Parameter containing:
tensor([[-0.4333,  0.4363],
        [-0.3376,  0.3382],
        [-0.4020,  0.4011],
        [-0.1499,  0.1485],
        [-0.2306,  0.2311],
        [-0.4566,  0.4567],
        [-0.0999,  0.0995],
        [-0.1703,  0.1703],
        [-0.1887,  0.1883],
        [-0.3351,  0.3347],
        [-0.2068,  0.2078],
        [-0.1668,  0.1683],
        [-0.0833,  0.0842],
        [-0.1421,  0.1435]], device='cuda:0', requires_grad=True)
[015-050] Search: Model metrics  : loss=0.58, accuracy@1=79.79%, accuracy@5=98.90%, time-cost=2044.1 s
[015-050] Search: Architecture metrics  : loss=0.65, accuracy@1=77.68%, accuracy@5=98.59%
[015-050] Evaluation:  : loss=0.63, accuracy@1=78.40%, accuracy@5=98.77%
<<<--->>> The 015-050-th epoch : found the highest validation accuracy : 78.40%.
alpha 0 is Parameter containing:
tensor([[-0.4370,  0.4366],
        [-0.4353,  0.4361],
        [-0.2574,  0.2570],
        [-0.3021,  0.3024],
        [-0.2095,  0.2098],
        [-0.2354,  0.2352],
        [-0.2004,  0.1996],
        [-0.1612,  0.1624],
        [-0.1224,  0.1215],
        [-0.2569,  0.2577],
        [-0.2581,  0.2588],
        [-0.2101,  0.2110],
        [-0.1528,  0.1527],
        [-0.1310,  0.1297]], device='cuda:0', requires_grad=True)
alpha 1 is Parameter containing:
tensor([[-0.4632,  0.4661],
        [-0.3505,  0.3511],
        [-0.4160,  0.4151],
        [-0.1603,  0.1589],
        [-0.2474,  0.2480],
        [-0.4827,  0.4828],
        [-0.0953,  0.0949],
        [-0.1724,  0.1724],
        [-0.2020,  0.2016],
        [-0.3532,  0.3529],
        [-0.2011,  0.2020],
        [-0.1872,  0.1886],
        [-0.0793,  0.0802],
        [-0.1522,  0.1536]], device='cuda:0', requires_grad=True)
[016-050] Search: Model metrics  : loss=0.55, accuracy@1=80.79%, accuracy@5=99.12%, time-cost=2179.2 s
[016-050] Search: Architecture metrics  : loss=0.62, accuracy@1=78.58%, accuracy@5=98.79%
[016-050] Evaluation:  : loss=0.63, accuracy@1=78.76%, accuracy@5=98.68%
<<<--->>> The 016-050-th epoch : found the highest validation accuracy : 78.76%.
alpha 0 is Parameter containing:
tensor([[-0.4522,  0.4519],
        [-0.4481,  0.4488],
        [-0.2568,  0.2565],
        [-0.3160,  0.3163],
        [-0.2177,  0.2180],
        [-0.2458,  0.2456],
        [-0.1986,  0.1978],
        [-0.1730,  0.1742],
        [-0.1183,  0.1174],
        [-0.2638,  0.2646],
        [-0.2654,  0.2661],
        [-0.2058,  0.2067],
        [-0.1462,  0.1462],
        [-0.1332,  0.1319]], device='cuda:0', requires_grad=True)
alpha 1 is Parameter containing:
tensor([[-0.4854,  0.4883],
        [-0.3490,  0.3496],
        [-0.4270,  0.4261],
        [-0.1702,  0.1688],
        [-0.2600,  0.2605],
        [-0.5138,  0.5139],
        [-0.1055,  0.1051],
        [-0.1716,  0.1716],
        [-0.2035,  0.2031],
        [-0.3719,  0.3715],
        [-0.2024,  0.2033],
        [-0.1991,  0.2005],
        [-0.0826,  0.0834],
        [-0.1494,  0.1507]], device='cuda:0', requires_grad=True)
[017-050] Search: Model metrics  : loss=0.52, accuracy@1=82.07%, accuracy@5=99.15%, time-cost=2313.4 s
[017-050] Search: Architecture metrics  : loss=0.60, accuracy@1=79.40%, accuracy@5=98.84%
[017-050] Evaluation:  : loss=0.58, accuracy@1=79.78%, accuracy@5=99.00%
<<<--->>> The 017-050-th epoch : found the highest validation accuracy : 79.78%.
alpha 0 is Parameter containing:
tensor([[-0.4604,  0.4600],
        [-0.4620,  0.4627],
        [-0.2558,  0.2555],
        [-0.3224,  0.3226],
        [-0.2202,  0.2205],
        [-0.2572,  0.2570],
        [-0.1983,  0.1976],
        [-0.1770,  0.1782],
        [-0.1319,  0.1310],
        [-0.2668,  0.2676],
        [-0.2733,  0.2740],
        [-0.2156,  0.2164],
        [-0.1558,  0.1558],
        [-0.1338,  0.1325]], device='cuda:0', requires_grad=True)
alpha 1 is Parameter containing:
tensor([[-0.5077,  0.5106],
        [-0.3602,  0.3609],
        [-0.4332,  0.4324],
        [-0.1793,  0.1779],
        [-0.2700,  0.2705],
        [-0.5364,  0.5365],
        [-0.1028,  0.1024],
        [-0.1823,  0.1823],
        [-0.2185,  0.2182],
        [-0.3893,  0.3890],
        [-0.2033,  0.2042],
        [-0.2226,  0.2240],
        [-0.0874,  0.0883],
        [-0.1554,  0.1567]], device='cuda:0', requires_grad=True)
[018-050] Search: Model metrics  : loss=0.50, accuracy@1=82.79%, accuracy@5=99.31%, time-cost=2448.5 s
[018-050] Search: Architecture metrics  : loss=0.59, accuracy@1=79.95%, accuracy@5=98.93%
[018-050] Evaluation:  : loss=0.59, accuracy@1=79.68%, accuracy@5=98.86%
alpha 0 is Parameter containing:
tensor([[-0.4753,  0.4749],
        [-0.4762,  0.4770],
        [-0.2575,  0.2572],
        [-0.3390,  0.3393],
        [-0.2240,  0.2243],
        [-0.2529,  0.2527],
        [-0.1906,  0.1899],
        [-0.1765,  0.1777],
        [-0.1385,  0.1377],
        [-0.2750,  0.2757],
        [-0.2665,  0.2672],
        [-0.2276,  0.2285],
        [-0.1697,  0.1696],
        [-0.1457,  0.1444]], device='cuda:0', requires_grad=True)
alpha 1 is Parameter containing:
tensor([[-0.5400,  0.5429],
        [-0.3634,  0.3640],
        [-0.4261,  0.4253],
        [-0.1813,  0.1800],
        [-0.2943,  0.2948],
        [-0.5590,  0.5591],
        [-0.1016,  0.1012],
        [-0.1898,  0.1898],
        [-0.2271,  0.2268],
        [-0.4021,  0.4017],
        [-0.2013,  0.2022],
        [-0.2452,  0.2465],
        [-0.0914,  0.0923],
        [-0.1561,  0.1574]], device='cuda:0', requires_grad=True)
[019-050] Search: Model metrics  : loss=0.48, accuracy@1=83.23%, accuracy@5=99.33%, time-cost=2585.3 s
[019-050] Search: Architecture metrics  : loss=0.57, accuracy@1=80.34%, accuracy@5=98.93%
[019-050] Evaluation:  : loss=0.56, accuracy@1=80.61%, accuracy@5=99.08%
<<<--->>> The 019-050-th epoch : found the highest validation accuracy : 80.61%.
alpha 0 is Parameter containing:
tensor([[-0.4895,  0.4891],
        [-0.4879,  0.4886],
        [-0.2591,  0.2588],
        [-0.3490,  0.3493],
        [-0.2233,  0.2235],
        [-0.2600,  0.2598],
        [-0.1843,  0.1835],
        [-0.1719,  0.1730],
        [-0.1428,  0.1420],
        [-0.2816,  0.2824],
        [-0.2645,  0.2652],
        [-0.2366,  0.2375],
        [-0.1640,  0.1640],
        [-0.1525,  0.1513]], device='cuda:0', requires_grad=True)
alpha 1 is Parameter containing:
tensor([[-0.5657,  0.5685],
        [-0.3806,  0.3812],
        [-0.4521,  0.4514],
        [-0.1893,  0.1880],
        [-0.3071,  0.3076],
        [-0.5818,  0.5819],
        [-0.1079,  0.1075],
        [-0.2005,  0.2005],
        [-0.2333,  0.2329],
        [-0.4172,  0.4169],
        [-0.1947,  0.1956],
        [-0.2504,  0.2518],
        [-0.0849,  0.0858],
        [-0.1588,  0.1600]], device='cuda:0', requires_grad=True)
[020-050] Search: Model metrics  : loss=0.45, accuracy@1=84.12%, accuracy@5=99.34%, time-cost=2718.7 s
[020-050] Search: Architecture metrics  : loss=0.56, accuracy@1=80.99%, accuracy@5=99.02%
[020-050] Evaluation:  : loss=0.56, accuracy@1=80.64%, accuracy@5=99.06%
<<<--->>> The 020-050-th epoch : found the highest validation accuracy : 80.64%.
alpha 0 is Parameter containing:
tensor([[-0.4967,  0.4963],
        [-0.4907,  0.4915],
        [-0.2584,  0.2580],
        [-0.3453,  0.3456],
        [-0.2134,  0.2137],
        [-0.2744,  0.2741],
        [-0.1779,  0.1771],
        [-0.1634,  0.1645],
        [-0.1355,  0.1347],
        [-0.2812,  0.2819],
        [-0.2561,  0.2568],
        [-0.2389,  0.2397],
        [-0.1618,  0.1618],
        [-0.1620,  0.1607]], device='cuda:0', requires_grad=True)
alpha 1 is Parameter containing:
tensor([[-0.5821,  0.5850],
        [-0.3839,  0.3846],
        [-0.4748,  0.4740],
        [-0.1988,  0.1975],
        [-0.3205,  0.3210],
        [-0.5940,  0.5941],
        [-0.1045,  0.1041],
        [-0.2085,  0.2085],
        [-0.2453,  0.2449],
        [-0.4329,  0.4326],
        [-0.2032,  0.2041],
        [-0.2474,  0.2488],
        [-0.0759,  0.0767],
        [-0.1585,  0.1597]], device='cuda:0', requires_grad=True)
[021-050] Search: Model metrics  : loss=0.44, accuracy@1=84.75%, accuracy@5=99.43%, time-cost=2855.9 s
[021-050] Search: Architecture metrics  : loss=0.54, accuracy@1=81.41%, accuracy@5=99.06%
[021-050] Evaluation:  : loss=0.54, accuracy@1=81.60%, accuracy@5=99.08%
<<<--->>> The 021-050-th epoch : found the highest validation accuracy : 81.60%.
alpha 0 is Parameter containing:
tensor([[-0.5041,  0.5037],
        [-0.5017,  0.5025],
        [-0.2484,  0.2480],
        [-0.3477,  0.3480],
        [-0.2238,  0.2241],
        [-0.2786,  0.2783],
        [-0.1635,  0.1627],
        [-0.1654,  0.1665],
        [-0.1433,  0.1424],
        [-0.2787,  0.2795],
        [-0.2482,  0.2489],
        [-0.2411,  0.2419],
        [-0.1621,  0.1620],
        [-0.1619,  0.1607]], device='cuda:0', requires_grad=True)
alpha 1 is Parameter containing:
tensor([[-0.6024,  0.6052],
        [-0.3993,  0.3999],
        [-0.4799,  0.4791],
        [-0.2064,  0.2051],
        [-0.3418,  0.3423],
        [-0.6127,  0.6128],
        [-0.1110,  0.1106],
        [-0.2183,  0.2184],
        [-0.2577,  0.2574],
        [-0.4449,  0.4445],
        [-0.2120,  0.2128],
        [-0.2435,  0.2448],
        [-0.0705,  0.0713],
        [-0.1641,  0.1653]], device='cuda:0', requires_grad=True)
[022-050] Search: Model metrics  : loss=0.42, accuracy@1=85.26%, accuracy@5=99.46%, time-cost=2988.7 s
[022-050] Search: Architecture metrics  : loss=0.55, accuracy@1=81.26%, accuracy@5=98.97%
[022-050] Evaluation:  : loss=0.53, accuracy@1=81.97%, accuracy@5=99.17%
<<<--->>> The 022-050-th epoch : found the highest validation accuracy : 81.97%.
alpha 0 is Parameter containing:
tensor([[-0.5064,  0.5060],
        [-0.5124,  0.5131],
        [-0.2416,  0.2413],
        [-0.3369,  0.3372],
        [-0.2297,  0.2300],
        [-0.2699,  0.2696],
        [-0.1382,  0.1375],
        [-0.1669,  0.1681],
        [-0.1515,  0.1507],
        [-0.2885,  0.2892],
        [-0.2436,  0.2443],
        [-0.2413,  0.2421],
        [-0.1652,  0.1652],
        [-0.1711,  0.1698]], device='cuda:0', requires_grad=True)
alpha 1 is Parameter containing:
tensor([[-0.6288,  0.6316],
        [-0.4046,  0.4052],
        [-0.4921,  0.4913],
        [-0.2084,  0.2071],
        [-0.3387,  0.3392],
        [-0.6408,  0.6409],
        [-0.1255,  0.1251],
        [-0.2186,  0.2186],
        [-0.2638,  0.2635],
        [-0.4531,  0.4528],
        [-0.2059,  0.2068],
        [-0.2451,  0.2464],
        [-0.0726,  0.0735],
        [-0.1699,  0.1711]], device='cuda:0', requires_grad=True)
[023-050] Search: Model metrics  : loss=0.39, accuracy@1=86.09%, accuracy@5=99.53%, time-cost=3125.3 s
[023-050] Search: Architecture metrics  : loss=0.53, accuracy@1=82.11%, accuracy@5=99.13%
[023-050] Evaluation:  : loss=0.58, accuracy@1=80.85%, accuracy@5=98.94%
alpha 0 is Parameter containing:
tensor([[-0.5200,  0.5197],
        [-0.5128,  0.5135],
        [-0.2376,  0.2373],
        [-0.3335,  0.3338],
        [-0.2362,  0.2364],
        [-0.2627,  0.2624],
        [-0.1135,  0.1127],
        [-0.1548,  0.1559],
        [-0.1614,  0.1606],
        [-0.2828,  0.2836],
        [-0.2394,  0.2401],
        [-0.2462,  0.2470],
        [-0.1664,  0.1663],
        [-0.1727,  0.1715]], device='cuda:0', requires_grad=True)
alpha 1 is Parameter containing:
tensor([[-0.6451,  0.6479],
        [-0.4130,  0.4136],
        [-0.4992,  0.4985],
        [-0.2114,  0.2101],
        [-0.3360,  0.3365],
        [-0.6603,  0.6604],
        [-0.1310,  0.1306],
        [-0.2149,  0.2149],
        [-0.2677,  0.2674],
        [-0.4684,  0.4681],
        [-0.2149,  0.2157],
        [-0.2447,  0.2460],
        [-0.0665,  0.0673],
        [-0.1651,  0.1663]], device='cuda:0', requires_grad=True)
[024-050] Search: Model metrics  : loss=0.39, accuracy@1=86.53%, accuracy@5=99.52%, time-cost=3261.9 s
[024-050] Search: Architecture metrics  : loss=0.54, accuracy@1=82.30%, accuracy@5=99.01%
[024-050] Evaluation:  : loss=0.54, accuracy@1=81.89%, accuracy@5=99.05%
alpha 0 is Parameter containing:
tensor([[-0.5230,  0.5226],
        [-0.5173,  0.5180],
        [-0.2358,  0.2355],
        [-0.3183,  0.3186],
        [-0.2156,  0.2158],
        [-0.2596,  0.2593],
        [-0.0945,  0.0938],
        [-0.1485,  0.1496],
        [-0.1574,  0.1566],
        [-0.2742,  0.2749],
        [-0.2221,  0.2228],
        [-0.2372,  0.2380],
        [-0.1597,  0.1597],
        [-0.1680,  0.1668]], device='cuda:0', requires_grad=True)
alpha 1 is Parameter containing:
tensor([[-0.6571,  0.6599],
        [-0.4233,  0.4239],
        [-0.5086,  0.5079],
        [-0.2309,  0.2296],
        [-0.3396,  0.3401],
        [-0.6726,  0.6727],
        [-0.1384,  0.1380],
        [-0.2292,  0.2292],
        [-0.2738,  0.2734],
        [-0.4779,  0.4775],
        [-0.2199,  0.2208],
        [-0.2481,  0.2494],
        [-0.0705,  0.0713],
        [-0.1740,  0.1752]], device='cuda:0', requires_grad=True)
[025-050] Search: Model metrics  : loss=0.37, accuracy@1=87.26%, accuracy@5=99.64%, time-cost=3399.3 s
[025-050] Search: Architecture metrics  : loss=0.53, accuracy@1=82.37%, accuracy@5=99.06%
[025-050] Evaluation:  : loss=0.52, accuracy@1=82.61%, accuracy@5=99.22%
<<<--->>> The 025-050-th epoch : found the highest validation accuracy : 82.61%.
alpha 0 is Parameter containing:
tensor([[-0.5356,  0.5353],
        [-0.5255,  0.5263],
        [-0.2164,  0.2161],
        [-0.3071,  0.3073],
        [-0.2131,  0.2134],
        [-0.2643,  0.2641],
        [-0.0745,  0.0738],
        [-0.1446,  0.1457],
        [-0.1465,  0.1457],
        [-0.2596,  0.2603],
        [-0.1918,  0.1925],
        [-0.2384,  0.2392],
        [-0.1517,  0.1517],
        [-0.1748,  0.1736]], device='cuda:0', requires_grad=True)
alpha 1 is Parameter containing:
tensor([[-0.6739,  0.6767],
        [-0.4332,  0.4337],
        [-0.5162,  0.5155],
        [-0.2418,  0.2406],
        [-0.3392,  0.3397],
        [-0.6903,  0.6904],
        [-0.1496,  0.1492],
        [-0.2328,  0.2328],
        [-0.2761,  0.2758],
        [-0.4900,  0.4897],
        [-0.2259,  0.2267],
        [-0.2494,  0.2507],
        [-0.0795,  0.0803],
        [-0.1753,  0.1765]], device='cuda:0', requires_grad=True)
[026-050] Search: Model metrics  : loss=0.36, accuracy@1=87.53%, accuracy@5=99.61%, time-cost=3535.2 s
[026-050] Search: Architecture metrics  : loss=0.52, accuracy@1=82.87%, accuracy@5=99.12%
[026-050] Evaluation:  : loss=0.50, accuracy@1=83.26%, accuracy@5=99.18%
<<<--->>> The 026-050-th epoch : found the highest validation accuracy : 83.26%.
alpha 0 is Parameter containing:
tensor([[-0.5462,  0.5459],
        [-0.5213,  0.5220],
        [-0.2129,  0.2126],
        [-0.2920,  0.2923],
        [-0.1965,  0.1967],
        [-0.2523,  0.2520],
        [-0.0520,  0.0513],
        [-0.1450,  0.1461],
        [-0.1415,  0.1407],
        [-0.2477,  0.2485],
        [-0.1715,  0.1722],
        [-0.2335,  0.2343],
        [-0.1421,  0.1421],
        [-0.1867,  0.1855]], device='cuda:0', requires_grad=True)
alpha 1 is Parameter containing:
tensor([[-0.6954,  0.6980],
        [-0.4404,  0.4410],
        [-0.5295,  0.5288],
        [-0.2396,  0.2383],
        [-0.3566,  0.3571],
        [-0.7011,  0.7012],
        [-0.1584,  0.1580],
        [-0.2381,  0.2381],
        [-0.2880,  0.2877],
        [-0.4971,  0.4968],
        [-0.2299,  0.2308],
        [-0.2529,  0.2541],
        [-0.0868,  0.0875],
        [-0.1862,  0.1873]], device='cuda:0', requires_grad=True)
[027-050] Search: Model metrics  : loss=0.34, accuracy@1=88.05%, accuracy@5=99.66%, time-cost=3672.4 s
[027-050] Search: Architecture metrics  : loss=0.50, accuracy@1=83.20%, accuracy@5=99.20%
[027-050] Evaluation:  : loss=0.48, accuracy@1=83.91%, accuracy@5=99.34%
<<<--->>> The 027-050-th epoch : found the highest validation accuracy : 83.91%.
alpha 0 is Parameter containing:
tensor([[-0.5496,  0.5492],
        [-0.5303,  0.5311],
        [-0.1977,  0.1974],
        [-0.2852,  0.2855],
        [-0.1995,  0.1997],
        [-0.2489,  0.2486],
        [-0.0311,  0.0304],
        [-0.1366,  0.1377],
        [-0.1489,  0.1481],
        [-0.2395,  0.2402],
        [-0.1569,  0.1576],
        [-0.2317,  0.2325],
        [-0.1295,  0.1295],
        [-0.1788,  0.1776]], device='cuda:0', requires_grad=True)
alpha 1 is Parameter containing:
tensor([[-0.7012,  0.7038],
        [-0.4501,  0.4506],
        [-0.5344,  0.5337],
        [-0.2399,  0.2387],
        [-0.3535,  0.3540],
        [-0.7236,  0.7237],
        [-0.1584,  0.1580],
        [-0.2449,  0.2449],
        [-0.2925,  0.2922],
        [-0.5139,  0.5136],
        [-0.2397,  0.2405],
        [-0.2701,  0.2713],
        [-0.0863,  0.0870],
        [-0.1915,  0.1927]], device='cuda:0', requires_grad=True)
[028-050] Search: Model metrics  : loss=0.32, accuracy@1=88.53%, accuracy@5=99.66%, time-cost=3806.9 s
[028-050] Search: Architecture metrics  : loss=0.50, accuracy@1=83.34%, accuracy@5=99.16%
[028-050] Evaluation:  : loss=0.49, accuracy@1=83.74%, accuracy@5=99.25%
alpha 0 is Parameter containing:
tensor([[-0.5520,  0.5517],
        [-0.5272,  0.5279],
        [-0.1938,  0.1935],
        [-0.2763,  0.2766],
        [-0.1973,  0.1976],
        [-0.2466,  0.2464],
        [-0.0144,  0.0137],
        [-0.1351,  0.1362],
        [-0.1422,  0.1414],
        [-0.2279,  0.2287],
        [-0.1394,  0.1400],
        [-0.2330,  0.2337],
        [-0.1283,  0.1283],
        [-0.1880,  0.1868]], device='cuda:0', requires_grad=True)
alpha 1 is Parameter containing:
tensor([[-0.7083,  0.7109],
        [-0.4636,  0.4642],
        [-0.5444,  0.5436],
        [-0.2570,  0.2558],
        [-0.3452,  0.3457],
        [-0.7493,  0.7494],
        [-0.1596,  0.1592],
        [-0.2462,  0.2462],
        [-0.3025,  0.3022],
        [-0.5204,  0.5201],
        [-0.2469,  0.2477],
        [-0.2624,  0.2636],
        [-0.0869,  0.0876],
        [-0.2046,  0.2058]], device='cuda:0', requires_grad=True)
[029-050] Search: Model metrics  : loss=0.31, accuracy@1=89.00%, accuracy@5=99.75%, time-cost=3942.5 s
[029-050] Search: Architecture metrics  : loss=0.49, accuracy@1=83.71%, accuracy@5=99.34%
[029-050] Evaluation:  : loss=0.50, accuracy@1=83.80%, accuracy@5=99.27%
alpha 0 is Parameter containing:
tensor([[-0.5564,  0.5560],
        [-0.5246,  0.5253],
        [-0.1784,  0.1781],
        [-0.2778,  0.2781],
        [-0.2084,  0.2087],
        [-0.2360,  0.2358],
        [ 0.0070, -0.0077],
        [-0.1286,  0.1296],
        [-0.1428,  0.1420],
        [-0.2167,  0.2174],
        [-0.1315,  0.1321],
        [-0.2248,  0.2256],
        [-0.1156,  0.1156],
        [-0.1946,  0.1935]], device='cuda:0', requires_grad=True)
alpha 1 is Parameter containing:
tensor([[-0.7191,  0.7217],
        [-0.4762,  0.4768],
        [-0.5498,  0.5491],
        [-0.2720,  0.2707],
        [-0.3538,  0.3543],
        [-0.7615,  0.7616],
        [-0.1762,  0.1758],
        [-0.2558,  0.2558],
        [-0.2985,  0.2981],
        [-0.5262,  0.5259],
        [-0.2416,  0.2424],
        [-0.2654,  0.2666],
        [-0.0758,  0.0765],
        [-0.1877,  0.1889]], device='cuda:0', requires_grad=True)
[030-050] Search: Model metrics  : loss=0.29, accuracy@1=89.71%, accuracy@5=99.78%, time-cost=4078.0 s
[030-050] Search: Architecture metrics  : loss=0.48, accuracy@1=84.43%, accuracy@5=99.27%
[030-050] Evaluation:  : loss=0.46, accuracy@1=84.51%, accuracy@5=99.34%
<<<--->>> The 030-050-th epoch : found the highest validation accuracy : 84.51%.
alpha 0 is Parameter containing:
tensor([[-0.5596,  0.5592],
        [-0.5192,  0.5199],
        [-0.1794,  0.1791],
        [-0.2558,  0.2561],
        [-0.1972,  0.1975],
        [-0.2346,  0.2344],
        [ 0.0245, -0.0253],
        [-0.1150,  0.1160],
        [-0.1298,  0.1290],
        [-0.2284,  0.2291],
        [-0.1089,  0.1096],
        [-0.2096,  0.2104],
        [-0.1077,  0.1076],
        [-0.1836,  0.1824]], device='cuda:0', requires_grad=True)
alpha 1 is Parameter containing:
tensor([[-0.7281,  0.7307],
        [-0.4860,  0.4865],
        [-0.5490,  0.5483],
        [-0.2956,  0.2944],
        [-0.3578,  0.3583],
        [-0.7753,  0.7754],
        [-0.1875,  0.1871],
        [-0.2565,  0.2565],
        [-0.2940,  0.2937],
        [-0.5276,  0.5273],
        [-0.2474,  0.2482],
        [-0.2788,  0.2800],
        [-0.0697,  0.0704],
        [-0.1906,  0.1917]], device='cuda:0', requires_grad=True)
[031-050] Search: Model metrics  : loss=0.28, accuracy@1=90.25%, accuracy@5=99.78%, time-cost=4211.7 s
[031-050] Search: Architecture metrics  : loss=0.48, accuracy@1=84.40%, accuracy@5=99.35%
[031-050] Evaluation:  : loss=0.47, accuracy@1=84.76%, accuracy@5=99.34%
<<<--->>> The 031-050-th epoch : found the highest validation accuracy : 84.76%.
alpha 0 is Parameter containing:
tensor([[-0.5632,  0.5629],
        [-0.5140,  0.5147],
        [-0.1720,  0.1717],
        [-0.2280,  0.2282],
        [-0.1827,  0.1830],
        [-0.2368,  0.2366],
        [ 0.0467, -0.0474],
        [-0.0968,  0.0979],
        [-0.1183,  0.1175],
        [-0.2308,  0.2315],
        [-0.0904,  0.0911],
        [-0.2034,  0.2041],
        [-0.0895,  0.0895],
        [-0.1744,  0.1733]], device='cuda:0', requires_grad=True)
alpha 1 is Parameter containing:
tensor([[-0.7404,  0.7429],
        [-0.4977,  0.4983],
        [-0.5517,  0.5510],
        [-0.2985,  0.2973],
        [-0.3610,  0.3614],
        [-0.7920,  0.7921],
        [-0.1900,  0.1896],
        [-0.2713,  0.2713],
        [-0.2861,  0.2858],
        [-0.5391,  0.5388],
        [-0.2545,  0.2552],
        [-0.2806,  0.2818],
        [-0.0685,  0.0692],
        [-0.1926,  0.1937]], device='cuda:0', requires_grad=True)
[032-050] Search: Model metrics  : loss=0.27, accuracy@1=90.60%, accuracy@5=99.78%, time-cost=4347.5 s
[032-050] Search: Architecture metrics  : loss=0.48, accuracy@1=84.30%, accuracy@5=99.35%
[032-050] Evaluation:  : loss=0.47, accuracy@1=84.96%, accuracy@5=99.33%
<<<--->>> The 032-050-th epoch : found the highest validation accuracy : 84.96%.
alpha 0 is Parameter containing:
tensor([[-0.5630,  0.5627],
        [-0.5277,  0.5284],
        [-0.1574,  0.1571],
        [-0.2112,  0.2115],
        [-0.1797,  0.1799],
        [-0.2230,  0.2228],
        [ 0.0658, -0.0666],
        [-0.0811,  0.0821],
        [-0.0953,  0.0945],
        [-0.2274,  0.2281],
        [-0.0750,  0.0756],
        [-0.1950,  0.1958],
        [-0.0797,  0.0796],
        [-0.1828,  0.1816]], device='cuda:0', requires_grad=True)
alpha 1 is Parameter containing:
tensor([[-0.7528,  0.7553],
        [-0.5005,  0.5010],
        [-0.5658,  0.5651],
        [-0.3159,  0.3147],
        [-0.3486,  0.3490],
        [-0.7989,  0.7990],
        [-0.2021,  0.2017],
        [-0.2675,  0.2675],
        [-0.2849,  0.2846],
        [-0.5587,  0.5584],
        [-0.2587,  0.2595],
        [-0.2726,  0.2737],
        [-0.0627,  0.0634],
        [-0.1907,  0.1918]], device='cuda:0', requires_grad=True)
[033-050] Search: Model metrics  : loss=0.26, accuracy@1=90.97%, accuracy@5=99.86%, time-cost=4483.7 s
[033-050] Search: Architecture metrics  : loss=0.47, accuracy@1=84.98%, accuracy@5=99.34%
[033-050] Evaluation:  : loss=0.48, accuracy@1=84.34%, accuracy@5=99.26%
alpha 0 is Parameter containing:
tensor([[-0.5538,  0.5535],
        [-0.5335,  0.5342],
        [-0.1438,  0.1435],
        [-0.1957,  0.1959],
        [-0.1667,  0.1670],
        [-0.2145,  0.2143],
        [ 0.0731, -0.0738],
        [-0.0618,  0.0628],
        [-0.0849,  0.0841],
        [-0.2124,  0.2131],
        [-0.0533,  0.0539],
        [-0.1848,  0.1855],
        [-0.0684,  0.0683],
        [-0.1890,  0.1878]], device='cuda:0', requires_grad=True)
alpha 1 is Parameter containing:
tensor([[-0.7655,  0.7680],
        [-0.5012,  0.5018],
        [-0.5777,  0.5770],
        [-0.3237,  0.3225],
        [-0.3438,  0.3442],
        [-0.7978,  0.7978],
        [-0.2078,  0.2075],
        [-0.2835,  0.2835],
        [-0.2787,  0.2784],
        [-0.5664,  0.5661],
        [-0.2674,  0.2682],
        [-0.2757,  0.2769],
        [-0.0787,  0.0794],
        [-0.1913,  0.1924]], device='cuda:0', requires_grad=True)
[034-050] Search: Model metrics  : loss=0.24, accuracy@1=91.43%, accuracy@5=99.84%, time-cost=4619.9 s
[034-050] Search: Architecture metrics  : loss=0.48, accuracy@1=84.42%, accuracy@5=99.33%
[034-050] Evaluation:  : loss=0.47, accuracy@1=84.76%, accuracy@5=99.26%
alpha 0 is Parameter containing:
tensor([[-0.5551,  0.5547],
        [-0.5344,  0.5351],
        [-0.1379,  0.1376],
        [-0.1692,  0.1694],
        [-0.1592,  0.1595],
        [-0.2050,  0.2048],
        [ 0.0944, -0.0951],
        [-0.0482,  0.0492],
        [-0.0634,  0.0626],
        [-0.2077,  0.2084],
        [-0.0428,  0.0435],
        [-0.1625,  0.1632],
        [-0.0558,  0.0558],
        [-0.1830,  0.1819]], device='cuda:0', requires_grad=True)
alpha 1 is Parameter containing:
tensor([[-0.7653,  0.7678],
        [-0.5269,  0.5274],
        [-0.5819,  0.5812],
        [-0.3365,  0.3353],
        [-0.3447,  0.3452],
        [-0.8066,  0.8067],
        [-0.2185,  0.2181],
        [-0.2810,  0.2810],
        [-0.2893,  0.2890],
        [-0.5774,  0.5771],
        [-0.2690,  0.2698],
        [-0.2838,  0.2849],
        [-0.0781,  0.0788],
        [-0.1806,  0.1816]], device='cuda:0', requires_grad=True)
[035-050] Search: Model metrics  : loss=0.23, accuracy@1=91.86%, accuracy@5=99.88%, time-cost=4756.8 s
[035-050] Search: Architecture metrics  : loss=0.47, accuracy@1=84.68%, accuracy@5=99.39%
[035-050] Evaluation:  : loss=0.47, accuracy@1=84.84%, accuracy@5=99.42%
alpha 0 is Parameter containing:
tensor([[-0.5548,  0.5545],
        [-0.5302,  0.5309],
        [-0.1320,  0.1317],
        [-0.1477,  0.1480],
        [-0.1600,  0.1602],
        [-0.1905,  0.1902],
        [ 0.1147, -0.1154],
        [-0.0308,  0.0318],
        [-0.0523,  0.0515],
        [-0.2025,  0.2032],
        [-0.0217,  0.0223],
        [-0.1478,  0.1485],
        [-0.0408,  0.0408],
        [-0.1837,  0.1826]], device='cuda:0', requires_grad=True)
alpha 1 is Parameter containing:
tensor([[-0.7791,  0.7816],
        [-0.5339,  0.5344],
        [-0.5977,  0.5970],
        [-0.3453,  0.3442],
        [-0.3452,  0.3457],
        [-0.8133,  0.8133],
        [-0.2354,  0.2351],
        [-0.2775,  0.2775],
        [-0.2890,  0.2887],
        [-0.5817,  0.5814],
        [-0.2772,  0.2779],
        [-0.2711,  0.2722],
        [-0.0765,  0.0772],
        [-0.1806,  0.1816]], device='cuda:0', requires_grad=True)
[036-050] Search: Model metrics  : loss=0.21, accuracy@1=92.38%, accuracy@5=99.86%, time-cost=4892.8 s
[036-050] Search: Architecture metrics  : loss=0.47, accuracy@1=84.89%, accuracy@5=99.40%
[036-050] Evaluation:  : loss=0.47, accuracy@1=85.12%, accuracy@5=99.38%
<<<--->>> The 036-050-th epoch : found the highest validation accuracy : 85.12%.
alpha 0 is Parameter containing:
tensor([[-0.5530,  0.5527],
        [-0.5293,  0.5300],
        [-0.1199,  0.1196],
        [-0.1307,  0.1309],
        [-0.1591,  0.1594],
        [-0.1812,  0.1810],
        [ 0.1346, -0.1353],
        [-0.0216,  0.0226],
        [-0.0344,  0.0336],
        [-0.1909,  0.1916],
        [-0.0057,  0.0063],
        [-0.1381,  0.1389],
        [-0.0270,  0.0269],
        [-0.1616,  0.1605]], device='cuda:0', requires_grad=True)
alpha 1 is Parameter containing:
tensor([[-0.7971,  0.7996],
        [-0.5319,  0.5324],
        [-0.6093,  0.6086],
        [-0.3570,  0.3558],
        [-0.3437,  0.3441],
        [-0.8267,  0.8267],
        [-0.2386,  0.2383],
        [-0.2891,  0.2891],
        [-0.2947,  0.2944],
        [-0.5828,  0.5825],
        [-0.2768,  0.2776],
        [-0.2773,  0.2784],
        [-0.0711,  0.0718],
        [-0.1839,  0.1849]], device='cuda:0', requires_grad=True)
[037-050] Search: Model metrics  : loss=0.21, accuracy@1=92.91%, accuracy@5=99.91%, time-cost=5026.6 s
[037-050] Search: Architecture metrics  : loss=0.45, accuracy@1=85.58%, accuracy@5=99.37%
[037-050] Evaluation:  : loss=0.44, accuracy@1=85.92%, accuracy@5=99.51%
<<<--->>> The 037-050-th epoch : found the highest validation accuracy : 85.92%.
alpha 0 is Parameter containing:
tensor([[-0.5650,  0.5647],
        [-0.5350,  0.5356],
        [-0.1079,  0.1076],
        [-0.1143,  0.1145],
        [-0.1499,  0.1502],
        [-0.1715,  0.1713],
        [ 0.1666, -0.1673],
        [ 0.0052, -0.0042],
        [-0.0102,  0.0095],
        [-0.1796,  0.1803],
        [ 0.0086, -0.0080],
        [-0.1142,  0.1149],
        [-0.0121,  0.0121],
        [-0.1611,  0.1600]], device='cuda:0', requires_grad=True)
alpha 1 is Parameter containing:
tensor([[-0.8036,  0.8060],
        [-0.5350,  0.5355],
        [-0.6068,  0.6061],
        [-0.3684,  0.3673],
        [-0.3484,  0.3488],
        [-0.8374,  0.8374],
        [-0.2518,  0.2515],
        [-0.2838,  0.2838],
        [-0.2905,  0.2902],
        [-0.5909,  0.5906],
        [-0.2783,  0.2790],
        [-0.2752,  0.2763],
        [-0.0577,  0.0584],
        [-0.1750,  0.1760]], device='cuda:0', requires_grad=True)
[038-050] Search: Model metrics  : loss=0.19, accuracy@1=92.94%, accuracy@5=99.92%, time-cost=5160.9 s
[038-050] Search: Architecture metrics  : loss=0.46, accuracy@1=85.27%, accuracy@5=99.38%
[038-050] Evaluation:  : loss=0.45, accuracy@1=85.72%, accuracy@5=99.46%
alpha 0 is Parameter containing:
tensor([[-0.5609,  0.5606],
        [-0.5331,  0.5338],
        [-0.0940,  0.0937],
        [-0.0964,  0.0967],
        [-0.1468,  0.1470],
        [-0.1613,  0.1611],
        [ 0.1899, -0.1906],
        [ 0.0136, -0.0126],
        [ 0.0076, -0.0083],
        [-0.1640,  0.1648],
        [ 0.0371, -0.0365],
        [-0.1057,  0.1065],
        [ 0.0087, -0.0087],
        [-0.1591,  0.1581]], device='cuda:0', requires_grad=True)
alpha 1 is Parameter containing:
tensor([[-0.7986,  0.8009],
        [-0.5472,  0.5477],
        [-0.6104,  0.6098],
        [-0.3731,  0.3719],
        [-0.3650,  0.3654],
        [-0.8487,  0.8488],
        [-0.2695,  0.2691],
        [-0.2860,  0.2860],
        [-0.2920,  0.2918],
        [-0.5890,  0.5887],
        [-0.2791,  0.2798],
        [-0.2814,  0.2825],
        [-0.0601,  0.0608],
        [-0.1734,  0.1745]], device='cuda:0', requires_grad=True)
[039-050] Search: Model metrics  : loss=0.18, accuracy@1=93.60%, accuracy@5=99.92%, time-cost=5294.2 s
[039-050] Search: Architecture metrics  : loss=0.48, accuracy@1=85.15%, accuracy@5=99.35%
[039-050] Evaluation:  : loss=0.45, accuracy@1=85.78%, accuracy@5=99.42%
alpha 0 is Parameter containing:
tensor([[-0.5587,  0.5584],
        [-0.5311,  0.5318],
        [-0.0711,  0.0708],
        [-0.0831,  0.0834],
        [-0.1426,  0.1429],
        [-0.1492,  0.1490],
        [ 0.2215, -0.2222],
        [ 0.0355, -0.0345],
        [ 0.0329, -0.0336],
        [-0.1549,  0.1557],
        [ 0.0596, -0.0590],
        [-0.0914,  0.0922],
        [ 0.0297, -0.0297],
        [-0.1491,  0.1480]], device='cuda:0', requires_grad=True)
alpha 1 is Parameter containing:
tensor([[-0.8075,  0.8098],
        [-0.5453,  0.5458],
        [-0.6234,  0.6228],
        [-0.3921,  0.3910],
        [-0.3685,  0.3689],
        [-0.8585,  0.8586],
        [-0.2739,  0.2736],
        [-0.2868,  0.2868],
        [-0.2982,  0.2980],
        [-0.5877,  0.5874],
        [-0.2781,  0.2788],
        [-0.2848,  0.2859],
        [-0.0604,  0.0610],
        [-0.1763,  0.1773]], device='cuda:0', requires_grad=True)
[040-050] Search: Model metrics  : loss=0.17, accuracy@1=94.10%, accuracy@5=99.93%, time-cost=5428.1 s
[040-050] Search: Architecture metrics  : loss=0.47, accuracy@1=85.48%, accuracy@5=99.34%
[040-050] Evaluation:  : loss=0.45, accuracy@1=86.13%, accuracy@5=99.40%
<<<--->>> The 040-050-th epoch : found the highest validation accuracy : 86.13%.
alpha 0 is Parameter containing:
tensor([[-0.5589,  0.5585],
        [-0.5282,  0.5289],
        [-0.0669,  0.0666],
        [-0.0682,  0.0684],
        [-0.1206,  0.1209],
        [-0.1280,  0.1278],
        [ 0.2467, -0.2474],
        [ 0.0547, -0.0537],
        [ 0.0553, -0.0560],
        [-0.1381,  0.1389],
        [ 0.0793, -0.0787],
        [-0.0657,  0.0664],
        [ 0.0623, -0.0623],
        [-0.1397,  0.1387]], device='cuda:0', requires_grad=True)
alpha 1 is Parameter containing:
tensor([[-0.8183,  0.8206],
        [-0.5483,  0.5488],
        [-0.6346,  0.6340],
        [-0.4044,  0.4032],
        [-0.3590,  0.3594],
        [-0.8605,  0.8606],
        [-0.2685,  0.2682],
        [-0.2825,  0.2825],
        [-0.2919,  0.2916],
        [-0.6029,  0.6027],
        [-0.2765,  0.2772],
        [-0.2817,  0.2827],
        [-0.0570,  0.0577],
        [-0.1728,  0.1739]], device='cuda:0', requires_grad=True)
[041-050] Search: Model metrics  : loss=0.17, accuracy@1=94.01%, accuracy@5=99.92%, time-cost=5564.0 s
[041-050] Search: Architecture metrics  : loss=0.47, accuracy@1=85.53%, accuracy@5=99.36%
[041-050] Evaluation:  : loss=0.43, accuracy@1=86.54%, accuracy@5=99.50%
<<<--->>> The 041-050-th epoch : found the highest validation accuracy : 86.54%.
alpha 0 is Parameter containing:
tensor([[-0.5378,  0.5375],
        [-0.5312,  0.5319],
        [-0.0562,  0.0559],
        [-0.0522,  0.0524],
        [-0.0939,  0.0942],
        [-0.1318,  0.1316],
        [ 0.2633, -0.2639],
        [ 0.0773, -0.0764],
        [ 0.0777, -0.0784],
        [-0.1363,  0.1370],
        [ 0.1012, -0.1005],
        [-0.0581,  0.0588],
        [ 0.0862, -0.0863],
        [-0.1294,  0.1283]], device='cuda:0', requires_grad=True)
alpha 1 is Parameter containing:
tensor([[-0.8313,  0.8336],
        [-0.5609,  0.5614],
        [-0.6391,  0.6384],
        [-0.4027,  0.4016],
        [-0.3677,  0.3681],
        [-0.8730,  0.8730],
        [-0.2729,  0.2726],
        [-0.2759,  0.2759],
        [-0.2882,  0.2879],
        [-0.6128,  0.6125],
        [-0.2967,  0.2974],
        [-0.2909,  0.2919],
        [-0.0378,  0.0385],
        [-0.1695,  0.1705]], device='cuda:0', requires_grad=True)
[042-050] Search: Model metrics  : loss=0.17, accuracy@1=94.07%, accuracy@5=99.94%, time-cost=5701.1 s
[042-050] Search: Architecture metrics  : loss=0.47, accuracy@1=85.62%, accuracy@5=99.37%
[042-050] Evaluation:  : loss=0.44, accuracy@1=86.38%, accuracy@5=99.48%
alpha 0 is Parameter containing:
tensor([[-0.5364,  0.5361],
        [-0.5283,  0.5290],
        [-0.0480,  0.0477],
        [-0.0346,  0.0348],
        [-0.0818,  0.0820],
        [-0.1212,  0.1209],
        [ 0.2799, -0.2806],
        [ 0.0884, -0.0875],
        [ 0.1025, -0.1032],
        [-0.1091,  0.1098],
        [ 0.1224, -0.1218],
        [-0.0498,  0.0505],
        [ 0.1112, -0.1112],
        [-0.1156,  0.1145]], device='cuda:0', requires_grad=True)
alpha 1 is Parameter containing:
tensor([[-0.8369,  0.8392],
        [-0.5816,  0.5821],
        [-0.6411,  0.6405],
        [-0.4222,  0.4211],
        [-0.3722,  0.3726],
        [-0.8686,  0.8686],
        [-0.2684,  0.2680],
        [-0.2884,  0.2884],
        [-0.2782,  0.2780],
        [-0.6167,  0.6164],
        [-0.3137,  0.3144],
        [-0.2938,  0.2949],
        [-0.0319,  0.0326],
        [-0.1692,  0.1702]], device='cuda:0', requires_grad=True)
[043-050] Search: Model metrics  : loss=0.16, accuracy@1=94.56%, accuracy@5=99.97%, time-cost=5836.3 s
[043-050] Search: Architecture metrics  : loss=0.47, accuracy@1=86.04%, accuracy@5=99.33%
[043-050] Evaluation:  : loss=0.44, accuracy@1=86.55%, accuracy@5=99.39%
<<<--->>> The 043-050-th epoch : found the highest validation accuracy : 86.55%.
alpha 0 is Parameter containing:
tensor([[-0.5342,  0.5339],
        [-0.5360,  0.5367],
        [-0.0384,  0.0381],
        [-0.0155,  0.0158],
        [-0.0687,  0.0689],
        [-0.1121,  0.1118],
        [ 0.3022, -0.3029],
        [ 0.1052, -0.1042],
        [ 0.1271, -0.1278],
        [-0.0955,  0.0962],
        [ 0.1371, -0.1365],
        [-0.0295,  0.0302],
        [ 0.1342, -0.1342],
        [-0.1032,  0.1022]], device='cuda:0', requires_grad=True)
alpha 1 is Parameter containing:
tensor([[-0.8356,  0.8378],
        [-0.5873,  0.5878],
        [-0.6357,  0.6350],
        [-0.4274,  0.4263],
        [-0.3814,  0.3818],
        [-0.8733,  0.8734],
        [-0.2728,  0.2724],
        [-0.2920,  0.2920],
        [-0.2720,  0.2717],
        [-0.6271,  0.6268],
        [-0.3262,  0.3269],
        [-0.2981,  0.2991],
        [-0.0223,  0.0230],
        [-0.1612,  0.1622]], device='cuda:0', requires_grad=True)
[044-050] Search: Model metrics  : loss=0.16, accuracy@1=94.47%, accuracy@5=99.96%, time-cost=5970.6 s
[044-050] Search: Architecture metrics  : loss=0.46, accuracy@1=85.98%, accuracy@5=99.41%
[044-050] Evaluation:  : loss=0.44, accuracy@1=86.61%, accuracy@5=99.45%
<<<--->>> The 044-050-th epoch : found the highest validation accuracy : 86.61%.
alpha 0 is Parameter containing:
tensor([[-0.5362,  0.5359],
        [-0.5373,  0.5379],
        [-0.0364,  0.0361],
        [-0.0014,  0.0017],
        [-0.0387,  0.0389],
        [-0.1127,  0.1124],
        [ 0.3161, -0.3168],
        [ 0.1310, -0.1300],
        [ 0.1488, -0.1496],
        [-0.0906,  0.0913],
        [ 0.1438, -0.1432],
        [-0.0073,  0.0080],
        [ 0.1620, -0.1620],
        [-0.0916,  0.0906]], device='cuda:0', requires_grad=True)
alpha 1 is Parameter containing:
tensor([[-0.8478,  0.8500],
        [-0.5938,  0.5943],
        [-0.6524,  0.6518],
        [-0.4326,  0.4315],
        [-0.3738,  0.3741],
        [-0.8932,  0.8933],
        [-0.2709,  0.2705],
        [-0.2896,  0.2896],
        [-0.2754,  0.2751],
        [-0.6381,  0.6378],
        [-0.3248,  0.3255],
        [-0.3027,  0.3037],
        [-0.0147,  0.0154],
        [-0.1454,  0.1464]], device='cuda:0', requires_grad=True)
[045-050] Search: Model metrics  : loss=0.14, accuracy@1=95.10%, accuracy@5=99.96%, time-cost=6107.3 s
[045-050] Search: Architecture metrics  : loss=0.46, accuracy@1=86.09%, accuracy@5=99.43%
[045-050] Evaluation:  : loss=0.44, accuracy@1=86.77%, accuracy@5=99.46%
<<<--->>> The 045-050-th epoch : found the highest validation accuracy : 86.77%.
alpha 0 is Parameter containing:
tensor([[-0.5342,  0.5339],
        [-0.5347,  0.5353],
        [-0.0291,  0.0288],
        [ 0.0118, -0.0116],
        [-0.0257,  0.0259],
        [-0.1131,  0.1129],
        [ 0.3308, -0.3315],
        [ 0.1576, -0.1566],
        [ 0.1616, -0.1623],
        [-0.0808,  0.0815],
        [ 0.1482, -0.1476],
        [ 0.0087, -0.0080],
        [ 0.1682, -0.1682],
        [-0.0850,  0.0839]], device='cuda:0', requires_grad=True)
alpha 1 is Parameter containing:
tensor([[-0.8628,  0.8650],
        [-0.5867,  0.5872],
        [-0.6540,  0.6534],
        [-0.4283,  0.4272],
        [-0.3811,  0.3815],
        [-0.9177,  0.9177],
        [-0.2732,  0.2729],
        [-0.2891,  0.2891],
        [-0.2624,  0.2621],
        [-0.6456,  0.6454],
        [-0.3226,  0.3233],
        [-0.3173,  0.3183],
        [-0.0206,  0.0213],
        [-0.1410,  0.1420]], device='cuda:0', requires_grad=True)
[046-050] Search: Model metrics  : loss=0.14, accuracy@1=95.16%, accuracy@5=99.96%, time-cost=6244.1 s
[046-050] Search: Architecture metrics  : loss=0.47, accuracy@1=86.07%, accuracy@5=99.44%
[046-050] Evaluation:  : loss=0.44, accuracy@1=86.66%, accuracy@5=99.49%
alpha 0 is Parameter containing:
tensor([[-0.5295,  0.5291],
        [-0.5246,  0.5252],
        [-0.0220,  0.0217],
        [ 0.0221, -0.0218],
        [-0.0128,  0.0131],
        [-0.1032,  0.1030],
        [ 0.3471, -0.3478],
        [ 0.1763, -0.1754],
        [ 0.1811, -0.1819],
        [-0.0673,  0.0680],
        [ 0.1619, -0.1613],
        [ 0.0125, -0.0118],
        [ 0.1909, -0.1910],
        [-0.0774,  0.0764]], device='cuda:0', requires_grad=True)
alpha 1 is Parameter containing:
tensor([[-0.8799,  0.8821],
        [-0.5814,  0.5819],
        [-0.6666,  0.6661],
        [-0.4394,  0.4384],
        [-0.3844,  0.3848],
        [-0.9152,  0.9153],
        [-0.2874,  0.2870],
        [-0.2782,  0.2782],
        [-0.2586,  0.2584],
        [-0.6466,  0.6464],
        [-0.3299,  0.3306],
        [-0.3197,  0.3207],
        [-0.0199,  0.0205],
        [-0.1317,  0.1327]], device='cuda:0', requires_grad=True)
[047-050] Search: Model metrics  : loss=0.14, accuracy@1=95.07%, accuracy@5=99.95%, time-cost=6379.4 s
[047-050] Search: Architecture metrics  : loss=0.46, accuracy@1=86.06%, accuracy@5=99.44%
[047-050] Evaluation:  : loss=0.43, accuracy@1=86.74%, accuracy@5=99.46%
alpha 0 is Parameter containing:
tensor([[-0.5189,  0.5186],
        [-0.5256,  0.5262],
        [-0.0172,  0.0169],
        [ 0.0271, -0.0269],
        [ 0.0017, -0.0014],
        [-0.0950,  0.0948],
        [ 0.3583, -0.3590],
        [ 0.1826, -0.1817],
        [ 0.2008, -0.2015],
        [-0.0664,  0.0671],
        [ 0.1794, -0.1788],
        [ 0.0235, -0.0228],
        [ 0.2128, -0.2128],
        [-0.0648,  0.0638]], device='cuda:0', requires_grad=True)
alpha 1 is Parameter containing:
tensor([[-0.8882,  0.8904],
        [-0.5937,  0.5942],
        [-0.6680,  0.6675],
        [-0.4359,  0.4348],
        [-0.4003,  0.4006],
        [-0.9174,  0.9175],
        [-0.2827,  0.2824],
        [-0.2845,  0.2845],
        [-0.2592,  0.2590],
        [-0.6597,  0.6594],
        [-0.3325,  0.3332],
        [-0.3213,  0.3222],
        [-0.0172,  0.0178],
        [-0.1240,  0.1250]], device='cuda:0', requires_grad=True)
[048-050] Search: Model metrics  : loss=0.14, accuracy@1=95.35%, accuracy@5=99.95%, time-cost=6514.9 s
[048-050] Search: Architecture metrics  : loss=0.47, accuracy@1=85.98%, accuracy@5=99.40%
[048-050] Evaluation:  : loss=0.44, accuracy@1=86.98%, accuracy@5=99.40%
<<<--->>> The 048-050-th epoch : found the highest validation accuracy : 86.98%.
alpha 0 is Parameter containing:
tensor([[-0.5168,  0.5165],
        [-0.5194,  0.5201],
        [-0.0104,  0.0101],
        [ 0.0282, -0.0279],
        [ 0.0206, -0.0204],
        [-0.0896,  0.0894],
        [ 0.3778, -0.3784],
        [ 0.1974, -0.1965],
        [ 0.2270, -0.2277],
        [-0.0626,  0.0633],
        [ 0.1963, -0.1956],
        [ 0.0450, -0.0443],
        [ 0.2317, -0.2318],
        [-0.0333,  0.0323]], device='cuda:0', requires_grad=True)
alpha 1 is Parameter containing:
tensor([[-0.8900,  0.8922],
        [-0.6024,  0.6029],
        [-0.6802,  0.6796],
        [-0.4587,  0.4576],
        [-0.3931,  0.3935],
        [-0.9137,  0.9138],
        [-0.2971,  0.2967],
        [-0.2952,  0.2952],
        [-0.2621,  0.2618],
        [-0.6496,  0.6493],
        [-0.3382,  0.3388],
        [-0.3345,  0.3355],
        [-0.0128,  0.0135],
        [-0.1073,  0.1083]], device='cuda:0', requires_grad=True)
[049-050] Search: Model metrics  : loss=0.14, accuracy@1=95.02%, accuracy@5=99.97%, time-cost=6650.5 s
[049-050] Search: Architecture metrics  : loss=0.46, accuracy@1=86.11%, accuracy@5=99.52%
[049-050] Evaluation:  : loss=0.43, accuracy@1=86.94%, accuracy@5=99.41%
alpha 0 is Parameter containing:
tensor([[-5.1851e-01,  5.1819e-01],
        [-5.2089e-01,  5.2153e-01],
        [ 3.2383e-04, -6.1162e-04],
        [ 2.9012e-02, -2.8772e-02],
        [ 2.9582e-02, -2.9357e-02],
        [-7.7798e-02,  7.7582e-02],
        [ 3.8456e-01, -3.8524e-01],
        [ 2.0453e-01, -2.0358e-01],
        [ 2.4854e-01, -2.4925e-01],
        [-5.2812e-02,  5.3502e-02],
        [ 2.0092e-01, -2.0031e-01],
        [ 5.8859e-02, -5.8179e-02],
        [ 2.4815e-01, -2.4817e-01],
        [-2.4665e-02,  2.3670e-02]], device='cuda:0', requires_grad=True)
alpha 1 is Parameter containing:
tensor([[-0.9018,  0.9039],
        [-0.6132,  0.6137],
        [-0.6919,  0.6913],
        [-0.4671,  0.4660],
        [-0.3940,  0.3943],
        [-0.9164,  0.9165],
        [-0.3032,  0.3028],
        [-0.2997,  0.2997],
        [-0.2636,  0.2634],
        [-0.6470,  0.6468],
        [-0.3291,  0.3298],
        [-0.3416,  0.3425],
        [-0.0067,  0.0073],
        [-0.1002,  0.1012]], device='cuda:0', requires_grad=True)
[050-050] Search: Model metrics  : loss=0.14, accuracy@1=95.14%, accuracy@5=99.96%, time-cost=6784.0 s
[050-050] Search: Architecture metrics  : loss=0.45, accuracy@1=86.42%, accuracy@5=99.44%
[050-050] Evaluation:  : loss=0.44, accuracy@1=86.84%, accuracy@5=99.51%
alpha 0 is Parameter containing:
tensor([[-0.5198,  0.5194],
        [-0.5132,  0.5138],
        [ 0.0130, -0.0133],
        [ 0.0362, -0.0360],
        [ 0.0446, -0.0444],
        [-0.0755,  0.0752],
        [ 0.3990, -0.3997],
        [ 0.2113, -0.2104],
        [ 0.2760, -0.2767],
        [-0.0417,  0.0424],
        [ 0.2142, -0.2136],
        [ 0.0728, -0.0722],
        [ 0.2696, -0.2696],
        [-0.0107,  0.0097]], device='cuda:0', requires_grad=True)
alpha 1 is Parameter containing:
tensor([[-9.0919e-01,  9.1128e-01],
        [-6.1944e-01,  6.1991e-01],
        [-7.0664e-01,  7.0606e-01],
        [-4.6848e-01,  4.6744e-01],
        [-3.8874e-01,  3.8910e-01],
        [-9.2255e-01,  9.2261e-01],
        [-3.0708e-01,  3.0676e-01],
        [-2.9680e-01,  2.9681e-01],
        [-2.6750e-01,  2.6725e-01],
        [-6.5314e-01,  6.5289e-01],
        [-3.2262e-01,  3.2328e-01],
        [-3.4567e-01,  3.4661e-01],
        [-8.0491e-04,  1.4338e-03],
        [-8.8837e-02,  8.9784e-02]], device='cuda:0', requires_grad=True)