[001-050] Search: Model metrics  : loss=1.51, accuracy@1=44.39%, accuracy@5=90.66%, time-cost=118.9 s
[001-050] Search: Architecture metrics  : loss=1.52, accuracy@1=44.16%, accuracy@5=90.30%
[001-050] Evaluation:  : loss=1.34, accuracy@1=52.07%, accuracy@5=93.02%
<<<--->>> The 001-050-th epoch : found the highest validation accuracy : 52.07%.
Benchmark Results for cifar10 -> train: 0.0, valid: 0.0, test: 92.98314670719618
alpha 0 is Parameter containing:
tensor([[-0.0214,  0.0202],
        [-0.0243,  0.0251],
        [-0.0154,  0.0130],
        [-0.0302,  0.0322],
        [-0.0304,  0.0292],
        [ 0.0117, -0.0088],
        [-0.0205,  0.0192],
        [-0.0308,  0.0310],
        [-0.0383,  0.0424],
        [-0.0065,  0.0085],
        [ 0.0209, -0.0179],
        [-0.0220,  0.0225],
        [-0.0011,  0.0008],
        [ 0.0022, -0.0032]], device='cuda:0', requires_grad=True)
alpha 1 is Parameter containing:
tensor([[ 0.0532, -0.0533],
        [ 0.0139, -0.0140],
        [ 0.0561, -0.0560],
        [ 0.0549, -0.0541],
        [-0.0158,  0.0166],
        [ 0.0585, -0.0586],
        [ 0.0306, -0.0298],
        [ 0.0013, -0.0018],
        [-0.0219,  0.0217],
        [ 0.0529, -0.0505],
        [ 0.0481, -0.0488],
        [-0.0016,  0.0015],
        [-0.0018,  0.0010],
        [ 0.0043, -0.0051]], device='cuda:0', requires_grad=True)
[002-050] Search: Model metrics  : loss=1.09, accuracy@1=61.16%, accuracy@5=95.95%, time-cost=238.1 s
[002-050] Search: Architecture metrics  : loss=1.11, accuracy@1=60.91%, accuracy@5=95.68%
[002-050] Evaluation:  : loss=1.01, accuracy@1=64.19%, accuracy@5=96.46%
<<<--->>> The 002-050-th epoch : found the highest validation accuracy : 64.19%.
Benchmark Results for cifar10 -> train: 0.0, valid: 0.0, test: 93.06627428171853
alpha 0 is Parameter containing:
tensor([[-0.0282,  0.0271],
        [-0.0375,  0.0383],
        [-0.0177,  0.0153],
        [-0.0577,  0.0596],
        [-0.0424,  0.0412],
        [ 0.0287, -0.0258],
        [-0.0382,  0.0369],
        [-0.0510,  0.0512],
        [-0.0701,  0.0741],
        [-0.0170,  0.0190],
        [ 0.0356, -0.0326],
        [-0.0490,  0.0495],
        [ 0.0040, -0.0044],
        [ 0.0070, -0.0080]], device='cuda:0', requires_grad=True)
alpha 1 is Parameter containing:
tensor([[ 0.0802, -0.0803],
        [ 0.0267, -0.0268],
        [ 0.0848, -0.0847],
        [ 0.0878, -0.0870],
        [-0.0282,  0.0291],
        [ 0.0898, -0.0899],
        [ 0.0458, -0.0449],
        [-0.0089,  0.0085],
        [-0.0368,  0.0366],
        [ 0.0829, -0.0806],
        [ 0.0826, -0.0833],
        [-0.0113,  0.0112],
        [-0.0135,  0.0127],
        [ 0.0014, -0.0021]], device='cuda:0', requires_grad=True)
[003-050] Search: Model metrics  : loss=0.91, accuracy@1=68.12%, accuracy@5=97.30%, time-cost=357.8 s
[003-050] Search: Architecture metrics  : loss=0.94, accuracy@1=67.36%, accuracy@5=97.14%
[003-050] Evaluation:  : loss=0.92, accuracy@1=68.09%, accuracy@5=97.27%
<<<--->>> The 003-050-th epoch : found the highest validation accuracy : 68.09%.
Benchmark Results for cifar10 -> train: 0.0, valid: 0.0, test: 92.97470622442515
alpha 0 is Parameter containing:
tensor([[-0.0365,  0.0353],
        [-0.0381,  0.0388],
        [-0.0216,  0.0192],
        [-0.0794,  0.0814],
        [-0.0559,  0.0548],
        [ 0.0545, -0.0516],
        [-0.0657,  0.0644],
        [-0.0670,  0.0672],
        [-0.0849,  0.0889],
        [-0.0204,  0.0223],
        [ 0.0525, -0.0496],
        [-0.0560,  0.0565],
        [-0.0008,  0.0005],
        [ 0.0051, -0.0061]], device='cuda:0', requires_grad=True)
alpha 1 is Parameter containing:
tensor([[ 0.0937, -0.0938],
        [ 0.0417, -0.0418],
        [ 0.0948, -0.0948],
        [ 0.1106, -0.1098],
        [-0.0332,  0.0341],
        [ 0.1033, -0.1034],
        [ 0.0607, -0.0599],
        [-0.0100,  0.0096],
        [-0.0590,  0.0589],
        [ 0.0929, -0.0907],
        [ 0.1109, -0.1115],
        [-0.0131,  0.0130],
        [-0.0130,  0.0122],
        [ 0.0019, -0.0026]], device='cuda:0', requires_grad=True)
[004-050] Search: Model metrics  : loss=0.80, accuracy@1=72.21%, accuracy@5=97.97%, time-cost=476.4 s
[004-050] Search: Architecture metrics  : loss=0.82, accuracy@1=71.14%, accuracy@5=97.79%
[004-050] Evaluation:  : loss=0.78, accuracy@1=72.85%, accuracy@5=97.83%
<<<--->>> The 004-050-th epoch : found the highest validation accuracy : 72.85%.
Benchmark Results for cifar10 -> train: 0.0, valid: 0.0, test: 92.98634021675376
alpha 0 is Parameter containing:
tensor([[-0.0492,  0.0480],
        [-0.0421,  0.0428],
        [-0.0182,  0.0158],
        [-0.0978,  0.0997],
        [-0.0598,  0.0587],
        [ 0.0715, -0.0686],
        [-0.0863,  0.0850],
        [-0.0869,  0.0871],
        [-0.0961,  0.1001],
        [-0.0119,  0.0138],
        [ 0.0741, -0.0712],
        [-0.0572,  0.0576],
        [-0.0069,  0.0065],
        [ 0.0208, -0.0218]], device='cuda:0', requires_grad=True)
alpha 1 is Parameter containing:
tensor([[ 0.1084, -0.1084],
        [ 0.0505, -0.0507],
        [ 0.1136, -0.1136],
        [ 0.1369, -0.1361],
        [-0.0294,  0.0302],
        [ 0.1213, -0.1215],
        [ 0.0740, -0.0732],
        [-0.0052,  0.0047],
        [-0.0629,  0.0627],
        [ 0.1052, -0.1030],
        [ 0.1321, -0.1327],
        [-0.0130,  0.0129],
        [-0.0134,  0.0126],
        [ 0.0025, -0.0032]], device='cuda:0', requires_grad=True)
[005-050] Search: Model metrics  : loss=0.72, accuracy@1=74.78%, accuracy@5=98.32%, time-cost=593.1 s
[005-050] Search: Architecture metrics  : loss=0.77, accuracy@1=73.35%, accuracy@5=98.04%
[005-050] Evaluation:  : loss=0.75, accuracy@1=73.88%, accuracy@5=98.16%
<<<--->>> The 005-050-th epoch : found the highest validation accuracy : 73.88%.
Benchmark Results for cifar10 -> train: 0.0, valid: 0.0, test: 92.9974531679097
alpha 0 is Parameter containing:
tensor([[-0.0477,  0.0465],
        [-0.0227,  0.0235],
        [-0.0114,  0.0091],
        [-0.1144,  0.1164],
        [-0.0655,  0.0643],
        [ 0.0676, -0.0648],
        [-0.0889,  0.0877],
        [-0.0975,  0.0977],
        [-0.0943,  0.0982],
        [-0.0171,  0.0190],
        [ 0.0694, -0.0666],
        [-0.0514,  0.0518],
        [-0.0129,  0.0126],
        [ 0.0306, -0.0316]], device='cuda:0', requires_grad=True)
alpha 1 is Parameter containing:
tensor([[ 0.1014, -0.1014],
        [ 0.0532, -0.0533],
        [ 0.1137, -0.1137],
        [ 0.1413, -0.1406],
        [-0.0335,  0.0343],
        [ 0.1234, -0.1235],
        [ 0.0779, -0.0772],
        [-0.0010,  0.0005],
        [-0.0771,  0.0769],
        [ 0.1030, -0.1009],
        [ 0.1377, -0.1383],
        [-0.0147,  0.0146],
        [-0.0067,  0.0060],
        [ 0.0022, -0.0029]], device='cuda:0', requires_grad=True)
[006-050] Search: Model metrics  : loss=0.66, accuracy@1=77.20%, accuracy@5=98.63%, time-cost=713.0 s
[006-050] Search: Architecture metrics  : loss=0.72, accuracy@1=75.02%, accuracy@5=98.30%
[006-050] Evaluation:  : loss=0.77, accuracy@1=74.21%, accuracy@5=97.29%
<<<--->>> The 006-050-th epoch : found the highest validation accuracy : 74.21%.
Benchmark Results for cifar10 -> train: 0.0, valid: 0.0, test: 93.14026804096542
alpha 0 is Parameter containing:
tensor([[-0.0520,  0.0508],
        [-0.0160,  0.0168],
        [-0.0035,  0.0012],
        [-0.1283,  0.1302],
        [-0.0570,  0.0559],
        [ 0.0616, -0.0588],
        [-0.0871,  0.0858],
        [-0.0924,  0.0926],
        [-0.0904,  0.0943],
        [-0.0043,  0.0062],
        [ 0.0769, -0.0741],
        [-0.0365,  0.0369],
        [-0.0133,  0.0130],
        [ 0.0326, -0.0336]], device='cuda:0', requires_grad=True)
alpha 1 is Parameter containing:
tensor([[ 0.1239, -0.1239],
        [ 0.0589, -0.0591],
        [ 0.1341, -0.1341],
        [ 0.1504, -0.1497],
        [-0.0417,  0.0425],
        [ 0.1482, -0.1483],
        [ 0.0738, -0.0731],
        [-0.0025,  0.0020],
        [-0.0812,  0.0810],
        [ 0.1245, -0.1225],
        [ 0.1482, -0.1487],
        [-0.0160,  0.0160],
        [-0.0075,  0.0067],
        [ 0.0038, -0.0045]], device='cuda:0', requires_grad=True)
[007-050] Search: Model metrics  : loss=0.61, accuracy@1=78.75%, accuracy@5=98.85%, time-cost=830.6 s
[007-050] Search: Architecture metrics  : loss=0.67, accuracy@1=76.69%, accuracy@5=98.51%
[007-050] Evaluation:  : loss=0.64, accuracy@1=77.53%, accuracy@5=98.75%
<<<--->>> The 007-050-th epoch : found the highest validation accuracy : 77.53%.
Benchmark Results for cifar10 -> train: 0.0, valid: 0.0, test: 93.1474401846396
alpha 0 is Parameter containing:
tensor([[-0.0420,  0.0408],
        [-0.0065,  0.0072],
        [ 0.0068, -0.0091],
        [-0.1390,  0.1409],
        [-0.0638,  0.0627],
        [ 0.0516, -0.0488],
        [-0.0933,  0.0920],
        [-0.0925,  0.0927],
        [-0.0920,  0.0958],
        [-0.0014,  0.0032],
        [ 0.0802, -0.0774],
        [-0.0287,  0.0292],
        [-0.0253,  0.0250],
        [ 0.0302, -0.0312]], device='cuda:0', requires_grad=True)
alpha 1 is Parameter containing:
tensor([[ 0.1374, -0.1375],
        [ 0.0670, -0.0671],
        [ 0.1487, -0.1487],
        [ 0.1598, -0.1591],
        [-0.0437,  0.0444],
        [ 0.1657, -0.1658],
        [ 0.0899, -0.0891],
        [-0.0009,  0.0005],
        [-0.0914,  0.0912],
        [ 0.1378, -0.1359],
        [ 0.1579, -0.1584],
        [-0.0199,  0.0199],
        [-0.0005, -0.0002],
        [ 0.0037, -0.0044]], device='cuda:0', requires_grad=True)
[008-050] Search: Model metrics  : loss=0.56, accuracy@1=80.82%, accuracy@5=99.00%, time-cost=948.6 s
[008-050] Search: Architecture metrics  : loss=0.66, accuracy@1=77.44%, accuracy@5=98.42%
[008-050] Evaluation:  : loss=0.72, accuracy@1=75.00%, accuracy@5=98.67%
Benchmark Results for cifar10 -> train: 0.0, valid: 0.0, test: 93.45449219621987
alpha 0 is Parameter containing:
tensor([[-0.0355,  0.0344],
        [-0.0026,  0.0034],
        [ 0.0055, -0.0078],
        [-0.1465,  0.1485],
        [-0.0526,  0.0515],
        [ 0.0502, -0.0475],
        [-0.1092,  0.1079],
        [-0.0952,  0.0954],
        [-0.0928,  0.0967],
        [ 0.0052, -0.0033],
        [ 0.0745, -0.0718],
        [-0.0151,  0.0155],
        [-0.0370,  0.0367],
        [ 0.0272, -0.0282]], device='cuda:0', requires_grad=True)
alpha 1 is Parameter containing:
tensor([[ 0.1457, -0.1457],
        [ 0.0672, -0.0674],
        [ 0.1598, -0.1598],
        [ 0.1664, -0.1657],
        [-0.0540,  0.0548],
        [ 0.1758, -0.1759],
        [ 0.0997, -0.0990],
        [ 0.0103, -0.0107],
        [-0.1036,  0.1034],
        [ 0.1475, -0.1456],
        [ 0.1648, -0.1653],
        [-0.0190,  0.0189],
        [ 0.0087, -0.0094],
        [ 0.0130, -0.0136]], device='cuda:0', requires_grad=True)
[009-050] Search: Model metrics  : loss=0.53, accuracy@1=81.79%, accuracy@5=99.12%, time-cost=1068.4 s
[009-050] Search: Architecture metrics  : loss=0.62, accuracy@1=78.52%, accuracy@5=98.79%
[009-050] Evaluation:  : loss=0.64, accuracy@1=78.34%, accuracy@5=98.72%
<<<--->>> The 009-050-th epoch : found the highest validation accuracy : 78.34%.
Benchmark Results for cifar10 -> train: 0.0, valid: 0.0, test: 93.46731678925039
alpha 0 is Parameter containing:
tensor([[-0.0285,  0.0273],
        [ 0.0004,  0.0003],
        [ 0.0248, -0.0271],
        [-0.1491,  0.1510],
        [-0.0498,  0.0487],
        [ 0.0336, -0.0309],
        [-0.1098,  0.1086],
        [-0.0962,  0.0964],
        [-0.0961,  0.0999],
        [-0.0017,  0.0035],
        [ 0.0745, -0.0718],
        [-0.0119,  0.0124],
        [-0.0393,  0.0390],
        [ 0.0366, -0.0376]], device='cuda:0', requires_grad=True)
alpha 1 is Parameter containing:
tensor([[ 0.1574, -0.1575],
        [ 0.0666, -0.0667],
        [ 0.1731, -0.1731],
        [ 0.1759, -0.1753],
        [-0.0567,  0.0575],
        [ 0.1872, -0.1873],
        [ 0.1062, -0.1055],
        [ 0.0204, -0.0209],
        [-0.1150,  0.1148],
        [ 0.1592, -0.1573],
        [ 0.1726, -0.1731],
        [-0.0260,  0.0260],
        [ 0.0086, -0.0093],
        [ 0.0043, -0.0050]], device='cuda:0', requires_grad=True)
[010-050] Search: Model metrics  : loss=0.51, accuracy@1=82.26%, accuracy@5=99.23%, time-cost=1184.4 s
[010-050] Search: Architecture metrics  : loss=0.60, accuracy@1=79.10%, accuracy@5=98.67%
[010-050] Evaluation:  : loss=0.65, accuracy@1=78.00%, accuracy@5=98.69%
Benchmark Results for cifar10 -> train: 0.0, valid: 0.0, test: 93.84060796189108
alpha 0 is Parameter containing:
tensor([[-0.0302,  0.0290],
        [ 0.0126, -0.0119],
        [ 0.0365, -0.0388],
        [-0.1505,  0.1524],
        [-0.0474,  0.0463],
        [ 0.0176, -0.0149],
        [-0.1066,  0.1054],
        [-0.1023,  0.1025],
        [-0.0969,  0.1008],
        [ 0.0053, -0.0034],
        [ 0.0742, -0.0716],
        [-0.0054,  0.0058],
        [-0.0469,  0.0466],
        [ 0.0358, -0.0368]], device='cuda:0', requires_grad=True)
alpha 1 is Parameter containing:
tensor([[ 0.1522, -0.1522],
        [ 0.0662, -0.0663],
        [ 0.1702, -0.1702],
        [ 0.1753, -0.1746],
        [-0.0677,  0.0685],
        [ 0.1860, -0.1860],
        [ 0.1042, -0.1035],
        [ 0.0186, -0.0190],
        [-0.1350,  0.1348],
        [ 0.1524, -0.1507],
        [ 0.1712, -0.1717],
        [-0.0372,  0.0371],
        [ 0.0217, -0.0224],
        [ 0.0052, -0.0059]], device='cuda:0', requires_grad=True)
[011-050] Search: Model metrics  : loss=0.48, accuracy@1=82.99%, accuracy@5=99.30%, time-cost=1304.1 s
[011-050] Search: Architecture metrics  : loss=0.60, accuracy@1=79.50%, accuracy@5=98.78%
[011-050] Evaluation:  : loss=0.58, accuracy@1=80.39%, accuracy@5=98.81%
<<<--->>> The 011-050-th epoch : found the highest validation accuracy : 80.39%.
Benchmark Results for cifar10 -> train: 0.0, valid: 0.0, test: 93.81125424480457
alpha 0 is Parameter containing:
tensor([[-0.0241,  0.0229],
        [ 0.0197, -0.0190],
        [ 0.0504, -0.0526],
        [-0.1480,  0.1499],
        [-0.0343,  0.0332],
        [ 0.0064, -0.0038],
        [-0.1057,  0.1045],
        [-0.0860,  0.0862],
        [-0.0857,  0.0895],
        [ 0.0164, -0.0146],
        [ 0.0621, -0.0594],
        [-0.0023,  0.0028],
        [-0.0641,  0.0638],
        [ 0.0479, -0.0488]], device='cuda:0', requires_grad=True)
alpha 1 is Parameter containing:
tensor([[ 0.1615, -0.1616],
        [ 0.0581, -0.0582],
        [ 0.1841, -0.1841],
        [ 0.1828, -0.1821],
        [-0.0749,  0.0756],
        [ 0.1956, -0.1957],
        [ 0.1061, -0.1055],
        [ 0.0215, -0.0219],
        [-0.1498,  0.1497],
        [ 0.1615, -0.1598],
        [ 0.1750, -0.1755],
        [-0.0453,  0.0453],
        [ 0.0208, -0.0215],
        [ 0.0079, -0.0085]], device='cuda:0', requires_grad=True)
[012-050] Search: Model metrics  : loss=0.46, accuracy@1=83.84%, accuracy@5=99.32%, time-cost=1420.6 s
[012-050] Search: Architecture metrics  : loss=0.57, accuracy@1=80.66%, accuracy@5=98.81%
[012-050] Evaluation:  : loss=0.63, accuracy@1=78.59%, accuracy@5=98.60%
Benchmark Results for cifar10 -> train: 0.0, valid: 0.0, test: 93.99829007182173
alpha 0 is Parameter containing:
tensor([[-0.0194,  0.0183],
        [ 0.0373, -0.0366],
        [ 0.0544, -0.0567],
        [-0.1601,  0.1620],
        [-0.0115,  0.0104],
        [-0.0063,  0.0089],
        [-0.1090,  0.1078],
        [-0.0758,  0.0760],
        [-0.0737,  0.0774],
        [ 0.0386, -0.0368],
        [ 0.0635, -0.0609],
        [ 0.0103, -0.0098],
        [-0.0840,  0.0837],
        [ 0.0488, -0.0498]], device='cuda:0', requires_grad=True)
alpha 1 is Parameter containing:
tensor([[ 0.1599, -0.1600],
        [ 0.0537, -0.0539],
        [ 0.1841, -0.1841],
        [ 0.1749, -0.1743],
        [-0.0908,  0.0915],
        [ 0.1972, -0.1973],
        [ 0.1083, -0.1076],
        [ 0.0217, -0.0221],
        [-0.1546,  0.1545],
        [ 0.1626, -0.1610],
        [ 0.1655, -0.1660],
        [-0.0484,  0.0483],
        [ 0.0166, -0.0172],
        [ 0.0109, -0.0115]], device='cuda:0', requires_grad=True)
[013-050] Search: Model metrics  : loss=0.43, accuracy@1=84.80%, accuracy@5=99.41%, time-cost=1540.6 s
[013-050] Search: Architecture metrics  : loss=0.57, accuracy@1=80.67%, accuracy@5=98.91%
[013-050] Evaluation:  : loss=0.57, accuracy@1=80.87%, accuracy@5=98.84%
<<<--->>> The 013-050-th epoch : found the highest validation accuracy : 80.87%.
Benchmark Results for cifar10 -> train: 0.0, valid: 0.0, test: 93.76941325506048
alpha 0 is Parameter containing:
tensor([[-0.0190,  0.0179],
        [ 0.0596, -0.0589],
        [ 0.0669, -0.0691],
        [-0.1538,  0.1556],
        [ 0.0025, -0.0036],
        [-0.0331,  0.0358],
        [-0.0989,  0.0977],
        [-0.0606,  0.0608],
        [-0.0608,  0.0646],
        [ 0.0436, -0.0418],
        [ 0.0540, -0.0515],
        [ 0.0282, -0.0278],
        [-0.0846,  0.0843],
        [ 0.0579, -0.0588]], device='cuda:0', requires_grad=True)
alpha 1 is Parameter containing:
tensor([[ 0.1553, -0.1554],
        [ 0.0594, -0.0595],
        [ 0.1858, -0.1858],
        [ 0.1829, -0.1823],
        [-0.0935,  0.0942],
        [ 0.1918, -0.1919],
        [ 0.1128, -0.1122],
        [ 0.0219, -0.0223],
        [-0.1603,  0.1601],
        [ 0.1607, -0.1591],
        [ 0.1701, -0.1705],
        [-0.0566,  0.0565],
        [ 0.0286, -0.0293],
        [ 0.0205, -0.0211]], device='cuda:0', requires_grad=True)
[014-050] Search: Model metrics  : loss=0.42, accuracy@1=85.60%, accuracy@5=99.44%, time-cost=1660.1 s
[014-050] Search: Architecture metrics  : loss=0.57, accuracy@1=80.74%, accuracy@5=98.90%
[014-050] Evaluation:  : loss=0.56, accuracy@1=80.91%, accuracy@5=99.01%
<<<--->>> The 014-050-th epoch : found the highest validation accuracy : 80.91%.
Benchmark Results for cifar10 -> train: 0.0, valid: 0.0, test: 93.44868514365324
alpha 0 is Parameter containing:
tensor([[-0.0149,  0.0138],
        [ 0.0757, -0.0750],
        [ 0.0723, -0.0745],
        [-0.1537,  0.1556],
        [ 0.0158, -0.0169],
        [-0.0530,  0.0556],
        [-0.0940,  0.0928],
        [-0.0517,  0.0519],
        [-0.0514,  0.0551],
        [ 0.0521, -0.0503],
        [ 0.0362, -0.0336],
        [ 0.0473, -0.0468],
        [-0.0862,  0.0859],
        [ 0.0716, -0.0726]], device='cuda:0', requires_grad=True)
alpha 1 is Parameter containing:
tensor([[ 0.1718, -0.1718],
        [ 0.0665, -0.0666],
        [ 0.2013, -0.2013],
        [ 0.1896, -0.1891],
        [-0.0844,  0.0851],
        [ 0.2031, -0.2032],
        [ 0.1267, -0.1261],
        [ 0.0336, -0.0339],
        [-0.1612,  0.1610],
        [ 0.1749, -0.1733],
        [ 0.1756, -0.1760],
        [-0.0588,  0.0588],
        [ 0.0372, -0.0378],
        [ 0.0308, -0.0314]], device='cuda:0', requires_grad=True)
[015-050] Search: Model metrics  : loss=0.40, accuracy@1=85.98%, accuracy@5=99.49%, time-cost=1779.7 s
[015-050] Search: Architecture metrics  : loss=0.55, accuracy@1=81.70%, accuracy@5=98.88%
[015-050] Evaluation:  : loss=0.55, accuracy@1=81.55%, accuracy@5=99.00%
<<<--->>> The 015-050-th epoch : found the highest validation accuracy : 81.55%.
Benchmark Results for cifar10 -> train: 0.0, valid: 0.0, test: 93.45532513037024
alpha 0 is Parameter containing:
tensor([[-0.0205,  0.0193],
        [ 0.0772, -0.0765],
        [ 0.0767, -0.0789],
        [-0.1571,  0.1589],
        [ 0.0287, -0.0298],
        [-0.0660,  0.0686],
        [-0.0867,  0.0855],
        [-0.0463,  0.0465],
        [-0.0556,  0.0594],
        [ 0.0583, -0.0566],
        [ 0.0259, -0.0234],
        [ 0.0551, -0.0547],
        [-0.0887,  0.0884],
        [ 0.0754, -0.0764]], device='cuda:0', requires_grad=True)
alpha 1 is Parameter containing:
tensor([[ 0.1813, -0.1814],
        [ 0.0654, -0.0655],
        [ 0.2101, -0.2101],
        [ 0.1841, -0.1835],
        [-0.0811,  0.0819],
        [ 0.2113, -0.2114],
        [ 0.1162, -0.1156],
        [ 0.0473, -0.0476],
        [-0.1701,  0.1700],
        [ 0.1812, -0.1797],
        [ 0.1672, -0.1677],
        [-0.0610,  0.0610],
        [ 0.0479, -0.0486],
        [ 0.0374, -0.0380]], device='cuda:0', requires_grad=True)
[016-050] Search: Model metrics  : loss=0.38, accuracy@1=86.90%, accuracy@5=99.50%, time-cost=1899.9 s
[016-050] Search: Architecture metrics  : loss=0.55, accuracy@1=81.73%, accuracy@5=99.00%
[016-050] Evaluation:  : loss=0.56, accuracy@1=81.40%, accuracy@5=98.94%
Benchmark Results for cifar10 -> train: 0.0, valid: 0.0, test: 93.60066939698041
alpha 0 is Parameter containing:
tensor([[-0.0123,  0.0111],
        [ 0.0811, -0.0804],
        [ 0.0938, -0.0960],
        [-0.1542,  0.1560],
        [ 0.0386, -0.0397],
        [-0.0919,  0.0944],
        [-0.0890,  0.0878],
        [-0.0370,  0.0372],
        [-0.0585,  0.0622],
        [ 0.0569, -0.0552],
        [ 0.0114, -0.0089],
        [ 0.0706, -0.0702],
        [-0.0945,  0.0942],
        [ 0.0803, -0.0813]], device='cuda:0', requires_grad=True)
alpha 1 is Parameter containing:
tensor([[ 0.1842, -0.1842],
        [ 0.0628, -0.0629],
        [ 0.2146, -0.2146],
        [ 0.1907, -0.1902],
        [-0.0813,  0.0820],
        [ 0.2191, -0.2192],
        [ 0.1193, -0.1187],
        [ 0.0453, -0.0457],
        [-0.1768,  0.1766],
        [ 0.1875, -0.1861],
        [ 0.1725, -0.1729],
        [-0.0585,  0.0584],
        [ 0.0560, -0.0566],
        [ 0.0481, -0.0486]], device='cuda:0', requires_grad=True)
[017-050] Search: Model metrics  : loss=0.36, accuracy@1=87.45%, accuracy@5=99.61%, time-cost=2018.9 s
[017-050] Search: Architecture metrics  : loss=0.54, accuracy@1=82.09%, accuracy@5=98.96%
[017-050] Evaluation:  : loss=0.54, accuracy@1=82.06%, accuracy@5=99.08%
<<<--->>> The 017-050-th epoch : found the highest validation accuracy : 82.06%.
Benchmark Results for cifar10 -> train: 0.0, valid: 0.0, test: 93.41371392274002
alpha 0 is Parameter containing:
tensor([[-0.0055,  0.0044],
        [ 0.0888, -0.0881],
        [ 0.1155, -0.1177],
        [-0.1454,  0.1472],
        [ 0.0571, -0.0582],
        [-0.1243,  0.1268],
        [-0.0729,  0.0718],
        [-0.0192,  0.0193],
        [-0.0472,  0.0509],
        [ 0.0569, -0.0551],
        [-0.0080,  0.0104],
        [ 0.0880, -0.0876],
        [-0.0936,  0.0933],
        [ 0.0761, -0.0770]], device='cuda:0', requires_grad=True)
alpha 1 is Parameter containing:
tensor([[ 0.1893, -0.1894],
        [ 0.0527, -0.0528],
        [ 0.2230, -0.2229],
        [ 0.1928, -0.1923],
        [-0.0778,  0.0785],
        [ 0.2288, -0.2289],
        [ 0.1254, -0.1248],
        [ 0.0432, -0.0436],
        [-0.1849,  0.1847],
        [ 0.1969, -0.1956],
        [ 0.1774, -0.1778],
        [-0.0535,  0.0535],
        [ 0.0523, -0.0529],
        [ 0.0576, -0.0582]], device='cuda:0', requires_grad=True)
[018-050] Search: Model metrics  : loss=0.35, accuracy@1=87.86%, accuracy@5=99.66%, time-cost=2135.4 s
[018-050] Search: Architecture metrics  : loss=0.54, accuracy@1=82.37%, accuracy@5=98.98%
[018-050] Evaluation:  : loss=0.59, accuracy@1=81.32%, accuracy@5=98.59%
Benchmark Results for cifar10 -> train: 0.0, valid: 0.0, test: 93.41057663104132
alpha 0 is Parameter containing:
tensor([[-0.0043,  0.0032],
        [ 0.0999, -0.0991],
        [ 0.1274, -0.1296],
        [-0.1416,  0.1435],
        [ 0.0738, -0.0749],
        [-0.1431,  0.1456],
        [-0.0544,  0.0532],
        [ 0.0127, -0.0125],
        [-0.0288,  0.0324],
        [ 0.0633, -0.0616],
        [-0.0247,  0.0271],
        [ 0.1068, -0.1064],
        [-0.0942,  0.0939],
        [ 0.0743, -0.0752]], device='cuda:0', requires_grad=True)
alpha 1 is Parameter containing:
tensor([[ 0.1914, -0.1914],
        [ 0.0476, -0.0477],
        [ 0.2205, -0.2205],
        [ 0.1930, -0.1925],
        [-0.0789,  0.0796],
        [ 0.2281, -0.2281],
        [ 0.1199, -0.1194],
        [ 0.0526, -0.0529],
        [-0.1870,  0.1869],
        [ 0.1926, -0.1913],
        [ 0.1745, -0.1749],
        [-0.0510,  0.0510],
        [ 0.0578, -0.0584],
        [ 0.0652, -0.0658]], device='cuda:0', requires_grad=True)
[019-050] Search: Model metrics  : loss=0.33, accuracy@1=88.47%, accuracy@5=99.68%, time-cost=2255.3 s
[019-050] Search: Architecture metrics  : loss=0.51, accuracy@1=82.92%, accuracy@5=99.12%
[019-050] Evaluation:  : loss=0.53, accuracy@1=82.56%, accuracy@5=99.05%
<<<--->>> The 019-050-th epoch : found the highest validation accuracy : 82.56%.
Benchmark Results for cifar10 -> train: 0.0, valid: 0.0, test: 93.51811754748486
alpha 0 is Parameter containing:
tensor([[-0.0055,  0.0043],
        [ 0.1093, -0.1086],
        [ 0.1402, -0.1424],
        [-0.1305,  0.1323],
        [ 0.0963, -0.0973],
        [-0.1540,  0.1565],
        [-0.0525,  0.0513],
        [ 0.0311, -0.0309],
        [-0.0141,  0.0178],
        [ 0.0704, -0.0686],
        [-0.0368,  0.0392],
        [ 0.1161, -0.1157],
        [-0.0955,  0.0952],
        [ 0.0760, -0.0769]], device='cuda:0', requires_grad=True)
alpha 1 is Parameter containing:
tensor([[ 0.1959, -0.1959],
        [ 0.0503, -0.0504],
        [ 0.2211, -0.2211],
        [ 0.1867, -0.1862],
        [-0.0819,  0.0826],
        [ 0.2331, -0.2332],
        [ 0.1179, -0.1173],
        [ 0.0540, -0.0543],
        [-0.1874,  0.1872],
        [ 0.1965, -0.1952],
        [ 0.1716, -0.1719],
        [-0.0561,  0.0560],
        [ 0.0636, -0.0642],
        [ 0.0776, -0.0781]], device='cuda:0', requires_grad=True)
[020-050] Search: Model metrics  : loss=0.32, accuracy@1=88.95%, accuracy@5=99.72%, time-cost=2374.2 s
[020-050] Search: Architecture metrics  : loss=0.53, accuracy@1=82.84%, accuracy@5=98.98%
[020-050] Evaluation:  : loss=0.57, accuracy@1=82.05%, accuracy@5=98.95%
Benchmark Results for cifar10 -> train: 0.0, valid: 0.0, test: 88.66705521752287
alpha 0 is Parameter containing:
tensor([[ 0.0087, -0.0098],
        [ 0.1285, -0.1278],
        [ 0.1407, -0.1429],
        [-0.1136,  0.1154],
        [ 0.1237, -0.1247],
        [-0.1707,  0.1731],
        [-0.0359,  0.0348],
        [ 0.0607, -0.0605],
        [ 0.0061, -0.0024],
        [ 0.0713, -0.0696],
        [-0.0557,  0.0581],
        [ 0.1305, -0.1301],
        [-0.0972,  0.0969],
        [ 0.0647, -0.0656]], device='cuda:0', requires_grad=True)
alpha 1 is Parameter containing:
tensor([[ 0.1991, -0.1991],
        [ 0.0577, -0.0578],
        [ 0.2272, -0.2272],
        [ 0.1967, -0.1962],
        [-0.0792,  0.0799],
        [ 0.2354, -0.2355],
        [ 0.1299, -0.1293],
        [ 0.0533, -0.0537],
        [-0.1917,  0.1915],
        [ 0.2006, -0.1993],
        [ 0.1807, -0.1811],
        [-0.0503,  0.0503],
        [ 0.0663, -0.0668],
        [ 0.0840, -0.0846]], device='cuda:0', requires_grad=True)
[021-050] Search: Model metrics  : loss=0.31, accuracy@1=89.26%, accuracy@5=99.71%, time-cost=2492.2 s
[021-050] Search: Architecture metrics  : loss=0.52, accuracy@1=82.71%, accuracy@5=99.09%
[021-050] Evaluation:  : loss=0.56, accuracy@1=82.19%, accuracy@5=98.74%
Benchmark Results for cifar10 -> train: 0.0, valid: 0.0, test: 88.75581177601407
alpha 0 is Parameter containing:
tensor([[ 0.0011, -0.0022],
        [ 0.1224, -0.1216],
        [ 0.1585, -0.1607],
        [-0.1041,  0.1059],
        [ 0.1486, -0.1496],
        [-0.1827,  0.1852],
        [-0.0267,  0.0255],
        [ 0.0854, -0.0852],
        [ 0.0057, -0.0020],
        [ 0.0658, -0.0641],
        [-0.0839,  0.0863],
        [ 0.1413, -0.1409],
        [-0.1032,  0.1029],
        [ 0.0730, -0.0739]], device='cuda:0', requires_grad=True)
alpha 1 is Parameter containing:
tensor([[ 0.1932, -0.1933],
        [ 0.0575, -0.0576],
        [ 0.2223, -0.2223],
        [ 0.1924, -0.1919],
        [-0.0745,  0.0752],
        [ 0.2315, -0.2316],
        [ 0.1429, -0.1424],
        [ 0.0539, -0.0542],
        [-0.1973,  0.1971],
        [ 0.1967, -0.1955],
        [ 0.1770, -0.1773],
        [-0.0479,  0.0479],
        [ 0.0700, -0.0706],
        [ 0.0777, -0.0783]], device='cuda:0', requires_grad=True)
[022-050] Search: Model metrics  : loss=0.30, accuracy@1=89.48%, accuracy@5=99.70%, time-cost=2611.8 s
[022-050] Search: Architecture metrics  : loss=0.51, accuracy@1=83.25%, accuracy@5=99.24%
[022-050] Evaluation:  : loss=0.49, accuracy@1=83.59%, accuracy@5=99.25%
<<<--->>> The 022-050-th epoch : found the highest validation accuracy : 83.59%.
Benchmark Results for cifar10 -> train: 0.0, valid: 0.0, test: 88.22822342518205
alpha 0 is Parameter containing:
tensor([[ 0.0133, -0.0144],
        [ 0.1352, -0.1345],
        [ 0.1702, -0.1724],
        [-0.1064,  0.1082],
        [ 0.1691, -0.1702],
        [-0.2119,  0.2144],
        [-0.0142,  0.0131],
        [ 0.1109, -0.1107],
        [ 0.0343, -0.0307],
        [ 0.0743, -0.0726],
        [-0.1034,  0.1058],
        [ 0.1583, -0.1579],
        [-0.1039,  0.1036],
        [ 0.0760, -0.0769]], device='cuda:0', requires_grad=True)
alpha 1 is Parameter containing:
tensor([[ 0.1913, -0.1914],
        [ 0.0631, -0.0632],
        [ 0.2236, -0.2236],
        [ 0.1872, -0.1867],
        [-0.0714,  0.0720],
        [ 0.2328, -0.2328],
        [ 0.1469, -0.1463],
        [ 0.0544, -0.0548],
        [-0.2027,  0.2025],
        [ 0.1963, -0.1951],
        [ 0.1731, -0.1735],
        [-0.0423,  0.0422],
        [ 0.0728, -0.0733],
        [ 0.0875, -0.0881]], device='cuda:0', requires_grad=True)
[023-050] Search: Model metrics  : loss=0.28, accuracy@1=90.13%, accuracy@5=99.76%, time-cost=2732.0 s
[023-050] Search: Architecture metrics  : loss=0.51, accuracy@1=83.56%, accuracy@5=99.11%
[023-050] Evaluation:  : loss=0.49, accuracy@1=83.94%, accuracy@5=99.16%
<<<--->>> The 023-050-th epoch : found the highest validation accuracy : 83.94%.
Benchmark Results for cifar10 -> train: 0.0, valid: 0.0, test: 88.15854390928783
alpha 0 is Parameter containing:
tensor([[ 0.0172, -0.0183],
        [ 0.1381, -0.1374],
        [ 0.1800, -0.1821],
        [-0.0945,  0.0963],
        [ 0.1853, -0.1863],
        [-0.2437,  0.2461],
        [-0.0121,  0.0109],
        [ 0.1227, -0.1226],
        [ 0.0421, -0.0385],
        [ 0.0899, -0.0882],
        [-0.1263,  0.1286],
        [ 0.1753, -0.1750],
        [-0.1159,  0.1157],
        [ 0.0711, -0.0720]], device='cuda:0', requires_grad=True)
alpha 1 is Parameter containing:
tensor([[ 0.1924, -0.1924],
        [ 0.0696, -0.0697],
        [ 0.2222, -0.2222],
        [ 0.1829, -0.1824],
        [-0.0661,  0.0668],
        [ 0.2344, -0.2345],
        [ 0.1498, -0.1493],
        [ 0.0678, -0.0681],
        [-0.2016,  0.2015],
        [ 0.1957, -0.1946],
        [ 0.1677, -0.1681],
        [-0.0404,  0.0404],
        [ 0.0772, -0.0777],
        [ 0.0901, -0.0907]], device='cuda:0', requires_grad=True)
[024-050] Search: Model metrics  : loss=0.27, accuracy@1=90.72%, accuracy@5=99.82%, time-cost=2849.7 s
[024-050] Search: Architecture metrics  : loss=0.51, accuracy@1=83.52%, accuracy@5=99.13%
[024-050] Evaluation:  : loss=0.50, accuracy@1=84.30%, accuracy@5=99.24%
<<<--->>> The 024-050-th epoch : found the highest validation accuracy : 84.30%.
Benchmark Results for cifar10 -> train: 0.0, valid: 0.0, test: 88.17539718493946
alpha 0 is Parameter containing:
tensor([[ 0.0180, -0.0191],
        [ 0.1444, -0.1436],
        [ 0.1862, -0.1883],
        [-0.0973,  0.0991],
        [ 0.2061, -0.2071],
        [-0.2746,  0.2770],
        [-0.0088,  0.0077],
        [ 0.1409, -0.1407],
        [ 0.0637, -0.0601],
        [ 0.0904, -0.0888],
        [-0.1431,  0.1454],
        [ 0.1875, -0.1871],
        [-0.1282,  0.1279],
        [ 0.0667, -0.0676]], device='cuda:0', requires_grad=True)
alpha 1 is Parameter containing:
tensor([[ 0.1935, -0.1936],
        [ 0.0746, -0.0747],
        [ 0.2246, -0.2246],
        [ 0.1821, -0.1816],
        [-0.0616,  0.0623],
        [ 0.2363, -0.2363],
        [ 0.1573, -0.1568],
        [ 0.0745, -0.0748],
        [-0.2060,  0.2059],
        [ 0.2006, -0.1995],
        [ 0.1682, -0.1685],
        [-0.0440,  0.0440],
        [ 0.0814, -0.0819],
        [ 0.1070, -0.1075]], device='cuda:0', requires_grad=True)
[025-050] Search: Model metrics  : loss=0.26, accuracy@1=90.82%, accuracy@5=99.80%, time-cost=2969.2 s
[025-050] Search: Architecture metrics  : loss=0.51, accuracy@1=83.70%, accuracy@5=99.11%
[025-050] Evaluation:  : loss=0.50, accuracy@1=83.97%, accuracy@5=99.13%
Benchmark Results for cifar10 -> train: 0.0, valid: 0.0, test: 88.39543425838784
alpha 0 is Parameter containing:
tensor([[ 0.0328, -0.0339],
        [ 0.1564, -0.1557],
        [ 0.1946, -0.1968],
        [-0.0844,  0.0862],
        [ 0.2229, -0.2239],
        [-0.3021,  0.3045],
        [ 0.0115, -0.0127],
        [ 0.1684, -0.1683],
        [ 0.0847, -0.0812],
        [ 0.0964, -0.0947],
        [-0.1581,  0.1604],
        [ 0.2041, -0.2037],
        [-0.1396,  0.1394],
        [ 0.0683, -0.0692]], device='cuda:0', requires_grad=True)
alpha 1 is Parameter containing:
tensor([[ 0.1809, -0.1810],
        [ 0.0846, -0.0847],
        [ 0.2135, -0.2135],
        [ 0.1797, -0.1792],
        [-0.0690,  0.0697],
        [ 0.2242, -0.2242],
        [ 0.1632, -0.1627],
        [ 0.0788, -0.0792],
        [-0.2091,  0.2089],
        [ 0.1898, -0.1887],
        [ 0.1677, -0.1680],
        [-0.0417,  0.0416],
        [ 0.0844, -0.0849],
        [ 0.1152, -0.1157]], device='cuda:0', requires_grad=True)
[026-050] Search: Model metrics  : loss=0.25, accuracy@1=91.51%, accuracy@5=99.83%, time-cost=3088.2 s
[026-050] Search: Architecture metrics  : loss=0.51, accuracy@1=83.79%, accuracy@5=99.19%
[026-050] Evaluation:  : loss=0.49, accuracy@1=84.39%, accuracy@5=99.12%
<<<--->>> The 026-050-th epoch : found the highest validation accuracy : 84.39%.
Benchmark Results for cifar10 -> train: 0.0, valid: 0.0, test: 88.23177796529124
alpha 0 is Parameter containing:
tensor([[ 0.0427, -0.0438],
        [ 0.1657, -0.1650],
        [ 0.2034, -0.2056],
        [-0.0812,  0.0830],
        [ 0.2463, -0.2474],
        [-0.3348,  0.3372],
        [ 0.0292, -0.0304],
        [ 0.1838, -0.1836],
        [ 0.0968, -0.0932],
        [ 0.1053, -0.1037],
        [-0.1748,  0.1770],
        [ 0.2241, -0.2237],
        [-0.1658,  0.1656],
        [ 0.0573, -0.0582]], device='cuda:0', requires_grad=True)
alpha 1 is Parameter containing:
tensor([[ 0.1702, -0.1702],
        [ 0.0844, -0.0845],
        [ 0.2068, -0.2068],
        [ 0.1754, -0.1750],
        [-0.0651,  0.0658],
        [ 0.2186, -0.2186],
        [ 0.1664, -0.1659],
        [ 0.0808, -0.0811],
        [-0.2170,  0.2168],
        [ 0.1837, -0.1827],
        [ 0.1651, -0.1654],
        [-0.0358,  0.0357],
        [ 0.0811, -0.0816],
        [ 0.1241, -0.1247]], device='cuda:0', requires_grad=True)
[027-050] Search: Model metrics  : loss=0.23, accuracy@1=91.72%, accuracy@5=99.81%, time-cost=3208.3 s
[027-050] Search: Architecture metrics  : loss=0.51, accuracy@1=84.01%, accuracy@5=99.08%
[027-050] Evaluation:  : loss=0.50, accuracy@1=84.08%, accuracy@5=99.18%
Benchmark Results for cifar10 -> train: 0.0, valid: 0.0, test: 88.13747226304697
alpha 0 is Parameter containing:
tensor([[ 0.0530, -0.0541],
        [ 0.1680, -0.1673],
        [ 0.2193, -0.2215],
        [-0.0673,  0.0691],
        [ 0.2746, -0.2757],
        [-0.3621,  0.3645],
        [ 0.0460, -0.0472],
        [ 0.2111, -0.2109],
        [ 0.1236, -0.1201],
        [ 0.1186, -0.1169],
        [-0.1934,  0.1956],
        [ 0.2358, -0.2354],
        [-0.1693,  0.1690],
        [ 0.0627, -0.0636]], device='cuda:0', requires_grad=True)
alpha 1 is Parameter containing:
tensor([[ 0.1612, -0.1612],
        [ 0.0883, -0.0884],
        [ 0.1967, -0.1967],
        [ 0.1561, -0.1557],
        [-0.0604,  0.0610],
        [ 0.2085, -0.2085],
        [ 0.1638, -0.1633],
        [ 0.0861, -0.0864],
        [-0.2270,  0.2268],
        [ 0.1763, -0.1753],
        [ 0.1527, -0.1530],
        [-0.0355,  0.0354],
        [ 0.0853, -0.0858],
        [ 0.1230, -0.1235]], device='cuda:0', requires_grad=True)
[028-050] Search: Model metrics  : loss=0.22, accuracy@1=91.99%, accuracy@5=99.88%, time-cost=3326.0 s
[028-050] Search: Architecture metrics  : loss=0.50, accuracy@1=84.44%, accuracy@5=99.13%
[028-050] Evaluation:  : loss=0.51, accuracy@1=84.14%, accuracy@5=99.14%
Benchmark Results for cifar10 -> train: 0.0, valid: 0.0, test: 88.31998099257993
alpha 0 is Parameter containing:
tensor([[ 0.0552, -0.0563],
        [ 0.1701, -0.1694],
        [ 0.2274, -0.2296],
        [-0.0677,  0.0694],
        [ 0.2864, -0.2874],
        [-0.4023,  0.4046],
        [ 0.0659, -0.0670],
        [ 0.2342, -0.2341],
        [ 0.1386, -0.1351],
        [ 0.1238, -0.1221],
        [-0.2106,  0.2129],
        [ 0.2501, -0.2497],
        [-0.1906,  0.1903],
        [ 0.0664, -0.0673]], device='cuda:0', requires_grad=True)
alpha 1 is Parameter containing:
tensor([[ 0.1610, -0.1610],
        [ 0.0845, -0.0846],
        [ 0.1991, -0.1991],
        [ 0.1500, -0.1496],
        [-0.0581,  0.0587],
        [ 0.2083, -0.2083],
        [ 0.1687, -0.1682],
        [ 0.0939, -0.0942],
        [-0.2213,  0.2212],
        [ 0.1779, -0.1769],
        [ 0.1480, -0.1482],
        [-0.0286,  0.0286],
        [ 0.0902, -0.0907],
        [ 0.1340, -0.1345]], device='cuda:0', requires_grad=True)
[029-050] Search: Model metrics  : loss=0.21, accuracy@1=92.40%, accuracy@5=99.88%, time-cost=3442.1 s
[029-050] Search: Architecture metrics  : loss=0.50, accuracy@1=84.45%, accuracy@5=99.16%
[029-050] Evaluation:  : loss=0.50, accuracy@1=84.50%, accuracy@5=99.29%
<<<--->>> The 029-050-th epoch : found the highest validation accuracy : 84.50%.
Benchmark Results for cifar10 -> train: 0.0, valid: 0.0, test: 88.3967431824356
alpha 0 is Parameter containing:
tensor([[ 0.0603, -0.0614],
        [ 0.1868, -0.1861],
        [ 0.2342, -0.2363],
        [-0.0525,  0.0543],
        [ 0.3075, -0.3086],
        [-0.4218,  0.4241],
        [ 0.0786, -0.0797],
        [ 0.2635, -0.2634],
        [ 0.1652, -0.1616],
        [ 0.1344, -0.1328],
        [-0.2299,  0.2321],
        [ 0.2684, -0.2680],
        [-0.1946,  0.1944],
        [ 0.0602, -0.0611]], device='cuda:0', requires_grad=True)
alpha 1 is Parameter containing:
tensor([[ 0.1618, -0.1618],
        [ 0.0822, -0.0823],
        [ 0.1982, -0.1982],
        [ 0.1420, -0.1416],
        [-0.0478,  0.0485],
        [ 0.2110, -0.2111],
        [ 0.1820, -0.1815],
        [ 0.1047, -0.1050],
        [-0.2254,  0.2253],
        [ 0.1813, -0.1803],
        [ 0.1453, -0.1456],
        [-0.0248,  0.0248],
        [ 0.0935, -0.0940],
        [ 0.1399, -0.1404]], device='cuda:0', requires_grad=True)
[030-050] Search: Model metrics  : loss=0.20, accuracy@1=93.02%, accuracy@5=99.91%, time-cost=3562.0 s
[030-050] Search: Architecture metrics  : loss=0.48, accuracy@1=85.13%, accuracy@5=99.34%
[030-050] Evaluation:  : loss=0.48, accuracy@1=85.08%, accuracy@5=99.33%
<<<--->>> The 030-050-th epoch : found the highest validation accuracy : 85.08%.
Benchmark Results for cifar10 -> train: 0.0, valid: 0.0, test: 90.47191637978817
alpha 0 is Parameter containing:
tensor([[ 0.0558, -0.0569],
        [ 0.2070, -0.2063],
        [ 0.2419, -0.2440],
        [-0.0400,  0.0418],
        [ 0.3261, -0.3271],
        [-0.4461,  0.4484],
        [ 0.0981, -0.0992],
        [ 0.2812, -0.2811],
        [ 0.1853, -0.1817],
        [ 0.1382, -0.1365],
        [-0.2549,  0.2570],
        [ 0.2871, -0.2867],
        [-0.2117,  0.2115],
        [ 0.0534, -0.0543]], device='cuda:0', requires_grad=True)
alpha 1 is Parameter containing:
tensor([[ 0.1625, -0.1626],
        [ 0.1068, -0.1069],
        [ 0.1999, -0.1998],
        [ 0.1431, -0.1427],
        [-0.0388,  0.0395],
        [ 0.2119, -0.2120],
        [ 0.1892, -0.1887],
        [ 0.1092, -0.1095],
        [-0.2178,  0.2177],
        [ 0.1838, -0.1828],
        [ 0.1419, -0.1421],
        [-0.0104,  0.0104],
        [ 0.1096, -0.1101],
        [ 0.1529, -0.1534]], device='cuda:0', requires_grad=True)
[031-050] Search: Model metrics  : loss=0.19, accuracy@1=93.28%, accuracy@5=99.90%, time-cost=3678.9 s
[031-050] Search: Architecture metrics  : loss=0.50, accuracy@1=84.74%, accuracy@5=99.21%
[031-050] Evaluation:  : loss=0.49, accuracy@1=84.94%, accuracy@5=99.28%
Benchmark Results for cifar10 -> train: 0.0, valid: 0.0, test: 90.63091076816345
alpha 0 is Parameter containing:
tensor([[ 0.0752, -0.0763],
        [ 0.2288, -0.2280],
        [ 0.2594, -0.2615],
        [-0.0259,  0.0276],
        [ 0.3554, -0.3564],
        [-0.4733,  0.4756],
        [ 0.1231, -0.1242],
        [ 0.3083, -0.3081],
        [ 0.2157, -0.2122],
        [ 0.1446, -0.1430],
        [-0.2772,  0.2793],
        [ 0.3108, -0.3104],
        [-0.2243,  0.2241],
        [ 0.0456, -0.0465]], device='cuda:0', requires_grad=True)
alpha 1 is Parameter containing:
tensor([[ 0.1675, -0.1675],
        [ 0.1151, -0.1152],
        [ 0.2035, -0.2035],
        [ 0.1394, -0.1390],
        [-0.0377,  0.0383],
        [ 0.2162, -0.2163],
        [ 0.1902, -0.1897],
        [ 0.1213, -0.1216],
        [-0.2228,  0.2227],
        [ 0.1845, -0.1836],
        [ 0.1378, -0.1381],
        [-0.0114,  0.0114],
        [ 0.1124, -0.1129],
        [ 0.1599, -0.1604]], device='cuda:0', requires_grad=True)
[032-050] Search: Model metrics  : loss=0.18, accuracy@1=93.60%, accuracy@5=99.92%, time-cost=3798.3 s
[032-050] Search: Architecture metrics  : loss=0.48, accuracy@1=84.99%, accuracy@5=99.18%
[032-050] Evaluation:  : loss=0.53, accuracy@1=84.64%, accuracy@5=99.13%
Benchmark Results for cifar10 -> train: 0.0, valid: 0.0, test: 90.43658682069778
alpha 0 is Parameter containing:
tensor([[ 7.6266e-02, -7.7360e-02],
        [ 2.3803e-01, -2.3732e-01],
        [ 2.7378e-01, -2.7589e-01],
        [-2.9162e-04,  2.0345e-03],
        [ 3.8192e-01, -3.8294e-01],
        [-4.9354e-01,  4.9580e-01],
        [ 1.5279e-01, -1.5390e-01],
        [ 3.3052e-01, -3.3035e-01],
        [ 2.3964e-01, -2.3614e-01],
        [ 1.5464e-01, -1.5302e-01],
        [-2.9726e-01,  2.9942e-01],
        [ 3.2734e-01, -3.2696e-01],
        [-2.2050e-01,  2.2024e-01],
        [ 4.9648e-02, -5.0524e-02]], device='cuda:0', requires_grad=True)
alpha 1 is Parameter containing:
tensor([[ 0.1630, -0.1630],
        [ 0.1159, -0.1159],
        [ 0.2023, -0.2023],
        [ 0.1296, -0.1292],
        [-0.0302,  0.0308],
        [ 0.2166, -0.2166],
        [ 0.1995, -0.1990],
        [ 0.1316, -0.1319],
        [-0.2125,  0.2124],
        [ 0.1856, -0.1847],
        [ 0.1276, -0.1278],
        [-0.0141,  0.0140],
        [ 0.1176, -0.1181],
        [ 0.1672, -0.1676]], device='cuda:0', requires_grad=True)
[033-050] Search: Model metrics  : loss=0.17, accuracy@1=93.96%, accuracy@5=99.93%, time-cost=3912.4 s
[033-050] Search: Architecture metrics  : loss=0.50, accuracy@1=84.63%, accuracy@5=99.24%
[033-050] Evaluation:  : loss=0.49, accuracy@1=85.10%, accuracy@5=99.24%
<<<--->>> The 033-050-th epoch : found the highest validation accuracy : 85.10%.
Benchmark Results for cifar10 -> train: 0.0, valid: 0.0, test: 90.15333251193591
alpha 0 is Parameter containing:
tensor([[ 0.0800, -0.0811],
        [ 0.2385, -0.2378],
        [ 0.2843, -0.2864],
        [ 0.0218, -0.0201],
        [ 0.3940, -0.3950],
        [-0.5151,  0.5173],
        [ 0.1689, -0.1700],
        [ 0.3540, -0.3538],
        [ 0.2647, -0.2612],
        [ 0.1700, -0.1684],
        [-0.3261,  0.3282],
        [ 0.3471, -0.3468],
        [-0.2342,  0.2339],
        [ 0.0397, -0.0405]], device='cuda:0', requires_grad=True)
alpha 1 is Parameter containing:
tensor([[ 0.1560, -0.1560],
        [ 0.1123, -0.1124],
        [ 0.1942, -0.1942],
        [ 0.1161, -0.1157],
        [-0.0413,  0.0419],
        [ 0.2103, -0.2104],
        [ 0.2091, -0.2087],
        [ 0.1360, -0.1363],
        [-0.2152,  0.2151],
        [ 0.1755, -0.1746],
        [ 0.1151, -0.1153],
        [-0.0153,  0.0153],
        [ 0.1052, -0.1057],
        [ 0.1675, -0.1680]], device='cuda:0', requires_grad=True)
[034-050] Search: Model metrics  : loss=0.17, accuracy@1=94.18%, accuracy@5=99.92%, time-cost=4031.9 s
[034-050] Search: Architecture metrics  : loss=0.51, accuracy@1=84.78%, accuracy@5=99.30%
[034-050] Evaluation:  : loss=0.49, accuracy@1=85.23%, accuracy@5=99.32%
<<<--->>> The 034-050-th epoch : found the highest validation accuracy : 85.23%.
Benchmark Results for cifar10 -> train: 0.0, valid: 0.0, test: 90.28232097963131
alpha 0 is Parameter containing:
tensor([[ 0.0856, -0.0867],
        [ 0.2562, -0.2555],
        [ 0.2980, -0.3001],
        [ 0.0342, -0.0324],
        [ 0.4155, -0.4165],
        [-0.5336,  0.5358],
        [ 0.1931, -0.1942],
        [ 0.3855, -0.3854],
        [ 0.2934, -0.2899],
        [ 0.1907, -0.1891],
        [-0.3520,  0.3542],
        [ 0.3743, -0.3739],
        [-0.2284,  0.2281],
        [ 0.0383, -0.0391]], device='cuda:0', requires_grad=True)
alpha 1 is Parameter containing:
tensor([[ 0.1633, -0.1633],
        [ 0.1096, -0.1097],
        [ 0.1993, -0.1993],
        [ 0.0947, -0.0943],
        [-0.0369,  0.0375],
        [ 0.2129, -0.2129],
        [ 0.2107, -0.2102],
        [ 0.1480, -0.1483],
        [-0.2116,  0.2114],
        [ 0.1764, -0.1755],
        [ 0.0907, -0.0910],
        [-0.0076,  0.0075],
        [ 0.1197, -0.1202],
        [ 0.1744, -0.1749]], device='cuda:0', requires_grad=True)
[035-050] Search: Model metrics  : loss=0.15, accuracy@1=94.81%, accuracy@5=99.95%, time-cost=4151.2 s
[035-050] Search: Architecture metrics  : loss=0.50, accuracy@1=85.04%, accuracy@5=99.25%
[035-050] Evaluation:  : loss=0.48, accuracy@1=85.47%, accuracy@5=99.32%
<<<--->>> The 035-050-th epoch : found the highest validation accuracy : 85.47%.
Benchmark Results for cifar10 -> train: 0.0, valid: 0.0, test: 90.42921346442976
alpha 0 is Parameter containing:
tensor([[ 0.0848, -0.0859],
        [ 0.2672, -0.2664],
        [ 0.3113, -0.3134],
        [ 0.0485, -0.0467],
        [ 0.4414, -0.4424],
        [-0.5489,  0.5511],
        [ 0.2164, -0.2175],
        [ 0.4102, -0.4101],
        [ 0.3132, -0.3098],
        [ 0.2054, -0.2038],
        [-0.3635,  0.3656],
        [ 0.3806, -0.3803],
        [-0.2308,  0.2306],
        [ 0.0511, -0.0520]], device='cuda:0', requires_grad=True)
alpha 1 is Parameter containing:
tensor([[ 0.1664, -0.1665],
        [ 0.1112, -0.1113],
        [ 0.2011, -0.2011],
        [ 0.0842, -0.0838],
        [-0.0334,  0.0340],
        [ 0.2172, -0.2172],
        [ 0.2041, -0.2036],
        [ 0.1469, -0.1472],
        [-0.2174,  0.2173],
        [ 0.1800, -0.1791],
        [ 0.0829, -0.0831],
        [-0.0091,  0.0091],
        [ 0.1276, -0.1280],
        [ 0.1790, -0.1795]], device='cuda:0', requires_grad=True)
[036-050] Search: Model metrics  : loss=0.14, accuracy@1=95.20%, accuracy@5=99.94%, time-cost=4267.4 s
[036-050] Search: Architecture metrics  : loss=0.50, accuracy@1=85.55%, accuracy@5=99.18%
[036-050] Evaluation:  : loss=0.52, accuracy@1=85.29%, accuracy@5=99.27%
Benchmark Results for cifar10 -> train: 0.0, valid: 0.0, test: 90.19198042038478
alpha 0 is Parameter containing:
tensor([[ 0.0931, -0.0942],
        [ 0.2709, -0.2702],
        [ 0.3219, -0.3240],
        [ 0.0715, -0.0697],
        [ 0.4607, -0.4617],
        [-0.5755,  0.5777],
        [ 0.2410, -0.2421],
        [ 0.4287, -0.4285],
        [ 0.3477, -0.3442],
        [ 0.2130, -0.2114],
        [-0.3782,  0.3803],
        [ 0.4071, -0.4068],
        [-0.2482,  0.2480],
        [ 0.0532, -0.0541]], device='cuda:0', requires_grad=True)
alpha 1 is Parameter containing:
tensor([[ 0.1668, -0.1669],
        [ 0.1195, -0.1196],
        [ 0.1972, -0.1972],
        [ 0.0809, -0.0805],
        [-0.0296,  0.0302],
        [ 0.2110, -0.2110],
        [ 0.1965, -0.1960],
        [ 0.1509, -0.1512],
        [-0.2236,  0.2235],
        [ 0.1743, -0.1735],
        [ 0.0809, -0.0811],
        [-0.0116,  0.0116],
        [ 0.1254, -0.1258],
        [ 0.1782, -0.1787]], device='cuda:0', requires_grad=True)
[037-050] Search: Model metrics  : loss=0.14, accuracy@1=95.12%, accuracy@5=99.95%, time-cost=4387.6 s
[037-050] Search: Architecture metrics  : loss=0.51, accuracy@1=85.21%, accuracy@5=99.21%
[037-050] Evaluation:  : loss=0.48, accuracy@1=86.05%, accuracy@5=99.30%
<<<--->>> The 037-050-th epoch : found the highest validation accuracy : 86.05%.
Benchmark Results for cifar10 -> train: 0.0, valid: 0.0, test: 90.37108228541288
alpha 0 is Parameter containing:
tensor([[ 0.0976, -0.0987],
        [ 0.2757, -0.2750],
        [ 0.3279, -0.3299],
        [ 0.1013, -0.0995],
        [ 0.4817, -0.4827],
        [-0.6052,  0.6074],
        [ 0.2642, -0.2653],
        [ 0.4579, -0.4578],
        [ 0.3659, -0.3625],
        [ 0.2171, -0.2155],
        [-0.4070,  0.4091],
        [ 0.4205, -0.4201],
        [-0.2573,  0.2571],
        [ 0.0375, -0.0383]], device='cuda:0', requires_grad=True)
alpha 1 is Parameter containing:
tensor([[ 0.1633, -0.1634],
        [ 0.1257, -0.1258],
        [ 0.1965, -0.1965],
        [ 0.0789, -0.0785],
        [-0.0383,  0.0388],
        [ 0.2062, -0.2063],
        [ 0.1918, -0.1914],
        [ 0.1475, -0.1478],
        [-0.2309,  0.2308],
        [ 0.1741, -0.1732],
        [ 0.0785, -0.0787],
        [-0.0215,  0.0214],
        [ 0.1290, -0.1295],
        [ 0.1792, -0.1796]], device='cuda:0', requires_grad=True)
[038-050] Search: Model metrics  : loss=0.13, accuracy@1=95.62%, accuracy@5=99.96%, time-cost=4506.2 s
[038-050] Search: Architecture metrics  : loss=0.50, accuracy@1=85.64%, accuracy@5=99.25%
[038-050] Evaluation:  : loss=0.49, accuracy@1=85.86%, accuracy@5=99.29%
Benchmark Results for cifar10 -> train: 0.0, valid: 0.0, test: 90.42401676736303
alpha 0 is Parameter containing:
tensor([[ 0.1092, -0.1103],
        [ 0.2877, -0.2870],
        [ 0.3381, -0.3402],
        [ 0.1216, -0.1199],
        [ 0.4970, -0.4980],
        [-0.6286,  0.6308],
        [ 0.3013, -0.3024],
        [ 0.4815, -0.4813],
        [ 0.3853, -0.3819],
        [ 0.2259, -0.2243],
        [-0.4351,  0.4372],
        [ 0.4497, -0.4493],
        [-0.2461,  0.2458],
        [ 0.0304, -0.0312]], device='cuda:0', requires_grad=True)
alpha 1 is Parameter containing:
tensor([[ 0.1605, -0.1606],
        [ 0.1294, -0.1295],
        [ 0.1937, -0.1937],
        [ 0.0678, -0.0674],
        [-0.0381,  0.0387],
        [ 0.2026, -0.2027],
        [ 0.1814, -0.1809],
        [ 0.1503, -0.1506],
        [-0.2349,  0.2348],
        [ 0.1731, -0.1723],
        [ 0.0741, -0.0743],
        [-0.0202,  0.0201],
        [ 0.1262, -0.1267],
        [ 0.1842, -0.1846]], device='cuda:0', requires_grad=True)
[039-050] Search: Model metrics  : loss=0.12, accuracy@1=95.96%, accuracy@5=99.98%, time-cost=4626.0 s
[039-050] Search: Architecture metrics  : loss=0.51, accuracy@1=85.21%, accuracy@5=99.32%
[039-050] Evaluation:  : loss=0.49, accuracy@1=85.92%, accuracy@5=99.34%
Benchmark Results for cifar10 -> train: 0.0, valid: 0.0, test: 90.01772070828726
alpha 0 is Parameter containing:
tensor([[ 0.1075, -0.1086],
        [ 0.3047, -0.3040],
        [ 0.3586, -0.3607],
        [ 0.1383, -0.1366],
        [ 0.5293, -0.5303],
        [-0.6448,  0.6470],
        [ 0.3313, -0.3324],
        [ 0.5081, -0.5080],
        [ 0.4081, -0.4046],
        [ 0.2389, -0.2373],
        [-0.4540,  0.4560],
        [ 0.4653, -0.4650],
        [-0.2424,  0.2422],
        [ 0.0385, -0.0393]], device='cuda:0', requires_grad=True)
alpha 1 is Parameter containing:
tensor([[ 0.1654, -0.1655],
        [ 0.1431, -0.1432],
        [ 0.1991, -0.1991],
        [ 0.0627, -0.0623],
        [-0.0399,  0.0404],
        [ 0.2112, -0.2113],
        [ 0.1707, -0.1703],
        [ 0.1440, -0.1443],
        [-0.2369,  0.2367],
        [ 0.1802, -0.1794],
        [ 0.0744, -0.0746],
        [-0.0278,  0.0278],
        [ 0.1203, -0.1208],
        [ 0.1844, -0.1849]], device='cuda:0', requires_grad=True)
[040-050] Search: Model metrics  : loss=0.11, accuracy@1=96.25%, accuracy@5=99.97%, time-cost=4745.4 s
[040-050] Search: Architecture metrics  : loss=0.51, accuracy@1=85.33%, accuracy@5=99.32%
[040-050] Evaluation:  : loss=0.49, accuracy@1=86.17%, accuracy@5=99.28%
<<<--->>> The 040-050-th epoch : found the highest validation accuracy : 86.17%.
Benchmark Results for cifar10 -> train: 0.0, valid: 0.0, test: 90.28977001614172
alpha 0 is Parameter containing:
tensor([[ 0.1059, -0.1070],
        [ 0.3144, -0.3137],
        [ 0.3658, -0.3678],
        [ 0.1610, -0.1593],
        [ 0.5436, -0.5446],
        [-0.6654,  0.6675],
        [ 0.3587, -0.3598],
        [ 0.5256, -0.5254],
        [ 0.4216, -0.4182],
        [ 0.2340, -0.2324],
        [-0.4792,  0.4812],
        [ 0.4717, -0.4713],
        [-0.2472,  0.2469],
        [ 0.0333, -0.0342]], device='cuda:0', requires_grad=True)
alpha 1 is Parameter containing:
tensor([[ 0.1573, -0.1574],
        [ 0.1446, -0.1447],
        [ 0.1902, -0.1901],
        [ 0.0441, -0.0437],
        [-0.0336,  0.0342],
        [ 0.2024, -0.2024],
        [ 0.1736, -0.1732],
        [ 0.1444, -0.1447],
        [-0.2404,  0.2403],
        [ 0.1699, -0.1692],
        [ 0.0580, -0.0582],
        [-0.0298,  0.0298],
        [ 0.1163, -0.1168],
        [ 0.1831, -0.1835]], device='cuda:0', requires_grad=True)
[041-050] Search: Model metrics  : loss=0.11, accuracy@1=96.28%, accuracy@5=99.99%, time-cost=4863.2 s
[041-050] Search: Architecture metrics  : loss=0.50, accuracy@1=85.64%, accuracy@5=99.32%
[041-050] Evaluation:  : loss=0.48, accuracy@1=86.56%, accuracy@5=99.37%
<<<--->>> The 041-050-th epoch : found the highest validation accuracy : 86.56%.
Benchmark Results for cifar10 -> train: 0.0, valid: 0.0, test: 90.4381579052608
alpha 0 is Parameter containing:
tensor([[ 0.1139, -0.1150],
        [ 0.3331, -0.3324],
        [ 0.3727, -0.3748],
        [ 0.1763, -0.1746],
        [ 0.5595, -0.5605],
        [-0.6831,  0.6852],
        [ 0.3797, -0.3808],
        [ 0.5501, -0.5499],
        [ 0.4377, -0.4343],
        [ 0.2434, -0.2418],
        [-0.4908,  0.4928],
        [ 0.4782, -0.4778],
        [-0.2367,  0.2365],
        [ 0.0311, -0.0320]], device='cuda:0', requires_grad=True)
alpha 1 is Parameter containing:
tensor([[ 0.1560, -0.1561],
        [ 0.1535, -0.1536],
        [ 0.1878, -0.1878],
        [ 0.0337, -0.0334],
        [-0.0217,  0.0223],
        [ 0.2013, -0.2014],
        [ 0.1728, -0.1724],
        [ 0.1602, -0.1605],
        [-0.2391,  0.2390],
        [ 0.1670, -0.1662],
        [ 0.0480, -0.0482],
        [-0.0198,  0.0198],
        [ 0.1301, -0.1305],
        [ 0.1961, -0.1966]], device='cuda:0', requires_grad=True)
[042-050] Search: Model metrics  : loss=0.10, accuracy@1=96.60%, accuracy@5=99.98%, time-cost=4979.9 s
[042-050] Search: Architecture metrics  : loss=0.50, accuracy@1=85.76%, accuracy@5=99.32%
[042-050] Evaluation:  : loss=0.49, accuracy@1=86.22%, accuracy@5=99.41%
Benchmark Results for cifar10 -> train: 0.0, valid: 0.0, test: 90.9129163450014
alpha 0 is Parameter containing:
tensor([[ 0.1067, -0.1078],
        [ 0.3247, -0.3240],
        [ 0.3760, -0.3781],
        [ 0.1938, -0.1921],
        [ 0.5582, -0.5592],
        [-0.7023,  0.7044],
        [ 0.3866, -0.3877],
        [ 0.5608, -0.5607],
        [ 0.4516, -0.4482],
        [ 0.2460, -0.2445],
        [-0.5109,  0.5129],
        [ 0.4780, -0.4777],
        [-0.2283,  0.2280],
        [ 0.0411, -0.0420]], device='cuda:0', requires_grad=True)
alpha 1 is Parameter containing:
tensor([[ 0.1464, -0.1465],
        [ 0.1484, -0.1485],
        [ 0.1823, -0.1823],
        [ 0.0303, -0.0299],
        [-0.0309,  0.0315],
        [ 0.1956, -0.1957],
        [ 0.1598, -0.1594],
        [ 0.1643, -0.1646],
        [-0.2447,  0.2445],
        [ 0.1625, -0.1617],
        [ 0.0476, -0.0478],
        [-0.0269,  0.0269],
        [ 0.1232, -0.1236],
        [ 0.1940, -0.1944]], device='cuda:0', requires_grad=True)
[043-050] Search: Model metrics  : loss=0.09, accuracy@1=96.97%, accuracy@5=99.99%, time-cost=5095.2 s
[043-050] Search: Architecture metrics  : loss=0.50, accuracy@1=85.77%, accuracy@5=99.28%
[043-050] Evaluation:  : loss=0.49, accuracy@1=86.47%, accuracy@5=99.34%
Benchmark Results for cifar10 -> train: 0.0, valid: 0.0, test: 90.86712271407902
alpha 0 is Parameter containing:
tensor([[ 0.1081, -0.1092],
        [ 0.3318, -0.3311],
        [ 0.3899, -0.3920],
        [ 0.2062, -0.2045],
        [ 0.5841, -0.5851],
        [-0.7224,  0.7245],
        [ 0.4065, -0.4075],
        [ 0.5834, -0.5833],
        [ 0.4731, -0.4697],
        [ 0.2500, -0.2484],
        [-0.5289,  0.5309],
        [ 0.4934, -0.4930],
        [-0.2149,  0.2147],
        [ 0.0431, -0.0440]], device='cuda:0', requires_grad=True)
alpha 1 is Parameter containing:
tensor([[ 0.1563, -0.1563],
        [ 0.1466, -0.1467],
        [ 0.1944, -0.1944],
        [ 0.0174, -0.0170],
        [-0.0302,  0.0307],
        [ 0.2087, -0.2087],
        [ 0.1503, -0.1498],
        [ 0.1699, -0.1702],
        [-0.2450,  0.2449],
        [ 0.1746, -0.1739],
        [ 0.0339, -0.0341],
        [-0.0206,  0.0206],
        [ 0.1318, -0.1322],
        [ 0.2032, -0.2036]], device='cuda:0', requires_grad=True)
[044-050] Search: Model metrics  : loss=0.09, accuracy@1=97.02%, accuracy@5=99.99%, time-cost=5214.2 s
[044-050] Search: Architecture metrics  : loss=0.49, accuracy@1=86.11%, accuracy@5=99.40%
[044-050] Evaluation:  : loss=0.48, accuracy@1=86.56%, accuracy@5=99.38%
Benchmark Results for cifar10 -> train: 0.0, valid: 0.0, test: 90.8274450934366
alpha 0 is Parameter containing:
tensor([[ 0.1060, -0.1071],
        [ 0.3498, -0.3491],
        [ 0.4091, -0.4112],
        [ 0.2304, -0.2287],
        [ 0.6070, -0.6080],
        [-0.7409,  0.7430],
        [ 0.4262, -0.4273],
        [ 0.6077, -0.6076],
        [ 0.4960, -0.4926],
        [ 0.2547, -0.2532],
        [-0.5492,  0.5512],
        [ 0.5150, -0.5146],
        [-0.2144,  0.2141],
        [ 0.0435, -0.0444]], device='cuda:0', requires_grad=True)
alpha 1 is Parameter containing:
tensor([[ 0.1519, -0.1520],
        [ 0.1542, -0.1543],
        [ 0.1890, -0.1890],
        [ 0.0089, -0.0085],
        [-0.0286,  0.0292],
        [ 0.2057, -0.2058],
        [ 0.1471, -0.1467],
        [ 0.1726, -0.1729],
        [-0.2438,  0.2436],
        [ 0.1715, -0.1708],
        [ 0.0298, -0.0300],
        [-0.0283,  0.0283],
        [ 0.1339, -0.1343],
        [ 0.2017, -0.2022]], device='cuda:0', requires_grad=True)
[045-050] Search: Model metrics  : loss=0.09, accuracy@1=97.12%, accuracy@5=100.00%, time-cost=5333.4 s
[045-050] Search: Architecture metrics  : loss=0.50, accuracy@1=86.08%, accuracy@5=99.40%
[045-050] Evaluation:  : loss=0.49, accuracy@1=86.27%, accuracy@5=99.45%
Benchmark Results for cifar10 -> train: 0.0, valid: 0.0, test: 91.08462284399104
alpha 0 is Parameter containing:
tensor([[ 0.1215, -0.1225],
        [ 0.3598, -0.3591],
        [ 0.4206, -0.4226],
        [ 0.2509, -0.2492],
        [ 0.6323, -0.6333],
        [-0.7546,  0.7567],
        [ 0.4472, -0.4482],
        [ 0.6248, -0.6247],
        [ 0.5122, -0.5088],
        [ 0.2661, -0.2646],
        [-0.5651,  0.5671],
        [ 0.5380, -0.5376],
        [-0.2100,  0.2098],
        [ 0.0536, -0.0545]], device='cuda:0', requires_grad=True)
alpha 1 is Parameter containing:
tensor([[ 0.1459, -0.1459],
        [ 0.1467, -0.1468],
        [ 0.1862, -0.1861],
        [-0.0064,  0.0068],
        [-0.0214,  0.0219],
        [ 0.2031, -0.2031],
        [ 0.1360, -0.1355],
        [ 0.1618, -0.1621],
        [-0.2486,  0.2485],
        [ 0.1671, -0.1664],
        [ 0.0155, -0.0157],
        [-0.0264,  0.0264],
        [ 0.1363, -0.1367],
        [ 0.2120, -0.2124]], device='cuda:0', requires_grad=True)
[046-050] Search: Model metrics  : loss=0.09, accuracy@1=97.08%, accuracy@5=99.98%, time-cost=5452.5 s
[046-050] Search: Architecture metrics  : loss=0.51, accuracy@1=85.77%, accuracy@5=99.26%
[046-050] Evaluation:  : loss=0.47, accuracy@1=86.76%, accuracy@5=99.35%
<<<--->>> The 046-050-th epoch : found the highest validation accuracy : 86.76%.
Benchmark Results for cifar10 -> train: 0.0, valid: 0.0, test: 90.82374210619221
alpha 0 is Parameter containing:
tensor([[ 0.1161, -0.1172],
        [ 0.3639, -0.3632],
        [ 0.4278, -0.4299],
        [ 0.2790, -0.2773],
        [ 0.6531, -0.6540],
        [-0.7786,  0.7806],
        [ 0.4689, -0.4700],
        [ 0.6398, -0.6396],
        [ 0.5379, -0.5345],
        [ 0.2779, -0.2764],
        [-0.5652,  0.5672],
        [ 0.5494, -0.5490],
        [-0.2111,  0.2108],
        [ 0.0492, -0.0501]], device='cuda:0', requires_grad=True)
alpha 1 is Parameter containing:
tensor([[ 0.1389, -0.1389],
        [ 0.1549, -0.1550],
        [ 0.1772, -0.1772],
        [-0.0252,  0.0255],
        [-0.0320,  0.0325],
        [ 0.1965, -0.1965],
        [ 0.1263, -0.1259],
        [ 0.1585, -0.1588],
        [-0.2535,  0.2534],
        [ 0.1619, -0.1612],
        [ 0.0040, -0.0042],
        [-0.0272,  0.0272],
        [ 0.1382, -0.1386],
        [ 0.2134, -0.2139]], device='cuda:0', requires_grad=True)
[047-050] Search: Model metrics  : loss=0.08, accuracy@1=97.19%, accuracy@5=100.00%, time-cost=5572.0 s
[047-050] Search: Architecture metrics  : loss=0.51, accuracy@1=85.91%, accuracy@5=99.21%
[047-050] Evaluation:  : loss=0.49, accuracy@1=86.45%, accuracy@5=99.38%
Benchmark Results for cifar10 -> train: 0.0, valid: 0.0, test: 90.1882120117433
alpha 0 is Parameter containing:
tensor([[ 0.1173, -0.1184],
        [ 0.3580, -0.3573],
        [ 0.4235, -0.4255],
        [ 0.2886, -0.2869],
        [ 0.6640, -0.6650],
        [-0.7996,  0.8017],
        [ 0.4876, -0.4887],
        [ 0.6482, -0.6481],
        [ 0.5453, -0.5420],
        [ 0.2782, -0.2767],
        [-0.5714,  0.5733],
        [ 0.5585, -0.5581],
        [-0.1980,  0.1978],
        [ 0.0536, -0.0544]], device='cuda:0', requires_grad=True)
alpha 1 is Parameter containing:
tensor([[ 0.1467, -0.1468],
        [ 0.1675, -0.1676],
        [ 0.1827, -0.1827],
        [-0.0318,  0.0321],
        [-0.0297,  0.0302],
        [ 0.2030, -0.2030],
        [ 0.1273, -0.1269],
        [ 0.1644, -0.1646],
        [-0.2552,  0.2551],
        [ 0.1691, -0.1684],
        [-0.0018,  0.0017],
        [-0.0184,  0.0184],
        [ 0.1415, -0.1420],
        [ 0.2184, -0.2188]], device='cuda:0', requires_grad=True)
[048-050] Search: Model metrics  : loss=0.08, accuracy@1=97.44%, accuracy@5=100.00%, time-cost=5690.7 s
[048-050] Search: Architecture metrics  : loss=0.50, accuracy@1=86.29%, accuracy@5=99.26%
[048-050] Evaluation:  : loss=0.49, accuracy@1=86.60%, accuracy@5=99.37%
Benchmark Results for cifar10 -> train: 0.0, valid: 0.0, test: 90.35829081082618
alpha 0 is Parameter containing:
tensor([[ 0.1068, -0.1079],
        [ 0.3558, -0.3551],
        [ 0.4155, -0.4175],
        [ 0.2959, -0.2942],
        [ 0.6717, -0.6727],
        [-0.8229,  0.8249],
        [ 0.5018, -0.5029],
        [ 0.6605, -0.6603],
        [ 0.5619, -0.5586],
        [ 0.2693, -0.2678],
        [-0.5771,  0.5790],
        [ 0.5661, -0.5657],
        [-0.1899,  0.1897],
        [ 0.0634, -0.0642]], device='cuda:0', requires_grad=True)
alpha 1 is Parameter containing:
tensor([[ 0.1392, -0.1392],
        [ 0.1700, -0.1700],
        [ 0.1824, -0.1824],
        [-0.0381,  0.0385],
        [-0.0301,  0.0307],
        [ 0.2005, -0.2005],
        [ 0.1198, -0.1194],
        [ 0.1732, -0.1734],
        [-0.2595,  0.2594],
        [ 0.1653, -0.1646],
        [-0.0095,  0.0093],
        [-0.0202,  0.0201],
        [ 0.1385, -0.1389],
        [ 0.2294, -0.2298]], device='cuda:0', requires_grad=True)
[049-050] Search: Model metrics  : loss=0.08, accuracy@1=97.48%, accuracy@5=100.00%, time-cost=5809.6 s
[049-050] Search: Architecture metrics  : loss=0.50, accuracy@1=86.31%, accuracy@5=99.34%
[049-050] Evaluation:  : loss=0.48, accuracy@1=86.51%, accuracy@5=99.38%
Benchmark Results for cifar10 -> train: 0.0, valid: 0.0, test: 90.45062888608115
alpha 0 is Parameter containing:
tensor([[ 0.1087, -0.1098],
        [ 0.3533, -0.3526],
        [ 0.4241, -0.4262],
        [ 0.3138, -0.3121],
        [ 0.6892, -0.6902],
        [-0.8403,  0.8423],
        [ 0.5120, -0.5131],
        [ 0.6602, -0.6601],
        [ 0.5756, -0.5722],
        [ 0.2726, -0.2710],
        [-0.5974,  0.5993],
        [ 0.5800, -0.5796],
        [-0.1791,  0.1789],
        [ 0.0617, -0.0625]], device='cuda:0', requires_grad=True)
alpha 1 is Parameter containing:
tensor([[ 0.1400, -0.1400],
        [ 0.1712, -0.1713],
        [ 0.1896, -0.1896],
        [-0.0485,  0.0488],
        [-0.0267,  0.0272],
        [ 0.2036, -0.2037],
        [ 0.1227, -0.1223],
        [ 0.1760, -0.1763],
        [-0.2619,  0.2618],
        [ 0.1724, -0.1717],
        [-0.0174,  0.0172],
        [-0.0199,  0.0198],
        [ 0.1395, -0.1400],
        [ 0.2406, -0.2410]], device='cuda:0', requires_grad=True)
[050-050] Search: Model metrics  : loss=0.08, accuracy@1=97.45%, accuracy@5=99.99%, time-cost=5928.6 s
[050-050] Search: Architecture metrics  : loss=0.51, accuracy@1=85.87%, accuracy@5=99.26%
[050-050] Evaluation:  : loss=0.48, accuracy@1=86.50%, accuracy@5=99.41%
Benchmark Results for cifar10 -> train: 0.0, valid: 0.0, test: 90.48122000744652
alpha 0 is Parameter containing:
tensor([[ 0.1127, -0.1137],
        [ 0.3598, -0.3591],
        [ 0.4207, -0.4227],
        [ 0.3338, -0.3321],
        [ 0.6905, -0.6915],
        [-0.8609,  0.8629],
        [ 0.5355, -0.5366],
        [ 0.6757, -0.6755],
        [ 0.5893, -0.5859],
        [ 0.2796, -0.2781],
        [-0.6185,  0.6204],
        [ 0.5923, -0.5920],
        [-0.1780,  0.1777],
        [ 0.0512, -0.0520]], device='cuda:0', requires_grad=True)
alpha 1 is Parameter containing:
tensor([[ 0.1426, -0.1426],
        [ 0.1713, -0.1714],
        [ 0.1904, -0.1904],
        [-0.0601,  0.0604],
        [-0.0296,  0.0302],
        [ 0.2103, -0.2104],
        [ 0.1232, -0.1228],
        [ 0.1827, -0.1830],
        [-0.2689,  0.2688],
        [ 0.1806, -0.1800],
        [-0.0253,  0.0251],
        [-0.0268,  0.0268],
        [ 0.1420, -0.1425],
        [ 0.2391, -0.2395]], device='cuda:0', requires_grad=True)
