[001-050] Search: Model metrics  : loss=1.53, accuracy@1=43.54%, accuracy@5=90.43%, time-cost=118.1 s
[001-050] Search: Architecture metrics  : loss=1.54, accuracy@1=43.14%, accuracy@5=89.86%
[001-050] Evaluation:  : loss=1.32, accuracy@1=52.78%, accuracy@5=93.75%
<<<--->>> The 001-050-th epoch : found the highest validation accuracy : 52.78%.
Benchmark Results for cifar10 -> train: 0.0, valid: 0.0, test: 93.55593422625051
alpha 0 is Parameter containing:
tensor([[-0.0156,  0.0165],
        [-0.0197,  0.0214],
        [-0.0192,  0.0180],
        [-0.0242,  0.0261],
        [-0.0324,  0.0352],
        [ 0.0231, -0.0226],
        [-0.0241,  0.0252],
        [-0.0285,  0.0270],
        [-0.0289,  0.0293],
        [-0.0242,  0.0225],
        [ 0.0144, -0.0149],
        [-0.0156,  0.0156],
        [ 0.0017, -0.0016],
        [ 0.0102, -0.0101]], device='cuda:0', requires_grad=True)
alpha 1 is Parameter containing:
tensor([[ 0.0546, -0.0563],
        [ 0.0112, -0.0116],
        [ 0.0541, -0.0536],
        [ 0.0548, -0.0529],
        [-0.0026,  0.0033],
        [ 0.0530, -0.0549],
        [ 0.0100, -0.0094],
        [-0.0031,  0.0018],
        [-0.0139,  0.0120],
        [ 0.0595, -0.0588],
        [ 0.0562, -0.0552],
        [-0.0144,  0.0126],
        [-0.0156,  0.0176],
        [-0.0092,  0.0075]], device='cuda:0', requires_grad=True)
[002-050] Search: Model metrics  : loss=1.11, accuracy@1=60.19%, accuracy@5=95.89%, time-cost=233.5 s
[002-050] Search: Architecture metrics  : loss=1.13, accuracy@1=60.09%, accuracy@5=95.58%
[002-050] Evaluation:  : loss=1.08, accuracy@1=62.55%, accuracy@5=95.82%
<<<--->>> The 002-050-th epoch : found the highest validation accuracy : 62.55%.
Benchmark Results for cifar10 -> train: 0.0, valid: 0.0, test: 93.39669907684129
alpha 0 is Parameter containing:
tensor([[-0.0327,  0.0337],
        [-0.0366,  0.0383],
        [-0.0238,  0.0226],
        [-0.0459,  0.0477],
        [-0.0542,  0.0570],
        [ 0.0303, -0.0299],
        [-0.0492,  0.0503],
        [-0.0345,  0.0330],
        [-0.0579,  0.0583],
        [-0.0307,  0.0290],
        [ 0.0460, -0.0465],
        [-0.0345,  0.0345],
        [-0.0098,  0.0099],
        [ 0.0014, -0.0013]], device='cuda:0', requires_grad=True)
alpha 1 is Parameter containing:
tensor([[ 0.0746, -0.0762],
        [ 0.0299, -0.0303],
        [ 0.0764, -0.0760],
        [ 0.0836, -0.0818],
        [-0.0256,  0.0263],
        [ 0.0775, -0.0793],
        [ 0.0136, -0.0129],
        [-0.0179,  0.0167],
        [-0.0330,  0.0312],
        [ 0.0857, -0.0850],
        [ 0.0876, -0.0866],
        [-0.0210,  0.0193],
        [-0.0236,  0.0256],
        [-0.0133,  0.0117]], device='cuda:0', requires_grad=True)
[003-050] Search: Model metrics  : loss=0.93, accuracy@1=67.54%, accuracy@5=97.24%, time-cost=351.0 s
[003-050] Search: Architecture metrics  : loss=0.94, accuracy@1=66.64%, accuracy@5=97.13%
[003-050] Evaluation:  : loss=0.96, accuracy@1=66.30%, accuracy@5=96.57%
<<<--->>> The 003-050-th epoch : found the highest validation accuracy : 66.30%.
Benchmark Results for cifar10 -> train: 0.0, valid: 0.0, test: 93.11400288616385
alpha 0 is Parameter containing:
tensor([[-0.0275,  0.0285],
        [-0.0420,  0.0437],
        [-0.0240,  0.0228],
        [-0.0558,  0.0577],
        [-0.0702,  0.0730],
        [ 0.0496, -0.0491],
        [-0.0641,  0.0651],
        [-0.0692,  0.0677],
        [-0.0762,  0.0766],
        [-0.0325,  0.0308],
        [ 0.0627, -0.0632],
        [-0.0482,  0.0483],
        [-0.0085,  0.0086],
        [ 0.0049, -0.0048]], device='cuda:0', requires_grad=True)
alpha 1 is Parameter containing:
tensor([[ 0.1041, -0.1057],
        [ 0.0471, -0.0475],
        [ 0.1063, -0.1059],
        [ 0.1175, -0.1158],
        [-0.0394,  0.0401],
        [ 0.1105, -0.1123],
        [ 0.0141, -0.0135],
        [-0.0448,  0.0436],
        [-0.0488,  0.0469],
        [ 0.1201, -0.1193],
        [ 0.1212, -0.1203],
        [-0.0300,  0.0283],
        [-0.0400,  0.0419],
        [-0.0131,  0.0116]], device='cuda:0', requires_grad=True)
[004-050] Search: Model metrics  : loss=0.81, accuracy@1=71.60%, accuracy@5=97.94%, time-cost=468.8 s
[004-050] Search: Architecture metrics  : loss=0.83, accuracy@1=70.89%, accuracy@5=97.81%
[004-050] Evaluation:  : loss=0.84, accuracy@1=70.92%, accuracy@5=97.71%
<<<--->>> The 004-050-th epoch : found the highest validation accuracy : 70.92%.
Benchmark Results for cifar10 -> train: 0.0, valid: 0.0, test: 93.12423519620987
alpha 0 is Parameter containing:
tensor([[-0.0341,  0.0350],
        [-0.0418,  0.0435],
        [-0.0214,  0.0202],
        [-0.0706,  0.0725],
        [-0.0817,  0.0844],
        [ 0.0675, -0.0670],
        [-0.0759,  0.0770],
        [-0.0781,  0.0766],
        [-0.0865,  0.0869],
        [-0.0243,  0.0226],
        [ 0.0724, -0.0729],
        [-0.0486,  0.0486],
        [-0.0224,  0.0225],
        [ 0.0110, -0.0109]], device='cuda:0', requires_grad=True)
alpha 1 is Parameter containing:
tensor([[ 0.1187, -0.1202],
        [ 0.0421, -0.0426],
        [ 0.1173, -0.1169],
        [ 0.1280, -0.1263],
        [-0.0485,  0.0492],
        [ 0.1195, -0.1213],
        [-0.0016,  0.0022],
        [-0.0576,  0.0565],
        [-0.0804,  0.0786],
        [ 0.1234, -0.1227],
        [ 0.1235, -0.1225],
        [-0.0361,  0.0345],
        [-0.0465,  0.0484],
        [-0.0160,  0.0144]], device='cuda:0', requires_grad=True)
[005-050] Search: Model metrics  : loss=0.72, accuracy@1=74.99%, accuracy@5=98.40%, time-cost=586.4 s
[005-050] Search: Architecture metrics  : loss=0.77, accuracy@1=73.07%, accuracy@5=98.12%
[005-050] Evaluation:  : loss=0.72, accuracy@1=75.18%, accuracy@5=98.32%
<<<--->>> The 005-050-th epoch : found the highest validation accuracy : 75.18%.
Benchmark Results for cifar10 -> train: 0.0, valid: 0.0, test: 93.13400924096955
alpha 0 is Parameter containing:
tensor([[-0.0268,  0.0277],
        [-0.0252,  0.0269],
        [-0.0088,  0.0076],
        [-0.0721,  0.0740],
        [-0.0811,  0.0839],
        [ 0.0707, -0.0703],
        [-0.0767,  0.0778],
        [-0.0906,  0.0892],
        [-0.0904,  0.0908],
        [-0.0168,  0.0151],
        [ 0.0904, -0.0909],
        [-0.0467,  0.0467],
        [-0.0177,  0.0178],
        [ 0.0165, -0.0164]], device='cuda:0', requires_grad=True)
alpha 1 is Parameter containing:
tensor([[ 0.1355, -0.1370],
        [ 0.0554, -0.0559],
        [ 0.1313, -0.1309],
        [ 0.1398, -0.1381],
        [-0.0402,  0.0408],
        [ 0.1405, -0.1422],
        [ 0.0099, -0.0093],
        [-0.0502,  0.0491],
        [-0.0662,  0.0644],
        [ 0.1422, -0.1415],
        [ 0.1346, -0.1337],
        [-0.0248,  0.0232],
        [-0.0353,  0.0371],
        [-0.0083,  0.0068]], device='cuda:0', requires_grad=True)
[006-050] Search: Model metrics  : loss=0.65, accuracy@1=77.02%, accuracy@5=98.72%, time-cost=703.8 s
[006-050] Search: Architecture metrics  : loss=0.72, accuracy@1=75.19%, accuracy@5=98.33%
[006-050] Evaluation:  : loss=0.72, accuracy@1=75.58%, accuracy@5=98.11%
<<<--->>> The 006-050-th epoch : found the highest validation accuracy : 75.58%.
Benchmark Results for cifar10 -> train: 0.0, valid: 0.0, test: 93.14026804096542
alpha 0 is Parameter containing:
tensor([[-0.0356,  0.0365],
        [-0.0193,  0.0209],
        [-0.0244,  0.0232],
        [-0.0758,  0.0777],
        [-0.0816,  0.0843],
        [ 0.0644, -0.0640],
        [-0.0894,  0.0904],
        [-0.0929,  0.0915],
        [-0.1132,  0.1136],
        [-0.0086,  0.0070],
        [ 0.1011, -0.1016],
        [-0.0394,  0.0394],
        [-0.0265,  0.0266],
        [ 0.0227, -0.0226]], device='cuda:0', requires_grad=True)
alpha 1 is Parameter containing:
tensor([[ 0.1393, -0.1408],
        [ 0.0624, -0.0628],
        [ 0.1331, -0.1327],
        [ 0.1436, -0.1420],
        [-0.0433,  0.0440],
        [ 0.1399, -0.1415],
        [ 0.0069, -0.0063],
        [-0.0674,  0.0662],
        [-0.0706,  0.0689],
        [ 0.1437, -0.1430],
        [ 0.1352, -0.1344],
        [-0.0252,  0.0236],
        [-0.0401,  0.0419],
        [-0.0021,  0.0007]], device='cuda:0', requires_grad=True)
[007-050] Search: Model metrics  : loss=0.61, accuracy@1=79.02%, accuracy@5=98.86%, time-cost=821.4 s
[007-050] Search: Architecture metrics  : loss=0.68, accuracy@1=76.21%, accuracy@5=98.51%
[007-050] Evaluation:  : loss=0.67, accuracy@1=77.12%, accuracy@5=98.62%
<<<--->>> The 007-050-th epoch : found the highest validation accuracy : 77.12%.
Benchmark Results for cifar10 -> train: 0.0, valid: 0.0, test: 93.38629972586106
alpha 0 is Parameter containing:
tensor([[-0.0346,  0.0355],
        [-0.0155,  0.0172],
        [-0.0121,  0.0109],
        [-0.0840,  0.0858],
        [-0.0848,  0.0875],
        [ 0.0578, -0.0573],
        [-0.1072,  0.1083],
        [-0.0833,  0.0819],
        [-0.1153,  0.1156],
        [-0.0011, -0.0006],
        [ 0.1003, -0.1008],
        [-0.0351,  0.0351],
        [-0.0159,  0.0160],
        [ 0.0233, -0.0232]], device='cuda:0', requires_grad=True)
alpha 1 is Parameter containing:
tensor([[ 0.1608, -0.1623],
        [ 0.0608, -0.0612],
        [ 0.1527, -0.1523],
        [ 0.1563, -0.1547],
        [-0.0496,  0.0503],
        [ 0.1608, -0.1624],
        [-0.0126,  0.0132],
        [-0.0884,  0.0872],
        [-0.0882,  0.0865],
        [ 0.1638, -0.1631],
        [ 0.1465, -0.1457],
        [-0.0391,  0.0376],
        [-0.0573,  0.0590],
        [ 0.0111, -0.0126]], device='cuda:0', requires_grad=True)
[008-050] Search: Model metrics  : loss=0.56, accuracy@1=80.30%, accuracy@5=98.99%, time-cost=938.6 s
[008-050] Search: Architecture metrics  : loss=0.65, accuracy@1=77.67%, accuracy@5=98.54%
[008-050] Evaluation:  : loss=0.72, accuracy@1=75.32%, accuracy@5=98.57%
Benchmark Results for cifar10 -> train: 0.0, valid: 0.0, test: 93.35796014765819
alpha 0 is Parameter containing:
tensor([[-0.0328,  0.0337],
        [-0.0034,  0.0050],
        [-0.0068,  0.0056],
        [-0.0787,  0.0805],
        [-0.0861,  0.0888],
        [ 0.0519, -0.0515],
        [-0.1102,  0.1113],
        [-0.0869,  0.0854],
        [-0.1099,  0.1102],
        [ 0.0114, -0.0130],
        [ 0.0972, -0.0977],
        [-0.0323,  0.0323],
        [-0.0142,  0.0142],
        [ 0.0216, -0.0215]], device='cuda:0', requires_grad=True)
alpha 1 is Parameter containing:
tensor([[ 0.1754, -0.1769],
        [ 0.0657, -0.0661],
        [ 0.1630, -0.1626],
        [ 0.1687, -0.1672],
        [-0.0509,  0.0516],
        [ 0.1701, -0.1716],
        [-0.0072,  0.0078],
        [-0.1046,  0.1035],
        [-0.0863,  0.0846],
        [ 0.1755, -0.1749],
        [ 0.1595, -0.1587],
        [-0.0373,  0.0358],
        [-0.0496,  0.0513],
        [ 0.0222, -0.0237]], device='cuda:0', requires_grad=True)
[009-050] Search: Model metrics  : loss=0.53, accuracy@1=81.69%, accuracy@5=99.07%, time-cost=1051.0 s
[009-050] Search: Architecture metrics  : loss=0.63, accuracy@1=78.28%, accuracy@5=98.60%
[009-050] Evaluation:  : loss=0.67, accuracy@1=77.17%, accuracy@5=98.49%
<<<--->>> The 009-050-th epoch : found the highest validation accuracy : 77.17%.
Benchmark Results for cifar10 -> train: 0.0, valid: 0.0, test: 93.70023424113745
alpha 0 is Parameter containing:
tensor([[-0.0243,  0.0253],
        [ 0.0088, -0.0071],
        [-0.0068,  0.0057],
        [-0.0739,  0.0758],
        [-0.0869,  0.0896],
        [ 0.0291, -0.0287],
        [-0.1110,  0.1121],
        [-0.0861,  0.0847],
        [-0.1117,  0.1121],
        [ 0.0148, -0.0164],
        [ 0.0978, -0.0982],
        [-0.0344,  0.0344],
        [-0.0084,  0.0085],
        [ 0.0239, -0.0238]], device='cuda:0', requires_grad=True)
alpha 1 is Parameter containing:
tensor([[ 0.1821, -0.1836],
        [ 0.0772, -0.0776],
        [ 0.1645, -0.1641],
        [ 0.1741, -0.1726],
        [-0.0632,  0.0638],
        [ 0.1741, -0.1756],
        [-0.0063,  0.0068],
        [-0.1107,  0.1096],
        [-0.0834,  0.0817],
        [ 0.1797, -0.1792],
        [ 0.1647, -0.1640],
        [-0.0347,  0.0332],
        [-0.0466,  0.0482],
        [ 0.0205, -0.0219]], device='cuda:0', requires_grad=True)
[010-050] Search: Model metrics  : loss=0.50, accuracy@1=82.51%, accuracy@5=99.22%, time-cost=1168.4 s
[010-050] Search: Architecture metrics  : loss=0.61, accuracy@1=79.21%, accuracy@5=98.84%
[010-050] Evaluation:  : loss=0.60, accuracy@1=79.47%, accuracy@5=98.77%
<<<--->>> The 010-050-th epoch : found the highest validation accuracy : 79.47%.
Benchmark Results for cifar10 -> train: 0.0, valid: 0.0, test: 93.48346489853047
alpha 0 is Parameter containing:
tensor([[-0.0241,  0.0251],
        [ 0.0190, -0.0173],
        [-0.0156,  0.0145],
        [-0.0787,  0.0806],
        [-0.0906,  0.0932],
        [ 0.0201, -0.0196],
        [-0.1096,  0.1106],
        [-0.0882,  0.0868],
        [-0.1049,  0.1053],
        [ 0.0192, -0.0208],
        [ 0.0931, -0.0935],
        [-0.0092,  0.0092],
        [-0.0063,  0.0064],
        [ 0.0316, -0.0315]], device='cuda:0', requires_grad=True)
alpha 1 is Parameter containing:
tensor([[ 0.1973, -0.1988],
        [ 0.0807, -0.0811],
        [ 0.1760, -0.1756],
        [ 0.1878, -0.1863],
        [-0.0561,  0.0567],
        [ 0.1846, -0.1861],
        [-0.0070,  0.0075],
        [-0.0986,  0.0976],
        [-0.0786,  0.0769],
        [ 0.1875, -0.1870],
        [ 0.1735, -0.1728],
        [-0.0267,  0.0252],
        [-0.0316,  0.0332],
        [ 0.0296, -0.0310]], device='cuda:0', requires_grad=True)
[011-050] Search: Model metrics  : loss=0.48, accuracy@1=83.38%, accuracy@5=99.26%, time-cost=1283.0 s
[011-050] Search: Architecture metrics  : loss=0.60, accuracy@1=79.45%, accuracy@5=98.71%
[011-050] Evaluation:  : loss=0.61, accuracy@1=79.18%, accuracy@5=98.86%
Benchmark Results for cifar10 -> train: 0.0, valid: 0.0, test: 93.55692929891715
alpha 0 is Parameter containing:
tensor([[-0.0113,  0.0122],
        [ 0.0241, -0.0224],
        [-0.0016,  0.0005],
        [-0.0838,  0.0856],
        [-0.0810,  0.0837],
        [ 0.0020, -0.0016],
        [-0.1018,  0.1029],
        [-0.0727,  0.0713],
        [-0.0940,  0.0944],
        [ 0.0386, -0.0402],
        [ 0.0886, -0.0891],
        [ 0.0158, -0.0158],
        [-0.0030,  0.0031],
        [ 0.0428, -0.0427]], device='cuda:0', requires_grad=True)
alpha 1 is Parameter containing:
tensor([[ 0.2231, -0.2245],
        [ 0.0813, -0.0817],
        [ 0.1961, -0.1958],
        [ 0.2127, -0.2112],
        [-0.0412,  0.0419],
        [ 0.2063, -0.2077],
        [-0.0032,  0.0037],
        [-0.0906,  0.0896],
        [-0.0635,  0.0619],
        [ 0.2092, -0.2087],
        [ 0.1965, -0.1957],
        [-0.0143,  0.0129],
        [-0.0214,  0.0230],
        [ 0.0300, -0.0313]], device='cuda:0', requires_grad=True)
[012-050] Search: Model metrics  : loss=0.45, accuracy@1=84.50%, accuracy@5=99.37%, time-cost=1399.7 s
[012-050] Search: Architecture metrics  : loss=0.57, accuracy@1=80.72%, accuracy@5=98.79%
[012-050] Evaluation:  : loss=0.58, accuracy@1=79.98%, accuracy@5=98.84%
<<<--->>> The 012-050-th epoch : found the highest validation accuracy : 79.98%.
Benchmark Results for cifar10 -> train: 0.0, valid: 0.0, test: 93.79280254364166
alpha 0 is Parameter containing:
tensor([[ 0.0003,  0.0006],
        [ 0.0370, -0.0354],
        [-0.0042,  0.0030],
        [-0.0773,  0.0791],
        [-0.0776,  0.0803],
        [-0.0136,  0.0140],
        [-0.0870,  0.0880],
        [-0.0632,  0.0618],
        [-0.0888,  0.0892],
        [ 0.0611, -0.0627],
        [ 0.0791, -0.0795],
        [ 0.0233, -0.0233],
        [-0.0006,  0.0007],
        [ 0.0490, -0.0489]], device='cuda:0', requires_grad=True)
alpha 1 is Parameter containing:
tensor([[ 0.2281, -0.2295],
        [ 0.0819, -0.0823],
        [ 0.1927, -0.1924],
        [ 0.2106, -0.2092],
        [-0.0471,  0.0478],
        [ 0.2047, -0.2061],
        [-0.0147,  0.0152],
        [-0.0855,  0.0844],
        [-0.0610,  0.0594],
        [ 0.2034, -0.2029],
        [ 0.1947, -0.1941],
        [-0.0118,  0.0104],
        [-0.0221,  0.0236],
        [ 0.0329, -0.0342]], device='cuda:0', requires_grad=True)
[013-050] Search: Model metrics  : loss=0.44, accuracy@1=84.74%, accuracy@5=99.43%, time-cost=1517.3 s
[013-050] Search: Architecture metrics  : loss=0.56, accuracy@1=80.96%, accuracy@5=98.95%
[013-050] Evaluation:  : loss=0.55, accuracy@1=81.51%, accuracy@5=98.93%
<<<--->>> The 013-050-th epoch : found the highest validation accuracy : 81.51%.
Benchmark Results for cifar10 -> train: 0.0, valid: 0.0, test: 93.76184607864
alpha 0 is Parameter containing:
tensor([[ 0.0014, -0.0004],
        [ 0.0570, -0.0554],
        [-0.0004, -0.0007],
        [-0.0744,  0.0762],
        [-0.0889,  0.0915],
        [-0.0407,  0.0411],
        [-0.0784,  0.0794],
        [-0.0703,  0.0689],
        [-0.0845,  0.0848],
        [ 0.0839, -0.0855],
        [ 0.0683, -0.0687],
        [ 0.0442, -0.0441],
        [-0.0012,  0.0013],
        [ 0.0550, -0.0549]], device='cuda:0', requires_grad=True)
alpha 1 is Parameter containing:
tensor([[ 0.2358, -0.2371],
        [ 0.0710, -0.0714],
        [ 0.2004, -0.2001],
        [ 0.2111, -0.2097],
        [-0.0509,  0.0515],
        [ 0.2174, -0.2187],
        [-0.0256,  0.0261],
        [-0.0692,  0.0682],
        [-0.0565,  0.0550],
        [ 0.2099, -0.2094],
        [ 0.1974, -0.1968],
        [-0.0069,  0.0055],
        [-0.0143,  0.0159],
        [ 0.0362, -0.0375]], device='cuda:0', requires_grad=True)
[014-050] Search: Model metrics  : loss=0.41, accuracy@1=85.56%, accuracy@5=99.51%, time-cost=1633.6 s
[014-050] Search: Architecture metrics  : loss=0.56, accuracy@1=81.22%, accuracy@5=98.93%
[014-050] Evaluation:  : loss=0.59, accuracy@1=80.05%, accuracy@5=98.93%
Benchmark Results for cifar10 -> train: 0.0, valid: 0.0, test: 93.86803402773415
alpha 0 is Parameter containing:
tensor([[-0.0047,  0.0057],
        [ 0.0657, -0.0641],
        [-0.0055,  0.0044],
        [-0.0606,  0.0623],
        [-0.0877,  0.0903],
        [-0.0558,  0.0562],
        [-0.0733,  0.0743],
        [-0.0610,  0.0597],
        [-0.0729,  0.0732],
        [ 0.0887, -0.0903],
        [ 0.0573, -0.0578],
        [ 0.0463, -0.0463],
        [-0.0062,  0.0062],
        [ 0.0625, -0.0624]], device='cuda:0', requires_grad=True)
alpha 1 is Parameter containing:
tensor([[ 0.2538, -0.2551],
        [ 0.0695, -0.0699],
        [ 0.2163, -0.2160],
        [ 0.2121, -0.2108],
        [-0.0506,  0.0512],
        [ 0.2292, -0.2305],
        [-0.0278,  0.0283],
        [-0.0672,  0.0662],
        [-0.0617,  0.0602],
        [ 0.2219, -0.2214],
        [ 0.1950, -0.1944],
        [-0.0094,  0.0081],
        [-0.0209,  0.0224],
        [ 0.0216, -0.0229]], device='cuda:0', requires_grad=True)
[015-050] Search: Model metrics  : loss=0.40, accuracy@1=86.10%, accuracy@5=99.52%, time-cost=1748.3 s
[015-050] Search: Architecture metrics  : loss=0.55, accuracy@1=81.52%, accuracy@5=99.03%
[015-050] Evaluation:  : loss=0.52, accuracy@1=82.52%, accuracy@5=98.96%
<<<--->>> The 015-050-th epoch : found the highest validation accuracy : 82.52%.
Benchmark Results for cifar10 -> train: 0.0, valid: 0.0, test: 93.58977103890358
alpha 0 is Parameter containing:
tensor([[-0.0021,  0.0031],
        [ 0.0856, -0.0840],
        [-0.0048,  0.0037],
        [-0.0437,  0.0455],
        [-0.0877,  0.0903],
        [-0.0708,  0.0712],
        [-0.0565,  0.0575],
        [-0.0472,  0.0458],
        [-0.0697,  0.0701],
        [ 0.0964, -0.0979],
        [ 0.0469, -0.0473],
        [ 0.0562, -0.0562],
        [-0.0042,  0.0043],
        [ 0.0674, -0.0673]], device='cuda:0', requires_grad=True)
alpha 1 is Parameter containing:
tensor([[ 0.2575, -0.2589],
        [ 0.0664, -0.0668],
        [ 0.2178, -0.2174],
        [ 0.2057, -0.2044],
        [-0.0518,  0.0524],
        [ 0.2309, -0.2321],
        [-0.0365,  0.0370],
        [-0.0619,  0.0609],
        [-0.0666,  0.0650],
        [ 0.2163, -0.2158],
        [ 0.1866, -0.1860],
        [-0.0084,  0.0071],
        [-0.0171,  0.0186],
        [ 0.0267, -0.0280]], device='cuda:0', requires_grad=True)
[016-050] Search: Model metrics  : loss=0.38, accuracy@1=86.98%, accuracy@5=99.61%, time-cost=1865.9 s
[016-050] Search: Architecture metrics  : loss=0.54, accuracy@1=81.79%, accuracy@5=99.09%
[016-050] Evaluation:  : loss=0.56, accuracy@1=81.09%, accuracy@5=99.09%
Benchmark Results for cifar10 -> train: 0.0, valid: 0.0, test: 93.56609903357094
alpha 0 is Parameter containing:
tensor([[ 0.0095, -0.0086],
        [ 0.1020, -0.1004],
        [-0.0043,  0.0032],
        [-0.0432,  0.0449],
        [-0.0905,  0.0931],
        [-0.0931,  0.0935],
        [-0.0424,  0.0434],
        [-0.0299,  0.0286],
        [-0.0539,  0.0543],
        [ 0.1042, -0.1057],
        [ 0.0227, -0.0231],
        [ 0.0680, -0.0679],
        [-0.0075,  0.0076],
        [ 0.0861, -0.0860]], device='cuda:0', requires_grad=True)
alpha 1 is Parameter containing:
tensor([[ 0.2624, -0.2636],
        [ 0.0588, -0.0591],
        [ 0.2154, -0.2151],
        [ 0.1915, -0.1902],
        [-0.0445,  0.0451],
        [ 0.2323, -0.2336],
        [-0.0403,  0.0408],
        [-0.0503,  0.0493],
        [-0.0654,  0.0639],
        [ 0.2156, -0.2152],
        [ 0.1747, -0.1742],
        [ 0.0059, -0.0072],
        [-0.0080,  0.0095],
        [ 0.0403, -0.0416]], device='cuda:0', requires_grad=True)
[017-050] Search: Model metrics  : loss=0.36, accuracy@1=87.68%, accuracy@5=99.62%, time-cost=1983.3 s
[017-050] Search: Architecture metrics  : loss=0.53, accuracy@1=82.43%, accuracy@5=99.01%
[017-050] Evaluation:  : loss=0.52, accuracy@1=82.58%, accuracy@5=99.15%
<<<--->>> The 017-050-th epoch : found the highest validation accuracy : 82.58%.
Benchmark Results for cifar10 -> train: 0.0, valid: 0.0, test: 93.49555461478474
alpha 0 is Parameter containing:
tensor([[ 0.0127, -0.0118],
        [ 0.1153, -0.1137],
        [-0.0080,  0.0068],
        [-0.0356,  0.0374],
        [-0.0907,  0.0932],
        [-0.1034,  0.1038],
        [-0.0424,  0.0434],
        [-0.0164,  0.0151],
        [-0.0486,  0.0490],
        [ 0.0993, -0.1009],
        [ 0.0180, -0.0184],
        [ 0.0804, -0.0804],
        [-0.0119,  0.0119],
        [ 0.0986, -0.0986]], device='cuda:0', requires_grad=True)
alpha 1 is Parameter containing:
tensor([[ 0.2670, -0.2682],
        [ 0.0550, -0.0553],
        [ 0.2138, -0.2135],
        [ 0.1868, -0.1855],
        [-0.0456,  0.0462],
        [ 0.2348, -0.2360],
        [-0.0466,  0.0471],
        [-0.0459,  0.0449],
        [-0.0581,  0.0566],
        [ 0.2142, -0.2138],
        [ 0.1677, -0.1672],
        [ 0.0135, -0.0148],
        [ 0.0023, -0.0008],
        [ 0.0392, -0.0404]], device='cuda:0', requires_grad=True)
[018-050] Search: Model metrics  : loss=0.35, accuracy@1=87.57%, accuracy@5=99.64%, time-cost=2100.7 s
[018-050] Search: Architecture metrics  : loss=0.53, accuracy@1=82.11%, accuracy@5=99.02%
[018-050] Evaluation:  : loss=0.55, accuracy@1=81.86%, accuracy@5=99.05%
Benchmark Results for cifar10 -> train: 0.0, valid: 0.0, test: 92.75511887596275
alpha 0 is Parameter containing:
tensor([[ 0.0180, -0.0171],
        [ 0.1257, -0.1241],
        [-0.0069,  0.0058],
        [-0.0134,  0.0152],
        [-0.0822,  0.0848],
        [-0.1167,  0.1171],
        [-0.0300,  0.0310],
        [ 0.0240, -0.0254],
        [-0.0437,  0.0441],
        [ 0.1076, -0.1092],
        [-0.0031,  0.0027],
        [ 0.1013, -0.1013],
        [-0.0165,  0.0166],
        [ 0.0977, -0.0976]], device='cuda:0', requires_grad=True)
alpha 1 is Parameter containing:
tensor([[ 0.2708, -0.2721],
        [ 0.0462, -0.0466],
        [ 0.2117, -0.2114],
        [ 0.1659, -0.1646],
        [-0.0470,  0.0476],
        [ 0.2349, -0.2361],
        [-0.0508,  0.0513],
        [-0.0509,  0.0500],
        [-0.0521,  0.0506],
        [ 0.2131, -0.2127],
        [ 0.1494, -0.1489],
        [ 0.0058, -0.0070],
        [ 0.0041, -0.0026],
        [ 0.0391, -0.0403]], device='cuda:0', requires_grad=True)
[019-050] Search: Model metrics  : loss=0.33, accuracy@1=88.42%, accuracy@5=99.70%, time-cost=2216.9 s
[019-050] Search: Architecture metrics  : loss=0.51, accuracy@1=83.10%, accuracy@5=99.02%
[019-050] Evaluation:  : loss=0.51, accuracy@1=83.05%, accuracy@5=99.15%
<<<--->>> The 019-050-th epoch : found the highest validation accuracy : 83.05%.
Benchmark Results for cifar10 -> train: 0.0, valid: 0.0, test: 90.32258304759263
alpha 0 is Parameter containing:
tensor([[ 0.0217, -0.0208],
        [ 0.1346, -0.1330],
        [-0.0059,  0.0047],
        [ 0.0005,  0.0013],
        [-0.0723,  0.0748],
        [-0.1400,  0.1403],
        [ 0.0013, -0.0003],
        [ 0.0320, -0.0334],
        [-0.0292,  0.0296],
        [ 0.1289, -0.1304],
        [-0.0174,  0.0170],
        [ 0.1208, -0.1208],
        [-0.0160,  0.0161],
        [ 0.1150, -0.1150]], device='cuda:0', requires_grad=True)
alpha 1 is Parameter containing:
tensor([[ 0.2616, -0.2629],
        [ 0.0307, -0.0310],
        [ 0.1995, -0.1992],
        [ 0.1543, -0.1531],
        [-0.0398,  0.0404],
        [ 0.2268, -0.2280],
        [-0.0629,  0.0634],
        [-0.0423,  0.0413],
        [-0.0486,  0.0472],
        [ 0.2000, -0.1996],
        [ 0.1362, -0.1357],
        [ 0.0116, -0.0128],
        [ 0.0139, -0.0125],
        [ 0.0429, -0.0440]], device='cuda:0', requires_grad=True)
[020-050] Search: Model metrics  : loss=0.32, accuracy@1=88.65%, accuracy@5=99.74%, time-cost=2334.5 s
[020-050] Search: Architecture metrics  : loss=0.52, accuracy@1=82.78%, accuracy@5=99.10%
[020-050] Evaluation:  : loss=0.53, accuracy@1=82.57%, accuracy@5=99.02%
Benchmark Results for cifar10 -> train: 0.0, valid: 0.0, test: 90.8811726517918
alpha 0 is Parameter containing:
tensor([[ 0.0340, -0.0331],
        [ 0.1543, -0.1527],
        [-0.0052,  0.0041],
        [ 0.0228, -0.0210],
        [-0.0673,  0.0699],
        [-0.1641,  0.1645],
        [ 0.0258, -0.0248],
        [ 0.0510, -0.0523],
        [-0.0073,  0.0076],
        [ 0.1511, -0.1526],
        [-0.0313,  0.0309],
        [ 0.1359, -0.1359],
        [-0.0156,  0.0156],
        [ 0.1323, -0.1322]], device='cuda:0', requires_grad=True)
alpha 1 is Parameter containing:
tensor([[ 0.2733, -0.2745],
        [ 0.0377, -0.0380],
        [ 0.2043, -0.2040],
        [ 0.1614, -0.1602],
        [-0.0306,  0.0312],
        [ 0.2358, -0.2369],
        [-0.0570,  0.0574],
        [-0.0320,  0.0311],
        [-0.0425,  0.0411],
        [ 0.2039, -0.2035],
        [ 0.1444, -0.1438],
        [ 0.0221, -0.0233],
        [ 0.0211, -0.0197],
        [ 0.0563, -0.0575]], device='cuda:0', requires_grad=True)
[021-050] Search: Model metrics  : loss=0.30, accuracy@1=89.61%, accuracy@5=99.69%, time-cost=2452.0 s
[021-050] Search: Architecture metrics  : loss=0.52, accuracy@1=82.92%, accuracy@5=99.16%
[021-050] Evaluation:  : loss=0.51, accuracy@1=83.39%, accuracy@5=99.26%
<<<--->>> The 021-050-th epoch : found the highest validation accuracy : 83.39%.
Benchmark Results for cifar10 -> train: 0.0, valid: 0.0, test: 91.0410986922365
alpha 0 is Parameter containing:
tensor([[ 0.0406, -0.0397],
        [ 0.1589, -0.1573],
        [-0.0040,  0.0029],
        [ 0.0355, -0.0337],
        [-0.0570,  0.0595],
        [-0.1948,  0.1952],
        [ 0.0417, -0.0407],
        [ 0.0716, -0.0729],
        [ 0.0072, -0.0068],
        [ 0.1613, -0.1628],
        [-0.0620,  0.0616],
        [ 0.1580, -0.1580],
        [-0.0122,  0.0123],
        [ 0.1411, -0.1410]], device='cuda:0', requires_grad=True)
alpha 1 is Parameter containing:
tensor([[ 0.2669, -0.2681],
        [ 0.0353, -0.0356],
        [ 0.1950, -0.1947],
        [ 0.1429, -0.1418],
        [-0.0423,  0.0429],
        [ 0.2320, -0.2331],
        [-0.0551,  0.0556],
        [-0.0432,  0.0423],
        [-0.0443,  0.0429],
        [ 0.1995, -0.1991],
        [ 0.1304, -0.1299],
        [ 0.0262, -0.0274],
        [ 0.0252, -0.0238],
        [ 0.0666, -0.0677]], device='cuda:0', requires_grad=True)
[022-050] Search: Model metrics  : loss=0.30, accuracy@1=89.66%, accuracy@5=99.78%, time-cost=2569.1 s
[022-050] Search: Architecture metrics  : loss=0.51, accuracy@1=83.38%, accuracy@5=99.18%
[022-050] Evaluation:  : loss=0.48, accuracy@1=84.04%, accuracy@5=99.24%
<<<--->>> The 022-050-th epoch : found the highest validation accuracy : 84.04%.
Benchmark Results for cifar10 -> train: 0.0, valid: 0.0, test: 90.83199390952662
alpha 0 is Parameter containing:
tensor([[ 0.0602, -0.0593],
        [ 0.1677, -0.1661],
        [ 0.0068, -0.0079],
        [ 0.0630, -0.0613],
        [-0.0381,  0.0406],
        [-0.2215,  0.2219],
        [ 0.0561, -0.0551],
        [ 0.0864, -0.0877],
        [ 0.0288, -0.0285],
        [ 0.1756, -0.1771],
        [-0.0747,  0.0743],
        [ 0.1814, -0.1814],
        [-0.0071,  0.0072],
        [ 0.1489, -0.1488]], device='cuda:0', requires_grad=True)
alpha 1 is Parameter containing:
tensor([[ 0.2593, -0.2605],
        [ 0.0251, -0.0254],
        [ 0.1821, -0.1818],
        [ 0.1276, -0.1265],
        [-0.0306,  0.0311],
        [ 0.2231, -0.2242],
        [-0.0632,  0.0637],
        [-0.0330,  0.0321],
        [-0.0339,  0.0325],
        [ 0.1884, -0.1881],
        [ 0.1207, -0.1202],
        [ 0.0454, -0.0466],
        [ 0.0342, -0.0328],
        [ 0.0740, -0.0751]], device='cuda:0', requires_grad=True)
[023-050] Search: Model metrics  : loss=0.28, accuracy@1=90.26%, accuracy@5=99.79%, time-cost=2686.6 s
[023-050] Search: Architecture metrics  : loss=0.51, accuracy@1=83.59%, accuracy@5=99.11%
[023-050] Evaluation:  : loss=0.50, accuracy@1=83.92%, accuracy@5=99.22%
Benchmark Results for cifar10 -> train: 0.0, valid: 0.0, test: 90.72376859268914
alpha 0 is Parameter containing:
tensor([[ 0.0749, -0.0740],
        [ 0.1843, -0.1827],
        [ 0.0070, -0.0081],
        [ 0.0858, -0.0840],
        [-0.0343,  0.0369],
        [-0.2464,  0.2468],
        [ 0.0727, -0.0717],
        [ 0.1018, -0.1031],
        [ 0.0374, -0.0371],
        [ 0.1862, -0.1877],
        [-0.0844,  0.0840],
        [ 0.1926, -0.1926],
        [-0.0047,  0.0048],
        [ 0.1589, -0.1588]], device='cuda:0', requires_grad=True)
alpha 1 is Parameter containing:
tensor([[ 0.2596, -0.2608],
        [ 0.0204, -0.0208],
        [ 0.1815, -0.1812],
        [ 0.1185, -0.1174],
        [-0.0235,  0.0240],
        [ 0.2250, -0.2260],
        [-0.0688,  0.0693],
        [-0.0295,  0.0286],
        [-0.0261,  0.0247],
        [ 0.1860, -0.1856],
        [ 0.1127, -0.1122],
        [ 0.0528, -0.0540],
        [ 0.0486, -0.0472],
        [ 0.0831, -0.0842]], device='cuda:0', requires_grad=True)
[024-050] Search: Model metrics  : loss=0.27, accuracy@1=90.48%, accuracy@5=99.84%, time-cost=2800.5 s
[024-050] Search: Architecture metrics  : loss=0.49, accuracy@1=83.76%, accuracy@5=99.19%
[024-050] Evaluation:  : loss=0.55, accuracy@1=82.61%, accuracy@5=98.93%
Benchmark Results for cifar10 -> train: 0.0, valid: 0.0, test: 90.74994488099624
alpha 0 is Parameter containing:
tensor([[ 0.0899, -0.0890],
        [ 0.1843, -0.1827],
        [ 0.0098, -0.0109],
        [ 0.1041, -0.1024],
        [-0.0265,  0.0290],
        [-0.2717,  0.2721],
        [ 0.0879, -0.0869],
        [ 0.1123, -0.1136],
        [ 0.0485, -0.0482],
        [ 0.1766, -0.1781],
        [-0.1026,  0.1023],
        [ 0.1979, -0.1979],
        [-0.0114,  0.0115],
        [ 0.1703, -0.1702]], device='cuda:0', requires_grad=True)
alpha 1 is Parameter containing:
tensor([[ 0.2606, -0.2618],
        [ 0.0236, -0.0240],
        [ 0.1704, -0.1701],
        [ 0.1256, -0.1245],
        [-0.0235,  0.0240],
        [ 0.2162, -0.2172],
        [-0.0689,  0.0694],
        [-0.0340,  0.0332],
        [-0.0223,  0.0209],
        [ 0.1739, -0.1736],
        [ 0.1204, -0.1199],
        [ 0.0643, -0.0655],
        [ 0.0489, -0.0476],
        [ 0.0888, -0.0899]], device='cuda:0', requires_grad=True)
[025-050] Search: Model metrics  : loss=0.25, accuracy@1=91.20%, accuracy@5=99.83%, time-cost=2915.9 s
[025-050] Search: Architecture metrics  : loss=0.50, accuracy@1=84.10%, accuracy@5=99.13%
[025-050] Evaluation:  : loss=0.49, accuracy@1=84.20%, accuracy@5=99.28%
<<<--->>> The 025-050-th epoch : found the highest validation accuracy : 84.20%.
Benchmark Results for cifar10 -> train: 0.0, valid: 0.0, test: 92.46520751088484
alpha 0 is Parameter containing:
tensor([[ 0.0920, -0.0911],
        [ 0.2001, -0.1985],
        [ 0.0142, -0.0153],
        [ 0.1233, -0.1216],
        [-0.0221,  0.0246],
        [-0.2871,  0.2874],
        [ 0.1013, -0.1004],
        [ 0.1335, -0.1348],
        [ 0.0572, -0.0569],
        [ 0.1837, -0.1852],
        [-0.1267,  0.1263],
        [ 0.2094, -0.2094],
        [-0.0082,  0.0083],
        [ 0.1909, -0.1908]], device='cuda:0', requires_grad=True)
alpha 1 is Parameter containing:
tensor([[ 0.2583, -0.2594],
        [ 0.0179, -0.0183],
        [ 0.1643, -0.1640],
        [ 0.1222, -0.1211],
        [-0.0186,  0.0192],
        [ 0.2104, -0.2113],
        [-0.0741,  0.0746],
        [-0.0274,  0.0266],
        [-0.0131,  0.0117],
        [ 0.1649, -0.1645],
        [ 0.1160, -0.1155],
        [ 0.0734, -0.0746],
        [ 0.0536, -0.0523],
        [ 0.0886, -0.0897]], device='cuda:0', requires_grad=True)
[026-050] Search: Model metrics  : loss=0.24, accuracy@1=91.58%, accuracy@5=99.88%, time-cost=3033.2 s
[026-050] Search: Architecture metrics  : loss=0.51, accuracy@1=83.96%, accuracy@5=99.24%
[026-050] Evaluation:  : loss=0.53, accuracy@1=83.45%, accuracy@5=99.18%
Benchmark Results for cifar10 -> train: 0.0, valid: 0.0, test: 92.34752697708004
alpha 0 is Parameter containing:
tensor([[ 0.0994, -0.0985],
        [ 0.2128, -0.2112],
        [ 0.0079, -0.0090],
        [ 0.1515, -0.1498],
        [-0.0164,  0.0189],
        [-0.3051,  0.3054],
        [ 0.1172, -0.1162],
        [ 0.1538, -0.1551],
        [ 0.0695, -0.0692],
        [ 0.1935, -0.1950],
        [-0.1428,  0.1424],
        [ 0.2229, -0.2229],
        [-0.0235,  0.0236],
        [ 0.1959, -0.1958]], device='cuda:0', requires_grad=True)
alpha 1 is Parameter containing:
tensor([[ 0.2589, -0.2600],
        [ 0.0165, -0.0168],
        [ 0.1630, -0.1627],
        [ 0.1138, -0.1127],
        [-0.0180,  0.0186],
        [ 0.2131, -0.2141],
        [-0.0732,  0.0736],
        [-0.0289,  0.0280],
        [-0.0135,  0.0122],
        [ 0.1663, -0.1659],
        [ 0.1078, -0.1073],
        [ 0.0857, -0.0869],
        [ 0.0743, -0.0730],
        [ 0.1011, -0.1021]], device='cuda:0', requires_grad=True)
[027-050] Search: Model metrics  : loss=0.23, accuracy@1=91.76%, accuracy@5=99.87%, time-cost=3150.7 s
[027-050] Search: Architecture metrics  : loss=0.50, accuracy@1=84.14%, accuracy@5=99.30%
[027-050] Evaluation:  : loss=0.48, accuracy@1=84.48%, accuracy@5=99.25%
<<<--->>> The 027-050-th epoch : found the highest validation accuracy : 84.48%.
Benchmark Results for cifar10 -> train: 0.0, valid: 0.0, test: 91.44811887761732
alpha 0 is Parameter containing:
tensor([[ 0.1064, -0.1055],
        [ 0.2193, -0.2177],
        [ 0.0132, -0.0142],
        [ 0.1794, -0.1777],
        [-0.0145,  0.0169],
        [-0.3257,  0.3260],
        [ 0.1402, -0.1393],
        [ 0.1733, -0.1746],
        [ 0.0835, -0.0832],
        [ 0.2114, -0.2129],
        [-0.1674,  0.1670],
        [ 0.2485, -0.2485],
        [-0.0209,  0.0209],
        [ 0.1987, -0.1987]], device='cuda:0', requires_grad=True)
alpha 1 is Parameter containing:
tensor([[ 0.2592, -0.2603],
        [ 0.0136, -0.0139],
        [ 0.1558, -0.1555],
        [ 0.1030, -0.1020],
        [-0.0161,  0.0167],
        [ 0.2085, -0.2095],
        [-0.0818,  0.0822],
        [-0.0305,  0.0297],
        [-0.0192,  0.0179],
        [ 0.1623, -0.1620],
        [ 0.1034, -0.1030],
        [ 0.0853, -0.0865],
        [ 0.0798, -0.0785],
        [ 0.1095, -0.1105]], device='cuda:0', requires_grad=True)
[028-050] Search: Model metrics  : loss=0.22, accuracy@1=92.40%, accuracy@5=99.91%, time-cost=3265.9 s
[028-050] Search: Architecture metrics  : loss=0.49, accuracy@1=84.75%, accuracy@5=99.08%
[028-050] Evaluation:  : loss=0.49, accuracy@1=84.62%, accuracy@5=99.22%
<<<--->>> The 028-050-th epoch : found the highest validation accuracy : 84.62%.
Benchmark Results for cifar10 -> train: 0.0, valid: 0.0, test: 91.8190269404952
alpha 0 is Parameter containing:
tensor([[ 0.1173, -0.1164],
        [ 0.2235, -0.2219],
        [ 0.0075, -0.0086],
        [ 0.1897, -0.1880],
        [-0.0124,  0.0149],
        [-0.3568,  0.3572],
        [ 0.1508, -0.1499],
        [ 0.1840, -0.1853],
        [ 0.0995, -0.0991],
        [ 0.2168, -0.2183],
        [-0.1864,  0.1861],
        [ 0.2707, -0.2707],
        [-0.0275,  0.0276],
        [ 0.1912, -0.1911]], device='cuda:0', requires_grad=True)
alpha 1 is Parameter containing:
tensor([[ 0.2568, -0.2579],
        [ 0.0113, -0.0117],
        [ 0.1500, -0.1497],
        [ 0.0913, -0.0902],
        [-0.0097,  0.0103],
        [ 0.2041, -0.2050],
        [-0.0843,  0.0847],
        [-0.0248,  0.0240],
        [-0.0150,  0.0137],
        [ 0.1593, -0.1590],
        [ 0.0954, -0.0950],
        [ 0.0892, -0.0903],
        [ 0.0798, -0.0785],
        [ 0.1095, -0.1106]], device='cuda:0', requires_grad=True)
[029-050] Search: Model metrics  : loss=0.20, accuracy@1=92.78%, accuracy@5=99.92%, time-cost=3383.6 s
[029-050] Search: Architecture metrics  : loss=0.50, accuracy@1=84.31%, accuracy@5=99.32%
[029-050] Evaluation:  : loss=0.50, accuracy@1=84.83%, accuracy@5=99.16%
<<<--->>> The 029-050-th epoch : found the highest validation accuracy : 84.83%.
Benchmark Results for cifar10 -> train: 0.0, valid: 0.0, test: 91.97502887648201
alpha 0 is Parameter containing:
tensor([[ 0.1315, -0.1306],
        [ 0.2369, -0.2353],
        [-0.0085,  0.0074],
        [ 0.2014, -0.1997],
        [-0.0133,  0.0157],
        [-0.3785,  0.3788],
        [ 0.1630, -0.1621],
        [ 0.2021, -0.2034],
        [ 0.1230, -0.1226],
        [ 0.2368, -0.2382],
        [-0.2043,  0.2039],
        [ 0.2875, -0.2875],
        [-0.0295,  0.0296],
        [ 0.2155, -0.2154]], device='cuda:0', requires_grad=True)
alpha 1 is Parameter containing:
tensor([[ 0.2555, -0.2566],
        [ 0.0187, -0.0190],
        [ 0.1503, -0.1500],
        [ 0.0814, -0.0804],
        [-0.0102,  0.0107],
        [ 0.2054, -0.2063],
        [-0.0754,  0.0758],
        [-0.0224,  0.0215],
        [-0.0030,  0.0017],
        [ 0.1569, -0.1566],
        [ 0.0878, -0.0874],
        [ 0.0896, -0.0907],
        [ 0.0812, -0.0799],
        [ 0.1157, -0.1167]], device='cuda:0', requires_grad=True)
[030-050] Search: Model metrics  : loss=0.19, accuracy@1=93.22%, accuracy@5=99.88%, time-cost=3501.3 s
[030-050] Search: Architecture metrics  : loss=0.49, accuracy@1=85.11%, accuracy@5=99.22%
[030-050] Evaluation:  : loss=0.50, accuracy@1=84.40%, accuracy@5=99.33%
Benchmark Results for cifar10 -> train: 0.0, valid: 0.0, test: 91.70684415153413
alpha 0 is Parameter containing:
tensor([[ 0.1318, -0.1309],
        [ 0.2401, -0.2385],
        [-0.0156,  0.0145],
        [ 0.2282, -0.2265],
        [ 0.0014,  0.0011],
        [-0.4172,  0.4176],
        [ 0.1736, -0.1727],
        [ 0.2188, -0.2201],
        [ 0.1422, -0.1419],
        [ 0.2372, -0.2386],
        [-0.2284,  0.2281],
        [ 0.3045, -0.3044],
        [-0.0398,  0.0399],
        [ 0.2287, -0.2286]], device='cuda:0', requires_grad=True)
alpha 1 is Parameter containing:
tensor([[ 0.2453, -0.2464],
        [ 0.0214, -0.0218],
        [ 0.1390, -0.1387],
        [ 0.0594, -0.0584],
        [-0.0029,  0.0035],
        [ 0.1952, -0.1960],
        [-0.0717,  0.0721],
        [-0.0112,  0.0104],
        [ 0.0034, -0.0047],
        [ 0.1458, -0.1455],
        [ 0.0659, -0.0655],
        [ 0.0968, -0.0979],
        [ 0.0977, -0.0965],
        [ 0.1131, -0.1141]], device='cuda:0', requires_grad=True)
[031-050] Search: Model metrics  : loss=0.19, accuracy@1=93.51%, accuracy@5=99.92%, time-cost=3618.9 s
[031-050] Search: Architecture metrics  : loss=0.48, accuracy@1=85.03%, accuracy@5=99.23%
[031-050] Evaluation:  : loss=0.49, accuracy@1=84.82%, accuracy@5=99.25%
Benchmark Results for cifar10 -> train: 0.0, valid: 0.0, test: 92.5038639576604
alpha 0 is Parameter containing:
tensor([[ 0.1486, -0.1478],
        [ 0.2551, -0.2535],
        [-0.0173,  0.0163],
        [ 0.2473, -0.2456],
        [ 0.0129, -0.0104],
        [-0.4399,  0.4402],
        [ 0.1812, -0.1802],
        [ 0.2377, -0.2390],
        [ 0.1653, -0.1649],
        [ 0.2428, -0.2443],
        [-0.2490,  0.2486],
        [ 0.3183, -0.3183],
        [-0.0559,  0.0560],
        [ 0.2372, -0.2371]], device='cuda:0', requires_grad=True)
alpha 1 is Parameter containing:
tensor([[ 2.4454e-01, -2.4561e-01],
        [ 2.7843e-02, -2.8177e-02],
        [ 1.3628e-01, -1.3604e-01],
        [ 5.0738e-02, -4.9773e-02],
        [-1.1837e-04,  6.6063e-04],
        [ 1.9313e-01, -1.9400e-01],
        [-6.4327e-02,  6.4722e-02],
        [-6.0750e-03,  5.2634e-03],
        [ 1.6294e-02, -1.7576e-02],
        [ 1.4203e-01, -1.4173e-01],
        [ 5.8156e-02, -5.7775e-02],
        [ 9.9009e-02, -1.0009e-01],
        [ 1.0609e-01, -1.0486e-01],
        [ 1.1248e-01, -1.1350e-01]], device='cuda:0', requires_grad=True)
[032-050] Search: Model metrics  : loss=0.17, accuracy@1=93.78%, accuracy@5=99.94%, time-cost=3736.4 s
[032-050] Search: Architecture metrics  : loss=0.48, accuracy@1=85.05%, accuracy@5=99.29%
[032-050] Evaluation:  : loss=0.49, accuracy@1=85.44%, accuracy@5=99.21%
<<<--->>> The 032-050-th epoch : found the highest validation accuracy : 85.44%.
Benchmark Results for cifar10 -> train: 0.0, valid: 0.0, test: 91.64010575094167
alpha 0 is Parameter containing:
tensor([[ 0.1466, -0.1457],
        [ 0.2622, -0.2607],
        [-0.0263,  0.0252],
        [ 0.2840, -0.2823],
        [ 0.0233, -0.0209],
        [-0.4648,  0.4651],
        [ 0.1968, -0.1959],
        [ 0.2480, -0.2493],
        [ 0.1810, -0.1807],
        [ 0.2633, -0.2647],
        [-0.2626,  0.2623],
        [ 0.3472, -0.3472],
        [-0.0594,  0.0595],
        [ 0.2459, -0.2458]], device='cuda:0', requires_grad=True)
alpha 1 is Parameter containing:
tensor([[ 0.2531, -0.2542],
        [ 0.0376, -0.0380],
        [ 0.1416, -0.1413],
        [ 0.0502, -0.0493],
        [-0.0005,  0.0010],
        [ 0.1982, -0.1991],
        [-0.0656,  0.0660],
        [-0.0024,  0.0016],
        [ 0.0181, -0.0193],
        [ 0.1441, -0.1438],
        [ 0.0571, -0.0567],
        [ 0.0983, -0.0994],
        [ 0.1112, -0.1100],
        [ 0.1192, -0.1202]], device='cuda:0', requires_grad=True)
[033-050] Search: Model metrics  : loss=0.16, accuracy@1=94.40%, accuracy@5=99.96%, time-cost=3853.6 s
[033-050] Search: Architecture metrics  : loss=0.51, accuracy@1=84.83%, accuracy@5=99.20%
[033-050] Evaluation:  : loss=0.50, accuracy@1=85.14%, accuracy@5=99.25%
Benchmark Results for cifar10 -> train: 0.0, valid: 0.0, test: 91.51371088357403
alpha 0 is Parameter containing:
tensor([[ 0.1763, -0.1755],
        [ 0.2728, -0.2712],
        [-0.0073,  0.0062],
        [ 0.3029, -0.3013],
        [ 0.0340, -0.0315],
        [-0.4994,  0.4998],
        [ 0.2173, -0.2164],
        [ 0.2690, -0.2702],
        [ 0.2016, -0.2013],
        [ 0.2766, -0.2780],
        [-0.2794,  0.2791],
        [ 0.3675, -0.3675],
        [-0.0644,  0.0645],
        [ 0.2457, -0.2456]], device='cuda:0', requires_grad=True)
alpha 1 is Parameter containing:
tensor([[ 0.2490, -0.2501],
        [ 0.0341, -0.0344],
        [ 0.1379, -0.1376],
        [ 0.0471, -0.0462],
        [ 0.0055, -0.0049],
        [ 0.1908, -0.1917],
        [-0.0695,  0.0699],
        [-0.0045,  0.0037],
        [ 0.0273, -0.0286],
        [ 0.1399, -0.1396],
        [ 0.0608, -0.0604],
        [ 0.1113, -0.1123],
        [ 0.1294, -0.1282],
        [ 0.1471, -0.1481]], device='cuda:0', requires_grad=True)
[034-050] Search: Model metrics  : loss=0.16, accuracy@1=94.51%, accuracy@5=99.95%, time-cost=3971.3 s
[034-050] Search: Architecture metrics  : loss=0.50, accuracy@1=84.81%, accuracy@5=99.36%
[034-050] Evaluation:  : loss=0.49, accuracy@1=85.41%, accuracy@5=99.24%
Benchmark Results for cifar10 -> train: 0.0, valid: 0.0, test: 90.76633979006071
alpha 0 is Parameter containing:
tensor([[ 0.1817, -0.1808],
        [ 0.2791, -0.2775],
        [-0.0192,  0.0181],
        [ 0.3301, -0.3285],
        [ 0.0440, -0.0416],
        [-0.5309,  0.5313],
        [ 0.2331, -0.2321],
        [ 0.2934, -0.2946],
        [ 0.2146, -0.2143],
        [ 0.3008, -0.3022],
        [-0.2923,  0.2920],
        [ 0.3975, -0.3975],
        [-0.0631,  0.0632],
        [ 0.2536, -0.2535]], device='cuda:0', requires_grad=True)
alpha 1 is Parameter containing:
tensor([[ 2.4213e-01, -2.4317e-01],
        [ 3.0903e-02, -3.1231e-02],
        [ 1.2813e-01, -1.2789e-01],
        [ 2.7376e-02, -2.6452e-02],
        [ 3.9596e-03, -3.4271e-03],
        [ 1.8019e-01, -1.8101e-01],
        [-7.3947e-02,  7.4330e-02],
        [ 1.9904e-04, -9.8911e-04],
        [ 3.9496e-02, -4.0748e-02],
        [ 1.3164e-01, -1.3136e-01],
        [ 4.2398e-02, -4.2043e-02],
        [ 1.2061e-01, -1.2166e-01],
        [ 1.3922e-01, -1.3802e-01],
        [ 1.6005e-01, -1.6105e-01]], device='cuda:0', requires_grad=True)
[035-050] Search: Model metrics  : loss=0.14, accuracy@1=94.97%, accuracy@5=99.96%, time-cost=4089.3 s
[035-050] Search: Architecture metrics  : loss=0.51, accuracy@1=85.03%, accuracy@5=99.24%
[035-050] Evaluation:  : loss=0.46, accuracy@1=85.89%, accuracy@5=99.34%
<<<--->>> The 035-050-th epoch : found the highest validation accuracy : 85.89%.
Benchmark Results for cifar10 -> train: 0.0, valid: 0.0, test: 90.7907566086227
alpha 0 is Parameter containing:
tensor([[ 0.1959, -0.1951],
        [ 0.2911, -0.2895],
        [-0.0044,  0.0034],
        [ 0.3686, -0.3669],
        [ 0.0558, -0.0534],
        [-0.5567,  0.5570],
        [ 0.2520, -0.2511],
        [ 0.3108, -0.3121],
        [ 0.2406, -0.2402],
        [ 0.3093, -0.3107],
        [-0.3086,  0.3083],
        [ 0.4172, -0.4172],
        [-0.0630,  0.0630],
        [ 0.2637, -0.2636]], device='cuda:0', requires_grad=True)
alpha 1 is Parameter containing:
tensor([[ 0.2478, -0.2489],
        [ 0.0199, -0.0202],
        [ 0.1281, -0.1279],
        [ 0.0050, -0.0041],
        [ 0.0155, -0.0149],
        [ 0.1830, -0.1838],
        [-0.0790,  0.0794],
        [ 0.0063, -0.0070],
        [ 0.0414, -0.0426],
        [ 0.1332, -0.1329],
        [ 0.0234, -0.0231],
        [ 0.1290, -0.1301],
        [ 0.1450, -0.1439],
        [ 0.1791, -0.1801]], device='cuda:0', requires_grad=True)
[036-050] Search: Model metrics  : loss=0.13, accuracy@1=95.32%, accuracy@5=99.95%, time-cost=4207.3 s
[036-050] Search: Architecture metrics  : loss=0.50, accuracy@1=85.60%, accuracy@5=99.31%
[036-050] Evaluation:  : loss=0.48, accuracy@1=85.67%, accuracy@5=99.35%
Benchmark Results for cifar10 -> train: 0.0, valid: 0.0, test: 91.47861340313095
alpha 0 is Parameter containing:
tensor([[ 0.2096, -0.2088],
        [ 0.3025, -0.3009],
        [-0.0028,  0.0017],
        [ 0.3929, -0.3912],
        [ 0.0632, -0.0608],
        [-0.5884,  0.5887],
        [ 0.2664, -0.2655],
        [ 0.3327, -0.3340],
        [ 0.2594, -0.2590],
        [ 0.3162, -0.3176],
        [-0.3336,  0.3333],
        [ 0.4371, -0.4370],
        [-0.0491,  0.0491],
        [ 0.2710, -0.2709]], device='cuda:0', requires_grad=True)
alpha 1 is Parameter containing:
tensor([[ 0.2437, -0.2448],
        [ 0.0053, -0.0056],
        [ 0.1215, -0.1213],
        [-0.0161,  0.0170],
        [ 0.0253, -0.0247],
        [ 0.1728, -0.1736],
        [-0.0919,  0.0923],
        [ 0.0128, -0.0135],
        [ 0.0384, -0.0396],
        [ 0.1210, -0.1207],
        [ 0.0039, -0.0036],
        [ 0.1401, -0.1411],
        [ 0.1538, -0.1526],
        [ 0.1884, -0.1894]], device='cuda:0', requires_grad=True)
[037-050] Search: Model metrics  : loss=0.13, accuracy@1=95.48%, accuracy@5=99.96%, time-cost=4325.0 s
[037-050] Search: Architecture metrics  : loss=0.51, accuracy@1=85.47%, accuracy@5=99.30%
[037-050] Evaluation:  : loss=0.48, accuracy@1=85.91%, accuracy@5=99.38%
<<<--->>> The 037-050-th epoch : found the highest validation accuracy : 85.91%.
Benchmark Results for cifar10 -> train: 0.0, valid: 0.0, test: 91.67791569742816
alpha 0 is Parameter containing:
tensor([[ 0.2173, -0.2164],
        [ 0.2999, -0.2983],
        [ 0.0065, -0.0076],
        [ 0.4164, -0.4147],
        [ 0.0668, -0.0644],
        [-0.6017,  0.6020],
        [ 0.2863, -0.2854],
        [ 0.3394, -0.3407],
        [ 0.2708, -0.2705],
        [ 0.3293, -0.3307],
        [-0.3573,  0.3570],
        [ 0.4542, -0.4542],
        [-0.0468,  0.0469],
        [ 0.2791, -0.2790]], device='cuda:0', requires_grad=True)
alpha 1 is Parameter containing:
tensor([[ 0.2423, -0.2433],
        [ 0.0067, -0.0070],
        [ 0.1144, -0.1142],
        [-0.0187,  0.0196],
        [ 0.0256, -0.0251],
        [ 0.1645, -0.1652],
        [-0.0973,  0.0977],
        [ 0.0072, -0.0079],
        [ 0.0351, -0.0363],
        [ 0.1124, -0.1121],
        [-0.0003,  0.0007],
        [ 0.1465, -0.1475],
        [ 0.1640, -0.1629],
        [ 0.1954, -0.1963]], device='cuda:0', requires_grad=True)
[038-050] Search: Model metrics  : loss=0.12, accuracy@1=95.78%, accuracy@5=99.98%, time-cost=4442.1 s
[038-050] Search: Architecture metrics  : loss=0.50, accuracy@1=85.49%, accuracy@5=99.24%
[038-050] Evaluation:  : loss=0.48, accuracy@1=86.01%, accuracy@5=99.38%
<<<--->>> The 038-050-th epoch : found the highest validation accuracy : 86.01%.
Benchmark Results for cifar10 -> train: 0.0, valid: 0.0, test: 92.0625374430159
alpha 0 is Parameter containing:
tensor([[ 0.2344, -0.2335],
        [ 0.3179, -0.3163],
        [ 0.0029, -0.0039],
        [ 0.4346, -0.4329],
        [ 0.0793, -0.0769],
        [-0.6189,  0.6192],
        [ 0.2999, -0.2990],
        [ 0.3511, -0.3523],
        [ 0.2826, -0.2823],
        [ 0.3301, -0.3315],
        [-0.3708,  0.3704],
        [ 0.4734, -0.4734],
        [-0.0439,  0.0440],
        [ 0.2808, -0.2807]], device='cuda:0', requires_grad=True)
alpha 1 is Parameter containing:
tensor([[ 0.2393, -0.2403],
        [-0.0038,  0.0035],
        [ 0.1125, -0.1123],
        [-0.0212,  0.0220],
        [ 0.0409, -0.0404],
        [ 0.1642, -0.1649],
        [-0.1022,  0.1026],
        [ 0.0122, -0.0130],
        [ 0.0403, -0.0415],
        [ 0.1089, -0.1087],
        [-0.0019,  0.0023],
        [ 0.1540, -0.1550],
        [ 0.1749, -0.1738],
        [ 0.2073, -0.2082]], device='cuda:0', requires_grad=True)
[039-050] Search: Model metrics  : loss=0.10, accuracy@1=96.54%, accuracy@5=100.00%, time-cost=4558.0 s
[039-050] Search: Architecture metrics  : loss=0.50, accuracy@1=85.64%, accuracy@5=99.38%
[039-050] Evaluation:  : loss=0.48, accuracy@1=86.30%, accuracy@5=99.36%
<<<--->>> The 039-050-th epoch : found the highest validation accuracy : 86.30%.
Benchmark Results for cifar10 -> train: 0.0, valid: 0.0, test: 91.60247538147914
alpha 0 is Parameter containing:
tensor([[ 0.2460, -0.2452],
        [ 0.3313, -0.3297],
        [ 0.0134, -0.0145],
        [ 0.4580, -0.4564],
        [ 0.0890, -0.0866],
        [-0.6396,  0.6400],
        [ 0.3209, -0.3200],
        [ 0.3834, -0.3846],
        [ 0.3050, -0.3047],
        [ 0.3379, -0.3394],
        [-0.3756,  0.3753],
        [ 0.5007, -0.5007],
        [-0.0303,  0.0304],
        [ 0.2860, -0.2859]], device='cuda:0', requires_grad=True)
alpha 1 is Parameter containing:
tensor([[ 0.2323, -0.2333],
        [ 0.0030, -0.0034],
        [ 0.1031, -0.1028],
        [-0.0390,  0.0399],
        [ 0.0269, -0.0264],
        [ 0.1570, -0.1577],
        [-0.1038,  0.1042],
        [ 0.0010, -0.0017],
        [ 0.0363, -0.0375],
        [ 0.1017, -0.1014],
        [-0.0146,  0.0149],
        [ 0.1382, -0.1392],
        [ 0.1838, -0.1827],
        [ 0.2043, -0.2052]], device='cuda:0', requires_grad=True)
[040-050] Search: Model metrics  : loss=0.10, accuracy@1=96.61%, accuracy@5=100.00%, time-cost=4675.9 s
[040-050] Search: Architecture metrics  : loss=0.50, accuracy@1=85.79%, accuracy@5=99.31%
[040-050] Evaluation:  : loss=0.48, accuracy@1=86.45%, accuracy@5=99.31%
<<<--->>> The 040-050-th epoch : found the highest validation accuracy : 86.45%.
Benchmark Results for cifar10 -> train: 0.0, valid: 0.0, test: 91.90215733795193
alpha 0 is Parameter containing:
tensor([[ 0.2396, -0.2388],
        [ 0.3382, -0.3366],
        [-0.0024,  0.0013],
        [ 0.4860, -0.4843],
        [ 0.0859, -0.0836],
        [-0.6653,  0.6656],
        [ 0.3305, -0.3296],
        [ 0.3935, -0.3948],
        [ 0.3208, -0.3205],
        [ 0.3498, -0.3513],
        [-0.3962,  0.3958],
        [ 0.5175, -0.5175],
        [-0.0172,  0.0172],
        [ 0.2922, -0.2921]], device='cuda:0', requires_grad=True)
alpha 1 is Parameter containing:
tensor([[ 2.3469e-01, -2.3567e-01],
        [ 1.2864e-04, -4.4691e-04],
        [ 1.0435e-01, -1.0414e-01],
        [-4.5053e-02,  4.5912e-02],
        [ 2.3709e-02, -2.3193e-02],
        [ 1.5712e-01, -1.5786e-01],
        [-1.1049e-01,  1.1085e-01],
        [ 9.2824e-04, -1.6818e-03],
        [ 3.1130e-02, -3.2330e-02],
        [ 9.8176e-02, -9.7926e-02],
        [-2.1094e-02,  2.1408e-02],
        [ 1.3083e-01, -1.3183e-01],
        [ 1.8226e-01, -1.8113e-01],
        [ 2.0141e-01, -2.0236e-01]], device='cuda:0', requires_grad=True)
[041-050] Search: Model metrics  : loss=0.09, accuracy@1=96.90%, accuracy@5=99.98%, time-cost=4791.2 s
[041-050] Search: Architecture metrics  : loss=0.51, accuracy@1=85.73%, accuracy@5=99.25%
[041-050] Evaluation:  : loss=0.49, accuracy@1=86.37%, accuracy@5=99.29%
Benchmark Results for cifar10 -> train: 0.0, valid: 0.0, test: 92.06561731246457
alpha 0 is Parameter containing:
tensor([[ 0.2474, -0.2465],
        [ 0.3440, -0.3424],
        [-0.0102,  0.0091],
        [ 0.5175, -0.5159],
        [ 0.0910, -0.0886],
        [-0.6950,  0.6953],
        [ 0.3517, -0.3508],
        [ 0.4200, -0.4213],
        [ 0.3460, -0.3457],
        [ 0.3655, -0.3669],
        [-0.4172,  0.4169],
        [ 0.5470, -0.5470],
        [-0.0230,  0.0231],
        [ 0.2912, -0.2912]], device='cuda:0', requires_grad=True)
alpha 1 is Parameter containing:
tensor([[ 0.2207, -0.2217],
        [ 0.0109, -0.0112],
        [ 0.0868, -0.0866],
        [-0.0601,  0.0610],
        [ 0.0297, -0.0292],
        [ 0.1414, -0.1421],
        [-0.1173,  0.1176],
        [ 0.0022, -0.0030],
        [ 0.0486, -0.0498],
        [ 0.0789, -0.0787],
        [-0.0342,  0.0346],
        [ 0.1341, -0.1351],
        [ 0.2043, -0.2031],
        [ 0.2093, -0.2102]], device='cuda:0', requires_grad=True)
[042-050] Search: Model metrics  : loss=0.09, accuracy@1=96.98%, accuracy@5=99.99%, time-cost=4907.6 s
[042-050] Search: Architecture metrics  : loss=0.50, accuracy@1=85.87%, accuracy@5=99.34%
[042-050] Evaluation:  : loss=0.49, accuracy@1=86.30%, accuracy@5=99.38%
Benchmark Results for cifar10 -> train: 0.0, valid: 0.0, test: 92.30630730615934
alpha 0 is Parameter containing:
tensor([[ 0.2520, -0.2511],
        [ 0.3405, -0.3389],
        [-0.0097,  0.0087],
        [ 0.5330, -0.5314],
        [ 0.0901, -0.0878],
        [-0.7102,  0.7105],
        [ 0.3665, -0.3656],
        [ 0.4214, -0.4227],
        [ 0.3784, -0.3780],
        [ 0.3675, -0.3689],
        [-0.4314,  0.4311],
        [ 0.5629, -0.5628],
        [-0.0129,  0.0129],
        [ 0.2847, -0.2846]], device='cuda:0', requires_grad=True)
alpha 1 is Parameter containing:
tensor([[ 0.2108, -0.2118],
        [-0.0033,  0.0030],
        [ 0.0792, -0.0790],
        [-0.0716,  0.0724],
        [ 0.0236, -0.0231],
        [ 0.1347, -0.1355],
        [-0.1196,  0.1200],
        [-0.0046,  0.0038],
        [ 0.0490, -0.0501],
        [ 0.0709, -0.0706],
        [-0.0424,  0.0427],
        [ 0.1413, -0.1423],
        [ 0.2171, -0.2160],
        [ 0.2210, -0.2219]], device='cuda:0', requires_grad=True)
[043-050] Search: Model metrics  : loss=0.08, accuracy@1=97.07%, accuracy@5=99.99%, time-cost=5025.5 s
[043-050] Search: Architecture metrics  : loss=0.50, accuracy@1=85.81%, accuracy@5=99.31%
[043-050] Evaluation:  : loss=0.48, accuracy@1=87.03%, accuracy@5=99.41%
<<<--->>> The 043-050-th epoch : found the highest validation accuracy : 87.03%.
Benchmark Results for cifar10 -> train: 0.0, valid: 0.0, test: 92.26135575033622
alpha 0 is Parameter containing:
tensor([[ 0.2644, -0.2636],
        [ 0.3454, -0.3438],
        [-0.0103,  0.0092],
        [ 0.5615, -0.5598],
        [ 0.0929, -0.0905],
        [-0.7226,  0.7229],
        [ 0.3835, -0.3825],
        [ 0.4382, -0.4395],
        [ 0.4010, -0.4007],
        [ 0.3739, -0.3753],
        [-0.4466,  0.4463],
        [ 0.5777, -0.5777],
        [-0.0082,  0.0083],
        [ 0.2930, -0.2929]], device='cuda:0', requires_grad=True)
alpha 1 is Parameter containing:
tensor([[ 0.2019, -0.2029],
        [-0.0050,  0.0046],
        [ 0.0688, -0.0686],
        [-0.0868,  0.0877],
        [ 0.0336, -0.0331],
        [ 0.1226, -0.1234],
        [-0.1310,  0.1313],
        [-0.0035,  0.0027],
        [ 0.0464, -0.0476],
        [ 0.0600, -0.0598],
        [-0.0541,  0.0544],
        [ 0.1518, -0.1528],
        [ 0.2249, -0.2238],
        [ 0.2333, -0.2342]], device='cuda:0', requires_grad=True)
[044-050] Search: Model metrics  : loss=0.08, accuracy@1=97.21%, accuracy@5=99.99%, time-cost=5143.4 s
[044-050] Search: Architecture metrics  : loss=0.49, accuracy@1=86.31%, accuracy@5=99.32%
[044-050] Evaluation:  : loss=0.48, accuracy@1=86.92%, accuracy@5=99.37%
Benchmark Results for cifar10 -> train: 0.0, valid: 0.0, test: 92.22240774068266
alpha 0 is Parameter containing:
tensor([[ 0.2786, -0.2778],
        [ 0.3521, -0.3505],
        [-0.0086,  0.0075],
        [ 0.5700, -0.5684],
        [ 0.1013, -0.0990],
        [-0.7409,  0.7413],
        [ 0.4021, -0.4012],
        [ 0.4535, -0.4548],
        [ 0.4283, -0.4280],
        [ 0.3842, -0.3856],
        [-0.4524,  0.4521],
        [ 0.5975, -0.5975],
        [ 0.0067, -0.0066],
        [ 0.2975, -0.2974]], device='cuda:0', requires_grad=True)
alpha 1 is Parameter containing:
tensor([[ 0.2003, -0.2013],
        [-0.0022,  0.0019],
        [ 0.0632, -0.0630],
        [-0.1031,  0.1039],
        [ 0.0292, -0.0287],
        [ 0.1218, -0.1225],
        [-0.1361,  0.1364],
        [-0.0097,  0.0089],
        [ 0.0396, -0.0408],
        [ 0.0576, -0.0573],
        [-0.0657,  0.0660],
        [ 0.1502, -0.1512],
        [ 0.2400, -0.2389],
        [ 0.2454, -0.2463]], device='cuda:0', requires_grad=True)
[045-050] Search: Model metrics  : loss=0.07, accuracy@1=97.39%, accuracy@5=100.00%, time-cost=5261.1 s
[045-050] Search: Architecture metrics  : loss=0.50, accuracy@1=85.99%, accuracy@5=99.30%
[045-050] Evaluation:  : loss=0.48, accuracy@1=86.60%, accuracy@5=99.37%
Benchmark Results for cifar10 -> train: 0.0, valid: 0.0, test: 92.21453553922872
alpha 0 is Parameter containing:
tensor([[ 0.2870, -0.2861],
        [ 0.3553, -0.3538],
        [-0.0018,  0.0008],
        [ 0.5902, -0.5886],
        [ 0.1152, -0.1129],
        [-0.7608,  0.7611],
        [ 0.4190, -0.4181],
        [ 0.4645, -0.4658],
        [ 0.4463, -0.4460],
        [ 0.3950, -0.3964],
        [-0.4661,  0.4657],
        [ 0.6022, -0.6022],
        [ 0.0081, -0.0080],
        [ 0.3131, -0.3131]], device='cuda:0', requires_grad=True)
alpha 1 is Parameter containing:
tensor([[ 0.1818, -0.1827],
        [ 0.0056, -0.0060],
        [ 0.0449, -0.0446],
        [-0.1172,  0.1180],
        [ 0.0277, -0.0272],
        [ 0.1071, -0.1078],
        [-0.1165,  0.1169],
        [-0.0061,  0.0054],
        [ 0.0428, -0.0440],
        [ 0.0408, -0.0406],
        [-0.0758,  0.0761],
        [ 0.1476, -0.1485],
        [ 0.2543, -0.2532],
        [ 0.2410, -0.2420]], device='cuda:0', requires_grad=True)
[046-050] Search: Model metrics  : loss=0.07, accuracy@1=97.74%, accuracy@5=100.00%, time-cost=5378.9 s
[046-050] Search: Architecture metrics  : loss=0.50, accuracy@1=86.18%, accuracy@5=99.34%
[046-050] Evaluation:  : loss=0.48, accuracy@1=87.02%, accuracy@5=99.46%
Benchmark Results for cifar10 -> train: 0.0, valid: 0.0, test: 91.87588634416274
alpha 0 is Parameter containing:
tensor([[ 0.2876, -0.2867],
        [ 0.3592, -0.3577],
        [-0.0063,  0.0053],
        [ 0.6043, -0.6027],
        [ 0.1125, -0.1101],
        [-0.7834,  0.7838],
        [ 0.4233, -0.4224],
        [ 0.4650, -0.4663],
        [ 0.4542, -0.4539],
        [ 0.4061, -0.4075],
        [-0.4790,  0.4786],
        [ 0.6222, -0.6222],
        [ 0.0151, -0.0150],
        [ 0.3105, -0.3104]], device='cuda:0', requires_grad=True)
alpha 1 is Parameter containing:
tensor([[ 0.1847, -0.1857],
        [ 0.0068, -0.0071],
        [ 0.0439, -0.0437],
        [-0.1316,  0.1324],
        [ 0.0256, -0.0251],
        [ 0.1039, -0.1046],
        [-0.1215,  0.1219],
        [-0.0109,  0.0102],
        [ 0.0334, -0.0346],
        [ 0.0369, -0.0367],
        [-0.0870,  0.0873],
        [ 0.1431, -0.1441],
        [ 0.2623, -0.2612],
        [ 0.2519, -0.2529]], device='cuda:0', requires_grad=True)
[047-050] Search: Model metrics  : loss=0.07, accuracy@1=97.63%, accuracy@5=100.00%, time-cost=5494.1 s
[047-050] Search: Architecture metrics  : loss=0.52, accuracy@1=85.90%, accuracy@5=99.29%
[047-050] Evaluation:  : loss=0.49, accuracy@1=86.70%, accuracy@5=99.33%
Benchmark Results for cifar10 -> train: 0.0, valid: 0.0, test: 91.62623994997793
alpha 0 is Parameter containing:
tensor([[ 0.3010, -0.3002],
        [ 0.3750, -0.3735],
        [-0.0047,  0.0037],
        [ 0.6278, -0.6262],
        [ 0.1109, -0.1086],
        [-0.7942,  0.7945],
        [ 0.4360, -0.4351],
        [ 0.4826, -0.4838],
        [ 0.4686, -0.4683],
        [ 0.4031, -0.4045],
        [-0.4966,  0.4963],
        [ 0.6451, -0.6451],
        [ 0.0219, -0.0219],
        [ 0.3199, -0.3199]], device='cuda:0', requires_grad=True)
alpha 1 is Parameter containing:
tensor([[ 0.1874, -0.1883],
        [ 0.0186, -0.0189],
        [ 0.0424, -0.0422],
        [-0.1413,  0.1421],
        [ 0.0235, -0.0230],
        [ 0.1020, -0.1026],
        [-0.1313,  0.1317],
        [-0.0026,  0.0019],
        [ 0.0369, -0.0380],
        [ 0.0350, -0.0348],
        [-0.0914,  0.0917],
        [ 0.1437, -0.1446],
        [ 0.2679, -0.2668],
        [ 0.2613, -0.2622]], device='cuda:0', requires_grad=True)
[048-050] Search: Model metrics  : loss=0.07, accuracy@1=97.89%, accuracy@5=100.00%, time-cost=5611.9 s
[048-050] Search: Architecture metrics  : loss=0.49, accuracy@1=86.69%, accuracy@5=99.30%
[048-050] Evaluation:  : loss=0.48, accuracy@1=87.14%, accuracy@5=99.36%
<<<--->>> The 048-050-th epoch : found the highest validation accuracy : 87.14%.
Benchmark Results for cifar10 -> train: 0.0, valid: 0.0, test: 91.80818338782606
alpha 0 is Parameter containing:
tensor([[ 0.3072, -0.3064],
        [ 0.3747, -0.3732],
        [-0.0038,  0.0028],
        [ 0.6531, -0.6515],
        [ 0.1086, -0.1063],
        [-0.8160,  0.8163],
        [ 0.4514, -0.4505],
        [ 0.4896, -0.4908],
        [ 0.4758, -0.4755],
        [ 0.4032, -0.4046],
        [-0.5164,  0.5160],
        [ 0.6608, -0.6608],
        [ 0.0269, -0.0268],
        [ 0.3230, -0.3230]], device='cuda:0', requires_grad=True)
alpha 1 is Parameter containing:
tensor([[ 0.1925, -0.1935],
        [ 0.0107, -0.0110],
        [ 0.0448, -0.0446],
        [-0.1495,  0.1503],
        [ 0.0213, -0.0208],
        [ 0.1022, -0.1029],
        [-0.1298,  0.1302],
        [-0.0097,  0.0090],
        [ 0.0380, -0.0392],
        [ 0.0374, -0.0372],
        [-0.0935,  0.0937],
        [ 0.1485, -0.1495],
        [ 0.2772, -0.2761],
        [ 0.2663, -0.2672]], device='cuda:0', requires_grad=True)
[049-050] Search: Model metrics  : loss=0.07, accuracy@1=97.70%, accuracy@5=100.00%, time-cost=5729.9 s
[049-050] Search: Architecture metrics  : loss=0.49, accuracy@1=86.64%, accuracy@5=99.37%
[049-050] Evaluation:  : loss=0.48, accuracy@1=86.92%, accuracy@5=99.44%
Benchmark Results for cifar10 -> train: 0.0, valid: 0.0, test: 91.90696293558133
alpha 0 is Parameter containing:
tensor([[ 0.3236, -0.3227],
        [ 0.3765, -0.3749],
        [ 0.0059, -0.0070],
        [ 0.6689, -0.6672],
        [ 0.1096, -0.1073],
        [-0.8286,  0.8289],
        [ 0.4655, -0.4646],
        [ 0.4998, -0.5010],
        [ 0.4912, -0.4909],
        [ 0.4085, -0.4098],
        [-0.5232,  0.5229],
        [ 0.6711, -0.6711],
        [ 0.0245, -0.0244],
        [ 0.3302, -0.3301]], device='cuda:0', requires_grad=True)
alpha 1 is Parameter containing:
tensor([[ 0.1821, -0.1830],
        [ 0.0056, -0.0059],
        [ 0.0355, -0.0353],
        [-0.1595,  0.1602],
        [ 0.0220, -0.0215],
        [ 0.0903, -0.0909],
        [-0.1269,  0.1272],
        [-0.0063,  0.0056],
        [ 0.0364, -0.0375],
        [ 0.0275, -0.0273],
        [-0.1017,  0.1019],
        [ 0.1426, -0.1435],
        [ 0.2802, -0.2792],
        [ 0.2636, -0.2645]], device='cuda:0', requires_grad=True)
[050-050] Search: Model metrics  : loss=0.07, accuracy@1=97.79%, accuracy@5=99.99%, time-cost=5845.7 s
[050-050] Search: Architecture metrics  : loss=0.51, accuracy@1=86.20%, accuracy@5=99.26%
[050-050] Evaluation:  : loss=0.48, accuracy@1=86.84%, accuracy@5=99.43%
Benchmark Results for cifar10 -> train: 0.0, valid: 0.0, test: 91.93968808309448
alpha 0 is Parameter containing:
tensor([[ 0.3204, -0.3196],
        [ 0.3871, -0.3856],
        [-0.0037,  0.0026],
        [ 0.6864, -0.6848],
        [ 0.1184, -0.1161],
        [-0.8486,  0.8489],
        [ 0.4802, -0.4793],
        [ 0.5107, -0.5119],
        [ 0.4972, -0.4969],
        [ 0.4109, -0.4122],
        [-0.5313,  0.5310],
        [ 0.6750, -0.6750],
        [ 0.0265, -0.0265],
        [ 0.3345, -0.3344]], device='cuda:0', requires_grad=True)
alpha 1 is Parameter containing:
tensor([[ 0.1782, -0.1791],
        [ 0.0056, -0.0059],
        [ 0.0302, -0.0300],
        [-0.1724,  0.1732],
        [ 0.0229, -0.0224],
        [ 0.0869, -0.0876],
        [-0.1338,  0.1342],
        [-0.0164,  0.0157],
        [ 0.0354, -0.0365],
        [ 0.0230, -0.0227],
        [-0.1126,  0.1128],
        [ 0.1431, -0.1440],
        [ 0.2905, -0.2895],
        [ 0.2717, -0.2726]], device='cuda:0', requires_grad=True)
