Files already downloaded and verified
Files already downloaded and verified
[001-050] Search: Model metrics  : loss=1.64, accuracy@1=38.98%, accuracy@5=88.74%, time-cost=137.4 s
[001-050] Search: Architecture metrics  : loss=1.65, accuracy@1=38.77%, accuracy@5=88.47%
[001-050] Evaluation:  : loss=1.48, accuracy@1=45.42%, accuracy@5=92.37%
<<<--->>> The 001-050-th epoch : found the highest validation accuracy : 45.42%.
Benchmark Results for cifar10 -> train: 0.0, valid: 0.0, test: 93.38485683307569
alpha 0 is Parameter containing:
tensor([[-0.0155,  0.0161],
        [-0.0059,  0.0045],
        [-0.0161,  0.0143],
        [-0.0228,  0.0209],
        [-0.0161,  0.0178],
        [-0.0190,  0.0178],
        [-0.0192,  0.0188],
        [-0.0248,  0.0256],
        [-0.0314,  0.0313],
        [-0.0195,  0.0181],
        [-0.0148,  0.0163],
        [-0.0267,  0.0248],
        [-0.0302,  0.0298],
        [-0.0254,  0.0252]], device='cuda:0', requires_grad=True)
alpha 1 is Parameter containing:
tensor([[-0.0057,  0.0050],
        [-0.0140,  0.0131],
        [-0.0063,  0.0070],
        [-0.0073,  0.0073],
        [-0.0043,  0.0042],
        [-0.0003,  0.0006],
        [ 0.0014, -0.0027],
        [-0.0142,  0.0144],
        [-0.0126,  0.0150],
        [ 0.0024, -0.0023],
        [ 0.0021, -0.0025],
        [-0.0169,  0.0173],
        [-0.0138,  0.0132],
        [ 0.0050, -0.0040]], device='cuda:0', requires_grad=True)
[002-050] Search: Model metrics  : loss=1.22, accuracy@1=56.10%, accuracy@5=94.98%, time-cost=273.8 s
[002-050] Search: Architecture metrics  : loss=1.24, accuracy@1=55.42%, accuracy@5=94.66%
[002-050] Evaluation:  : loss=1.14, accuracy@1=58.92%, accuracy@5=95.56%
<<<--->>> The 002-050-th epoch : found the highest validation accuracy : 58.92%.
Benchmark Results for cifar10 -> train: 0.0, valid: 0.0, test: 93.0015403226917
alpha 0 is Parameter containing:
tensor([[-0.0382,  0.0388],
        [-0.0324,  0.0310],
        [-0.0335,  0.0317],
        [-0.0399,  0.0380],
        [-0.0418,  0.0436],
        [-0.0383,  0.0370],
        [-0.0359,  0.0355],
        [-0.0530,  0.0539],
        [-0.0720,  0.0719],
        [-0.0407,  0.0393],
        [-0.0307,  0.0322],
        [-0.0619,  0.0600],
        [-0.0540,  0.0536],
        [-0.0616,  0.0614]], device='cuda:0', requires_grad=True)
alpha 1 is Parameter containing:
tensor([[-0.0081,  0.0074],
        [-0.0194,  0.0185],
        [-0.0065,  0.0071],
        [-0.0126,  0.0126],
        [-0.0230,  0.0229],
        [-0.0115,  0.0118],
        [-0.0056,  0.0043],
        [-0.0348,  0.0349],
        [-0.0228,  0.0252],
        [-0.0009,  0.0010],
        [-0.0147,  0.0143],
        [-0.0327,  0.0330],
        [-0.0267,  0.0261],
        [-0.0003,  0.0013]], device='cuda:0', requires_grad=True)
[003-050] Search: Model metrics  : loss=1.02, accuracy@1=64.05%, accuracy@5=96.31%, time-cost=410.3 s
[003-050] Search: Architecture metrics  : loss=1.03, accuracy@1=63.76%, accuracy@5=96.51%
[003-050] Evaluation:  : loss=1.07, accuracy@1=63.16%, accuracy@5=96.12%
<<<--->>> The 003-050-th epoch : found the highest validation accuracy : 63.16%.
Benchmark Results for cifar10 -> train: 0.0, valid: 0.0, test: 92.99229563989527
alpha 0 is Parameter containing:
tensor([[-0.0484,  0.0491],
        [-0.0517,  0.0503],
        [-0.0401,  0.0383],
        [-0.0694,  0.0675],
        [-0.0555,  0.0572],
        [-0.0454,  0.0441],
        [-0.0510,  0.0506],
        [-0.0636,  0.0645],
        [-0.0910,  0.0910],
        [-0.0450,  0.0436],
        [-0.0475,  0.0490],
        [-0.0775,  0.0757],
        [-0.0645,  0.0641],
        [-0.0809,  0.0808]], device='cuda:0', requires_grad=True)
alpha 1 is Parameter containing:
tensor([[-0.0120,  0.0113],
        [-0.0203,  0.0195],
        [-0.0164,  0.0170],
        [-0.0150,  0.0150],
        [-0.0320,  0.0320],
        [-0.0134,  0.0137],
        [-0.0212,  0.0199],
        [-0.0445,  0.0447],
        [-0.0260,  0.0284],
        [-0.0098,  0.0099],
        [-0.0223,  0.0219],
        [-0.0471,  0.0475],
        [-0.0502,  0.0495],
        [-0.0104,  0.0113]], device='cuda:0', requires_grad=True)
[004-050] Search: Model metrics  : loss=0.88, accuracy@1=68.96%, accuracy@5=97.49%, time-cost=546.8 s
[004-050] Search: Architecture metrics  : loss=0.90, accuracy@1=68.25%, accuracy@5=97.40%
[004-050] Evaluation:  : loss=0.89, accuracy@1=69.05%, accuracy@5=97.28%
<<<--->>> The 004-050-th epoch : found the highest validation accuracy : 69.05%.
Benchmark Results for cifar10 -> train: 0.0, valid: 0.0, test: 92.99785655018748
alpha 0 is Parameter containing:
tensor([[-0.0515,  0.0522],
        [-0.0606,  0.0592],
        [-0.0390,  0.0372],
        [-0.0775,  0.0756],
        [-0.0605,  0.0623],
        [-0.0483,  0.0471],
        [-0.0637,  0.0633],
        [-0.0664,  0.0672],
        [-0.1068,  0.1067],
        [-0.0464,  0.0450],
        [-0.0550,  0.0565],
        [-0.0850,  0.0831],
        [-0.0692,  0.0688],
        [-0.0932,  0.0931]], device='cuda:0', requires_grad=True)
alpha 1 is Parameter containing:
tensor([[-0.0162,  0.0155],
        [-0.0333,  0.0325],
        [-0.0177,  0.0183],
        [-0.0131,  0.0131],
        [-0.0422,  0.0421],
        [-0.0241,  0.0243],
        [-0.0246,  0.0233],
        [-0.0558,  0.0559],
        [-0.0309,  0.0332],
        [-0.0119,  0.0119],
        [-0.0304,  0.0299],
        [-0.0641,  0.0644],
        [-0.0726,  0.0720],
        [-0.0466,  0.0475]], device='cuda:0', requires_grad=True)
[005-050] Search: Model metrics  : loss=0.78, accuracy@1=72.52%, accuracy@5=98.09%, time-cost=682.9 s
[005-050] Search: Architecture metrics  : loss=0.82, accuracy@1=71.51%, accuracy@5=97.78%
[005-050] Evaluation:  : loss=0.81, accuracy@1=71.82%, accuracy@5=98.00%
<<<--->>> The 005-050-th epoch : found the highest validation accuracy : 71.82%.
Benchmark Results for cifar10 -> train: 0.0, valid: 0.0, test: 93.20313814978043
alpha 0 is Parameter containing:
tensor([[-0.0477,  0.0483],
        [-0.0665,  0.0652],
        [-0.0437,  0.0419],
        [-0.0724,  0.0706],
        [-0.0550,  0.0567],
        [-0.0538,  0.0526],
        [-0.0570,  0.0566],
        [-0.0807,  0.0816],
        [-0.1154,  0.1154],
        [-0.0459,  0.0446],
        [-0.0531,  0.0546],
        [-0.0930,  0.0912],
        [-0.0588,  0.0584],
        [-0.1105,  0.1104]], device='cuda:0', requires_grad=True)
alpha 1 is Parameter containing:
tensor([[-0.0096,  0.0089],
        [-0.0326,  0.0317],
        [-0.0157,  0.0163],
        [-0.0022,  0.0022],
        [-0.0521,  0.0520],
        [-0.0196,  0.0198],
        [-0.0276,  0.0263],
        [-0.0469,  0.0470],
        [-0.0197,  0.0219],
        [-0.0154,  0.0155],
        [-0.0340,  0.0336],
        [-0.0706,  0.0709],
        [-0.0743,  0.0737],
        [-0.0643,  0.0653]], device='cuda:0', requires_grad=True)
[006-050] Search: Model metrics  : loss=0.71, accuracy@1=75.38%, accuracy@5=98.36%, time-cost=819.1 s
[006-050] Search: Architecture metrics  : loss=0.75, accuracy@1=73.85%, accuracy@5=98.12%
[006-050] Evaluation:  : loss=0.75, accuracy@1=74.93%, accuracy@5=97.58%
<<<--->>> The 006-050-th epoch : found the highest validation accuracy : 74.93%.
Benchmark Results for cifar10 -> train: 0.0, valid: 0.0, test: 93.18266461103434
alpha 0 is Parameter containing:
tensor([[-0.0469,  0.0475],
        [-0.0743,  0.0730],
        [-0.0509,  0.0491],
        [-0.0702,  0.0684],
        [-0.0515,  0.0532],
        [-0.0604,  0.0591],
        [-0.0636,  0.0631],
        [-0.0825,  0.0833],
        [-0.1319,  0.1318],
        [-0.0381,  0.0367],
        [-0.0546,  0.0561],
        [-0.0926,  0.0908],
        [-0.0616,  0.0612],
        [-0.1264,  0.1263]], device='cuda:0', requires_grad=True)
alpha 1 is Parameter containing:
tensor([[-0.0171,  0.0163],
        [-0.0313,  0.0304],
        [-0.0232,  0.0238],
        [ 0.0014, -0.0014],
        [-0.0485,  0.0485],
        [-0.0103,  0.0106],
        [-0.0306,  0.0294],
        [-0.0403,  0.0404],
        [-0.0002,  0.0025],
        [-0.0228,  0.0229],
        [-0.0418,  0.0414],
        [-0.0765,  0.0768],
        [-0.0661,  0.0655],
        [-0.0763,  0.0772]], device='cuda:0', requires_grad=True)
[007-050] Search: Model metrics  : loss=0.65, accuracy@1=77.40%, accuracy@5=98.74%, time-cost=955.0 s
[007-050] Search: Architecture metrics  : loss=0.70, accuracy@1=76.00%, accuracy@5=98.47%
[007-050] Evaluation:  : loss=0.67, accuracy@1=76.88%, accuracy@5=98.59%
<<<--->>> The 007-050-th epoch : found the highest validation accuracy : 76.88%.
Benchmark Results for cifar10 -> train: 0.0, valid: 0.0, test: 93.84516118966366
alpha 0 is Parameter containing:
tensor([[-0.0466,  0.0473],
        [-0.0759,  0.0745],
        [-0.0639,  0.0621],
        [-0.0651,  0.0633],
        [-0.0499,  0.0516],
        [-0.0751,  0.0738],
        [-0.0713,  0.0709],
        [-0.0847,  0.0856],
        [-0.1393,  0.1393],
        [-0.0437,  0.0424],
        [-0.0538,  0.0553],
        [-0.1036,  0.1018],
        [-0.0524,  0.0520],
        [-0.1430,  0.1429]], device='cuda:0', requires_grad=True)
alpha 1 is Parameter containing:
tensor([[-7.3470e-03,  6.6177e-03],
        [-3.0193e-02,  2.9340e-02],
        [-2.8006e-02,  2.8592e-02],
        [ 2.7978e-05, -3.0539e-05],
        [-6.1210e-02,  6.1131e-02],
        [-1.4132e-02,  1.4398e-02],
        [-4.0022e-02,  3.8783e-02],
        [-4.9981e-02,  5.0139e-02],
        [-1.4431e-02,  1.6638e-02],
        [-1.9061e-02,  1.9110e-02],
        [-5.4069e-02,  5.3651e-02],
        [-7.7673e-02,  7.7991e-02],
        [-7.7748e-02,  7.7168e-02],
        [-8.9755e-02,  9.0662e-02]], device='cuda:0', requires_grad=True)
[008-050] Search: Model metrics  : loss=0.59, accuracy@1=79.46%, accuracy@5=98.90%, time-cost=1091.0 s
[008-050] Search: Architecture metrics  : loss=0.66, accuracy@1=77.03%, accuracy@5=98.51%
[008-050] Evaluation:  : loss=0.74, accuracy@1=74.65%, accuracy@5=98.32%
Benchmark Results for cifar10 -> train: 0.0, valid: 0.0, test: 94.23180884686462
alpha 0 is Parameter containing:
tensor([[-0.0466,  0.0472],
        [-0.0807,  0.0794],
        [-0.0856,  0.0839],
        [-0.0674,  0.0656],
        [-0.0472,  0.0489],
        [-0.0888,  0.0876],
        [-0.0730,  0.0726],
        [-0.0862,  0.0870],
        [-0.1587,  0.1586],
        [-0.0468,  0.0455],
        [-0.0507,  0.0522],
        [-0.1107,  0.1090],
        [-0.0469,  0.0465],
        [-0.1532,  0.1530]], device='cuda:0', requires_grad=True)
alpha 1 is Parameter containing:
tensor([[-0.0014,  0.0007],
        [-0.0373,  0.0364],
        [-0.0222,  0.0227],
        [-0.0134,  0.0134],
        [-0.0714,  0.0714],
        [-0.0110,  0.0113],
        [-0.0431,  0.0419],
        [-0.0531,  0.0533],
        [-0.0078,  0.0100],
        [-0.0282,  0.0283],
        [-0.0682,  0.0678],
        [-0.0697,  0.0701],
        [-0.0728,  0.0722],
        [-0.0905,  0.0914]], device='cuda:0', requires_grad=True)
[009-050] Search: Model metrics  : loss=0.57, accuracy@1=80.34%, accuracy@5=98.92%, time-cost=1227.2 s
[009-050] Search: Architecture metrics  : loss=0.63, accuracy@1=78.32%, accuracy@5=98.70%
[009-050] Evaluation:  : loss=0.68, accuracy@1=77.23%, accuracy@5=98.58%
<<<--->>> The 009-050-th epoch : found the highest validation accuracy : 77.23%.
Benchmark Results for cifar10 -> train: 0.0, valid: 0.0, test: 94.10484618002174
alpha 0 is Parameter containing:
tensor([[-0.0552,  0.0558],
        [-0.0966,  0.0953],
        [-0.1047,  0.1029],
        [-0.0681,  0.0663],
        [-0.0398,  0.0415],
        [-0.1013,  0.1001],
        [-0.0771,  0.0767],
        [-0.0839,  0.0848],
        [-0.1670,  0.1669],
        [-0.0529,  0.0516],
        [-0.0386,  0.0401],
        [-0.1078,  0.1060],
        [-0.0343,  0.0339],
        [-0.1581,  0.1579]], device='cuda:0', requires_grad=True)
alpha 1 is Parameter containing:
tensor([[-0.0083,  0.0076],
        [-0.0486,  0.0478],
        [-0.0137,  0.0143],
        [-0.0144,  0.0144],
        [-0.0893,  0.0892],
        [-0.0155,  0.0157],
        [-0.0440,  0.0428],
        [-0.0635,  0.0637],
        [-0.0108,  0.0129],
        [-0.0464,  0.0464],
        [-0.0768,  0.0764],
        [-0.0719,  0.0722],
        [-0.0796,  0.0791],
        [-0.0841,  0.0850]], device='cuda:0', requires_grad=True)
[010-050] Search: Model metrics  : loss=0.52, accuracy@1=81.80%, accuracy@5=99.16%, time-cost=1363.8 s
[010-050] Search: Architecture metrics  : loss=0.60, accuracy@1=79.38%, accuracy@5=98.77%
[010-050] Evaluation:  : loss=0.62, accuracy@1=78.65%, accuracy@5=98.80%
<<<--->>> The 010-050-th epoch : found the highest validation accuracy : 78.65%.
Benchmark Results for cifar10 -> train: 0.0, valid: 0.0, test: 94.07906712660221
alpha 0 is Parameter containing:
tensor([[-0.0583,  0.0589],
        [-0.0957,  0.0944],
        [-0.1179,  0.1162],
        [-0.0545,  0.0527],
        [-0.0472,  0.0489],
        [-0.1114,  0.1102],
        [-0.0702,  0.0698],
        [-0.0855,  0.0863],
        [-0.1842,  0.1842],
        [-0.0570,  0.0557],
        [-0.0275,  0.0289],
        [-0.1067,  0.1050],
        [-0.0241,  0.0237],
        [-0.1618,  0.1617]], device='cuda:0', requires_grad=True)
alpha 1 is Parameter containing:
tensor([[-0.0156,  0.0149],
        [-0.0460,  0.0451],
        [-0.0124,  0.0130],
        [-0.0138,  0.0138],
        [-0.0899,  0.0898],
        [-0.0104,  0.0106],
        [-0.0532,  0.0520],
        [-0.0613,  0.0615],
        [-0.0061,  0.0082],
        [-0.0552,  0.0552],
        [-0.0777,  0.0773],
        [-0.0720,  0.0723],
        [-0.0681,  0.0675],
        [-0.0865,  0.0874]], device='cuda:0', requires_grad=True)
[011-050] Search: Model metrics  : loss=0.50, accuracy@1=82.48%, accuracy@5=99.28%, time-cost=1500.0 s
[011-050] Search: Architecture metrics  : loss=0.60, accuracy@1=79.38%, accuracy@5=98.77%
[011-050] Evaluation:  : loss=0.61, accuracy@1=79.36%, accuracy@5=98.78%
<<<--->>> The 011-050-th epoch : found the highest validation accuracy : 79.36%.
Benchmark Results for cifar10 -> train: 0.0, valid: 0.0, test: 94.27974778710117
alpha 0 is Parameter containing:
tensor([[-0.0607,  0.0613],
        [-0.0976,  0.0963],
        [-0.1196,  0.1179],
        [-0.0614,  0.0597],
        [-0.0467,  0.0483],
        [-0.1097,  0.1085],
        [-0.0652,  0.0648],
        [-0.0631,  0.0639],
        [-0.1875,  0.1874],
        [-0.0504,  0.0492],
        [-0.0190,  0.0204],
        [-0.1004,  0.0986],
        [-0.0169,  0.0165],
        [-0.1781,  0.1780]], device='cuda:0', requires_grad=True)
alpha 1 is Parameter containing:
tensor([[-0.0231,  0.0224],
        [-0.0574,  0.0566],
        [-0.0181,  0.0187],
        [-0.0167,  0.0167],
        [-0.0940,  0.0939],
        [-0.0123,  0.0126],
        [-0.0649,  0.0637],
        [-0.0522,  0.0524],
        [-0.0121,  0.0142],
        [-0.0634,  0.0634],
        [-0.0884,  0.0880],
        [-0.0724,  0.0727],
        [-0.0728,  0.0722],
        [-0.0956,  0.0965]], device='cuda:0', requires_grad=True)
[012-050] Search: Model metrics  : loss=0.47, accuracy@1=83.72%, accuracy@5=99.29%, time-cost=1636.8 s
[012-050] Search: Architecture metrics  : loss=0.56, accuracy@1=80.57%, accuracy@5=98.82%
[012-050] Evaluation:  : loss=0.58, accuracy@1=80.46%, accuracy@5=98.86%
<<<--->>> The 012-050-th epoch : found the highest validation accuracy : 80.46%.
Benchmark Results for cifar10 -> train: 0.0, valid: 0.0, test: 94.267716550199
alpha 0 is Parameter containing:
tensor([[-5.4412e-02,  5.5015e-02],
        [-1.0202e-01,  1.0069e-01],
        [-1.1666e-01,  1.1494e-01],
        [-6.0547e-02,  5.8811e-02],
        [-3.5517e-02,  3.7163e-02],
        [-1.0166e-01,  1.0048e-01],
        [-6.0139e-02,  5.9743e-02],
        [-4.2421e-02,  4.3217e-02],
        [-1.8232e-01,  1.8225e-01],
        [-4.5305e-02,  4.4031e-02],
        [-1.8924e-02,  2.0321e-02],
        [-8.8095e-02,  8.6371e-02],
        [ 4.5703e-05, -4.4585e-04],
        [-1.8739e-01,  1.8726e-01]], device='cuda:0', requires_grad=True)
alpha 1 is Parameter containing:
tensor([[-0.0239,  0.0232],
        [-0.0579,  0.0571],
        [-0.0201,  0.0207],
        [-0.0134,  0.0134],
        [-0.0910,  0.0909],
        [-0.0090,  0.0092],
        [-0.0747,  0.0735],
        [-0.0544,  0.0545],
        [-0.0181,  0.0202],
        [-0.0608,  0.0608],
        [-0.0923,  0.0919],
        [-0.0646,  0.0649],
        [-0.0685,  0.0679],
        [-0.0974,  0.0982]], device='cuda:0', requires_grad=True)
[013-050] Search: Model metrics  : loss=0.45, accuracy@1=84.28%, accuracy@5=99.42%, time-cost=1773.2 s
[013-050] Search: Architecture metrics  : loss=0.56, accuracy@1=80.96%, accuracy@5=98.99%
[013-050] Evaluation:  : loss=0.56, accuracy@1=80.84%, accuracy@5=99.03%
<<<--->>> The 013-050-th epoch : found the highest validation accuracy : 80.84%.
Benchmark Results for cifar10 -> train: 0.0, valid: 0.0, test: 94.27260855830559
alpha 0 is Parameter containing:
tensor([[-0.0494,  0.0500],
        [-0.1004,  0.0991],
        [-0.1245,  0.1227],
        [-0.0561,  0.0544],
        [-0.0284,  0.0300],
        [-0.1057,  0.1045],
        [-0.0540,  0.0536],
        [-0.0232,  0.0240],
        [-0.1857,  0.1857],
        [-0.0507,  0.0494],
        [-0.0108,  0.0122],
        [-0.0878,  0.0861],
        [ 0.0072, -0.0076],
        [-0.2114,  0.2113]], device='cuda:0', requires_grad=True)
alpha 1 is Parameter containing:
tensor([[-0.0297,  0.0290],
        [-0.0558,  0.0550],
        [-0.0330,  0.0336],
        [-0.0161,  0.0161],
        [-0.0913,  0.0912],
        [-0.0115,  0.0118],
        [-0.0810,  0.0798],
        [-0.0426,  0.0428],
        [-0.0009,  0.0030],
        [-0.0767,  0.0768],
        [-0.0871,  0.0868],
        [-0.0494,  0.0497],
        [-0.0516,  0.0511],
        [-0.0917,  0.0926]], device='cuda:0', requires_grad=True)
[014-050] Search: Model metrics  : loss=0.43, accuracy@1=85.09%, accuracy@5=99.39%, time-cost=1909.5 s
[014-050] Search: Architecture metrics  : loss=0.54, accuracy@1=81.78%, accuracy@5=99.00%
[014-050] Evaluation:  : loss=0.54, accuracy@1=81.66%, accuracy@5=99.01%
<<<--->>> The 014-050-th epoch : found the highest validation accuracy : 81.66%.
Benchmark Results for cifar10 -> train: 0.0, valid: 0.0, test: 94.22076515371785
alpha 0 is Parameter containing:
tensor([[-0.0501,  0.0507],
        [-0.1063,  0.1050],
        [-0.1310,  0.1293],
        [-0.0688,  0.0671],
        [-0.0383,  0.0399],
        [-0.1159,  0.1148],
        [-0.0476,  0.0472],
        [-0.0173,  0.0181],
        [-0.1943,  0.1943],
        [-0.0568,  0.0555],
        [-0.0127,  0.0141],
        [-0.0899,  0.0882],
        [ 0.0041, -0.0045],
        [-0.2331,  0.2330]], device='cuda:0', requires_grad=True)
alpha 1 is Parameter containing:
tensor([[-0.0326,  0.0319],
        [-0.0531,  0.0523],
        [-0.0285,  0.0290],
        [-0.0180,  0.0180],
        [-0.0938,  0.0937],
        [-0.0055,  0.0057],
        [-0.1016,  0.1005],
        [-0.0427,  0.0428],
        [ 0.0192, -0.0171],
        [-0.0902,  0.0903],
        [-0.0948,  0.0944],
        [-0.0617,  0.0620],
        [-0.0504,  0.0498],
        [-0.0948,  0.0957]], device='cuda:0', requires_grad=True)
[015-050] Search: Model metrics  : loss=0.40, accuracy@1=86.12%, accuracy@5=99.58%, time-cost=2045.8 s
[015-050] Search: Architecture metrics  : loss=0.53, accuracy@1=82.24%, accuracy@5=98.96%
[015-050] Evaluation:  : loss=0.55, accuracy@1=82.03%, accuracy@5=99.00%
<<<--->>> The 015-050-th epoch : found the highest validation accuracy : 82.03%.
Benchmark Results for cifar10 -> train: 0.0, valid: 0.0, test: 94.13594179528823
alpha 0 is Parameter containing:
tensor([[-0.0500,  0.0506],
        [-0.1108,  0.1095],
        [-0.1499,  0.1482],
        [-0.0566,  0.0549],
        [-0.0282,  0.0298],
        [-0.1269,  0.1257],
        [-0.0398,  0.0394],
        [ 0.0018, -0.0011],
        [-0.2030,  0.2029],
        [-0.0459,  0.0446],
        [-0.0104,  0.0118],
        [-0.0741,  0.0724],
        [ 0.0091, -0.0095],
        [-0.2474,  0.2473]], device='cuda:0', requires_grad=True)
alpha 1 is Parameter containing:
tensor([[-0.0256,  0.0249],
        [-0.0507,  0.0499],
        [-0.0317,  0.0322],
        [-0.0324,  0.0324],
        [-0.0929,  0.0929],
        [-0.0078,  0.0081],
        [-0.1024,  0.1013],
        [-0.0458,  0.0460],
        [ 0.0315, -0.0295],
        [-0.1053,  0.1053],
        [-0.0992,  0.0989],
        [-0.0577,  0.0579],
        [-0.0435,  0.0430],
        [-0.0945,  0.0954]], device='cuda:0', requires_grad=True)
[016-050] Search: Model metrics  : loss=0.39, accuracy@1=86.55%, accuracy@5=99.52%, time-cost=2181.7 s
[016-050] Search: Architecture metrics  : loss=0.52, accuracy@1=82.61%, accuracy@5=99.03%
[016-050] Evaluation:  : loss=0.52, accuracy@1=82.45%, accuracy@5=99.19%
<<<--->>> The 016-050-th epoch : found the highest validation accuracy : 82.45%.
Benchmark Results for cifar10 -> train: 0.0, valid: 0.0, test: 94.34824131501558
alpha 0 is Parameter containing:
tensor([[-0.0502,  0.0508],
        [-0.1170,  0.1157],
        [-0.1527,  0.1510],
        [-0.0487,  0.0470],
        [-0.0186,  0.0203],
        [-0.1294,  0.1283],
        [-0.0374,  0.0370],
        [ 0.0122, -0.0114],
        [-0.1962,  0.1961],
        [-0.0430,  0.0418],
        [-0.0006,  0.0019],
        [-0.0591,  0.0574],
        [ 0.0225, -0.0229],
        [-0.2561,  0.2560]], device='cuda:0', requires_grad=True)
alpha 1 is Parameter containing:
tensor([[-0.0321,  0.0314],
        [-0.0506,  0.0498],
        [-0.0361,  0.0366],
        [-0.0296,  0.0296],
        [-0.0923,  0.0922],
        [-0.0154,  0.0156],
        [-0.1141,  0.1130],
        [-0.0347,  0.0348],
        [ 0.0350, -0.0330],
        [-0.1145,  0.1145],
        [-0.1040,  0.1036],
        [-0.0459,  0.0462],
        [-0.0426,  0.0421],
        [-0.0971,  0.0979]], device='cuda:0', requires_grad=True)
[017-050] Search: Model metrics  : loss=0.37, accuracy@1=87.04%, accuracy@5=99.57%, time-cost=2317.8 s
[017-050] Search: Architecture metrics  : loss=0.52, accuracy@1=82.59%, accuracy@5=99.06%
[017-050] Evaluation:  : loss=0.49, accuracy@1=83.50%, accuracy@5=99.11%
<<<--->>> The 017-050-th epoch : found the highest validation accuracy : 83.50%.
Benchmark Results for cifar10 -> train: 0.0, valid: 0.0, test: 94.24985383357547
alpha 0 is Parameter containing:
tensor([[-0.0496,  0.0502],
        [-0.1150,  0.1137],
        [-0.1423,  0.1406],
        [-0.0425,  0.0408],
        [-0.0132,  0.0148],
        [-0.1201,  0.1190],
        [-0.0350,  0.0346],
        [ 0.0333, -0.0325],
        [-0.1934,  0.1934],
        [-0.0250,  0.0238],
        [ 0.0115, -0.0101],
        [-0.0353,  0.0337],
        [ 0.0301, -0.0305],
        [-0.2823,  0.2822]], device='cuda:0', requires_grad=True)
alpha 1 is Parameter containing:
tensor([[-0.0400,  0.0393],
        [-0.0546,  0.0538],
        [-0.0369,  0.0374],
        [-0.0287,  0.0287],
        [-0.0943,  0.0942],
        [-0.0267,  0.0269],
        [-0.1292,  0.1281],
        [-0.0358,  0.0359],
        [ 0.0415, -0.0395],
        [-0.1173,  0.1173],
        [-0.0968,  0.0964],
        [-0.0354,  0.0357],
        [-0.0334,  0.0329],
        [-0.1028,  0.1036]], device='cuda:0', requires_grad=True)
[018-050] Search: Model metrics  : loss=0.35, accuracy@1=87.87%, accuracy@5=99.70%, time-cost=2453.8 s
[018-050] Search: Architecture metrics  : loss=0.52, accuracy@1=82.53%, accuracy@5=99.11%
[018-050] Evaluation:  : loss=0.53, accuracy@1=82.62%, accuracy@5=98.95%
Benchmark Results for cifar10 -> train: 0.0, valid: 0.0, test: 94.06916754467369
alpha 0 is Parameter containing:
tensor([[-0.0429,  0.0435],
        [-0.1101,  0.1088],
        [-0.1386,  0.1369],
        [-0.0439,  0.0422],
        [-0.0022,  0.0038],
        [-0.1118,  0.1107],
        [-0.0154,  0.0150],
        [ 0.0627, -0.0619],
        [-0.1921,  0.1920],
        [-0.0185,  0.0172],
        [ 0.0239, -0.0225],
        [-0.0205,  0.0188],
        [ 0.0368, -0.0372],
        [-0.3025,  0.3024]], device='cuda:0', requires_grad=True)
alpha 1 is Parameter containing:
tensor([[-0.0495,  0.0489],
        [-0.0567,  0.0560],
        [-0.0262,  0.0268],
        [-0.0401,  0.0401],
        [-0.0892,  0.0892],
        [-0.0256,  0.0259],
        [-0.1283,  0.1272],
        [-0.0196,  0.0197],
        [ 0.0553, -0.0533],
        [-0.1131,  0.1131],
        [-0.1043,  0.1039],
        [-0.0236,  0.0239],
        [-0.0213,  0.0208],
        [-0.0879,  0.0887]], device='cuda:0', requires_grad=True)
[019-050] Search: Model metrics  : loss=0.34, accuracy@1=88.09%, accuracy@5=99.66%, time-cost=2589.9 s
[019-050] Search: Architecture metrics  : loss=0.49, accuracy@1=83.77%, accuracy@5=99.18%
[019-050] Evaluation:  : loss=0.52, accuracy@1=83.01%, accuracy@5=99.09%
Benchmark Results for cifar10 -> train: 0.0, valid: 0.0, test: 94.11604853511837
alpha 0 is Parameter containing:
tensor([[-0.0356,  0.0362],
        [-0.1165,  0.1152],
        [-0.1387,  0.1371],
        [-0.0419,  0.0403],
        [ 0.0158, -0.0142],
        [-0.1115,  0.1103],
        [-0.0014,  0.0010],
        [ 0.0887, -0.0880],
        [-0.1766,  0.1765],
        [-0.0071,  0.0059],
        [ 0.0365, -0.0352],
        [ 0.0029, -0.0045],
        [ 0.0585, -0.0589],
        [-0.3070,  0.3068]], device='cuda:0', requires_grad=True)
alpha 1 is Parameter containing:
tensor([[-0.0622,  0.0615],
        [-0.0494,  0.0486],
        [-0.0265,  0.0270],
        [-0.0298,  0.0298],
        [-0.0845,  0.0844],
        [-0.0286,  0.0288],
        [-0.1274,  0.1263],
        [-0.0149,  0.0151],
        [ 0.0611, -0.0592],
        [-0.1231,  0.1232],
        [-0.1229,  0.1226],
        [-0.0174,  0.0177],
        [-0.0199,  0.0194],
        [-0.0807,  0.0815]], device='cuda:0', requires_grad=True)
[020-050] Search: Model metrics  : loss=0.32, accuracy@1=88.98%, accuracy@5=99.68%, time-cost=2726.1 s
[020-050] Search: Architecture metrics  : loss=0.49, accuracy@1=83.67%, accuracy@5=99.11%
[020-050] Evaluation:  : loss=0.56, accuracy@1=82.27%, accuracy@5=98.89%
Benchmark Results for cifar10 -> train: 0.0, valid: 0.0, test: 94.1700844561727
alpha 0 is Parameter containing:
tensor([[-0.0328,  0.0334],
        [-0.1216,  0.1203],
        [-0.1429,  0.1412],
        [-0.0378,  0.0361],
        [ 0.0222, -0.0207],
        [-0.1162,  0.1150],
        [ 0.0087, -0.0090],
        [ 0.1016, -0.1008],
        [-0.1738,  0.1737],
        [-0.0095,  0.0083],
        [ 0.0572, -0.0559],
        [ 0.0226, -0.0242],
        [ 0.0732, -0.0736],
        [-0.3105,  0.3104]], device='cuda:0', requires_grad=True)
alpha 1 is Parameter containing:
tensor([[-0.0555,  0.0548],
        [-0.0397,  0.0389],
        [-0.0272,  0.0277],
        [-0.0258,  0.0258],
        [-0.0720,  0.0719],
        [-0.0314,  0.0317],
        [-0.1260,  0.1249],
        [-0.0111,  0.0112],
        [ 0.0694, -0.0675],
        [-0.1352,  0.1352],
        [-0.1282,  0.1279],
        [-0.0157,  0.0160],
        [-0.0154,  0.0149],
        [-0.0922,  0.0929]], device='cuda:0', requires_grad=True)
[021-050] Search: Model metrics  : loss=0.31, accuracy@1=89.55%, accuracy@5=99.72%, time-cost=2862.5 s
[021-050] Search: Architecture metrics  : loss=0.49, accuracy@1=84.35%, accuracy@5=99.12%
[021-050] Evaluation:  : loss=0.51, accuracy@1=83.28%, accuracy@5=99.10%
Benchmark Results for cifar10 -> train: 0.0, valid: 0.0, test: 94.20260164339749
alpha 0 is Parameter containing:
tensor([[-0.0429,  0.0435],
        [-0.1222,  0.1209],
        [-0.1455,  0.1438],
        [-0.0429,  0.0412],
        [ 0.0349, -0.0333],
        [-0.1192,  0.1181],
        [ 0.0342, -0.0346],
        [ 0.1119, -0.1111],
        [-0.1742,  0.1741],
        [-0.0144,  0.0132],
        [ 0.0715, -0.0702],
        [ 0.0330, -0.0346],
        [ 0.0890, -0.0894],
        [-0.3213,  0.3212]], device='cuda:0', requires_grad=True)
alpha 1 is Parameter containing:
tensor([[-0.0598,  0.0591],
        [-0.0310,  0.0302],
        [-0.0217,  0.0222],
        [-0.0206,  0.0206],
        [-0.0588,  0.0587],
        [-0.0324,  0.0326],
        [-0.1306,  0.1295],
        [-0.0034,  0.0035],
        [ 0.0748, -0.0729],
        [-0.1263,  0.1264],
        [-0.1247,  0.1243],
        [ 0.0054, -0.0051],
        [-0.0089,  0.0084],
        [-0.0891,  0.0899]], device='cuda:0', requires_grad=True)
[022-050] Search: Model metrics  : loss=0.30, accuracy@1=89.72%, accuracy@5=99.71%, time-cost=2999.2 s
[022-050] Search: Architecture metrics  : loss=0.48, accuracy@1=84.29%, accuracy@5=99.30%
[022-050] Evaluation:  : loss=0.45, accuracy@1=85.28%, accuracy@5=99.33%
<<<--->>> The 022-050-th epoch : found the highest validation accuracy : 85.28%.
Benchmark Results for cifar10 -> train: 0.0, valid: 0.0, test: 93.60372984967005
alpha 0 is Parameter containing:
tensor([[-0.0303,  0.0308],
        [-0.1205,  0.1192],
        [-0.1405,  0.1389],
        [-0.0276,  0.0259],
        [ 0.0528, -0.0512],
        [-0.1103,  0.1092],
        [ 0.0505, -0.0508],
        [ 0.1433, -0.1425],
        [-0.1573,  0.1573],
        [-0.0110,  0.0099],
        [ 0.0864, -0.0851],
        [ 0.0703, -0.0719],
        [ 0.1194, -0.1198],
        [-0.3275,  0.3274]], device='cuda:0', requires_grad=True)
alpha 1 is Parameter containing:
tensor([[-0.0494,  0.0488],
        [-0.0299,  0.0291],
        [-0.0111,  0.0116],
        [-0.0260,  0.0260],
        [-0.0595,  0.0594],
        [-0.0248,  0.0250],
        [-0.1323,  0.1313],
        [-0.0085,  0.0087],
        [ 0.0841, -0.0822],
        [-0.1332,  0.1333],
        [-0.1287,  0.1283],
        [ 0.0048, -0.0045],
        [-0.0050,  0.0045],
        [-0.0821,  0.0829]], device='cuda:0', requires_grad=True)
[023-050] Search: Model metrics  : loss=0.27, accuracy@1=90.54%, accuracy@5=99.81%, time-cost=3136.0 s
[023-050] Search: Architecture metrics  : loss=0.48, accuracy@1=84.61%, accuracy@5=99.28%
[023-050] Evaluation:  : loss=0.47, accuracy@1=84.89%, accuracy@5=99.29%
Benchmark Results for cifar10 -> train: 0.0, valid: 0.0, test: 93.5815404970569
alpha 0 is Parameter containing:
tensor([[-0.0265,  0.0271],
        [-0.1364,  0.1351],
        [-0.1399,  0.1382],
        [-0.0372,  0.0356],
        [ 0.0643, -0.0627],
        [-0.1039,  0.1028],
        [ 0.0645, -0.0649],
        [ 0.1646, -0.1639],
        [-0.1567,  0.1567],
        [ 0.0070, -0.0082],
        [ 0.1001, -0.0988],
        [ 0.0950, -0.0966],
        [ 0.1403, -0.1407],
        [-0.3332,  0.3331]], device='cuda:0', requires_grad=True)
alpha 1 is Parameter containing:
tensor([[-0.0472,  0.0465],
        [-0.0319,  0.0312],
        [-0.0036,  0.0042],
        [-0.0212,  0.0212],
        [-0.0497,  0.0497],
        [-0.0223,  0.0225],
        [-0.1306,  0.1296],
        [-0.0005,  0.0007],
        [ 0.1016, -0.0997],
        [-0.1462,  0.1463],
        [-0.1173,  0.1169],
        [ 0.0157, -0.0154],
        [ 0.0051, -0.0055],
        [-0.0873,  0.0880]], device='cuda:0', requires_grad=True)
[024-050] Search: Model metrics  : loss=0.26, accuracy@1=90.93%, accuracy@5=99.82%, time-cost=3272.8 s
[024-050] Search: Architecture metrics  : loss=0.48, accuracy@1=84.61%, accuracy@5=99.21%
[024-050] Evaluation:  : loss=0.48, accuracy@1=84.47%, accuracy@5=99.25%
Benchmark Results for cifar10 -> train: 0.0, valid: 0.0, test: 93.58690740110785
alpha 0 is Parameter containing:
tensor([[-0.0147,  0.0153],
        [-0.1404,  0.1391],
        [-0.1374,  0.1358],
        [-0.0326,  0.0309],
        [ 0.0834, -0.0818],
        [-0.1112,  0.1101],
        [ 0.0804, -0.0808],
        [ 0.1917, -0.1909],
        [-0.1411,  0.1410],
        [ 0.0187, -0.0199],
        [ 0.1259, -0.1246],
        [ 0.1270, -0.1286],
        [ 0.1634, -0.1638],
        [-0.3368,  0.3367]], device='cuda:0', requires_grad=True)
alpha 1 is Parameter containing:
tensor([[-0.0521,  0.0514],
        [-0.0221,  0.0213],
        [-0.0087,  0.0092],
        [-0.0158,  0.0158],
        [-0.0442,  0.0441],
        [-0.0237,  0.0240],
        [-0.1472,  0.1462],
        [ 0.0036, -0.0035],
        [ 0.1007, -0.0988],
        [-0.1573,  0.1574],
        [-0.1111,  0.1108],
        [ 0.0222, -0.0220],
        [ 0.0148, -0.0153],
        [-0.0798,  0.0805]], device='cuda:0', requires_grad=True)
[025-050] Search: Model metrics  : loss=0.25, accuracy@1=91.09%, accuracy@5=99.86%, time-cost=3409.1 s
[025-050] Search: Architecture metrics  : loss=0.48, accuracy@1=84.69%, accuracy@5=99.17%
[025-050] Evaluation:  : loss=0.46, accuracy@1=84.75%, accuracy@5=99.30%
Benchmark Results for cifar10 -> train: 0.0, valid: 0.0, test: 93.65697792539396
alpha 0 is Parameter containing:
tensor([[-0.0138,  0.0144],
        [-0.1362,  0.1349],
        [-0.1328,  0.1312],
        [-0.0281,  0.0265],
        [ 0.1035, -0.1020],
        [-0.1061,  0.1050],
        [ 0.1029, -0.1032],
        [ 0.2164, -0.2157],
        [-0.1359,  0.1358],
        [ 0.0168, -0.0180],
        [ 0.1431, -0.1418],
        [ 0.1466, -0.1482],
        [ 0.1873, -0.1877],
        [-0.3482,  0.3481]], device='cuda:0', requires_grad=True)
alpha 1 is Parameter containing:
tensor([[-0.0472,  0.0465],
        [-0.0169,  0.0161],
        [-0.0123,  0.0128],
        [-0.0144,  0.0144],
        [-0.0486,  0.0485],
        [-0.0204,  0.0206],
        [-0.1438,  0.1428],
        [ 0.0177, -0.0175],
        [ 0.0970, -0.0951],
        [-0.1491,  0.1492],
        [-0.1131,  0.1128],
        [ 0.0371, -0.0369],
        [ 0.0220, -0.0224],
        [-0.0738,  0.0746]], device='cuda:0', requires_grad=True)
[026-050] Search: Model metrics  : loss=0.24, accuracy@1=91.59%, accuracy@5=99.85%, time-cost=3545.3 s
[026-050] Search: Architecture metrics  : loss=0.47, accuracy@1=84.79%, accuracy@5=99.25%
[026-050] Evaluation:  : loss=0.46, accuracy@1=85.10%, accuracy@5=99.32%
Benchmark Results for cifar10 -> train: 0.0, valid: 0.0, test: 93.65717982805283
alpha 0 is Parameter containing:
tensor([[-0.0143,  0.0149],
        [-0.1309,  0.1296],
        [-0.1399,  0.1383],
        [-0.0272,  0.0256],
        [ 0.1165, -0.1150],
        [-0.1164,  0.1153],
        [ 0.1093, -0.1097],
        [ 0.2319, -0.2312],
        [-0.1367,  0.1366],
        [ 0.0143, -0.0155],
        [ 0.1527, -0.1514],
        [ 0.1602, -0.1617],
        [ 0.1928, -0.1932],
        [-0.3524,  0.3523]], device='cuda:0', requires_grad=True)
alpha 1 is Parameter containing:
tensor([[-0.0559,  0.0552],
        [-0.0194,  0.0187],
        [-0.0201,  0.0206],
        [-0.0117,  0.0116],
        [-0.0460,  0.0459],
        [-0.0121,  0.0123],
        [-0.1501,  0.1491],
        [ 0.0146, -0.0145],
        [ 0.1133, -0.1114],
        [-0.1542,  0.1542],
        [-0.1169,  0.1165],
        [ 0.0363, -0.0361],
        [ 0.0347, -0.0352],
        [-0.0710,  0.0717]], device='cuda:0', requires_grad=True)
[027-050] Search: Model metrics  : loss=0.22, accuracy@1=92.20%, accuracy@5=99.88%, time-cost=3681.1 s
[027-050] Search: Architecture metrics  : loss=0.48, accuracy@1=84.72%, accuracy@5=99.21%
[027-050] Evaluation:  : loss=0.44, accuracy@1=85.97%, accuracy@5=99.32%
<<<--->>> The 027-050-th epoch : found the highest validation accuracy : 85.97%.
Benchmark Results for cifar10 -> train: 0.0, valid: 0.0, test: 94.1209943456693
alpha 0 is Parameter containing:
tensor([[ 4.6028e-04,  1.1791e-04],
        [-1.2388e-01,  1.2262e-01],
        [-1.3268e-01,  1.3108e-01],
        [-1.3475e-02,  1.1863e-02],
        [ 1.3791e-01, -1.3637e-01],
        [-1.1697e-01,  1.1589e-01],
        [ 1.3219e-01, -1.3255e-01],
        [ 2.6684e-01, -2.6610e-01],
        [-1.2083e-01,  1.2077e-01],
        [ 3.5575e-02, -3.6736e-02],
        [ 1.7410e-01, -1.7284e-01],
        [ 1.8263e-01, -1.8420e-01],
        [ 2.2430e-01, -2.2467e-01],
        [-3.4290e-01,  3.4277e-01]], device='cuda:0', requires_grad=True)
alpha 1 is Parameter containing:
tensor([[-0.0645,  0.0639],
        [-0.0199,  0.0192],
        [-0.0281,  0.0286],
        [ 0.0008, -0.0008],
        [-0.0406,  0.0405],
        [-0.0203,  0.0205],
        [-0.1586,  0.1576],
        [ 0.0152, -0.0151],
        [ 0.1228, -0.1210],
        [-0.1606,  0.1607],
        [-0.1186,  0.1183],
        [ 0.0384, -0.0381],
        [ 0.0405, -0.0409],
        [-0.0812,  0.0820]], device='cuda:0', requires_grad=True)
[028-050] Search: Model metrics  : loss=0.21, accuracy@1=92.65%, accuracy@5=99.87%, time-cost=3817.2 s
[028-050] Search: Architecture metrics  : loss=0.46, accuracy@1=85.54%, accuracy@5=99.25%
[028-050] Evaluation:  : loss=0.51, accuracy@1=84.26%, accuracy@5=99.20%
Benchmark Results for cifar10 -> train: 0.0, valid: 0.0, test: 94.0255674019358
alpha 0 is Parameter containing:
tensor([[-0.0037,  0.0043],
        [-0.1220,  0.1207],
        [-0.1384,  0.1368],
        [-0.0076,  0.0060],
        [ 0.1435, -0.1419],
        [-0.1230,  0.1219],
        [ 0.1502, -0.1505],
        [ 0.2839, -0.2832],
        [-0.1031,  0.1030],
        [ 0.0441, -0.0453],
        [ 0.1943, -0.1931],
        [ 0.2032, -0.2047],
        [ 0.2552, -0.2556],
        [-0.3459,  0.3457]], device='cuda:0', requires_grad=True)
alpha 1 is Parameter containing:
tensor([[-0.0619,  0.0612],
        [-0.0256,  0.0248],
        [-0.0385,  0.0390],
        [ 0.0022, -0.0022],
        [-0.0357,  0.0356],
        [-0.0218,  0.0220],
        [-0.1688,  0.1678],
        [ 0.0200, -0.0199],
        [ 0.1221, -0.1203],
        [-0.1717,  0.1718],
        [-0.1312,  0.1309],
        [ 0.0481, -0.0479],
        [ 0.0256, -0.0261],
        [-0.0846,  0.0853]], device='cuda:0', requires_grad=True)
[029-050] Search: Model metrics  : loss=0.19, accuracy@1=93.31%, accuracy@5=99.92%, time-cost=3953.7 s
[029-050] Search: Architecture metrics  : loss=0.47, accuracy@1=85.28%, accuracy@5=99.32%
[029-050] Evaluation:  : loss=0.45, accuracy@1=86.04%, accuracy@5=99.36%
<<<--->>> The 029-050-th epoch : found the highest validation accuracy : 86.04%.
Benchmark Results for cifar10 -> train: 0.0, valid: 0.0, test: 94.16550624561614
alpha 0 is Parameter containing:
tensor([[ 0.0021, -0.0015],
        [-0.1290,  0.1278],
        [-0.1360,  0.1344],
        [-0.0068,  0.0052],
        [ 0.1610, -0.1595],
        [-0.1197,  0.1187],
        [ 0.1492, -0.1496],
        [ 0.3007, -0.3000],
        [-0.0932,  0.0932],
        [ 0.0602, -0.0614],
        [ 0.2079, -0.2066],
        [ 0.2265, -0.2281],
        [ 0.2826, -0.2829],
        [-0.3470,  0.3469]], device='cuda:0', requires_grad=True)
alpha 1 is Parameter containing:
tensor([[-0.0577,  0.0571],
        [-0.0208,  0.0201],
        [-0.0347,  0.0351],
        [ 0.0054, -0.0055],
        [-0.0312,  0.0312],
        [-0.0185,  0.0188],
        [-0.1721,  0.1711],
        [ 0.0240, -0.0239],
        [ 0.1293, -0.1275],
        [-0.1695,  0.1695],
        [-0.1351,  0.1348],
        [ 0.0571, -0.0568],
        [ 0.0332, -0.0336],
        [-0.0762,  0.0770]], device='cuda:0', requires_grad=True)
[030-050] Search: Model metrics  : loss=0.18, accuracy@1=93.72%, accuracy@5=99.91%, time-cost=4090.1 s
[030-050] Search: Architecture metrics  : loss=0.46, accuracy@1=85.84%, accuracy@5=99.36%
[030-050] Evaluation:  : loss=0.46, accuracy@1=85.87%, accuracy@5=99.43%
Benchmark Results for cifar10 -> train: 0.0, valid: 0.0, test: 94.1749408700283
alpha 0 is Parameter containing:
tensor([[ 0.0191, -0.0185],
        [-0.1289,  0.1277],
        [-0.1273,  0.1257],
        [ 0.0079, -0.0095],
        [ 0.1826, -0.1811],
        [-0.1258,  0.1247],
        [ 0.1791, -0.1794],
        [ 0.3332, -0.3325],
        [-0.0615,  0.0615],
        [ 0.0681, -0.0692],
        [ 0.2290, -0.2278],
        [ 0.2521, -0.2536],
        [ 0.3117, -0.3121],
        [-0.3281,  0.3280]], device='cuda:0', requires_grad=True)
alpha 1 is Parameter containing:
tensor([[-0.0511,  0.0504],
        [-0.0081,  0.0073],
        [-0.0442,  0.0447],
        [ 0.0108, -0.0108],
        [-0.0283,  0.0282],
        [-0.0228,  0.0230],
        [-0.1873,  0.1864],
        [ 0.0286, -0.0285],
        [ 0.1312, -0.1294],
        [-0.1766,  0.1766],
        [-0.1457,  0.1454],
        [ 0.0700, -0.0698],
        [ 0.0365, -0.0369],
        [-0.0770,  0.0777]], device='cuda:0', requires_grad=True)
[031-050] Search: Model metrics  : loss=0.17, accuracy@1=94.01%, accuracy@5=99.91%, time-cost=4226.5 s
[031-050] Search: Architecture metrics  : loss=0.46, accuracy@1=85.90%, accuracy@5=99.36%
[031-050] Evaluation:  : loss=0.47, accuracy@1=85.90%, accuracy@5=99.37%
Benchmark Results for cifar10 -> train: 0.0, valid: 0.0, test: 94.15743930981122
alpha 0 is Parameter containing:
tensor([[ 0.0151, -0.0146],
        [-0.1203,  0.1191],
        [-0.1265,  0.1249],
        [ 0.0199, -0.0215],
        [ 0.2102, -0.2087],
        [-0.1277,  0.1266],
        [ 0.1976, -0.1979],
        [ 0.3636, -0.3629],
        [-0.0387,  0.0387],
        [ 0.0722, -0.0734],
        [ 0.2517, -0.2504],
        [ 0.2840, -0.2856],
        [ 0.3427, -0.3431],
        [-0.3209,  0.3208]], device='cuda:0', requires_grad=True)
alpha 1 is Parameter containing:
tensor([[-0.0563,  0.0557],
        [ 0.0042, -0.0050],
        [-0.0431,  0.0435],
        [ 0.0151, -0.0151],
        [-0.0188,  0.0187],
        [-0.0240,  0.0242],
        [-0.1852,  0.1843],
        [ 0.0226, -0.0225],
        [ 0.1293, -0.1275],
        [-0.1718,  0.1718],
        [-0.1581,  0.1578],
        [ 0.0739, -0.0737],
        [ 0.0390, -0.0394],
        [-0.0697,  0.0704]], device='cuda:0', requires_grad=True)
[032-050] Search: Model metrics  : loss=0.16, accuracy@1=94.41%, accuracy@5=99.93%, time-cost=4363.2 s
[032-050] Search: Architecture metrics  : loss=0.45, accuracy@1=86.27%, accuracy@5=99.37%
[032-050] Evaluation:  : loss=0.46, accuracy@1=86.03%, accuracy@5=99.43%
Benchmark Results for cifar10 -> train: 0.0, valid: 0.0, test: 94.12558383122817
alpha 0 is Parameter containing:
tensor([[ 0.0152, -0.0146],
        [-0.1165,  0.1152],
        [-0.1283,  0.1267],
        [ 0.0376, -0.0392],
        [ 0.2283, -0.2267],
        [-0.1197,  0.1186],
        [ 0.2189, -0.2193],
        [ 0.3923, -0.3915],
        [-0.0145,  0.0144],
        [ 0.0739, -0.0751],
        [ 0.2774, -0.2762],
        [ 0.3058, -0.3073],
        [ 0.3646, -0.3649],
        [-0.3196,  0.3195]], device='cuda:0', requires_grad=True)
alpha 1 is Parameter containing:
tensor([[-0.0666,  0.0659],
        [ 0.0010, -0.0018],
        [-0.0477,  0.0482],
        [ 0.0096, -0.0096],
        [-0.0303,  0.0302],
        [-0.0248,  0.0250],
        [-0.1985,  0.1975],
        [ 0.0174, -0.0173],
        [ 0.1397, -0.1379],
        [-0.1714,  0.1714],
        [-0.1734,  0.1731],
        [ 0.0792, -0.0789],
        [ 0.0445, -0.0449],
        [-0.0699,  0.0706]], device='cuda:0', requires_grad=True)
[033-050] Search: Model metrics  : loss=0.15, accuracy@1=94.91%, accuracy@5=99.96%, time-cost=4499.6 s
[033-050] Search: Architecture metrics  : loss=0.47, accuracy@1=85.92%, accuracy@5=99.38%
[033-050] Evaluation:  : loss=0.45, accuracy@1=86.48%, accuracy@5=99.36%
<<<--->>> The 033-050-th epoch : found the highest validation accuracy : 86.48%.
Benchmark Results for cifar10 -> train: 0.0, valid: 0.0, test: 93.76586177543852
alpha 0 is Parameter containing:
tensor([[ 0.0112, -0.0106],
        [-0.1196,  0.1184],
        [-0.1370,  0.1354],
        [ 0.0342, -0.0358],
        [ 0.2477, -0.2462],
        [-0.1164,  0.1154],
        [ 0.2394, -0.2397],
        [ 0.4250, -0.4243],
        [ 0.0143, -0.0143],
        [ 0.0793, -0.0804],
        [ 0.2901, -0.2888],
        [ 0.3353, -0.3369],
        [ 0.3884, -0.3887],
        [-0.3050,  0.3049]], device='cuda:0', requires_grad=True)
alpha 1 is Parameter containing:
tensor([[-0.0597,  0.0591],
        [ 0.0073, -0.0081],
        [-0.0398,  0.0403],
        [ 0.0002, -0.0002],
        [-0.0223,  0.0222],
        [-0.0279,  0.0281],
        [-0.1909,  0.1899],
        [ 0.0188, -0.0187],
        [ 0.1524, -0.1506],
        [-0.1669,  0.1670],
        [-0.1768,  0.1765],
        [ 0.0865, -0.0863],
        [ 0.0591, -0.0596],
        [-0.0585,  0.0592]], device='cuda:0', requires_grad=True)
[034-050] Search: Model metrics  : loss=0.14, accuracy@1=95.32%, accuracy@5=99.95%, time-cost=4635.9 s
[034-050] Search: Architecture metrics  : loss=0.47, accuracy@1=85.86%, accuracy@5=99.38%
[034-050] Evaluation:  : loss=0.47, accuracy@1=86.35%, accuracy@5=99.33%
Benchmark Results for cifar10 -> train: 0.0, valid: 0.0, test: 93.80342573252308
alpha 0 is Parameter containing:
tensor([[ 0.0150, -0.0145],
        [-0.1141,  0.1128],
        [-0.1364,  0.1348],
        [ 0.0671, -0.0686],
        [ 0.2778, -0.2763],
        [-0.1212,  0.1201],
        [ 0.2683, -0.2686],
        [ 0.4580, -0.4573],
        [ 0.0509, -0.0509],
        [ 0.0841, -0.0852],
        [ 0.3267, -0.3255],
        [ 0.3736, -0.3751],
        [ 0.4220, -0.4224],
        [-0.2828,  0.2827]], device='cuda:0', requires_grad=True)
alpha 1 is Parameter containing:
tensor([[-0.0643,  0.0637],
        [ 0.0119, -0.0127],
        [-0.0479,  0.0484],
        [ 0.0073, -0.0073],
        [-0.0128,  0.0128],
        [-0.0273,  0.0275],
        [-0.1946,  0.1936],
        [ 0.0185, -0.0184],
        [ 0.1615, -0.1597],
        [-0.1805,  0.1806],
        [-0.1790,  0.1787],
        [ 0.0998, -0.0995],
        [ 0.0741, -0.0746],
        [-0.0588,  0.0595]], device='cuda:0', requires_grad=True)
[035-050] Search: Model metrics  : loss=0.13, accuracy@1=95.36%, accuracy@5=99.96%, time-cost=4772.2 s
[035-050] Search: Architecture metrics  : loss=0.47, accuracy@1=86.21%, accuracy@5=99.39%
[035-050] Evaluation:  : loss=0.44, accuracy@1=86.76%, accuracy@5=99.33%
<<<--->>> The 035-050-th epoch : found the highest validation accuracy : 86.76%.
Benchmark Results for cifar10 -> train: 0.0, valid: 0.0, test: 93.84620368851866
alpha 0 is Parameter containing:
tensor([[ 0.0055, -0.0049],
        [-0.1118,  0.1105],
        [-0.1417,  0.1402],
        [ 0.0808, -0.0824],
        [ 0.3144, -0.3129],
        [-0.1236,  0.1226],
        [ 0.2912, -0.2915],
        [ 0.4936, -0.4929],
        [ 0.0710, -0.0711],
        [ 0.0839, -0.0851],
        [ 0.3557, -0.3545],
        [ 0.4025, -0.4040],
        [ 0.4494, -0.4497],
        [-0.2715,  0.2714]], device='cuda:0', requires_grad=True)
alpha 1 is Parameter containing:
tensor([[-0.0709,  0.0703],
        [ 0.0073, -0.0081],
        [-0.0609,  0.0613],
        [ 0.0142, -0.0142],
        [-0.0230,  0.0230],
        [-0.0358,  0.0360],
        [-0.2033,  0.2023],
        [ 0.0146, -0.0145],
        [ 0.1602, -0.1585],
        [-0.1820,  0.1821],
        [-0.1850,  0.1847],
        [ 0.0948, -0.0945],
        [ 0.0843, -0.0847],
        [-0.0612,  0.0619]], device='cuda:0', requires_grad=True)
[036-050] Search: Model metrics  : loss=0.11, accuracy@1=96.19%, accuracy@5=99.98%, time-cost=4908.3 s
[036-050] Search: Architecture metrics  : loss=0.45, accuracy@1=86.66%, accuracy@5=99.34%
[036-050] Evaluation:  : loss=0.45, accuracy@1=87.10%, accuracy@5=99.39%
<<<--->>> The 036-050-th epoch : found the highest validation accuracy : 87.10%.
Benchmark Results for cifar10 -> train: 0.0, valid: 0.0, test: 93.777116800018
alpha 0 is Parameter containing:
tensor([[ 0.0071, -0.0066],
        [-0.1160,  0.1148],
        [-0.1385,  0.1369],
        [ 0.0927, -0.0942],
        [ 0.3310, -0.3295],
        [-0.1254,  0.1244],
        [ 0.3027, -0.3030],
        [ 0.5124, -0.5116],
        [ 0.0940, -0.0940],
        [ 0.0861, -0.0872],
        [ 0.3682, -0.3670],
        [ 0.4234, -0.4249],
        [ 0.4667, -0.4671],
        [-0.2571,  0.2570]], device='cuda:0', requires_grad=True)
alpha 1 is Parameter containing:
tensor([[-0.0799,  0.0793],
        [ 0.0224, -0.0231],
        [-0.0677,  0.0682],
        [ 0.0030, -0.0031],
        [-0.0205,  0.0204],
        [-0.0297,  0.0299],
        [-0.2118,  0.2108],
        [ 0.0005, -0.0004],
        [ 0.1605, -0.1588],
        [-0.1835,  0.1835],
        [-0.1900,  0.1897],
        [ 0.0868, -0.0865],
        [ 0.0782, -0.0787],
        [-0.0679,  0.0686]], device='cuda:0', requires_grad=True)
[037-050] Search: Model metrics  : loss=0.10, accuracy@1=96.47%, accuracy@5=99.97%, time-cost=5045.1 s
[037-050] Search: Architecture metrics  : loss=0.47, accuracy@1=86.48%, accuracy@5=99.37%
[037-050] Evaluation:  : loss=0.45, accuracy@1=87.02%, accuracy@5=99.42%
Benchmark Results for cifar10 -> train: 0.0, valid: 0.0, test: 93.82927475562352
alpha 0 is Parameter containing:
tensor([[ 0.0041, -0.0035],
        [-0.1152,  0.1140],
        [-0.1406,  0.1390],
        [ 0.0977, -0.0992],
        [ 0.3467, -0.3452],
        [-0.1261,  0.1251],
        [ 0.3162, -0.3165],
        [ 0.5380, -0.5372],
        [ 0.1197, -0.1198],
        [ 0.0848, -0.0859],
        [ 0.3947, -0.3936],
        [ 0.4451, -0.4466],
        [ 0.4791, -0.4794],
        [-0.2534,  0.2532]], device='cuda:0', requires_grad=True)
alpha 1 is Parameter containing:
tensor([[-0.0830,  0.0824],
        [ 0.0318, -0.0325],
        [-0.0808,  0.0813],
        [-0.0036,  0.0036],
        [-0.0128,  0.0127],
        [-0.0303,  0.0305],
        [-0.2082,  0.2073],
        [ 0.0139, -0.0138],
        [ 0.1761, -0.1744],
        [-0.1976,  0.1976],
        [-0.1935,  0.1932],
        [ 0.0842, -0.0839],
        [ 0.0774, -0.0779],
        [-0.0688,  0.0695]], device='cuda:0', requires_grad=True)
[038-050] Search: Model metrics  : loss=0.10, accuracy@1=96.77%, accuracy@5=99.97%, time-cost=5182.0 s
[038-050] Search: Architecture metrics  : loss=0.46, accuracy@1=86.98%, accuracy@5=99.38%
[038-050] Evaluation:  : loss=0.44, accuracy@1=87.51%, accuracy@5=99.46%
<<<--->>> The 038-050-th epoch : found the highest validation accuracy : 87.51%.
Benchmark Results for cifar10 -> train: 0.0, valid: 0.0, test: 93.88705112161664
alpha 0 is Parameter containing:
tensor([[ 0.0121, -0.0116],
        [-0.1064,  0.1051],
        [-0.1241,  0.1225],
        [ 0.1088, -0.1103],
        [ 0.3714, -0.3699],
        [-0.1091,  0.1081],
        [ 0.3405, -0.3408],
        [ 0.5721, -0.5714],
        [ 0.1593, -0.1593],
        [ 0.0909, -0.0920],
        [ 0.4195, -0.4183],
        [ 0.4648, -0.4663],
        [ 0.5041, -0.5045],
        [-0.2389,  0.2388]], device='cuda:0', requires_grad=True)
alpha 1 is Parameter containing:
tensor([[-0.0808,  0.0802],
        [ 0.0450, -0.0457],
        [-0.0799,  0.0803],
        [-0.0100,  0.0100],
        [-0.0080,  0.0079],
        [-0.0361,  0.0363],
        [-0.2090,  0.2080],
        [ 0.0256, -0.0254],
        [ 0.1842, -0.1824],
        [-0.2050,  0.2051],
        [-0.1839,  0.1836],
        [ 0.0889, -0.0886],
        [ 0.0834, -0.0839],
        [-0.0698,  0.0705]], device='cuda:0', requires_grad=True)
[039-050] Search: Model metrics  : loss=0.09, accuracy@1=97.00%, accuracy@5=99.97%, time-cost=5318.2 s
[039-050] Search: Architecture metrics  : loss=0.47, accuracy@1=86.65%, accuracy@5=99.36%
[039-050] Evaluation:  : loss=0.44, accuracy@1=87.89%, accuracy@5=99.50%
<<<--->>> The 039-050-th epoch : found the highest validation accuracy : 87.89%.
Benchmark Results for cifar10 -> train: 0.0, valid: 0.0, test: 93.7788506766707
alpha 0 is Parameter containing:
tensor([[ 0.0155, -0.0150],
        [-0.1068,  0.1056],
        [-0.1146,  0.1130],
        [ 0.1111, -0.1126],
        [ 0.3992, -0.3977],
        [-0.0946,  0.0935],
        [ 0.3572, -0.3575],
        [ 0.6121, -0.6114],
        [ 0.1937, -0.1938],
        [ 0.0871, -0.0882],
        [ 0.4396, -0.4385],
        [ 0.4965, -0.4980],
        [ 0.5291, -0.5294],
        [-0.2343,  0.2342]], device='cuda:0', requires_grad=True)
alpha 1 is Parameter containing:
tensor([[-0.0786,  0.0780],
        [ 0.0384, -0.0392],
        [-0.0822,  0.0826],
        [-0.0023,  0.0023],
        [-0.0008,  0.0008],
        [-0.0461,  0.0463],
        [-0.2150,  0.2141],
        [ 0.0242, -0.0241],
        [ 0.1919, -0.1902],
        [-0.2164,  0.2164],
        [-0.1809,  0.1806],
        [ 0.0950, -0.0947],
        [ 0.1038, -0.1043],
        [-0.0731,  0.0738]], device='cuda:0', requires_grad=True)
[040-050] Search: Model metrics  : loss=0.08, accuracy@1=97.26%, accuracy@5=99.99%, time-cost=5454.8 s
[040-050] Search: Architecture metrics  : loss=0.46, accuracy@1=87.09%, accuracy@5=99.44%
[040-050] Evaluation:  : loss=0.45, accuracy@1=87.43%, accuracy@5=99.46%
Benchmark Results for cifar10 -> train: 0.0, valid: 0.0, test: 93.80559503721207
alpha 0 is Parameter containing:
tensor([[ 0.0087, -0.0081],
        [-0.1113,  0.1101],
        [-0.1193,  0.1178],
        [ 0.1145, -0.1161],
        [ 0.4196, -0.4181],
        [-0.1003,  0.0993],
        [ 0.3799, -0.3803],
        [ 0.6386, -0.6379],
        [ 0.2132, -0.2132],
        [ 0.0877, -0.0888],
        [ 0.4661, -0.4649],
        [ 0.5198, -0.5213],
        [ 0.5394, -0.5398],
        [-0.2232,  0.2231]], device='cuda:0', requires_grad=True)
alpha 1 is Parameter containing:
tensor([[-0.0814,  0.0808],
        [ 0.0439, -0.0446],
        [-0.0854,  0.0859],
        [-0.0005,  0.0005],
        [-0.0018,  0.0017],
        [-0.0562,  0.0564],
        [-0.2241,  0.2232],
        [ 0.0215, -0.0214],
        [ 0.1916, -0.1898],
        [-0.2306,  0.2307],
        [-0.1896,  0.1893],
        [ 0.0917, -0.0915],
        [ 0.1155, -0.1160],
        [-0.0652,  0.0659]], device='cuda:0', requires_grad=True)
[041-050] Search: Model metrics  : loss=0.07, accuracy@1=97.62%, accuracy@5=99.98%, time-cost=5591.6 s
[041-050] Search: Architecture metrics  : loss=0.46, accuracy@1=87.22%, accuracy@5=99.47%
[041-050] Evaluation:  : loss=0.44, accuracy@1=87.74%, accuracy@5=99.46%
Benchmark Results for cifar10 -> train: 0.0, valid: 0.0, test: 93.7951229495094
alpha 0 is Parameter containing:
tensor([[ 0.0040, -0.0035],
        [-0.1160,  0.1148],
        [-0.1118,  0.1103],
        [ 0.1109, -0.1125],
        [ 0.4355, -0.4340],
        [-0.0987,  0.0977],
        [ 0.4008, -0.4012],
        [ 0.6705, -0.6698],
        [ 0.2481, -0.2481],
        [ 0.0945, -0.0956],
        [ 0.4944, -0.4933],
        [ 0.5467, -0.5482],
        [ 0.5516, -0.5520],
        [-0.1973,  0.1971]], device='cuda:0', requires_grad=True)
alpha 1 is Parameter containing:
tensor([[-0.0948,  0.0942],
        [ 0.0559, -0.0566],
        [-0.0904,  0.0908],
        [ 0.0012, -0.0012],
        [ 0.0101, -0.0102],
        [-0.0616,  0.0618],
        [-0.2365,  0.2355],
        [ 0.0228, -0.0226],
        [ 0.1997, -0.1979],
        [-0.2396,  0.2397],
        [-0.1949,  0.1946],
        [ 0.0983, -0.0981],
        [ 0.1325, -0.1329],
        [-0.0671,  0.0677]], device='cuda:0', requires_grad=True)
[042-050] Search: Model metrics  : loss=0.07, accuracy@1=97.70%, accuracy@5=99.99%, time-cost=5728.0 s
[042-050] Search: Architecture metrics  : loss=0.46, accuracy@1=87.32%, accuracy@5=99.46%
[042-050] Evaluation:  : loss=0.43, accuracy@1=88.14%, accuracy@5=99.49%
<<<--->>> The 042-050-th epoch : found the highest validation accuracy : 88.14%.
Benchmark Results for cifar10 -> train: 0.0, valid: 0.0, test: 93.69452538409887
alpha 0 is Parameter containing:
tensor([[-0.0034,  0.0040],
        [-0.1223,  0.1211],
        [-0.1172,  0.1157],
        [ 0.1237, -0.1253],
        [ 0.4553, -0.4538],
        [-0.0965,  0.0955],
        [ 0.4191, -0.4194],
        [ 0.6976, -0.6969],
        [ 0.2655, -0.2656],
        [ 0.1027, -0.1038],
        [ 0.5209, -0.5198],
        [ 0.5651, -0.5666],
        [ 0.5592, -0.5595],
        [-0.1786,  0.1784]], device='cuda:0', requires_grad=True)
alpha 1 is Parameter containing:
tensor([[-0.0937,  0.0931],
        [ 0.0567, -0.0574],
        [-0.0867,  0.0872],
        [-0.0016,  0.0016],
        [ 0.0117, -0.0118],
        [-0.0708,  0.0709],
        [-0.2391,  0.2382],
        [ 0.0190, -0.0188],
        [ 0.1948, -0.1931],
        [-0.2410,  0.2410],
        [-0.1979,  0.1976],
        [ 0.0957, -0.0955],
        [ 0.1424, -0.1429],
        [-0.0695,  0.0702]], device='cuda:0', requires_grad=True)
[043-050] Search: Model metrics  : loss=0.06, accuracy@1=97.87%, accuracy@5=99.99%, time-cost=5864.4 s
[043-050] Search: Architecture metrics  : loss=0.45, accuracy@1=87.35%, accuracy@5=99.44%
[043-050] Evaluation:  : loss=0.44, accuracy@1=87.93%, accuracy@5=99.45%
Benchmark Results for cifar10 -> train: 0.0, valid: 0.0, test: 93.68365426424272
alpha 0 is Parameter containing:
tensor([[-0.0095,  0.0100],
        [-0.1169,  0.1157],
        [-0.1158,  0.1143],
        [ 0.1252, -0.1267],
        [ 0.4820, -0.4805],
        [-0.0962,  0.0951],
        [ 0.4424, -0.4427],
        [ 0.7247, -0.7240],
        [ 0.2947, -0.2947],
        [ 0.1042, -0.1053],
        [ 0.5425, -0.5413],
        [ 0.5876, -0.5891],
        [ 0.5746, -0.5750],
        [-0.1674,  0.1673]], device='cuda:0', requires_grad=True)
alpha 1 is Parameter containing:
tensor([[-0.1069,  0.1063],
        [ 0.0660, -0.0667],
        [-0.0898,  0.0902],
        [-0.0043,  0.0043],
        [ 0.0147, -0.0147],
        [-0.0695,  0.0697],
        [-0.2437,  0.2428],
        [ 0.0032, -0.0030],
        [ 0.2035, -0.2018],
        [-0.2571,  0.2571],
        [-0.1987,  0.1984],
        [ 0.0938, -0.0936],
        [ 0.1423, -0.1427],
        [-0.0846,  0.0852]], device='cuda:0', requires_grad=True)
[044-050] Search: Model metrics  : loss=0.06, accuracy@1=98.01%, accuracy@5=100.00%, time-cost=6001.1 s
[044-050] Search: Architecture metrics  : loss=0.44, accuracy@1=87.79%, accuracy@5=99.47%
[044-050] Evaluation:  : loss=0.43, accuracy@1=88.19%, accuracy@5=99.49%
<<<--->>> The 044-050-th epoch : found the highest validation accuracy : 88.19%.
Benchmark Results for cifar10 -> train: 0.0, valid: 0.0, test: 93.67423504674626
alpha 0 is Parameter containing:
tensor([[-0.0176,  0.0181],
        [-0.1126,  0.1114],
        [-0.1198,  0.1183],
        [ 0.1379, -0.1394],
        [ 0.5099, -0.5084],
        [-0.0898,  0.0887],
        [ 0.4637, -0.4641],
        [ 0.7574, -0.7567],
        [ 0.3262, -0.3262],
        [ 0.1048, -0.1059],
        [ 0.5662, -0.5651],
        [ 0.6112, -0.6127],
        [ 0.5929, -0.5932],
        [-0.1558,  0.1557]], device='cuda:0', requires_grad=True)
alpha 1 is Parameter containing:
tensor([[-0.1097,  0.1091],
        [ 0.0689, -0.0696],
        [-0.0930,  0.0935],
        [ 0.0031, -0.0031],
        [ 0.0268, -0.0268],
        [-0.0612,  0.0614],
        [-0.2397,  0.2388],
        [ 0.0060, -0.0059],
        [ 0.1979, -0.1962],
        [-0.2626,  0.2626],
        [-0.2082,  0.2080],
        [ 0.1060, -0.1058],
        [ 0.1457, -0.1461],
        [-0.0769,  0.0775]], device='cuda:0', requires_grad=True)
[045-050] Search: Model metrics  : loss=0.05, accuracy@1=98.23%, accuracy@5=100.00%, time-cost=6138.0 s
[045-050] Search: Architecture metrics  : loss=0.45, accuracy@1=87.63%, accuracy@5=99.48%
[045-050] Evaluation:  : loss=0.43, accuracy@1=88.17%, accuracy@5=99.44%
Benchmark Results for cifar10 -> train: 0.0, valid: 0.0, test: 93.73528742661433
alpha 0 is Parameter containing:
tensor([[-0.0275,  0.0281],
        [-0.1124,  0.1112],
        [-0.1344,  0.1329],
        [ 0.1362, -0.1377],
        [ 0.5183, -0.5169],
        [-0.0909,  0.0899],
        [ 0.4746, -0.4750],
        [ 0.7683, -0.7676],
        [ 0.3462, -0.3462],
        [ 0.0935, -0.0946],
        [ 0.5900, -0.5888],
        [ 0.6235, -0.6249],
        [ 0.6016, -0.6020],
        [-0.1536,  0.1535]], device='cuda:0', requires_grad=True)
alpha 1 is Parameter containing:
tensor([[-0.1174,  0.1168],
        [ 0.0739, -0.0746],
        [-0.0897,  0.0902],
        [ 0.0033, -0.0033],
        [ 0.0360, -0.0360],
        [-0.0519,  0.0521],
        [-0.2515,  0.2506],
        [-0.0018,  0.0019],
        [ 0.2001, -0.1984],
        [-0.2723,  0.2723],
        [-0.2111,  0.2108],
        [ 0.1063, -0.1061],
        [ 0.1498, -0.1503],
        [-0.0759,  0.0766]], device='cuda:0', requires_grad=True)
[046-050] Search: Model metrics  : loss=0.05, accuracy@1=98.51%, accuracy@5=99.99%, time-cost=6275.0 s
[046-050] Search: Architecture metrics  : loss=0.45, accuracy@1=87.63%, accuracy@5=99.44%
[046-050] Evaluation:  : loss=0.43, accuracy@1=88.22%, accuracy@5=99.48%
<<<--->>> The 046-050-th epoch : found the highest validation accuracy : 88.22%.
Benchmark Results for cifar10 -> train: 0.0, valid: 0.0, test: 93.58474908582903
alpha 0 is Parameter containing:
tensor([[-0.0311,  0.0317],
        [-0.1260,  0.1247],
        [-0.1438,  0.1423],
        [ 0.1324, -0.1339],
        [ 0.5386, -0.5372],
        [-0.0901,  0.0891],
        [ 0.4943, -0.4946],
        [ 0.7913, -0.7906],
        [ 0.3646, -0.3647],
        [ 0.0876, -0.0887],
        [ 0.6119, -0.6107],
        [ 0.6362, -0.6376],
        [ 0.6189, -0.6193],
        [-0.1418,  0.1417]], device='cuda:0', requires_grad=True)
alpha 1 is Parameter containing:
tensor([[-0.1180,  0.1174],
        [ 0.0675, -0.0682],
        [-0.0944,  0.0948],
        [-0.0017,  0.0017],
        [ 0.0423, -0.0424],
        [-0.0593,  0.0595],
        [-0.2503,  0.2494],
        [ 0.0078, -0.0077],
        [ 0.2144, -0.2127],
        [-0.2839,  0.2840],
        [-0.2282,  0.2279],
        [ 0.1070, -0.1068],
        [ 0.1485, -0.1490],
        [-0.0954,  0.0961]], device='cuda:0', requires_grad=True)
[047-050] Search: Model metrics  : loss=0.05, accuracy@1=98.49%, accuracy@5=100.00%, time-cost=6411.5 s
[047-050] Search: Architecture metrics  : loss=0.48, accuracy@1=87.12%, accuracy@5=99.40%
[047-050] Evaluation:  : loss=0.44, accuracy@1=88.09%, accuracy@5=99.46%
Benchmark Results for cifar10 -> train: 0.0, valid: 0.0, test: 93.52363411565547
alpha 0 is Parameter containing:
tensor([[-0.0410,  0.0415],
        [-0.1289,  0.1277],
        [-0.1539,  0.1524],
        [ 0.1321, -0.1336],
        [ 0.5560, -0.5545],
        [-0.0800,  0.0790],
        [ 0.5083, -0.5087],
        [ 0.8142, -0.8135],
        [ 0.3950, -0.3951],
        [ 0.0784, -0.0795],
        [ 0.6324, -0.6313],
        [ 0.6462, -0.6477],
        [ 0.6427, -0.6430],
        [-0.1421,  0.1420]], device='cuda:0', requires_grad=True)
alpha 1 is Parameter containing:
tensor([[-0.1207,  0.1201],
        [ 0.0660, -0.0667],
        [-0.0976,  0.0981],
        [ 0.0007, -0.0007],
        [ 0.0457, -0.0458],
        [-0.0575,  0.0576],
        [-0.2560,  0.2551],
        [ 0.0103, -0.0102],
        [ 0.2203, -0.2186],
        [-0.3011,  0.3011],
        [-0.2326,  0.2324],
        [ 0.1149, -0.1147],
        [ 0.1496, -0.1500],
        [-0.0869,  0.0876]], device='cuda:0', requires_grad=True)
[048-050] Search: Model metrics  : loss=0.05, accuracy@1=98.44%, accuracy@5=100.00%, time-cost=6547.8 s
[048-050] Search: Architecture metrics  : loss=0.44, accuracy@1=87.83%, accuracy@5=99.38%
[048-050] Evaluation:  : loss=0.43, accuracy@1=88.23%, accuracy@5=99.43%
<<<--->>> The 048-050-th epoch : found the highest validation accuracy : 88.23%.
Benchmark Results for cifar10 -> train: 0.0, valid: 0.0, test: 93.81956081824539
alpha 0 is Parameter containing:
tensor([[-0.0510,  0.0516],
        [-0.1409,  0.1397],
        [-0.1651,  0.1636],
        [ 0.1238, -0.1253],
        [ 0.5596, -0.5581],
        [-0.0793,  0.0783],
        [ 0.5203, -0.5206],
        [ 0.8303, -0.8296],
        [ 0.4160, -0.4161],
        [ 0.0777, -0.0788],
        [ 0.6477, -0.6466],
        [ 0.6489, -0.6504],
        [ 0.6439, -0.6442],
        [-0.1292,  0.1291]], device='cuda:0', requires_grad=True)
alpha 1 is Parameter containing:
tensor([[-0.1199,  0.1193],
        [ 0.0686, -0.0693],
        [-0.0985,  0.0990],
        [-0.0103,  0.0103],
        [ 0.0547, -0.0547],
        [-0.0633,  0.0635],
        [-0.2662,  0.2653],
        [ 0.0056, -0.0055],
        [ 0.2260, -0.2243],
        [-0.3131,  0.3132],
        [-0.2362,  0.2359],
        [ 0.1107, -0.1105],
        [ 0.1550, -0.1554],
        [-0.0786,  0.0792]], device='cuda:0', requires_grad=True)
[049-050] Search: Model metrics  : loss=0.05, accuracy@1=98.60%, accuracy@5=100.00%, time-cost=6684.7 s
[049-050] Search: Architecture metrics  : loss=0.45, accuracy@1=88.03%, accuracy@5=99.35%
[049-050] Evaluation:  : loss=0.43, accuracy@1=88.43%, accuracy@5=99.50%
<<<--->>> The 049-050-th epoch : found the highest validation accuracy : 88.43%.
Benchmark Results for cifar10 -> train: 0.0, valid: 0.0, test: 93.84547554778133
alpha 0 is Parameter containing:
tensor([[-0.0632,  0.0638],
        [-0.1407,  0.1395],
        [-0.1742,  0.1727],
        [ 0.1198, -0.1213],
        [ 0.5698, -0.5684],
        [-0.0704,  0.0694],
        [ 0.5316, -0.5320],
        [ 0.8567, -0.8560],
        [ 0.4480, -0.4481],
        [ 0.0834, -0.0844],
        [ 0.6612, -0.6600],
        [ 0.6615, -0.6629],
        [ 0.6510, -0.6513],
        [-0.1232,  0.1231]], device='cuda:0', requires_grad=True)
alpha 1 is Parameter containing:
tensor([[-0.1226,  0.1220],
        [ 0.0665, -0.0672],
        [-0.0910,  0.0914],
        [-0.0120,  0.0120],
        [ 0.0606, -0.0607],
        [-0.0736,  0.0738],
        [-0.2616,  0.2607],
        [ 0.0101, -0.0100],
        [ 0.2284, -0.2267],
        [-0.3193,  0.3194],
        [-0.2464,  0.2461],
        [ 0.1126, -0.1124],
        [ 0.1661, -0.1665],
        [-0.0752,  0.0758]], device='cuda:0', requires_grad=True)
[050-050] Search: Model metrics  : loss=0.05, accuracy@1=98.71%, accuracy@5=99.99%, time-cost=6821.9 s
[050-050] Search: Architecture metrics  : loss=0.46, accuracy@1=87.40%, accuracy@5=99.36%
[050-050] Evaluation:  : loss=0.43, accuracy@1=88.27%, accuracy@5=99.54%
Benchmark Results for cifar10 -> train: 0.0, valid: 0.0, test: 93.85406096213175
alpha 0 is Parameter containing:
tensor([[-0.0683,  0.0688],
        [-0.1473,  0.1461],
        [-0.1808,  0.1793],
        [ 0.1178, -0.1193],
        [ 0.5813, -0.5799],
        [-0.0702,  0.0692],
        [ 0.5277, -0.5280],
        [ 0.8794, -0.8788],
        [ 0.4682, -0.4682],
        [ 0.0892, -0.0903],
        [ 0.6757, -0.6746],
        [ 0.6731, -0.6745],
        [ 0.6611, -0.6614],
        [-0.1105,  0.1104]], device='cuda:0', requires_grad=True)
alpha 1 is Parameter containing:
tensor([[-0.1351,  0.1345],
        [ 0.0710, -0.0717],
        [-0.0913,  0.0917],
        [-0.0204,  0.0204],
        [ 0.0612, -0.0612],
        [-0.0714,  0.0716],
        [-0.2697,  0.2689],
        [ 0.0043, -0.0041],
        [ 0.2277, -0.2260],
        [-0.3208,  0.3208],
        [-0.2606,  0.2604],
        [ 0.1110, -0.1107],
        [ 0.1762, -0.1766],
        [-0.0678,  0.0685]], device='cuda:0', requires_grad=True)