[001-050] Search: Model metrics  : loss=1.61, accuracy@1=39.32%, accuracy@5=89.16%, time-cost=152.0 s
[001-050] Search: Architecture metrics  : loss=1.61, accuracy@1=39.33%, accuracy@5=88.70%
[001-050] Evaluation:  : loss=1.35, accuracy@1=49.91%, accuracy@5=93.32%
<<<--->>> The 001-050-th epoch : found the highest validation accuracy : 49.91%.
Benchmark Results for cifar10 -> train: 0.0, valid: 0.0, test: 94.12703288365101
alpha 0 is Parameter containing:
tensor([[ 0.0192, -0.0158,  0.0042],
        [ 0.0112, -0.0197,  0.0106],
        [ 0.0213, -0.0137,  0.0010],
        [ 0.0059, -0.0179,  0.0189],
        [ 0.0152, -0.0316,  0.0194],
        [ 0.0096, -0.0140,  0.0106],
        [ 0.0163, -0.0111, -0.0038],
        [ 0.0030, -0.0137,  0.0088],
        [ 0.0202, -0.0163,  0.0041],
        [-0.0001, -0.0274,  0.0275],
        [ 0.0058, -0.0119,  0.0112],
        [ 0.0142, -0.0172,  0.0087],
        [ 0.0139, -0.0232,  0.0140],
        [ 0.0257, -0.0235,  0.0067]], device='cuda:0', requires_grad=True)
alpha 1 is Parameter containing:
tensor([[-0.0102, -0.0069,  0.0126],
        [ 0.0181,  0.0049, -0.0118],
        [ 0.0013,  0.0069, -0.0054],
        [ 0.0151, -0.0031, -0.0086],
        [-0.0122, -0.0113,  0.0150],
        [-0.0073, -0.0034,  0.0082],
        [-0.0084, -0.0016,  0.0061],
        [-0.0119, -0.0097,  0.0146],
        [ 0.0056, -0.0131,  0.0089],
        [-0.0135, -0.0020,  0.0080],
        [ 0.0144, -0.0115,  0.0007],
        [ 0.0166,  0.0025, -0.0096],
        [ 0.0156, -0.0008, -0.0097],
        [-0.0013, -0.0044,  0.0051]], device='cuda:0', requires_grad=True)
[002-050] Search: Model metrics  : loss=1.19, accuracy@1=57.32%, accuracy@5=95.24%, time-cost=300.3 s
[002-050] Search: Architecture metrics  : loss=1.19, accuracy@1=56.96%, accuracy@5=95.30%
[002-050] Evaluation:  : loss=1.08, accuracy@1=61.64%, accuracy@5=95.88%
<<<--->>> The 002-050-th epoch : found the highest validation accuracy : 61.64%.
Benchmark Results for cifar10 -> train: 0.0, valid: 0.0, test: 94.349280108006
alpha 0 is Parameter containing:
tensor([[ 0.0071, -0.0193,  0.0152],
        [ 0.0203, -0.0413,  0.0251],
        [ 0.0187, -0.0157,  0.0047],
        [ 0.0159, -0.0363,  0.0303],
        [ 0.0181, -0.0427,  0.0264],
        [ 0.0132, -0.0166,  0.0111],
        [ 0.0337, -0.0209, -0.0075],
        [-0.0015, -0.0252,  0.0208],
        [ 0.0289, -0.0268,  0.0083],
        [ 0.0032, -0.0464,  0.0421],
        [ 0.0189, -0.0154,  0.0058],
        [ 0.0243, -0.0261,  0.0098],
        [ 0.0237, -0.0407,  0.0243],
        [ 0.0326, -0.0481,  0.0268]], device='cuda:0', requires_grad=True)
alpha 1 is Parameter containing:
tensor([[-0.0139, -0.0162,  0.0235],
        [ 0.0240, -0.0109, -0.0004],
        [ 0.0091,  0.0019, -0.0058],
        [ 0.0101, -0.0083, -0.0001],
        [-0.0108, -0.0159,  0.0181],
        [ 0.0023, -0.0074,  0.0060],
        [ 0.0096, -0.0148,  0.0072],
        [-0.0287, -0.0155,  0.0284],
        [-0.0037, -0.0258,  0.0241],
        [-0.0160, -0.0123,  0.0191],
        [ 0.0173, -0.0288,  0.0140],
        [ 0.0102, -0.0011, -0.0038],
        [ 0.0086, -0.0167,  0.0081],
        [ 0.0116, -0.0160,  0.0074]], device='cuda:0', requires_grad=True)
[003-050] Search: Model metrics  : loss=0.97, accuracy@1=65.77%, accuracy@5=96.93%, time-cost=449.5 s
[003-050] Search: Architecture metrics  : loss=0.99, accuracy@1=65.07%, accuracy@5=96.91%
[003-050] Evaluation:  : loss=1.06, accuracy@1=63.41%, accuracy@5=96.47%
<<<--->>> The 003-050-th epoch : found the highest validation accuracy : 63.41%.
Benchmark Results for cifar10 -> train: 0.0, valid: 0.0, test: 94.24094333403552
alpha 0 is Parameter containing:
tensor([[ 0.0239, -0.0298,  0.0158],
        [ 0.0154, -0.0678,  0.0525],
        [ 0.0246, -0.0245,  0.0102],
        [ 0.0191, -0.0596,  0.0497],
        [ 0.0356, -0.0529,  0.0251],
        [ 0.0121, -0.0213,  0.0173],
        [ 0.0368, -0.0421,  0.0104],
        [-0.0143, -0.0410,  0.0398],
        [ 0.0410, -0.0269,  0.0015],
        [ 0.0116, -0.0558,  0.0455],
        [ 0.0362, -0.0311,  0.0086],
        [ 0.0417, -0.0332,  0.0053],
        [ 0.0384, -0.0499,  0.0233],
        [ 0.0488, -0.0563,  0.0247]], device='cuda:0', requires_grad=True)
alpha 1 is Parameter containing:
tensor([[-1.5755e-02, -3.2768e-02,  3.9984e-02],
        [ 2.9017e-02, -2.6355e-02,  1.1287e-02],
        [ 8.1391e-03, -1.3635e-03, -2.4868e-03],
        [ 1.0795e-02, -1.3908e-02,  5.0853e-03],
        [-7.5744e-03, -1.0569e-02,  1.2338e-02],
        [ 2.0174e-03, -7.2802e-06, -1.2674e-04],
        [ 7.4397e-03, -2.2852e-02,  1.5742e-02],
        [-3.0651e-02, -2.5847e-02,  3.7937e-02],
        [-1.2949e-02, -4.3671e-02,  4.3397e-02],
        [-1.7969e-02, -3.0295e-02,  3.6020e-02],
        [ 3.6089e-02, -5.1166e-02,  2.1367e-02],
        [ 3.2493e-03,  5.7321e-03, -5.7064e-03],
        [ 7.8651e-03, -2.3969e-02,  1.4596e-02],
        [ 8.5229e-03, -1.2520e-02,  6.2102e-03]], device='cuda:0',
       requires_grad=True)
[004-050] Search: Model metrics  : loss=0.83, accuracy@1=70.80%, accuracy@5=97.88%, time-cost=596.8 s
[004-050] Search: Architecture metrics  : loss=0.85, accuracy@1=69.72%, accuracy@5=97.87%
[004-050] Evaluation:  : loss=0.81, accuracy@1=71.49%, accuracy@5=97.78%
<<<--->>> The 004-050-th epoch : found the highest validation accuracy : 71.49%.
Benchmark Results for cifar10 -> train: 0.0, valid: 0.0, test: 94.264886706871
alpha 0 is Parameter containing:
tensor([[ 0.0294, -0.0347,  0.0177],
        [ 0.0153, -0.0800,  0.0634],
        [ 0.0238, -0.0356,  0.0222],
        [ 0.0304, -0.0654,  0.0483],
        [ 0.0531, -0.0421,  0.0083],
        [ 0.0129, -0.0231,  0.0187],
        [ 0.0347, -0.0508,  0.0195],
        [-0.0180, -0.0486,  0.0475],
        [ 0.0546, -0.0330, -0.0016],
        [ 0.0168, -0.0694,  0.0544],
        [ 0.0372, -0.0385,  0.0142],
        [ 0.0613, -0.0320, -0.0061],
        [ 0.0573, -0.0634,  0.0227],
        [ 0.0624, -0.0756,  0.0328]], device='cuda:0', requires_grad=True)
alpha 1 is Parameter containing:
tensor([[-0.0121, -0.0434,  0.0475],
        [ 0.0417, -0.0445,  0.0207],
        [ 0.0099, -0.0101,  0.0038],
        [ 0.0063, -0.0251,  0.0188],
        [ 0.0129, -0.0125,  0.0034],
        [-0.0056,  0.0014,  0.0034],
        [ 0.0122, -0.0235,  0.0130],
        [-0.0196, -0.0338,  0.0386],
        [-0.0058, -0.0462,  0.0419],
        [-0.0305, -0.0301,  0.0442],
        [ 0.0409, -0.0630,  0.0282],
        [-0.0033, -0.0069,  0.0072],
        [ 0.0071, -0.0387,  0.0269],
        [-0.0022, -0.0236,  0.0208]], device='cuda:0', requires_grad=True)
[005-050] Search: Model metrics  : loss=0.74, accuracy@1=74.08%, accuracy@5=98.28%, time-cost=745.4 s
[005-050] Search: Architecture metrics  : loss=0.78, accuracy@1=72.58%, accuracy@5=98.07%
[005-050] Evaluation:  : loss=0.74, accuracy@1=74.33%, accuracy@5=98.18%
<<<--->>> The 005-050-th epoch : found the highest validation accuracy : 74.33%.
Benchmark Results for cifar10 -> train: 0.0, valid: 0.0, test: 94.23934891952919
alpha 0 is Parameter containing:
tensor([[ 0.0307, -0.0309,  0.0129],
        [ 0.0248, -0.0885,  0.0658],
        [ 0.0273, -0.0320,  0.0163],
        [ 0.0370, -0.0646,  0.0436],
        [ 0.0651, -0.0376, -0.0009],
        [ 0.0142, -0.0171,  0.0110],
        [ 0.0512, -0.0538,  0.0109],
        [-0.0105, -0.0547,  0.0484],
        [ 0.0712, -0.0357, -0.0092],
        [ 0.0192, -0.0691,  0.0524],
        [ 0.0571, -0.0474,  0.0080],
        [ 0.0791, -0.0317, -0.0159],
        [ 0.0689, -0.0745,  0.0237],
        [ 0.0981, -0.0798,  0.0160]], device='cuda:0', requires_grad=True)
alpha 1 is Parameter containing:
tensor([[-0.0089, -0.0523,  0.0537],
        [ 0.0445, -0.0587,  0.0318],
        [ 0.0011, -0.0187,  0.0166],
        [-0.0020, -0.0336,  0.0321],
        [ 0.0261, -0.0115, -0.0042],
        [-0.0058,  0.0003,  0.0044],
        [ 0.0195, -0.0361,  0.0194],
        [-0.0059, -0.0230,  0.0236],
        [-0.0231, -0.0506,  0.0542],
        [-0.0432, -0.0390,  0.0596],
        [ 0.0500, -0.0732,  0.0308],
        [-0.0011, -0.0087,  0.0075],
        [ 0.0131, -0.0429,  0.0269],
        [-0.0016, -0.0256,  0.0220]], device='cuda:0', requires_grad=True)
[006-050] Search: Model metrics  : loss=0.67, accuracy@1=76.76%, accuracy@5=98.60%, time-cost=894.6 s
[006-050] Search: Architecture metrics  : loss=0.72, accuracy@1=75.48%, accuracy@5=98.27%
[006-050] Evaluation:  : loss=0.70, accuracy@1=76.57%, accuracy@5=98.16%
<<<--->>> The 006-050-th epoch : found the highest validation accuracy : 76.57%.
Benchmark Results for cifar10 -> train: 0.0, valid: 0.0, test: 94.34621676520963
alpha 0 is Parameter containing:
tensor([[ 0.0544, -0.0391,  0.0066],
        [ 0.0232, -0.1026,  0.0787],
        [ 0.0438, -0.0384,  0.0126],
        [ 0.0434, -0.0760,  0.0498],
        [ 0.0879, -0.0461, -0.0061],
        [ 0.0252, -0.0307,  0.0181],
        [ 0.0560, -0.0597,  0.0126],
        [-0.0004, -0.0637,  0.0499],
        [ 0.0953, -0.0394, -0.0207],
        [ 0.0362, -0.0809,  0.0514],
        [ 0.0676, -0.0637,  0.0134],
        [ 0.0943, -0.0404, -0.0179],
        [ 0.0912, -0.0888,  0.0204],
        [ 0.1279, -0.0898,  0.0065]], device='cuda:0', requires_grad=True)
alpha 1 is Parameter containing:
tensor([[ 0.0022, -0.0451,  0.0408],
        [ 0.0379, -0.0628,  0.0392],
        [-0.0034, -0.0239,  0.0239],
        [-0.0105, -0.0303,  0.0350],
        [ 0.0407, -0.0077, -0.0146],
        [ 0.0040, -0.0041,  0.0015],
        [ 0.0050, -0.0468,  0.0390],
        [-0.0071, -0.0184,  0.0208],
        [-0.0371, -0.0508,  0.0615],
        [-0.0442, -0.0415,  0.0624],
        [ 0.0524, -0.0689,  0.0256],
        [ 0.0135, -0.0042, -0.0032],
        [ 0.0110, -0.0380,  0.0243],
        [-0.0031, -0.0283,  0.0251]], device='cuda:0', requires_grad=True)
[007-050] Search: Model metrics  : loss=0.62, accuracy@1=78.61%, accuracy@5=98.82%, time-cost=1043.7 s
[007-050] Search: Architecture metrics  : loss=0.67, accuracy@1=77.08%, accuracy@5=98.48%
[007-050] Evaluation:  : loss=0.69, accuracy@1=76.44%, accuracy@5=98.43%
Benchmark Results for cifar10 -> train: 0.0, valid: 0.0, test: 94.29288650154461
alpha 0 is Parameter containing:
tensor([[ 0.0699, -0.0473,  0.0051],
        [ 0.0221, -0.0926,  0.0709],
        [ 0.0430, -0.0350,  0.0096],
        [ 0.0548, -0.0686,  0.0367],
        [ 0.1036, -0.0372, -0.0204],
        [ 0.0341, -0.0376,  0.0190],
        [ 0.0502, -0.0686,  0.0240],
        [ 0.0099, -0.0718,  0.0506],
        [ 0.0963, -0.0503, -0.0136],
        [ 0.0500, -0.0815,  0.0424],
        [ 0.0948, -0.0625, -0.0055],
        [ 0.1269, -0.0326, -0.0403],
        [ 0.1009, -0.0900,  0.0150],
        [ 0.1457, -0.0937, -0.0009]], device='cuda:0', requires_grad=True)
alpha 1 is Parameter containing:
tensor([[ 0.0072, -0.0544,  0.0463],
        [ 0.0375, -0.0674,  0.0434],
        [-0.0211, -0.0274,  0.0378],
        [-0.0026, -0.0490,  0.0468],
        [ 0.0526, -0.0115, -0.0179],
        [-0.0068, -0.0103,  0.0140],
        [ 0.0048, -0.0500,  0.0420],
        [ 0.0046, -0.0130,  0.0110],
        [-0.0439, -0.0587,  0.0708],
        [-0.0395, -0.0545,  0.0695],
        [ 0.0668, -0.0718,  0.0179],
        [ 0.0168, -0.0114,  0.0001],
        [ 0.0179, -0.0375,  0.0201],
        [-0.0148, -0.0313,  0.0341]], device='cuda:0', requires_grad=True)
[008-050] Search: Model metrics  : loss=0.57, accuracy@1=80.31%, accuracy@5=99.08%, time-cost=1193.7 s
[008-050] Search: Architecture metrics  : loss=0.65, accuracy@1=77.55%, accuracy@5=98.63%
[008-050] Evaluation:  : loss=0.67, accuracy@1=76.66%, accuracy@5=98.64%
<<<--->>> The 008-050-th epoch : found the highest validation accuracy : 76.66%.
Benchmark Results for cifar10 -> train: 0.0, valid: 0.0, test: 94.27610133923199
alpha 0 is Parameter containing:
tensor([[ 0.0930, -0.0551, -0.0010],
        [ 0.0320, -0.1071,  0.0778],
        [ 0.0525, -0.0431,  0.0119],
        [ 0.0677, -0.0796,  0.0380],
        [ 0.1418, -0.0386, -0.0389],
        [ 0.0491, -0.0523,  0.0239],
        [ 0.0585, -0.0843,  0.0316],
        [ 0.0269, -0.0858,  0.0518],
        [ 0.1242, -0.0602, -0.0228],
        [ 0.0705, -0.0935,  0.0385],
        [ 0.1165, -0.0656, -0.0174],
        [ 0.1458, -0.0431, -0.0435],
        [ 0.1338, -0.1028,  0.0035],
        [ 0.1767, -0.1037, -0.0122]], device='cuda:0', requires_grad=True)
alpha 1 is Parameter containing:
tensor([[ 0.0046, -0.0534,  0.0470],
        [ 0.0213, -0.0770,  0.0611],
        [-0.0145, -0.0293,  0.0355],
        [-0.0044, -0.0629,  0.0607],
        [ 0.0403, -0.0036, -0.0179],
        [ 0.0086, -0.0087,  0.0026],
        [ 0.0053, -0.0590,  0.0498],
        [-0.0048, -0.0003,  0.0066],
        [-0.0483, -0.0584,  0.0729],
        [-0.0282, -0.0577,  0.0650],
        [ 0.0611, -0.0673,  0.0183],
        [ 0.0174,  0.0012, -0.0092],
        [ 0.0119, -0.0388,  0.0247],
        [-0.0177, -0.0271,  0.0323]], device='cuda:0', requires_grad=True)
[009-050] Search: Model metrics  : loss=0.54, accuracy@1=81.60%, accuracy@5=99.02%, time-cost=1338.6 s
[009-050] Search: Architecture metrics  : loss=0.61, accuracy@1=78.87%, accuracy@5=98.79%
[009-050] Evaluation:  : loss=0.62, accuracy@1=79.02%, accuracy@5=98.83%
<<<--->>> The 009-050-th epoch : found the highest validation accuracy : 79.02%.
Benchmark Results for cifar10 -> train: 0.0, valid: 0.0, test: 94.25614894084677
alpha 0 is Parameter containing:
tensor([[ 0.1018, -0.0649,  0.0032],
        [ 0.0489, -0.1014,  0.0643],
        [ 0.0592, -0.0543,  0.0193],
        [ 0.0829, -0.0771,  0.0266],
        [ 0.1642, -0.0390, -0.0505],
        [ 0.0575, -0.0618,  0.0283],
        [ 0.0703, -0.0991,  0.0362],
        [ 0.0300, -0.1049,  0.0633],
        [ 0.1431, -0.0716, -0.0259],
        [ 0.0736, -0.0970,  0.0393],
        [ 0.1426, -0.0637, -0.0360],
        [ 0.1722, -0.0442, -0.0573],
        [ 0.1596, -0.1108, -0.0073],
        [ 0.1967, -0.1067, -0.0219]], device='cuda:0', requires_grad=True)
alpha 1 is Parameter containing:
tensor([[ 0.0107, -0.0595,  0.0490],
        [ 0.0193, -0.0902,  0.0740],
        [ 0.0047, -0.0412,  0.0337],
        [-0.0159, -0.0701,  0.0747],
        [ 0.0322, -0.0106, -0.0082],
        [ 0.0114, -0.0132,  0.0044],
        [ 0.0091, -0.0635,  0.0512],
        [-0.0107, -0.0127,  0.0184],
        [-0.0434, -0.0651,  0.0756],
        [-0.0195, -0.0617,  0.0625],
        [ 0.0500, -0.0699,  0.0277],
        [ 0.0197,  0.0056, -0.0136],
        [ 0.0034, -0.0359,  0.0268],
        [-0.0216, -0.0360,  0.0416]], device='cuda:0', requires_grad=True)
[010-050] Search: Model metrics  : loss=0.51, accuracy@1=81.95%, accuracy@5=99.23%, time-cost=1488.4 s
[010-050] Search: Architecture metrics  : loss=0.59, accuracy@1=80.06%, accuracy@5=98.77%
[010-050] Evaluation:  : loss=0.62, accuracy@1=79.10%, accuracy@5=98.71%
<<<--->>> The 010-050-th epoch : found the highest validation accuracy : 79.10%.
Benchmark Results for cifar10 -> train: 0.0, valid: 0.0, test: 94.24769648869453
alpha 0 is Parameter containing:
tensor([[ 0.1067, -0.0718,  0.0068],
        [ 0.0639, -0.1059,  0.0602],
        [ 0.0773, -0.0582,  0.0121],
        [ 0.0924, -0.0894,  0.0313],
        [ 0.1830, -0.0365, -0.0625],
        [ 0.0593, -0.0597,  0.0244],
        [ 0.0820, -0.1020,  0.0308],
        [ 0.0284, -0.1158,  0.0716],
        [ 0.1665, -0.0800, -0.0341],
        [ 0.0833, -0.0933,  0.0292],
        [ 0.1636, -0.0710, -0.0449],
        [ 0.2042, -0.0409, -0.0773],
        [ 0.2015, -0.1111, -0.0342],
        [ 0.2159, -0.1107, -0.0305]], device='cuda:0', requires_grad=True)
alpha 1 is Parameter containing:
tensor([[ 0.0152, -0.0535,  0.0406],
        [ 0.0008, -0.0848,  0.0798],
        [-0.0022, -0.0458,  0.0418],
        [-0.0144, -0.0688,  0.0727],
        [ 0.0296, -0.0060, -0.0105],
        [ 0.0265, -0.0093, -0.0086],
        [ 0.0059, -0.0694,  0.0587],
        [-0.0139, -0.0110,  0.0187],
        [-0.0512, -0.0658,  0.0802],
        [-0.0081, -0.0659,  0.0586],
        [ 0.0535, -0.0703,  0.0256],
        [ 0.0255,  0.0217, -0.0280],
        [-0.0112, -0.0339,  0.0331],
        [-0.0228, -0.0315,  0.0387]], device='cuda:0', requires_grad=True)
[011-050] Search: Model metrics  : loss=0.48, accuracy@1=82.99%, accuracy@5=99.27%, time-cost=1634.7 s
[011-050] Search: Architecture metrics  : loss=0.59, accuracy@1=79.86%, accuracy@5=98.87%
[011-050] Evaluation:  : loss=0.57, accuracy@1=80.46%, accuracy@5=98.91%
<<<--->>> The 011-050-th epoch : found the highest validation accuracy : 80.46%.
Benchmark Results for cifar10 -> train: 0.0, valid: 0.0, test: 94.28733074726202
alpha 0 is Parameter containing:
tensor([[ 0.1302, -0.0664, -0.0135],
        [ 0.0676, -0.1122,  0.0633],
        [ 0.0821, -0.0539,  0.0049],
        [ 0.1013, -0.1032,  0.0377],
        [ 0.2183, -0.0214, -0.0918],
        [ 0.0857, -0.0493, -0.0067],
        [ 0.0901, -0.1160,  0.0365],
        [ 0.0532, -0.1216,  0.0631],
        [ 0.1889, -0.0905, -0.0403],
        [ 0.0984, -0.0853,  0.0114],
        [ 0.1895, -0.0771, -0.0583],
        [ 0.2325, -0.0496, -0.0880],
        [ 0.2318, -0.1175, -0.0497],
        [ 0.2573, -0.1121, -0.0538]], device='cuda:0', requires_grad=True)
alpha 1 is Parameter containing:
tensor([[ 0.0076, -0.0521,  0.0441],
        [-0.0079, -0.0771,  0.0778],
        [ 0.0074, -0.0441,  0.0341],
        [-0.0158, -0.0758,  0.0800],
        [ 0.0209,  0.0030, -0.0129],
        [ 0.0191, -0.0013, -0.0104],
        [ 0.0148, -0.0702,  0.0533],
        [-0.0201, -0.0002,  0.0144],
        [-0.0478, -0.0624,  0.0763],
        [-0.0100, -0.0627,  0.0576],
        [ 0.0504, -0.0746,  0.0309],
        [ 0.0300,  0.0396, -0.0433],
        [-0.0073, -0.0309,  0.0288],
        [-0.0215, -0.0321,  0.0386]], device='cuda:0', requires_grad=True)
[012-050] Search: Model metrics  : loss=0.46, accuracy@1=84.12%, accuracy@5=99.35%, time-cost=1783.2 s
[012-050] Search: Architecture metrics  : loss=0.55, accuracy@1=81.19%, accuracy@5=98.98%
[012-050] Evaluation:  : loss=0.56, accuracy@1=81.00%, accuracy@5=98.97%
<<<--->>> The 012-050-th epoch : found the highest validation accuracy : 81.00%.
Benchmark Results for cifar10 -> train: 0.0, valid: 0.0, test: 94.32799011428446
alpha 0 is Parameter containing:
tensor([[ 0.1501, -0.0620, -0.0308],
        [ 0.0708, -0.1141,  0.0631],
        [ 0.0852, -0.0551,  0.0041],
        [ 0.1147, -0.1091,  0.0342],
        [ 0.2461, -0.0197, -0.1082],
        [ 0.1067, -0.0472, -0.0245],
        [ 0.1033, -0.1138,  0.0262],
        [ 0.0766, -0.1273,  0.0549],
        [ 0.2184, -0.0957, -0.0545],
        [ 0.1118, -0.0797, -0.0033],
        [ 0.2052, -0.0783, -0.0681],
        [ 0.2522, -0.0532, -0.0974],
        [ 0.2736, -0.1143, -0.0795],
        [ 0.3009, -0.1108, -0.0812]], device='cuda:0', requires_grad=True)
alpha 1 is Parameter containing:
tensor([[ 0.0045, -0.0567,  0.0504],
        [-0.0058, -0.0731,  0.0730],
        [ 0.0091, -0.0445,  0.0334],
        [-0.0207, -0.0674,  0.0755],
        [ 0.0184,  0.0044, -0.0128],
        [ 0.0204, -0.0018, -0.0109],
        [ 0.0295, -0.0767,  0.0488],
        [-0.0181,  0.0049,  0.0100],
        [-0.0497, -0.0674,  0.0811],
        [-0.0127, -0.0708,  0.0653],
        [ 0.0520, -0.0823,  0.0356],
        [ 0.0337,  0.0360, -0.0427],
        [-0.0073, -0.0386,  0.0353],
        [-0.0228, -0.0438,  0.0490]], device='cuda:0', requires_grad=True)
[013-050] Search: Model metrics  : loss=0.44, accuracy@1=84.78%, accuracy@5=99.47%, time-cost=1931.5 s
[013-050] Search: Architecture metrics  : loss=0.55, accuracy@1=81.17%, accuracy@5=99.02%
[013-050] Evaluation:  : loss=0.53, accuracy@1=81.97%, accuracy@5=99.12%
<<<--->>> The 013-050-th epoch : found the highest validation accuracy : 81.97%.
Benchmark Results for cifar10 -> train: 0.0, valid: 0.0, test: 94.26191928250765
alpha 0 is Parameter containing:
tensor([[ 0.1635, -0.0719, -0.0297],
        [ 0.0738, -0.1125,  0.0602],
        [ 0.0961, -0.0610,  0.0034],
        [ 0.1263, -0.1062,  0.0243],
        [ 0.2820, -0.0095, -0.1346],
        [ 0.1284, -0.0535, -0.0344],
        [ 0.1211, -0.1172,  0.0173],
        [ 0.0967, -0.1300,  0.0461],
        [ 0.2543, -0.1056, -0.0693],
        [ 0.1326, -0.0788, -0.0188],
        [ 0.2350, -0.0771, -0.0893],
        [ 0.2760, -0.0493, -0.1138],
        [ 0.3131, -0.1211, -0.1017],
        [ 0.3423, -0.1074, -0.1093]], device='cuda:0', requires_grad=True)
alpha 1 is Parameter containing:
tensor([[ 7.0422e-03, -4.6204e-02,  3.9307e-02],
        [-2.4435e-02, -6.9266e-02,  8.0284e-02],
        [ 1.9309e-02, -4.2222e-02,  2.4830e-02],
        [-2.3731e-02, -8.2149e-02,  9.0765e-02],
        [ 1.8167e-02,  9.3793e-03, -1.6627e-02],
        [ 2.6536e-02,  1.8570e-03, -1.7942e-02],
        [ 2.5075e-02, -6.7803e-02,  4.4121e-02],
        [-1.8832e-02,  1.9589e-02, -9.0138e-05],
        [-4.5931e-02, -6.6470e-02,  7.8822e-02],
        [-2.3623e-03, -6.7367e-02,  5.6368e-02],
        [ 3.0571e-02, -8.2764e-02,  5.0080e-02],
        [ 2.6256e-02,  4.1798e-02, -4.3499e-02],
        [-4.5507e-03, -4.3985e-02,  3.8261e-02],
        [-6.8505e-03, -4.2840e-02,  4.0080e-02]], device='cuda:0',
       requires_grad=True)
[014-050] Search: Model metrics  : loss=0.42, accuracy@1=85.56%, accuracy@5=99.46%, time-cost=2079.9 s
[014-050] Search: Architecture metrics  : loss=0.54, accuracy@1=81.83%, accuracy@5=99.04%
[014-050] Evaluation:  : loss=0.49, accuracy@1=82.95%, accuracy@5=99.10%
<<<--->>> The 014-050-th epoch : found the highest validation accuracy : 82.95%.
Benchmark Results for cifar10 -> train: 0.0, valid: 0.0, test: 94.21463992366523
alpha 0 is Parameter containing:
tensor([[ 0.1840, -0.0780, -0.0372],
        [ 0.0848, -0.1147,  0.0563],
        [ 0.1160, -0.0692, -0.0005],
        [ 0.1343, -0.1176,  0.0285],
        [ 0.3018, -0.0195, -0.1392],
        [ 0.1504, -0.0666, -0.0373],
        [ 0.1341, -0.1294,  0.0179],
        [ 0.1255, -0.1353,  0.0345],
        [ 0.2797, -0.1131, -0.0799],
        [ 0.1616, -0.0746, -0.0429],
        [ 0.2639, -0.0737, -0.1121],
        [ 0.3119, -0.0509, -0.1339],
        [ 0.3624, -0.1152, -0.1391],
        [ 0.3794, -0.1129, -0.1294]], device='cuda:0', requires_grad=True)
alpha 1 is Parameter containing:
tensor([[-0.0092, -0.0427,  0.0463],
        [-0.0232, -0.0647,  0.0756],
        [ 0.0215, -0.0367,  0.0188],
        [-0.0212, -0.0921,  0.0982],
        [ 0.0163,  0.0191, -0.0233],
        [ 0.0163,  0.0093, -0.0171],
        [ 0.0333, -0.0844,  0.0528],
        [-0.0150,  0.0287, -0.0084],
        [-0.0440, -0.0647,  0.0769],
        [-0.0004, -0.0675,  0.0553],
        [ 0.0236, -0.1006,  0.0686],
        [ 0.0229,  0.0488, -0.0471],
        [ 0.0040, -0.0411,  0.0314],
        [-0.0028, -0.0413,  0.0367]], device='cuda:0', requires_grad=True)
[015-050] Search: Model metrics  : loss=0.39, accuracy@1=86.22%, accuracy@5=99.56%, time-cost=2229.2 s
[015-050] Search: Architecture metrics  : loss=0.52, accuracy@1=82.25%, accuracy@5=99.12%
[015-050] Evaluation:  : loss=0.49, accuracy@1=83.28%, accuracy@5=99.27%
<<<--->>> The 015-050-th epoch : found the highest validation accuracy : 83.28%.
Benchmark Results for cifar10 -> train: 0.0, valid: 0.0, test: 94.29578784151437
alpha 0 is Parameter containing:
tensor([[ 0.1942, -0.0847, -0.0375],
        [ 0.0989, -0.1099,  0.0450],
        [ 0.1191, -0.0739,  0.0022],
        [ 0.1471, -0.1199,  0.0222],
        [ 0.3227, -0.0272, -0.1464],
        [ 0.1793, -0.0744, -0.0510],
        [ 0.1530, -0.1284,  0.0048],
        [ 0.1521, -0.1385,  0.0223],
        [ 0.3187, -0.1113, -0.1050],
        [ 0.1805, -0.0657, -0.0646],
        [ 0.2889, -0.0678, -0.1341],
        [ 0.3430, -0.0480, -0.1544],
        [ 0.4053, -0.1099, -0.1719],
        [ 0.4270, -0.1234, -0.1540]], device='cuda:0', requires_grad=True)
alpha 1 is Parameter containing:
tensor([[-0.0184, -0.0408,  0.0503],
        [-0.0248, -0.0709,  0.0821],
        [ 0.0234, -0.0349,  0.0160],
        [-0.0208, -0.1008,  0.1055],
        [ 0.0064,  0.0182, -0.0176],
        [ 0.0201,  0.0153, -0.0244],
        [ 0.0384, -0.0918,  0.0555],
        [-0.0203,  0.0309, -0.0075],
        [-0.0397, -0.0595,  0.0714],
        [ 0.0010, -0.0667,  0.0539],
        [ 0.0223, -0.0996,  0.0686],
        [ 0.0235,  0.0510, -0.0492],
        [ 0.0081, -0.0500,  0.0364],
        [ 0.0065, -0.0421,  0.0329]], device='cuda:0', requires_grad=True)
[016-050] Search: Model metrics  : loss=0.37, accuracy@1=87.13%, accuracy@5=99.61%, time-cost=2376.8 s
[016-050] Search: Architecture metrics  : loss=0.52, accuracy@1=82.69%, accuracy@5=99.07%
[016-050] Evaluation:  : loss=0.49, accuracy@1=83.58%, accuracy@5=99.18%
<<<--->>> The 016-050-th epoch : found the highest validation accuracy : 83.58%.
Benchmark Results for cifar10 -> train: 0.0, valid: 0.0, test: 94.39016229744047
alpha 0 is Parameter containing:
tensor([[ 0.2008, -0.0883, -0.0384],
        [ 0.1116, -0.1166,  0.0437],
        [ 0.1168, -0.0787,  0.0079],
        [ 0.1647, -0.1122,  0.0047],
        [ 0.3604, -0.0146, -0.1765],
        [ 0.1971, -0.0647, -0.0742],
        [ 0.1692, -0.1285, -0.0058],
        [ 0.1857, -0.1244, -0.0048],
        [ 0.3597, -0.1014, -0.1370],
        [ 0.2076, -0.0611, -0.0880],
        [ 0.3247, -0.0685, -0.1590],
        [ 0.3701, -0.0510, -0.1695],
        [ 0.4564, -0.1028, -0.2121],
        [ 0.4848, -0.1321, -0.1883]], device='cuda:0', requires_grad=True)
alpha 1 is Parameter containing:
tensor([[-0.0135, -0.0495,  0.0549],
        [-0.0432, -0.0807,  0.1016],
        [ 0.0282, -0.0356,  0.0134],
        [-0.0192, -0.1055,  0.1086],
        [-0.0065,  0.0111, -0.0055],
        [ 0.0185,  0.0231, -0.0296],
        [ 0.0518, -0.1091,  0.0606],
        [-0.0294,  0.0302, -0.0026],
        [-0.0424, -0.0519,  0.0674],
        [ 0.0163, -0.0771,  0.0517],
        [ 0.0253, -0.1119,  0.0765],
        [ 0.0225,  0.0560, -0.0526],
        [-0.0009, -0.0562,  0.0463],
        [ 0.0074, -0.0422,  0.0325]], device='cuda:0', requires_grad=True)
[017-050] Search: Model metrics  : loss=0.36, accuracy@1=87.65%, accuracy@5=99.68%, time-cost=2523.4 s
[017-050] Search: Architecture metrics  : loss=0.51, accuracy@1=82.92%, accuracy@5=99.09%
[017-050] Evaluation:  : loss=0.52, accuracy@1=82.49%, accuracy@5=99.13%
Benchmark Results for cifar10 -> train: 0.0, valid: 0.0, test: 94.3394218375866
alpha 0 is Parameter containing:
tensor([[ 0.2244, -0.0911, -0.0513],
        [ 0.1204, -0.1174,  0.0395],
        [ 0.1309, -0.0805,  0.0012],
        [ 0.1785, -0.1164, -0.0009],
        [ 0.3941, -0.0128, -0.1979],
        [ 0.2207, -0.0652, -0.0912],
        [ 0.1906, -0.1279, -0.0205],
        [ 0.2088, -0.1272, -0.0159],
        [ 0.3995, -0.0991, -0.1646],
        [ 0.2428, -0.0664, -0.1088],
        [ 0.3564, -0.0732, -0.1787],
        [ 0.4110, -0.0580, -0.1910],
        [ 0.5103, -0.1077, -0.2478],
        [ 0.5338, -0.1537, -0.2102]], device='cuda:0', requires_grad=True)
alpha 1 is Parameter containing:
tensor([[-0.0185, -0.0488,  0.0575],
        [-0.0442, -0.0822,  0.1036],
        [ 0.0330, -0.0315,  0.0068],
        [-0.0257, -0.1012,  0.1094],
        [-0.0082,  0.0071, -0.0015],
        [ 0.0145,  0.0156, -0.0211],
        [ 0.0406, -0.1105,  0.0699],
        [-0.0166,  0.0432, -0.0183],
        [-0.0341, -0.0469,  0.0600],
        [ 0.0175, -0.0743,  0.0489],
        [ 0.0203, -0.1141,  0.0817],
        [ 0.0301,  0.0652, -0.0633],
        [-0.0134, -0.0529,  0.0505],
        [ 0.0160, -0.0377,  0.0244]], device='cuda:0', requires_grad=True)
[018-050] Search: Model metrics  : loss=0.34, accuracy@1=88.13%, accuracy@5=99.72%, time-cost=2672.0 s
[018-050] Search: Architecture metrics  : loss=0.50, accuracy@1=83.20%, accuracy@5=99.12%
[018-050] Evaluation:  : loss=0.60, accuracy@1=80.56%, accuracy@5=99.10%
Benchmark Results for cifar10 -> train: 0.0, valid: 0.0, test: 94.338686451888
alpha 0 is Parameter containing:
tensor([[ 0.2410, -0.0950, -0.0586],
        [ 0.1369, -0.1172,  0.0304],
        [ 0.1348, -0.0808, -0.0011],
        [ 0.1980, -0.1307, -0.0018],
        [ 0.4402, -0.0133, -0.2254],
        [ 0.2424, -0.0730, -0.1001],
        [ 0.2025, -0.1360, -0.0231],
        [ 0.2426, -0.1263, -0.0353],
        [ 0.4469, -0.0952, -0.1989],
        [ 0.2724, -0.0542, -0.1415],
        [ 0.4009, -0.0779, -0.2082],
        [ 0.4443, -0.0673, -0.2067],
        [ 0.5585, -0.1179, -0.2771],
        [ 0.5907, -0.1702, -0.2412]], device='cuda:0', requires_grad=True)
alpha 1 is Parameter containing:
tensor([[-0.0179, -0.0516,  0.0595],
        [-0.0526, -0.0765,  0.1035],
        [ 0.0433, -0.0412,  0.0075],
        [-0.0271, -0.1074,  0.1158],
        [ 0.0011,  0.0102, -0.0087],
        [ 0.0130,  0.0004, -0.0079],
        [ 0.0324, -0.1023,  0.0690],
        [-0.0156,  0.0484, -0.0225],
        [-0.0294, -0.0536,  0.0629],
        [ 0.0202, -0.0663,  0.0413],
        [ 0.0155, -0.1083,  0.0803],
        [ 0.0256,  0.0632, -0.0599],
        [-0.0108, -0.0555,  0.0514],
        [ 0.0203, -0.0351,  0.0202]], device='cuda:0', requires_grad=True)
[019-050] Search: Model metrics  : loss=0.32, accuracy@1=89.07%, accuracy@5=99.66%, time-cost=2816.9 s
[019-050] Search: Architecture metrics  : loss=0.48, accuracy@1=83.86%, accuracy@5=99.14%
[019-050] Evaluation:  : loss=0.48, accuracy@1=83.82%, accuracy@5=99.24%
<<<--->>> The 019-050-th epoch : found the highest validation accuracy : 83.82%.
Benchmark Results for cifar10 -> train: 0.0, valid: 0.0, test: 94.4548203406244
alpha 0 is Parameter containing:
tensor([[ 0.2625, -0.0999, -0.0684],
        [ 0.1433, -0.1099,  0.0211],
        [ 0.1329, -0.0860,  0.0049],
        [ 0.2184, -0.1218, -0.0216],
        [ 0.4773, -0.0100, -0.2507],
        [ 0.2594, -0.0718, -0.1146],
        [ 0.2240, -0.1243, -0.0460],
        [ 0.2700, -0.1159, -0.0573],
        [ 0.4714, -0.0956, -0.2156],
        [ 0.2939, -0.0521, -0.1596],
        [ 0.4297, -0.0729, -0.2337],
        [ 0.4845, -0.0627, -0.2355],
        [ 0.6189, -0.1164, -0.3227],
        [ 0.6350, -0.1803, -0.2679]], device='cuda:0', requires_grad=True)
alpha 1 is Parameter containing:
tensor([[-0.0229, -0.0548,  0.0652],
        [-0.0567, -0.0769,  0.1064],
        [ 0.0428, -0.0339,  0.0019],
        [-0.0257, -0.1087,  0.1162],
        [-0.0016,  0.0166, -0.0124],
        [-0.0008,  0.0023, -0.0003],
        [ 0.0253, -0.1086,  0.0793],
        [-0.0146,  0.0587, -0.0307],
        [-0.0181, -0.0470,  0.0529],
        [ 0.0233, -0.0724,  0.0438],
        [ 0.0040, -0.1050,  0.0852],
        [ 0.0306,  0.0733, -0.0701],
        [ 0.0019, -0.0390,  0.0311],
        [ 0.0233, -0.0278,  0.0127]], device='cuda:0', requires_grad=True)
[020-050] Search: Model metrics  : loss=0.31, accuracy@1=89.21%, accuracy@5=99.74%, time-cost=2961.5 s
[020-050] Search: Architecture metrics  : loss=0.48, accuracy@1=83.80%, accuracy@5=99.18%
[020-050] Evaluation:  : loss=0.50, accuracy@1=83.70%, accuracy@5=99.15%
Benchmark Results for cifar10 -> train: 0.0, valid: 0.0, test: 94.55449728559124
alpha 0 is Parameter containing:
tensor([[ 0.2792, -0.1097, -0.0706],
        [ 0.1569, -0.1176,  0.0196],
        [ 0.1468, -0.0949,  0.0052],
        [ 0.2449, -0.1318, -0.0306],
        [ 0.5011, -0.0250, -0.2569],
        [ 0.2861, -0.0809, -0.1266],
        [ 0.2449, -0.1278, -0.0579],
        [ 0.2978, -0.1189, -0.0715],
        [ 0.5209, -0.1008, -0.2464],
        [ 0.3152, -0.0465, -0.1814],
        [ 0.4637, -0.0789, -0.2562],
        [ 0.5322, -0.0600, -0.2685],
        [ 0.6730, -0.1213, -0.3607],
        [ 0.6883, -0.1993, -0.2972]], device='cuda:0', requires_grad=True)
alpha 1 is Parameter containing:
tensor([[-0.0280, -0.0510,  0.0654],
        [-0.0614, -0.0776,  0.1098],
        [ 0.0471, -0.0255, -0.0075],
        [-0.0340, -0.1070,  0.1203],
        [-0.0108,  0.0117, -0.0039],
        [-0.0015, -0.0052,  0.0060],
        [ 0.0386, -0.1021,  0.0644],
        [-0.0138,  0.0613, -0.0331],
        [-0.0203, -0.0352,  0.0453],
        [ 0.0127, -0.0705,  0.0494],
        [-0.0029, -0.1014,  0.0871],
        [ 0.0353,  0.0863, -0.0822],
        [ 0.0040, -0.0290,  0.0218],
        [ 0.0446, -0.0299,  0.0036]], device='cuda:0', requires_grad=True)
[021-050] Search: Model metrics  : loss=0.29, accuracy@1=89.84%, accuracy@5=99.79%, time-cost=3105.7 s
[021-050] Search: Architecture metrics  : loss=0.48, accuracy@1=83.87%, accuracy@5=99.16%
[021-050] Evaluation:  : loss=0.50, accuracy@1=83.86%, accuracy@5=99.24%
<<<--->>> The 021-050-th epoch : found the highest validation accuracy : 83.86%.
Benchmark Results for cifar10 -> train: 0.0, valid: 0.0, test: 94.5560376438474
alpha 0 is Parameter containing:
tensor([[ 0.2929, -0.1124, -0.0774],
        [ 0.1741, -0.1121,  0.0061],
        [ 0.1606, -0.0918, -0.0059],
        [ 0.2793, -0.1189, -0.0629],
        [ 0.5379, -0.0169, -0.2855],
        [ 0.3091, -0.0811, -0.1451],
        [ 0.2815, -0.1225, -0.0860],
        [ 0.3325, -0.1234, -0.0891],
        [ 0.5708, -0.1080, -0.2773],
        [ 0.3437, -0.0396, -0.2100],
        [ 0.5021, -0.0754, -0.2890],
        [ 0.5740, -0.0540, -0.2996],
        [ 0.7311, -0.1297, -0.4008],
        [ 0.7447, -0.2166, -0.3312]], device='cuda:0', requires_grad=True)
alpha 1 is Parameter containing:
tensor([[-0.0188, -0.0602,  0.0675],
        [-0.0807, -0.0803,  0.1233],
        [ 0.0518, -0.0258, -0.0106],
        [-0.0383, -0.0970,  0.1148],
        [-0.0143,  0.0169, -0.0062],
        [ 0.0187, -0.0114, -0.0028],
        [ 0.0372, -0.1105,  0.0723],
        [-0.0269,  0.0555, -0.0225],
        [-0.0360, -0.0429,  0.0585],
        [ 0.0253, -0.0813,  0.0490],
        [ 0.0030, -0.1036,  0.0850],
        [ 0.0292,  0.0841, -0.0779],
        [ 0.0048, -0.0284,  0.0210],
        [ 0.0483, -0.0367,  0.0071]], device='cuda:0', requires_grad=True)
[022-050] Search: Model metrics  : loss=0.28, accuracy@1=90.36%, accuracy@5=99.79%, time-cost=3250.4 s
[022-050] Search: Architecture metrics  : loss=0.47, accuracy@1=84.42%, accuracy@5=99.33%
[022-050] Evaluation:  : loss=0.44, accuracy@1=85.57%, accuracy@5=99.39%
<<<--->>> The 022-050-th epoch : found the highest validation accuracy : 85.57%.
Benchmark Results for cifar10 -> train: 0.0, valid: 0.0, test: 94.52503530918135
alpha 0 is Parameter containing:
tensor([[ 0.3038, -0.1155, -0.0819],
        [ 0.2006, -0.1104, -0.0093],
        [ 0.1750, -0.0976, -0.0090],
        [ 0.2958, -0.1273, -0.0678],
        [ 0.5701, -0.0212, -0.3041],
        [ 0.3296, -0.0928, -0.1503],
        [ 0.3022, -0.1139, -0.1063],
        [ 0.3729, -0.1149, -0.1182],
        [ 0.6021, -0.1160, -0.2953],
        [ 0.3636, -0.0440, -0.2222],
        [ 0.5379, -0.0750, -0.3177],
        [ 0.6238, -0.0464, -0.3374],
        [ 0.7895, -0.1371, -0.4429],
        [ 0.8043, -0.2329, -0.3691]], device='cuda:0', requires_grad=True)
alpha 1 is Parameter containing:
tensor([[-0.0135, -0.0529,  0.0581],
        [-0.0967, -0.0697,  0.1234],
        [ 0.0579, -0.0273, -0.0136],
        [-0.0499, -0.1014,  0.1260],
        [-0.0142,  0.0225, -0.0107],
        [ 0.0223, -0.0158, -0.0019],
        [ 0.0416, -0.1177,  0.0751],
        [-0.0218,  0.0671, -0.0336],
        [-0.0372, -0.0519,  0.0658],
        [ 0.0198, -0.0752,  0.0482],
        [ 0.0037, -0.0977,  0.0799],
        [ 0.0299,  0.0989, -0.0897],
        [ 0.0037, -0.0343,  0.0266],
        [ 0.0631, -0.0392,  0.0012]], device='cuda:0', requires_grad=True)
[023-050] Search: Model metrics  : loss=0.26, accuracy@1=90.87%, accuracy@5=99.82%, time-cost=3394.9 s
[023-050] Search: Architecture metrics  : loss=0.46, accuracy@1=84.83%, accuracy@5=99.30%
[023-050] Evaluation:  : loss=0.46, accuracy@1=84.66%, accuracy@5=99.31%
Benchmark Results for cifar10 -> train: 0.0, valid: 0.0, test: 94.38984822022509
alpha 0 is Parameter containing:
tensor([[ 0.3161, -0.1321, -0.0744],
        [ 0.2169, -0.1122, -0.0168],
        [ 0.1875, -0.1086, -0.0062],
        [ 0.3217, -0.1273, -0.0849],
        [ 0.6088, -0.0222, -0.3290],
        [ 0.3546, -0.1023, -0.1614],
        [ 0.3370, -0.1081, -0.1345],
        [ 0.4040, -0.1129, -0.1384],
        [ 0.6435, -0.1202, -0.3222],
        [ 0.3815, -0.0495, -0.2319],
        [ 0.5769, -0.0730, -0.3504],
        [ 0.6649, -0.0409, -0.3686],
        [ 0.8371, -0.1382, -0.4805],
        [ 0.8691, -0.2472, -0.4136]], device='cuda:0', requires_grad=True)
alpha 1 is Parameter containing:
tensor([[-0.0160, -0.0552,  0.0616],
        [-0.1028, -0.0606,  0.1191],
        [ 0.0526, -0.0300, -0.0079],
        [-0.0570, -0.0918,  0.1225],
        [-0.0168,  0.0207, -0.0079],
        [ 0.0210, -0.0236,  0.0048],
        [ 0.0347, -0.1177,  0.0802],
        [-0.0141,  0.0739, -0.0425],
        [-0.0551, -0.0522,  0.0750],
        [ 0.0381, -0.0812,  0.0404],
        [ 0.0024, -0.1066,  0.0880],
        [ 0.0319,  0.1130, -0.1017],
        [ 0.0033, -0.0242,  0.0184],
        [ 0.0777, -0.0273, -0.0160]], device='cuda:0', requires_grad=True)
[024-050] Search: Model metrics  : loss=0.24, accuracy@1=91.58%, accuracy@5=99.86%, time-cost=3539.5 s
[024-050] Search: Architecture metrics  : loss=0.46, accuracy@1=84.94%, accuracy@5=99.22%
[024-050] Evaluation:  : loss=0.50, accuracy@1=84.04%, accuracy@5=99.22%
Benchmark Results for cifar10 -> train: 0.0, valid: 0.0, test: 94.3132449337966
alpha 0 is Parameter containing:
tensor([[ 0.3220, -0.1409, -0.0701],
        [ 0.2470, -0.1225, -0.0256],
        [ 0.1869, -0.1108, -0.0040],
        [ 0.3408, -0.1356, -0.0909],
        [ 0.6431, -0.0206, -0.3533],
        [ 0.3817, -0.1005, -0.1863],
        [ 0.3730, -0.1149, -0.1550],
        [ 0.4480, -0.1041, -0.1705],
        [ 0.6817, -0.1241, -0.3475],
        [ 0.4079, -0.0470, -0.2563],
        [ 0.6343, -0.0862, -0.3880],
        [ 0.7082, -0.0428, -0.3977],
        [ 0.8823, -0.1432, -0.5142],
        [ 0.9355, -0.2719, -0.4565]], device='cuda:0', requires_grad=True)
alpha 1 is Parameter containing:
tensor([[-0.0253, -0.0574,  0.0692],
        [-0.1056, -0.0720,  0.1308],
        [ 0.0403, -0.0206, -0.0071],
        [-0.0531, -0.0882,  0.1171],
        [-0.0089,  0.0257, -0.0157],
        [ 0.0130, -0.0227,  0.0094],
        [ 0.0425, -0.1111,  0.0691],
        [-0.0189,  0.0795, -0.0443],
        [-0.0509, -0.0481,  0.0701],
        [ 0.0418, -0.0863,  0.0417],
        [-0.0011, -0.1102,  0.0933],
        [ 0.0197,  0.1191, -0.1007],
        [ 0.0149, -0.0194,  0.0081],
        [ 0.0985, -0.0270, -0.0274]], device='cuda:0', requires_grad=True)
[025-050] Search: Model metrics  : loss=0.23, accuracy@1=91.91%, accuracy@5=99.84%, time-cost=3687.0 s
[025-050] Search: Architecture metrics  : loss=0.47, accuracy@1=84.95%, accuracy@5=99.27%
[025-050] Evaluation:  : loss=0.47, accuracy@1=84.64%, accuracy@5=99.28%
Benchmark Results for cifar10 -> train: 0.0, valid: 0.0, test: 94.37384853727478
alpha 0 is Parameter containing:
tensor([[ 0.3528, -0.1419, -0.0901],
        [ 0.2640, -0.1306, -0.0291],
        [ 0.1990, -0.1099, -0.0124],
        [ 0.3611, -0.1429, -0.0989],
        [ 0.6885, -0.0192, -0.3853],
        [ 0.4067, -0.0986, -0.2099],
        [ 0.4015, -0.1149, -0.1755],
        [ 0.5029, -0.0943, -0.2109],
        [ 0.7306, -0.1255, -0.3819],
        [ 0.4402, -0.0490, -0.2820],
        [ 0.6707, -0.0985, -0.4103],
        [ 0.7670, -0.0499, -0.4353],
        [ 0.9521, -0.1529, -0.5664],
        [ 0.9916, -0.3059, -0.4877]], device='cuda:0', requires_grad=True)
alpha 1 is Parameter containing:
tensor([[-0.0281, -0.0463,  0.0620],
        [-0.1234, -0.0682,  0.1375],
        [ 0.0363, -0.0130, -0.0106],
        [-0.0584, -0.0822,  0.1155],
        [-0.0034,  0.0394, -0.0293],
        [ 0.0035, -0.0270,  0.0191],
        [ 0.0469, -0.1190,  0.0724],
        [-0.0256,  0.1032, -0.0585],
        [-0.0523, -0.0360,  0.0621],
        [ 0.0523, -0.1002,  0.0455],
        [ 0.0034, -0.1098,  0.0901],
        [ 0.0124,  0.1266, -0.1032],
        [ 0.0212, -0.0152,  0.0011],
        [ 0.1089, -0.0297, -0.0310]], device='cuda:0', requires_grad=True)
[026-050] Search: Model metrics  : loss=0.22, accuracy@1=92.32%, accuracy@5=99.91%, time-cost=3831.7 s
[026-050] Search: Architecture metrics  : loss=0.46, accuracy@1=85.05%, accuracy@5=99.36%
[026-050] Evaluation:  : loss=0.46, accuracy@1=85.30%, accuracy@5=99.36%
Benchmark Results for cifar10 -> train: 0.0, valid: 0.0, test: 94.37552413625163
alpha 0 is Parameter containing:
tensor([[ 0.3697, -0.1487, -0.0953],
        [ 0.2842, -0.1231, -0.0467],
        [ 0.2095, -0.1156, -0.0137],
        [ 0.3845, -0.1351, -0.1207],
        [ 0.7366, -0.0138, -0.4223],
        [ 0.4338, -0.1094, -0.2222],
        [ 0.4358, -0.1118, -0.2024],
        [ 0.5462, -0.0937, -0.2398],
        [ 0.7750, -0.1372, -0.4086],
        [ 0.4664, -0.0525, -0.3014],
        [ 0.7130, -0.0886, -0.4535],
        [ 0.8239, -0.0437, -0.4804],
        [ 1.0079, -0.1604, -0.6096],
        [ 1.0580, -0.3257, -0.5369]], device='cuda:0', requires_grad=True)
alpha 1 is Parameter containing:
tensor([[-0.0218, -0.0471,  0.0589],
        [-0.1361, -0.0664,  0.1433],
        [ 0.0366, -0.0056, -0.0166],
        [-0.0647, -0.0752,  0.1135],
        [ 0.0021,  0.0449, -0.0365],
        [ 0.0045, -0.0195,  0.0125],
        [ 0.0337, -0.1239,  0.0861],
        [-0.0193,  0.1189, -0.0737],
        [-0.0592, -0.0393,  0.0680],
        [ 0.0615, -0.1086,  0.0456],
        [-0.0021, -0.1155,  0.0985],
        [ 0.0121,  0.1343, -0.1092],
        [ 0.0277, -0.0175, -0.0005],
        [ 0.1196, -0.0260, -0.0401]], device='cuda:0', requires_grad=True)
[027-050] Search: Model metrics  : loss=0.21, accuracy@1=92.57%, accuracy@5=99.90%, time-cost=3980.0 s
[027-050] Search: Architecture metrics  : loss=0.47, accuracy@1=84.89%, accuracy@5=99.29%
[027-050] Evaluation:  : loss=0.43, accuracy@1=85.94%, accuracy@5=99.36%
<<<--->>> The 027-050-th epoch : found the highest validation accuracy : 85.94%.
Benchmark Results for cifar10 -> train: 0.0, valid: 0.0, test: 94.30279948070866
alpha 0 is Parameter containing:
tensor([[ 0.3872, -0.1528, -0.1038],
        [ 0.3052, -0.1138, -0.0661],
        [ 0.2207, -0.1214, -0.0153],
        [ 0.4082, -0.1378, -0.1350],
        [ 0.7808, -0.0179, -0.4514],
        [ 0.4605, -0.1170, -0.2376],
        [ 0.4684, -0.1178, -0.2227],
        [ 0.5917, -0.0962, -0.2689],
        [ 0.8166, -0.1517, -0.4328],
        [ 0.5000, -0.0473, -0.3364],
        [ 0.7634, -0.0979, -0.4900],
        [ 0.8763, -0.0446, -0.5192],
        [ 1.0683, -0.1732, -0.6545],
        [ 1.1286, -0.3547, -0.5871]], device='cuda:0', requires_grad=True)
alpha 1 is Parameter containing:
tensor([[-0.0169, -0.0348,  0.0457],
        [-0.1413, -0.0805,  0.1588],
        [ 0.0404, -0.0008, -0.0232],
        [-0.0689, -0.0762,  0.1170],
        [ 0.0025,  0.0413, -0.0338],
        [-0.0041, -0.0099,  0.0110],
        [ 0.0403, -0.1191,  0.0775],
        [-0.0170,  0.1131, -0.0704],
        [-0.0676, -0.0402,  0.0730],
        [ 0.0678, -0.0877,  0.0257],
        [-0.0009, -0.1130,  0.0958],
        [ 0.0138,  0.1334, -0.1097],
        [ 0.0331, -0.0138, -0.0065],
        [ 0.1239, -0.0306, -0.0390]], device='cuda:0', requires_grad=True)
[028-050] Search: Model metrics  : loss=0.19, accuracy@1=93.14%, accuracy@5=99.91%, time-cost=4128.0 s
[028-050] Search: Architecture metrics  : loss=0.43, accuracy@1=85.85%, accuracy@5=99.41%
[028-050] Evaluation:  : loss=0.46, accuracy@1=85.42%, accuracy@5=99.39%
Benchmark Results for cifar10 -> train: 0.0, valid: 0.0, test: 94.06073616804366
alpha 0 is Parameter containing:
tensor([[ 0.4074, -0.1553, -0.1163],
        [ 0.3118, -0.1032, -0.0783],
        [ 0.2354, -0.1372, -0.0093],
        [ 0.4236, -0.1377, -0.1461],
        [ 0.8239, -0.0172, -0.4829],
        [ 0.4975, -0.1252, -0.2614],
        [ 0.4968, -0.1154, -0.2466],
        [ 0.6289, -0.0907, -0.2974],
        [ 0.8576, -0.1632, -0.4584],
        [ 0.5291, -0.0439, -0.3661],
        [ 0.7959, -0.1031, -0.5151],
        [ 0.9213, -0.0404, -0.5563],
        [ 1.1074, -0.1832, -0.6840],
        [ 1.1788, -0.3751, -0.6240]], device='cuda:0', requires_grad=True)
alpha 1 is Parameter containing:
tensor([[-0.0219, -0.0333,  0.0475],
        [-0.1373, -0.0812,  0.1575],
        [ 0.0454,  0.0077, -0.0337],
        [-0.0839, -0.0707,  0.1216],
        [ 0.0127,  0.0404, -0.0383],
        [-0.0150, -0.0070,  0.0160],
        [ 0.0436, -0.1196,  0.0755],
        [-0.0162,  0.1214, -0.0774],
        [-0.0683, -0.0391,  0.0727],
        [ 0.0640, -0.0905,  0.0303],
        [ 0.0011, -0.1056,  0.0886],
        [ 0.0189,  0.1369, -0.1151],
        [ 0.0290, -0.0172, -0.0016],
        [ 0.1342, -0.0163, -0.0563]], device='cuda:0', requires_grad=True)
[029-050] Search: Model metrics  : loss=0.18, accuracy@1=93.98%, accuracy@5=99.95%, time-cost=4272.3 s
[029-050] Search: Architecture metrics  : loss=0.45, accuracy@1=85.77%, accuracy@5=99.35%
[029-050] Evaluation:  : loss=0.43, accuracy@1=86.58%, accuracy@5=99.42%
<<<--->>> The 029-050-th epoch : found the highest validation accuracy : 86.58%.
Benchmark Results for cifar10 -> train: 0.0, valid: 0.0, test: 94.08151756851365
alpha 0 is Parameter containing:
tensor([[ 0.4380, -0.1573, -0.1363],
        [ 0.3170, -0.1097, -0.0766],
        [ 0.2599, -0.1364, -0.0256],
        [ 0.4428, -0.1375, -0.1599],
        [ 0.8708, -0.0137, -0.5190],
        [ 0.5256, -0.1269, -0.2839],
        [ 0.5284, -0.1192, -0.2681],
        [ 0.6705, -0.0997, -0.3212],
        [ 0.9178, -0.1731, -0.5002],
        [ 0.5630, -0.0352, -0.4056],
        [ 0.8274, -0.1037, -0.5433],
        [ 0.9744, -0.0441, -0.5958],
        [ 1.1623, -0.1987, -0.7253],
        [ 1.2420, -0.4022, -0.6707]], device='cuda:0', requires_grad=True)
alpha 1 is Parameter containing:
tensor([[-3.3267e-02, -3.4250e-02,  5.5303e-02],
        [-1.6072e-01, -7.8516e-02,  1.6832e-01],
        [ 5.1342e-02,  1.5622e-02, -4.4546e-02],
        [-8.9657e-02, -7.8868e-02,  1.3228e-01],
        [ 2.2659e-03,  5.5214e-02, -4.5053e-02],
        [-3.1741e-03, -1.0333e-04,  3.0017e-03],
        [ 3.9786e-02, -1.1324e-01,  7.3096e-02],
        [-2.3016e-02,  1.4198e-01, -9.0163e-02],
        [-6.8081e-02, -2.6208e-02,  6.3069e-02],
        [ 7.1852e-02, -8.1981e-02,  1.8637e-02],
        [ 1.4046e-03, -1.0631e-01,  8.9102e-02],
        [-3.8565e-03,  1.5644e-01, -1.1947e-01],
        [ 2.0831e-02, -8.6709e-03, -4.3470e-03],
        [ 1.5607e-01, -8.3062e-04, -8.1063e-02]], device='cuda:0',
       requires_grad=True)
[030-050] Search: Model metrics  : loss=0.16, accuracy@1=94.43%, accuracy@5=99.96%, time-cost=4416.6 s
[030-050] Search: Architecture metrics  : loss=0.42, accuracy@1=86.36%, accuracy@5=99.41%
[030-050] Evaluation:  : loss=0.44, accuracy@1=86.07%, accuracy@5=99.42%
Benchmark Results for cifar10 -> train: 0.0, valid: 0.0, test: 94.14207367219844
alpha 0 is Parameter containing:
tensor([[ 0.4476, -0.1648, -0.1369],
        [ 0.3379, -0.1111, -0.0875],
        [ 0.2681, -0.1420, -0.0256],
        [ 0.4720, -0.1351, -0.1824],
        [ 0.9073, -0.0114, -0.5477],
        [ 0.5540, -0.1359, -0.3003],
        [ 0.5673, -0.1232, -0.2955],
        [ 0.7093, -0.1082, -0.3436],
        [ 0.9691, -0.1847, -0.5356],
        [ 0.5843, -0.0316, -0.4287],
        [ 0.8641, -0.1179, -0.5665],
        [ 1.0257, -0.0439, -0.6366],
        [ 1.2145, -0.2179, -0.7637],
        [ 1.2983, -0.4326, -0.7100]], device='cuda:0', requires_grad=True)
alpha 1 is Parameter containing:
tensor([[-3.6759e-02, -3.4048e-02,  5.7281e-02],
        [-1.7011e-01, -7.5816e-02,  1.7154e-01],
        [ 4.5369e-02,  2.0424e-02, -4.4355e-02],
        [-9.7139e-02, -7.1916e-02,  1.3119e-01],
        [ 5.1390e-03,  5.9680e-02, -5.0155e-02],
        [ 1.0818e-03, -1.1502e-02,  8.9704e-03],
        [ 2.3395e-02, -1.1523e-01,  8.6484e-02],
        [-1.5966e-02,  1.5378e-01, -1.0291e-01],
        [-7.1258e-02, -2.0430e-02,  6.0382e-02],
        [ 7.5591e-02, -6.7604e-02,  5.3708e-03],
        [ 6.2575e-03, -1.0290e-01,  8.3200e-02],
        [ 7.1614e-03,  1.6850e-01, -1.3428e-01],
        [ 2.0061e-02,  5.0923e-04, -1.1469e-02],
        [ 1.7241e-01,  1.6372e-04, -9.1403e-02]], device='cuda:0',
       requires_grad=True)
[031-050] Search: Model metrics  : loss=0.15, accuracy@1=94.95%, accuracy@5=99.97%, time-cost=4565.8 s
[031-050] Search: Architecture metrics  : loss=0.43, accuracy@1=86.29%, accuracy@5=99.41%
[031-050] Evaluation:  : loss=0.42, accuracy@1=86.39%, accuracy@5=99.47%
Benchmark Results for cifar10 -> train: 0.0, valid: 0.0, test: 94.19749007581288
alpha 0 is Parameter containing:
tensor([[ 0.4635, -0.1778, -0.1372],
        [ 0.3569, -0.1067, -0.1022],
        [ 0.2831, -0.1499, -0.0281],
        [ 0.4983, -0.1267, -0.2075],
        [ 0.9497, -0.0121, -0.5793],
        [ 0.5854, -0.1451, -0.3197],
        [ 0.5924, -0.1130, -0.3235],
        [ 0.7537, -0.0970, -0.3802],
        [ 1.0162, -0.1980, -0.5673],
        [ 0.6094, -0.0339, -0.4498],
        [ 0.9091, -0.1242, -0.6046],
        [ 1.0771, -0.0490, -0.6754],
        [ 1.2697, -0.2400, -0.8040],
        [ 1.3478, -0.4572, -0.7464]], device='cuda:0', requires_grad=True)
alpha 1 is Parameter containing:
tensor([[-0.0306, -0.0467,  0.0644],
        [-0.1904, -0.0651,  0.1739],
        [ 0.0434,  0.0292, -0.0503],
        [-0.0978, -0.0567,  0.1187],
        [ 0.0073,  0.0592, -0.0510],
        [ 0.0137, -0.0140,  0.0026],
        [ 0.0107, -0.1081,  0.0897],
        [-0.0154,  0.1712, -0.1171],
        [-0.0765, -0.0132,  0.0575],
        [ 0.0971, -0.0760, -0.0033],
        [-0.0083, -0.0887,  0.0818],
        [ 0.0013,  0.1911, -0.1492],
        [ 0.0078,  0.0048, -0.0084],
        [ 0.1676,  0.0121, -0.0986]], device='cuda:0', requires_grad=True)
[032-050] Search: Model metrics  : loss=0.14, accuracy@1=95.29%, accuracy@5=99.95%, time-cost=4710.2 s
[032-050] Search: Architecture metrics  : loss=0.42, accuracy@1=86.66%, accuracy@5=99.37%
[032-050] Evaluation:  : loss=0.40, accuracy@1=87.14%, accuracy@5=99.49%
<<<--->>> The 032-050-th epoch : found the highest validation accuracy : 87.14%.
Benchmark Results for cifar10 -> train: 0.0, valid: 0.0, test: 94.1297597966832
alpha 0 is Parameter containing:
tensor([[ 0.4820, -0.1874, -0.1426],
        [ 0.3788, -0.1207, -0.1043],
        [ 0.2999, -0.1647, -0.0252],
        [ 0.5203, -0.1350, -0.2178],
        [ 0.9969, -0.0173, -0.6129],
        [ 0.6100, -0.1509, -0.3367],
        [ 0.6281, -0.1121, -0.3534],
        [ 0.7964, -0.0928, -0.4125],
        [ 1.0628, -0.2072, -0.6011],
        [ 0.6399, -0.0371, -0.4756],
        [ 0.9422, -0.1375, -0.6263],
        [ 1.1264, -0.0571, -0.7115],
        [ 1.3190, -0.2531, -0.8444],
        [ 1.3958, -0.4872, -0.7798]], device='cuda:0', requires_grad=True)
alpha 1 is Parameter containing:
tensor([[-3.0188e-02, -5.4530e-02,  7.0876e-02],
        [-2.0470e-01, -7.6419e-02,  1.9184e-01],
        [ 3.2903e-02,  2.6222e-02, -4.0727e-02],
        [-1.1042e-01, -5.1584e-02,  1.2231e-01],
        [ 2.3122e-03,  6.6493e-02, -5.4456e-02],
        [ 8.1608e-03, -5.2777e-03, -1.6744e-04],
        [ 2.0412e-02, -1.0974e-01,  8.4185e-02],
        [-7.6506e-03,  1.8485e-01, -1.3187e-01],
        [-8.6990e-02, -8.0445e-03,  5.8731e-02],
        [ 1.0593e-01, -7.9924e-02, -6.4696e-03],
        [-6.6815e-03, -8.1440e-02,  7.4896e-02],
        [ 9.9094e-03,  2.0341e-01, -1.6325e-01],
        [ 6.5447e-03,  1.8129e-02, -1.8685e-02],
        [ 1.8347e-01,  1.9799e-02, -1.1421e-01]], device='cuda:0',
       requires_grad=True)
[033-050] Search: Model metrics  : loss=0.13, accuracy@1=95.68%, accuracy@5=99.96%, time-cost=4859.9 s
[033-050] Search: Architecture metrics  : loss=0.42, accuracy@1=86.55%, accuracy@5=99.41%
[033-050] Evaluation:  : loss=0.40, accuracy@1=87.17%, accuracy@5=99.52%
<<<--->>> The 033-050-th epoch : found the highest validation accuracy : 87.17%.
Benchmark Results for cifar10 -> train: 0.0, valid: 0.0, test: 93.60493882160921
alpha 0 is Parameter containing:
tensor([[ 0.4933, -0.1904, -0.1483],
        [ 0.4079, -0.1182, -0.1237],
        [ 0.3068, -0.1697, -0.0252],
        [ 0.5477, -0.1373, -0.2365],
        [ 1.0374, -0.0198, -0.6434],
        [ 0.6338, -0.1599, -0.3503],
        [ 0.6583, -0.1042, -0.3842],
        [ 0.8409, -0.0964, -0.4427],
        [ 1.1097, -0.2101, -0.6385],
        [ 0.6692, -0.0381, -0.5032],
        [ 0.9793, -0.1492, -0.6544],
        [ 1.1892, -0.0609, -0.7619],
        [ 1.3722, -0.2644, -0.8898],
        [ 1.4550, -0.5112, -0.8277]], device='cuda:0', requires_grad=True)
alpha 1 is Parameter containing:
tensor([[-0.0382, -0.0553,  0.0765],
        [-0.2107, -0.0775,  0.1963],
        [ 0.0415,  0.0368, -0.0559],
        [-0.1290, -0.0529,  0.1347],
        [ 0.0093,  0.0765, -0.0662],
        [ 0.0099, -0.0095,  0.0018],
        [ 0.0084, -0.1035,  0.0877],
        [-0.0163,  0.1837, -0.1270],
        [-0.0855,  0.0034,  0.0496],
        [ 0.1221, -0.0815, -0.0165],
        [-0.0093, -0.0947,  0.0872],
        [ 0.0186,  0.2151, -0.1769],
        [ 0.0039,  0.0222, -0.0207],
        [ 0.1914,  0.0248, -0.1232]], device='cuda:0', requires_grad=True)
[034-050] Search: Model metrics  : loss=0.12, accuracy@1=95.98%, accuracy@5=99.97%, time-cost=5004.1 s
[034-050] Search: Architecture metrics  : loss=0.43, accuracy@1=86.62%, accuracy@5=99.47%
[034-050] Evaluation:  : loss=0.41, accuracy@1=87.16%, accuracy@5=99.46%
Benchmark Results for cifar10 -> train: 0.0, valid: 0.0, test: 93.62835316817952
alpha 0 is Parameter containing:
tensor([[ 0.5117, -0.1909, -0.1615],
        [ 0.4268, -0.1170, -0.1363],
        [ 0.3166, -0.1730, -0.0287],
        [ 0.5777, -0.1378, -0.2592],
        [ 1.0692, -0.0212, -0.6684],
        [ 0.6671, -0.1631, -0.3796],
        [ 0.6965, -0.1043, -0.4169],
        [ 0.8908, -0.0933, -0.4808],
        [ 1.1528, -0.2203, -0.6700],
        [ 0.6998, -0.0402, -0.5320],
        [ 1.0258, -0.1654, -0.6876],
        [ 1.2411, -0.0710, -0.8019],
        [ 1.4244, -0.2840, -0.9299],
        [ 1.5183, -0.5446, -0.8763]], device='cuda:0', requires_grad=True)
alpha 1 is Parameter containing:
tensor([[-0.0427, -0.0530,  0.0772],
        [-0.2148, -0.0801,  0.2012],
        [ 0.0400,  0.0357, -0.0540],
        [-0.1338, -0.0544,  0.1392],
        [ 0.0191,  0.0792, -0.0734],
        [ 0.0079, -0.0131,  0.0059],
        [ 0.0092, -0.1050,  0.0884],
        [-0.0222,  0.1927, -0.1317],
        [-0.0833,  0.0014,  0.0503],
        [ 0.1188, -0.0907, -0.0075],
        [-0.0135, -0.1057,  0.0990],
        [ 0.0175,  0.2179, -0.1791],
        [ 0.0226,  0.0259, -0.0336],
        [ 0.2065,  0.0242, -0.1319]], device='cuda:0', requires_grad=True)
[035-050] Search: Model metrics  : loss=0.11, accuracy@1=96.52%, accuracy@5=99.96%, time-cost=5152.3 s
[035-050] Search: Architecture metrics  : loss=0.43, accuracy@1=86.86%, accuracy@5=99.38%
[035-050] Evaluation:  : loss=0.39, accuracy@1=87.56%, accuracy@5=99.55%
<<<--->>> The 035-050-th epoch : found the highest validation accuracy : 87.56%.
Benchmark Results for cifar10 -> train: 0.0, valid: 0.0, test: 93.65501750189163
alpha 0 is Parameter containing:
tensor([[ 0.5245, -0.2010, -0.1623],
        [ 0.4439, -0.1119, -0.1511],
        [ 0.3461, -0.1756, -0.0454],
        [ 0.5936, -0.1292, -0.2786],
        [ 1.1151, -0.0134, -0.7089],
        [ 0.6952, -0.1734, -0.3969],
        [ 0.7315, -0.0964, -0.4534],
        [ 0.9398, -0.0923, -0.5180],
        [ 1.2028, -0.2361, -0.7046],
        [ 0.7385, -0.0477, -0.5630],
        [ 1.0592, -0.1737, -0.7151],
        [ 1.2936, -0.0745, -0.8464],
        [ 1.4874, -0.3031, -0.9812],
        [ 1.5751, -0.5773, -0.9192]], device='cuda:0', requires_grad=True)
alpha 1 is Parameter containing:
tensor([[-0.0418, -0.0458,  0.0708],
        [-0.2283, -0.0780,  0.2067],
        [ 0.0400,  0.0479, -0.0645],
        [-0.1385, -0.0525,  0.1404],
        [ 0.0215,  0.0887, -0.0825],
        [ 0.0124, -0.0129,  0.0028],
        [ 0.0095, -0.1167,  0.0977],
        [-0.0290,  0.1882, -0.1251],
        [-0.0920, -0.0011,  0.0564],
        [ 0.1308, -0.0887, -0.0177],
        [-0.0181, -0.0967,  0.0952],
        [ 0.0199,  0.2178, -0.1804],
        [ 0.0391,  0.0374, -0.0519],
        [ 0.2225,  0.0122, -0.1319]], device='cuda:0', requires_grad=True)
[036-050] Search: Model metrics  : loss=0.10, accuracy@1=96.87%, accuracy@5=99.98%, time-cost=5301.4 s
[036-050] Search: Architecture metrics  : loss=0.41, accuracy@1=87.39%, accuracy@5=99.43%
[036-050] Evaluation:  : loss=0.39, accuracy@1=87.57%, accuracy@5=99.44%
<<<--->>> The 036-050-th epoch : found the highest validation accuracy : 87.57%.
Benchmark Results for cifar10 -> train: 0.0, valid: 0.0, test: 93.61195429778942
alpha 0 is Parameter containing:
tensor([[ 0.5520, -0.1999, -0.1836],
        [ 0.4601, -0.1044, -0.1672],
        [ 0.3723, -0.1786, -0.0600],
        [ 0.6103, -0.1191, -0.2998],
        [ 1.1534, -0.0152, -0.7387],
        [ 0.7230, -0.1889, -0.4093],
        [ 0.7586, -0.0944, -0.4792],
        [ 0.9810, -0.0899, -0.5504],
        [ 1.2445, -0.2535, -0.7323],
        [ 0.7670, -0.0543, -0.5853],
        [ 1.0864, -0.1856, -0.7333],
        [ 1.3461, -0.0902, -0.8848],
        [ 1.5356, -0.3252, -1.0178],
        [ 1.6231, -0.5986, -0.9583]], device='cuda:0', requires_grad=True)
alpha 1 is Parameter containing:
tensor([[-0.0394, -0.0414,  0.0658],
        [-0.2401, -0.0673,  0.2039],
        [ 0.0450,  0.0674, -0.0844],
        [-0.1469, -0.0540,  0.1467],
        [ 0.0152,  0.0888, -0.0796],
        [ 0.0005, -0.0062,  0.0056],
        [ 0.0100, -0.1218,  0.1017],
        [-0.0187,  0.2010, -0.1408],
        [-0.0975,  0.0015,  0.0571],
        [ 0.1283, -0.0982, -0.0085],
        [-0.0037, -0.0925,  0.0822],
        [ 0.0266,  0.2316, -0.1951],
        [ 0.0310,  0.0489, -0.0573],
        [ 0.2288,  0.0135, -0.1372]], device='cuda:0', requires_grad=True)
[037-050] Search: Model metrics  : loss=0.09, accuracy@1=97.12%, accuracy@5=99.99%, time-cost=5447.9 s
[037-050] Search: Architecture metrics  : loss=0.41, accuracy@1=87.19%, accuracy@5=99.43%
[037-050] Evaluation:  : loss=0.39, accuracy@1=87.52%, accuracy@5=99.45%
Benchmark Results for cifar10 -> train: 0.0, valid: 0.0, test: 93.6444653680741
alpha 0 is Parameter containing:
tensor([[ 0.5681, -0.2058, -0.1908],
        [ 0.4920, -0.1098, -0.1842],
        [ 0.3897, -0.1780, -0.0725],
        [ 0.6321, -0.1173, -0.3188],
        [ 1.1915, -0.0191, -0.7676],
        [ 0.7561, -0.2069, -0.4251],
        [ 0.7937, -0.1010, -0.5063],
        [ 1.0222, -0.1093, -0.5727],
        [ 1.2933, -0.2744, -0.7655],
        [ 0.7901, -0.0550, -0.6091],
        [ 1.1265, -0.2062, -0.7567],
        [ 1.3979, -0.1097, -0.9217],
        [ 1.5709, -0.3421, -1.0447],
        [ 1.6810, -0.6238, -1.0062]], device='cuda:0', requires_grad=True)
alpha 1 is Parameter containing:
tensor([[-0.0431, -0.0249,  0.0547],
        [-0.2522, -0.0640,  0.2074],
        [ 0.0441,  0.0516, -0.0706],
        [-0.1440, -0.0485,  0.1405],
        [ 0.0127,  0.0976, -0.0858],
        [-0.0054, -0.0147,  0.0161],
        [ 0.0060, -0.1161,  0.0997],
        [-0.0117,  0.2070, -0.1493],
        [-0.0930,  0.0050,  0.0525],
        [ 0.1194, -0.0941, -0.0056],
        [ 0.0052, -0.0974,  0.0804],
        [ 0.0309,  0.2443, -0.2079],
        [ 0.0351,  0.0515, -0.0619],
        [ 0.2376,  0.0172, -0.1456]], device='cuda:0', requires_grad=True)
[038-050] Search: Model metrics  : loss=0.08, accuracy@1=97.62%, accuracy@5=99.98%, time-cost=5592.4 s
[038-050] Search: Architecture metrics  : loss=0.40, accuracy@1=87.56%, accuracy@5=99.47%
[038-050] Evaluation:  : loss=0.38, accuracy@1=88.08%, accuracy@5=99.53%
<<<--->>> The 038-050-th epoch : found the highest validation accuracy : 88.08%.
Benchmark Results for cifar10 -> train: 0.0, valid: 0.0, test: 93.65407418293982
alpha 0 is Parameter containing:
tensor([[ 0.5897, -0.2116, -0.2023],
        [ 0.5120, -0.1054, -0.2010],
        [ 0.4079, -0.1797, -0.0833],
        [ 0.6440, -0.1234, -0.3239],
        [ 1.2243, -0.0311, -0.7889],
        [ 0.7957, -0.2180, -0.4548],
        [ 0.8175, -0.1040, -0.5263],
        [ 1.0639, -0.1174, -0.6017],
        [ 1.3282, -0.2824, -0.7930],
        [ 0.8220, -0.0658, -0.6310],
        [ 1.1643, -0.2115, -0.7914],
        [ 1.4392, -0.1269, -0.9509],
        [ 1.6158, -0.3584, -1.0810],
        [ 1.7282, -0.6553, -1.0417]], device='cuda:0', requires_grad=True)
alpha 1 is Parameter containing:
tensor([[-0.0400, -0.0315,  0.0583],
        [-0.2624, -0.0512,  0.2019],
        [ 0.0465,  0.0464, -0.0680],
        [-0.1468, -0.0514,  0.1450],
        [ 0.0252,  0.1083, -0.1011],
        [-0.0179, -0.0099,  0.0209],
        [-0.0005, -0.1136,  0.1019],
        [-0.0150,  0.2155, -0.1551],
        [-0.0853,  0.0067,  0.0479],
        [ 0.1196, -0.0936, -0.0063],
        [ 0.0027, -0.1029,  0.0865],
        [ 0.0325,  0.2462, -0.2107],
        [ 0.0420,  0.0456, -0.0607],
        [ 0.2541,  0.0172, -0.1556]], device='cuda:0', requires_grad=True)
[039-050] Search: Model metrics  : loss=0.08, accuracy@1=97.92%, accuracy@5=99.99%, time-cost=5736.7 s
[039-050] Search: Architecture metrics  : loss=0.40, accuracy@1=87.57%, accuracy@5=99.49%
[039-050] Evaluation:  : loss=0.37, accuracy@1=88.23%, accuracy@5=99.54%
<<<--->>> The 039-050-th epoch : found the highest validation accuracy : 88.23%.
Benchmark Results for cifar10 -> train: 0.0, valid: 0.0, test: 93.11523889363397
alpha 0 is Parameter containing:
tensor([[ 0.6047, -0.2083, -0.2169],
        [ 0.5326, -0.1087, -0.2122],
        [ 0.4168, -0.1761, -0.0929],
        [ 0.6698, -0.1366, -0.3342],
        [ 1.2662, -0.0446, -0.8175],
        [ 0.8197, -0.2293, -0.4680],
        [ 0.8511, -0.1153, -0.5490],
        [ 1.1024, -0.1303, -0.6264],
        [ 1.3623, -0.2971, -0.8172],
        [ 0.8491, -0.0712, -0.6539],
        [ 1.2051, -0.2267, -0.8208],
        [ 1.4889, -0.1427, -0.9883],
        [ 1.6681, -0.3793, -1.1226],
        [ 1.7749, -0.6842, -1.0782]], device='cuda:0', requires_grad=True)
alpha 1 is Parameter containing:
tensor([[-0.0401, -0.0309,  0.0580],
        [-0.2716, -0.0474,  0.2036],
        [ 0.0533,  0.0643, -0.0878],
        [-0.1563, -0.0432,  0.1437],
        [ 0.0203,  0.1122, -0.1021],
        [-0.0183, -0.0114,  0.0223],
        [-0.0125, -0.1133,  0.1097],
        [-0.0090,  0.2347, -0.1740],
        [-0.0974,  0.0088,  0.0519],
        [ 0.1287, -0.0990, -0.0085],
        [ 0.0097, -0.0979,  0.0778],
        [ 0.0435,  0.2405, -0.2116],
        [ 0.0382,  0.0529, -0.0650],
        [ 0.2642,  0.0180, -0.1625]], device='cuda:0', requires_grad=True)
[040-050] Search: Model metrics  : loss=0.07, accuracy@1=98.11%, accuracy@5=99.99%, time-cost=5881.0 s
[040-050] Search: Architecture metrics  : loss=0.39, accuracy@1=87.62%, accuracy@5=99.49%
[040-050] Evaluation:  : loss=0.37, accuracy@1=88.36%, accuracy@5=99.49%
<<<--->>> The 040-050-th epoch : found the highest validation accuracy : 88.36%.
Benchmark Results for cifar10 -> train: 0.0, valid: 0.0, test: 93.6297053380718
alpha 0 is Parameter containing:
tensor([[ 0.6247, -0.2234, -0.2193],
        [ 0.5415, -0.1083, -0.2188],
        [ 0.4391, -0.1834, -0.1015],
        [ 0.6873, -0.1403, -0.3451],
        [ 1.2974, -0.0468, -0.8435],
        [ 0.8547, -0.2436, -0.4889],
        [ 0.8842, -0.1133, -0.5821],
        [ 1.1299, -0.1338, -0.6470],
        [ 1.4045, -0.3054, -0.8516],
        [ 0.8827, -0.0816, -0.6790],
        [ 1.2287, -0.2344, -0.8390],
        [ 1.5240, -0.1597, -1.0124],
        [ 1.7014, -0.3918, -1.1500],
        [ 1.8168, -0.7059, -1.1127]], device='cuda:0', requires_grad=True)
alpha 1 is Parameter containing:
tensor([[-0.0247, -0.0198,  0.0395],
        [-0.2900, -0.0510,  0.2163],
        [ 0.0616,  0.0488, -0.0804],
        [-0.1555, -0.0442,  0.1444],
        [ 0.0246,  0.1208, -0.1117],
        [-0.0152, -0.0125,  0.0211],
        [-0.0138, -0.1056,  0.1041],
        [-0.0138,  0.2416, -0.1776],
        [-0.0927,  0.0067,  0.0515],
        [ 0.1210, -0.1071,  0.0028],
        [-0.0029, -0.0926,  0.0821],
        [ 0.0460,  0.2327, -0.2067],
        [ 0.0426,  0.0451, -0.0609],
        [ 0.2770,  0.0156, -0.1686]], device='cuda:0', requires_grad=True)
[041-050] Search: Model metrics  : loss=0.07, accuracy@1=98.29%, accuracy@5=100.00%, time-cost=6025.2 s
[041-050] Search: Architecture metrics  : loss=0.39, accuracy@1=87.59%, accuracy@5=99.44%
[041-050] Evaluation:  : loss=0.36, accuracy@1=88.61%, accuracy@5=99.54%
<<<--->>> The 041-050-th epoch : found the highest validation accuracy : 88.61%.
Benchmark Results for cifar10 -> train: 0.0, valid: 0.0, test: 93.18807548399583
alpha 0 is Parameter containing:
tensor([[ 0.6441, -0.2240, -0.2340],
        [ 0.5581, -0.1178, -0.2227],
        [ 0.4613, -0.1883, -0.1123],
        [ 0.7116, -0.1507, -0.3555],
        [ 1.3287, -0.0571, -0.8654],
        [ 0.8837, -0.2543, -0.5085],
        [ 0.9125, -0.1150, -0.6087],
        [ 1.1647, -0.1478, -0.6680],
        [ 1.4467, -0.3209, -0.8826],
        [ 0.8980, -0.0856, -0.6919],
        [ 1.2562, -0.2477, -0.8557],
        [ 1.5597, -0.1712, -1.0401],
        [ 1.7495, -0.4010, -1.1945],
        [ 1.8550, -0.7263, -1.1440]], device='cuda:0', requires_grad=True)
alpha 1 is Parameter containing:
tensor([[-0.0230, -0.0205,  0.0391],
        [-0.3047, -0.0558,  0.2280],
        [ 0.0768,  0.0538, -0.0954],
        [-0.1627, -0.0467,  0.1512],
        [ 0.0155,  0.1269, -0.1125],
        [-0.0061, -0.0146,  0.0167],
        [-0.0229, -0.0920,  0.0986],
        [-0.0171,  0.2334, -0.1695],
        [-0.0918,  0.0089,  0.0496],
        [ 0.1227, -0.1098,  0.0036],
        [-0.0113, -0.0825,  0.0796],
        [ 0.0588,  0.2455, -0.2238],
        [ 0.0419,  0.0428, -0.0588],
        [ 0.2981,  0.0141, -0.1800]], device='cuda:0', requires_grad=True)
[042-050] Search: Model metrics  : loss=0.06, accuracy@1=98.37%, accuracy@5=100.00%, time-cost=6173.9 s
[042-050] Search: Architecture metrics  : loss=0.38, accuracy@1=87.73%, accuracy@5=99.49%
[042-050] Evaluation:  : loss=0.37, accuracy@1=88.35%, accuracy@5=99.51%
Benchmark Results for cifar10 -> train: 0.0, valid: 0.0, test: 93.17644188370939
alpha 0 is Parameter containing:
tensor([[ 0.6634, -0.2360, -0.2387],
        [ 0.5723, -0.1259, -0.2263],
        [ 0.4833, -0.2035, -0.1137],
        [ 0.7222, -0.1516, -0.3635],
        [ 1.3574, -0.0640, -0.8873],
        [ 0.9096, -0.2713, -0.5178],
        [ 0.9416, -0.1300, -0.6254],
        [ 1.2005, -0.1534, -0.6944],
        [ 1.4723, -0.3378, -0.8986],
        [ 0.9220, -0.0960, -0.7073],
        [ 1.2796, -0.2630, -0.8663],
        [ 1.6017, -0.1809, -1.0747],
        [ 1.7763, -0.4156, -1.2146],
        [ 1.8882, -0.7430, -1.1714]], device='cuda:0', requires_grad=True)
alpha 1 is Parameter containing:
tensor([[-0.0229, -0.0143,  0.0339],
        [-0.3043, -0.0490,  0.2225],
        [ 0.0750,  0.0382, -0.0809],
        [-0.1711, -0.0368,  0.1475],
        [ 0.0149,  0.1231, -0.1092],
        [-0.0049, -0.0172,  0.0179],
        [-0.0327, -0.0919,  0.1051],
        [-0.0076,  0.2427, -0.1821],
        [-0.1014,  0.0056,  0.0567],
        [ 0.1315, -0.1142,  0.0006],
        [-0.0067, -0.0754,  0.0710],
        [ 0.0670,  0.2453, -0.2280],
        [ 0.0412,  0.0476, -0.0625],
        [ 0.3010,  0.0172, -0.1848]], device='cuda:0', requires_grad=True)
[043-050] Search: Model metrics  : loss=0.06, accuracy@1=98.64%, accuracy@5=100.00%, time-cost=6321.8 s
[043-050] Search: Architecture metrics  : loss=0.38, accuracy@1=88.06%, accuracy@5=99.52%
[043-050] Evaluation:  : loss=0.36, accuracy@1=88.64%, accuracy@5=99.50%
<<<--->>> The 043-050-th epoch : found the highest validation accuracy : 88.64%.
Benchmark Results for cifar10 -> train: 0.0, valid: 0.0, test: 93.16709323978391
alpha 0 is Parameter containing:
tensor([[ 0.6830, -0.2445, -0.2471],
        [ 0.5862, -0.1303, -0.2325],
        [ 0.5044, -0.2093, -0.1238],
        [ 0.7384, -0.1520, -0.3765],
        [ 1.3927, -0.0616, -0.9196],
        [ 0.9396, -0.2934, -0.5257],
        [ 0.9604, -0.1338, -0.6417],
        [ 1.2387, -0.1547, -0.7253],
        [ 1.5034, -0.3557, -0.9193],
        [ 0.9431, -0.1008, -0.7257],
        [ 1.3021, -0.2830, -0.8715],
        [ 1.6363, -0.1962, -1.1002],
        [ 1.8139, -0.4322, -1.2449],
        [ 1.9203, -0.7587, -1.1979]], device='cuda:0', requires_grad=True)
alpha 1 is Parameter containing:
tensor([[-0.0232, -0.0234,  0.0419],
        [-0.3168, -0.0509,  0.2306],
        [ 0.0623,  0.0363, -0.0707],
        [-0.1740, -0.0301,  0.1434],
        [ 0.0055,  0.1264, -0.1075],
        [-0.0005, -0.0191,  0.0164],
        [-0.0391, -0.0912,  0.1089],
        [ 0.0018,  0.2569, -0.1987],
        [-0.1067,  0.0194,  0.0488],
        [ 0.1380, -0.1118, -0.0058],
        [-0.0060, -0.0843,  0.0775],
        [ 0.0664,  0.2447, -0.2277],
        [ 0.0419,  0.0576, -0.0714],
        [ 0.3318,  0.0151, -0.2019]], device='cuda:0', requires_grad=True)
[044-050] Search: Model metrics  : loss=0.06, accuracy@1=98.61%, accuracy@5=100.00%, time-cost=6465.9 s
[044-050] Search: Architecture metrics  : loss=0.37, accuracy@1=88.07%, accuracy@5=99.54%
[044-050] Evaluation:  : loss=0.36, accuracy@1=88.48%, accuracy@5=99.56%
Benchmark Results for cifar10 -> train: 0.0, valid: 0.0, test: 93.1589931625521
alpha 0 is Parameter containing:
tensor([[ 0.6918, -0.2489, -0.2506],
        [ 0.6003, -0.1225, -0.2485],
        [ 0.5180, -0.2074, -0.1359],
        [ 0.7630, -0.1522, -0.3963],
        [ 1.4091, -0.0595, -0.9362],
        [ 0.9671, -0.3003, -0.5478],
        [ 0.9866, -0.1293, -0.6732],
        [ 1.2617, -0.1504, -0.7473],
        [ 1.5266, -0.3629, -0.9375],
        [ 0.9634, -0.1041, -0.7448],
        [ 1.3371, -0.2972, -0.8966],
        [ 1.6658, -0.2082, -1.1232],
        [ 1.8412, -0.4404, -1.2699],
        [ 1.9617, -0.7777, -1.2327]], device='cuda:0', requires_grad=True)
alpha 1 is Parameter containing:
tensor([[-0.0294, -0.0242,  0.0463],
        [-0.3097, -0.0476,  0.2249],
        [ 0.0535,  0.0396, -0.0676],
        [-0.1771, -0.0230,  0.1392],
        [ 0.0084,  0.1326, -0.1142],
        [-0.0071, -0.0213,  0.0226],
        [-0.0329, -0.0873,  0.1015],
        [ 0.0149,  0.2582, -0.2065],
        [-0.1029,  0.0302,  0.0389],
        [ 0.1420, -0.1093, -0.0104],
        [-0.0138, -0.0781,  0.0780],
        [ 0.0694,  0.2368, -0.2230],
        [ 0.0293,  0.0648, -0.0707],
        [ 0.3394,  0.0124, -0.2050]], device='cuda:0', requires_grad=True)
[045-050] Search: Model metrics  : loss=0.06, accuracy@1=98.66%, accuracy@5=100.00%, time-cost=6609.9 s
[045-050] Search: Architecture metrics  : loss=0.37, accuracy@1=88.12%, accuracy@5=99.48%
[045-050] Evaluation:  : loss=0.35, accuracy@1=88.52%, accuracy@5=99.46%
Benchmark Results for cifar10 -> train: 0.0, valid: 0.0, test: 93.68118064069611
alpha 0 is Parameter containing:
tensor([[ 0.7117, -0.2594, -0.2580],
        [ 0.6192, -0.1280, -0.2576],
        [ 0.5373, -0.2151, -0.1431],
        [ 0.7899, -0.1543, -0.4167],
        [ 1.4287, -0.0797, -0.9438],
        [ 0.9786, -0.3007, -0.5603],
        [ 1.0041, -0.1310, -0.6902],
        [ 1.2770, -0.1627, -0.7550],
        [ 1.5614, -0.3657, -0.9681],
        [ 0.9918, -0.1119, -0.7677],
        [ 1.3531, -0.3038, -0.9082],
        [ 1.6995, -0.2172, -1.1521],
        [ 1.8703, -0.4504, -1.2955],
        [ 1.9928, -0.7933, -1.2584]], device='cuda:0', requires_grad=True)
alpha 1 is Parameter containing:
tensor([[-3.0100e-02, -3.0689e-02,  5.2300e-02],
        [-3.1224e-01, -5.0721e-02,  2.2939e-01],
        [ 5.9554e-02,  4.0083e-02, -7.2320e-02],
        [-1.8181e-01, -9.5620e-03,  1.3012e-01],
        [-2.3998e-04,  1.2778e-01, -1.0599e-01],
        [ 4.7923e-03, -2.4215e-02,  1.6832e-02],
        [-3.9209e-02, -8.2339e-02,  1.0143e-01],
        [ 1.7040e-02,  2.5469e-01, -2.0489e-01],
        [-1.1322e-01,  3.0018e-02,  4.3887e-02],
        [ 1.4315e-01, -1.1222e-01, -9.0300e-03],
        [-1.4320e-02, -7.7678e-02,  7.8040e-02],
        [ 7.2288e-02,  2.3245e-01, -2.2119e-01],
        [ 3.6879e-02,  6.8914e-02, -7.8375e-02],
        [ 3.5506e-01,  7.2333e-03, -2.1111e-01]], device='cuda:0',
       requires_grad=True)
[046-050] Search: Model metrics  : loss=0.06, accuracy@1=98.96%, accuracy@5=100.00%, time-cost=6754.2 s
[046-050] Search: Architecture metrics  : loss=0.38, accuracy@1=87.93%, accuracy@5=99.44%
[046-050] Evaluation:  : loss=0.35, accuracy@1=88.70%, accuracy@5=99.48%
<<<--->>> The 046-050-th epoch : found the highest validation accuracy : 88.70%.
Benchmark Results for cifar10 -> train: 0.0, valid: 0.0, test: 93.62537626725312
alpha 0 is Parameter containing:
tensor([[ 0.7272, -0.2707, -0.2614],
        [ 0.6291, -0.1314, -0.2623],
        [ 0.5640, -0.2174, -0.1609],
        [ 0.8054, -0.1526, -0.4315],
        [ 1.4507, -0.0820, -0.9632],
        [ 1.0075, -0.3118, -0.5798],
        [ 1.0220, -0.1320, -0.7087],
        [ 1.2990, -0.1712, -0.7703],
        [ 1.5892, -0.3822, -0.9871],
        [ 1.0183, -0.1280, -0.7793],
        [ 1.3716, -0.3126, -0.9204],
        [ 1.7291, -0.2272, -1.1766],
        [ 1.9067, -0.4664, -1.3255],
        [ 2.0185, -0.8061, -1.2797]], device='cuda:0', requires_grad=True)
alpha 1 is Parameter containing:
tensor([[-2.4117e-02, -2.8378e-02,  4.6785e-02],
        [-3.2162e-01, -5.1895e-02,  2.3533e-01],
        [ 7.2144e-02,  4.5239e-02, -8.5495e-02],
        [-1.8068e-01, -2.7531e-04,  1.2147e-01],
        [ 2.0938e-03,  1.2736e-01, -1.0686e-01],
        [-2.7786e-03, -2.1931e-02,  2.0176e-02],
        [-4.8885e-02, -8.3333e-02,  1.0861e-01],
        [ 1.2807e-02,  2.4734e-01, -1.9682e-01],
        [-1.1307e-01,  2.3623e-02,  4.8918e-02],
        [ 1.5439e-01, -1.2716e-01, -5.4177e-03],
        [-2.5631e-02, -6.1337e-02,  7.2470e-02],
        [ 7.5554e-02,  2.3944e-01, -2.2910e-01],
        [ 5.2415e-02,  6.2991e-02, -8.2082e-02],
        [ 3.6606e-01,  7.1399e-03, -2.1861e-01]], device='cuda:0',
       requires_grad=True)
[047-050] Search: Model metrics  : loss=0.06, accuracy@1=98.94%, accuracy@5=100.00%, time-cost=6898.5 s
[047-050] Search: Architecture metrics  : loss=0.38, accuracy@1=87.81%, accuracy@5=99.44%
[047-050] Evaluation:  : loss=0.35, accuracy@1=88.62%, accuracy@5=99.52%
Benchmark Results for cifar10 -> train: 0.0, valid: 0.0, test: 93.11897625798186
alpha 0 is Parameter containing:
tensor([[ 0.7429, -0.2714, -0.2744],
        [ 0.6431, -0.1297, -0.2739],
        [ 0.5815, -0.2260, -0.1665],
        [ 0.8230, -0.1566, -0.4434],
        [ 1.4616, -0.0955, -0.9673],
        [ 1.0356, -0.3174, -0.6045],
        [ 1.0415, -0.1366, -0.7259],
        [ 1.3282, -0.1802, -0.7917],
        [ 1.6220, -0.3871, -1.0153],
        [ 1.0446, -0.1383, -0.7982],
        [ 1.3992, -0.3335, -0.9309],
        [ 1.7517, -0.2449, -1.1903],
        [ 1.9318, -0.4820, -1.3441],
        [ 2.0506, -0.8336, -1.3027]], device='cuda:0', requires_grad=True)
alpha 1 is Parameter containing:
tensor([[-1.2179e-02, -2.4509e-02,  3.6337e-02],
        [-3.3565e-01, -5.1816e-02,  2.4253e-01],
        [ 7.4534e-02,  5.7945e-02, -9.8389e-02],
        [-1.8129e-01,  5.0381e-04,  1.2144e-01],
        [-4.3399e-03,  1.2846e-01, -1.0476e-01],
        [-2.5465e-04, -2.2359e-02,  1.8851e-02],
        [-5.1038e-02, -8.3095e-02,  1.0992e-01],
        [ 1.0802e-02,  2.4902e-01, -1.9752e-01],
        [-1.2004e-01,  2.3608e-02,  5.2294e-02],
        [ 1.6554e-01, -1.2126e-01, -1.7527e-02],
        [-2.8909e-02, -6.1306e-02,  7.4825e-02],
        [ 7.6317e-02,  2.2930e-01, -2.2150e-01],
        [ 5.5496e-02,  6.7114e-02, -8.7467e-02],
        [ 3.7277e-01,  7.0911e-03, -2.2348e-01]], device='cuda:0',
       requires_grad=True)
[048-050] Search: Model metrics  : loss=0.06, accuracy@1=98.98%, accuracy@5=100.00%, time-cost=7042.4 s
[048-050] Search: Architecture metrics  : loss=0.36, accuracy@1=88.41%, accuracy@5=99.48%
[048-050] Evaluation:  : loss=0.35, accuracy@1=88.64%, accuracy@5=99.54%
Benchmark Results for cifar10 -> train: 0.0, valid: 0.0, test: 93.6142198224316
alpha 0 is Parameter containing:
tensor([[ 0.7595, -0.2832, -0.2782],
        [ 0.6603, -0.1397, -0.2788],
        [ 0.5919, -0.2342, -0.1669],
        [ 0.8391, -0.1658, -0.4494],
        [ 1.4814, -0.1111, -0.9783],
        [ 1.0667, -0.3333, -0.6215],
        [ 1.0500, -0.1430, -0.7299],
        [ 1.3486, -0.1912, -0.8050],
        [ 1.6431, -0.3938, -1.0325],
        [ 1.0801, -0.1553, -0.8206],
        [ 1.4147, -0.3558, -0.9261],
        [ 1.7737, -0.2711, -1.1991],
        [ 1.9496, -0.4941, -1.3569],
        [ 2.0688, -0.8516, -1.3147]], device='cuda:0', requires_grad=True)
alpha 1 is Parameter containing:
tensor([[-0.0181, -0.0236,  0.0393],
        [-0.3374, -0.0521,  0.2441],
        [ 0.0721,  0.0606, -0.0992],
        [-0.1842,  0.0008,  0.1232],
        [-0.0089,  0.1353, -0.1084],
        [ 0.0019, -0.0237,  0.0185],
        [-0.0503, -0.0764,  0.1039],
        [ 0.0069,  0.2553, -0.2012],
        [-0.1213,  0.0225,  0.0539],
        [ 0.1685, -0.1196, -0.0210],
        [-0.0253, -0.0672,  0.0772],
        [ 0.0761,  0.2400, -0.2309],
        [ 0.0449,  0.0713, -0.0854],
        [ 0.3830,  0.0098, -0.2329]], device='cuda:0', requires_grad=True)
[049-050] Search: Model metrics  : loss=0.06, accuracy@1=99.06%, accuracy@5=100.00%, time-cost=7186.7 s
[049-050] Search: Architecture metrics  : loss=0.36, accuracy@1=88.32%, accuracy@5=99.50%
[049-050] Evaluation:  : loss=0.35, accuracy@1=88.79%, accuracy@5=99.52%
<<<--->>> The 049-050-th epoch : found the highest validation accuracy : 88.79%.
Benchmark Results for cifar10 -> train: 0.0, valid: 0.0, test: 93.63049722941138
alpha 0 is Parameter containing:
tensor([[ 0.7674, -0.2913, -0.2782],
        [ 0.6826, -0.1439, -0.2917],
        [ 0.6076, -0.2423, -0.1712],
        [ 0.8624, -0.1736, -0.4626],
        [ 1.4956, -0.1234, -0.9862],
        [ 1.0963, -0.3420, -0.6444],
        [ 1.0718, -0.1539, -0.7444],
        [ 1.3632, -0.2101, -0.8094],
        [ 1.6595, -0.4105, -1.0416],
        [ 1.1009, -0.1635, -0.8364],
        [ 1.4381, -0.3723, -0.9368],
        [ 1.7875, -0.2863, -1.2059],
        [ 1.9644, -0.5034, -1.3680],
        [ 2.0941, -0.8632, -1.3358]], device='cuda:0', requires_grad=True)
alpha 1 is Parameter containing:
tensor([[-0.0115, -0.0350,  0.0450],
        [-0.3406, -0.0507,  0.2451],
        [ 0.0662,  0.0718, -0.1052],
        [-0.1837, -0.0019,  0.1257],
        [-0.0085,  0.1320, -0.1059],
        [ 0.0055, -0.0146,  0.0091],
        [-0.0549, -0.0818,  0.1115],
        [ 0.0109,  0.2443, -0.1941],
        [-0.1283,  0.0253,  0.0552],
        [ 0.1660, -0.1269, -0.0138],
        [-0.0262, -0.0580,  0.0707],
        [ 0.0826,  0.2421, -0.2365],
        [ 0.0567,  0.0791, -0.0986],
        [ 0.3886,  0.0071, -0.2350]], device='cuda:0', requires_grad=True)
[050-050] Search: Model metrics  : loss=0.06, accuracy@1=98.87%, accuracy@5=100.00%, time-cost=7330.8 s
[050-050] Search: Architecture metrics  : loss=0.37, accuracy@1=88.28%, accuracy@5=99.44%
[050-050] Evaluation:  : loss=0.34, accuracy@1=88.82%, accuracy@5=99.52%
<<<--->>> The 050-050-th epoch : found the highest validation accuracy : 88.82%.
Benchmark Results for cifar10 -> train: 0.0, valid: 0.0, test: 93.34671868939479
alpha 0 is Parameter containing:
tensor([[ 0.7940, -0.3004, -0.2931],
        [ 0.6966, -0.1518, -0.2963],
        [ 0.6284, -0.2482, -0.1814],
        [ 0.8785, -0.1827, -0.4689],
        [ 1.5124, -0.1409, -0.9941],
        [ 1.1146, -0.3389, -0.6686],
        [ 1.0928, -0.1685, -0.7546],
        [ 1.3751, -0.2150, -0.8187],
        [ 1.6706, -0.4183, -1.0495],
        [ 1.1186, -0.1693, -0.8515],
        [ 1.4624, -0.3879, -0.9499],
        [ 1.8015, -0.2996, -1.2139],
        [ 1.9795, -0.5078, -1.3821],
        [ 2.1080, -0.8695, -1.3472]], device='cuda:0', requires_grad=True)
alpha 1 is Parameter containing:
tensor([[-0.0097, -0.0331,  0.0423],
        [-0.3450, -0.0514,  0.2483],
        [ 0.0636,  0.0741, -0.1055],
        [-0.1921,  0.0070,  0.1228],
        [-0.0090,  0.1212, -0.0965],
        [ 0.0025, -0.0193,  0.0147],
        [-0.0573, -0.0891,  0.1194],
        [ 0.0135,  0.2523, -0.2025],
        [-0.1357,  0.0316,  0.0538],
        [ 0.1732, -0.1193, -0.0247],
        [-0.0220, -0.0533,  0.0644],
        [ 0.0850,  0.2439, -0.2397],
        [ 0.0570,  0.0955, -0.1128],
        [ 0.3963,  0.0116, -0.2442]], device='cuda:0', requires_grad=True)
