Training the supernet with the following configuration: 
{
  "sampler": {
    "sample_frequency": "step"
  },
  "perturbator": null,
  "partial_connector": null,
  "dropout": {
    "p": 0.0,
    "p_min": 0.0,
    "anneal_frequency": "epoch",
    "anneal_type": "linear",
    "max_iter": 50
  },
  "trainer": {
    "lr": 0.025,
    "arch_lr": 0.0003,
    "epochs": 50,
    "lora_warm_epochs": 10,
    "optim": "sgd",
    "arch_optim": "adam",
    "optim_config": {
      "momentum": 0.9,
      "nesterov": 0,
      "weight_decay": 0.0003
    },
    "arch_optim_config": {
      "betas": [
        0.5,
        0.999
      ],
      "weight_decay": 0.001
    },
    "scheduler": "cosine_annealing_lr",
    "criterion": "cross_entropy",
    "batch_size": 64,
    "learning_rate_min": 0.001,
    "cutout": -1,
    "cutout_length": 16,
    "train_portion": 0.5,
    "use_data_parallel": false,
    "checkpointing_freq": 1,
    "seed": 100
  },
  "lora": {
    "r": 1,
    "lora_dropout": 0,
    "lora_alpha": 1,
    "merge_weights": true
  },
  "lora_extra": {
    "toggle_epochs": null,
    "warm_epochs": 10,
    "toggle_probability": null
  },
  "sampler_type": "darts",
  "searchspace_str": "robust_darts",
  "weight_type": "weight_sharing",
  "oles": {
    "oles": false,
    "calc_gm_score": false
  },
  "search_space": {
    "num_classes": 10,
    "space": "s3"
  },
  "project_name": "LoRA-robust-darts",
  "experiment_type": "lora",
  "seed": 1
}
[001-050] Search: Model metrics  : loss=1.63, accuracy@1=39.05%, accuracy@5=88.67%, time-cost=94.8 s
[001-050] Evaluation:  : loss=2.13, accuracy@1=34.49%, accuracy@5=90.06%
[001-050] Layer Alignment score:  normal: 0.0000, reduce: 0.0000
<<<--->>> The 001-050-th epoch : found the highest validation accuracy : 34.49%.
[002-050] Search: Model metrics  : loss=1.19, accuracy@1=56.47%, accuracy@5=95.29%, time-cost=186.7 s
[002-050] Evaluation:  : loss=1.22, accuracy@1=55.82%, accuracy@5=94.71%
[002-050] Layer Alignment score:  normal: 0.0000, reduce: 0.0000
<<<--->>> The 002-050-th epoch : found the highest validation accuracy : 55.82%.
[003-050] Search: Model metrics  : loss=1.00, accuracy@1=64.38%, accuracy@5=96.88%, time-cost=278.7 s
[003-050] Evaluation:  : loss=1.06, accuracy@1=62.64%, accuracy@5=96.78%
[003-050] Layer Alignment score:  normal: 0.0000, reduce: 0.0000
<<<--->>> The 003-050-th epoch : found the highest validation accuracy : 62.64%.
[004-050] Search: Model metrics  : loss=0.87, accuracy@1=69.20%, accuracy@5=97.73%, time-cost=370.6 s
[004-050] Evaluation:  : loss=0.94, accuracy@1=65.86%, accuracy@5=97.69%
[004-050] Layer Alignment score:  normal: 0.0000, reduce: 0.0000
<<<--->>> The 004-050-th epoch : found the highest validation accuracy : 65.86%.
[005-050] Search: Model metrics  : loss=0.77, accuracy@1=72.71%, accuracy@5=98.15%, time-cost=462.6 s
[005-050] Evaluation:  : loss=0.80, accuracy@1=72.23%, accuracy@5=97.93%
[005-050] Layer Alignment score:  normal: 0.0000, reduce: 0.0000
<<<--->>> The 005-050-th epoch : found the highest validation accuracy : 72.23%.
[006-050] Search: Model metrics  : loss=0.70, accuracy@1=75.48%, accuracy@5=98.57%, time-cost=554.4 s
[006-050] Evaluation:  : loss=0.85, accuracy@1=71.24%, accuracy@5=98.08%
[006-050] Layer Alignment score:  normal: 0.0000, reduce: 0.0000
[007-050] Search: Model metrics  : loss=0.63, accuracy@1=77.94%, accuracy@5=98.81%, time-cost=645.8 s
[007-050] Evaluation:  : loss=0.81, accuracy@1=72.15%, accuracy@5=97.79%
[007-050] Layer Alignment score:  normal: 0.0000, reduce: 0.0000
[008-050] Search: Model metrics  : loss=0.59, accuracy@1=79.39%, accuracy@5=98.78%, time-cost=737.5 s
[008-050] Evaluation:  : loss=0.71, accuracy@1=75.52%, accuracy@5=98.68%
[008-050] Layer Alignment score:  normal: 0.0000, reduce: 0.0000
<<<--->>> The 008-050-th epoch : found the highest validation accuracy : 75.52%.
[009-050] Search: Model metrics  : loss=0.56, accuracy@1=80.58%, accuracy@5=99.06%, time-cost=828.9 s
[009-050] Evaluation:  : loss=0.71, accuracy@1=75.19%, accuracy@5=98.48%
[009-050] Layer Alignment score:  normal: 0.0000, reduce: 0.0000
[010-050] Search: Model metrics  : loss=0.51, accuracy@1=82.02%, accuracy@5=99.14%, time-cost=920.1 s
[010-050] Evaluation:  : loss=0.65, accuracy@1=77.78%, accuracy@5=98.75%
[010-050] Layer Alignment score:  normal: 0.0000, reduce: 0.0000
<<<--->>> The 010-050-th epoch : found the highest validation accuracy : 77.78%.
The searchspace has been warm started with 10 epochs
LoRA layers have been initialized for all operations with Conv2DLoRA module
[011-050] Search: Model metrics  : loss=0.43, accuracy@1=84.89%, accuracy@5=99.38%, time-cost=1124.8 s
[011-050] Search: Architecture metrics  : loss=0.55, accuracy@1=81.05%, accuracy@5=98.95%
[011-050] Evaluation:  : loss=0.51, accuracy@1=82.59%, accuracy@5=99.06%
[011-050] Layer Alignment score:  normal: 0.0000, reduce: 0.0000
<<<--->>> The 011-050-th epoch : found the highest validation accuracy : 82.59%.
alpha 0 is Parameter containing:
tensor([[-0.0113,  0.0069, -0.0013],
        [ 0.0330,  0.0025, -0.0181],
        [-0.0030, -0.0107,  0.0117],
        [ 0.0264,  0.0030, -0.0161],
        [ 0.0254, -0.0026, -0.0111],
        [ 0.0090, -0.0217,  0.0126],
        [ 0.0426, -0.0037, -0.0259],
        [ 0.0306, -0.0202,  0.0002],
        [ 0.0474, -0.0217, -0.0088],
        [ 0.0063, -0.0162,  0.0080],
        [ 0.0344, -0.0021, -0.0195],
        [ 0.0217, -0.0120, -0.0041],
        [ 0.0160, -0.0257,  0.0112],
        [ 0.0387, -0.0366,  0.0102]], device='cuda:0', requires_grad=True)
alpha 1 is Parameter containing:
tensor([[ 0.0097,  0.0140, -0.0162],
        [ 0.0013, -0.0015,  0.0013],
        [ 0.0016, -0.0045,  0.0026],
        [-0.0260, -0.0012,  0.0143],
        [ 0.0170, -0.0057, -0.0045],
        [ 0.0134,  0.0074, -0.0124],
        [-0.0157, -0.0096,  0.0204],
        [ 0.0077, -0.0183,  0.0120],
        [ 0.0007,  0.0066, -0.0052],
        [-0.0060, -0.0096,  0.0107],
        [-0.0116,  0.0036,  0.0051],
        [-0.0010,  0.0038, -0.0011],
        [ 0.0094,  0.0250, -0.0224],
        [-0.0031,  0.0135, -0.0116]], device='cuda:0', requires_grad=True)
[012-050] Search: Model metrics  : loss=0.40, accuracy@1=86.14%, accuracy@5=99.46%, time-cost=1329.8 s
[012-050] Search: Architecture metrics  : loss=0.52, accuracy@1=82.18%, accuracy@5=99.06%
[012-050] Evaluation:  : loss=0.50, accuracy@1=83.20%, accuracy@5=99.16%
[012-050] Layer Alignment score:  normal: 0.0000, reduce: 0.0000
<<<--->>> The 012-050-th epoch : found the highest validation accuracy : 83.20%.
alpha 0 is Parameter containing:
tensor([[-0.0129,  0.0088, -0.0022],
        [ 0.0503, -0.0047, -0.0218],
        [-0.0057, -0.0263,  0.0292],
        [ 0.0571,  0.0115, -0.0383],
        [ 0.0447, -0.0098, -0.0151],
        [ 0.0188, -0.0322,  0.0159],
        [ 0.0712,  0.0034, -0.0493],
        [ 0.0608, -0.0182, -0.0154],
        [ 0.0903, -0.0229, -0.0311],
        [ 0.0172, -0.0274,  0.0117],
        [ 0.0644,  0.0018, -0.0422],
        [ 0.0495, -0.0086, -0.0209],
        [ 0.0400, -0.0364,  0.0057],
        [ 0.0781, -0.0657,  0.0101]], device='cuda:0', requires_grad=True)
alpha 1 is Parameter containing:
tensor([[ 0.0176,  0.0135, -0.0211],
        [-0.0028, -0.0064,  0.0082],
        [ 0.0161, -0.0128,  0.0018],
        [-0.0441,  0.0062,  0.0192],
        [ 0.0259, -0.0047, -0.0095],
        [ 0.0281, -0.0026, -0.0126],
        [-0.0440, -0.0056,  0.0363],
        [ 0.0050, -0.0360,  0.0272],
        [ 0.0013,  0.0037, -0.0033],
        [-0.0038, -0.0235,  0.0215],
        [-0.0125,  0.0011,  0.0081],
        [-0.0045,  0.0078, -0.0023],
        [ 0.0262,  0.0255, -0.0320],
        [-0.0042,  0.0216, -0.0177]], device='cuda:0', requires_grad=True)
[013-050] Search: Model metrics  : loss=0.39, accuracy@1=86.58%, accuracy@5=99.47%, time-cost=1534.9 s
[013-050] Search: Architecture metrics  : loss=0.52, accuracy@1=82.52%, accuracy@5=99.00%
[013-050] Evaluation:  : loss=0.49, accuracy@1=83.33%, accuracy@5=99.18%
[013-050] Layer Alignment score:  normal: 0.0000, reduce: 0.0000
<<<--->>> The 013-050-th epoch : found the highest validation accuracy : 83.33%.
alpha 0 is Parameter containing:
tensor([[ 0.0024,  0.0049, -0.0070],
        [ 0.0605, -0.0150, -0.0189],
        [ 0.0104, -0.0390,  0.0335],
        [ 0.0788,  0.0165, -0.0531],
        [ 0.0695, -0.0107, -0.0259],
        [ 0.0430, -0.0459,  0.0138],
        [ 0.0967,  0.0081, -0.0685],
        [ 0.0908, -0.0170, -0.0306],
        [ 0.1168, -0.0450, -0.0296],
        [ 0.0479, -0.0395,  0.0058],
        [ 0.0899,  0.0016, -0.0582],
        [ 0.0855, -0.0081, -0.0400],
        [ 0.0555, -0.0657,  0.0162],
        [ 0.1190, -0.0891,  0.0038]], device='cuda:0', requires_grad=True)
alpha 1 is Parameter containing:
tensor([[ 0.0183,  0.0223, -0.0295],
        [-0.0012, -0.0058,  0.0068],
        [ 0.0184, -0.0054, -0.0069],
        [-0.0598,  0.0161,  0.0202],
        [ 0.0322,  0.0006, -0.0165],
        [ 0.0406, -0.0109, -0.0131],
        [-0.0550, -0.0068,  0.0446],
        [-0.0004, -0.0465,  0.0380],
        [-0.0023,  0.0142, -0.0098],
        [-0.0014, -0.0375,  0.0326],
        [-0.0122, -0.0018,  0.0105],
        [ 0.0010,  0.0102, -0.0070],
        [ 0.0226,  0.0288, -0.0328],
        [-0.0043,  0.0276, -0.0226]], device='cuda:0', requires_grad=True)
[014-050] Search: Model metrics  : loss=0.38, accuracy@1=86.73%, accuracy@5=99.52%, time-cost=1740.0 s
[014-050] Search: Architecture metrics  : loss=0.51, accuracy@1=82.90%, accuracy@5=99.02%
[014-050] Evaluation:  : loss=0.49, accuracy@1=83.29%, accuracy@5=99.18%
[014-050] Layer Alignment score:  normal: 0.0000, reduce: 0.0000
alpha 0 is Parameter containing:
tensor([[ 0.0122,  0.0048, -0.0125],
        [ 0.0763, -0.0235, -0.0203],
        [ 0.0260, -0.0591,  0.0457],
        [ 0.1025,  0.0112, -0.0608],
        [ 0.0956, -0.0161, -0.0345],
        [ 0.0648, -0.0672,  0.0192],
        [ 0.1361,  0.0059, -0.0916],
        [ 0.1146, -0.0281, -0.0350],
        [ 0.1479, -0.0546, -0.0402],
        [ 0.0807, -0.0535, -0.0002],
        [ 0.1256, -0.0099, -0.0721],
        [ 0.1165, -0.0104, -0.0553],
        [ 0.0627, -0.0915,  0.0292],
        [ 0.1622, -0.1205,  0.0031]], device='cuda:0', requires_grad=True)
alpha 1 is Parameter containing:
tensor([[ 1.9572e-02,  1.5001e-02, -2.3860e-02],
        [-5.8093e-03, -9.1957e-03,  1.2627e-02],
        [ 3.4371e-02,  1.2717e-04, -2.2112e-02],
        [-6.6888e-02,  1.1041e-02,  2.9362e-02],
        [ 2.4425e-02, -2.4768e-03, -1.0641e-02],
        [ 5.1056e-02, -2.3710e-02, -7.6086e-03],
        [-6.5837e-02, -5.3066e-03,  5.0098e-02],
        [-9.3370e-05, -6.0320e-02,  4.7888e-02],
        [-9.1498e-03,  1.6631e-02, -7.9661e-03],
        [-1.3266e-03, -3.9075e-02,  3.4088e-02],
        [-2.3014e-02, -2.6337e-03,  1.8203e-02],
        [ 2.3694e-03,  2.0263e-02, -1.5384e-02],
        [ 3.0326e-02,  3.2517e-02, -4.0363e-02],
        [ 2.9145e-03,  3.7376e-02, -3.4405e-02]], device='cuda:0',
       requires_grad=True)
[015-050] Search: Model metrics  : loss=0.37, accuracy@1=87.18%, accuracy@5=99.51%, time-cost=1944.7 s
[015-050] Search: Architecture metrics  : loss=0.51, accuracy@1=82.88%, accuracy@5=99.08%
[015-050] Evaluation:  : loss=0.49, accuracy@1=83.22%, accuracy@5=99.15%
[015-050] Layer Alignment score:  normal: 0.0000, reduce: 0.0000
alpha 0 is Parameter containing:
tensor([[ 6.5076e-03,  8.0660e-04, -5.1057e-03],
        [ 9.5029e-02, -2.6070e-02, -2.7828e-02],
        [ 4.2071e-02, -6.3114e-02,  4.0728e-02],
        [ 1.3146e-01,  9.2886e-03, -7.3811e-02],
        [ 1.1689e-01, -4.3213e-03, -5.2554e-02],
        [ 8.4897e-02, -7.6504e-02,  1.4954e-02],
        [ 1.6664e-01, -8.6172e-06, -1.0636e-01],
        [ 1.4707e-01, -2.5444e-02, -5.3353e-02],
        [ 1.9119e-01, -6.3100e-02, -5.8677e-02],
        [ 9.6858e-02, -6.0446e-02, -3.6673e-03],
        [ 1.6103e-01, -1.3292e-02, -9.2119e-02],
        [ 1.3481e-01, -6.7571e-03, -6.7869e-02],
        [ 9.8568e-02, -9.5000e-02,  1.2172e-02],
        [ 2.1009e-01, -1.4227e-01, -9.5461e-03]], device='cuda:0',
       requires_grad=True)
alpha 1 is Parameter containing:
tensor([[ 0.0117,  0.0220, -0.0250],
        [-0.0046, -0.0091,  0.0118],
        [ 0.0410,  0.0015, -0.0275],
        [-0.0818,  0.0179,  0.0323],
        [ 0.0121,  0.0004, -0.0070],
        [ 0.0512, -0.0216, -0.0099],
        [-0.0630, -0.0088,  0.0519],
        [ 0.0005, -0.0582,  0.0462],
        [-0.0137,  0.0328, -0.0183],
        [ 0.0010, -0.0374,  0.0312],
        [-0.0100, -0.0067,  0.0138],
        [ 0.0042,  0.0251, -0.0201],
        [ 0.0314,  0.0394, -0.0468],
        [ 0.0045,  0.0326, -0.0314]], device='cuda:0', requires_grad=True)
[016-050] Search: Model metrics  : loss=0.37, accuracy@1=86.92%, accuracy@5=99.58%, time-cost=2149.8 s
[016-050] Search: Architecture metrics  : loss=0.51, accuracy@1=82.87%, accuracy@5=99.13%
[016-050] Evaluation:  : loss=0.49, accuracy@1=83.45%, accuracy@5=99.16%
[016-050] Layer Alignment score:  normal: 0.0000, reduce: 0.0000
<<<--->>> The 016-050-th epoch : found the highest validation accuracy : 83.45%.
alpha 0 is Parameter containing:
tensor([[ 0.0137,  0.0027, -0.0116],
        [ 0.1095, -0.0300, -0.0323],
        [ 0.0482, -0.0647,  0.0389],
        [ 0.1618,  0.0093, -0.0894],
        [ 0.1289, -0.0101, -0.0546],
        [ 0.1036, -0.0846,  0.0105],
        [ 0.1913, -0.0049, -0.1187],
        [ 0.1707, -0.0320, -0.0614],
        [ 0.2253, -0.0746, -0.0709],
        [ 0.1229, -0.0605, -0.0193],
        [ 0.1927, -0.0143, -0.1117],
        [ 0.1712, -0.0075, -0.0879],
        [ 0.1247, -0.1126,  0.0084],
        [ 0.2470, -0.1642, -0.0166]], device='cuda:0', requires_grad=True)
alpha 1 is Parameter containing:
tensor([[ 0.0001,  0.0205, -0.0158],
        [-0.0057, -0.0074,  0.0109],
        [ 0.0366, -0.0031, -0.0205],
        [-0.0809,  0.0205,  0.0296],
        [ 0.0119,  0.0140, -0.0175],
        [ 0.0521, -0.0345,  0.0018],
        [-0.0701, -0.0089,  0.0567],
        [ 0.0062, -0.0456,  0.0342],
        [-0.0183,  0.0441, -0.0247],
        [-0.0059, -0.0342,  0.0327],
        [-0.0010, -0.0064,  0.0079],
        [-0.0042,  0.0362, -0.0246],
        [ 0.0370,  0.0432, -0.0532],
        [ 0.0119,  0.0361, -0.0382]], device='cuda:0', requires_grad=True)
[017-050] Search: Model metrics  : loss=0.36, accuracy@1=87.33%, accuracy@5=99.58%, time-cost=2354.8 s
[017-050] Search: Architecture metrics  : loss=0.50, accuracy@1=83.13%, accuracy@5=99.13%
[017-050] Evaluation:  : loss=0.48, accuracy@1=83.76%, accuracy@5=99.22%
[017-050] Layer Alignment score:  normal: 0.0000, reduce: 0.0000
<<<--->>> The 017-050-th epoch : found the highest validation accuracy : 83.76%.
alpha 0 is Parameter containing:
tensor([[ 2.0254e-02, -2.3352e-03, -1.0349e-02],
        [ 1.2166e-01, -4.1171e-02, -3.0217e-02],
        [ 6.7653e-02, -7.9638e-02,  4.2936e-02],
        [ 1.8035e-01,  5.5410e-03, -9.6410e-02],
        [ 1.4082e-01, -2.0219e-02, -5.3799e-02],
        [ 1.2292e-01, -1.0264e-01,  1.3929e-02],
        [ 2.1729e-01, -1.7277e-02, -1.2639e-01],
        [ 1.9296e-01, -3.4040e-02, -7.2091e-02],
        [ 2.6050e-01, -7.8368e-02, -8.9281e-02],
        [ 1.5474e-01, -7.2035e-02, -2.8643e-02],
        [ 2.3102e-01, -1.8231e-02, -1.3424e-01],
        [ 1.9422e-01, -1.4632e-02, -9.6886e-02],
        [ 1.4943e-01, -1.2263e-01,  5.9647e-05],
        [ 2.9024e-01, -1.8723e-01, -2.7399e-02]], device='cuda:0',
       requires_grad=True)
alpha 1 is Parameter containing:
tensor([[ 0.0053,  0.0083, -0.0085],
        [-0.0061, -0.0057,  0.0096],
        [ 0.0447, -0.0070, -0.0218],
        [-0.0921,  0.0219,  0.0353],
        [ 0.0062,  0.0140, -0.0148],
        [ 0.0707, -0.0382, -0.0072],
        [-0.0718, -0.0112,  0.0602],
        [ 0.0029, -0.0589,  0.0455],
        [-0.0374,  0.0438, -0.0137],
        [-0.0016, -0.0335,  0.0295],
        [-0.0099, -0.0173,  0.0233],
        [-0.0048,  0.0335, -0.0223],
        [ 0.0402,  0.0401, -0.0526],
        [ 0.0222,  0.0418, -0.0486]], device='cuda:0', requires_grad=True)
[018-050] Search: Model metrics  : loss=0.36, accuracy@1=87.41%, accuracy@5=99.56%, time-cost=2559.4 s
[018-050] Search: Architecture metrics  : loss=0.50, accuracy@1=83.24%, accuracy@5=99.16%
[018-050] Evaluation:  : loss=0.48, accuracy@1=83.54%, accuracy@5=99.23%
[018-050] Layer Alignment score:  normal: 0.0000, reduce: 0.0000
alpha 0 is Parameter containing:
tensor([[ 0.0249, -0.0109, -0.0043],
        [ 0.1363, -0.0434, -0.0362],
        [ 0.0701, -0.0908,  0.0527],
        [ 0.1956, -0.0046, -0.0971],
        [ 0.1681, -0.0180, -0.0684],
        [ 0.1555, -0.1087, -0.0009],
        [ 0.2467, -0.0233, -0.1413],
        [ 0.2141, -0.0423, -0.0784],
        [ 0.2846, -0.0943, -0.0934],
        [ 0.1854, -0.0769, -0.0436],
        [ 0.2716, -0.0358, -0.1492],
        [ 0.2235, -0.0197, -0.1108],
        [ 0.1482, -0.1544,  0.0197],
        [ 0.3356, -0.2107, -0.0413]], device='cuda:0', requires_grad=True)
alpha 1 is Parameter containing:
tensor([[ 0.0031,  0.0116, -0.0099],
        [-0.0049, -0.0128,  0.0153],
        [ 0.0568, -0.0055, -0.0311],
        [-0.0998,  0.0272,  0.0353],
        [ 0.0100,  0.0122, -0.0153],
        [ 0.0785, -0.0429, -0.0081],
        [-0.0834, -0.0226,  0.0782],
        [ 0.0084, -0.0594,  0.0430],
        [-0.0387,  0.0378, -0.0083],
        [ 0.0014, -0.0452,  0.0380],
        [-0.0220, -0.0224,  0.0351],
        [-0.0017,  0.0395, -0.0287],
        [ 0.0484,  0.0340, -0.0523],
        [ 0.0286,  0.0390, -0.0498]], device='cuda:0', requires_grad=True)
[019-050] Search: Model metrics  : loss=0.36, accuracy@1=87.48%, accuracy@5=99.58%, time-cost=2764.3 s
[019-050] Search: Architecture metrics  : loss=0.50, accuracy@1=82.95%, accuracy@5=99.09%
[019-050] Evaluation:  : loss=0.48, accuracy@1=83.76%, accuracy@5=99.17%
[019-050] Layer Alignment score:  normal: 0.0000, reduce: 0.0000
alpha 0 is Parameter containing:
tensor([[ 0.0261, -0.0119, -0.0040],
        [ 0.1503, -0.0450, -0.0426],
        [ 0.0925, -0.0944,  0.0431],
        [ 0.2221,  0.0092, -0.1220],
        [ 0.1762, -0.0224, -0.0696],
        [ 0.1805, -0.1182, -0.0086],
        [ 0.2781, -0.0281, -0.1588],
        [ 0.2499, -0.0370, -0.1013],
        [ 0.3154, -0.1121, -0.1007],
        [ 0.2203, -0.0809, -0.0627],
        [ 0.2964, -0.0454, -0.1596],
        [ 0.2476, -0.0237, -0.1227],
        [ 0.1627, -0.1720,  0.0216],
        [ 0.3832, -0.2218, -0.0668]], device='cuda:0', requires_grad=True)
alpha 1 is Parameter containing:
tensor([[ 0.0056,  0.0148, -0.0145],
        [-0.0097, -0.0042,  0.0104],
        [ 0.0604, -0.0049, -0.0342],
        [-0.1076,  0.0497,  0.0199],
        [-0.0047,  0.0072, -0.0046],
        [ 0.0845, -0.0554, -0.0005],
        [-0.0829, -0.0138,  0.0700],
        [ 0.0077, -0.0633,  0.0463],
        [-0.0442,  0.0476, -0.0130],
        [ 0.0119, -0.0482,  0.0340],
        [-0.0218, -0.0300,  0.0419],
        [ 0.0060,  0.0356, -0.0295],
        [ 0.0488,  0.0334, -0.0523],
        [ 0.0364,  0.0382, -0.0535]], device='cuda:0', requires_grad=True)
[020-050] Search: Model metrics  : loss=0.35, accuracy@1=87.88%, accuracy@5=99.57%, time-cost=2970.1 s
[020-050] Search: Architecture metrics  : loss=0.50, accuracy@1=83.30%, accuracy@5=99.10%
[020-050] Evaluation:  : loss=0.48, accuracy@1=83.89%, accuracy@5=99.18%
[020-050] Layer Alignment score:  normal: 0.0000, reduce: 0.0000
<<<--->>> The 020-050-th epoch : found the highest validation accuracy : 83.89%.
alpha 0 is Parameter containing:
tensor([[ 0.0382, -0.0090, -0.0143],
        [ 0.1605, -0.0486, -0.0453],
        [ 0.1039, -0.0995,  0.0414],
        [ 0.2478,  0.0059, -0.1342],
        [ 0.2017, -0.0245, -0.0809],
        [ 0.2084, -0.1292, -0.0169],
        [ 0.3033, -0.0324, -0.1729],
        [ 0.2845, -0.0390, -0.1195],
        [ 0.3420, -0.1337, -0.1036],
        [ 0.2392, -0.0837, -0.0727],
        [ 0.3266, -0.0563, -0.1732],
        [ 0.2749, -0.0183, -0.1425],
        [ 0.1840, -0.1907,  0.0198],
        [ 0.4105, -0.2420, -0.0723]], device='cuda:0', requires_grad=True)
alpha 1 is Parameter containing:
tensor([[ 0.0019,  0.0179, -0.0151],
        [-0.0033, -0.0159,  0.0173],
        [ 0.0586, -0.0025, -0.0356],
        [-0.1048,  0.0446,  0.0232],
        [-0.0037,  0.0075, -0.0053],
        [ 0.0786, -0.0532,  0.0013],
        [-0.0792, -0.0083,  0.0628],
        [ 0.0202, -0.0634,  0.0396],
        [-0.0508,  0.0445, -0.0068],
        [-0.0019, -0.0440,  0.0391],
        [-0.0227, -0.0406,  0.0520],
        [ 0.0149,  0.0321, -0.0314],
        [ 0.0562,  0.0363, -0.0591],
        [ 0.0404,  0.0349, -0.0531]], device='cuda:0', requires_grad=True)
[021-050] Search: Model metrics  : loss=0.36, accuracy@1=87.56%, accuracy@5=99.56%, time-cost=3177.1 s
[021-050] Search: Architecture metrics  : loss=0.50, accuracy@1=83.24%, accuracy@5=99.10%
[021-050] Evaluation:  : loss=0.48, accuracy@1=83.74%, accuracy@5=99.25%
[021-050] Layer Alignment score:  normal: 0.0000, reduce: 0.0000
alpha 0 is Parameter containing:
tensor([[ 0.0511, -0.0126, -0.0184],
        [ 0.1738, -0.0560, -0.0467],
        [ 0.1182, -0.1177,  0.0512],
        [ 0.2673,  0.0062, -0.1458],
        [ 0.2223, -0.0285, -0.0887],
        [ 0.2204, -0.1512, -0.0060],
        [ 0.3311, -0.0371, -0.1889],
        [ 0.3173, -0.0331, -0.1419],
        [ 0.3568, -0.1482, -0.1040],
        [ 0.2639, -0.0945, -0.0795],
        [ 0.3636, -0.0660, -0.1930],
        [ 0.3110, -0.0196, -0.1639],
        [ 0.2046, -0.2052,  0.0156],
        [ 0.4405, -0.2635, -0.0793]], device='cuda:0', requires_grad=True)
alpha 1 is Parameter containing:
tensor([[ 0.0042,  0.0222, -0.0205],
        [-0.0011, -0.0185,  0.0182],
        [ 0.0705, -0.0076, -0.0383],
        [-0.1210,  0.0378,  0.0392],
        [-0.0101,  0.0032,  0.0009],
        [ 0.0809, -0.0592,  0.0052],
        [-0.0768, -0.0116,  0.0647],
        [ 0.0293, -0.0768,  0.0444],
        [-0.0517,  0.0484, -0.0095],
        [-0.0112, -0.0359,  0.0381],
        [-0.0243, -0.0472,  0.0589],
        [ 0.0226,  0.0261, -0.0307],
        [ 0.0634,  0.0364, -0.0636],
        [ 0.0523,  0.0324, -0.0578]], device='cuda:0', requires_grad=True)
[022-050] Search: Model metrics  : loss=0.35, accuracy@1=87.61%, accuracy@5=99.59%, time-cost=3383.3 s
[022-050] Search: Architecture metrics  : loss=0.50, accuracy@1=83.16%, accuracy@5=99.04%
[022-050] Evaluation:  : loss=0.48, accuracy@1=84.08%, accuracy@5=99.19%
[022-050] Layer Alignment score:  normal: 0.0000, reduce: 0.0000
<<<--->>> The 022-050-th epoch : found the highest validation accuracy : 84.08%.
alpha 0 is Parameter containing:
tensor([[ 0.0557, -0.0129, -0.0209],
        [ 0.1873, -0.0588, -0.0519],
        [ 0.1305, -0.1225,  0.0487],
        [ 0.3048,  0.0127, -0.1726],
        [ 0.2389, -0.0286, -0.0972],
        [ 0.2358, -0.1607, -0.0079],
        [ 0.3678, -0.0447, -0.2095],
        [ 0.3431, -0.0370, -0.1547],
        [ 0.3848, -0.1649, -0.1117],
        [ 0.2864, -0.0992, -0.0904],
        [ 0.3988, -0.0850, -0.2057],
        [ 0.3418, -0.0270, -0.1790],
        [ 0.2299, -0.2207,  0.0089],
        [ 0.4741, -0.2898, -0.0868]], device='cuda:0', requires_grad=True)
alpha 1 is Parameter containing:
tensor([[-0.0089,  0.0221, -0.0120],
        [ 0.0100, -0.0217,  0.0145],
        [ 0.0653,  0.0013, -0.0441],
        [-0.1176,  0.0429,  0.0328],
        [-0.0101, -0.0029,  0.0056],
        [ 0.0815, -0.0615,  0.0067],
        [-0.0761, -0.0044,  0.0577],
        [ 0.0197, -0.0868,  0.0571],
        [-0.0481,  0.0557, -0.0171],
        [-0.0077, -0.0258,  0.0270],
        [-0.0204, -0.0523,  0.0611],
        [ 0.0258,  0.0273, -0.0335],
        [ 0.0646,  0.0396, -0.0672],
        [ 0.0493,  0.0379, -0.0610]], device='cuda:0', requires_grad=True)
[023-050] Search: Model metrics  : loss=0.35, accuracy@1=87.86%, accuracy@5=99.52%, time-cost=3589.6 s
[023-050] Search: Architecture metrics  : loss=0.48, accuracy@1=83.56%, accuracy@5=99.20%
[023-050] Evaluation:  : loss=0.47, accuracy@1=84.02%, accuracy@5=99.28%
[023-050] Layer Alignment score:  normal: 0.0000, reduce: 0.0000
alpha 0 is Parameter containing:
tensor([[ 0.0664, -0.0132, -0.0271],
        [ 0.1924, -0.0641, -0.0507],
        [ 0.1474, -0.1318,  0.0480],
        [ 0.3245,  0.0059, -0.1792],
        [ 0.2621, -0.0310, -0.1077],
        [ 0.2551, -0.1683, -0.0141],
        [ 0.3852, -0.0548, -0.2152],
        [ 0.3659, -0.0394, -0.1669],
        [ 0.4089, -0.1814, -0.1173],
        [ 0.3098, -0.1025, -0.1040],
        [ 0.4245, -0.0988, -0.2156],
        [ 0.3708, -0.0261, -0.1986],
        [ 0.2443, -0.2363,  0.0086],
        [ 0.5008, -0.3023, -0.0985]], device='cuda:0', requires_grad=True)
alpha 1 is Parameter containing:
tensor([[-4.8341e-03,  8.0504e-03, -1.8858e-03],
        [ 1.1745e-02, -2.1178e-02,  1.2951e-02],
        [ 5.9985e-02, -2.5289e-03, -3.7154e-02],
        [-1.2556e-01,  5.1014e-02,  3.0343e-02],
        [-1.5480e-02, -1.4960e-03,  7.1667e-03],
        [ 8.0257e-02, -7.1417e-02,  1.6734e-02],
        [-8.1667e-02, -1.7566e-03,  5.8968e-02],
        [ 3.1711e-02, -8.9746e-02,  5.2765e-02],
        [-5.6312e-02,  6.0404e-02, -1.6292e-02],
        [ 9.7794e-05, -2.8007e-02,  2.3984e-02],
        [-2.8879e-02, -5.2929e-02,  6.7121e-02],
        [ 3.4461e-02,  3.8646e-02, -4.7050e-02],
        [ 7.0364e-02,  4.8355e-02, -7.7926e-02],
        [ 4.8387e-02,  3.9274e-02, -6.1906e-02]], device='cuda:0',
       requires_grad=True)
[024-050] Search: Model metrics  : loss=0.35, accuracy@1=87.99%, accuracy@5=99.58%, time-cost=3796.0 s
[024-050] Search: Architecture metrics  : loss=0.49, accuracy@1=83.26%, accuracy@5=99.23%
[024-050] Evaluation:  : loss=0.48, accuracy@1=83.63%, accuracy@5=99.18%
[024-050] Layer Alignment score:  normal: 0.0000, reduce: 0.0000
alpha 0 is Parameter containing:
tensor([[ 0.0650, -0.0128, -0.0267],
        [ 0.2138, -0.0708, -0.0576],
        [ 0.1601, -0.1355,  0.0441],
        [ 0.3579,  0.0012, -0.1948],
        [ 0.2800, -0.0349, -0.1148],
        [ 0.2747, -0.1740, -0.0226],
        [ 0.4127, -0.0661, -0.2274],
        [ 0.3939, -0.0414, -0.1826],
        [ 0.4285, -0.1995, -0.1194],
        [ 0.3291, -0.1105, -0.1110],
        [ 0.4596, -0.1142, -0.2318],
        [ 0.4003, -0.0319, -0.2148],
        [ 0.2664, -0.2548,  0.0049],
        [ 0.5301, -0.3277, -0.1045]], device='cuda:0', requires_grad=True)
alpha 1 is Parameter containing:
tensor([[-0.0098,  0.0013,  0.0074],
        [ 0.0115, -0.0231,  0.0148],
        [ 0.0545, -0.0086, -0.0279],
        [-0.1306,  0.0544,  0.0306],
        [-0.0187,  0.0041,  0.0045],
        [ 0.0933, -0.0808,  0.0165],
        [-0.0824, -0.0087,  0.0662],
        [ 0.0345, -0.0909,  0.0521],
        [-0.0570,  0.0733, -0.0263],
        [-0.0007, -0.0278,  0.0243],
        [-0.0236, -0.0651,  0.0746],
        [ 0.0311,  0.0445, -0.0502],
        [ 0.0688,  0.0528, -0.0811],
        [ 0.0437,  0.0367, -0.0575]], device='cuda:0', requires_grad=True)
[025-050] Search: Model metrics  : loss=0.35, accuracy@1=88.06%, accuracy@5=99.65%, time-cost=4002.4 s
[025-050] Search: Architecture metrics  : loss=0.50, accuracy@1=83.20%, accuracy@5=99.20%
[025-050] Evaluation:  : loss=0.47, accuracy@1=83.97%, accuracy@5=99.14%
[025-050] Layer Alignment score:  normal: 0.0000, reduce: 0.0000
alpha 0 is Parameter containing:
tensor([[ 0.0734, -0.0103, -0.0346],
        [ 0.2235, -0.0782, -0.0576],
        [ 0.1752, -0.1504,  0.0497],
        [ 0.3807,  0.0070, -0.2131],
        [ 0.3000, -0.0344, -0.1259],
        [ 0.2984, -0.1856, -0.0295],
        [ 0.4340, -0.0732, -0.2388],
        [ 0.4266, -0.0437, -0.2010],
        [ 0.4664, -0.2100, -0.1383],
        [ 0.3467, -0.1147, -0.1205],
        [ 0.4836, -0.1240, -0.2440],
        [ 0.4249, -0.0262, -0.2349],
        [ 0.2891, -0.2582, -0.0076],
        [ 0.5582, -0.3410, -0.1178]], device='cuda:0', requires_grad=True)
alpha 1 is Parameter containing:
tensor([[-0.0191, -0.0022,  0.0163],
        [ 0.0096, -0.0319,  0.0237],
        [ 0.0591, -0.0069, -0.0326],
        [-0.1315,  0.0581,  0.0280],
        [-0.0170,  0.0206, -0.0090],
        [ 0.0834, -0.0842,  0.0262],
        [-0.0621, -0.0216,  0.0656],
        [ 0.0306, -0.0906,  0.0541],
        [-0.0621,  0.0726, -0.0229],
        [-0.0037, -0.0160,  0.0158],
        [-0.0251, -0.0670,  0.0774],
        [ 0.0280,  0.0575, -0.0590],
        [ 0.0662,  0.0462, -0.0745],
        [ 0.0459,  0.0428, -0.0639]], device='cuda:0', requires_grad=True)
[026-050] Search: Model metrics  : loss=0.35, accuracy@1=88.09%, accuracy@5=99.58%, time-cost=4208.6 s
[026-050] Search: Architecture metrics  : loss=0.49, accuracy@1=83.46%, accuracy@5=99.13%
[026-050] Evaluation:  : loss=0.47, accuracy@1=84.22%, accuracy@5=99.25%
[026-050] Layer Alignment score:  normal: 0.0000, reduce: 0.0000
<<<--->>> The 026-050-th epoch : found the highest validation accuracy : 84.22%.
alpha 0 is Parameter containing:
tensor([[ 0.0872, -0.0047, -0.0488],
        [ 0.2231, -0.0850, -0.0525],
        [ 0.1928, -0.1468,  0.0356],
        [ 0.3888,  0.0018, -0.2144],
        [ 0.3190, -0.0315, -0.1381],
        [ 0.3268, -0.1836, -0.0510],
        [ 0.4504, -0.0837, -0.2442],
        [ 0.4492, -0.0468, -0.2131],
        [ 0.4949, -0.2113, -0.1571],
        [ 0.3653, -0.1103, -0.1388],
        [ 0.5062, -0.1397, -0.2516],
        [ 0.4460, -0.0209, -0.2526],
        [ 0.3028, -0.2654, -0.0125],
        [ 0.5864, -0.3533, -0.1324]], device='cuda:0', requires_grad=True)
alpha 1 is Parameter containing:
tensor([[-0.0168, -0.0073,  0.0194],
        [ 0.0039, -0.0259,  0.0218],
        [ 0.0624,  0.0019, -0.0433],
        [-0.1399,  0.0728,  0.0196],
        [-0.0123,  0.0297, -0.0181],
        [ 0.0912, -0.0793,  0.0162],
        [-0.0636, -0.0120,  0.0578],
        [ 0.0360, -0.0948,  0.0542],
        [-0.0700,  0.0706, -0.0168],
        [-0.0092, -0.0099,  0.0140],
        [-0.0280, -0.0657,  0.0781],
        [ 0.0300,  0.0629, -0.0646],
        [ 0.0655,  0.0404, -0.0696],
        [ 0.0563,  0.0522, -0.0777]], device='cuda:0', requires_grad=True)
[027-050] Search: Model metrics  : loss=0.34, accuracy@1=88.14%, accuracy@5=99.64%, time-cost=4414.2 s
[027-050] Search: Architecture metrics  : loss=0.49, accuracy@1=83.62%, accuracy@5=99.08%
[027-050] Evaluation:  : loss=0.47, accuracy@1=84.04%, accuracy@5=99.18%
[027-050] Layer Alignment score:  normal: 0.0000, reduce: 0.0000
alpha 0 is Parameter containing:
tensor([[ 0.0999, -0.0144, -0.0469],
        [ 0.2353, -0.0876, -0.0575],
        [ 0.2055, -0.1574,  0.0381],
        [ 0.4042, -0.0031, -0.2205],
        [ 0.3347, -0.0322, -0.1464],
        [ 0.3474, -0.1996, -0.0526],
        [ 0.4771, -0.0857, -0.2639],
        [ 0.4751, -0.0513, -0.2267],
        [ 0.5164, -0.2202, -0.1670],
        [ 0.3832, -0.1183, -0.1457],
        [ 0.5312, -0.1537, -0.2627],
        [ 0.4736, -0.0251, -0.2689],
        [ 0.3102, -0.2788, -0.0104],
        [ 0.6148, -0.3716, -0.1446]], device='cuda:0', requires_grad=True)
alpha 1 is Parameter containing:
tensor([[-0.0110, -0.0138,  0.0216],
        [-0.0005, -0.0199,  0.0191],
        [ 0.0590, -0.0081, -0.0316],
        [-0.1556,  0.0816,  0.0211],
        [-0.0036,  0.0286, -0.0215],
        [ 0.0921, -0.0925,  0.0277],
        [-0.0587, -0.0075,  0.0504],
        [ 0.0395, -0.0971,  0.0540],
        [-0.0658,  0.0865, -0.0317],
        [-0.0114, -0.0090,  0.0147],
        [-0.0354, -0.0598,  0.0778],
        [ 0.0281,  0.0630, -0.0640],
        [ 0.0692,  0.0383, -0.0703],
        [ 0.0757,  0.0511, -0.0875]], device='cuda:0', requires_grad=True)
[028-050] Search: Model metrics  : loss=0.34, accuracy@1=88.22%, accuracy@5=99.68%, time-cost=4620.2 s
[028-050] Search: Architecture metrics  : loss=0.49, accuracy@1=83.62%, accuracy@5=99.07%
[028-050] Evaluation:  : loss=0.47, accuracy@1=84.14%, accuracy@5=99.17%
[028-050] Layer Alignment score:  normal: 0.0000, reduce: 0.0000
alpha 0 is Parameter containing:
tensor([[ 0.1167, -0.0144, -0.0574],
        [ 0.2427, -0.0914, -0.0591],
        [ 0.2203, -0.1649,  0.0364],
        [ 0.4220, -0.0151, -0.2226],
        [ 0.3588, -0.0362, -0.1570],
        [ 0.3733, -0.2095, -0.0632],
        [ 0.5031, -0.1046, -0.2708],
        [ 0.5033, -0.0566, -0.2413],
        [ 0.5430, -0.2312, -0.1796],
        [ 0.4005, -0.1240, -0.1539],
        [ 0.5654, -0.1747, -0.2765],
        [ 0.4968, -0.0351, -0.2789],
        [ 0.3371, -0.2814, -0.0268],
        [ 0.6362, -0.3938, -0.1496]], device='cuda:0', requires_grad=True)
alpha 1 is Parameter containing:
tensor([[-0.0030, -0.0111,  0.0142],
        [-0.0041, -0.0214,  0.0226],
        [ 0.0584, -0.0157, -0.0239],
        [-0.1549,  0.0817,  0.0211],
        [-0.0088,  0.0247, -0.0160],
        [ 0.0998, -0.1062,  0.0350],
        [-0.0693,  0.0006,  0.0500],
        [ 0.0399, -0.1060,  0.0602],
        [-0.0585,  0.0864, -0.0353],
        [-0.0051, -0.0073,  0.0090],
        [-0.0546, -0.0575,  0.0880],
        [ 0.0309,  0.0721, -0.0728],
        [ 0.0771,  0.0429, -0.0788],
        [ 0.0740,  0.0577, -0.0925]], device='cuda:0', requires_grad=True)
[029-050] Search: Model metrics  : loss=0.34, accuracy@1=88.16%, accuracy@5=99.62%, time-cost=4827.0 s
[029-050] Search: Architecture metrics  : loss=0.49, accuracy@1=83.52%, accuracy@5=99.18%
[029-050] Evaluation:  : loss=0.47, accuracy@1=84.23%, accuracy@5=99.22%
[029-050] Layer Alignment score:  normal: 0.0000, reduce: 0.0000
<<<--->>> The 029-050-th epoch : found the highest validation accuracy : 84.23%.
alpha 0 is Parameter containing:
tensor([[ 0.1257, -0.0170, -0.0607],
        [ 0.2633, -0.0992, -0.0652],
        [ 0.2309, -0.1792,  0.0437],
        [ 0.4436, -0.0105, -0.2401],
        [ 0.3803, -0.0454, -0.1632],
        [ 0.3902, -0.2231, -0.0646],
        [ 0.5200, -0.1097, -0.2809],
        [ 0.5330, -0.0623, -0.2569],
        [ 0.5604, -0.2414, -0.1867],
        [ 0.4186, -0.1340, -0.1593],
        [ 0.5770, -0.1814, -0.2819],
        [ 0.5243, -0.0353, -0.2980],
        [ 0.3508, -0.2913, -0.0310],
        [ 0.6674, -0.4032, -0.1696]], device='cuda:0', requires_grad=True)
alpha 1 is Parameter containing:
tensor([[-3.3464e-05, -1.9323e-02,  1.9810e-02],
        [ 1.8465e-03, -2.3124e-02,  2.0596e-02],
        [ 6.8005e-02, -1.8448e-02, -2.7469e-02],
        [-1.6627e-01,  8.3711e-02,  2.6130e-02],
        [-9.8460e-03,  2.2556e-02, -1.3880e-02],
        [ 1.1360e-01, -1.2004e-01,  3.8405e-02],
        [-7.0658e-02,  3.8717e-03,  4.7917e-02],
        [ 4.0355e-02, -1.1695e-01,  6.7907e-02],
        [-6.5778e-02,  8.0188e-02, -2.6478e-02],
        [-1.9987e-02, -5.6378e-03,  1.7318e-02],
        [-5.1429e-02, -7.0352e-02,  9.7446e-02],
        [ 3.5670e-02,  6.4364e-02, -6.9599e-02],
        [ 8.2255e-02,  3.6734e-02, -7.6880e-02],
        [ 8.0087e-02,  5.5967e-02, -9.4970e-02]], device='cuda:0',
       requires_grad=True)
[030-050] Search: Model metrics  : loss=0.34, accuracy@1=88.32%, accuracy@5=99.65%, time-cost=5033.3 s
[030-050] Search: Architecture metrics  : loss=0.50, accuracy@1=83.16%, accuracy@5=99.05%
[030-050] Evaluation:  : loss=0.46, accuracy@1=84.54%, accuracy@5=99.24%
[030-050] Layer Alignment score:  normal: 0.0000, reduce: 0.0000
<<<--->>> The 030-050-th epoch : found the highest validation accuracy : 84.54%.
alpha 0 is Parameter containing:
tensor([[ 0.1313, -0.0214, -0.0600],
        [ 0.2796, -0.0982, -0.0758],
        [ 0.2501, -0.1935,  0.0458],
        [ 0.4625, -0.0051, -0.2564],
        [ 0.3967, -0.0522, -0.1682],
        [ 0.4162, -0.2349, -0.0742],
        [ 0.5463, -0.1100, -0.3019],
        [ 0.5501, -0.0683, -0.2651],
        [ 0.5766, -0.2552, -0.1909],
        [ 0.4517, -0.1417, -0.1779],
        [ 0.6051, -0.1917, -0.2983],
        [ 0.5485, -0.0440, -0.3099],
        [ 0.3686, -0.3070, -0.0355],
        [ 0.6941, -0.4182, -0.1837]], device='cuda:0', requires_grad=True)
alpha 1 is Parameter containing:
tensor([[ 6.2468e-03, -1.9470e-02,  1.5943e-02],
        [ 1.4470e-04, -2.5925e-02,  2.4046e-02],
        [ 7.2527e-02, -1.2804e-02, -3.6228e-02],
        [-1.7231e-01,  8.4093e-02,  2.9620e-02],
        [-1.4656e-02,  6.2701e-03,  8.4330e-04],
        [ 1.2178e-01, -1.3319e-01,  4.4667e-02],
        [-6.8287e-02,  1.0712e-03,  4.9287e-02],
        [ 4.0205e-02, -1.2709e-01,  7.5413e-02],
        [-6.8816e-02,  8.9072e-02, -3.2011e-02],
        [-2.2002e-02, -6.7805e-03,  1.9732e-02],
        [-4.7595e-02, -6.8766e-02,  9.3937e-02],
        [ 3.1114e-02,  5.5227e-02, -6.0276e-02],
        [ 8.1765e-02,  3.4265e-02, -7.4992e-02],
        [ 8.8497e-02,  5.3978e-02, -9.8684e-02]], device='cuda:0',
       requires_grad=True)
[031-050] Search: Model metrics  : loss=0.34, accuracy@1=88.43%, accuracy@5=99.65%, time-cost=5239.9 s
[031-050] Search: Architecture metrics  : loss=0.48, accuracy@1=83.68%, accuracy@5=99.17%
[031-050] Evaluation:  : loss=0.46, accuracy@1=84.29%, accuracy@5=99.26%
[031-050] Layer Alignment score:  normal: 0.0000, reduce: 0.0000
alpha 0 is Parameter containing:
tensor([[ 0.1417, -0.0313, -0.0567],
        [ 0.2854, -0.0958, -0.0813],
        [ 0.2654, -0.2031,  0.0453],
        [ 0.4759, -0.0040, -0.2663],
        [ 0.4129, -0.0507, -0.1785],
        [ 0.4377, -0.2563, -0.0732],
        [ 0.5662, -0.1186, -0.3121],
        [ 0.5833, -0.0718, -0.2848],
        [ 0.6021, -0.2740, -0.1995],
        [ 0.4744, -0.1427, -0.1948],
        [ 0.6244, -0.2099, -0.3016],
        [ 0.5714, -0.0456, -0.3256],
        [ 0.3883, -0.3079, -0.0484],
        [ 0.7194, -0.4290, -0.1990]], device='cuda:0', requires_grad=True)
alpha 1 is Parameter containing:
tensor([[ 0.0094, -0.0200,  0.0144],
        [-0.0095, -0.0274,  0.0311],
        [ 0.0768, -0.0245, -0.0278],
        [-0.1796,  0.0793,  0.0387],
        [-0.0206,  0.0119, -0.0006],
        [ 0.1390, -0.1347,  0.0337],
        [-0.0587, -0.0019,  0.0464],
        [ 0.0453, -0.1272,  0.0728],
        [-0.0777,  0.0831, -0.0223],
        [-0.0298, -0.0025,  0.0210],
        [-0.0546, -0.0774,  0.1061],
        [ 0.0338,  0.0567, -0.0632],
        [ 0.0823,  0.0273, -0.0699],
        [ 0.1047,  0.0559, -0.1103]], device='cuda:0', requires_grad=True)
[032-050] Search: Model metrics  : loss=0.33, accuracy@1=88.68%, accuracy@5=99.62%, time-cost=5445.8 s
[032-050] Search: Architecture metrics  : loss=0.49, accuracy@1=83.60%, accuracy@5=99.08%
[032-050] Evaluation:  : loss=0.46, accuracy@1=84.58%, accuracy@5=99.18%
[032-050] Layer Alignment score:  normal: 0.0000, reduce: 0.0000
<<<--->>> The 032-050-th epoch : found the highest validation accuracy : 84.58%.
alpha 0 is Parameter containing:
tensor([[ 0.1527, -0.0350, -0.0602],
        [ 0.2989, -0.0961, -0.0891],
        [ 0.2853, -0.2108,  0.0401],
        [ 0.4922, -0.0121, -0.2710],
        [ 0.4347, -0.0592, -0.1859],
        [ 0.4444, -0.2636, -0.0729],
        [ 0.5949, -0.1277, -0.3288],
        [ 0.6020, -0.0820, -0.2918],
        [ 0.6329, -0.2831, -0.2174],
        [ 0.4831, -0.1536, -0.1929],
        [ 0.6501, -0.2218, -0.3153],
        [ 0.5955, -0.0438, -0.3442],
        [ 0.4172, -0.3114, -0.0665],
        [ 0.7403, -0.4407, -0.2104]], device='cuda:0', requires_grad=True)
alpha 1 is Parameter containing:
tensor([[ 0.0031, -0.0175,  0.0163],
        [-0.0080, -0.0216,  0.0252],
        [ 0.0812, -0.0243, -0.0311],
        [-0.1904,  0.0864,  0.0388],
        [-0.0183,  0.0192, -0.0072],
        [ 0.1423, -0.1421,  0.0376],
        [-0.0583,  0.0016,  0.0429],
        [ 0.0512, -0.1290,  0.0708],
        [-0.0750,  0.0896, -0.0289],
        [-0.0427, -0.0018,  0.0288],
        [-0.0530, -0.0777,  0.1056],
        [ 0.0385,  0.0630, -0.0710],
        [ 0.0833,  0.0342, -0.0766],
        [ 0.1136,  0.0518, -0.1126]], device='cuda:0', requires_grad=True)
[033-050] Search: Model metrics  : loss=0.34, accuracy@1=88.36%, accuracy@5=99.63%, time-cost=5651.7 s
[033-050] Search: Architecture metrics  : loss=0.49, accuracy@1=83.57%, accuracy@5=99.23%
[033-050] Evaluation:  : loss=0.47, accuracy@1=84.13%, accuracy@5=99.26%
[033-050] Layer Alignment score:  normal: 0.0000, reduce: 0.0000
alpha 0 is Parameter containing:
tensor([[ 0.1584, -0.0375, -0.0616],
        [ 0.3085, -0.1099, -0.0847],
        [ 0.3049, -0.2077,  0.0242],
        [ 0.5115, -0.0122, -0.2838],
        [ 0.4452, -0.0635, -0.1898],
        [ 0.4583, -0.2772, -0.0727],
        [ 0.6193, -0.1426, -0.3382],
        [ 0.6169, -0.0925, -0.2962],
        [ 0.6541, -0.3036, -0.2226],
        [ 0.5071, -0.1586, -0.2073],
        [ 0.6742, -0.2326, -0.3290],
        [ 0.6206, -0.0441, -0.3623],
        [ 0.4439, -0.3173, -0.0821],
        [ 0.7655, -0.4545, -0.2244]], device='cuda:0', requires_grad=True)
alpha 1 is Parameter containing:
tensor([[-0.0027, -0.0210,  0.0231],
        [ 0.0025, -0.0197,  0.0175],
        [ 0.0778, -0.0202, -0.0330],
        [-0.1868,  0.0916,  0.0322],
        [-0.0086,  0.0180, -0.0107],
        [ 0.1446, -0.1453,  0.0386],
        [-0.0653, -0.0029,  0.0517],
        [ 0.0659, -0.1380,  0.0692],
        [-0.0687,  0.0863, -0.0292],
        [-0.0441, -0.0075,  0.0352],
        [-0.0589, -0.0841,  0.1150],
        [ 0.0370,  0.0610, -0.0689],
        [ 0.0882,  0.0183, -0.0664],
        [ 0.1172,  0.0428, -0.1075]], device='cuda:0', requires_grad=True)
[034-050] Search: Model metrics  : loss=0.33, accuracy@1=88.51%, accuracy@5=99.57%, time-cost=5857.6 s
[034-050] Search: Architecture metrics  : loss=0.48, accuracy@1=83.55%, accuracy@5=99.18%
[034-050] Evaluation:  : loss=0.46, accuracy@1=84.39%, accuracy@5=99.27%
[034-050] Layer Alignment score:  normal: 0.0000, reduce: 0.0000
alpha 0 is Parameter containing:
tensor([[ 0.1633, -0.0401, -0.0623],
        [ 0.3254, -0.1088, -0.0959],
        [ 0.3121, -0.2016,  0.0131],
        [ 0.5302, -0.0159, -0.2940],
        [ 0.4589, -0.0683, -0.1951],
        [ 0.4698, -0.2765, -0.0823],
        [ 0.6411, -0.1566, -0.3460],
        [ 0.6374, -0.1002, -0.3058],
        [ 0.6722, -0.3118, -0.2324],
        [ 0.5240, -0.1520, -0.2268],
        [ 0.6981, -0.2390, -0.3457],
        [ 0.6398, -0.0403, -0.3788],
        [ 0.4516, -0.3172, -0.0876],
        [ 0.7765, -0.4545, -0.2336]], device='cuda:0', requires_grad=True)
alpha 1 is Parameter containing:
tensor([[-1.0573e-03, -2.5879e-02,  2.6288e-02],
        [-5.9713e-04, -2.6613e-02,  2.5300e-02],
        [ 8.0614e-02, -2.5120e-02, -3.0135e-02],
        [-1.9550e-01,  8.9701e-02,  3.9618e-02],
        [-1.0594e-02,  2.3056e-02, -1.3645e-02],
        [ 1.4661e-01, -1.5105e-01,  4.2021e-02],
        [-5.5683e-02, -1.2746e-04,  4.3156e-02],
        [ 7.5634e-02, -1.3524e-01,  6.1733e-02],
        [-8.3823e-02,  8.1531e-02, -1.7307e-02],
        [-5.6392e-02,  1.5884e-03,  3.4741e-02],
        [-5.7444e-02, -8.4227e-02,  1.1448e-01],
        [ 4.2176e-02,  7.4332e-02, -8.2390e-02],
        [ 9.0097e-02,  2.9542e-02, -7.7322e-02],
        [ 1.1262e-01,  4.6745e-02, -1.0868e-01]], device='cuda:0',
       requires_grad=True)
[035-050] Search: Model metrics  : loss=0.33, accuracy@1=88.74%, accuracy@5=99.65%, time-cost=6064.1 s
[035-050] Search: Architecture metrics  : loss=0.48, accuracy@1=83.98%, accuracy@5=99.29%
[035-050] Evaluation:  : loss=0.46, accuracy@1=84.58%, accuracy@5=99.24%
[035-050] Layer Alignment score:  normal: 0.0000, reduce: 0.0000
<<<--->>> The 035-050-th epoch : found the highest validation accuracy : 84.58%.
alpha 0 is Parameter containing:
tensor([[ 0.1731, -0.0429, -0.0659],
        [ 0.3333, -0.1167, -0.0954],
        [ 0.3202, -0.2045,  0.0101],
        [ 0.5375, -0.0104, -0.3039],
        [ 0.4823, -0.0653, -0.2107],
        [ 0.4830, -0.2844, -0.0864],
        [ 0.6607, -0.1585, -0.3611],
        [ 0.6488, -0.1045, -0.3119],
        [ 0.6866, -0.3184, -0.2402],
        [ 0.5433, -0.1586, -0.2365],
        [ 0.7244, -0.2510, -0.3614],
        [ 0.6582, -0.0485, -0.3881],
        [ 0.4660, -0.3223, -0.0955],
        [ 0.7959, -0.4639, -0.2452]], device='cuda:0', requires_grad=True)
alpha 1 is Parameter containing:
tensor([[-0.0099, -0.0285,  0.0342],
        [-0.0037, -0.0270,  0.0274],
        [ 0.0851, -0.0428, -0.0161],
        [-0.1983,  0.1061,  0.0260],
        [-0.0164,  0.0354, -0.0203],
        [ 0.1552, -0.1545,  0.0387],
        [-0.0487,  0.0038,  0.0352],
        [ 0.0707, -0.1395,  0.0674],
        [-0.0809,  0.0831, -0.0199],
        [-0.0613,  0.0017,  0.0379],
        [-0.0621, -0.0934,  0.1257],
        [ 0.0445,  0.0810, -0.0892],
        [ 0.0887,  0.0340, -0.0806],
        [ 0.1169,  0.0547, -0.1186]], device='cuda:0', requires_grad=True)
[036-050] Search: Model metrics  : loss=0.33, accuracy@1=88.78%, accuracy@5=99.61%, time-cost=6270.7 s
[036-050] Search: Architecture metrics  : loss=0.48, accuracy@1=83.59%, accuracy@5=99.10%
[036-050] Evaluation:  : loss=0.46, accuracy@1=84.30%, accuracy@5=99.25%
[036-050] Layer Alignment score:  normal: 0.0000, reduce: 0.0000
alpha 0 is Parameter containing:
tensor([[ 0.1772, -0.0494, -0.0624],
        [ 0.3471, -0.1183, -0.1029],
        [ 0.3383, -0.2014, -0.0053],
        [ 0.5470, -0.0086, -0.3123],
        [ 0.5028, -0.0601, -0.2263],
        [ 0.5035, -0.2974, -0.0921],
        [ 0.6762, -0.1648, -0.3699],
        [ 0.6614, -0.1105, -0.3180],
        [ 0.7019, -0.3312, -0.2454],
        [ 0.5701, -0.1578, -0.2591],
        [ 0.7374, -0.2630, -0.3652],
        [ 0.6819, -0.0539, -0.4031],
        [ 0.4737, -0.3338, -0.0959],
        [ 0.8265, -0.4709, -0.2668]], device='cuda:0', requires_grad=True)
alpha 1 is Parameter containing:
tensor([[-0.0114, -0.0217,  0.0291],
        [-0.0052, -0.0313,  0.0322],
        [ 0.0826, -0.0446, -0.0130],
        [-0.2032,  0.1051,  0.0301],
        [-0.0107,  0.0439, -0.0294],
        [ 0.1536, -0.1602,  0.0445],
        [-0.0367,  0.0085,  0.0233],
        [ 0.0715, -0.1435,  0.0698],
        [-0.0755,  0.0820, -0.0218],
        [-0.0567,  0.0019,  0.0350],
        [-0.0725, -0.0992,  0.1370],
        [ 0.0469,  0.0831, -0.0925],
        [ 0.0830,  0.0297, -0.0741],
        [ 0.1254,  0.0514, -0.1214]], device='cuda:0', requires_grad=True)
[037-050] Search: Model metrics  : loss=0.33, accuracy@1=88.84%, accuracy@5=99.66%, time-cost=6476.8 s
[037-050] Search: Architecture metrics  : loss=0.47, accuracy@1=83.92%, accuracy@5=99.20%
[037-050] Evaluation:  : loss=0.47, accuracy@1=84.24%, accuracy@5=99.22%
[037-050] Layer Alignment score:  normal: 0.0000, reduce: 0.0000
alpha 0 is Parameter containing:
tensor([[ 0.1927, -0.0624, -0.0598],
        [ 0.3446, -0.1149, -0.1042],
        [ 0.3600, -0.2152, -0.0068],
        [ 0.5534, -0.0151, -0.3125],
        [ 0.5185, -0.0623, -0.2347],
        [ 0.5286, -0.3081, -0.1033],
        [ 0.6758, -0.1715, -0.3655],
        [ 0.6725, -0.1087, -0.3274],
        [ 0.7187, -0.3299, -0.2590],
        [ 0.5856, -0.1671, -0.2641],
        [ 0.7501, -0.2766, -0.3677],
        [ 0.6940, -0.0593, -0.4100],
        [ 0.4835, -0.3410, -0.0998],
        [ 0.8500, -0.4773, -0.2832]], device='cuda:0', requires_grad=True)
alpha 1 is Parameter containing:
tensor([[-0.0094, -0.0258,  0.0316],
        [-0.0061, -0.0335,  0.0345],
        [ 0.0788, -0.0512, -0.0044],
        [-0.1986,  0.0981,  0.0347],
        [-0.0241,  0.0340, -0.0158],
        [ 0.1586, -0.1634,  0.0434],
        [-0.0440,  0.0191,  0.0178],
        [ 0.0714, -0.1473,  0.0724],
        [-0.0750,  0.0910, -0.0293],
        [-0.0531,  0.0047,  0.0302],
        [-0.0680, -0.0974,  0.1332],
        [ 0.0455,  0.0879, -0.0960],
        [ 0.0803,  0.0343, -0.0768],
        [ 0.1195,  0.0614, -0.1268]], device='cuda:0', requires_grad=True)
[038-050] Search: Model metrics  : loss=0.32, accuracy@1=88.78%, accuracy@5=99.68%, time-cost=6682.9 s
[038-050] Search: Architecture metrics  : loss=0.49, accuracy@1=83.50%, accuracy@5=99.04%
[038-050] Evaluation:  : loss=0.46, accuracy@1=84.49%, accuracy@5=99.26%
[038-050] Layer Alignment score:  normal: 0.0000, reduce: 0.0000
alpha 0 is Parameter containing:
tensor([[ 0.2045, -0.0666, -0.0638],
        [ 0.3507, -0.1203, -0.1044],
        [ 0.3742, -0.2264, -0.0063],
        [ 0.5733, -0.0193, -0.3238],
        [ 0.5396, -0.0691, -0.2437],
        [ 0.5404, -0.3232, -0.1011],
        [ 0.7031, -0.1804, -0.3827],
        [ 0.7010, -0.1104, -0.3468],
        [ 0.7457, -0.3394, -0.2746],
        [ 0.5943, -0.1720, -0.2676],
        [ 0.7732, -0.2965, -0.3748],
        [ 0.7085, -0.0620, -0.4203],
        [ 0.5026, -0.3459, -0.1113],
        [ 0.8685, -0.4937, -0.2916]], device='cuda:0', requires_grad=True)
alpha 1 is Parameter containing:
tensor([[-0.0119, -0.0203,  0.0282],
        [-0.0005, -0.0288,  0.0273],
        [ 0.0698, -0.0485, -0.0013],
        [-0.1988,  0.0949,  0.0384],
        [-0.0245,  0.0345, -0.0158],
        [ 0.1565, -0.1607,  0.0420],
        [-0.0440,  0.0218,  0.0152],
        [ 0.0913, -0.1420,  0.0575],
        [-0.0699,  0.0960, -0.0360],
        [-0.0667,  0.0142,  0.0304],
        [-0.0682, -0.0963,  0.1326],
        [ 0.0503,  0.0882, -0.0991],
        [ 0.0770,  0.0273, -0.0693],
        [ 0.1329,  0.0607, -0.1349]], device='cuda:0', requires_grad=True)
[039-050] Search: Model metrics  : loss=0.32, accuracy@1=89.04%, accuracy@5=99.69%, time-cost=6889.3 s
[039-050] Search: Architecture metrics  : loss=0.49, accuracy@1=83.42%, accuracy@5=99.17%
[039-050] Evaluation:  : loss=0.46, accuracy@1=84.49%, accuracy@5=99.25%
[039-050] Layer Alignment score:  normal: 0.0000, reduce: 0.0000
alpha 0 is Parameter containing:
tensor([[ 0.2083, -0.0658, -0.0673],
        [ 0.3632, -0.1299, -0.1054],
        [ 0.3800, -0.2195, -0.0173],
        [ 0.6003, -0.0265, -0.3374],
        [ 0.5468, -0.0730, -0.2464],
        [ 0.5520, -0.3259, -0.1084],
        [ 0.7296, -0.1905, -0.3990],
        [ 0.7068, -0.1258, -0.3437],
        [ 0.7650, -0.3392, -0.2898],
        [ 0.6208, -0.1772, -0.2861],
        [ 0.8040, -0.3098, -0.3940],
        [ 0.7352, -0.0681, -0.4381],
        [ 0.5202, -0.3527, -0.1211],
        [ 0.8862, -0.5038, -0.3021]], device='cuda:0', requires_grad=True)
alpha 1 is Parameter containing:
tensor([[-0.0128, -0.0240,  0.0322],
        [ 0.0030, -0.0270,  0.0237],
        [ 0.0668, -0.0523,  0.0041],
        [-0.1984,  0.0908,  0.0425],
        [-0.0255,  0.0349, -0.0157],
        [ 0.1521, -0.1641,  0.0480],
        [-0.0430,  0.0239,  0.0124],
        [ 0.1070, -0.1409,  0.0477],
        [-0.0757,  0.0981, -0.0346],
        [-0.0680,  0.0122,  0.0332],
        [-0.0667, -0.0854,  0.1225],
        [ 0.0504,  0.0834, -0.0956],
        [ 0.0750,  0.0325, -0.0727],
        [ 0.1258,  0.0625, -0.1327]], device='cuda:0', requires_grad=True)
[040-050] Search: Model metrics  : loss=0.33, accuracy@1=88.89%, accuracy@5=99.65%, time-cost=7095.5 s
[040-050] Search: Architecture metrics  : loss=0.48, accuracy@1=83.66%, accuracy@5=99.22%
[040-050] Evaluation:  : loss=0.46, accuracy@1=84.67%, accuracy@5=99.24%
[040-050] Layer Alignment score:  normal: 0.0000, reduce: 0.0000
<<<--->>> The 040-050-th epoch : found the highest validation accuracy : 84.67%.
alpha 0 is Parameter containing:
tensor([[ 0.2115, -0.0642, -0.0714],
        [ 0.3772, -0.1185, -0.1228],
        [ 0.3874, -0.2229, -0.0195],
        [ 0.6186, -0.0289, -0.3490],
        [ 0.5687, -0.0764, -0.2581],
        [ 0.5658, -0.3228, -0.1218],
        [ 0.7444, -0.1977, -0.4072],
        [ 0.7264, -0.1258, -0.3585],
        [ 0.7876, -0.3426, -0.3057],
        [ 0.6282, -0.1755, -0.2946],
        [ 0.8223, -0.3122, -0.4094],
        [ 0.7462, -0.0667, -0.4482],
        [ 0.5345, -0.3529, -0.1315],
        [ 0.9025, -0.5028, -0.3164]], device='cuda:0', requires_grad=True)
alpha 1 is Parameter containing:
tensor([[-0.0052, -0.0351,  0.0371],
        [ 0.0015, -0.0301,  0.0272],
        [ 0.0624, -0.0512,  0.0059],
        [-0.2118,  0.0955,  0.0459],
        [-0.0105,  0.0451, -0.0303],
        [ 0.1534, -0.1642,  0.0468],
        [-0.0385,  0.0207,  0.0128],
        [ 0.1129, -0.1443,  0.0465],
        [-0.0731,  0.1027, -0.0398],
        [-0.0775,  0.0141,  0.0377],
        [-0.0841, -0.0918,  0.1384],
        [ 0.0567,  0.0888, -0.1038],
        [ 0.0866,  0.0409, -0.0865],
        [ 0.1305,  0.0552, -0.1297]], device='cuda:0', requires_grad=True)
[041-050] Search: Model metrics  : loss=0.32, accuracy@1=89.04%, accuracy@5=99.66%, time-cost=7301.3 s
[041-050] Search: Architecture metrics  : loss=0.48, accuracy@1=83.91%, accuracy@5=99.02%
[041-050] Evaluation:  : loss=0.45, accuracy@1=84.66%, accuracy@5=99.30%
[041-050] Layer Alignment score:  normal: 0.0000, reduce: 0.0000
alpha 0 is Parameter containing:
tensor([[ 0.2129, -0.0604, -0.0765],
        [ 0.3931, -0.1308, -0.1239],
        [ 0.3951, -0.2297, -0.0187],
        [ 0.6428, -0.0318, -0.3647],
        [ 0.5799, -0.0817, -0.2624],
        [ 0.5963, -0.3314, -0.1395],
        [ 0.7600, -0.2070, -0.4150],
        [ 0.7347, -0.1368, -0.3596],
        [ 0.8041, -0.3462, -0.3173],
        [ 0.6423, -0.1813, -0.3019],
        [ 0.8514, -0.3214, -0.4301],
        [ 0.7560, -0.0729, -0.4531],
        [ 0.5470, -0.3620, -0.1367],
        [ 0.9250, -0.5152, -0.3306]], device='cuda:0', requires_grad=True)
alpha 1 is Parameter containing:
tensor([[-0.0003, -0.0350,  0.0339],
        [-0.0012, -0.0310,  0.0297],
        [ 0.0496, -0.0438,  0.0069],
        [-0.2071,  0.1013,  0.0385],
        [-0.0161,  0.0426, -0.0260],
        [ 0.1581, -0.1697,  0.0480],
        [-0.0337,  0.0210,  0.0092],
        [ 0.1274, -0.1373,  0.0331],
        [-0.0716,  0.1008, -0.0388],
        [-0.0755,  0.0130,  0.0377],
        [-0.0856, -0.0920,  0.1398],
        [ 0.0517,  0.0856, -0.0989],
        [ 0.0759,  0.0433, -0.0828],
        [ 0.1293,  0.0563, -0.1305]], device='cuda:0', requires_grad=True)
[042-050] Search: Model metrics  : loss=0.33, accuracy@1=88.81%, accuracy@5=99.73%, time-cost=7506.9 s
[042-050] Search: Architecture metrics  : loss=0.48, accuracy@1=83.65%, accuracy@5=99.20%
[042-050] Evaluation:  : loss=0.45, accuracy@1=84.53%, accuracy@5=99.26%
[042-050] Layer Alignment score:  normal: 0.0000, reduce: 0.0000
alpha 0 is Parameter containing:
tensor([[ 0.2278, -0.0697, -0.0773],
        [ 0.3922, -0.1361, -0.1199],
        [ 0.4137, -0.2375, -0.0240],
        [ 0.6445, -0.0374, -0.3625],
        [ 0.5947, -0.0845, -0.2705],
        [ 0.6149, -0.3492, -0.1413],
        [ 0.7709, -0.2068, -0.4253],
        [ 0.7489, -0.1418, -0.3681],
        [ 0.8100, -0.3499, -0.3207],
        [ 0.6642, -0.1878, -0.3159],
        [ 0.8658, -0.3339, -0.4355],
        [ 0.7717, -0.0730, -0.4657],
        [ 0.5634, -0.3637, -0.1479],
        [ 0.9475, -0.5188, -0.3486]], device='cuda:0', requires_grad=True)
alpha 1 is Parameter containing:
tensor([[ 0.0048, -0.0472,  0.0415],
        [ 0.0013, -0.0278,  0.0253],
        [ 0.0600, -0.0570,  0.0125],
        [-0.2090,  0.1021,  0.0392],
        [-0.0223,  0.0347, -0.0170],
        [ 0.1656, -0.1729,  0.0450],
        [-0.0425,  0.0275,  0.0086],
        [ 0.1412, -0.1422,  0.0283],
        [-0.0757,  0.0969, -0.0333],
        [-0.0862,  0.0127,  0.0447],
        [-0.0813, -0.0850,  0.1316],
        [ 0.0483,  0.0825, -0.0950],
        [ 0.0715,  0.0340, -0.0728],
        [ 0.1350,  0.0524, -0.1311]], device='cuda:0', requires_grad=True)
[043-050] Search: Model metrics  : loss=0.32, accuracy@1=89.11%, accuracy@5=99.66%, time-cost=7712.8 s
[043-050] Search: Architecture metrics  : loss=0.47, accuracy@1=83.91%, accuracy@5=99.18%
[043-050] Evaluation:  : loss=0.46, accuracy@1=84.64%, accuracy@5=99.32%
[043-050] Layer Alignment score:  normal: 0.0000, reduce: 0.0000
alpha 0 is Parameter containing:
tensor([[ 0.2397, -0.0749, -0.0802],
        [ 0.4022, -0.1492, -0.1168],
        [ 0.4361, -0.2369, -0.0398],
        [ 0.6432, -0.0467, -0.3551],
        [ 0.6130, -0.0894, -0.2796],
        [ 0.6358, -0.3520, -0.1566],
        [ 0.7849, -0.2216, -0.4273],
        [ 0.7608, -0.1466, -0.3750],
        [ 0.8150, -0.3625, -0.3193],
        [ 0.6728, -0.1963, -0.3167],
        [ 0.8751, -0.3374, -0.4423],
        [ 0.7984, -0.0711, -0.4878],
        [ 0.5690, -0.3717, -0.1487],
        [ 0.9693, -0.5182, -0.3677]], device='cuda:0', requires_grad=True)
alpha 1 is Parameter containing:
tensor([[ 0.0188, -0.0585,  0.0425],
        [-0.0060, -0.0321,  0.0334],
        [ 0.0658, -0.0509,  0.0031],
        [-0.2171,  0.1114,  0.0351],
        [-0.0256,  0.0222, -0.0055],
        [ 0.1778, -0.1780,  0.0402],
        [-0.0389,  0.0270,  0.0069],
        [ 0.1327, -0.1602,  0.0454],
        [-0.0673,  0.0991, -0.0394],
        [-0.0756,  0.0141,  0.0373],
        [-0.0979, -0.0831,  0.1403],
        [ 0.0533,  0.0654, -0.0845],
        [ 0.0769,  0.0286, -0.0717],
        [ 0.1419,  0.0502, -0.1340]], device='cuda:0', requires_grad=True)
[044-050] Search: Model metrics  : loss=0.32, accuracy@1=88.83%, accuracy@5=99.63%, time-cost=7918.8 s
[044-050] Search: Architecture metrics  : loss=0.47, accuracy@1=84.14%, accuracy@5=99.22%
[044-050] Evaluation:  : loss=0.46, accuracy@1=84.71%, accuracy@5=99.24%
[044-050] Layer Alignment score:  normal: 0.0000, reduce: 0.0000
<<<--->>> The 044-050-th epoch : found the highest validation accuracy : 84.71%.
alpha 0 is Parameter containing:
tensor([[ 0.2478, -0.0815, -0.0791],
        [ 0.4163, -0.1516, -0.1244],
        [ 0.4471, -0.2452, -0.0398],
        [ 0.6542, -0.0546, -0.3578],
        [ 0.6191, -0.1013, -0.2773],
        [ 0.6562, -0.3563, -0.1707],
        [ 0.7954, -0.2350, -0.4274],
        [ 0.7738, -0.1460, -0.3854],
        [ 0.8256, -0.3603, -0.3290],
        [ 0.6878, -0.2017, -0.3260],
        [ 0.8884, -0.3407, -0.4531],
        [ 0.8065, -0.0772, -0.4915],
        [ 0.5797, -0.3671, -0.1586],
        [ 0.9860, -0.5242, -0.3800]], device='cuda:0', requires_grad=True)
alpha 1 is Parameter containing:
tensor([[ 0.0199, -0.0478,  0.0320],
        [-0.0035, -0.0313,  0.0314],
        [ 0.0628, -0.0530,  0.0068],
        [-0.2143,  0.1076,  0.0377],
        [-0.0203,  0.0115,  0.0006],
        [ 0.1770, -0.1663,  0.0301],
        [-0.0361,  0.0295,  0.0025],
        [ 0.1311, -0.1574,  0.0443],
        [-0.0633,  0.1006, -0.0427],
        [-0.0819,  0.0193,  0.0367],
        [-0.0989, -0.0688,  0.1290],
        [ 0.0517,  0.0640, -0.0829],
        [ 0.0890,  0.0280, -0.0785],
        [ 0.1399,  0.0421, -0.1264]], device='cuda:0', requires_grad=True)
[045-050] Search: Model metrics  : loss=0.32, accuracy@1=88.90%, accuracy@5=99.66%, time-cost=8124.2 s
[045-050] Search: Architecture metrics  : loss=0.48, accuracy@1=83.71%, accuracy@5=99.13%
[045-050] Evaluation:  : loss=0.46, accuracy@1=84.57%, accuracy@5=99.30%
[045-050] Layer Alignment score:  normal: 0.0000, reduce: 0.0000
alpha 0 is Parameter containing:
tensor([[ 0.2586, -0.0902, -0.0778],
        [ 0.4249, -0.1604, -0.1238],
        [ 0.4642, -0.2492, -0.0481],
        [ 0.6680, -0.0623, -0.3626],
        [ 0.6226, -0.1107, -0.2750],
        [ 0.6645, -0.3644, -0.1719],
        [ 0.8142, -0.2464, -0.4367],
        [ 0.7845, -0.1454, -0.3942],
        [ 0.8320, -0.3596, -0.3349],
        [ 0.7068, -0.2082, -0.3378],
        [ 0.9098, -0.3518, -0.4664],
        [ 0.8147, -0.0767, -0.4990],
        [ 0.5984, -0.3637, -0.1737],
        [ 0.9887, -0.5305, -0.3801]], device='cuda:0', requires_grad=True)
alpha 1 is Parameter containing:
tensor([[ 0.0153, -0.0539,  0.0405],
        [-0.0055, -0.0276,  0.0293],
        [ 0.0653, -0.0578,  0.0095],
        [-0.2109,  0.1029,  0.0408],
        [-0.0203,  0.0166, -0.0034],
        [ 0.1703, -0.1629,  0.0316],
        [-0.0263,  0.0186,  0.0072],
        [ 0.1254, -0.1661,  0.0534],
        [-0.0502,  0.0995, -0.0485],
        [-0.0937,  0.0248,  0.0392],
        [-0.0973, -0.0734,  0.1324],
        [ 0.0455,  0.0661, -0.0815],
        [ 0.0988,  0.0251, -0.0821],
        [ 0.1444,  0.0467, -0.1336]], device='cuda:0', requires_grad=True)
[046-050] Search: Model metrics  : loss=0.32, accuracy@1=89.20%, accuracy@5=99.69%, time-cost=8330.1 s
[046-050] Search: Architecture metrics  : loss=0.48, accuracy@1=83.77%, accuracy@5=99.08%
[046-050] Evaluation:  : loss=0.45, accuracy@1=84.71%, accuracy@5=99.24%
[046-050] Layer Alignment score:  normal: 0.0000, reduce: 0.0000
alpha 0 is Parameter containing:
tensor([[ 0.2663, -0.0840, -0.0897],
        [ 0.4359, -0.1625, -0.1296],
        [ 0.4668, -0.2494, -0.0502],
        [ 0.6847, -0.0591, -0.3779],
        [ 0.6391, -0.1118, -0.2851],
        [ 0.6754, -0.3702, -0.1769],
        [ 0.8238, -0.2553, -0.4397],
        [ 0.8011, -0.1468, -0.4060],
        [ 0.8423, -0.3627, -0.3421],
        [ 0.7127, -0.2090, -0.3431],
        [ 0.9237, -0.3514, -0.4807],
        [ 0.8271, -0.0678, -0.5148],
        [ 0.6139, -0.3593, -0.1870],
        [ 0.9939, -0.5280, -0.3859]], device='cuda:0', requires_grad=True)
alpha 1 is Parameter containing:
tensor([[ 0.0133, -0.0556,  0.0433],
        [-0.0007, -0.0271,  0.0261],
        [ 0.0624, -0.0571,  0.0106],
        [-0.2032,  0.0919,  0.0477],
        [-0.0263,  0.0134,  0.0019],
        [ 0.1742, -0.1694,  0.0340],
        [-0.0185,  0.0172,  0.0035],
        [ 0.1263, -0.1651,  0.0521],
        [-0.0533,  0.1003, -0.0476],
        [-0.0924,  0.0145,  0.0481],
        [-0.1041, -0.0807,  0.1429],
        [ 0.0480,  0.0593, -0.0778],
        [ 0.0976,  0.0127, -0.0716],
        [ 0.1463,  0.0407, -0.1303]], device='cuda:0', requires_grad=True)
[047-050] Search: Model metrics  : loss=0.32, accuracy@1=89.32%, accuracy@5=99.67%, time-cost=8535.6 s
[047-050] Search: Architecture metrics  : loss=0.48, accuracy@1=83.53%, accuracy@5=99.26%
[047-050] Evaluation:  : loss=0.45, accuracy@1=84.70%, accuracy@5=99.28%
[047-050] Layer Alignment score:  normal: 0.0000, reduce: 0.0000
alpha 0 is Parameter containing:
tensor([[ 0.2726, -0.0861, -0.0922],
        [ 0.4481, -0.1634, -0.1371],
        [ 0.4662, -0.2478, -0.0521],
        [ 0.6985, -0.0642, -0.3847],
        [ 0.6656, -0.1035, -0.3069],
        [ 0.6891, -0.3762, -0.1840],
        [ 0.8300, -0.2605, -0.4422],
        [ 0.8151, -0.1472, -0.4166],
        [ 0.8473, -0.3643, -0.3459],
        [ 0.7359, -0.2182, -0.3565],
        [ 0.9417, -0.3533, -0.4978],
        [ 0.8413, -0.0775, -0.5212],
        [ 0.6276, -0.3627, -0.1959],
        [ 0.9999, -0.5311, -0.3901]], device='cuda:0', requires_grad=True)
alpha 1 is Parameter containing:
tensor([[ 0.0110, -0.0588,  0.0477],
        [ 0.0087, -0.0376,  0.0299],
        [ 0.0618, -0.0502,  0.0045],
        [-0.2002,  0.0945,  0.0441],
        [-0.0257,  0.0146,  0.0007],
        [ 0.1682, -0.1774,  0.0452],
        [-0.0158,  0.0103,  0.0083],
        [ 0.1331, -0.1652,  0.0480],
        [-0.0634,  0.0990, -0.0412],
        [-0.1002,  0.0021,  0.0643],
        [-0.1022, -0.0789,  0.1406],
        [ 0.0583,  0.0557, -0.0806],
        [ 0.0998,  0.0146, -0.0748],
        [ 0.1371,  0.0346, -0.1201]], device='cuda:0', requires_grad=True)
[048-050] Search: Model metrics  : loss=0.32, accuracy@1=89.09%, accuracy@5=99.64%, time-cost=8741.2 s
[048-050] Search: Architecture metrics  : loss=0.48, accuracy@1=83.53%, accuracy@5=99.26%
[048-050] Evaluation:  : loss=0.45, accuracy@1=84.75%, accuracy@5=99.32%
[048-050] Layer Alignment score:  normal: 0.0000, reduce: 0.0000
<<<--->>> The 048-050-th epoch : found the highest validation accuracy : 84.75%.
alpha 0 is Parameter containing:
tensor([[ 0.2869, -0.0883, -0.1000],
        [ 0.4563, -0.1700, -0.1378],
        [ 0.4805, -0.2576, -0.0530],
        [ 0.7099, -0.0695, -0.3897],
        [ 0.6817, -0.1114, -0.3133],
        [ 0.7159, -0.3874, -0.1983],
        [ 0.8430, -0.2742, -0.4449],
        [ 0.8234, -0.1556, -0.4192],
        [ 0.8623, -0.3682, -0.3566],
        [ 0.7519, -0.2181, -0.3721],
        [ 0.9538, -0.3670, -0.5008],
        [ 0.8479, -0.0791, -0.5266],
        [ 0.6265, -0.3671, -0.1935],
        [ 1.0036, -0.5380, -0.3908]], device='cuda:0', requires_grad=True)
alpha 1 is Parameter containing:
tensor([[ 0.0041, -0.0527,  0.0469],
        [ 0.0124, -0.0401,  0.0299],
        [ 0.0596, -0.0566,  0.0118],
        [-0.1970,  0.0852,  0.0515],
        [-0.0334,  0.0130,  0.0056],
        [ 0.1733, -0.1871,  0.0497],
        [-0.0110,  0.0080,  0.0074],
        [ 0.1415, -0.1605,  0.0397],
        [-0.0685,  0.0950, -0.0351],
        [-0.1011,  0.0020,  0.0654],
        [-0.1095, -0.0755,  0.1423],
        [ 0.0661,  0.0641, -0.0918],
        [ 0.0984,  0.0167, -0.0761],
        [ 0.1379,  0.0353, -0.1217]], device='cuda:0', requires_grad=True)
[049-050] Search: Model metrics  : loss=0.31, accuracy@1=89.37%, accuracy@5=99.65%, time-cost=8946.9 s
[049-050] Search: Architecture metrics  : loss=0.46, accuracy@1=84.36%, accuracy@5=99.29%
[049-050] Evaluation:  : loss=0.45, accuracy@1=84.58%, accuracy@5=99.23%
[049-050] Layer Alignment score:  normal: 0.0000, reduce: 0.0000
alpha 0 is Parameter containing:
tensor([[ 0.2963, -0.0875, -0.1077],
        [ 0.4673, -0.1705, -0.1452],
        [ 0.4859, -0.2625, -0.0528],
        [ 0.7306, -0.0719, -0.4040],
        [ 0.6874, -0.1243, -0.3106],
        [ 0.7232, -0.3864, -0.2058],
        [ 0.8532, -0.2815, -0.4497],
        [ 0.8320, -0.1585, -0.4248],
        [ 0.8733, -0.3569, -0.3708],
        [ 0.7600, -0.2245, -0.3745],
        [ 0.9619, -0.3716, -0.5062],
        [ 0.8494, -0.0881, -0.5238],
        [ 0.6471, -0.3585, -0.2125],
        [ 1.0042, -0.5445, -0.3891]], device='cuda:0', requires_grad=True)
alpha 1 is Parameter containing:
tensor([[ 0.0025, -0.0623,  0.0564],
        [ 0.0071, -0.0458,  0.0380],
        [ 0.0610, -0.0664,  0.0198],
        [-0.1955,  0.0826,  0.0536],
        [-0.0414,  0.0216,  0.0027],
        [ 0.1798, -0.1954,  0.0517],
        [ 0.0018,  0.0115, -0.0048],
        [ 0.1410, -0.1623,  0.0410],
        [-0.0730,  0.0940, -0.0317],
        [-0.1014,  0.0068,  0.0616],
        [-0.1160, -0.0763,  0.1472],
        [ 0.0633,  0.0728, -0.0975],
        [ 0.0889,  0.0184, -0.0724],
        [ 0.1353,  0.0457, -0.1291]], device='cuda:0', requires_grad=True)
[050-050] Search: Model metrics  : loss=0.32, accuracy@1=89.11%, accuracy@5=99.61%, time-cost=9152.5 s
[050-050] Search: Architecture metrics  : loss=0.47, accuracy@1=84.08%, accuracy@5=99.26%
[050-050] Evaluation:  : loss=0.46, accuracy@1=84.72%, accuracy@5=99.19%
[050-050] Layer Alignment score:  normal: 0.0000, reduce: 0.0000
alpha 0 is Parameter containing:
tensor([[ 0.3098, -0.0985, -0.1063],
        [ 0.4668, -0.1635, -0.1504],
        [ 0.4959, -0.2695, -0.0540],
        [ 0.7452, -0.0731, -0.4151],
        [ 0.6889, -0.1283, -0.3103],
        [ 0.7464, -0.4050, -0.2119],
        [ 0.8637, -0.2918, -0.4526],
        [ 0.8514, -0.1653, -0.4362],
        [ 0.8810, -0.3685, -0.3725],
        [ 0.7725, -0.2307, -0.3816],
        [ 0.9695, -0.3741, -0.5125],
        [ 0.8541, -0.0849, -0.5305],
        [ 0.6570, -0.3543, -0.2218],
        [ 1.0152, -0.5479, -0.3976]], device='cuda:0', requires_grad=True)
alpha 1 is Parameter containing:
tensor([[ 3.9969e-03, -6.6243e-02,  5.8896e-02],
        [ 1.1557e-02, -4.2592e-02,  3.2620e-02],
        [ 6.3996e-02, -6.5531e-02,  1.7029e-02],
        [-2.0126e-01,  8.8776e-02,  5.1347e-02],
        [-4.0967e-02,  1.5950e-02,  7.0216e-03],
        [ 1.9027e-01, -1.9744e-01,  4.5561e-02],
        [-8.3862e-04,  5.2601e-03,  2.9413e-03],
        [ 1.4825e-01, -1.6247e-01,  3.6672e-02],
        [-8.0632e-02,  9.6738e-02, -2.9922e-02],
        [-8.7824e-02,  1.3954e-04,  5.9789e-02],
        [-1.3494e-01, -8.2478e-02,  1.6407e-01],
        [ 6.0125e-02,  7.3362e-02, -9.6698e-02],
        [ 8.5012e-02,  1.3303e-02, -6.6407e-02],
        [ 1.3784e-01,  4.8193e-02, -1.3318e-01]], device='cuda:0',
       requires_grad=True)
