Files already downloaded and verified
Files already downloaded and verified
[001-050] Search: Model metrics  : loss=1.62, accuracy@1=40.21%, accuracy@5=88.79%, time-cost=89.9 s
[001-050] Evaluation:  : loss=1.62, accuracy@1=42.73%, accuracy@5=91.96%
<<<--->>> The 001-050-th epoch : found the highest validation accuracy : 42.73%.
Benchmark Results for cifar10 -> train: 0.0, valid: 0.0, test: 93.17496475062372
[002-050] Search: Model metrics  : loss=1.18, accuracy@1=57.50%, accuracy@5=95.08%, time-cost=177.7 s
[002-050] Evaluation:  : loss=1.14, accuracy@1=59.20%, accuracy@5=95.69%
<<<--->>> The 002-050-th epoch : found the highest validation accuracy : 59.20%.
Benchmark Results for cifar10 -> train: 0.0, valid: 0.0, test: 93.24693605453565
[003-050] Search: Model metrics  : loss=0.99, accuracy@1=64.72%, accuracy@5=96.75%, time-cost=265.0 s
[003-050] Evaluation:  : loss=1.05, accuracy@1=63.16%, accuracy@5=96.67%
<<<--->>> The 003-050-th epoch : found the highest validation accuracy : 63.16%.
Benchmark Results for cifar10 -> train: 0.0, valid: 0.0, test: 93.16765703649675
[004-050] Search: Model metrics  : loss=0.87, accuracy@1=69.31%, accuracy@5=97.72%, time-cost=352.2 s
[004-050] Evaluation:  : loss=0.92, accuracy@1=68.75%, accuracy@5=96.18%
<<<--->>> The 004-050-th epoch : found the highest validation accuracy : 68.75%.
Benchmark Results for cifar10 -> train: 0.0, valid: 0.0, test: 93.17772967006512
[005-050] Search: Model metrics  : loss=0.78, accuracy@1=72.52%, accuracy@5=98.14%, time-cost=439.4 s
[005-050] Evaluation:  : loss=0.82, accuracy@1=72.03%, accuracy@5=97.64%
<<<--->>> The 005-050-th epoch : found the highest validation accuracy : 72.03%.
Benchmark Results for cifar10 -> train: 0.0, valid: 0.0, test: 93.18735118963427
[006-050] Search: Model metrics  : loss=0.71, accuracy@1=75.42%, accuracy@5=98.42%, time-cost=527.0 s
[006-050] Evaluation:  : loss=0.84, accuracy@1=71.86%, accuracy@5=97.46%
Benchmark Results for cifar10 -> train: 0.0, valid: 0.0, test: 93.19351232027365
[007-050] Search: Model metrics  : loss=0.65, accuracy@1=77.31%, accuracy@5=98.63%, time-cost=614.1 s
[007-050] Evaluation:  : loss=0.70, accuracy@1=75.93%, accuracy@5=98.24%
<<<--->>> The 007-050-th epoch : found the highest validation accuracy : 75.93%.
Benchmark Results for cifar10 -> train: 0.0, valid: 0.0, test: 93.20665716936952
[008-050] Search: Model metrics  : loss=0.60, accuracy@1=79.02%, accuracy@5=98.83%, time-cost=701.6 s
[008-050] Evaluation:  : loss=0.76, accuracy@1=73.53%, accuracy@5=98.33%
Benchmark Results for cifar10 -> train: 0.0, valid: 0.0, test: 93.18569921664546
[009-050] Search: Model metrics  : loss=0.57, accuracy@1=80.32%, accuracy@5=98.88%, time-cost=788.8 s
[009-050] Evaluation:  : loss=0.65, accuracy@1=77.75%, accuracy@5=98.52%
<<<--->>> The 009-050-th epoch : found the highest validation accuracy : 77.75%.
Benchmark Results for cifar10 -> train: 0.0, valid: 0.0, test: 93.16078665313844
[010-050] Search: Model metrics  : loss=0.54, accuracy@1=81.26%, accuracy@5=99.08%, time-cost=876.3 s
[010-050] Evaluation:  : loss=0.72, accuracy@1=75.98%, accuracy@5=98.46%
Benchmark Results for cifar10 -> train: 0.0, valid: 0.0, test: 93.15023292185425
The searchspace has been warm started with 10 epochs
LoRA layers have been initialized for all operations with Conv2DLoRA module
[011-050] Search: Model metrics  : loss=0.46, accuracy@1=84.13%, accuracy@5=99.36%, time-cost=1071.7 s
[011-050] Search: Architecture metrics  : loss=0.56, accuracy@1=80.85%, accuracy@5=98.77%
[011-050] Evaluation:  : loss=0.53, accuracy@1=82.15%, accuracy@5=99.00%
<<<--->>> The 011-050-th epoch : found the highest validation accuracy : 82.15%.
Benchmark Results for cifar10 -> train: 0.0, valid: 0.0, test: 93.85471109540876
alpha 0 is Parameter containing:
tensor([[ 1.2335e-02, -1.1709e-02],
        [-1.9147e-02,  1.7764e-02],
        [ 8.0879e-03, -9.9090e-03],
        [ 1.1118e-03, -2.9624e-03],
        [ 1.0375e-02, -8.6281e-03],
        [ 6.6878e-03, -7.9482e-03],
        [ 1.0306e-02, -1.0735e-02],
        [ 1.2092e-02, -1.1236e-02],
        [-2.1751e-05, -4.9552e-05],
        [-1.2214e-02,  1.0827e-02],
        [ 3.0834e-02, -2.9288e-02],
        [-8.3966e-03,  6.5031e-03],
        [ 5.3989e-03, -5.8298e-03],
        [-1.3050e-02,  1.2906e-02]], device='cuda:0', requires_grad=True)
alpha 1 is Parameter containing:
tensor([[ 0.0103, -0.0110],
        [-0.0205,  0.0196],
        [ 0.0048, -0.0042],
        [-0.0055,  0.0055],
        [ 0.0108, -0.0109],
        [-0.0020,  0.0023],
        [ 0.0068, -0.0081],
        [ 0.0117, -0.0116],
        [ 0.0190, -0.0166],
        [ 0.0016, -0.0016],
        [-0.0067,  0.0062],
        [-0.0047,  0.0051],
        [ 0.0133, -0.0139],
        [-0.0224,  0.0234]], device='cuda:0', requires_grad=True)
[012-050] Search: Model metrics  : loss=0.44, accuracy@1=84.93%, accuracy@5=99.42%, time-cost=1266.9 s
[012-050] Search: Architecture metrics  : loss=0.54, accuracy@1=81.69%, accuracy@5=98.93%
[012-050] Evaluation:  : loss=0.53, accuracy@1=81.95%, accuracy@5=99.14%
Benchmark Results for cifar10 -> train: 0.0, valid: 0.0, test: 93.56488006259244
alpha 0 is Parameter containing:
tensor([[ 0.0118, -0.0112],
        [-0.0334,  0.0320],
        [ 0.0135, -0.0153],
        [ 0.0012, -0.0031],
        [ 0.0183, -0.0166],
        [ 0.0086, -0.0099],
        [ 0.0123, -0.0127],
        [ 0.0248, -0.0240],
        [-0.0027,  0.0026],
        [-0.0150,  0.0137],
        [ 0.0561, -0.0546],
        [ 0.0016, -0.0035],
        [ 0.0247, -0.0251],
        [-0.0160,  0.0159]], device='cuda:0', requires_grad=True)
alpha 1 is Parameter containing:
tensor([[ 0.0082, -0.0089],
        [-0.0303,  0.0294],
        [-0.0038,  0.0044],
        [-0.0168,  0.0168],
        [ 0.0177, -0.0178],
        [ 0.0015, -0.0012],
        [ 0.0052, -0.0065],
        [ 0.0126, -0.0125],
        [ 0.0287, -0.0263],
        [ 0.0047, -0.0046],
        [-0.0112,  0.0107],
        [-0.0053,  0.0056],
        [ 0.0219, -0.0226],
        [-0.0320,  0.0330]], device='cuda:0', requires_grad=True)
[013-050] Search: Model metrics  : loss=0.42, accuracy@1=85.27%, accuracy@5=99.41%, time-cost=1462.0 s
[013-050] Search: Architecture metrics  : loss=0.54, accuracy@1=81.58%, accuracy@5=98.94%
[013-050] Evaluation:  : loss=0.52, accuracy@1=82.46%, accuracy@5=99.10%
<<<--->>> The 013-050-th epoch : found the highest validation accuracy : 82.46%.
Benchmark Results for cifar10 -> train: 0.0, valid: 0.0, test: 93.85206401557289
alpha 0 is Parameter containing:
tensor([[ 0.0176, -0.0170],
        [-0.0421,  0.0408],
        [ 0.0035, -0.0053],
        [-0.0122,  0.0103],
        [ 0.0252, -0.0234],
        [ 0.0124, -0.0137],
        [ 0.0119, -0.0123],
        [ 0.0357, -0.0348],
        [-0.0038,  0.0038],
        [-0.0202,  0.0188],
        [ 0.0701, -0.0685],
        [ 0.0130, -0.0149],
        [ 0.0290, -0.0294],
        [-0.0354,  0.0353]], device='cuda:0', requires_grad=True)
alpha 1 is Parameter containing:
tensor([[ 0.0015, -0.0023],
        [-0.0383,  0.0374],
        [ 0.0011, -0.0005],
        [-0.0330,  0.0330],
        [ 0.0260, -0.0261],
        [ 0.0052, -0.0049],
        [ 0.0085, -0.0098],
        [ 0.0194, -0.0193],
        [ 0.0349, -0.0325],
        [-0.0049,  0.0049],
        [-0.0150,  0.0146],
        [-0.0052,  0.0056],
        [ 0.0332, -0.0338],
        [-0.0464,  0.0473]], device='cuda:0', requires_grad=True)
[014-050] Search: Model metrics  : loss=0.42, accuracy@1=85.60%, accuracy@5=99.35%, time-cost=1657.1 s
[014-050] Search: Architecture metrics  : loss=0.54, accuracy@1=81.51%, accuracy@5=99.04%
[014-050] Evaluation:  : loss=0.52, accuracy@1=82.36%, accuracy@5=99.05%
Benchmark Results for cifar10 -> train: 0.0, valid: 0.0, test: 93.69960638736876
alpha 0 is Parameter containing:
tensor([[ 0.0108, -0.0102],
        [-0.0597,  0.0583],
        [ 0.0031, -0.0049],
        [-0.0229,  0.0211],
        [ 0.0343, -0.0326],
        [ 0.0059, -0.0072],
        [ 0.0009, -0.0013],
        [ 0.0427, -0.0418],
        [-0.0179,  0.0178],
        [-0.0276,  0.0262],
        [ 0.0709, -0.0694],
        [ 0.0229, -0.0248],
        [ 0.0292, -0.0297],
        [-0.0583,  0.0581]], device='cuda:0', requires_grad=True)
alpha 1 is Parameter containing:
tensor([[ 0.0022, -0.0029],
        [-0.0429,  0.0421],
        [ 0.0083, -0.0077],
        [-0.0387,  0.0387],
        [ 0.0193, -0.0194],
        [ 0.0030, -0.0027],
        [ 0.0117, -0.0130],
        [ 0.0198, -0.0196],
        [ 0.0508, -0.0485],
        [-0.0047,  0.0047],
        [-0.0198,  0.0194],
        [ 0.0005, -0.0002],
        [ 0.0295, -0.0301],
        [-0.0591,  0.0600]], device='cuda:0', requires_grad=True)
[015-050] Search: Model metrics  : loss=0.42, accuracy@1=85.56%, accuracy@5=99.38%, time-cost=1852.7 s
[015-050] Search: Architecture metrics  : loss=0.54, accuracy@1=81.82%, accuracy@5=98.96%
[015-050] Evaluation:  : loss=0.53, accuracy@1=82.40%, accuracy@5=99.10%
Benchmark Results for cifar10 -> train: 0.0, valid: 0.0, test: 93.76538735340766
alpha 0 is Parameter containing:
tensor([[ 0.0058, -0.0052],
        [-0.0630,  0.0617],
        [ 0.0032, -0.0050],
        [-0.0243,  0.0225],
        [ 0.0461, -0.0444],
        [ 0.0072, -0.0085],
        [-0.0001, -0.0003],
        [ 0.0556, -0.0548],
        [-0.0134,  0.0133],
        [-0.0389,  0.0376],
        [ 0.0798, -0.0783],
        [ 0.0241, -0.0259],
        [ 0.0363, -0.0367],
        [-0.0711,  0.0710]], device='cuda:0', requires_grad=True)
alpha 1 is Parameter containing:
tensor([[-0.0022,  0.0015],
        [-0.0413,  0.0404],
        [ 0.0190, -0.0184],
        [-0.0378,  0.0378],
        [ 0.0267, -0.0268],
        [ 0.0093, -0.0090],
        [ 0.0153, -0.0166],
        [ 0.0185, -0.0184],
        [ 0.0538, -0.0516],
        [ 0.0006, -0.0006],
        [-0.0216,  0.0211],
        [ 0.0104, -0.0101],
        [ 0.0302, -0.0308],
        [-0.0645,  0.0654]], device='cuda:0', requires_grad=True)
[016-050] Search: Model metrics  : loss=0.41, accuracy@1=85.72%, accuracy@5=99.48%, time-cost=2047.3 s
[016-050] Search: Architecture metrics  : loss=0.54, accuracy@1=81.87%, accuracy@5=99.16%
[016-050] Evaluation:  : loss=0.52, accuracy@1=82.72%, accuracy@5=99.11%
<<<--->>> The 016-050-th epoch : found the highest validation accuracy : 82.72%.
Benchmark Results for cifar10 -> train: 0.0, valid: 0.0, test: 93.9959919609614
alpha 0 is Parameter containing:
tensor([[ 0.0025, -0.0019],
        [-0.0784,  0.0771],
        [-0.0050,  0.0032],
        [-0.0261,  0.0243],
        [ 0.0615, -0.0598],
        [ 0.0100, -0.0112],
        [-0.0013,  0.0009],
        [ 0.0533, -0.0525],
        [-0.0181,  0.0180],
        [-0.0454,  0.0441],
        [ 0.0925, -0.0910],
        [ 0.0200, -0.0219],
        [ 0.0364, -0.0368],
        [-0.0810,  0.0809]], device='cuda:0', requires_grad=True)
alpha 1 is Parameter containing:
tensor([[ 0.0022, -0.0030],
        [-0.0445,  0.0437],
        [ 0.0267, -0.0261],
        [-0.0597,  0.0597],
        [ 0.0365, -0.0366],
        [ 0.0060, -0.0058],
        [ 0.0224, -0.0237],
        [ 0.0230, -0.0228],
        [ 0.0683, -0.0661],
        [-0.0029,  0.0029],
        [-0.0227,  0.0223],
        [ 0.0117, -0.0113],
        [ 0.0352, -0.0358],
        [-0.0743,  0.0753]], device='cuda:0', requires_grad=True)
[017-050] Search: Model metrics  : loss=0.41, accuracy@1=85.81%, accuracy@5=99.44%, time-cost=2242.0 s
[017-050] Search: Architecture metrics  : loss=0.54, accuracy@1=81.87%, accuracy@5=98.91%
[017-050] Evaluation:  : loss=0.51, accuracy@1=82.63%, accuracy@5=99.11%
Benchmark Results for cifar10 -> train: 0.0, valid: 0.0, test: 93.84173862265834
alpha 0 is Parameter containing:
tensor([[ 0.0064, -0.0057],
        [-0.0894,  0.0880],
        [-0.0116,  0.0099],
        [-0.0415,  0.0397],
        [ 0.0638, -0.0621],
        [ 0.0127, -0.0139],
        [-0.0166,  0.0162],
        [ 0.0482, -0.0474],
        [-0.0273,  0.0272],
        [-0.0510,  0.0497],
        [ 0.1099, -0.1084],
        [ 0.0140, -0.0158],
        [ 0.0285, -0.0289],
        [-0.0967,  0.0965]], device='cuda:0', requires_grad=True)
alpha 1 is Parameter containing:
tensor([[-0.0032,  0.0025],
        [-0.0582,  0.0573],
        [ 0.0366, -0.0360],
        [-0.0734,  0.0734],
        [ 0.0429, -0.0429],
        [ 0.0155, -0.0153],
        [ 0.0126, -0.0138],
        [ 0.0183, -0.0181],
        [ 0.0675, -0.0653],
        [-0.0022,  0.0023],
        [-0.0266,  0.0261],
        [ 0.0169, -0.0165],
        [ 0.0429, -0.0435],
        [-0.0762,  0.0771]], device='cuda:0', requires_grad=True)
[018-050] Search: Model metrics  : loss=0.41, accuracy@1=85.72%, accuracy@5=99.45%, time-cost=2437.0 s
[018-050] Search: Architecture metrics  : loss=0.54, accuracy@1=81.77%, accuracy@5=99.02%
[018-050] Evaluation:  : loss=0.51, accuracy@1=82.45%, accuracy@5=99.15%
Benchmark Results for cifar10 -> train: 0.0, valid: 0.0, test: 93.94638157136158
alpha 0 is Parameter containing:
tensor([[ 0.0161, -0.0155],
        [-0.0780,  0.0767],
        [-0.0092,  0.0074],
        [-0.0317,  0.0299],
        [ 0.0716, -0.0699],
        [ 0.0169, -0.0181],
        [-0.0107,  0.0103],
        [ 0.0548, -0.0540],
        [-0.0432,  0.0431],
        [-0.0539,  0.0525],
        [ 0.1228, -0.1213],
        [ 0.0202, -0.0220],
        [ 0.0333, -0.0338],
        [-0.1086,  0.1084]], device='cuda:0', requires_grad=True)
alpha 1 is Parameter containing:
tensor([[ 0.0012, -0.0019],
        [-0.0611,  0.0603],
        [ 0.0300, -0.0294],
        [-0.0758,  0.0758],
        [ 0.0448, -0.0449],
        [ 0.0295, -0.0292],
        [ 0.0248, -0.0260],
        [ 0.0151, -0.0150],
        [ 0.0700, -0.0678],
        [-0.0020,  0.0021],
        [-0.0287,  0.0283],
        [ 0.0203, -0.0200],
        [ 0.0339, -0.0345],
        [-0.0919,  0.0929]], device='cuda:0', requires_grad=True)
[019-050] Search: Model metrics  : loss=0.41, accuracy@1=86.01%, accuracy@5=99.43%, time-cost=2632.2 s
[019-050] Search: Architecture metrics  : loss=0.52, accuracy@1=82.48%, accuracy@5=99.08%
[019-050] Evaluation:  : loss=0.51, accuracy@1=82.82%, accuracy@5=99.08%
<<<--->>> The 019-050-th epoch : found the highest validation accuracy : 82.82%.
Benchmark Results for cifar10 -> train: 0.0, valid: 0.0, test: 94.07704004997714
alpha 0 is Parameter containing:
tensor([[ 0.0219, -0.0213],
        [-0.0777,  0.0763],
        [-0.0076,  0.0059],
        [-0.0294,  0.0276],
        [ 0.0749, -0.0732],
        [ 0.0162, -0.0174],
        [-0.0172,  0.0168],
        [ 0.0524, -0.0516],
        [-0.0353,  0.0352],
        [-0.0518,  0.0505],
        [ 0.1261, -0.1247],
        [ 0.0175, -0.0193],
        [ 0.0455, -0.0459],
        [-0.1124,  0.1123]], device='cuda:0', requires_grad=True)
alpha 1 is Parameter containing:
tensor([[ 0.0011, -0.0018],
        [-0.0598,  0.0590],
        [ 0.0273, -0.0267],
        [-0.0749,  0.0749],
        [ 0.0362, -0.0362],
        [ 0.0283, -0.0280],
        [ 0.0246, -0.0258],
        [ 0.0076, -0.0074],
        [ 0.0737, -0.0715],
        [-0.0021,  0.0021],
        [-0.0376,  0.0372],
        [ 0.0007, -0.0004],
        [ 0.0314, -0.0319],
        [-0.1104,  0.1113]], device='cuda:0', requires_grad=True)
[020-050] Search: Model metrics  : loss=0.41, accuracy@1=86.04%, accuracy@5=99.54%, time-cost=2826.9 s
[020-050] Search: Architecture metrics  : loss=0.54, accuracy@1=82.09%, accuracy@5=98.93%
[020-050] Evaluation:  : loss=0.52, accuracy@1=82.51%, accuracy@5=99.10%
Benchmark Results for cifar10 -> train: 0.0, valid: 0.0, test: 93.99611412306042
alpha 0 is Parameter containing:
tensor([[ 0.0173, -0.0167],
        [-0.0852,  0.0839],
        [-0.0117,  0.0099],
        [-0.0271,  0.0253],
        [ 0.0795, -0.0778],
        [ 0.0234, -0.0246],
        [-0.0240,  0.0236],
        [ 0.0593, -0.0585],
        [-0.0280,  0.0279],
        [-0.0595,  0.0582],
        [ 0.1374, -0.1359],
        [ 0.0222, -0.0240],
        [ 0.0457, -0.0462],
        [-0.1329,  0.1328]], device='cuda:0', requires_grad=True)
alpha 1 is Parameter containing:
tensor([[ 0.0024, -0.0031],
        [-0.0619,  0.0611],
        [ 0.0184, -0.0178],
        [-0.0872,  0.0872],
        [ 0.0377, -0.0378],
        [ 0.0280, -0.0277],
        [ 0.0217, -0.0229],
        [ 0.0116, -0.0114],
        [ 0.0754, -0.0733],
        [ 0.0026, -0.0025],
        [-0.0384,  0.0380],
        [ 0.0030, -0.0027],
        [ 0.0329, -0.0335],
        [-0.1141,  0.1150]], device='cuda:0', requires_grad=True)
[021-050] Search: Model metrics  : loss=0.40, accuracy@1=86.01%, accuracy@5=99.41%, time-cost=3022.3 s
[021-050] Search: Architecture metrics  : loss=0.53, accuracy@1=82.21%, accuracy@5=99.03%
[021-050] Evaluation:  : loss=0.51, accuracy@1=82.65%, accuracy@5=99.16%
Benchmark Results for cifar10 -> train: 0.0, valid: 0.0, test: 93.94953077028657
alpha 0 is Parameter containing:
tensor([[ 0.0149, -0.0142],
        [-0.0939,  0.0925],
        [-0.0156,  0.0139],
        [-0.0363,  0.0345],
        [ 0.0884, -0.0867],
        [ 0.0244, -0.0256],
        [-0.0274,  0.0270],
        [ 0.0608, -0.0600],
        [-0.0326,  0.0326],
        [-0.0618,  0.0605],
        [ 0.1424, -0.1410],
        [ 0.0265, -0.0283],
        [ 0.0515, -0.0519],
        [-0.1420,  0.1419]], device='cuda:0', requires_grad=True)
alpha 1 is Parameter containing:
tensor([[ 0.0047, -0.0054],
        [-0.0561,  0.0552],
        [ 0.0194, -0.0189],
        [-0.0920,  0.0920],
        [ 0.0397, -0.0398],
        [ 0.0256, -0.0253],
        [ 0.0210, -0.0222],
        [ 0.0183, -0.0182],
        [ 0.0810, -0.0789],
        [ 0.0013, -0.0013],
        [-0.0312,  0.0308],
        [-0.0031,  0.0034],
        [ 0.0337, -0.0342],
        [-0.1177,  0.1186]], device='cuda:0', requires_grad=True)
[022-050] Search: Model metrics  : loss=0.40, accuracy@1=86.22%, accuracy@5=99.48%, time-cost=3216.0 s
[022-050] Search: Architecture metrics  : loss=0.53, accuracy@1=82.47%, accuracy@5=99.05%
[022-050] Evaluation:  : loss=0.51, accuracy@1=82.76%, accuracy@5=99.11%
Benchmark Results for cifar10 -> train: 0.0, valid: 0.0, test: 93.89227466739541
alpha 0 is Parameter containing:
tensor([[ 0.0196, -0.0190],
        [-0.0958,  0.0945],
        [-0.0163,  0.0145],
        [-0.0337,  0.0319],
        [ 0.0892, -0.0875],
        [ 0.0224, -0.0236],
        [-0.0268,  0.0264],
        [ 0.0523, -0.0515],
        [-0.0410,  0.0410],
        [-0.0712,  0.0699],
        [ 0.1500, -0.1486],
        [ 0.0350, -0.0367],
        [ 0.0509, -0.0513],
        [-0.1488,  0.1487]], device='cuda:0', requires_grad=True)
alpha 1 is Parameter containing:
tensor([[ 0.0032, -0.0039],
        [-0.0603,  0.0595],
        [ 0.0121, -0.0116],
        [-0.0866,  0.0866],
        [ 0.0555, -0.0556],
        [ 0.0406, -0.0403],
        [ 0.0167, -0.0179],
        [ 0.0277, -0.0275],
        [ 0.0809, -0.0788],
        [ 0.0064, -0.0064],
        [-0.0259,  0.0255],
        [ 0.0072, -0.0069],
        [ 0.0298, -0.0304],
        [-0.1205,  0.1213]], device='cuda:0', requires_grad=True)
[023-050] Search: Model metrics  : loss=0.40, accuracy@1=86.10%, accuracy@5=99.45%, time-cost=3411.0 s
[023-050] Search: Architecture metrics  : loss=0.52, accuracy@1=82.40%, accuracy@5=99.00%
[023-050] Evaluation:  : loss=0.51, accuracy@1=82.53%, accuracy@5=99.13%
Benchmark Results for cifar10 -> train: 0.0, valid: 0.0, test: 93.86264091250962
alpha 0 is Parameter containing:
tensor([[ 0.0190, -0.0184],
        [-0.0978,  0.0965],
        [-0.0143,  0.0126],
        [-0.0444,  0.0427],
        [ 0.0822, -0.0805],
        [ 0.0260, -0.0272],
        [-0.0229,  0.0225],
        [ 0.0393, -0.0385],
        [-0.0535,  0.0534],
        [-0.0743,  0.0731],
        [ 0.1580, -0.1566],
        [ 0.0297, -0.0314],
        [ 0.0469, -0.0473],
        [-0.1639,  0.1638]], device='cuda:0', requires_grad=True)
alpha 1 is Parameter containing:
tensor([[ 0.0060, -0.0067],
        [-0.0699,  0.0690],
        [ 0.0080, -0.0075],
        [-0.0963,  0.0963],
        [ 0.0671, -0.0672],
        [ 0.0460, -0.0458],
        [ 0.0092, -0.0104],
        [ 0.0338, -0.0337],
        [ 0.0864, -0.0843],
        [ 0.0150, -0.0149],
        [-0.0281,  0.0277],
        [ 0.0128, -0.0125],
        [ 0.0379, -0.0384],
        [-0.1257,  0.1265]], device='cuda:0', requires_grad=True)
[024-050] Search: Model metrics  : loss=0.40, accuracy@1=85.89%, accuracy@5=99.43%, time-cost=3607.4 s
[024-050] Search: Architecture metrics  : loss=0.54, accuracy@1=81.71%, accuracy@5=98.99%
[024-050] Evaluation:  : loss=0.50, accuracy@1=83.04%, accuracy@5=99.02%
<<<--->>> The 024-050-th epoch : found the highest validation accuracy : 83.04%.
Benchmark Results for cifar10 -> train: 0.0, valid: 0.0, test: 94.0561544891094
alpha 0 is Parameter containing:
tensor([[ 0.0237, -0.0231],
        [-0.0985,  0.0971],
        [-0.0160,  0.0143],
        [-0.0427,  0.0409],
        [ 0.0899, -0.0883],
        [ 0.0315, -0.0327],
        [-0.0280,  0.0276],
        [ 0.0335, -0.0327],
        [-0.0742,  0.0742],
        [-0.0828,  0.0815],
        [ 0.1538, -0.1524],
        [ 0.0269, -0.0286],
        [ 0.0410, -0.0414],
        [-0.1822,  0.1821]], device='cuda:0', requires_grad=True)
alpha 1 is Parameter containing:
tensor([[-0.0030,  0.0023],
        [-0.0725,  0.0717],
        [ 0.0050, -0.0045],
        [-0.0967,  0.0967],
        [ 0.0696, -0.0696],
        [ 0.0435, -0.0432],
        [ 0.0070, -0.0081],
        [ 0.0309, -0.0308],
        [ 0.0827, -0.0807],
        [ 0.0162, -0.0161],
        [-0.0396,  0.0392],
        [ 0.0083, -0.0080],
        [ 0.0314, -0.0320],
        [-0.1364,  0.1372]], device='cuda:0', requires_grad=True)
[025-050] Search: Model metrics  : loss=0.40, accuracy@1=86.38%, accuracy@5=99.44%, time-cost=3803.2 s
[025-050] Search: Architecture metrics  : loss=0.53, accuracy@1=82.27%, accuracy@5=98.93%
[025-050] Evaluation:  : loss=0.50, accuracy@1=82.90%, accuracy@5=99.13%
Benchmark Results for cifar10 -> train: 0.0, valid: 0.0, test: 94.13435951579098
alpha 0 is Parameter containing:
tensor([[ 0.0242, -0.0236],
        [-0.1042,  0.1029],
        [-0.0123,  0.0106],
        [-0.0438,  0.0421],
        [ 0.0903, -0.0886],
        [ 0.0268, -0.0280],
        [-0.0329,  0.0325],
        [ 0.0395, -0.0387],
        [-0.0770,  0.0769],
        [-0.0775,  0.0762],
        [ 0.1671, -0.1657],
        [ 0.0313, -0.0331],
        [ 0.0443, -0.0447],
        [-0.1840,  0.1838]], device='cuda:0', requires_grad=True)
alpha 1 is Parameter containing:
tensor([[-0.0097,  0.0090],
        [-0.0832,  0.0823],
        [ 0.0037, -0.0032],
        [-0.1062,  0.1062],
        [ 0.0874, -0.0874],
        [ 0.0343, -0.0341],
        [-0.0025,  0.0014],
        [ 0.0297, -0.0296],
        [ 0.0792, -0.0772],
        [ 0.0070, -0.0069],
        [-0.0280,  0.0276],
        [ 0.0135, -0.0132],
        [ 0.0274, -0.0279],
        [-0.1441,  0.1450]], device='cuda:0', requires_grad=True)
[026-050] Search: Model metrics  : loss=0.40, accuracy@1=86.12%, accuracy@5=99.53%, time-cost=3999.1 s
[026-050] Search: Architecture metrics  : loss=0.54, accuracy@1=82.23%, accuracy@5=99.03%
[026-050] Evaluation:  : loss=0.50, accuracy@1=82.85%, accuracy@5=99.06%
Benchmark Results for cifar10 -> train: 0.0, valid: 0.0, test: 93.99401513699259
alpha 0 is Parameter containing:
tensor([[ 0.0190, -0.0184],
        [-0.1146,  0.1133],
        [-0.0134,  0.0117],
        [-0.0447,  0.0430],
        [ 0.0979, -0.0962],
        [ 0.0225, -0.0237],
        [-0.0451,  0.0447],
        [ 0.0436, -0.0428],
        [-0.0853,  0.0852],
        [-0.0784,  0.0771],
        [ 0.1710, -0.1696],
        [ 0.0286, -0.0303],
        [ 0.0457, -0.0461],
        [-0.1950,  0.1949]], device='cuda:0', requires_grad=True)
alpha 1 is Parameter containing:
tensor([[-0.0075,  0.0069],
        [-0.0826,  0.0818],
        [-0.0008,  0.0014],
        [-0.1133,  0.1133],
        [ 0.0800, -0.0801],
        [ 0.0322, -0.0319],
        [-0.0032,  0.0021],
        [ 0.0325, -0.0323],
        [ 0.0891, -0.0870],
        [-0.0005,  0.0006],
        [-0.0180,  0.0177],
        [ 0.0241, -0.0238],
        [ 0.0328, -0.0333],
        [-0.1407,  0.1416]], device='cuda:0', requires_grad=True)
[027-050] Search: Model metrics  : loss=0.40, accuracy@1=86.16%, accuracy@5=99.48%, time-cost=4194.9 s
[027-050] Search: Architecture metrics  : loss=0.53, accuracy@1=82.11%, accuracy@5=98.96%
[027-050] Evaluation:  : loss=0.51, accuracy@1=82.70%, accuracy@5=99.08%
Benchmark Results for cifar10 -> train: 0.0, valid: 0.0, test: 94.08321793208191
alpha 0 is Parameter containing:
tensor([[ 0.0174, -0.0168],
        [-0.1151,  0.1138],
        [-0.0292,  0.0275],
        [-0.0390,  0.0373],
        [ 0.1015, -0.0999],
        [ 0.0199, -0.0211],
        [-0.0407,  0.0403],
        [ 0.0386, -0.0378],
        [-0.0903,  0.0902],
        [-0.0849,  0.0836],
        [ 0.1867, -0.1854],
        [ 0.0285, -0.0302],
        [ 0.0474, -0.0478],
        [-0.1928,  0.1927]], device='cuda:0', requires_grad=True)
alpha 1 is Parameter containing:
tensor([[-0.0076,  0.0069],
        [-0.0830,  0.0822],
        [ 0.0032, -0.0027],
        [-0.1133,  0.1133],
        [ 0.0742, -0.0743],
        [ 0.0368, -0.0366],
        [-0.0025,  0.0014],
        [ 0.0288, -0.0287],
        [ 0.0924, -0.0903],
        [ 0.0075, -0.0075],
        [-0.0207,  0.0203],
        [ 0.0169, -0.0166],
        [ 0.0245, -0.0250],
        [-0.1510,  0.1518]], device='cuda:0', requires_grad=True)
[028-050] Search: Model metrics  : loss=0.39, accuracy@1=86.06%, accuracy@5=99.58%, time-cost=4389.6 s
[028-050] Search: Architecture metrics  : loss=0.52, accuracy@1=82.44%, accuracy@5=98.96%
[028-050] Evaluation:  : loss=0.50, accuracy@1=83.18%, accuracy@5=99.19%
<<<--->>> The 028-050-th epoch : found the highest validation accuracy : 83.18%.
Benchmark Results for cifar10 -> train: 0.0, valid: 0.0, test: 94.26608420457482
alpha 0 is Parameter containing:
tensor([[ 0.0157, -0.0151],
        [-0.1220,  0.1207],
        [-0.0272,  0.0255],
        [-0.0469,  0.0452],
        [ 0.1082, -0.1066],
        [ 0.0187, -0.0198],
        [-0.0493,  0.0489],
        [ 0.0380, -0.0373],
        [-0.0946,  0.0945],
        [-0.0910,  0.0898],
        [ 0.1860, -0.1846],
        [ 0.0246, -0.0263],
        [ 0.0461, -0.0465],
        [-0.2013,  0.2012]], device='cuda:0', requires_grad=True)
alpha 1 is Parameter containing:
tensor([[-0.0162,  0.0155],
        [-0.0769,  0.0761],
        [-0.0023,  0.0029],
        [-0.1144,  0.1144],
        [ 0.0758, -0.0758],
        [ 0.0452, -0.0449],
        [-0.0016,  0.0005],
        [ 0.0229, -0.0228],
        [ 0.0998, -0.0978],
        [ 0.0095, -0.0094],
        [-0.0229,  0.0225],
        [ 0.0208, -0.0205],
        [ 0.0157, -0.0163],
        [-0.1645,  0.1653]], device='cuda:0', requires_grad=True)
[029-050] Search: Model metrics  : loss=0.39, accuracy@1=86.52%, accuracy@5=99.49%, time-cost=4584.7 s
[029-050] Search: Architecture metrics  : loss=0.53, accuracy@1=82.35%, accuracy@5=99.10%
[029-050] Evaluation:  : loss=0.50, accuracy@1=82.91%, accuracy@5=99.18%
Benchmark Results for cifar10 -> train: 0.0, valid: 0.0, test: 94.1905943373239
alpha 0 is Parameter containing:
tensor([[ 0.0199, -0.0193],
        [-0.1211,  0.1198],
        [-0.0259,  0.0242],
        [-0.0546,  0.0529],
        [ 0.1121, -0.1105],
        [ 0.0259, -0.0270],
        [-0.0548,  0.0544],
        [ 0.0379, -0.0372],
        [-0.0894,  0.0894],
        [-0.0929,  0.0917],
        [ 0.1890, -0.1876],
        [ 0.0258, -0.0274],
        [ 0.0389, -0.0393],
        [-0.2156,  0.2155]], device='cuda:0', requires_grad=True)
alpha 1 is Parameter containing:
tensor([[-0.0274,  0.0268],
        [-0.0726,  0.0718],
        [-0.0062,  0.0067],
        [-0.1173,  0.1173],
        [ 0.0765, -0.0766],
        [ 0.0509, -0.0506],
        [-0.0081,  0.0070],
        [ 0.0287, -0.0286],
        [ 0.1003, -0.0984],
        [ 0.0174, -0.0174],
        [-0.0222,  0.0219],
        [ 0.0265, -0.0262],
        [ 0.0233, -0.0238],
        [-0.1632,  0.1641]], device='cuda:0', requires_grad=True)
[030-050] Search: Model metrics  : loss=0.38, accuracy@1=86.72%, accuracy@5=99.54%, time-cost=4780.5 s
[030-050] Search: Architecture metrics  : loss=0.51, accuracy@1=82.81%, accuracy@5=99.05%
[030-050] Evaluation:  : loss=0.50, accuracy@1=83.12%, accuracy@5=99.16%
Benchmark Results for cifar10 -> train: 0.0, valid: 0.0, test: 94.30580433064694
alpha 0 is Parameter containing:
tensor([[ 0.0247, -0.0241],
        [-0.1215,  0.1202],
        [-0.0261,  0.0245],
        [-0.0548,  0.0531],
        [ 0.1183, -0.1167],
        [ 0.0277, -0.0288],
        [-0.0586,  0.0582],
        [ 0.0374, -0.0366],
        [-0.0783,  0.0782],
        [-0.0971,  0.0958],
        [ 0.2021, -0.2007],
        [ 0.0245, -0.0261],
        [ 0.0438, -0.0442],
        [-0.2232,  0.2230]], device='cuda:0', requires_grad=True)
alpha 1 is Parameter containing:
tensor([[-0.0271,  0.0264],
        [-0.0720,  0.0712],
        [-0.0156,  0.0161],
        [-0.1237,  0.1237],
        [ 0.0782, -0.0782],
        [ 0.0449, -0.0447],
        [-0.0071,  0.0061],
        [ 0.0215, -0.0213],
        [ 0.0970, -0.0950],
        [ 0.0265, -0.0264],
        [-0.0293,  0.0289],
        [ 0.0239, -0.0236],
        [ 0.0193, -0.0198],
        [-0.1604,  0.1612]], device='cuda:0', requires_grad=True)
[031-050] Search: Model metrics  : loss=0.39, accuracy@1=86.66%, accuracy@5=99.47%, time-cost=4976.1 s
[031-050] Search: Architecture metrics  : loss=0.52, accuracy@1=82.42%, accuracy@5=99.14%
[031-050] Evaluation:  : loss=0.50, accuracy@1=83.16%, accuracy@5=99.14%
Benchmark Results for cifar10 -> train: 0.0, valid: 0.0, test: 94.32422759332253
alpha 0 is Parameter containing:
tensor([[ 0.0213, -0.0207],
        [-0.1205,  0.1192],
        [-0.0308,  0.0292],
        [-0.0516,  0.0499],
        [ 0.1272, -0.1256],
        [ 0.0274, -0.0285],
        [-0.0557,  0.0553],
        [ 0.0424, -0.0416],
        [-0.0769,  0.0768],
        [-0.1069,  0.1057],
        [ 0.2001, -0.1988],
        [ 0.0303, -0.0320],
        [ 0.0406, -0.0410],
        [-0.2296,  0.2295]], device='cuda:0', requires_grad=True)
alpha 1 is Parameter containing:
tensor([[-0.0229,  0.0223],
        [-0.0692,  0.0684],
        [-0.0194,  0.0199],
        [-0.1234,  0.1234],
        [ 0.0776, -0.0777],
        [ 0.0477, -0.0475],
        [-0.0032,  0.0022],
        [ 0.0246, -0.0245],
        [ 0.0975, -0.0955],
        [ 0.0274, -0.0274],
        [-0.0181,  0.0177],
        [ 0.0223, -0.0220],
        [ 0.0167, -0.0172],
        [-0.1684,  0.1692]], device='cuda:0', requires_grad=True)
[032-050] Search: Model metrics  : loss=0.39, accuracy@1=86.49%, accuracy@5=99.50%, time-cost=5171.1 s
[032-050] Search: Architecture metrics  : loss=0.51, accuracy@1=82.68%, accuracy@5=99.07%
[032-050] Evaluation:  : loss=0.50, accuracy@1=83.09%, accuracy@5=99.13%
Benchmark Results for cifar10 -> train: 0.0, valid: 0.0, test: 94.29734754024021
alpha 0 is Parameter containing:
tensor([[ 0.0166, -0.0160],
        [-0.1282,  0.1269],
        [-0.0313,  0.0296],
        [-0.0499,  0.0483],
        [ 0.1331, -0.1315],
        [ 0.0279, -0.0290],
        [-0.0521,  0.0517],
        [ 0.0405, -0.0397],
        [-0.0788,  0.0788],
        [-0.1100,  0.1088],
        [ 0.2089, -0.2075],
        [ 0.0296, -0.0312],
        [ 0.0448, -0.0452],
        [-0.2388,  0.2386]], device='cuda:0', requires_grad=True)
alpha 1 is Parameter containing:
tensor([[-0.0293,  0.0286],
        [-0.0798,  0.0790],
        [-0.0225,  0.0230],
        [-0.1111,  0.1111],
        [ 0.0709, -0.0709],
        [ 0.0418, -0.0415],
        [-0.0138,  0.0128],
        [ 0.0216, -0.0215],
        [ 0.1006, -0.0987],
        [ 0.0191, -0.0191],
        [-0.0236,  0.0232],
        [ 0.0177, -0.0174],
        [ 0.0159, -0.0165],
        [-0.1669,  0.1677]], device='cuda:0', requires_grad=True)
[033-050] Search: Model metrics  : loss=0.39, accuracy@1=86.44%, accuracy@5=99.44%, time-cost=5366.5 s
[033-050] Search: Architecture metrics  : loss=0.52, accuracy@1=82.49%, accuracy@5=99.02%
[033-050] Evaluation:  : loss=0.50, accuracy@1=83.26%, accuracy@5=99.13%
<<<--->>> The 033-050-th epoch : found the highest validation accuracy : 83.26%.
Benchmark Results for cifar10 -> train: 0.0, valid: 0.0, test: 93.94482807481099
alpha 0 is Parameter containing:
tensor([[ 0.0274, -0.0268],
        [-0.1241,  0.1228],
        [-0.0306,  0.0289],
        [-0.0518,  0.0502],
        [ 0.1389, -0.1373],
        [ 0.0351, -0.0362],
        [-0.0467,  0.0463],
        [ 0.0497, -0.0490],
        [-0.0773,  0.0773],
        [-0.1205,  0.1192],
        [ 0.2282, -0.2269],
        [ 0.0427, -0.0443],
        [ 0.0437, -0.0441],
        [-0.2265,  0.2264]], device='cuda:0', requires_grad=True)
alpha 1 is Parameter containing:
tensor([[-0.0295,  0.0288],
        [-0.0851,  0.0843],
        [-0.0210,  0.0215],
        [-0.1157,  0.1157],
        [ 0.0826, -0.0826],
        [ 0.0484, -0.0482],
        [-0.0109,  0.0099],
        [ 0.0261, -0.0259],
        [ 0.1014, -0.0995],
        [ 0.0220, -0.0220],
        [-0.0244,  0.0240],
        [ 0.0288, -0.0285],
        [ 0.0201, -0.0206],
        [-0.1664,  0.1672]], device='cuda:0', requires_grad=True)
[034-050] Search: Model metrics  : loss=0.39, accuracy@1=86.32%, accuracy@5=99.50%, time-cost=5561.8 s
[034-050] Search: Architecture metrics  : loss=0.52, accuracy@1=82.19%, accuracy@5=99.11%
[034-050] Evaluation:  : loss=0.49, accuracy@1=83.27%, accuracy@5=99.13%
<<<--->>> The 034-050-th epoch : found the highest validation accuracy : 83.27%.
Benchmark Results for cifar10 -> train: 0.0, valid: 0.0, test: 93.97761519799711
alpha 0 is Parameter containing:
tensor([[ 0.0393, -0.0387],
        [-0.1311,  0.1298],
        [-0.0307,  0.0291],
        [-0.0485,  0.0469],
        [ 0.1397, -0.1382],
        [ 0.0396, -0.0407],
        [-0.0361,  0.0358],
        [ 0.0463, -0.0456],
        [-0.0864,  0.0863],
        [-0.1183,  0.1170],
        [ 0.2439, -0.2426],
        [ 0.0444, -0.0460],
        [ 0.0418, -0.0422],
        [-0.2348,  0.2347]], device='cuda:0', requires_grad=True)
alpha 1 is Parameter containing:
tensor([[-0.0195,  0.0188],
        [-0.0867,  0.0859],
        [-0.0140,  0.0145],
        [-0.1095,  0.1095],
        [ 0.0865, -0.0865],
        [ 0.0585, -0.0583],
        [-0.0057,  0.0047],
        [ 0.0293, -0.0292],
        [ 0.1003, -0.0984],
        [ 0.0224, -0.0223],
        [-0.0328,  0.0325],
        [ 0.0406, -0.0403],
        [ 0.0192, -0.0197],
        [-0.1624,  0.1632]], device='cuda:0', requires_grad=True)
[035-050] Search: Model metrics  : loss=0.38, accuracy@1=86.64%, accuracy@5=99.51%, time-cost=5757.7 s
[035-050] Search: Architecture metrics  : loss=0.53, accuracy@1=82.54%, accuracy@5=99.02%
[035-050] Evaluation:  : loss=0.49, accuracy@1=83.29%, accuracy@5=99.20%
<<<--->>> The 035-050-th epoch : found the highest validation accuracy : 83.29%.
Benchmark Results for cifar10 -> train: 0.0, valid: 0.0, test: 94.23396410497648
alpha 0 is Parameter containing:
tensor([[ 0.0380, -0.0374],
        [-0.1404,  0.1391],
        [-0.0378,  0.0361],
        [-0.0522,  0.0506],
        [ 0.1460, -0.1444],
        [ 0.0426, -0.0437],
        [-0.0403,  0.0399],
        [ 0.0360, -0.0353],
        [-0.0890,  0.0889],
        [-0.1164,  0.1152],
        [ 0.2518, -0.2505],
        [ 0.0472, -0.0488],
        [ 0.0422, -0.0425],
        [-0.2397,  0.2396]], device='cuda:0', requires_grad=True)
alpha 1 is Parameter containing:
tensor([[-0.0153,  0.0146],
        [-0.0920,  0.0912],
        [-0.0164,  0.0169],
        [-0.1097,  0.1097],
        [ 0.0858, -0.0859],
        [ 0.0509, -0.0507],
        [-0.0115,  0.0105],
        [ 0.0203, -0.0202],
        [ 0.1018, -0.0999],
        [ 0.0293, -0.0293],
        [-0.0288,  0.0285],
        [ 0.0429, -0.0427],
        [ 0.0156, -0.0161],
        [-0.1575,  0.1583]], device='cuda:0', requires_grad=True)
[036-050] Search: Model metrics  : loss=0.38, accuracy@1=86.50%, accuracy@5=99.53%, time-cost=5953.1 s
[036-050] Search: Architecture metrics  : loss=0.52, accuracy@1=82.48%, accuracy@5=99.00%
[036-050] Evaluation:  : loss=0.50, accuracy@1=83.38%, accuracy@5=99.18%
<<<--->>> The 036-050-th epoch : found the highest validation accuracy : 83.38%.
Benchmark Results for cifar10 -> train: 0.0, valid: 0.0, test: 94.12786743680309
alpha 0 is Parameter containing:
tensor([[ 0.0393, -0.0387],
        [-0.1285,  0.1272],
        [-0.0385,  0.0369],
        [-0.0601,  0.0585],
        [ 0.1455, -0.1439],
        [ 0.0390, -0.0401],
        [-0.0417,  0.0413],
        [ 0.0358, -0.0351],
        [-0.0881,  0.0880],
        [-0.1265,  0.1253],
        [ 0.2551, -0.2538],
        [ 0.0445, -0.0461],
        [ 0.0331, -0.0334],
        [-0.2505,  0.2504]], device='cuda:0', requires_grad=True)
alpha 1 is Parameter containing:
tensor([[-0.0115,  0.0108],
        [-0.1082,  0.1074],
        [-0.0184,  0.0189],
        [-0.1180,  0.1180],
        [ 0.0915, -0.0916],
        [ 0.0508, -0.0506],
        [-0.0165,  0.0155],
        [ 0.0239, -0.0238],
        [ 0.1115, -0.1097],
        [ 0.0300, -0.0300],
        [-0.0331,  0.0327],
        [ 0.0445, -0.0442],
        [ 0.0165, -0.0170],
        [-0.1643,  0.1650]], device='cuda:0', requires_grad=True)
[037-050] Search: Model metrics  : loss=0.38, accuracy@1=86.93%, accuracy@5=99.57%, time-cost=6149.7 s
[037-050] Search: Architecture metrics  : loss=0.52, accuracy@1=82.44%, accuracy@5=99.02%
[037-050] Evaluation:  : loss=0.50, accuracy@1=83.45%, accuracy@5=99.18%
<<<--->>> The 037-050-th epoch : found the highest validation accuracy : 83.45%.
Benchmark Results for cifar10 -> train: 0.0, valid: 0.0, test: 94.18118627462349
alpha 0 is Parameter containing:
tensor([[ 0.0306, -0.0300],
        [-0.1262,  0.1249],
        [-0.0395,  0.0379],
        [-0.0592,  0.0576],
        [ 0.1533, -0.1518],
        [ 0.0372, -0.0382],
        [-0.0397,  0.0394],
        [ 0.0348, -0.0341],
        [-0.0928,  0.0927],
        [-0.1376,  0.1364],
        [ 0.2604, -0.2592],
        [ 0.0483, -0.0498],
        [ 0.0318, -0.0321],
        [-0.2538,  0.2536]], device='cuda:0', requires_grad=True)
alpha 1 is Parameter containing:
tensor([[-0.0242,  0.0236],
        [-0.1033,  0.1026],
        [-0.0135,  0.0140],
        [-0.1203,  0.1203],
        [ 0.0873, -0.0874],
        [ 0.0501, -0.0498],
        [-0.0167,  0.0157],
        [ 0.0207, -0.0206],
        [ 0.1113, -0.1094],
        [ 0.0300, -0.0300],
        [-0.0338,  0.0335],
        [ 0.0422, -0.0420],
        [ 0.0155, -0.0160],
        [-0.1685,  0.1693]], device='cuda:0', requires_grad=True)
[038-050] Search: Model metrics  : loss=0.38, accuracy@1=86.82%, accuracy@5=99.53%, time-cost=6345.7 s
[038-050] Search: Architecture metrics  : loss=0.52, accuracy@1=82.45%, accuracy@5=99.03%
[038-050] Evaluation:  : loss=0.49, accuracy@1=83.32%, accuracy@5=99.16%
Benchmark Results for cifar10 -> train: 0.0, valid: 0.0, test: 94.23241061567384
alpha 0 is Parameter containing:
tensor([[ 0.0317, -0.0311],
        [-0.1308,  0.1296],
        [-0.0446,  0.0430],
        [-0.0673,  0.0657],
        [ 0.1595, -0.1580],
        [ 0.0424, -0.0435],
        [-0.0371,  0.0367],
        [ 0.0287, -0.0279],
        [-0.0863,  0.0862],
        [-0.1432,  0.1421],
        [ 0.2580, -0.2567],
        [ 0.0592, -0.0608],
        [ 0.0365, -0.0368],
        [-0.2671,  0.2670]], device='cuda:0', requires_grad=True)
alpha 1 is Parameter containing:
tensor([[-0.0304,  0.0298],
        [-0.0946,  0.0938],
        [-0.0202,  0.0207],
        [-0.1149,  0.1149],
        [ 0.0797, -0.0798],
        [ 0.0475, -0.0473],
        [-0.0197,  0.0187],
        [ 0.0178, -0.0176],
        [ 0.1118, -0.1100],
        [ 0.0229, -0.0228],
        [-0.0348,  0.0344],
        [ 0.0487, -0.0485],
        [ 0.0139, -0.0144],
        [-0.1703,  0.1711]], device='cuda:0', requires_grad=True)
[039-050] Search: Model metrics  : loss=0.38, accuracy@1=86.80%, accuracy@5=99.59%, time-cost=6540.4 s
[039-050] Search: Architecture metrics  : loss=0.51, accuracy@1=82.47%, accuracy@5=99.12%
[039-050] Evaluation:  : loss=0.50, accuracy@1=83.14%, accuracy@5=99.10%
Benchmark Results for cifar10 -> train: 0.0, valid: 0.0, test: 94.07599011365797
alpha 0 is Parameter containing:
tensor([[ 0.0367, -0.0361],
        [-0.1311,  0.1299],
        [-0.0512,  0.0496],
        [-0.0637,  0.0621],
        [ 0.1556, -0.1540],
        [ 0.0492, -0.0503],
        [-0.0500,  0.0496],
        [ 0.0273, -0.0266],
        [-0.0984,  0.0984],
        [-0.1402,  0.1390],
        [ 0.2541, -0.2529],
        [ 0.0598, -0.0613],
        [ 0.0430, -0.0434],
        [-0.2732,  0.2731]], device='cuda:0', requires_grad=True)
alpha 1 is Parameter containing:
tensor([[-0.0242,  0.0235],
        [-0.0957,  0.0949],
        [-0.0276,  0.0281],
        [-0.1172,  0.1172],
        [ 0.0777, -0.0778],
        [ 0.0530, -0.0528],
        [-0.0093,  0.0083],
        [ 0.0128, -0.0127],
        [ 0.1094, -0.1076],
        [ 0.0216, -0.0216],
        [-0.0366,  0.0363],
        [ 0.0460, -0.0457],
        [ 0.0076, -0.0081],
        [-0.1792,  0.1799]], device='cuda:0', requires_grad=True)
[040-050] Search: Model metrics  : loss=0.37, accuracy@1=87.07%, accuracy@5=99.55%, time-cost=6735.6 s
[040-050] Search: Architecture metrics  : loss=0.52, accuracy@1=82.38%, accuracy@5=99.10%
[040-050] Evaluation:  : loss=0.49, accuracy@1=83.54%, accuracy@5=99.18%
<<<--->>> The 040-050-th epoch : found the highest validation accuracy : 83.54%.
Benchmark Results for cifar10 -> train: 0.0, valid: 0.0, test: 94.15697951554034
alpha 0 is Parameter containing:
tensor([[ 0.0391, -0.0385],
        [-0.1339,  0.1326],
        [-0.0480,  0.0464],
        [-0.0598,  0.0582],
        [ 0.1575, -0.1560],
        [ 0.0494, -0.0505],
        [-0.0543,  0.0539],
        [ 0.0296, -0.0288],
        [-0.1086,  0.1085],
        [-0.1402,  0.1390],
        [ 0.2625, -0.2613],
        [ 0.0558, -0.0574],
        [ 0.0381, -0.0385],
        [-0.2834,  0.2833]], device='cuda:0', requires_grad=True)
alpha 1 is Parameter containing:
tensor([[-0.0210,  0.0204],
        [-0.0924,  0.0916],
        [-0.0254,  0.0259],
        [-0.1133,  0.1133],
        [ 0.0793, -0.0793],
        [ 0.0457, -0.0455],
        [-0.0136,  0.0127],
        [ 0.0155, -0.0153],
        [ 0.1105, -0.1087],
        [ 0.0163, -0.0162],
        [-0.0382,  0.0379],
        [ 0.0498, -0.0495],
        [-0.0012,  0.0007],
        [-0.1807,  0.1815]], device='cuda:0', requires_grad=True)
[041-050] Search: Model metrics  : loss=0.38, accuracy@1=86.71%, accuracy@5=99.52%, time-cost=6932.3 s
[041-050] Search: Architecture metrics  : loss=0.52, accuracy@1=82.66%, accuracy@5=99.06%
[041-050] Evaluation:  : loss=0.49, accuracy@1=83.48%, accuracy@5=99.14%
Benchmark Results for cifar10 -> train: 0.0, valid: 0.0, test: 94.20115476627382
alpha 0 is Parameter containing:
tensor([[ 0.0517, -0.0511],
        [-0.1401,  0.1388],
        [-0.0420,  0.0404],
        [-0.0573,  0.0557],
        [ 0.1643, -0.1628],
        [ 0.0560, -0.0571],
        [-0.0577,  0.0574],
        [ 0.0279, -0.0272],
        [-0.1152,  0.1151],
        [-0.1345,  0.1333],
        [ 0.2732, -0.2719],
        [ 0.0586, -0.0601],
        [ 0.0454, -0.0457],
        [-0.2826,  0.2825]], device='cuda:0', requires_grad=True)
alpha 1 is Parameter containing:
tensor([[-0.0187,  0.0180],
        [-0.0901,  0.0893],
        [-0.0290,  0.0295],
        [-0.1152,  0.1152],
        [ 0.0836, -0.0837],
        [ 0.0435, -0.0433],
        [-0.0116,  0.0107],
        [ 0.0201, -0.0200],
        [ 0.1118, -0.1101],
        [ 0.0153, -0.0153],
        [-0.0337,  0.0334],
        [ 0.0670, -0.0667],
        [ 0.0092, -0.0097],
        [-0.1697,  0.1704]], device='cuda:0', requires_grad=True)
[042-050] Search: Model metrics  : loss=0.38, accuracy@1=86.86%, accuracy@5=99.56%, time-cost=7127.8 s
[042-050] Search: Architecture metrics  : loss=0.52, accuracy@1=82.09%, accuracy@5=99.11%
[042-050] Evaluation:  : loss=0.50, accuracy@1=83.20%, accuracy@5=99.22%
Benchmark Results for cifar10 -> train: 0.0, valid: 0.0, test: 94.18116322725078
alpha 0 is Parameter containing:
tensor([[ 0.0480, -0.0474],
        [-0.1410,  0.1398],
        [-0.0412,  0.0396],
        [-0.0553,  0.0538],
        [ 0.1687, -0.1672],
        [ 0.0508, -0.0519],
        [-0.0559,  0.0555],
        [ 0.0313, -0.0306],
        [-0.1155,  0.1154],
        [-0.1426,  0.1415],
        [ 0.2737, -0.2725],
        [ 0.0544, -0.0560],
        [ 0.0420, -0.0424],
        [-0.2829,  0.2828]], device='cuda:0', requires_grad=True)
alpha 1 is Parameter containing:
tensor([[-0.0111,  0.0104],
        [-0.0953,  0.0945],
        [-0.0243,  0.0248],
        [-0.1189,  0.1189],
        [ 0.0825, -0.0826],
        [ 0.0372, -0.0370],
        [-0.0058,  0.0048],
        [ 0.0149, -0.0148],
        [ 0.1087, -0.1069],
        [ 0.0233, -0.0232],
        [-0.0230,  0.0227],
        [ 0.0592, -0.0589],
        [ 0.0100, -0.0105],
        [-0.1684,  0.1691]], device='cuda:0', requires_grad=True)
[043-050] Search: Model metrics  : loss=0.37, accuracy@1=87.00%, accuracy@5=99.50%, time-cost=7323.2 s
[043-050] Search: Architecture metrics  : loss=0.51, accuracy@1=82.67%, accuracy@5=99.05%
[043-050] Evaluation:  : loss=0.49, accuracy@1=83.48%, accuracy@5=99.14%
Benchmark Results for cifar10 -> train: 0.0, valid: 0.0, test: 94.20043162141934
alpha 0 is Parameter containing:
tensor([[ 0.0466, -0.0460],
        [-0.1492,  0.1480],
        [-0.0430,  0.0415],
        [-0.0543,  0.0528],
        [ 0.1692, -0.1676],
        [ 0.0562, -0.0572],
        [-0.0529,  0.0526],
        [ 0.0221, -0.0214],
        [-0.1199,  0.1199],
        [-0.1491,  0.1480],
        [ 0.2853, -0.2841],
        [ 0.0549, -0.0564],
        [ 0.0405, -0.0408],
        [-0.2914,  0.2912]], device='cuda:0', requires_grad=True)
alpha 1 is Parameter containing:
tensor([[-0.0060,  0.0053],
        [-0.0941,  0.0934],
        [-0.0311,  0.0315],
        [-0.1308,  0.1308],
        [ 0.0793, -0.0794],
        [ 0.0412, -0.0410],
        [-0.0116,  0.0107],
        [ 0.0205, -0.0204],
        [ 0.1059, -0.1041],
        [ 0.0219, -0.0218],
        [-0.0303,  0.0300],
        [ 0.0517, -0.0515],
        [ 0.0086, -0.0091],
        [-0.1736,  0.1743]], device='cuda:0', requires_grad=True)
[044-050] Search: Model metrics  : loss=0.38, accuracy@1=86.78%, accuracy@5=99.58%, time-cost=7518.6 s
[044-050] Search: Architecture metrics  : loss=0.50, accuracy@1=82.99%, accuracy@5=99.03%
[044-050] Evaluation:  : loss=0.49, accuracy@1=83.62%, accuracy@5=99.12%
<<<--->>> The 044-050-th epoch : found the highest validation accuracy : 83.62%.
Benchmark Results for cifar10 -> train: 0.0, valid: 0.0, test: 94.18645437729889
alpha 0 is Parameter containing:
tensor([[ 0.0498, -0.0492],
        [-0.1508,  0.1496],
        [-0.0407,  0.0391],
        [-0.0485,  0.0469],
        [ 0.1832, -0.1817],
        [ 0.0688, -0.0699],
        [-0.0446,  0.0443],
        [ 0.0248, -0.0241],
        [-0.1156,  0.1156],
        [-0.1451,  0.1439],
        [ 0.2903, -0.2891],
        [ 0.0649, -0.0664],
        [ 0.0466, -0.0469],
        [-0.2883,  0.2882]], device='cuda:0', requires_grad=True)
alpha 1 is Parameter containing:
tensor([[-0.0069,  0.0063],
        [-0.0906,  0.0898],
        [-0.0320,  0.0324],
        [-0.1273,  0.1273],
        [ 0.0830, -0.0830],
        [ 0.0464, -0.0462],
        [-0.0129,  0.0120],
        [ 0.0206, -0.0205],
        [ 0.1077, -0.1060],
        [ 0.0277, -0.0276],
        [-0.0203,  0.0200],
        [ 0.0450, -0.0447],
        [ 0.0118, -0.0122],
        [-0.1644,  0.1651]], device='cuda:0', requires_grad=True)
[045-050] Search: Model metrics  : loss=0.38, accuracy@1=87.07%, accuracy@5=99.50%, time-cost=7714.6 s
[045-050] Search: Architecture metrics  : loss=0.51, accuracy@1=82.62%, accuracy@5=99.12%
[045-050] Evaluation:  : loss=0.49, accuracy@1=83.28%, accuracy@5=99.13%
Benchmark Results for cifar10 -> train: 0.0, valid: 0.0, test: 94.2770504398563
alpha 0 is Parameter containing:
tensor([[ 0.0528, -0.0522],
        [-0.1489,  0.1477],
        [-0.0377,  0.0361],
        [-0.0479,  0.0464],
        [ 0.1842, -0.1827],
        [ 0.0708, -0.0718],
        [-0.0522,  0.0519],
        [ 0.0181, -0.0174],
        [-0.1118,  0.1117],
        [-0.1493,  0.1481],
        [ 0.2899, -0.2887],
        [ 0.0741, -0.0756],
        [ 0.0475, -0.0479],
        [-0.2846,  0.2845]], device='cuda:0', requires_grad=True)
alpha 1 is Parameter containing:
tensor([[-0.0087,  0.0081],
        [-0.0986,  0.0978],
        [-0.0310,  0.0315],
        [-0.1220,  0.1220],
        [ 0.0857, -0.0858],
        [ 0.0406, -0.0404],
        [-0.0221,  0.0212],
        [ 0.0177, -0.0175],
        [ 0.1042, -0.1025],
        [ 0.0232, -0.0231],
        [-0.0263,  0.0260],
        [ 0.0491, -0.0489],
        [ 0.0165, -0.0169],
        [-0.1621,  0.1628]], device='cuda:0', requires_grad=True)
[046-050] Search: Model metrics  : loss=0.37, accuracy@1=86.95%, accuracy@5=99.60%, time-cost=7910.4 s
[046-050] Search: Architecture metrics  : loss=0.51, accuracy@1=82.72%, accuracy@5=99.03%
[046-050] Evaluation:  : loss=0.49, accuracy@1=83.33%, accuracy@5=99.18%
Benchmark Results for cifar10 -> train: 0.0, valid: 0.0, test: 94.18514992517066
alpha 0 is Parameter containing:
tensor([[ 0.0576, -0.0570],
        [-0.1597,  0.1585],
        [-0.0423,  0.0407],
        [-0.0559,  0.0544],
        [ 0.1740, -0.1725],
        [ 0.0635, -0.0646],
        [-0.0589,  0.0585],
        [ 0.0141, -0.0134],
        [-0.1174,  0.1173],
        [-0.1527,  0.1515],
        [ 0.2909, -0.2897],
        [ 0.0631, -0.0646],
        [ 0.0398, -0.0401],
        [-0.2905,  0.2903]], device='cuda:0', requires_grad=True)
alpha 1 is Parameter containing:
tensor([[-0.0128,  0.0122],
        [-0.1010,  0.1002],
        [-0.0354,  0.0358],
        [-0.1273,  0.1273],
        [ 0.0943, -0.0943],
        [ 0.0390, -0.0388],
        [-0.0331,  0.0322],
        [ 0.0189, -0.0187],
        [ 0.1055, -0.1038],
        [ 0.0281, -0.0280],
        [-0.0312,  0.0309],
        [ 0.0472, -0.0469],
        [ 0.0067, -0.0071],
        [-0.1733,  0.1740]], device='cuda:0', requires_grad=True)
[047-050] Search: Model metrics  : loss=0.37, accuracy@1=87.14%, accuracy@5=99.56%, time-cost=8106.2 s
[047-050] Search: Architecture metrics  : loss=0.52, accuracy@1=82.58%, accuracy@5=99.13%
[047-050] Evaluation:  : loss=0.49, accuracy@1=83.49%, accuracy@5=99.14%
Benchmark Results for cifar10 -> train: 0.0, valid: 0.0, test: 94.11740243765479
alpha 0 is Parameter containing:
tensor([[ 0.0604, -0.0598],
        [-0.1552,  0.1539],
        [-0.0364,  0.0348],
        [-0.0645,  0.0630],
        [ 0.1756, -0.1741],
        [ 0.0731, -0.0741],
        [-0.0577,  0.0573],
        [ 0.0269, -0.0262],
        [-0.1167,  0.1166],
        [-0.1502,  0.1491],
        [ 0.2937, -0.2925],
        [ 0.0652, -0.0667],
        [ 0.0372, -0.0376],
        [-0.2987,  0.2986]], device='cuda:0', requires_grad=True)
alpha 1 is Parameter containing:
tensor([[-0.0148,  0.0142],
        [-0.1055,  0.1047],
        [-0.0355,  0.0360],
        [-0.1295,  0.1295],
        [ 0.0983, -0.0984],
        [ 0.0388, -0.0386],
        [-0.0276,  0.0268],
        [ 0.0195, -0.0194],
        [ 0.1104, -0.1087],
        [ 0.0297, -0.0297],
        [-0.0264,  0.0261],
        [ 0.0483, -0.0481],
        [ 0.0027, -0.0031],
        [-0.1703,  0.1710]], device='cuda:0', requires_grad=True)
[048-050] Search: Model metrics  : loss=0.37, accuracy@1=87.10%, accuracy@5=99.54%, time-cost=8301.8 s
[048-050] Search: Architecture metrics  : loss=0.51, accuracy@1=82.98%, accuracy@5=99.06%
[048-050] Evaluation:  : loss=0.49, accuracy@1=83.65%, accuracy@5=99.14%
<<<--->>> The 048-050-th epoch : found the highest validation accuracy : 83.65%.
Benchmark Results for cifar10 -> train: 0.0, valid: 0.0, test: 94.16677711748729
alpha 0 is Parameter containing:
tensor([[ 0.0602, -0.0596],
        [-0.1510,  0.1498],
        [-0.0385,  0.0370],
        [-0.0719,  0.0704],
        [ 0.1784, -0.1769],
        [ 0.0784, -0.0794],
        [-0.0521,  0.0517],
        [ 0.0296, -0.0289],
        [-0.1123,  0.1122],
        [-0.1552,  0.1541],
        [ 0.2991, -0.2980],
        [ 0.0706, -0.0721],
        [ 0.0362, -0.0365],
        [-0.3081,  0.3080]], device='cuda:0', requires_grad=True)
alpha 1 is Parameter containing:
tensor([[-0.0157,  0.0151],
        [-0.1079,  0.1072],
        [-0.0390,  0.0394],
        [-0.1372,  0.1372],
        [ 0.0916, -0.0917],
        [ 0.0364, -0.0362],
        [-0.0307,  0.0299],
        [ 0.0149, -0.0148],
        [ 0.1011, -0.0994],
        [ 0.0297, -0.0297],
        [-0.0325,  0.0322],
        [ 0.0399, -0.0397],
        [-0.0077,  0.0072],
        [-0.1634,  0.1641]], device='cuda:0', requires_grad=True)
[049-050] Search: Model metrics  : loss=0.37, accuracy@1=86.89%, accuracy@5=99.53%, time-cost=8497.4 s
[049-050] Search: Architecture metrics  : loss=0.50, accuracy@1=83.14%, accuracy@5=99.09%
[049-050] Evaluation:  : loss=0.48, accuracy@1=83.48%, accuracy@5=99.26%
Benchmark Results for cifar10 -> train: 0.0, valid: 0.0, test: 94.33375621956934
alpha 0 is Parameter containing:
tensor([[ 0.0554, -0.0549],
        [-0.1566,  0.1554],
        [-0.0472,  0.0456],
        [-0.0747,  0.0732],
        [ 0.1698, -0.1683],
        [ 0.0787, -0.0797],
        [-0.0516,  0.0513],
        [ 0.0328, -0.0322],
        [-0.1124,  0.1123],
        [-0.1545,  0.1534],
        [ 0.3085, -0.3073],
        [ 0.0738, -0.0753],
        [ 0.0448, -0.0452],
        [-0.2991,  0.2989]], device='cuda:0', requires_grad=True)
alpha 1 is Parameter containing:
tensor([[-0.0102,  0.0096],
        [-0.0996,  0.0988],
        [-0.0460,  0.0464],
        [-0.1354,  0.1354],
        [ 0.0947, -0.0947],
        [ 0.0448, -0.0446],
        [-0.0298,  0.0289],
        [ 0.0169, -0.0167],
        [ 0.1036, -0.1020],
        [ 0.0258, -0.0258],
        [-0.0436,  0.0433],
        [ 0.0414, -0.0412],
        [-0.0091,  0.0087],
        [-0.1662,  0.1669]], device='cuda:0', requires_grad=True)
[050-050] Search: Model metrics  : loss=0.37, accuracy@1=87.38%, accuracy@5=99.56%, time-cost=8693.9 s
[050-050] Search: Architecture metrics  : loss=0.51, accuracy@1=82.90%, accuracy@5=99.08%
[050-050] Evaluation:  : loss=0.49, accuracy@1=83.21%, accuracy@5=99.15%
Benchmark Results for cifar10 -> train: 0.0, valid: 0.0, test: 94.34122989462635
alpha 0 is Parameter containing:
tensor([[ 0.0516, -0.0510],
        [-0.1517,  0.1505],
        [-0.0455,  0.0440],
        [-0.0748,  0.0733],
        [ 0.1760, -0.1745],
        [ 0.0772, -0.0782],
        [-0.0593,  0.0590],
        [ 0.0345, -0.0338],
        [-0.1145,  0.1145],
        [-0.1574,  0.1563],
        [ 0.3085, -0.3074],
        [ 0.0755, -0.0770],
        [ 0.0438, -0.0441],
        [-0.2957,  0.2955]], device='cuda:0', requires_grad=True)
alpha 1 is Parameter containing:
tensor([[-0.0162,  0.0155],
        [-0.1062,  0.1055],
        [-0.0481,  0.0485],
        [-0.1468,  0.1467],
        [ 0.0870, -0.0871],
        [ 0.0547, -0.0545],
        [-0.0283,  0.0275],
        [ 0.0090, -0.0089],
        [ 0.1038, -0.1022],
        [ 0.0312, -0.0312],
        [-0.0461,  0.0459],
        [ 0.0436, -0.0434],
        [-0.0079,  0.0074],
        [-0.1662,  0.1669]], device='cuda:0', requires_grad=True)