Training the supernet with the following configuration: 
{
  "sampler": {
    "sample_frequency": "step"
  },
  "perturbator": null,
  "partial_connector": null,
  "dropout": {
    "p": 0.0,
    "p_min": 0.0,
    "anneal_frequency": "epoch",
    "anneal_type": "linear",
    "max_iter": 50
  },
  "trainer": {
    "lr": 0.025,
    "arch_lr": 0.0003,
    "epochs": 50,
    "lora_warm_epochs": 10,
    "optim": "sgd",
    "arch_optim": "adam",
    "optim_config": {
      "momentum": 0.9,
      "nesterov": 0,
      "weight_decay": 0.0003
    },
    "arch_optim_config": {
      "betas": [
        0.5,
        0.999
      ],
      "weight_decay": 0.001
    },
    "scheduler": "cosine_annealing_lr",
    "criterion": "cross_entropy",
    "batch_size": 64,
    "learning_rate_min": 0.001,
    "cutout": -1,
    "cutout_length": 16,
    "train_portion": 0.5,
    "use_data_parallel": false,
    "checkpointing_freq": 1,
    "seed": 100
  },
  "lora": {
    "r": 1,
    "lora_dropout": 0,
    "lora_alpha": 1,
    "merge_weights": true
  },
  "lora_extra": {
    "toggle_epochs": null,
    "warm_epochs": 10,
    "toggle_probability": null
  },
  "sampler_type": "darts",
  "searchspace_str": "robust_darts",
  "weight_type": "weight_sharing",
  "oles": {
    "oles": false,
    "calc_gm_score": false
  },
  "search_space": {
    "num_classes": 10,
    "space": "s4"
  },
  "project_name": "LoRA-robust-darts",
  "experiment_type": "lora",
  "seed": 3
}
[001-050] Search: Model metrics  : loss=1.99, accuracy@1=23.08%, accuracy@5=75.44%, time-cost=91.0 s
[001-050] Evaluation:  : loss=1.93, accuracy@1=28.78%, accuracy@5=85.72%
[001-050] Layer Alignment score:  normal: 0.0000, reduce: 0.0000
<<<--->>> The 001-050-th epoch : found the highest validation accuracy : 28.78%.
[002-050] Search: Model metrics  : loss=1.58, accuracy@1=40.64%, accuracy@5=89.92%, time-cost=181.5 s
[002-050] Evaluation:  : loss=1.65, accuracy@1=39.35%, accuracy@5=89.14%
[002-050] Layer Alignment score:  normal: 0.0000, reduce: 0.0000
<<<--->>> The 002-050-th epoch : found the highest validation accuracy : 39.35%.
[003-050] Search: Model metrics  : loss=1.35, accuracy@1=50.30%, accuracy@5=93.33%, time-cost=272.2 s
[003-050] Evaluation:  : loss=1.31, accuracy@1=51.60%, accuracy@5=94.08%
[003-050] Layer Alignment score:  normal: 0.0000, reduce: 0.0000
<<<--->>> The 003-050-th epoch : found the highest validation accuracy : 51.60%.
[004-050] Search: Model metrics  : loss=1.21, accuracy@1=55.84%, accuracy@5=94.95%, time-cost=362.9 s
[004-050] Evaluation:  : loss=1.24, accuracy@1=54.97%, accuracy@5=95.02%
[004-050] Layer Alignment score:  normal: 0.0000, reduce: 0.0000
<<<--->>> The 004-050-th epoch : found the highest validation accuracy : 54.97%.
[005-050] Search: Model metrics  : loss=1.11, accuracy@1=59.69%, accuracy@5=95.90%, time-cost=453.0 s
[005-050] Evaluation:  : loss=1.15, accuracy@1=58.41%, accuracy@5=95.46%
[005-050] Layer Alignment score:  normal: 0.0000, reduce: 0.0000
<<<--->>> The 005-050-th epoch : found the highest validation accuracy : 58.41%.
[006-050] Search: Model metrics  : loss=1.05, accuracy@1=62.29%, accuracy@5=96.14%, time-cost=543.9 s
[006-050] Evaluation:  : loss=1.05, accuracy@1=62.01%, accuracy@5=96.19%
[006-050] Layer Alignment score:  normal: 0.0000, reduce: 0.0000
<<<--->>> The 006-050-th epoch : found the highest validation accuracy : 62.01%.
[007-050] Search: Model metrics  : loss=0.97, accuracy@1=64.81%, accuracy@5=96.82%, time-cost=634.8 s
[007-050] Evaluation:  : loss=1.08, accuracy@1=60.89%, accuracy@5=96.16%
[007-050] Layer Alignment score:  normal: 0.0000, reduce: 0.0000
[008-050] Search: Model metrics  : loss=0.92, accuracy@1=66.86%, accuracy@5=97.22%, time-cost=726.7 s
[008-050] Evaluation:  : loss=0.96, accuracy@1=65.94%, accuracy@5=96.81%
[008-050] Layer Alignment score:  normal: 0.0000, reduce: 0.0000
<<<--->>> The 008-050-th epoch : found the highest validation accuracy : 65.94%.
[009-050] Search: Model metrics  : loss=0.88, accuracy@1=69.08%, accuracy@5=97.52%, time-cost=818.5 s
[009-050] Evaluation:  : loss=0.98, accuracy@1=65.94%, accuracy@5=96.71%
[009-050] Layer Alignment score:  normal: 0.0000, reduce: 0.0000
[010-050] Search: Model metrics  : loss=0.83, accuracy@1=70.43%, accuracy@5=97.80%, time-cost=909.5 s
[010-050] Evaluation:  : loss=0.86, accuracy@1=69.50%, accuracy@5=97.65%
[010-050] Layer Alignment score:  normal: 0.0000, reduce: 0.0000
<<<--->>> The 010-050-th epoch : found the highest validation accuracy : 69.50%.
The searchspace has been warm started with 10 epochs
LoRA layers have been initialized for all operations with Conv2DLoRA module
[011-050] Search: Model metrics  : loss=0.74, accuracy@1=73.60%, accuracy@5=98.22%, time-cost=1093.0 s
[011-050] Search: Architecture metrics  : loss=0.79, accuracy@1=71.83%, accuracy@5=98.05%
[011-050] Evaluation:  : loss=0.74, accuracy@1=73.45%, accuracy@5=98.27%
[011-050] Layer Alignment score:  normal: 0.0000, reduce: 0.0000
<<<--->>> The 011-050-th epoch : found the highest validation accuracy : 73.45%.
alpha 0 is Parameter containing:
tensor([[-0.0502,  0.0503],
        [-0.0260,  0.0239],
        [-0.0444,  0.0464],
        [-0.0360,  0.0342],
        [-0.0358,  0.0359],
        [-0.0472,  0.0460],
        [-0.0182,  0.0176],
        [-0.0194,  0.0206],
        [-0.0135,  0.0148],
        [-0.0071,  0.0053],
        [-0.0076,  0.0087],
        [-0.0151,  0.0173],
        [-0.0111,  0.0108],
        [-0.0215,  0.0223]], device='cuda:0', requires_grad=True)
alpha 1 is Parameter containing:
tensor([[-0.0298,  0.0283],
        [-0.0509,  0.0486],
        [-0.0320,  0.0327],
        [-0.0438,  0.0431],
        [-0.0258,  0.0227],
        [-0.0250,  0.0271],
        [-0.0221,  0.0243],
        [-0.0102,  0.0124],
        [-0.0352,  0.0318],
        [-0.0176,  0.0168],
        [-0.0179,  0.0165],
        [-0.0171,  0.0162],
        [-0.0079,  0.0085],
        [-0.0024,  0.0041]], device='cuda:0', requires_grad=True)
[012-050] Search: Model metrics  : loss=0.72, accuracy@1=74.27%, accuracy@5=98.29%, time-cost=1280.4 s
[012-050] Search: Architecture metrics  : loss=0.78, accuracy@1=72.44%, accuracy@5=98.12%
[012-050] Evaluation:  : loss=0.74, accuracy@1=73.59%, accuracy@5=98.24%
[012-050] Layer Alignment score:  normal: 0.0000, reduce: 0.0000
<<<--->>> The 012-050-th epoch : found the highest validation accuracy : 73.59%.
alpha 0 is Parameter containing:
tensor([[-7.8886e-02,  7.8994e-02],
        [-5.4220e-02,  5.2148e-02],
        [-7.5862e-02,  7.7848e-02],
        [-6.4211e-02,  6.2406e-02],
        [-5.9998e-02,  6.0139e-02],
        [-6.4576e-02,  6.3448e-02],
        [-4.8102e-02,  4.7492e-02],
        [-3.3112e-02,  3.4226e-02],
        [-1.3637e-02,  1.4983e-02],
        [-1.5234e-05, -1.8495e-03],
        [-1.1477e-02,  1.2567e-02],
        [-3.2927e-02,  3.5045e-02],
        [-1.7537e-02,  1.7154e-02],
        [-4.1972e-02,  4.2738e-02]], device='cuda:0', requires_grad=True)
alpha 1 is Parameter containing:
tensor([[-0.0555,  0.0539],
        [-0.0913,  0.0890],
        [-0.0587,  0.0594],
        [-0.0782,  0.0775],
        [-0.0362,  0.0331],
        [-0.0364,  0.0385],
        [-0.0457,  0.0479],
        [-0.0340,  0.0362],
        [-0.0623,  0.0590],
        [-0.0461,  0.0454],
        [-0.0167,  0.0153],
        [-0.0329,  0.0320],
        [-0.0254,  0.0261],
        [-0.0091,  0.0108]], device='cuda:0', requires_grad=True)
[013-050] Search: Model metrics  : loss=0.71, accuracy@1=74.94%, accuracy@5=98.34%, time-cost=1470.7 s
[013-050] Search: Architecture metrics  : loss=0.75, accuracy@1=73.11%, accuracy@5=98.23%
[013-050] Evaluation:  : loss=0.73, accuracy@1=73.77%, accuracy@5=98.40%
[013-050] Layer Alignment score:  normal: 0.0000, reduce: 0.0000
<<<--->>> The 013-050-th epoch : found the highest validation accuracy : 73.77%.
alpha 0 is Parameter containing:
tensor([[-0.0982,  0.0983],
        [-0.0862,  0.0842],
        [-0.1015,  0.1034],
        [-0.0885,  0.0867],
        [-0.0906,  0.0907],
        [-0.0938,  0.0926],
        [-0.0817,  0.0811],
        [-0.0448,  0.0460],
        [-0.0216,  0.0229],
        [-0.0054,  0.0035],
        [-0.0229,  0.0240],
        [-0.0485,  0.0506],
        [-0.0310,  0.0306],
        [-0.0665,  0.0673]], device='cuda:0', requires_grad=True)
alpha 1 is Parameter containing:
tensor([[-0.0868,  0.0852],
        [-0.1313,  0.1291],
        [-0.0793,  0.0799],
        [-0.1183,  0.1176],
        [-0.0554,  0.0523],
        [-0.0447,  0.0468],
        [-0.0537,  0.0559],
        [-0.0556,  0.0578],
        [-0.0818,  0.0785],
        [-0.0690,  0.0683],
        [-0.0304,  0.0290],
        [-0.0649,  0.0640],
        [-0.0450,  0.0456],
        [-0.0177,  0.0193]], device='cuda:0', requires_grad=True)
[014-050] Search: Model metrics  : loss=0.69, accuracy@1=75.44%, accuracy@5=98.56%, time-cost=1660.5 s
[014-050] Search: Architecture metrics  : loss=0.74, accuracy@1=73.69%, accuracy@5=98.20%
[014-050] Evaluation:  : loss=0.71, accuracy@1=74.54%, accuracy@5=98.45%
[014-050] Layer Alignment score:  normal: 0.0000, reduce: 0.0000
<<<--->>> The 014-050-th epoch : found the highest validation accuracy : 74.54%.
alpha 0 is Parameter containing:
tensor([[-0.1349,  0.1350],
        [-0.1097,  0.1076],
        [-0.1330,  0.1349],
        [-0.1164,  0.1146],
        [-0.1136,  0.1137],
        [-0.1048,  0.1037],
        [-0.1188,  0.1182],
        [-0.0490,  0.0501],
        [-0.0212,  0.0226],
        [-0.0083,  0.0065],
        [-0.0322,  0.0333],
        [-0.0617,  0.0638],
        [-0.0332,  0.0328],
        [-0.0792,  0.0800]], device='cuda:0', requires_grad=True)
alpha 1 is Parameter containing:
tensor([[-0.1142,  0.1126],
        [-0.1591,  0.1569],
        [-0.0964,  0.0970],
        [-0.1417,  0.1410],
        [-0.0681,  0.0651],
        [-0.0597,  0.0617],
        [-0.0670,  0.0691],
        [-0.0802,  0.0823],
        [-0.0908,  0.0876],
        [-0.0885,  0.0878],
        [-0.0534,  0.0520],
        [-0.0876,  0.0868],
        [-0.0562,  0.0567],
        [-0.0291,  0.0307]], device='cuda:0', requires_grad=True)
[015-050] Search: Model metrics  : loss=0.68, accuracy@1=75.62%, accuracy@5=98.53%, time-cost=1849.0 s
[015-050] Search: Architecture metrics  : loss=0.74, accuracy@1=74.09%, accuracy@5=98.23%
[015-050] Evaluation:  : loss=0.71, accuracy@1=74.76%, accuracy@5=98.35%
[015-050] Layer Alignment score:  normal: 0.0000, reduce: 0.0000
<<<--->>> The 015-050-th epoch : found the highest validation accuracy : 74.76%.
alpha 0 is Parameter containing:
tensor([[-0.1531,  0.1532],
        [-0.1313,  0.1292],
        [-0.1511,  0.1531],
        [-0.1353,  0.1335],
        [-0.1320,  0.1322],
        [-0.1298,  0.1287],
        [-0.1376,  0.1370],
        [-0.0681,  0.0691],
        [-0.0371,  0.0384],
        [-0.0069,  0.0050],
        [-0.0402,  0.0413],
        [-0.0707,  0.0728],
        [-0.0420,  0.0416],
        [-0.0929,  0.0937]], device='cuda:0', requires_grad=True)
alpha 1 is Parameter containing:
tensor([[-0.1459,  0.1444],
        [-0.1903,  0.1881],
        [-0.1113,  0.1120],
        [-0.1561,  0.1554],
        [-0.0849,  0.0819],
        [-0.0786,  0.0806],
        [-0.0816,  0.0837],
        [-0.0907,  0.0928],
        [-0.1046,  0.1014],
        [-0.1154,  0.1147],
        [-0.0645,  0.0631],
        [-0.1032,  0.1023],
        [-0.0613,  0.0619],
        [-0.0334,  0.0349]], device='cuda:0', requires_grad=True)
[016-050] Search: Model metrics  : loss=0.67, accuracy@1=76.21%, accuracy@5=98.59%, time-cost=2040.1 s
[016-050] Search: Architecture metrics  : loss=0.75, accuracy@1=73.76%, accuracy@5=98.16%
[016-050] Evaluation:  : loss=0.70, accuracy@1=75.06%, accuracy@5=98.56%
[016-050] Layer Alignment score:  normal: 0.0000, reduce: 0.0000
<<<--->>> The 016-050-th epoch : found the highest validation accuracy : 75.06%.
alpha 0 is Parameter containing:
tensor([[-0.1625,  0.1626],
        [-0.1488,  0.1468],
        [-0.1681,  0.1700],
        [-0.1650,  0.1633],
        [-0.1518,  0.1520],
        [-0.1349,  0.1337],
        [-0.1544,  0.1538],
        [-0.0762,  0.0772],
        [-0.0467,  0.0480],
        [ 0.0036, -0.0054],
        [-0.0528,  0.0539],
        [-0.0668,  0.0688],
        [-0.0625,  0.0622],
        [-0.1092,  0.1099]], device='cuda:0', requires_grad=True)
alpha 1 is Parameter containing:
tensor([[-0.1582,  0.1567],
        [-0.2134,  0.2112],
        [-0.1296,  0.1302],
        [-0.1715,  0.1709],
        [-0.1026,  0.0996],
        [-0.0877,  0.0897],
        [-0.0977,  0.0998],
        [-0.0949,  0.0970],
        [-0.1217,  0.1185],
        [-0.1368,  0.1361],
        [-0.0837,  0.0823],
        [-0.1212,  0.1204],
        [-0.0736,  0.0742],
        [-0.0366,  0.0381]], device='cuda:0', requires_grad=True)
[017-050] Search: Model metrics  : loss=0.67, accuracy@1=76.31%, accuracy@5=98.56%, time-cost=2231.2 s
[017-050] Search: Architecture metrics  : loss=0.71, accuracy@1=74.60%, accuracy@5=98.37%
[017-050] Evaluation:  : loss=0.70, accuracy@1=75.52%, accuracy@5=98.56%
[017-050] Layer Alignment score:  normal: 0.0000, reduce: 0.0000
<<<--->>> The 017-050-th epoch : found the highest validation accuracy : 75.52%.
alpha 0 is Parameter containing:
tensor([[-0.1803,  0.1804],
        [-0.1690,  0.1670],
        [-0.1878,  0.1898],
        [-0.1744,  0.1726],
        [-0.1727,  0.1729],
        [-0.1549,  0.1538],
        [-0.1863,  0.1857],
        [-0.0881,  0.0891],
        [-0.0528,  0.0541],
        [ 0.0021, -0.0039],
        [-0.0626,  0.0636],
        [-0.0766,  0.0787],
        [-0.0607,  0.0603],
        [-0.1192,  0.1199]], device='cuda:0', requires_grad=True)
alpha 1 is Parameter containing:
tensor([[-0.1820,  0.1805],
        [-0.2495,  0.2473],
        [-0.1381,  0.1387],
        [-0.1861,  0.1854],
        [-0.1185,  0.1156],
        [-0.0920,  0.0940],
        [-0.1067,  0.1087],
        [-0.0982,  0.1002],
        [-0.1291,  0.1260],
        [-0.1561,  0.1554],
        [-0.1056,  0.1042],
        [-0.1322,  0.1314],
        [-0.0823,  0.0829],
        [-0.0454,  0.0469]], device='cuda:0', requires_grad=True)
[018-050] Search: Model metrics  : loss=0.66, accuracy@1=76.63%, accuracy@5=98.61%, time-cost=2422.3 s
[018-050] Search: Architecture metrics  : loss=0.71, accuracy@1=75.03%, accuracy@5=98.28%
[018-050] Evaluation:  : loss=0.69, accuracy@1=75.59%, accuracy@5=98.62%
[018-050] Layer Alignment score:  normal: 0.0000, reduce: 0.0000
<<<--->>> The 018-050-th epoch : found the highest validation accuracy : 75.59%.
alpha 0 is Parameter containing:
tensor([[-1.9439e-01,  1.9449e-01],
        [-1.8545e-01,  1.8343e-01],
        [-2.0273e-01,  2.0466e-01],
        [-2.0210e-01,  2.0034e-01],
        [-1.8933e-01,  1.8946e-01],
        [-1.7596e-01,  1.7486e-01],
        [-1.9665e-01,  1.9606e-01],
        [-9.3681e-02,  9.4743e-02],
        [-6.2576e-02,  6.3860e-02],
        [-1.5039e-04, -1.6694e-03],
        [-7.3845e-02,  7.4903e-02],
        [-7.2532e-02,  7.4513e-02],
        [-7.0758e-02,  7.0397e-02],
        [-1.2226e-01,  1.2299e-01]], device='cuda:0', requires_grad=True)
alpha 1 is Parameter containing:
tensor([[-0.2069,  0.2054],
        [-0.2603,  0.2581],
        [-0.1537,  0.1544],
        [-0.2063,  0.2057],
        [-0.1157,  0.1128],
        [-0.1090,  0.1110],
        [-0.1179,  0.1199],
        [-0.1135,  0.1155],
        [-0.1384,  0.1353],
        [-0.1808,  0.1801],
        [-0.1172,  0.1158],
        [-0.1459,  0.1451],
        [-0.0897,  0.0903],
        [-0.0600,  0.0615]], device='cuda:0', requires_grad=True)
[019-050] Search: Model metrics  : loss=0.66, accuracy@1=76.72%, accuracy@5=98.69%, time-cost=2613.5 s
[019-050] Search: Architecture metrics  : loss=0.72, accuracy@1=74.60%, accuracy@5=98.37%
[019-050] Evaluation:  : loss=0.69, accuracy@1=75.38%, accuracy@5=98.58%
[019-050] Layer Alignment score:  normal: 0.0000, reduce: 0.0000
alpha 0 is Parameter containing:
tensor([[-0.2037,  0.2038],
        [-0.2018,  0.1998],
        [-0.2060,  0.2080],
        [-0.2066,  0.2049],
        [-0.2012,  0.2014],
        [-0.1867,  0.1856],
        [-0.2153,  0.2147],
        [-0.1068,  0.1078],
        [-0.0582,  0.0595],
        [ 0.0070, -0.0088],
        [-0.0822,  0.0833],
        [-0.0829,  0.0848],
        [-0.0831,  0.0827],
        [-0.1276,  0.1283]], device='cuda:0', requires_grad=True)
alpha 1 is Parameter containing:
tensor([[-0.2265,  0.2251],
        [-0.2792,  0.2771],
        [-0.1712,  0.1718],
        [-0.2218,  0.2211],
        [-0.1139,  0.1111],
        [-0.1220,  0.1240],
        [-0.1192,  0.1212],
        [-0.1249,  0.1268],
        [-0.1545,  0.1515],
        [-0.1993,  0.1986],
        [-0.1244,  0.1231],
        [-0.1557,  0.1549],
        [-0.1014,  0.1020],
        [-0.0637,  0.0652]], device='cuda:0', requires_grad=True)
[020-050] Search: Model metrics  : loss=0.66, accuracy@1=76.58%, accuracy@5=98.65%, time-cost=2804.1 s
[020-050] Search: Architecture metrics  : loss=0.73, accuracy@1=74.41%, accuracy@5=98.43%
[020-050] Evaluation:  : loss=0.69, accuracy@1=75.67%, accuracy@5=98.50%
[020-050] Layer Alignment score:  normal: 0.0000, reduce: 0.0000
<<<--->>> The 020-050-th epoch : found the highest validation accuracy : 75.67%.
alpha 0 is Parameter containing:
tensor([[-0.2130,  0.2131],
        [-0.2027,  0.2007],
        [-0.2183,  0.2202],
        [-0.2202,  0.2185],
        [-0.2165,  0.2167],
        [-0.2016,  0.2005],
        [-0.2314,  0.2308],
        [-0.1082,  0.1092],
        [-0.0560,  0.0572],
        [ 0.0069, -0.0087],
        [-0.0908,  0.0919],
        [-0.0875,  0.0895],
        [-0.0980,  0.0976],
        [-0.1415,  0.1422]], device='cuda:0', requires_grad=True)
alpha 1 is Parameter containing:
tensor([[-0.2398,  0.2383],
        [-0.2963,  0.2942],
        [-0.1860,  0.1866],
        [-0.2465,  0.2459],
        [-0.1168,  0.1140],
        [-0.1234,  0.1254],
        [-0.1256,  0.1276],
        [-0.1325,  0.1344],
        [-0.1688,  0.1657],
        [-0.2072,  0.2066],
        [-0.1424,  0.1411],
        [-0.1682,  0.1675],
        [-0.1170,  0.1175],
        [-0.0591,  0.0606]], device='cuda:0', requires_grad=True)
[021-050] Search: Model metrics  : loss=0.65, accuracy@1=77.12%, accuracy@5=98.74%, time-cost=2989.8 s
[021-050] Search: Architecture metrics  : loss=0.70, accuracy@1=75.18%, accuracy@5=98.51%
[021-050] Evaluation:  : loss=0.68, accuracy@1=76.05%, accuracy@5=98.60%
[021-050] Layer Alignment score:  normal: 0.0000, reduce: 0.0000
<<<--->>> The 021-050-th epoch : found the highest validation accuracy : 76.05%.
alpha 0 is Parameter containing:
tensor([[-0.2261,  0.2262],
        [-0.2230,  0.2210],
        [-0.2360,  0.2379],
        [-0.2455,  0.2438],
        [-0.2207,  0.2208],
        [-0.2123,  0.2112],
        [-0.2537,  0.2531],
        [-0.1216,  0.1226],
        [-0.0624,  0.0636],
        [ 0.0151, -0.0169],
        [-0.0990,  0.1001],
        [-0.0915,  0.0934],
        [-0.0996,  0.0993],
        [-0.1580,  0.1587]], device='cuda:0', requires_grad=True)
alpha 1 is Parameter containing:
tensor([[-0.2510,  0.2496],
        [-0.3237,  0.3215],
        [-0.1908,  0.1914],
        [-0.2637,  0.2631],
        [-0.1212,  0.1184],
        [-0.1317,  0.1336],
        [-0.1328,  0.1347],
        [-0.1358,  0.1377],
        [-0.1853,  0.1823],
        [-0.2205,  0.2198],
        [-0.1643,  0.1630],
        [-0.1778,  0.1771],
        [-0.1290,  0.1295],
        [-0.0637,  0.0651]], device='cuda:0', requires_grad=True)
[022-050] Search: Model metrics  : loss=0.64, accuracy@1=77.13%, accuracy@5=98.76%, time-cost=3180.4 s
[022-050] Search: Architecture metrics  : loss=0.72, accuracy@1=74.80%, accuracy@5=98.41%
[022-050] Evaluation:  : loss=0.69, accuracy@1=75.45%, accuracy@5=98.57%
[022-050] Layer Alignment score:  normal: 0.0000, reduce: 0.0000
alpha 0 is Parameter containing:
tensor([[-0.2291,  0.2292],
        [-0.2335,  0.2315],
        [-0.2504,  0.2523],
        [-0.2656,  0.2639],
        [-0.2208,  0.2209],
        [-0.2182,  0.2171],
        [-0.2829,  0.2823],
        [-0.1318,  0.1328],
        [-0.0638,  0.0650],
        [ 0.0209, -0.0227],
        [-0.0963,  0.0974],
        [-0.0902,  0.0921],
        [-0.1155,  0.1152],
        [-0.1718,  0.1725]], device='cuda:0', requires_grad=True)
alpha 1 is Parameter containing:
tensor([[-0.2683,  0.2669],
        [-0.3409,  0.3388],
        [-0.1920,  0.1926],
        [-0.2741,  0.2735],
        [-0.1340,  0.1313],
        [-0.1486,  0.1505],
        [-0.1364,  0.1383],
        [-0.1442,  0.1461],
        [-0.1987,  0.1957],
        [-0.2282,  0.2275],
        [-0.1695,  0.1682],
        [-0.1917,  0.1910],
        [-0.1369,  0.1374],
        [-0.0643,  0.0657]], device='cuda:0', requires_grad=True)
[023-050] Search: Model metrics  : loss=0.64, accuracy@1=77.40%, accuracy@5=98.78%, time-cost=3364.8 s
[023-050] Search: Architecture metrics  : loss=0.70, accuracy@1=75.00%, accuracy@5=98.42%
[023-050] Evaluation:  : loss=0.68, accuracy@1=75.92%, accuracy@5=98.66%
[023-050] Layer Alignment score:  normal: 0.0000, reduce: 0.0000
alpha 0 is Parameter containing:
tensor([[-0.2442,  0.2443],
        [-0.2480,  0.2460],
        [-0.2574,  0.2593],
        [-0.2806,  0.2789],
        [-0.2475,  0.2476],
        [-0.2334,  0.2323],
        [-0.2957,  0.2952],
        [-0.1393,  0.1403],
        [-0.0775,  0.0788],
        [ 0.0253, -0.0271],
        [-0.1025,  0.1035],
        [-0.0999,  0.1018],
        [-0.1239,  0.1235],
        [-0.1853,  0.1860]], device='cuda:0', requires_grad=True)
alpha 1 is Parameter containing:
tensor([[-0.2867,  0.2853],
        [-0.3583,  0.3562],
        [-0.2050,  0.2056],
        [-0.2916,  0.2910],
        [-0.1416,  0.1389],
        [-0.1626,  0.1645],
        [-0.1354,  0.1373],
        [-0.1510,  0.1529],
        [-0.2147,  0.2118],
        [-0.2394,  0.2387],
        [-0.1762,  0.1750],
        [-0.1938,  0.1931],
        [-0.1483,  0.1489],
        [-0.0734,  0.0747]], device='cuda:0', requires_grad=True)
[024-050] Search: Model metrics  : loss=0.64, accuracy@1=77.70%, accuracy@5=98.81%, time-cost=3549.1 s
[024-050] Search: Architecture metrics  : loss=0.71, accuracy@1=74.90%, accuracy@5=98.47%
[024-050] Evaluation:  : loss=0.67, accuracy@1=76.53%, accuracy@5=98.60%
[024-050] Layer Alignment score:  normal: 0.0000, reduce: 0.0000
<<<--->>> The 024-050-th epoch : found the highest validation accuracy : 76.53%.
alpha 0 is Parameter containing:
tensor([[-0.2463,  0.2464],
        [-0.2550,  0.2531],
        [-0.2706,  0.2725],
        [-0.2889,  0.2872],
        [-0.2612,  0.2613],
        [-0.2496,  0.2486],
        [-0.2982,  0.2977],
        [-0.1459,  0.1469],
        [-0.0790,  0.0802],
        [ 0.0278, -0.0296],
        [-0.0981,  0.0991],
        [-0.1102,  0.1121],
        [-0.1289,  0.1285],
        [-0.2091,  0.2098]], device='cuda:0', requires_grad=True)
alpha 1 is Parameter containing:
tensor([[-0.3042,  0.3028],
        [-0.3708,  0.3687],
        [-0.2164,  0.2170],
        [-0.3200,  0.3194],
        [-0.1435,  0.1408],
        [-0.1614,  0.1633],
        [-0.1356,  0.1374],
        [-0.1633,  0.1652],
        [-0.2248,  0.2219],
        [-0.2611,  0.2604],
        [-0.1877,  0.1864],
        [-0.2071,  0.2063],
        [-0.1551,  0.1556],
        [-0.0722,  0.0735]], device='cuda:0', requires_grad=True)
[025-050] Search: Model metrics  : loss=0.63, accuracy@1=77.55%, accuracy@5=98.70%, time-cost=3736.6 s
[025-050] Search: Architecture metrics  : loss=0.69, accuracy@1=75.84%, accuracy@5=98.47%
[025-050] Evaluation:  : loss=0.67, accuracy@1=76.35%, accuracy@5=98.65%
[025-050] Layer Alignment score:  normal: 0.0000, reduce: 0.0000
alpha 0 is Parameter containing:
tensor([[-0.2697,  0.2698],
        [-0.2675,  0.2656],
        [-0.2865,  0.2884],
        [-0.2978,  0.2961],
        [-0.2794,  0.2796],
        [-0.2571,  0.2561],
        [-0.3042,  0.3037],
        [-0.1542,  0.1553],
        [-0.0861,  0.0873],
        [ 0.0217, -0.0235],
        [-0.0946,  0.0956],
        [-0.1174,  0.1193],
        [-0.1442,  0.1439],
        [-0.2212,  0.2219]], device='cuda:0', requires_grad=True)
alpha 1 is Parameter containing:
tensor([[-0.3117,  0.3102],
        [-0.3962,  0.3942],
        [-0.2277,  0.2283],
        [-0.3441,  0.3435],
        [-0.1468,  0.1442],
        [-0.1665,  0.1684],
        [-0.1451,  0.1469],
        [-0.1719,  0.1737],
        [-0.2368,  0.2340],
        [-0.2801,  0.2794],
        [-0.1991,  0.1979],
        [-0.2080,  0.2073],
        [-0.1659,  0.1664],
        [-0.0752,  0.0766]], device='cuda:0', requires_grad=True)
[026-050] Search: Model metrics  : loss=0.62, accuracy@1=78.06%, accuracy@5=98.74%, time-cost=3924.7 s
[026-050] Search: Architecture metrics  : loss=0.69, accuracy@1=75.60%, accuracy@5=98.39%
[026-050] Evaluation:  : loss=0.67, accuracy@1=76.48%, accuracy@5=98.70%
[026-050] Layer Alignment score:  normal: 0.0000, reduce: 0.0000
alpha 0 is Parameter containing:
tensor([[-0.2786,  0.2787],
        [-0.2841,  0.2822],
        [-0.2932,  0.2951],
        [-0.3004,  0.2987],
        [-0.2925,  0.2926],
        [-0.2659,  0.2649],
        [-0.3214,  0.3208],
        [-0.1608,  0.1618],
        [-0.0873,  0.0885],
        [ 0.0332, -0.0350],
        [-0.0959,  0.0969],
        [-0.1260,  0.1278],
        [-0.1541,  0.1538],
        [-0.2261,  0.2268]], device='cuda:0', requires_grad=True)
alpha 1 is Parameter containing:
tensor([[-0.3076,  0.3062],
        [-0.4115,  0.4095],
        [-0.2372,  0.2378],
        [-0.3499,  0.3493],
        [-0.1492,  0.1466],
        [-0.1753,  0.1772],
        [-0.1585,  0.1604],
        [-0.1742,  0.1760],
        [-0.2553,  0.2525],
        [-0.2910,  0.2903],
        [-0.2132,  0.2120],
        [-0.2155,  0.2149],
        [-0.1753,  0.1758],
        [-0.0838,  0.0851]], device='cuda:0', requires_grad=True)
[027-050] Search: Model metrics  : loss=0.62, accuracy@1=78.26%, accuracy@5=98.95%, time-cost=4115.8 s
[027-050] Search: Architecture metrics  : loss=0.69, accuracy@1=75.89%, accuracy@5=98.55%
[027-050] Evaluation:  : loss=0.66, accuracy@1=76.47%, accuracy@5=98.72%
[027-050] Layer Alignment score:  normal: 0.0000, reduce: 0.0000
alpha 0 is Parameter containing:
tensor([[-0.2878,  0.2879],
        [-0.3011,  0.2992],
        [-0.3037,  0.3055],
        [-0.3053,  0.3036],
        [-0.2914,  0.2915],
        [-0.2626,  0.2615],
        [-0.3348,  0.3343],
        [-0.1649,  0.1659],
        [-0.0890,  0.0902],
        [ 0.0341, -0.0358],
        [-0.1101,  0.1111],
        [-0.1234,  0.1252],
        [-0.1652,  0.1649],
        [-0.2335,  0.2341]], device='cuda:0', requires_grad=True)
alpha 1 is Parameter containing:
tensor([[-0.3180,  0.3167],
        [-0.4186,  0.4166],
        [-0.2472,  0.2478],
        [-0.3611,  0.3605],
        [-0.1400,  0.1374],
        [-0.1894,  0.1912],
        [-0.1646,  0.1664],
        [-0.1751,  0.1769],
        [-0.2628,  0.2601],
        [-0.3048,  0.3042],
        [-0.2215,  0.2203],
        [-0.2261,  0.2255],
        [-0.1783,  0.1788],
        [-0.0872,  0.0884]], device='cuda:0', requires_grad=True)
[028-050] Search: Model metrics  : loss=0.61, accuracy@1=78.17%, accuracy@5=98.80%, time-cost=4306.4 s
[028-050] Search: Architecture metrics  : loss=0.70, accuracy@1=75.52%, accuracy@5=98.42%
[028-050] Evaluation:  : loss=0.66, accuracy@1=76.59%, accuracy@5=98.64%
[028-050] Layer Alignment score:  normal: 0.0000, reduce: 0.0000
<<<--->>> The 028-050-th epoch : found the highest validation accuracy : 76.59%.
alpha 0 is Parameter containing:
tensor([[-0.2964,  0.2965],
        [-0.3115,  0.3096],
        [-0.3065,  0.3084],
        [-0.3162,  0.3145],
        [-0.2971,  0.2972],
        [-0.2588,  0.2577],
        [-0.3509,  0.3503],
        [-0.1746,  0.1756],
        [-0.0950,  0.0962],
        [ 0.0400, -0.0418],
        [-0.1173,  0.1183],
        [-0.1178,  0.1196],
        [-0.1721,  0.1718],
        [-0.2421,  0.2428]], device='cuda:0', requires_grad=True)
alpha 1 is Parameter containing:
tensor([[-0.3340,  0.3326],
        [-0.4315,  0.4295],
        [-0.2452,  0.2458],
        [-0.3744,  0.3738],
        [-0.1473,  0.1447],
        [-0.1903,  0.1921],
        [-0.1712,  0.1730],
        [-0.1821,  0.1838],
        [-0.2713,  0.2686],
        [-0.3119,  0.3113],
        [-0.2383,  0.2371],
        [-0.2411,  0.2404],
        [-0.1762,  0.1767],
        [-0.0878,  0.0891]], device='cuda:0', requires_grad=True)
[029-050] Search: Model metrics  : loss=0.61, accuracy@1=78.43%, accuracy@5=98.86%, time-cost=4497.3 s
[029-050] Search: Architecture metrics  : loss=0.68, accuracy@1=75.82%, accuracy@5=98.58%
[029-050] Evaluation:  : loss=0.65, accuracy@1=76.98%, accuracy@5=98.71%
[029-050] Layer Alignment score:  normal: 0.0000, reduce: 0.0000
<<<--->>> The 029-050-th epoch : found the highest validation accuracy : 76.98%.
alpha 0 is Parameter containing:
tensor([[-0.3075,  0.3076],
        [-0.3231,  0.3212],
        [-0.3157,  0.3175],
        [-0.3289,  0.3273],
        [-0.3029,  0.3031],
        [-0.2653,  0.2642],
        [-0.3639,  0.3634],
        [-0.1703,  0.1713],
        [-0.0928,  0.0940],
        [ 0.0403, -0.0421],
        [-0.1153,  0.1163],
        [-0.1225,  0.1242],
        [-0.1773,  0.1770],
        [-0.2520,  0.2526]], device='cuda:0', requires_grad=True)
alpha 1 is Parameter containing:
tensor([[-0.3474,  0.3461],
        [-0.4430,  0.4410],
        [-0.2567,  0.2573],
        [-0.3775,  0.3769],
        [-0.1659,  0.1633],
        [-0.1940,  0.1958],
        [-0.1667,  0.1685],
        [-0.1988,  0.2005],
        [-0.2766,  0.2740],
        [-0.3116,  0.3110],
        [-0.2625,  0.2614],
        [-0.2552,  0.2546],
        [-0.1792,  0.1796],
        [-0.0832,  0.0845]], device='cuda:0', requires_grad=True)
[030-050] Search: Model metrics  : loss=0.61, accuracy@1=78.44%, accuracy@5=98.90%, time-cost=4688.1 s
[030-050] Search: Architecture metrics  : loss=0.69, accuracy@1=75.52%, accuracy@5=98.51%
[030-050] Evaluation:  : loss=0.66, accuracy@1=76.87%, accuracy@5=98.67%
[030-050] Layer Alignment score:  normal: 0.0000, reduce: 0.0000
alpha 0 is Parameter containing:
tensor([[-0.3085,  0.3086],
        [-0.3376,  0.3357],
        [-0.3147,  0.3165],
        [-0.3267,  0.3251],
        [-0.3161,  0.3162],
        [-0.2702,  0.2691],
        [-0.3729,  0.3723],
        [-0.1865,  0.1874],
        [-0.1012,  0.1024],
        [ 0.0520, -0.0537],
        [-0.1020,  0.1030],
        [-0.1388,  0.1405],
        [-0.1793,  0.1790],
        [-0.2465,  0.2471]], device='cuda:0', requires_grad=True)
alpha 1 is Parameter containing:
tensor([[-0.3626,  0.3613],
        [-0.4545,  0.4525],
        [-0.2656,  0.2661],
        [-0.3890,  0.3884],
        [-0.1627,  0.1602],
        [-0.2012,  0.2030],
        [-0.1765,  0.1782],
        [-0.2153,  0.2170],
        [-0.2863,  0.2837],
        [-0.3129,  0.3123],
        [-0.2670,  0.2659],
        [-0.2699,  0.2692],
        [-0.1814,  0.1819],
        [-0.0792,  0.0805]], device='cuda:0', requires_grad=True)
[031-050] Search: Model metrics  : loss=0.60, accuracy@1=78.53%, accuracy@5=98.90%, time-cost=4879.1 s
[031-050] Search: Architecture metrics  : loss=0.68, accuracy@1=75.80%, accuracy@5=98.74%
[031-050] Evaluation:  : loss=0.64, accuracy@1=77.32%, accuracy@5=98.74%
[031-050] Layer Alignment score:  normal: 0.0000, reduce: 0.0000
<<<--->>> The 031-050-th epoch : found the highest validation accuracy : 77.32%.
alpha 0 is Parameter containing:
tensor([[-0.3188,  0.3189],
        [-0.3438,  0.3419],
        [-0.3201,  0.3219],
        [-0.3334,  0.3318],
        [-0.3033,  0.3035],
        [-0.2847,  0.2836],
        [-0.3895,  0.3890],
        [-0.1850,  0.1859],
        [-0.1054,  0.1066],
        [ 0.0477, -0.0494],
        [-0.1096,  0.1105],
        [-0.1389,  0.1407],
        [-0.1800,  0.1797],
        [-0.2457,  0.2463]], device='cuda:0', requires_grad=True)
alpha 1 is Parameter containing:
tensor([[-0.3703,  0.3690],
        [-0.4682,  0.4663],
        [-0.2766,  0.2771],
        [-0.4105,  0.4099],
        [-0.1715,  0.1690],
        [-0.1999,  0.2017],
        [-0.1785,  0.1802],
        [-0.2126,  0.2142],
        [-0.2863,  0.2837],
        [-0.3230,  0.3224],
        [-0.2782,  0.2770],
        [-0.2801,  0.2794],
        [-0.1861,  0.1866],
        [-0.0808,  0.0820]], device='cuda:0', requires_grad=True)
[032-050] Search: Model metrics  : loss=0.60, accuracy@1=78.86%, accuracy@5=98.87%, time-cost=5066.7 s
[032-050] Search: Architecture metrics  : loss=0.67, accuracy@1=76.56%, accuracy@5=98.56%
[032-050] Evaluation:  : loss=0.66, accuracy@1=76.26%, accuracy@5=98.59%
[032-050] Layer Alignment score:  normal: 0.0000, reduce: 0.0000
alpha 0 is Parameter containing:
tensor([[-0.3222,  0.3223],
        [-0.3589,  0.3570],
        [-0.3208,  0.3226],
        [-0.3415,  0.3399],
        [-0.3112,  0.3114],
        [-0.2907,  0.2896],
        [-0.3981,  0.3976],
        [-0.1888,  0.1898],
        [-0.1122,  0.1133],
        [ 0.0662, -0.0680],
        [-0.1218,  0.1228],
        [-0.1469,  0.1486],
        [-0.1825,  0.1822],
        [-0.2588,  0.2594]], device='cuda:0', requires_grad=True)
alpha 1 is Parameter containing:
tensor([[-0.3869,  0.3856],
        [-0.4757,  0.4738],
        [-0.2890,  0.2896],
        [-0.4126,  0.4120],
        [-0.1973,  0.1948],
        [-0.2057,  0.2075],
        [-0.1748,  0.1765],
        [-0.2083,  0.2099],
        [-0.3072,  0.3046],
        [-0.3205,  0.3199],
        [-0.2826,  0.2814],
        [-0.2934,  0.2928],
        [-0.1938,  0.1943],
        [-0.0906,  0.0918]], device='cuda:0', requires_grad=True)
[033-050] Search: Model metrics  : loss=0.60, accuracy@1=78.73%, accuracy@5=98.93%, time-cost=5257.7 s
[033-050] Search: Architecture metrics  : loss=0.69, accuracy@1=76.19%, accuracy@5=98.49%
[033-050] Evaluation:  : loss=0.65, accuracy@1=77.16%, accuracy@5=98.76%
[033-050] Layer Alignment score:  normal: 0.0000, reduce: 0.0000
alpha 0 is Parameter containing:
tensor([[-0.3210,  0.3211],
        [-0.3736,  0.3718],
        [-0.3213,  0.3231],
        [-0.3404,  0.3388],
        [-0.3168,  0.3169],
        [-0.2982,  0.2971],
        [-0.4055,  0.4049],
        [-0.2013,  0.2022],
        [-0.1104,  0.1116],
        [ 0.0819, -0.0837],
        [-0.1225,  0.1235],
        [-0.1531,  0.1548],
        [-0.1868,  0.1864],
        [-0.2599,  0.2606]], device='cuda:0', requires_grad=True)
alpha 1 is Parameter containing:
tensor([[-0.3979,  0.3966],
        [-0.4902,  0.4883],
        [-0.2915,  0.2921],
        [-0.4227,  0.4222],
        [-0.2106,  0.2081],
        [-0.2097,  0.2114],
        [-0.1765,  0.1782],
        [-0.2192,  0.2208],
        [-0.3185,  0.3159],
        [-0.3255,  0.3249],
        [-0.2863,  0.2851],
        [-0.3057,  0.3051],
        [-0.1990,  0.1994],
        [-0.0972,  0.0984]], device='cuda:0', requires_grad=True)
[034-050] Search: Model metrics  : loss=0.59, accuracy@1=79.02%, accuracy@5=98.96%, time-cost=5449.2 s
[034-050] Search: Architecture metrics  : loss=0.67, accuracy@1=76.39%, accuracy@5=98.56%
[034-050] Evaluation:  : loss=0.65, accuracy@1=77.34%, accuracy@5=98.67%
[034-050] Layer Alignment score:  normal: 0.0000, reduce: 0.0000
<<<--->>> The 034-050-th epoch : found the highest validation accuracy : 77.34%.
alpha 0 is Parameter containing:
tensor([[-0.3239,  0.3240],
        [-0.3815,  0.3797],
        [-0.3304,  0.3322],
        [-0.3567,  0.3550],
        [-0.3279,  0.3280],
        [-0.3084,  0.3074],
        [-0.4127,  0.4122],
        [-0.1877,  0.1886],
        [-0.1044,  0.1056],
        [ 0.0874, -0.0891],
        [-0.1259,  0.1269],
        [-0.1532,  0.1548],
        [-0.1952,  0.1949],
        [-0.2647,  0.2653]], device='cuda:0', requires_grad=True)
alpha 1 is Parameter containing:
tensor([[-0.4085,  0.4071],
        [-0.4966,  0.4948],
        [-0.3074,  0.3080],
        [-0.4394,  0.4389],
        [-0.2071,  0.2047],
        [-0.2215,  0.2232],
        [-0.1730,  0.1746],
        [-0.2184,  0.2200],
        [-0.3216,  0.3192],
        [-0.3257,  0.3251],
        [-0.2918,  0.2907],
        [-0.3162,  0.3157],
        [-0.1957,  0.1961],
        [-0.0923,  0.0935]], device='cuda:0', requires_grad=True)
[035-050] Search: Model metrics  : loss=0.59, accuracy@1=78.97%, accuracy@5=99.04%, time-cost=5640.5 s
[035-050] Search: Architecture metrics  : loss=0.66, accuracy@1=76.70%, accuracy@5=98.75%
[035-050] Evaluation:  : loss=0.65, accuracy@1=77.36%, accuracy@5=98.62%
[035-050] Layer Alignment score:  normal: 0.0000, reduce: 0.0000
<<<--->>> The 035-050-th epoch : found the highest validation accuracy : 77.36%.
alpha 0 is Parameter containing:
tensor([[-0.3286,  0.3287],
        [-0.3973,  0.3954],
        [-0.3368,  0.3386],
        [-0.3723,  0.3707],
        [-0.3379,  0.3380],
        [-0.3119,  0.3108],
        [-0.4129,  0.4124],
        [-0.1887,  0.1896],
        [-0.1036,  0.1047],
        [ 0.0989, -0.1006],
        [-0.1232,  0.1241],
        [-0.1619,  0.1636],
        [-0.1982,  0.1979],
        [-0.2739,  0.2745]], device='cuda:0', requires_grad=True)
alpha 1 is Parameter containing:
tensor([[-0.4176,  0.4163],
        [-0.5100,  0.5082],
        [-0.3174,  0.3180],
        [-0.4508,  0.4503],
        [-0.2043,  0.2019],
        [-0.2227,  0.2244],
        [-0.1679,  0.1695],
        [-0.2208,  0.2224],
        [-0.3271,  0.3246],
        [-0.3252,  0.3246],
        [-0.2942,  0.2932],
        [-0.3341,  0.3336],
        [-0.2090,  0.2094],
        [-0.0998,  0.1009]], device='cuda:0', requires_grad=True)
[036-050] Search: Model metrics  : loss=0.59, accuracy@1=79.36%, accuracy@5=98.99%, time-cost=5827.1 s
[036-050] Search: Architecture metrics  : loss=0.66, accuracy@1=76.77%, accuracy@5=98.71%
[036-050] Evaluation:  : loss=0.64, accuracy@1=77.52%, accuracy@5=98.64%
[036-050] Layer Alignment score:  normal: 0.0000, reduce: 0.0000
<<<--->>> The 036-050-th epoch : found the highest validation accuracy : 77.52%.
alpha 0 is Parameter containing:
tensor([[-0.3355,  0.3356],
        [-0.4027,  0.4009],
        [-0.3476,  0.3493],
        [-0.3780,  0.3764],
        [-0.3454,  0.3455],
        [-0.3184,  0.3174],
        [-0.4281,  0.4276],
        [-0.1923,  0.1933],
        [-0.1115,  0.1126],
        [ 0.1035, -0.1052],
        [-0.1168,  0.1178],
        [-0.1612,  0.1629],
        [-0.2046,  0.2042],
        [-0.2771,  0.2777]], device='cuda:0', requires_grad=True)
alpha 1 is Parameter containing:
tensor([[-0.4307,  0.4294],
        [-0.5120,  0.5101],
        [-0.3365,  0.3370],
        [-0.4726,  0.4721],
        [-0.1976,  0.1953],
        [-0.2220,  0.2237],
        [-0.1728,  0.1744],
        [-0.2229,  0.2244],
        [-0.3259,  0.3234],
        [-0.3285,  0.3279],
        [-0.3045,  0.3034],
        [-0.3368,  0.3362],
        [-0.2218,  0.2222],
        [-0.1069,  0.1080]], device='cuda:0', requires_grad=True)
[037-050] Search: Model metrics  : loss=0.59, accuracy@1=79.19%, accuracy@5=98.91%, time-cost=6011.1 s
[037-050] Search: Architecture metrics  : loss=0.67, accuracy@1=76.72%, accuracy@5=98.55%
[037-050] Evaluation:  : loss=0.64, accuracy@1=77.42%, accuracy@5=98.80%
[037-050] Layer Alignment score:  normal: 0.0000, reduce: 0.0000
alpha 0 is Parameter containing:
tensor([[-0.3378,  0.3379],
        [-0.4078,  0.4060],
        [-0.3546,  0.3564],
        [-0.3869,  0.3853],
        [-0.3564,  0.3565],
        [-0.3314,  0.3304],
        [-0.4288,  0.4283],
        [-0.2024,  0.2033],
        [-0.1117,  0.1128],
        [ 0.1116, -0.1133],
        [-0.1170,  0.1179],
        [-0.1562,  0.1578],
        [-0.2207,  0.2204],
        [-0.2908,  0.2914]], device='cuda:0', requires_grad=True)
alpha 1 is Parameter containing:
tensor([[-0.4375,  0.4363],
        [-0.5234,  0.5216],
        [-0.3460,  0.3465],
        [-0.4900,  0.4895],
        [-0.1978,  0.1955],
        [-0.2237,  0.2253],
        [-0.1810,  0.1826],
        [-0.2310,  0.2326],
        [-0.3367,  0.3344],
        [-0.3191,  0.3186],
        [-0.3154,  0.3143],
        [-0.3420,  0.3415],
        [-0.2277,  0.2281],
        [-0.1099,  0.1110]], device='cuda:0', requires_grad=True)
[038-050] Search: Model metrics  : loss=0.58, accuracy@1=79.43%, accuracy@5=98.95%, time-cost=6197.7 s
[038-050] Search: Architecture metrics  : loss=0.66, accuracy@1=76.71%, accuracy@5=98.75%
[038-050] Evaluation:  : loss=0.63, accuracy@1=78.12%, accuracy@5=98.79%
[038-050] Layer Alignment score:  normal: 0.0000, reduce: 0.0000
<<<--->>> The 038-050-th epoch : found the highest validation accuracy : 78.12%.
alpha 0 is Parameter containing:
tensor([[-0.3485,  0.3486],
        [-0.4140,  0.4121],
        [-0.3612,  0.3629],
        [-0.3840,  0.3824],
        [-0.3570,  0.3571],
        [-0.3422,  0.3412],
        [-0.4416,  0.4411],
        [-0.2026,  0.2035],
        [-0.1052,  0.1063],
        [ 0.1001, -0.1017],
        [-0.1183,  0.1192],
        [-0.1629,  0.1645],
        [-0.2284,  0.2281],
        [-0.2930,  0.2936]], device='cuda:0', requires_grad=True)
alpha 1 is Parameter containing:
tensor([[-0.4438,  0.4426],
        [-0.5296,  0.5278],
        [-0.3518,  0.3524],
        [-0.4942,  0.4937],
        [-0.1934,  0.1911],
        [-0.2126,  0.2143],
        [-0.1912,  0.1928],
        [-0.2341,  0.2356],
        [-0.3519,  0.3496],
        [-0.3225,  0.3219],
        [-0.3316,  0.3305],
        [-0.3492,  0.3487],
        [-0.2233,  0.2237],
        [-0.1102,  0.1112]], device='cuda:0', requires_grad=True)
[039-050] Search: Model metrics  : loss=0.58, accuracy@1=79.64%, accuracy@5=99.14%, time-cost=6388.6 s
[039-050] Search: Architecture metrics  : loss=0.66, accuracy@1=76.57%, accuracy@5=98.72%
[039-050] Evaluation:  : loss=0.63, accuracy@1=77.60%, accuracy@5=98.84%
[039-050] Layer Alignment score:  normal: 0.0000, reduce: 0.0000
alpha 0 is Parameter containing:
tensor([[-0.3584,  0.3585],
        [-0.4176,  0.4158],
        [-0.3700,  0.3717],
        [-0.3906,  0.3890],
        [-0.3593,  0.3594],
        [-0.3525,  0.3515],
        [-0.4373,  0.4368],
        [-0.1986,  0.1995],
        [-0.1109,  0.1120],
        [ 0.1011, -0.1028],
        [-0.1287,  0.1296],
        [-0.1633,  0.1649],
        [-0.2356,  0.2353],
        [-0.2946,  0.2952]], device='cuda:0', requires_grad=True)
alpha 1 is Parameter containing:
tensor([[-0.4471,  0.4458],
        [-0.5338,  0.5320],
        [-0.3501,  0.3506],
        [-0.5128,  0.5123],
        [-0.1980,  0.1957],
        [-0.2025,  0.2042],
        [-0.1930,  0.1946],
        [-0.2408,  0.2423],
        [-0.3510,  0.3487],
        [-0.3336,  0.3331],
        [-0.3523,  0.3513],
        [-0.3741,  0.3736],
        [-0.2247,  0.2251],
        [-0.0956,  0.0966]], device='cuda:0', requires_grad=True)
[040-050] Search: Model metrics  : loss=0.58, accuracy@1=79.58%, accuracy@5=99.06%, time-cost=6578.4 s
[040-050] Search: Architecture metrics  : loss=0.66, accuracy@1=76.76%, accuracy@5=98.66%
[040-050] Evaluation:  : loss=0.64, accuracy@1=77.35%, accuracy@5=98.82%
[040-050] Layer Alignment score:  normal: 0.0000, reduce: 0.0000
alpha 0 is Parameter containing:
tensor([[-0.3619,  0.3620],
        [-0.4194,  0.4176],
        [-0.3791,  0.3808],
        [-0.3974,  0.3958],
        [-0.3521,  0.3522],
        [-0.3621,  0.3611],
        [-0.4424,  0.4419],
        [-0.2065,  0.2074],
        [-0.1051,  0.1062],
        [ 0.1025, -0.1042],
        [-0.1214,  0.1224],
        [-0.1664,  0.1680],
        [-0.2356,  0.2353],
        [-0.3030,  0.3036]], device='cuda:0', requires_grad=True)
alpha 1 is Parameter containing:
tensor([[-0.4619,  0.4607],
        [-0.5277,  0.5259],
        [-0.3548,  0.3554],
        [-0.5195,  0.5190],
        [-0.2004,  0.1982],
        [-0.2051,  0.2067],
        [-0.2007,  0.2023],
        [-0.2449,  0.2463],
        [-0.3606,  0.3583],
        [-0.3428,  0.3423],
        [-0.3591,  0.3581],
        [-0.3854,  0.3849],
        [-0.2315,  0.2319],
        [-0.1027,  0.1037]], device='cuda:0', requires_grad=True)
[041-050] Search: Model metrics  : loss=0.57, accuracy@1=79.93%, accuracy@5=99.12%, time-cost=6767.6 s
[041-050] Search: Architecture metrics  : loss=0.65, accuracy@1=76.87%, accuracy@5=98.69%
[041-050] Evaluation:  : loss=0.63, accuracy@1=77.88%, accuracy@5=98.76%
[041-050] Layer Alignment score:  normal: 0.0000, reduce: 0.0000
alpha 0 is Parameter containing:
tensor([[-0.3583,  0.3584],
        [-0.4264,  0.4246],
        [-0.3857,  0.3875],
        [-0.4142,  0.4127],
        [-0.3517,  0.3518],
        [-0.3686,  0.3676],
        [-0.4469,  0.4464],
        [-0.2077,  0.2086],
        [-0.1054,  0.1064],
        [ 0.1144, -0.1160],
        [-0.1241,  0.1251],
        [-0.1719,  0.1735],
        [-0.2470,  0.2467],
        [-0.2955,  0.2961]], device='cuda:0', requires_grad=True)
alpha 1 is Parameter containing:
tensor([[-0.4650,  0.4637],
        [-0.5387,  0.5370],
        [-0.3643,  0.3648],
        [-0.5316,  0.5312],
        [-0.1889,  0.1868],
        [-0.2056,  0.2072],
        [-0.2124,  0.2139],
        [-0.2442,  0.2457],
        [-0.3702,  0.3680],
        [-0.3493,  0.3487],
        [-0.3777,  0.3767],
        [-0.3914,  0.3909],
        [-0.2335,  0.2339],
        [-0.1022,  0.1032]], device='cuda:0', requires_grad=True)
[042-050] Search: Model metrics  : loss=0.57, accuracy@1=79.91%, accuracy@5=99.06%, time-cost=6957.2 s
[042-050] Search: Architecture metrics  : loss=0.66, accuracy@1=76.93%, accuracy@5=98.76%
[042-050] Evaluation:  : loss=0.63, accuracy@1=77.90%, accuracy@5=98.81%
[042-050] Layer Alignment score:  normal: 0.0000, reduce: 0.0000
alpha 0 is Parameter containing:
tensor([[-0.3685,  0.3686],
        [-0.4395,  0.4377],
        [-0.3920,  0.3937],
        [-0.4122,  0.4107],
        [-0.3522,  0.3523],
        [-0.3736,  0.3726],
        [-0.4517,  0.4513],
        [-0.2097,  0.2105],
        [-0.1022,  0.1032],
        [ 0.1266, -0.1282],
        [-0.1252,  0.1262],
        [-0.1819,  0.1835],
        [-0.2517,  0.2514],
        [-0.2897,  0.2903]], device='cuda:0', requires_grad=True)
alpha 1 is Parameter containing:
tensor([[-0.4710,  0.4697],
        [-0.5433,  0.5416],
        [-0.3774,  0.3779],
        [-0.5340,  0.5335],
        [-0.1979,  0.1957],
        [-0.2017,  0.2033],
        [-0.2187,  0.2202],
        [-0.2497,  0.2511],
        [-0.3798,  0.3776],
        [-0.3544,  0.3539],
        [-0.3879,  0.3869],
        [-0.4035,  0.4030],
        [-0.2369,  0.2373],
        [-0.1054,  0.1064]], device='cuda:0', requires_grad=True)
[043-050] Search: Model metrics  : loss=0.57, accuracy@1=79.76%, accuracy@5=99.14%, time-cost=7148.4 s
[043-050] Search: Architecture metrics  : loss=0.66, accuracy@1=76.84%, accuracy@5=98.75%
[043-050] Evaluation:  : loss=0.62, accuracy@1=77.93%, accuracy@5=98.81%
[043-050] Layer Alignment score:  normal: 0.0000, reduce: 0.0000
alpha 0 is Parameter containing:
tensor([[-0.3660,  0.3661],
        [-0.4466,  0.4448],
        [-0.3885,  0.3902],
        [-0.4160,  0.4144],
        [-0.3570,  0.3571],
        [-0.3730,  0.3720],
        [-0.4539,  0.4535],
        [-0.2075,  0.2083],
        [-0.0969,  0.0980],
        [ 0.1184, -0.1200],
        [-0.1362,  0.1371],
        [-0.1904,  0.1919],
        [-0.2648,  0.2645],
        [-0.2813,  0.2819]], device='cuda:0', requires_grad=True)
alpha 1 is Parameter containing:
tensor([[-0.4736,  0.4724],
        [-0.5592,  0.5575],
        [-0.3730,  0.3735],
        [-0.5435,  0.5430],
        [-0.2042,  0.2021],
        [-0.1940,  0.1956],
        [-0.2204,  0.2219],
        [-0.2521,  0.2535],
        [-0.3927,  0.3905],
        [-0.3668,  0.3663],
        [-0.4046,  0.4036],
        [-0.4061,  0.4056],
        [-0.2370,  0.2373],
        [-0.1025,  0.1035]], device='cuda:0', requires_grad=True)
[044-050] Search: Model metrics  : loss=0.57, accuracy@1=79.74%, accuracy@5=99.06%, time-cost=7335.5 s
[044-050] Search: Architecture metrics  : loss=0.65, accuracy@1=77.08%, accuracy@5=98.63%
[044-050] Evaluation:  : loss=0.62, accuracy@1=78.30%, accuracy@5=98.83%
[044-050] Layer Alignment score:  normal: 0.0000, reduce: 0.0000
<<<--->>> The 044-050-th epoch : found the highest validation accuracy : 78.30%.
alpha 0 is Parameter containing:
tensor([[-0.3690,  0.3691],
        [-0.4468,  0.4450],
        [-0.3863,  0.3879],
        [-0.4199,  0.4184],
        [-0.3637,  0.3638],
        [-0.3766,  0.3756],
        [-0.4542,  0.4537],
        [-0.2123,  0.2132],
        [-0.0992,  0.1003],
        [ 0.1293, -0.1309],
        [-0.1438,  0.1447],
        [-0.1940,  0.1956],
        [-0.2793,  0.2790],
        [-0.2892,  0.2898]], device='cuda:0', requires_grad=True)
alpha 1 is Parameter containing:
tensor([[-0.4784,  0.4772],
        [-0.5732,  0.5715],
        [-0.3718,  0.3723],
        [-0.5520,  0.5515],
        [-0.2129,  0.2108],
        [-0.1870,  0.1886],
        [-0.2305,  0.2320],
        [-0.2527,  0.2541],
        [-0.3952,  0.3931],
        [-0.3607,  0.3602],
        [-0.4179,  0.4169],
        [-0.4130,  0.4125],
        [-0.2330,  0.2333],
        [-0.0994,  0.1004]], device='cuda:0', requires_grad=True)
[045-050] Search: Model metrics  : loss=0.56, accuracy@1=79.92%, accuracy@5=99.04%, time-cost=7520.0 s
[045-050] Search: Architecture metrics  : loss=0.66, accuracy@1=76.54%, accuracy@5=98.69%
[045-050] Evaluation:  : loss=0.62, accuracy@1=77.92%, accuracy@5=98.84%
[045-050] Layer Alignment score:  normal: 0.0000, reduce: 0.0000
alpha 0 is Parameter containing:
tensor([[-0.3660,  0.3661],
        [-0.4503,  0.4486],
        [-0.3910,  0.3927],
        [-0.4185,  0.4170],
        [-0.3710,  0.3711],
        [-0.3769,  0.3759],
        [-0.4665,  0.4660],
        [-0.2132,  0.2141],
        [-0.1042,  0.1053],
        [ 0.1367, -0.1383],
        [-0.1415,  0.1424],
        [-0.1934,  0.1949],
        [-0.2923,  0.2920],
        [-0.2958,  0.2963]], device='cuda:0', requires_grad=True)
alpha 1 is Parameter containing:
tensor([[-0.4857,  0.4845],
        [-0.5839,  0.5822],
        [-0.3772,  0.3777],
        [-0.5519,  0.5515],
        [-0.2158,  0.2137],
        [-0.1854,  0.1869],
        [-0.2352,  0.2367],
        [-0.2554,  0.2567],
        [-0.4060,  0.4038],
        [-0.3608,  0.3603],
        [-0.4273,  0.4263],
        [-0.4176,  0.4172],
        [-0.2315,  0.2318],
        [-0.1058,  0.1068]], device='cuda:0', requires_grad=True)
[046-050] Search: Model metrics  : loss=0.56, accuracy@1=80.11%, accuracy@5=99.15%, time-cost=7709.3 s
[046-050] Search: Architecture metrics  : loss=0.66, accuracy@1=76.89%, accuracy@5=98.72%
[046-050] Evaluation:  : loss=0.63, accuracy@1=77.68%, accuracy@5=98.90%
[046-050] Layer Alignment score:  normal: 0.0000, reduce: 0.0000
alpha 0 is Parameter containing:
tensor([[-0.3664,  0.3665],
        [-0.4405,  0.4387],
        [-0.4042,  0.4059],
        [-0.4302,  0.4287],
        [-0.3642,  0.3643],
        [-0.3744,  0.3734],
        [-0.4808,  0.4804],
        [-0.2157,  0.2166],
        [-0.1052,  0.1062],
        [ 0.1398, -0.1414],
        [-0.1480,  0.1489],
        [-0.1906,  0.1921],
        [-0.2927,  0.2924],
        [-0.3044,  0.3049]], device='cuda:0', requires_grad=True)
alpha 1 is Parameter containing:
tensor([[-0.4855,  0.4843],
        [-0.6006,  0.5989],
        [-0.3760,  0.3765],
        [-0.5643,  0.5639],
        [-0.2122,  0.2102],
        [-0.1788,  0.1803],
        [-0.2482,  0.2496],
        [-0.2540,  0.2553],
        [-0.3993,  0.3972],
        [-0.3532,  0.3527],
        [-0.4543,  0.4533],
        [-0.4234,  0.4230],
        [-0.2284,  0.2287],
        [-0.1011,  0.1021]], device='cuda:0', requires_grad=True)
[047-050] Search: Model metrics  : loss=0.56, accuracy@1=80.57%, accuracy@5=99.18%, time-cost=7893.0 s
[047-050] Search: Architecture metrics  : loss=0.66, accuracy@1=76.73%, accuracy@5=98.64%
[047-050] Evaluation:  : loss=0.62, accuracy@1=78.22%, accuracy@5=98.74%
[047-050] Layer Alignment score:  normal: 0.0000, reduce: 0.0000
alpha 0 is Parameter containing:
tensor([[-0.3639,  0.3640],
        [-0.4442,  0.4424],
        [-0.4002,  0.4018],
        [-0.4297,  0.4282],
        [-0.3719,  0.3720],
        [-0.3780,  0.3771],
        [-0.4853,  0.4848],
        [-0.2132,  0.2141],
        [-0.1027,  0.1037],
        [ 0.1460, -0.1476],
        [-0.1505,  0.1515],
        [-0.1968,  0.1983],
        [-0.2921,  0.2919],
        [-0.3102,  0.3108]], device='cuda:0', requires_grad=True)
alpha 1 is Parameter containing:
tensor([[-0.4997,  0.4985],
        [-0.6008,  0.5991],
        [-0.3768,  0.3773],
        [-0.5680,  0.5675],
        [-0.2262,  0.2242],
        [-0.1819,  0.1834],
        [-0.2390,  0.2404],
        [-0.2571,  0.2584],
        [-0.4052,  0.4031],
        [-0.3580,  0.3575],
        [-0.4548,  0.4539],
        [-0.4358,  0.4354],
        [-0.2303,  0.2306],
        [-0.1032,  0.1041]], device='cuda:0', requires_grad=True)
[048-050] Search: Model metrics  : loss=0.56, accuracy@1=80.40%, accuracy@5=99.03%, time-cost=8076.7 s
[048-050] Search: Architecture metrics  : loss=0.64, accuracy@1=77.41%, accuracy@5=98.79%
[048-050] Evaluation:  : loss=0.62, accuracy@1=77.98%, accuracy@5=98.86%
[048-050] Layer Alignment score:  normal: 0.0000, reduce: 0.0000
alpha 0 is Parameter containing:
tensor([[-0.3690,  0.3691],
        [-0.4571,  0.4553],
        [-0.4024,  0.4040],
        [-0.4312,  0.4297],
        [-0.3809,  0.3811],
        [-0.3854,  0.3844],
        [-0.4831,  0.4826],
        [-0.2173,  0.2181],
        [-0.1166,  0.1176],
        [ 0.1496, -0.1513],
        [-0.1407,  0.1416],
        [-0.1962,  0.1977],
        [-0.2959,  0.2956],
        [-0.3244,  0.3249]], device='cuda:0', requires_grad=True)
alpha 1 is Parameter containing:
tensor([[-0.5162,  0.5151],
        [-0.6152,  0.6136],
        [-0.3746,  0.3751],
        [-0.5694,  0.5690],
        [-0.2359,  0.2339],
        [-0.1730,  0.1745],
        [-0.2437,  0.2451],
        [-0.2546,  0.2559],
        [-0.4091,  0.4070],
        [-0.3596,  0.3592],
        [-0.4613,  0.4603],
        [-0.4490,  0.4486],
        [-0.2400,  0.2404],
        [-0.0985,  0.0994]], device='cuda:0', requires_grad=True)
[049-050] Search: Model metrics  : loss=0.55, accuracy@1=80.49%, accuracy@5=99.09%, time-cost=8260.4 s
[049-050] Search: Architecture metrics  : loss=0.65, accuracy@1=77.37%, accuracy@5=98.65%
[049-050] Evaluation:  : loss=0.62, accuracy@1=78.37%, accuracy@5=98.88%
[049-050] Layer Alignment score:  normal: 0.0000, reduce: 0.0000
<<<--->>> The 049-050-th epoch : found the highest validation accuracy : 78.37%.
alpha 0 is Parameter containing:
tensor([[-0.3771,  0.3772],
        [-0.4630,  0.4612],
        [-0.3961,  0.3977],
        [-0.4383,  0.4368],
        [-0.3878,  0.3879],
        [-0.3857,  0.3847],
        [-0.4818,  0.4813],
        [-0.2239,  0.2247],
        [-0.1137,  0.1147],
        [ 0.1662, -0.1678],
        [-0.1399,  0.1408],
        [-0.1955,  0.1969],
        [-0.3012,  0.3009],
        [-0.3303,  0.3308]], device='cuda:0', requires_grad=True)
alpha 1 is Parameter containing:
tensor([[-0.5222,  0.5211],
        [-0.6214,  0.6198],
        [-0.3766,  0.3771],
        [-0.5850,  0.5846],
        [-0.2462,  0.2442],
        [-0.1683,  0.1698],
        [-0.2517,  0.2531],
        [-0.2553,  0.2566],
        [-0.4148,  0.4128],
        [-0.3627,  0.3622],
        [-0.4708,  0.4699],
        [-0.4591,  0.4587],
        [-0.2468,  0.2471],
        [-0.0992,  0.1001]], device='cuda:0', requires_grad=True)
[050-050] Search: Model metrics  : loss=0.56, accuracy@1=80.49%, accuracy@5=99.16%, time-cost=8451.5 s
[050-050] Search: Architecture metrics  : loss=0.65, accuracy@1=77.11%, accuracy@5=98.78%
[050-050] Evaluation:  : loss=0.62, accuracy@1=78.38%, accuracy@5=98.81%
[050-050] Layer Alignment score:  normal: 0.0000, reduce: 0.0000
<<<--->>> The 050-050-th epoch : found the highest validation accuracy : 78.38%.
alpha 0 is Parameter containing:
tensor([[-0.3786,  0.3787],
        [-0.4489,  0.4472],
        [-0.4003,  0.4019],
        [-0.4394,  0.4379],
        [-0.4004,  0.4005],
        [-0.3960,  0.3950],
        [-0.4819,  0.4814],
        [-0.2283,  0.2292],
        [-0.1205,  0.1215],
        [ 0.1689, -0.1705],
        [-0.1425,  0.1434],
        [-0.1900,  0.1914],
        [-0.3039,  0.3037],
        [-0.3322,  0.3328]], device='cuda:0', requires_grad=True)
alpha 1 is Parameter containing:
tensor([[-0.5326,  0.5314],
        [-0.6188,  0.6172],
        [-0.3818,  0.3823],
        [-0.5935,  0.5931],
        [-0.2472,  0.2452],
        [-0.1766,  0.1781],
        [-0.2584,  0.2597],
        [-0.2582,  0.2595],
        [-0.4285,  0.4265],
        [-0.3730,  0.3725],
        [-0.4757,  0.4748],
        [-0.4568,  0.4564],
        [-0.2477,  0.2480],
        [-0.1074,  0.1083]], device='cuda:0', requires_grad=True)
