Files already downloaded and verified
Files already downloaded and verified
[001-050] Search: Model metrics  : loss=1.63, accuracy@1=39.46%, accuracy@5=88.66%, time-cost=88.8 s
[001-050] Evaluation:  : loss=1.50, accuracy@1=47.01%, accuracy@5=91.94%
<<<--->>> The 001-050-th epoch : found the highest validation accuracy : 47.01%.
Benchmark Results for cifar10 -> train: 0.0, valid: 0.0, test: 94.13555419158341
[002-050] Search: Model metrics  : loss=1.20, accuracy@1=56.80%, accuracy@5=95.13%, time-cost=176.3 s
[002-050] Evaluation:  : loss=1.11, accuracy@1=60.59%, accuracy@5=95.91%
<<<--->>> The 002-050-th epoch : found the highest validation accuracy : 60.59%.
Benchmark Results for cifar10 -> train: 0.0, valid: 0.0, test: 94.22321394427844
[003-050] Search: Model metrics  : loss=1.01, accuracy@1=64.02%, accuracy@5=96.71%, time-cost=263.6 s
[003-050] Evaluation:  : loss=1.17, accuracy@1=59.25%, accuracy@5=95.55%
Benchmark Results for cifar10 -> train: 0.0, valid: 0.0, test: 94.12665352731422
[004-050] Search: Model metrics  : loss=0.88, accuracy@1=68.78%, accuracy@5=97.53%, time-cost=351.7 s
[004-050] Evaluation:  : loss=0.93, accuracy@1=67.75%, accuracy@5=96.85%
<<<--->>> The 004-050-th epoch : found the highest validation accuracy : 67.75%.
Benchmark Results for cifar10 -> train: 0.0, valid: 0.0, test: 94.13892181369503
[005-050] Search: Model metrics  : loss=0.80, accuracy@1=71.98%, accuracy@5=98.06%, time-cost=439.1 s
[005-050] Evaluation:  : loss=0.84, accuracy@1=70.85%, accuracy@5=97.51%
<<<--->>> The 005-050-th epoch : found the highest validation accuracy : 70.85%.
Benchmark Results for cifar10 -> train: 0.0, valid: 0.0, test: 94.15064065134473
[006-050] Search: Model metrics  : loss=0.72, accuracy@1=74.68%, accuracy@5=98.32%, time-cost=525.0 s
[006-050] Evaluation:  : loss=0.89, accuracy@1=69.65%, accuracy@5=97.36%
Benchmark Results for cifar10 -> train: 0.0, valid: 0.0, test: 94.15814479756433
[007-050] Search: Model metrics  : loss=0.66, accuracy@1=76.90%, accuracy@5=98.56%, time-cost=612.2 s
[007-050] Evaluation:  : loss=0.69, accuracy@1=76.04%, accuracy@5=98.59%
<<<--->>> The 007-050-th epoch : found the highest validation accuracy : 76.04%.
Benchmark Results for cifar10 -> train: 0.0, valid: 0.0, test: 94.17415498715833
[008-050] Search: Model metrics  : loss=0.61, accuracy@1=78.45%, accuracy@5=98.88%, time-cost=699.9 s
[008-050] Evaluation:  : loss=0.73, accuracy@1=74.57%, accuracy@5=98.34%
Benchmark Results for cifar10 -> train: 0.0, valid: 0.0, test: 94.14862857797957
[009-050] Search: Model metrics  : loss=0.57, accuracy@1=80.24%, accuracy@5=99.02%, time-cost=787.2 s
[009-050] Evaluation:  : loss=0.65, accuracy@1=78.50%, accuracy@5=98.58%
<<<--->>> The 009-050-th epoch : found the highest validation accuracy : 78.50%.
Benchmark Results for cifar10 -> train: 0.0, valid: 0.0, test: 94.1182855240494
[010-050] Search: Model metrics  : loss=0.54, accuracy@1=80.89%, accuracy@5=99.07%, time-cost=875.0 s
[010-050] Evaluation:  : loss=0.63, accuracy@1=78.72%, accuracy@5=98.76%
<<<--->>> The 010-050-th epoch : found the highest validation accuracy : 78.72%.
Benchmark Results for cifar10 -> train: 0.0, valid: 0.0, test: 94.1054312693104
The searchspace has been warm started with 10 epochs
LoRA layers have been initialized for all operations with Conv2DLoRA module
[011-050] Search: Model metrics  : loss=0.44, accuracy@1=84.59%, accuracy@5=99.35%, time-cost=1069.5 s
[011-050] Search: Architecture metrics  : loss=0.56, accuracy@1=80.79%, accuracy@5=98.88%
[011-050] Evaluation:  : loss=0.53, accuracy@1=81.82%, accuracy@5=99.10%
<<<--->>> The 011-050-th epoch : found the highest validation accuracy : 81.82%.
Benchmark Results for cifar10 -> train: 0.0, valid: 0.0, test: 94.53308770659308
alpha 0 is Parameter containing:
tensor([[-0.0019,  0.0018],
        [-0.0297,  0.0304],
        [ 0.0078, -0.0082],
        [-0.0084,  0.0077],
        [ 0.0057, -0.0056],
        [ 0.0026, -0.0029],
        [-0.0100,  0.0079],
        [-0.0019,  0.0024],
        [-0.0017, -0.0008],
        [ 0.0106, -0.0092],
        [ 0.0012, -0.0021],
        [-0.0003, -0.0005],
        [ 0.0069, -0.0069],
        [-0.0265,  0.0277]], device='cuda:0', requires_grad=True)
alpha 1 is Parameter containing:
tensor([[ 0.0034, -0.0032],
        [-0.0073,  0.0091],
        [-0.0179,  0.0184],
        [-0.0150,  0.0140],
        [-0.0172,  0.0165],
        [ 0.0135, -0.0124],
        [ 0.0087, -0.0097],
        [-0.0246,  0.0245],
        [-0.0207,  0.0211],
        [-0.0195,  0.0185],
        [ 0.0160, -0.0174],
        [-0.0026,  0.0021],
        [-0.0103,  0.0106],
        [-0.0018,  0.0024]], device='cuda:0', requires_grad=True)
[012-050] Search: Model metrics  : loss=0.43, accuracy@1=85.13%, accuracy@5=99.45%, time-cost=1264.2 s
[012-050] Search: Architecture metrics  : loss=0.54, accuracy@1=81.44%, accuracy@5=98.89%
[012-050] Evaluation:  : loss=0.52, accuracy@1=81.98%, accuracy@5=99.06%
<<<--->>> The 012-050-th epoch : found the highest validation accuracy : 81.98%.
Benchmark Results for cifar10 -> train: 0.0, valid: 0.0, test: 94.12856864619924
alpha 0 is Parameter containing:
tensor([[-0.0065,  0.0065],
        [-0.0496,  0.0502],
        [ 0.0039, -0.0043],
        [-0.0154,  0.0147],
        [ 0.0069, -0.0068],
        [ 0.0043, -0.0046],
        [-0.0127,  0.0106],
        [ 0.0014, -0.0009],
        [-0.0005, -0.0020],
        [ 0.0079, -0.0065],
        [ 0.0030, -0.0040],
        [ 0.0072, -0.0080],
        [ 0.0083, -0.0083],
        [-0.0513,  0.0525]], device='cuda:0', requires_grad=True)
alpha 1 is Parameter containing:
tensor([[ 0.0035, -0.0032],
        [-0.0023,  0.0041],
        [-0.0310,  0.0315],
        [-0.0173,  0.0163],
        [-0.0294,  0.0287],
        [ 0.0145, -0.0134],
        [ 0.0030, -0.0040],
        [-0.0327,  0.0326],
        [-0.0255,  0.0258],
        [-0.0268,  0.0257],
        [ 0.0234, -0.0248],
        [-0.0007,  0.0002],
        [-0.0059,  0.0062],
        [-0.0098,  0.0103]], device='cuda:0', requires_grad=True)
[013-050] Search: Model metrics  : loss=0.42, accuracy@1=85.60%, accuracy@5=99.46%, time-cost=1458.9 s
[013-050] Search: Architecture metrics  : loss=0.53, accuracy@1=81.71%, accuracy@5=99.05%
[013-050] Evaluation:  : loss=0.51, accuracy@1=82.48%, accuracy@5=99.08%
<<<--->>> The 013-050-th epoch : found the highest validation accuracy : 82.48%.
Benchmark Results for cifar10 -> train: 0.0, valid: 0.0, test: 93.69992358330215
alpha 0 is Parameter containing:
tensor([[-0.0067,  0.0067],
        [-0.0546,  0.0552],
        [-0.0010,  0.0006],
        [-0.0205,  0.0198],
        [ 0.0054, -0.0053],
        [ 0.0083, -0.0086],
        [-0.0105,  0.0085],
        [-0.0097,  0.0102],
        [-0.0044,  0.0019],
        [ 0.0124, -0.0111],
        [ 0.0079, -0.0089],
        [ 0.0127, -0.0135],
        [ 0.0090, -0.0090],
        [-0.0729,  0.0741]], device='cuda:0', requires_grad=True)
alpha 1 is Parameter containing:
tensor([[ 0.0089, -0.0086],
        [-0.0014,  0.0032],
        [-0.0453,  0.0458],
        [-0.0264,  0.0253],
        [-0.0297,  0.0290],
        [ 0.0208, -0.0197],
        [ 0.0051, -0.0061],
        [-0.0340,  0.0339],
        [-0.0348,  0.0352],
        [-0.0301,  0.0291],
        [ 0.0308, -0.0322],
        [-0.0037,  0.0032],
        [-0.0026,  0.0029],
        [ 0.0063, -0.0058]], device='cuda:0', requires_grad=True)
[014-050] Search: Model metrics  : loss=0.41, accuracy@1=85.68%, accuracy@5=99.48%, time-cost=1654.1 s
[014-050] Search: Architecture metrics  : loss=0.54, accuracy@1=81.46%, accuracy@5=98.91%
[014-050] Evaluation:  : loss=0.51, accuracy@1=82.36%, accuracy@5=99.09%
Benchmark Results for cifar10 -> train: 0.0, valid: 0.0, test: 94.460114459227
alpha 0 is Parameter containing:
tensor([[-0.0176,  0.0175],
        [-0.0701,  0.0708],
        [-0.0120,  0.0117],
        [-0.0339,  0.0332],
        [ 0.0058, -0.0057],
        [ 0.0055, -0.0058],
        [-0.0223,  0.0203],
        [-0.0202,  0.0207],
        [-0.0037,  0.0013],
        [ 0.0157, -0.0144],
        [ 0.0019, -0.0028],
        [ 0.0049, -0.0057],
        [ 0.0062, -0.0062],
        [-0.1017,  0.1029]], device='cuda:0', requires_grad=True)
alpha 1 is Parameter containing:
tensor([[ 4.3142e-03, -4.0799e-03],
        [ 1.8485e-03, -4.7591e-05],
        [-4.7548e-02,  4.8034e-02],
        [-3.8849e-02,  3.7821e-02],
        [-2.0003e-02,  1.9324e-02],
        [ 2.5822e-02, -2.4759e-02],
        [ 7.7006e-03, -8.6690e-03],
        [-2.7828e-02,  2.7715e-02],
        [-3.9668e-02,  4.0029e-02],
        [-4.5360e-02,  4.4349e-02],
        [ 3.3340e-02, -3.4749e-02],
        [-4.1272e-03,  3.6589e-03],
        [-5.2969e-03,  5.5876e-03],
        [-8.8138e-03,  9.3369e-03]], device='cuda:0', requires_grad=True)
[015-050] Search: Model metrics  : loss=0.41, accuracy@1=85.90%, accuracy@5=99.43%, time-cost=1848.9 s
[015-050] Search: Architecture metrics  : loss=0.54, accuracy@1=81.69%, accuracy@5=98.98%
[015-050] Evaluation:  : loss=0.52, accuracy@1=82.53%, accuracy@5=99.09%
<<<--->>> The 015-050-th epoch : found the highest validation accuracy : 82.53%.
Benchmark Results for cifar10 -> train: 0.0, valid: 0.0, test: 94.46085618358626
alpha 0 is Parameter containing:
tensor([[-0.0079,  0.0079],
        [-0.0757,  0.0764],
        [-0.0070,  0.0067],
        [-0.0452,  0.0446],
        [ 0.0058, -0.0057],
        [ 0.0055, -0.0058],
        [-0.0208,  0.0188],
        [-0.0245,  0.0250],
        [-0.0147,  0.0123],
        [ 0.0218, -0.0205],
        [ 0.0170, -0.0179],
        [ 0.0097, -0.0105],
        [ 0.0055, -0.0055],
        [-0.1252,  0.1264]], device='cuda:0', requires_grad=True)
alpha 1 is Parameter containing:
tensor([[ 0.0025, -0.0022],
        [ 0.0107, -0.0089],
        [-0.0559,  0.0564],
        [-0.0426,  0.0416],
        [-0.0281,  0.0275],
        [ 0.0292, -0.0282],
        [ 0.0144, -0.0154],
        [-0.0275,  0.0274],
        [-0.0477,  0.0480],
        [-0.0513,  0.0503],
        [ 0.0279, -0.0293],
        [-0.0072,  0.0067],
        [-0.0059,  0.0062],
        [-0.0051,  0.0056]], device='cuda:0', requires_grad=True)
[016-050] Search: Model metrics  : loss=0.41, accuracy@1=85.90%, accuracy@5=99.48%, time-cost=2043.3 s
[016-050] Search: Architecture metrics  : loss=0.54, accuracy@1=81.71%, accuracy@5=99.07%
[016-050] Evaluation:  : loss=0.52, accuracy@1=82.56%, accuracy@5=99.14%
<<<--->>> The 016-050-th epoch : found the highest validation accuracy : 82.56%.
Benchmark Results for cifar10 -> train: 0.0, valid: 0.0, test: 94.514713147621
alpha 0 is Parameter containing:
tensor([[-0.0114,  0.0114],
        [-0.0802,  0.0809],
        [-0.0084,  0.0080],
        [-0.0575,  0.0568],
        [ 0.0070, -0.0069],
        [ 0.0062, -0.0064],
        [-0.0215,  0.0195],
        [-0.0335,  0.0339],
        [-0.0195,  0.0171],
        [ 0.0289, -0.0276],
        [ 0.0248, -0.0258],
        [ 0.0185, -0.0193],
        [ 0.0008, -0.0008],
        [-0.1448,  0.1460]], device='cuda:0', requires_grad=True)
alpha 1 is Parameter containing:
tensor([[-0.0020,  0.0023],
        [-0.0016,  0.0034],
        [-0.0607,  0.0612],
        [-0.0379,  0.0369],
        [-0.0318,  0.0311],
        [ 0.0279, -0.0269],
        [ 0.0223, -0.0232],
        [-0.0321,  0.0320],
        [-0.0548,  0.0552],
        [-0.0731,  0.0721],
        [ 0.0355, -0.0369],
        [-0.0057,  0.0053],
        [-0.0123,  0.0126],
        [-0.0081,  0.0086]], device='cuda:0', requires_grad=True)
[017-050] Search: Model metrics  : loss=0.40, accuracy@1=86.10%, accuracy@5=99.47%, time-cost=2237.7 s
[017-050] Search: Architecture metrics  : loss=0.54, accuracy@1=81.59%, accuracy@5=98.98%
[017-050] Evaluation:  : loss=0.51, accuracy@1=82.72%, accuracy@5=99.05%
<<<--->>> The 017-050-th epoch : found the highest validation accuracy : 82.72%.
Benchmark Results for cifar10 -> train: 0.0, valid: 0.0, test: 94.33966829374793
alpha 0 is Parameter containing:
tensor([[-0.0128,  0.0128],
        [-0.0924,  0.0930],
        [-0.0141,  0.0137],
        [-0.0625,  0.0618],
        [ 0.0005, -0.0004],
        [ 0.0027, -0.0030],
        [-0.0095,  0.0075],
        [-0.0423,  0.0427],
        [-0.0258,  0.0234],
        [ 0.0330, -0.0317],
        [ 0.0306, -0.0315],
        [ 0.0173, -0.0180],
        [-0.0006,  0.0006],
        [-0.1625,  0.1637]], device='cuda:0', requires_grad=True)
alpha 1 is Parameter containing:
tensor([[-0.0096,  0.0098],
        [-0.0039,  0.0057],
        [-0.0595,  0.0600],
        [-0.0415,  0.0405],
        [-0.0290,  0.0284],
        [ 0.0209, -0.0199],
        [ 0.0192, -0.0202],
        [-0.0309,  0.0308],
        [-0.0639,  0.0643],
        [-0.0784,  0.0774],
        [ 0.0358, -0.0371],
        [-0.0025,  0.0021],
        [-0.0135,  0.0138],
        [-0.0131,  0.0136]], device='cuda:0', requires_grad=True)
[018-050] Search: Model metrics  : loss=0.41, accuracy@1=85.94%, accuracy@5=99.46%, time-cost=2432.5 s
[018-050] Search: Architecture metrics  : loss=0.54, accuracy@1=81.53%, accuracy@5=98.99%
[018-050] Evaluation:  : loss=0.51, accuracy@1=82.54%, accuracy@5=99.02%
Benchmark Results for cifar10 -> train: 0.0, valid: 0.0, test: 94.35624499602659
alpha 0 is Parameter containing:
tensor([[-0.0159,  0.0158],
        [-0.0954,  0.0961],
        [-0.0199,  0.0195],
        [-0.0603,  0.0597],
        [-0.0009,  0.0010],
        [ 0.0017, -0.0020],
        [-0.0115,  0.0096],
        [-0.0447,  0.0452],
        [-0.0202,  0.0178],
        [ 0.0317, -0.0305],
        [ 0.0360, -0.0369],
        [ 0.0199, -0.0206],
        [ 0.0070, -0.0070],
        [-0.1819,  0.1831]], device='cuda:0', requires_grad=True)
alpha 1 is Parameter containing:
tensor([[-0.0034,  0.0036],
        [-0.0021,  0.0038],
        [-0.0560,  0.0565],
        [-0.0298,  0.0288],
        [-0.0235,  0.0228],
        [ 0.0222, -0.0212],
        [ 0.0291, -0.0301],
        [-0.0326,  0.0325],
        [-0.0596,  0.0600],
        [-0.0742,  0.0732],
        [ 0.0519, -0.0533],
        [ 0.0014, -0.0018],
        [-0.0142,  0.0145],
        [-0.0110,  0.0115]], device='cuda:0', requires_grad=True)
[019-050] Search: Model metrics  : loss=0.40, accuracy@1=85.98%, accuracy@5=99.48%, time-cost=2626.7 s
[019-050] Search: Architecture metrics  : loss=0.52, accuracy@1=82.32%, accuracy@5=99.05%
[019-050] Evaluation:  : loss=0.51, accuracy@1=82.61%, accuracy@5=99.06%
Benchmark Results for cifar10 -> train: 0.0, valid: 0.0, test: 94.34419539814911
alpha 0 is Parameter containing:
tensor([[-0.0094,  0.0094],
        [-0.0979,  0.0985],
        [-0.0105,  0.0101],
        [-0.0623,  0.0617],
        [-0.0004,  0.0005],
        [ 0.0080, -0.0082],
        [-0.0077,  0.0058],
        [-0.0464,  0.0469],
        [-0.0187,  0.0163],
        [ 0.0331, -0.0318],
        [ 0.0430, -0.0439],
        [ 0.0305, -0.0313],
        [ 0.0114, -0.0114],
        [-0.1977,  0.1989]], device='cuda:0', requires_grad=True)
alpha 1 is Parameter containing:
tensor([[-0.0019,  0.0021],
        [ 0.0081, -0.0064],
        [-0.0647,  0.0651],
        [-0.0312,  0.0303],
        [-0.0257,  0.0251],
        [ 0.0196, -0.0186],
        [ 0.0347, -0.0356],
        [-0.0397,  0.0396],
        [-0.0629,  0.0633],
        [-0.0708,  0.0698],
        [ 0.0603, -0.0616],
        [ 0.0013, -0.0018],
        [-0.0181,  0.0184],
        [-0.0073,  0.0078]], device='cuda:0', requires_grad=True)
[020-050] Search: Model metrics  : loss=0.40, accuracy@1=86.27%, accuracy@5=99.54%, time-cost=2821.0 s
[020-050] Search: Architecture metrics  : loss=0.54, accuracy@1=81.74%, accuracy@5=98.96%
[020-050] Evaluation:  : loss=0.51, accuracy@1=82.66%, accuracy@5=99.11%
Benchmark Results for cifar10 -> train: 0.0, valid: 0.0, test: 94.00160068269916
alpha 0 is Parameter containing:
tensor([[-0.0092,  0.0092],
        [-0.1008,  0.1014],
        [-0.0064,  0.0060],
        [-0.0686,  0.0680],
        [ 0.0064, -0.0063],
        [ 0.0135, -0.0137],
        [-0.0043,  0.0024],
        [-0.0504,  0.0509],
        [-0.0286,  0.0262],
        [ 0.0404, -0.0392],
        [ 0.0555, -0.0564],
        [ 0.0418, -0.0425],
        [ 0.0089, -0.0089],
        [-0.2164,  0.2176]], device='cuda:0', requires_grad=True)
alpha 1 is Parameter containing:
tensor([[ 1.8593e-04,  4.1074e-05],
        [ 7.6150e-03, -5.8744e-03],
        [-5.7542e-02,  5.8005e-02],
        [-4.0351e-02,  3.9379e-02],
        [-2.2373e-02,  2.1723e-02],
        [ 2.5473e-02, -2.4486e-02],
        [ 2.8249e-02, -2.9148e-02],
        [-5.1981e-02,  5.1875e-02],
        [-5.7813e-02,  5.8156e-02],
        [-7.0825e-02,  6.9898e-02],
        [ 6.6347e-02, -6.7633e-02],
        [ 3.1651e-03, -3.5987e-03],
        [-1.0297e-02,  1.0569e-02],
        [-3.1663e-04,  8.0871e-04]], device='cuda:0', requires_grad=True)
[021-050] Search: Model metrics  : loss=0.40, accuracy@1=86.23%, accuracy@5=99.51%, time-cost=3014.7 s
[021-050] Search: Architecture metrics  : loss=0.52, accuracy@1=82.09%, accuracy@5=99.04%
[021-050] Evaluation:  : loss=0.51, accuracy@1=82.64%, accuracy@5=99.06%
Benchmark Results for cifar10 -> train: 0.0, valid: 0.0, test: 94.0377234877443
alpha 0 is Parameter containing:
tensor([[-0.0092,  0.0092],
        [-0.1058,  0.1065],
        [-0.0079,  0.0075],
        [-0.0640,  0.0634],
        [ 0.0109, -0.0108],
        [ 0.0137, -0.0140],
        [ 0.0078, -0.0097],
        [-0.0565,  0.0569],
        [-0.0333,  0.0310],
        [ 0.0478, -0.0465],
        [ 0.0712, -0.0721],
        [ 0.0469, -0.0476],
        [ 0.0145, -0.0145],
        [-0.2265,  0.2277]], device='cuda:0', requires_grad=True)
alpha 1 is Parameter containing:
tensor([[-0.0003,  0.0006],
        [ 0.0170, -0.0152],
        [-0.0736,  0.0740],
        [-0.0330,  0.0320],
        [-0.0210,  0.0204],
        [ 0.0262, -0.0253],
        [ 0.0328, -0.0337],
        [-0.0578,  0.0577],
        [-0.0626,  0.0629],
        [-0.0796,  0.0787],
        [ 0.0679, -0.0692],
        [-0.0038,  0.0034],
        [-0.0128,  0.0130],
        [-0.0020,  0.0025]], device='cuda:0', requires_grad=True)
[022-050] Search: Model metrics  : loss=0.40, accuracy@1=86.25%, accuracy@5=99.48%, time-cost=3208.4 s
[022-050] Search: Architecture metrics  : loss=0.52, accuracy@1=82.48%, accuracy@5=99.00%
[022-050] Evaluation:  : loss=0.50, accuracy@1=82.88%, accuracy@5=99.15%
<<<--->>> The 022-050-th epoch : found the highest validation accuracy : 82.88%.
Benchmark Results for cifar10 -> train: 0.0, valid: 0.0, test: 93.99760183828134
alpha 0 is Parameter containing:
tensor([[-0.0077,  0.0076],
        [-0.1138,  0.1145],
        [-0.0078,  0.0074],
        [-0.0702,  0.0696],
        [ 0.0160, -0.0159],
        [ 0.0167, -0.0170],
        [ 0.0089, -0.0108],
        [-0.0509,  0.0513],
        [-0.0320,  0.0297],
        [ 0.0485, -0.0473],
        [ 0.0752, -0.0760],
        [ 0.0481, -0.0489],
        [ 0.0149, -0.0149],
        [-0.2504,  0.2515]], device='cuda:0', requires_grad=True)
alpha 1 is Parameter containing:
tensor([[-0.0050,  0.0052],
        [ 0.0172, -0.0155],
        [-0.0708,  0.0713],
        [-0.0324,  0.0314],
        [-0.0097,  0.0091],
        [ 0.0311, -0.0301],
        [ 0.0442, -0.0451],
        [-0.0501,  0.0500],
        [-0.0623,  0.0627],
        [-0.0843,  0.0834],
        [ 0.0765, -0.0778],
        [ 0.0093, -0.0097],
        [-0.0163,  0.0166],
        [-0.0053,  0.0057]], device='cuda:0', requires_grad=True)
[023-050] Search: Model metrics  : loss=0.40, accuracy@1=86.27%, accuracy@5=99.49%, time-cost=3402.4 s
[023-050] Search: Architecture metrics  : loss=0.52, accuracy@1=81.97%, accuracy@5=99.03%
[023-050] Evaluation:  : loss=0.51, accuracy@1=82.62%, accuracy@5=99.02%
Benchmark Results for cifar10 -> train: 0.0, valid: 0.0, test: 93.98795938098122
alpha 0 is Parameter containing:
tensor([[-0.0113,  0.0113],
        [-0.1100,  0.1107],
        [-0.0097,  0.0094],
        [-0.0684,  0.0678],
        [ 0.0147, -0.0146],
        [ 0.0277, -0.0279],
        [ 0.0207, -0.0226],
        [-0.0552,  0.0557],
        [-0.0340,  0.0317],
        [ 0.0600, -0.0588],
        [ 0.0853, -0.0861],
        [ 0.0439, -0.0446],
        [ 0.0119, -0.0119],
        [-0.2751,  0.2762]], device='cuda:0', requires_grad=True)
alpha 1 is Parameter containing:
tensor([[-0.0106,  0.0109],
        [ 0.0190, -0.0173],
        [-0.0707,  0.0712],
        [-0.0346,  0.0337],
        [ 0.0036, -0.0042],
        [ 0.0298, -0.0288],
        [ 0.0503, -0.0511],
        [-0.0353,  0.0352],
        [-0.0652,  0.0656],
        [-0.0874,  0.0865],
        [ 0.0876, -0.0888],
        [ 0.0120, -0.0124],
        [-0.0090,  0.0092],
        [-0.0017,  0.0022]], device='cuda:0', requires_grad=True)
[024-050] Search: Model metrics  : loss=0.39, accuracy@1=86.34%, accuracy@5=99.46%, time-cost=3596.4 s
[024-050] Search: Architecture metrics  : loss=0.53, accuracy@1=82.13%, accuracy@5=98.98%
[024-050] Evaluation:  : loss=0.51, accuracy@1=82.72%, accuracy@5=99.06%
Benchmark Results for cifar10 -> train: 0.0, valid: 0.0, test: 94.25698980488924
alpha 0 is Parameter containing:
tensor([[-0.0168,  0.0167],
        [-0.1160,  0.1166],
        [-0.0132,  0.0128],
        [-0.0739,  0.0732],
        [ 0.0092, -0.0091],
        [ 0.0300, -0.0303],
        [ 0.0227, -0.0246],
        [-0.0607,  0.0612],
        [-0.0353,  0.0330],
        [ 0.0582, -0.0569],
        [ 0.0944, -0.0953],
        [ 0.0522, -0.0530],
        [ 0.0119, -0.0119],
        [-0.2965,  0.2976]], device='cuda:0', requires_grad=True)
alpha 1 is Parameter containing:
tensor([[-0.0223,  0.0225],
        [ 0.0146, -0.0129],
        [-0.0741,  0.0745],
        [-0.0331,  0.0321],
        [-0.0014,  0.0008],
        [ 0.0278, -0.0269],
        [ 0.0499, -0.0508],
        [-0.0431,  0.0430],
        [-0.0632,  0.0635],
        [-0.0821,  0.0813],
        [ 0.0814, -0.0826],
        [ 0.0118, -0.0123],
        [-0.0026,  0.0028],
        [-0.0001,  0.0006]], device='cuda:0', requires_grad=True)
[025-050] Search: Model metrics  : loss=0.40, accuracy@1=86.42%, accuracy@5=99.53%, time-cost=3790.6 s
[025-050] Search: Architecture metrics  : loss=0.53, accuracy@1=81.85%, accuracy@5=98.81%
[025-050] Evaluation:  : loss=0.51, accuracy@1=82.70%, accuracy@5=99.14%
Benchmark Results for cifar10 -> train: 0.0, valid: 0.0, test: 94.03727683387922
alpha 0 is Parameter containing:
tensor([[-0.0132,  0.0131],
        [-0.1224,  0.1230],
        [-0.0017,  0.0014],
        [-0.0782,  0.0776],
        [ 0.0162, -0.0161],
        [ 0.0261, -0.0263],
        [ 0.0303, -0.0322],
        [-0.0592,  0.0596],
        [-0.0410,  0.0387],
        [ 0.0732, -0.0719],
        [ 0.1020, -0.1028],
        [ 0.0545, -0.0553],
        [ 0.0070, -0.0070],
        [-0.3035,  0.3047]], device='cuda:0', requires_grad=True)
alpha 1 is Parameter containing:
tensor([[-3.1030e-02,  3.1251e-02],
        [ 1.0163e-02, -8.4698e-03],
        [-6.7039e-02,  6.7484e-02],
        [-2.6707e-02,  2.5778e-02],
        [ 4.7383e-03, -5.3655e-03],
        [ 2.9414e-02, -2.8486e-02],
        [ 6.2615e-02, -6.3462e-02],
        [-3.8591e-02,  3.8490e-02],
        [-7.4787e-02,  7.5115e-02],
        [-7.8284e-02,  7.7420e-02],
        [ 9.0798e-02, -9.1993e-02],
        [ 4.9706e-03, -5.3772e-03],
        [-9.1110e-03,  9.3692e-03],
        [ 1.4849e-05,  4.5349e-04]], device='cuda:0', requires_grad=True)
[026-050] Search: Model metrics  : loss=0.40, accuracy@1=86.34%, accuracy@5=99.47%, time-cost=3984.1 s
[026-050] Search: Architecture metrics  : loss=0.53, accuracy@1=81.98%, accuracy@5=99.02%
[026-050] Evaluation:  : loss=0.50, accuracy@1=82.90%, accuracy@5=99.15%
<<<--->>> The 026-050-th epoch : found the highest validation accuracy : 82.90%.
Benchmark Results for cifar10 -> train: 0.0, valid: 0.0, test: 94.00320574758585
alpha 0 is Parameter containing:
tensor([[-0.0181,  0.0180],
        [-0.1248,  0.1254],
        [ 0.0057, -0.0061],
        [-0.0737,  0.0731],
        [ 0.0281, -0.0280],
        [ 0.0332, -0.0334],
        [ 0.0366, -0.0384],
        [-0.0554,  0.0558],
        [-0.0476,  0.0453],
        [ 0.0769, -0.0757],
        [ 0.1114, -0.1122],
        [ 0.0686, -0.0693],
        [ 0.0088, -0.0088],
        [-0.3175,  0.3187]], device='cuda:0', requires_grad=True)
alpha 1 is Parameter containing:
tensor([[-2.5236e-02,  2.5456e-02],
        [ 1.6725e-02, -1.5041e-02],
        [-7.8011e-02,  7.8452e-02],
        [-1.7839e-02,  1.6918e-02],
        [ 1.9756e-03, -2.5984e-03],
        [ 3.1540e-02, -3.0623e-02],
        [ 6.3594e-02, -6.4430e-02],
        [-3.6225e-02,  3.6125e-02],
        [-8.2046e-02,  8.2372e-02],
        [-8.4840e-02,  8.3989e-02],
        [ 9.4720e-02, -9.5898e-02],
        [ 4.0309e-03, -4.4324e-03],
        [ 3.5525e-04, -9.9728e-05],
        [ 4.4171e-03, -3.9533e-03]], device='cuda:0', requires_grad=True)
[027-050] Search: Model metrics  : loss=0.40, accuracy@1=86.50%, accuracy@5=99.52%, time-cost=4178.0 s
[027-050] Search: Architecture metrics  : loss=0.53, accuracy@1=81.73%, accuracy@5=98.97%
[027-050] Evaluation:  : loss=0.50, accuracy@1=82.81%, accuracy@5=99.11%
Benchmark Results for cifar10 -> train: 0.0, valid: 0.0, test: 93.9835725415641
alpha 0 is Parameter containing:
tensor([[-0.0125,  0.0125],
        [-0.1260,  0.1267],
        [ 0.0058, -0.0062],
        [-0.0785,  0.0779],
        [ 0.0236, -0.0235],
        [ 0.0279, -0.0282],
        [ 0.0364, -0.0382],
        [-0.0614,  0.0618],
        [-0.0453,  0.0430],
        [ 0.0690, -0.0678],
        [ 0.1266, -0.1274],
        [ 0.0803, -0.0811],
        [ 0.0153, -0.0153],
        [-0.3414,  0.3425]], device='cuda:0', requires_grad=True)
alpha 1 is Parameter containing:
tensor([[-0.0353,  0.0355],
        [ 0.0245, -0.0228],
        [-0.0846,  0.0851],
        [-0.0096,  0.0087],
        [ 0.0053, -0.0059],
        [ 0.0294, -0.0285],
        [ 0.0588, -0.0597],
        [-0.0326,  0.0325],
        [-0.0879,  0.0882],
        [-0.0950,  0.0941],
        [ 0.0993, -0.1005],
        [ 0.0164, -0.0168],
        [-0.0051,  0.0054],
        [-0.0010,  0.0014]], device='cuda:0', requires_grad=True)
[028-050] Search: Model metrics  : loss=0.39, accuracy@1=86.22%, accuracy@5=99.52%, time-cost=4371.6 s
[028-050] Search: Architecture metrics  : loss=0.52, accuracy@1=82.62%, accuracy@5=99.04%
[028-050] Evaluation:  : loss=0.50, accuracy@1=82.81%, accuracy@5=99.12%
Benchmark Results for cifar10 -> train: 0.0, valid: 0.0, test: 94.02156845700097
alpha 0 is Parameter containing:
tensor([[-0.0178,  0.0177],
        [-0.1263,  0.1269],
        [ 0.0014, -0.0017],
        [-0.0920,  0.0913],
        [ 0.0098, -0.0097],
        [ 0.0262, -0.0265],
        [ 0.0387, -0.0406],
        [-0.0661,  0.0665],
        [-0.0521,  0.0498],
        [ 0.0561, -0.0548],
        [ 0.1249, -0.1257],
        [ 0.0762, -0.0769],
        [ 0.0170, -0.0170],
        [-0.3562,  0.3573]], device='cuda:0', requires_grad=True)
alpha 1 is Parameter containing:
tensor([[-0.0372,  0.0374],
        [ 0.0211, -0.0194],
        [-0.0897,  0.0901],
        [-0.0138,  0.0129],
        [ 0.0036, -0.0043],
        [ 0.0353, -0.0344],
        [ 0.0524, -0.0532],
        [-0.0287,  0.0286],
        [-0.0962,  0.0965],
        [-0.0987,  0.0979],
        [ 0.0990, -0.1002],
        [ 0.0191, -0.0195],
        [-0.0066,  0.0069],
        [-0.0097,  0.0102]], device='cuda:0', requires_grad=True)
[029-050] Search: Model metrics  : loss=0.39, accuracy@1=86.58%, accuracy@5=99.43%, time-cost=4565.2 s
[029-050] Search: Architecture metrics  : loss=0.53, accuracy@1=82.07%, accuracy@5=99.06%
[029-050] Evaluation:  : loss=0.51, accuracy@1=82.72%, accuracy@5=99.14%
Benchmark Results for cifar10 -> train: 0.0, valid: 0.0, test: 94.03754933463883
alpha 0 is Parameter containing:
tensor([[-0.0279,  0.0279],
        [-0.1315,  0.1321],
        [ 0.0020, -0.0024],
        [-0.1026,  0.1020],
        [ 0.0104, -0.0103],
        [ 0.0295, -0.0298],
        [ 0.0355, -0.0374],
        [-0.0700,  0.0705],
        [-0.0543,  0.0521],
        [ 0.0588, -0.0576],
        [ 0.1366, -0.1375],
        [ 0.0901, -0.0909],
        [ 0.0258, -0.0258],
        [-0.3585,  0.3596]], device='cuda:0', requires_grad=True)
alpha 1 is Parameter containing:
tensor([[-0.0417,  0.0419],
        [ 0.0226, -0.0210],
        [-0.0949,  0.0953],
        [-0.0237,  0.0228],
        [-0.0020,  0.0014],
        [ 0.0426, -0.0417],
        [ 0.0602, -0.0610],
        [-0.0358,  0.0357],
        [-0.0890,  0.0894],
        [-0.1023,  0.1015],
        [ 0.0883, -0.0895],
        [ 0.0109, -0.0113],
        [ 0.0018, -0.0015],
        [-0.0126,  0.0130]], device='cuda:0', requires_grad=True)
[030-050] Search: Model metrics  : loss=0.39, accuracy@1=86.52%, accuracy@5=99.48%, time-cost=4759.0 s
[030-050] Search: Architecture metrics  : loss=0.51, accuracy@1=82.78%, accuracy@5=98.99%
[030-050] Evaluation:  : loss=0.50, accuracy@1=82.98%, accuracy@5=99.12%
<<<--->>> The 030-050-th epoch : found the highest validation accuracy : 82.98%.
Benchmark Results for cifar10 -> train: 0.0, valid: 0.0, test: 94.04899011272828
alpha 0 is Parameter containing:
tensor([[-0.0220,  0.0220],
        [-0.1251,  0.1258],
        [ 0.0016, -0.0019],
        [-0.0944,  0.0938],
        [ 0.0086, -0.0085],
        [ 0.0306, -0.0308],
        [ 0.0478, -0.0496],
        [-0.0736,  0.0740],
        [-0.0601,  0.0579],
        [ 0.0692, -0.0680],
        [ 0.1485, -0.1493],
        [ 0.0900, -0.0908],
        [ 0.0210, -0.0210],
        [-0.3636,  0.3647]], device='cuda:0', requires_grad=True)
alpha 1 is Parameter containing:
tensor([[-0.0339,  0.0341],
        [ 0.0156, -0.0139],
        [-0.0908,  0.0912],
        [-0.0182,  0.0173],
        [ 0.0065, -0.0071],
        [ 0.0474, -0.0465],
        [ 0.0536, -0.0544],
        [-0.0371,  0.0370],
        [-0.0900,  0.0903],
        [-0.1163,  0.1155],
        [ 0.0972, -0.0983],
        [ 0.0143, -0.0147],
        [ 0.0064, -0.0061],
        [-0.0098,  0.0102]], device='cuda:0', requires_grad=True)
[031-050] Search: Model metrics  : loss=0.38, accuracy@1=86.91%, accuracy@5=99.57%, time-cost=4952.8 s
[031-050] Search: Architecture metrics  : loss=0.52, accuracy@1=82.42%, accuracy@5=99.10%
[031-050] Evaluation:  : loss=0.50, accuracy@1=83.04%, accuracy@5=99.11%
<<<--->>> The 031-050-th epoch : found the highest validation accuracy : 83.04%.
Benchmark Results for cifar10 -> train: 0.0, valid: 0.0, test: 94.07526447609767
alpha 0 is Parameter containing:
tensor([[-0.0259,  0.0258],
        [-0.1315,  0.1321],
        [ 0.0041, -0.0045],
        [-0.0971,  0.0965],
        [ 0.0137, -0.0136],
        [ 0.0284, -0.0287],
        [ 0.0532, -0.0550],
        [-0.0797,  0.0801],
        [-0.0571,  0.0548],
        [ 0.0631, -0.0619],
        [ 0.1491, -0.1500],
        [ 0.0885, -0.0893],
        [ 0.0240, -0.0240],
        [-0.3782,  0.3793]], device='cuda:0', requires_grad=True)
alpha 1 is Parameter containing:
tensor([[-3.2166e-02,  3.2381e-02],
        [ 2.2151e-02, -2.0513e-02],
        [-9.6869e-02,  9.7293e-02],
        [-1.9792e-02,  1.8911e-02],
        [ 7.4965e-03, -8.0977e-03],
        [ 4.8655e-02, -4.7792e-02],
        [ 5.8475e-02, -5.9261e-02],
        [-3.2866e-02,  3.2772e-02],
        [-9.4791e-02,  9.5103e-02],
        [-1.2681e-01,  1.2602e-01],
        [ 9.3552e-02, -9.4644e-02],
        [ 1.5797e-02, -1.6174e-02],
        [ 1.4918e-04,  9.3088e-05],
        [-1.4331e-02,  1.4773e-02]], device='cuda:0', requires_grad=True)
[032-050] Search: Model metrics  : loss=0.39, accuracy@1=86.44%, accuracy@5=99.51%, time-cost=5146.8 s
[032-050] Search: Architecture metrics  : loss=0.52, accuracy@1=82.51%, accuracy@5=99.03%
[032-050] Evaluation:  : loss=0.50, accuracy@1=83.11%, accuracy@5=99.09%
<<<--->>> The 032-050-th epoch : found the highest validation accuracy : 83.11%.
Benchmark Results for cifar10 -> train: 0.0, valid: 0.0, test: 94.04315178294377
alpha 0 is Parameter containing:
tensor([[-0.0277,  0.0277],
        [-0.1346,  0.1353],
        [ 0.0012, -0.0016],
        [-0.0947,  0.0941],
        [ 0.0091, -0.0090],
        [ 0.0273, -0.0276],
        [ 0.0505, -0.0523],
        [-0.0885,  0.0889],
        [-0.0541,  0.0518],
        [ 0.0605, -0.0594],
        [ 0.1612, -0.1620],
        [ 0.0926, -0.0934],
        [ 0.0376, -0.0376],
        [-0.3941,  0.3952]], device='cuda:0', requires_grad=True)
alpha 1 is Parameter containing:
tensor([[-0.0242,  0.0244],
        [ 0.0238, -0.0222],
        [-0.0892,  0.0896],
        [-0.0184,  0.0175],
        [ 0.0138, -0.0144],
        [ 0.0577, -0.0568],
        [ 0.0583, -0.0591],
        [-0.0255,  0.0254],
        [-0.0950,  0.0953],
        [-0.1222,  0.1214],
        [ 0.0884, -0.0894],
        [ 0.0118, -0.0121],
        [-0.0058,  0.0060],
        [-0.0198,  0.0202]], device='cuda:0', requires_grad=True)
[033-050] Search: Model metrics  : loss=0.39, accuracy@1=86.34%, accuracy@5=99.47%, time-cost=5340.3 s
[033-050] Search: Architecture metrics  : loss=0.52, accuracy@1=82.16%, accuracy@5=99.10%
[033-050] Evaluation:  : loss=0.50, accuracy@1=83.15%, accuracy@5=99.13%
<<<--->>> The 033-050-th epoch : found the highest validation accuracy : 83.15%.
Benchmark Results for cifar10 -> train: 0.0, valid: 0.0, test: 94.34418313088214
alpha 0 is Parameter containing:
tensor([[-0.0259,  0.0259],
        [-0.1348,  0.1355],
        [ 0.0051, -0.0055],
        [-0.1009,  0.1003],
        [ 0.0122, -0.0121],
        [ 0.0278, -0.0280],
        [ 0.0576, -0.0593],
        [-0.0848,  0.0852],
        [-0.0468,  0.0445],
        [ 0.0663, -0.0651],
        [ 0.1590, -0.1598],
        [ 0.0997, -0.1004],
        [ 0.0429, -0.0429],
        [-0.4032,  0.4043]], device='cuda:0', requires_grad=True)
alpha 1 is Parameter containing:
tensor([[-0.0297,  0.0299],
        [ 0.0225, -0.0209],
        [-0.0864,  0.0868],
        [-0.0221,  0.0212],
        [ 0.0094, -0.0099],
        [ 0.0695, -0.0687],
        [ 0.0634, -0.0642],
        [-0.0215,  0.0214],
        [-0.0965,  0.0968],
        [-0.1296,  0.1288],
        [ 0.0893, -0.0904],
        [ 0.0152, -0.0156],
        [-0.0086,  0.0089],
        [-0.0295,  0.0300]], device='cuda:0', requires_grad=True)
[034-050] Search: Model metrics  : loss=0.39, accuracy@1=86.86%, accuracy@5=99.44%, time-cost=5533.4 s
[034-050] Search: Architecture metrics  : loss=0.52, accuracy@1=82.34%, accuracy@5=99.13%
[034-050] Evaluation:  : loss=0.50, accuracy@1=83.00%, accuracy@5=99.06%
Benchmark Results for cifar10 -> train: 0.0, valid: 0.0, test: 94.3691727965779
alpha 0 is Parameter containing:
tensor([[-0.0155,  0.0155],
        [-0.1323,  0.1329],
        [ 0.0072, -0.0076],
        [-0.0996,  0.0990],
        [ 0.0192, -0.0191],
        [ 0.0351, -0.0353],
        [ 0.0559, -0.0577],
        [-0.0830,  0.0834],
        [-0.0424,  0.0402],
        [ 0.0760, -0.0748],
        [ 0.1635, -0.1643],
        [ 0.1091, -0.1099],
        [ 0.0456, -0.0456],
        [-0.4076,  0.4087]], device='cuda:0', requires_grad=True)
alpha 1 is Parameter containing:
tensor([[-0.0408,  0.0410],
        [ 0.0199, -0.0183],
        [-0.0947,  0.0951],
        [-0.0264,  0.0256],
        [ 0.0107, -0.0113],
        [ 0.0762, -0.0754],
        [ 0.0687, -0.0695],
        [-0.0231,  0.0230],
        [-0.0985,  0.0988],
        [-0.1468,  0.1460],
        [ 0.0924, -0.0934],
        [ 0.0212, -0.0215],
        [ 0.0005, -0.0003],
        [-0.0262,  0.0266]], device='cuda:0', requires_grad=True)
[035-050] Search: Model metrics  : loss=0.39, accuracy@1=86.63%, accuracy@5=99.56%, time-cost=5726.7 s
[035-050] Search: Architecture metrics  : loss=0.53, accuracy@1=82.43%, accuracy@5=98.98%
[035-050] Evaluation:  : loss=0.50, accuracy@1=83.24%, accuracy@5=99.14%
<<<--->>> The 035-050-th epoch : found the highest validation accuracy : 83.24%.
Benchmark Results for cifar10 -> train: 0.0, valid: 0.0, test: 94.39763110881248
alpha 0 is Parameter containing:
tensor([[-0.0152,  0.0152],
        [-0.1382,  0.1388],
        [ 0.0102, -0.0106],
        [-0.0987,  0.0981],
        [ 0.0260, -0.0259],
        [ 0.0307, -0.0309],
        [ 0.0606, -0.0623],
        [-0.0945,  0.0949],
        [-0.0391,  0.0369],
        [ 0.0855, -0.0844],
        [ 0.1776, -0.1783],
        [ 0.1094, -0.1101],
        [ 0.0419, -0.0419],
        [-0.4134,  0.4144]], device='cuda:0', requires_grad=True)
alpha 1 is Parameter containing:
tensor([[-0.0422,  0.0424],
        [ 0.0107, -0.0091],
        [-0.0873,  0.0878],
        [-0.0291,  0.0283],
        [ 0.0113, -0.0119],
        [ 0.0779, -0.0770],
        [ 0.0641, -0.0649],
        [-0.0273,  0.0272],
        [-0.0941,  0.0944],
        [-0.1457,  0.1449],
        [ 0.0972, -0.0982],
        [ 0.0175, -0.0179],
        [ 0.0044, -0.0042],
        [-0.0262,  0.0266]], device='cuda:0', requires_grad=True)
[036-050] Search: Model metrics  : loss=0.39, accuracy@1=86.58%, accuracy@5=99.56%, time-cost=5919.9 s
[036-050] Search: Architecture metrics  : loss=0.52, accuracy@1=82.60%, accuracy@5=99.01%
[036-050] Evaluation:  : loss=0.50, accuracy@1=83.06%, accuracy@5=99.18%
Benchmark Results for cifar10 -> train: 0.0, valid: 0.0, test: 94.35167060886552
alpha 0 is Parameter containing:
tensor([[-0.0144,  0.0144],
        [-0.1350,  0.1356],
        [ 0.0122, -0.0125],
        [-0.1035,  0.1029],
        [ 0.0337, -0.0336],
        [ 0.0211, -0.0213],
        [ 0.0565, -0.0583],
        [-0.1052,  0.1056],
        [-0.0363,  0.0341],
        [ 0.0816, -0.0804],
        [ 0.1774, -0.1782],
        [ 0.1113, -0.1120],
        [ 0.0420, -0.0420],
        [-0.4219,  0.4229]], device='cuda:0', requires_grad=True)
alpha 1 is Parameter containing:
tensor([[-0.0364,  0.0366],
        [ 0.0250, -0.0234],
        [-0.0972,  0.0977],
        [-0.0223,  0.0215],
        [ 0.0042, -0.0048],
        [ 0.0688, -0.0680],
        [ 0.0621, -0.0629],
        [-0.0325,  0.0324],
        [-0.0947,  0.0950],
        [-0.1511,  0.1503],
        [ 0.0968, -0.0978],
        [ 0.0144, -0.0148],
        [ 0.0044, -0.0041],
        [-0.0302,  0.0306]], device='cuda:0', requires_grad=True)
[037-050] Search: Model metrics  : loss=0.39, accuracy@1=86.71%, accuracy@5=99.54%, time-cost=6113.3 s
[037-050] Search: Architecture metrics  : loss=0.52, accuracy@1=82.20%, accuracy@5=99.06%
[037-050] Evaluation:  : loss=0.49, accuracy@1=83.26%, accuracy@5=99.16%
<<<--->>> The 037-050-th epoch : found the highest validation accuracy : 83.26%.
Benchmark Results for cifar10 -> train: 0.0, valid: 0.0, test: 94.38636902658072
alpha 0 is Parameter containing:
tensor([[-0.0188,  0.0188],
        [-0.1409,  0.1416],
        [ 0.0078, -0.0081],
        [-0.1041,  0.1035],
        [ 0.0282, -0.0281],
        [ 0.0172, -0.0174],
        [ 0.0634, -0.0652],
        [-0.1107,  0.1111],
        [-0.0499,  0.0477],
        [ 0.0754, -0.0742],
        [ 0.1873, -0.1881],
        [ 0.1091, -0.1098],
        [ 0.0426, -0.0426],
        [-0.4325,  0.4335]], device='cuda:0', requires_grad=True)
alpha 1 is Parameter containing:
tensor([[-0.0319,  0.0321],
        [ 0.0208, -0.0193],
        [-0.0854,  0.0858],
        [-0.0325,  0.0316],
        [ 0.0036, -0.0041],
        [ 0.0679, -0.0671],
        [ 0.0671, -0.0678],
        [-0.0294,  0.0293],
        [-0.0969,  0.0972],
        [-0.1590,  0.1583],
        [ 0.1106, -0.1116],
        [ 0.0114, -0.0117],
        [ 0.0021, -0.0019],
        [-0.0325,  0.0329]], device='cuda:0', requires_grad=True)
[038-050] Search: Model metrics  : loss=0.38, accuracy@1=86.87%, accuracy@5=99.46%, time-cost=6306.7 s
[038-050] Search: Architecture metrics  : loss=0.52, accuracy@1=82.12%, accuracy@5=99.12%
[038-050] Evaluation:  : loss=0.50, accuracy@1=82.85%, accuracy@5=99.14%
Benchmark Results for cifar10 -> train: 0.0, valid: 0.0, test: 94.39662432328551
alpha 0 is Parameter containing:
tensor([[-0.0098,  0.0097],
        [-0.1391,  0.1397],
        [ 0.0192, -0.0195],
        [-0.1092,  0.1086],
        [ 0.0353, -0.0352],
        [ 0.0198, -0.0200],
        [ 0.0669, -0.0686],
        [-0.1214,  0.1218],
        [-0.0539,  0.0518],
        [ 0.0805, -0.0793],
        [ 0.1924, -0.1932],
        [ 0.1018, -0.1025],
        [ 0.0374, -0.0374],
        [-0.4378,  0.4388]], device='cuda:0', requires_grad=True)
alpha 1 is Parameter containing:
tensor([[-0.0341,  0.0343],
        [ 0.0049, -0.0033],
        [-0.0803,  0.0807],
        [-0.0281,  0.0272],
        [ 0.0074, -0.0080],
        [ 0.0758, -0.0750],
        [ 0.0626, -0.0634],
        [-0.0269,  0.0268],
        [-0.0891,  0.0894],
        [-0.1731,  0.1724],
        [ 0.1076, -0.1086],
        [ 0.0147, -0.0150],
        [ 0.0100, -0.0097],
        [-0.0266,  0.0270]], device='cuda:0', requires_grad=True)
[039-050] Search: Model metrics  : loss=0.38, accuracy@1=86.62%, accuracy@5=99.52%, time-cost=6500.3 s
[039-050] Search: Architecture metrics  : loss=0.52, accuracy@1=82.40%, accuracy@5=99.19%
[039-050] Evaluation:  : loss=0.49, accuracy@1=83.26%, accuracy@5=99.09%
Benchmark Results for cifar10 -> train: 0.0, valid: 0.0, test: 94.31791028883565
alpha 0 is Parameter containing:
tensor([[-0.0079,  0.0078],
        [-0.1457,  0.1463],
        [ 0.0265, -0.0268],
        [-0.1092,  0.1086],
        [ 0.0328, -0.0327],
        [ 0.0186, -0.0188],
        [ 0.0617, -0.0635],
        [-0.1226,  0.1230],
        [-0.0491,  0.0470],
        [ 0.0847, -0.0836],
        [ 0.2052, -0.2060],
        [ 0.1210, -0.1217],
        [ 0.0454, -0.0454],
        [-0.4409,  0.4420]], device='cuda:0', requires_grad=True)
alpha 1 is Parameter containing:
tensor([[-0.0450,  0.0452],
        [ 0.0085, -0.0070],
        [-0.0822,  0.0826],
        [-0.0195,  0.0187],
        [ 0.0035, -0.0040],
        [ 0.0679, -0.0671],
        [ 0.0535, -0.0542],
        [-0.0246,  0.0245],
        [-0.0928,  0.0931],
        [-0.1786,  0.1779],
        [ 0.1124, -0.1133],
        [ 0.0076, -0.0080],
        [ 0.0145, -0.0142],
        [-0.0244,  0.0248]], device='cuda:0', requires_grad=True)
[040-050] Search: Model metrics  : loss=0.38, accuracy@1=87.01%, accuracy@5=99.55%, time-cost=6693.9 s
[040-050] Search: Architecture metrics  : loss=0.52, accuracy@1=82.27%, accuracy@5=99.02%
[040-050] Evaluation:  : loss=0.50, accuracy@1=83.27%, accuracy@5=99.12%
<<<--->>> The 040-050-th epoch : found the highest validation accuracy : 83.27%.
Benchmark Results for cifar10 -> train: 0.0, valid: 0.0, test: 94.37061594056959
alpha 0 is Parameter containing:
tensor([[-0.0108,  0.0108],
        [-0.1388,  0.1394],
        [ 0.0200, -0.0203],
        [-0.1038,  0.1032],
        [ 0.0405, -0.0404],
        [ 0.0207, -0.0209],
        [ 0.0696, -0.0713],
        [-0.1197,  0.1201],
        [-0.0400,  0.0379],
        [ 0.0867, -0.0856],
        [ 0.2089, -0.2097],
        [ 0.1220, -0.1227],
        [ 0.0500, -0.0499],
        [-0.4525,  0.4535]], device='cuda:0', requires_grad=True)
alpha 1 is Parameter containing:
tensor([[-0.0396,  0.0398],
        [ 0.0058, -0.0043],
        [-0.0825,  0.0829],
        [-0.0249,  0.0241],
        [ 0.0064, -0.0070],
        [ 0.0708, -0.0700],
        [ 0.0630, -0.0637],
        [-0.0212,  0.0211],
        [-0.0896,  0.0899],
        [-0.1835,  0.1828],
        [ 0.1207, -0.1216],
        [ 0.0005, -0.0008],
        [ 0.0047, -0.0045],
        [-0.0352,  0.0356]], device='cuda:0', requires_grad=True)
[041-050] Search: Model metrics  : loss=0.38, accuracy@1=86.70%, accuracy@5=99.43%, time-cost=6887.2 s
[041-050] Search: Architecture metrics  : loss=0.52, accuracy@1=82.43%, accuracy@5=98.98%
[041-050] Evaluation:  : loss=0.49, accuracy@1=83.36%, accuracy@5=99.16%
<<<--->>> The 041-050-th epoch : found the highest validation accuracy : 83.36%.
Benchmark Results for cifar10 -> train: 0.0, valid: 0.0, test: 94.39936396594456
alpha 0 is Parameter containing:
tensor([[-0.0090,  0.0089],
        [-0.1362,  0.1369],
        [ 0.0205, -0.0209],
        [-0.0964,  0.0958],
        [ 0.0421, -0.0421],
        [ 0.0244, -0.0247],
        [ 0.0802, -0.0819],
        [-0.1259,  0.1263],
        [-0.0412,  0.0390],
        [ 0.0932, -0.0921],
        [ 0.2125, -0.2133],
        [ 0.1386, -0.1393],
        [ 0.0396, -0.0396],
        [-0.4538,  0.4549]], device='cuda:0', requires_grad=True)
alpha 1 is Parameter containing:
tensor([[-0.0391,  0.0393],
        [ 0.0099, -0.0083],
        [-0.0888,  0.0892],
        [-0.0231,  0.0223],
        [ 0.0036, -0.0042],
        [ 0.0843, -0.0835],
        [ 0.0585, -0.0592],
        [-0.0211,  0.0210],
        [-0.0855,  0.0858],
        [-0.1866,  0.1859],
        [ 0.1187, -0.1196],
        [-0.0011,  0.0008],
        [ 0.0161, -0.0159],
        [-0.0304,  0.0308]], device='cuda:0', requires_grad=True)
[042-050] Search: Model metrics  : loss=0.38, accuracy@1=86.85%, accuracy@5=99.52%, time-cost=7080.1 s
[042-050] Search: Architecture metrics  : loss=0.52, accuracy@1=82.34%, accuracy@5=99.12%
[042-050] Evaluation:  : loss=0.49, accuracy@1=83.11%, accuracy@5=99.10%
Benchmark Results for cifar10 -> train: 0.0, valid: 0.0, test: 94.38635402799115
alpha 0 is Parameter containing:
tensor([[-0.0116,  0.0116],
        [-0.1414,  0.1420],
        [ 0.0110, -0.0113],
        [-0.0901,  0.0895],
        [ 0.0373, -0.0372],
        [ 0.0232, -0.0235],
        [ 0.0901, -0.0918],
        [-0.1312,  0.1316],
        [-0.0427,  0.0406],
        [ 0.0902, -0.0890],
        [ 0.2156, -0.2164],
        [ 0.1382, -0.1389],
        [ 0.0392, -0.0392],
        [-0.4653,  0.4664]], device='cuda:0', requires_grad=True)
alpha 1 is Parameter containing:
tensor([[-0.0366,  0.0368],
        [ 0.0173, -0.0158],
        [-0.0939,  0.0943],
        [-0.0317,  0.0309],
        [ 0.0019, -0.0024],
        [ 0.0695, -0.0688],
        [ 0.0657, -0.0664],
        [-0.0189,  0.0188],
        [-0.0834,  0.0837],
        [-0.1968,  0.1961],
        [ 0.1105, -0.1114],
        [-0.0078,  0.0075],
        [ 0.0199, -0.0197],
        [-0.0398,  0.0401]], device='cuda:0', requires_grad=True)
[043-050] Search: Model metrics  : loss=0.38, accuracy@1=86.89%, accuracy@5=99.52%, time-cost=7273.4 s
[043-050] Search: Architecture metrics  : loss=0.52, accuracy@1=82.36%, accuracy@5=99.09%
[043-050] Evaluation:  : loss=0.50, accuracy@1=83.07%, accuracy@5=99.10%
Benchmark Results for cifar10 -> train: 0.0, valid: 0.0, test: 94.37589937298974
alpha 0 is Parameter containing:
tensor([[-0.0211,  0.0211],
        [-0.1376,  0.1383],
        [ 0.0011, -0.0014],
        [-0.0892,  0.0886],
        [ 0.0463, -0.0462],
        [ 0.0186, -0.0188],
        [ 0.0948, -0.0965],
        [-0.1396,  0.1400],
        [-0.0424,  0.0403],
        [ 0.0889, -0.0878],
        [ 0.2259, -0.2266],
        [ 0.1448, -0.1455],
        [ 0.0426, -0.0426],
        [-0.4576,  0.4586]], device='cuda:0', requires_grad=True)
alpha 1 is Parameter containing:
tensor([[-0.0318,  0.0320],
        [ 0.0193, -0.0178],
        [-0.0960,  0.0963],
        [-0.0282,  0.0274],
        [ 0.0051, -0.0057],
        [ 0.0662, -0.0654],
        [ 0.0649, -0.0656],
        [-0.0173,  0.0172],
        [-0.0854,  0.0857],
        [-0.2012,  0.2005],
        [ 0.1203, -0.1212],
        [-0.0023,  0.0020],
        [ 0.0220, -0.0218],
        [-0.0414,  0.0418]], device='cuda:0', requires_grad=True)
[044-050] Search: Model metrics  : loss=0.38, accuracy@1=86.70%, accuracy@5=99.54%, time-cost=7466.5 s
[044-050] Search: Architecture metrics  : loss=0.50, accuracy@1=83.07%, accuracy@5=99.13%
[044-050] Evaluation:  : loss=0.49, accuracy@1=83.15%, accuracy@5=99.18%
Benchmark Results for cifar10 -> train: 0.0, valid: 0.0, test: 94.29710903952177
alpha 0 is Parameter containing:
tensor([[-0.0142,  0.0142],
        [-0.1349,  0.1355],
        [ 0.0048, -0.0052],
        [-0.0905,  0.0899],
        [ 0.0443, -0.0442],
        [ 0.0218, -0.0221],
        [ 0.0904, -0.0921],
        [-0.1331,  0.1335],
        [-0.0329,  0.0308],
        [ 0.0935, -0.0924],
        [ 0.2280, -0.2288],
        [ 0.1492, -0.1499],
        [ 0.0502, -0.0501],
        [-0.4519,  0.4529]], device='cuda:0', requires_grad=True)
alpha 1 is Parameter containing:
tensor([[-0.0408,  0.0410],
        [ 0.0085, -0.0069],
        [-0.1024,  0.1028],
        [-0.0216,  0.0208],
        [ 0.0022, -0.0028],
        [ 0.0680, -0.0673],
        [ 0.0728, -0.0735],
        [-0.0173,  0.0172],
        [-0.0892,  0.0895],
        [-0.2076,  0.2070],
        [ 0.1204, -0.1213],
        [ 0.0025, -0.0028],
        [ 0.0235, -0.0233],
        [-0.0401,  0.0405]], device='cuda:0', requires_grad=True)
[045-050] Search: Model metrics  : loss=0.37, accuracy@1=86.95%, accuracy@5=99.56%, time-cost=7659.9 s
[045-050] Search: Architecture metrics  : loss=0.51, accuracy@1=82.54%, accuracy@5=99.18%
[045-050] Evaluation:  : loss=0.50, accuracy@1=83.10%, accuracy@5=99.22%
Benchmark Results for cifar10 -> train: 0.0, valid: 0.0, test: 94.34635974565175
alpha 0 is Parameter containing:
tensor([[-0.0169,  0.0169],
        [-0.1364,  0.1370],
        [ 0.0034, -0.0037],
        [-0.0888,  0.0883],
        [ 0.0369, -0.0368],
        [ 0.0249, -0.0251],
        [ 0.0998, -0.1015],
        [-0.1345,  0.1348],
        [-0.0328,  0.0307],
        [ 0.0978, -0.0967],
        [ 0.2405, -0.2412],
        [ 0.1518, -0.1524],
        [ 0.0582, -0.0582],
        [-0.4506,  0.4516]], device='cuda:0', requires_grad=True)
alpha 1 is Parameter containing:
tensor([[-4.8107e-02,  4.8307e-02],
        [ 1.5626e-02, -1.4109e-02],
        [-1.0431e-01,  1.0469e-01],
        [-2.6283e-02,  2.5506e-02],
        [ 6.8708e-03, -7.4156e-03],
        [ 7.1812e-02, -7.1081e-02],
        [ 7.1560e-02, -7.2223e-02],
        [-1.5127e-02,  1.5045e-02],
        [-9.3749e-02,  9.4027e-02],
        [-2.2050e-01,  2.1986e-01],
        [ 1.2709e-01, -1.2797e-01],
        [-2.2913e-05, -2.9387e-04],
        [ 1.1936e-02, -1.1727e-02],
        [-4.0294e-02,  4.0679e-02]], device='cuda:0', requires_grad=True)
[046-050] Search: Model metrics  : loss=0.38, accuracy@1=86.99%, accuracy@5=99.56%, time-cost=7853.3 s
[046-050] Search: Architecture metrics  : loss=0.51, accuracy@1=82.48%, accuracy@5=99.12%
[046-050] Evaluation:  : loss=0.49, accuracy@1=83.36%, accuracy@5=99.14%
Benchmark Results for cifar10 -> train: 0.0, valid: 0.0, test: 94.2963999006628
alpha 0 is Parameter containing:
tensor([[-0.0260,  0.0260],
        [-0.1353,  0.1360],
        [-0.0025,  0.0022],
        [-0.0884,  0.0878],
        [ 0.0376, -0.0375],
        [ 0.0211, -0.0213],
        [ 0.1076, -0.1093],
        [-0.1383,  0.1386],
        [-0.0426,  0.0405],
        [ 0.1022, -0.1012],
        [ 0.2451, -0.2458],
        [ 0.1420, -0.1426],
        [ 0.0519, -0.0519],
        [-0.4609,  0.4619]], device='cuda:0', requires_grad=True)
alpha 1 is Parameter containing:
tensor([[-0.0488,  0.0490],
        [ 0.0123, -0.0108],
        [-0.1097,  0.1101],
        [-0.0349,  0.0341],
        [ 0.0074, -0.0080],
        [ 0.0667, -0.0660],
        [ 0.0698, -0.0704],
        [-0.0220,  0.0219],
        [-0.0987,  0.0990],
        [-0.2272,  0.2266],
        [ 0.1163, -0.1171],
        [-0.0005,  0.0002],
        [ 0.0073, -0.0071],
        [-0.0439,  0.0443]], device='cuda:0', requires_grad=True)
[047-050] Search: Model metrics  : loss=0.37, accuracy@1=87.02%, accuracy@5=99.57%, time-cost=8046.4 s
[047-050] Search: Architecture metrics  : loss=0.52, accuracy@1=82.38%, accuracy@5=99.12%
[047-050] Evaluation:  : loss=0.49, accuracy@1=83.22%, accuracy@5=99.14%
Benchmark Results for cifar10 -> train: 0.0, valid: 0.0, test: 94.25957035747405
alpha 0 is Parameter containing:
tensor([[-0.0224,  0.0224],
        [-0.1376,  0.1382],
        [ 0.0052, -0.0055],
        [-0.0877,  0.0871],
        [ 0.0335, -0.0334],
        [ 0.0289, -0.0291],
        [ 0.1084, -0.1100],
        [-0.1414,  0.1417],
        [-0.0548,  0.0527],
        [ 0.0987, -0.0976],
        [ 0.2471, -0.2478],
        [ 0.1486, -0.1493],
        [ 0.0461, -0.0461],
        [-0.4650,  0.4660]], device='cuda:0', requires_grad=True)
alpha 1 is Parameter containing:
tensor([[-0.0458,  0.0460],
        [ 0.0181, -0.0166],
        [-0.1111,  0.1114],
        [-0.0435,  0.0427],
        [ 0.0043, -0.0048],
        [ 0.0670, -0.0662],
        [ 0.0700, -0.0707],
        [-0.0307,  0.0306],
        [-0.1018,  0.1020],
        [-0.2379,  0.2373],
        [ 0.1241, -0.1249],
        [-0.0038,  0.0035],
        [ 0.0066, -0.0064],
        [-0.0340,  0.0344]], device='cuda:0', requires_grad=True)
[048-050] Search: Model metrics  : loss=0.38, accuracy@1=86.56%, accuracy@5=99.50%, time-cost=8239.6 s
[048-050] Search: Architecture metrics  : loss=0.51, accuracy@1=82.85%, accuracy@5=98.99%
[048-050] Evaluation:  : loss=0.49, accuracy@1=83.30%, accuracy@5=99.22%
Benchmark Results for cifar10 -> train: 0.0, valid: 0.0, test: 94.28641189758129
alpha 0 is Parameter containing:
tensor([[-0.0257,  0.0257],
        [-0.1347,  0.1353],
        [ 0.0061, -0.0064],
        [-0.0924,  0.0918],
        [ 0.0271, -0.0270],
        [ 0.0257, -0.0259],
        [ 0.1162, -0.1178],
        [-0.1482,  0.1486],
        [-0.0565,  0.0544],
        [ 0.1023, -0.1012],
        [ 0.2387, -0.2394],
        [ 0.1456, -0.1462],
        [ 0.0374, -0.0374],
        [-0.4746,  0.4756]], device='cuda:0', requires_grad=True)
alpha 1 is Parameter containing:
tensor([[-0.0509,  0.0511],
        [ 0.0281, -0.0266],
        [-0.1104,  0.1108],
        [-0.0517,  0.0509],
        [ 0.0067, -0.0072],
        [ 0.0645, -0.0638],
        [ 0.0774, -0.0780],
        [-0.0289,  0.0288],
        [-0.1052,  0.1055],
        [-0.2379,  0.2373],
        [ 0.1372, -0.1380],
        [ 0.0045, -0.0048],
        [ 0.0161, -0.0158],
        [-0.0316,  0.0320]], device='cuda:0', requires_grad=True)
[049-050] Search: Model metrics  : loss=0.38, accuracy@1=87.00%, accuracy@5=99.52%, time-cost=8432.8 s
[049-050] Search: Architecture metrics  : loss=0.51, accuracy@1=83.09%, accuracy@5=98.97%
[049-050] Evaluation:  : loss=0.49, accuracy@1=83.25%, accuracy@5=99.24%
Benchmark Results for cifar10 -> train: 0.0, valid: 0.0, test: 94.30098453193517
alpha 0 is Parameter containing:
tensor([[-2.8810e-02,  2.8787e-02],
        [-1.3632e-01,  1.3692e-01],
        [-1.5323e-04, -1.7007e-04],
        [-9.6891e-02,  9.6323e-02],
        [ 2.7481e-02, -2.7396e-02],
        [ 2.5763e-02, -2.5986e-02],
        [ 1.0860e-01, -1.1022e-01],
        [-1.5224e-01,  1.5261e-01],
        [-5.6732e-02,  5.4694e-02],
        [ 1.1082e-01, -1.0976e-01],
        [ 2.4085e-01, -2.4157e-01],
        [ 1.5337e-01, -1.5402e-01],
        [ 3.9165e-02, -3.9158e-02],
        [-4.7552e-01,  4.7650e-01]], device='cuda:0', requires_grad=True)
alpha 1 is Parameter containing:
tensor([[-5.4797e-02,  5.4993e-02],
        [ 1.7845e-02, -1.6361e-02],
        [-1.0372e-01,  1.0409e-01],
        [-5.0888e-02,  5.0139e-02],
        [ 7.1760e-03, -7.7058e-03],
        [ 7.2411e-02, -7.1715e-02],
        [ 7.4127e-02, -7.4758e-02],
        [-2.4332e-02,  2.4253e-02],
        [-1.0553e-01,  1.0579e-01],
        [-2.3792e-01,  2.3731e-01],
        [ 1.3277e-01, -1.3361e-01],
        [-3.9249e-04,  9.1278e-05],
        [ 8.2578e-03, -8.0573e-03],
        [-3.7060e-02,  3.7431e-02]], device='cuda:0', requires_grad=True)
[050-050] Search: Model metrics  : loss=0.37, accuracy@1=86.97%, accuracy@5=99.53%, time-cost=8626.1 s
[050-050] Search: Architecture metrics  : loss=0.52, accuracy@1=82.62%, accuracy@5=99.02%
[050-050] Evaluation:  : loss=0.49, accuracy@1=83.43%, accuracy@5=99.17%
<<<--->>> The 050-050-th epoch : found the highest validation accuracy : 83.43%.
Benchmark Results for cifar10 -> train: 0.0, valid: 0.0, test: 94.30581236947566
alpha 0 is Parameter containing:
tensor([[-0.0258,  0.0258],
        [-0.1366,  0.1372],
        [ 0.0032, -0.0035],
        [-0.1029,  0.1023],
        [ 0.0329, -0.0328],
        [ 0.0200, -0.0202],
        [ 0.1118, -0.1134],
        [-0.1524,  0.1528],
        [-0.0499,  0.0479],
        [ 0.1125, -0.1114],
        [ 0.2429, -0.2436],
        [ 0.1473, -0.1479],
        [ 0.0400, -0.0400],
        [-0.4797,  0.4807]], device='cuda:0', requires_grad=True)
alpha 1 is Parameter containing:
tensor([[-0.0470,  0.0472],
        [ 0.0245, -0.0230],
        [-0.1008,  0.1012],
        [-0.0377,  0.0369],
        [ 0.0009, -0.0014],
        [ 0.0686, -0.0679],
        [ 0.0736, -0.0742],
        [-0.0296,  0.0295],
        [-0.1042,  0.1045],
        [-0.2347,  0.2341],
        [ 0.1397, -0.1406],
        [-0.0005,  0.0002],
        [ 0.0106, -0.0104],
        [-0.0408,  0.0412]], device='cuda:0', requires_grad=True)