Training the supernet with the following configuration: 
{
  "sampler": {
    "sample_frequency": "step"
  },
  "perturbator": null,
  "partial_connector": null,
  "dropout": {
    "p": 0.0,
    "p_min": 0.0,
    "anneal_frequency": "epoch",
    "anneal_type": "linear",
    "max_iter": 50
  },
  "trainer": {
    "lr": 0.025,
    "arch_lr": 0.0003,
    "epochs": 50,
    "lora_warm_epochs": 10,
    "optim": "sgd",
    "arch_optim": "adam",
    "optim_config": {
      "momentum": 0.9,
      "nesterov": 0,
      "weight_decay": 0.0003
    },
    "arch_optim_config": {
      "betas": [
        0.5,
        0.999
      ],
      "weight_decay": 0.001
    },
    "scheduler": "cosine_annealing_lr",
    "criterion": "cross_entropy",
    "batch_size": 64,
    "learning_rate_min": 0.001,
    "cutout": -1,
    "cutout_length": 16,
    "train_portion": 0.5,
    "use_data_parallel": false,
    "checkpointing_freq": 1,
    "seed": 100
  },
  "lora": {
    "r": 1,
    "lora_dropout": 0,
    "lora_alpha": 1,
    "merge_weights": true
  },
  "lora_extra": {
    "toggle_epochs": null,
    "warm_epochs": 10,
    "toggle_probability": null
  },
  "sampler_type": "darts",
  "searchspace_str": "robust_darts",
  "weight_type": "weight_sharing",
  "oles": {
    "oles": false,
    "calc_gm_score": false
  },
  "search_space": {
    "num_classes": 10,
    "space": "s3"
  },
  "project_name": "LoRA-robust-darts",
  "experiment_type": "lora",
  "seed": 2
}
[001-050] Search: Model metrics  : loss=1.64, accuracy@1=38.49%, accuracy@5=88.22%, time-cost=100.1 s
[001-050] Evaluation:  : loss=1.42, accuracy@1=48.33%, accuracy@5=93.04%
[001-050] Layer Alignment score:  normal: 0.0000, reduce: 0.0000
<<<--->>> The 001-050-th epoch : found the highest validation accuracy : 48.33%.
[002-050] Search: Model metrics  : loss=1.21, accuracy@1=56.44%, accuracy@5=94.99%, time-cost=197.0 s
[002-050] Evaluation:  : loss=1.09, accuracy@1=61.19%, accuracy@5=96.17%
[002-050] Layer Alignment score:  normal: 0.0000, reduce: 0.0000
<<<--->>> The 002-050-th epoch : found the highest validation accuracy : 61.19%.
[003-050] Search: Model metrics  : loss=1.00, accuracy@1=64.66%, accuracy@5=96.59%, time-cost=294.7 s
[003-050] Evaluation:  : loss=1.00, accuracy@1=64.56%, accuracy@5=96.74%
[003-050] Layer Alignment score:  normal: 0.0000, reduce: 0.0000
<<<--->>> The 003-050-th epoch : found the highest validation accuracy : 64.56%.
[004-050] Search: Model metrics  : loss=0.87, accuracy@1=69.17%, accuracy@5=97.66%, time-cost=388.2 s
[004-050] Evaluation:  : loss=0.92, accuracy@1=68.25%, accuracy@5=96.60%
[004-050] Layer Alignment score:  normal: 0.0000, reduce: 0.0000
<<<--->>> The 004-050-th epoch : found the highest validation accuracy : 68.25%.
[005-050] Search: Model metrics  : loss=0.78, accuracy@1=72.73%, accuracy@5=98.09%, time-cost=480.3 s
[005-050] Evaluation:  : loss=0.89, accuracy@1=69.48%, accuracy@5=97.86%
[005-050] Layer Alignment score:  normal: 0.0000, reduce: 0.0000
<<<--->>> The 005-050-th epoch : found the highest validation accuracy : 69.48%.
[006-050] Search: Model metrics  : loss=0.70, accuracy@1=75.54%, accuracy@5=98.42%, time-cost=572.2 s
[006-050] Evaluation:  : loss=0.80, accuracy@1=72.42%, accuracy@5=97.93%
[006-050] Layer Alignment score:  normal: 0.0000, reduce: 0.0000
<<<--->>> The 006-050-th epoch : found the highest validation accuracy : 72.42%.
[007-050] Search: Model metrics  : loss=0.64, accuracy@1=77.70%, accuracy@5=98.58%, time-cost=665.8 s
[007-050] Evaluation:  : loss=0.72, accuracy@1=75.08%, accuracy@5=98.27%
[007-050] Layer Alignment score:  normal: 0.0000, reduce: 0.0000
<<<--->>> The 007-050-th epoch : found the highest validation accuracy : 75.08%.
[008-050] Search: Model metrics  : loss=0.60, accuracy@1=79.36%, accuracy@5=98.86%, time-cost=764.5 s
[008-050] Evaluation:  : loss=0.69, accuracy@1=76.33%, accuracy@5=98.52%
[008-050] Layer Alignment score:  normal: 0.0000, reduce: 0.0000
<<<--->>> The 008-050-th epoch : found the highest validation accuracy : 76.33%.
[009-050] Search: Model metrics  : loss=0.57, accuracy@1=80.34%, accuracy@5=99.04%, time-cost=861.0 s
[009-050] Evaluation:  : loss=0.68, accuracy@1=76.56%, accuracy@5=98.56%
[009-050] Layer Alignment score:  normal: 0.0000, reduce: 0.0000
<<<--->>> The 009-050-th epoch : found the highest validation accuracy : 76.56%.
[010-050] Search: Model metrics  : loss=0.53, accuracy@1=81.34%, accuracy@5=99.20%, time-cost=957.8 s
[010-050] Evaluation:  : loss=0.60, accuracy@1=78.99%, accuracy@5=98.84%
[010-050] Layer Alignment score:  normal: 0.0000, reduce: 0.0000
<<<--->>> The 010-050-th epoch : found the highest validation accuracy : 78.99%.
The searchspace has been warm started with 10 epochs
LoRA layers have been initialized for all operations with Conv2DLoRA module
[011-050] Search: Model metrics  : loss=0.44, accuracy@1=84.74%, accuracy@5=99.42%, time-cost=1166.8 s
[011-050] Search: Architecture metrics  : loss=0.57, accuracy@1=80.71%, accuracy@5=98.95%
[011-050] Evaluation:  : loss=0.52, accuracy@1=82.23%, accuracy@5=99.05%
[011-050] Layer Alignment score:  normal: 0.0000, reduce: 0.0000
<<<--->>> The 011-050-th epoch : found the highest validation accuracy : 82.23%.
alpha 0 is Parameter containing:
tensor([[ 0.0243, -0.0058, -0.0116],
        [ 0.0006,  0.0124, -0.0138],
        [ 0.0257,  0.0131, -0.0267],
        [-0.0133, -0.0063,  0.0141],
        [ 0.0302,  0.0051, -0.0181],
        [ 0.0248, -0.0151,  0.0036],
        [-0.0031, -0.0016,  0.0010],
        [ 0.0096, -0.0187,  0.0075],
        [ 0.0355, -0.0091, -0.0087],
        [ 0.0503,  0.0047, -0.0364],
        [ 0.0169, -0.0062, -0.0031],
        [ 0.0126, -0.0267,  0.0143],
        [ 0.0316, -0.0216, -0.0017],
        [ 0.0386, -0.0272, -0.0008]], device='cuda:0', requires_grad=True)
alpha 1 is Parameter containing:
tensor([[-3.4178e-03, -9.1764e-03,  1.0411e-02],
        [ 7.0167e-03, -1.9197e-02,  1.4152e-02],
        [-2.9696e-03, -2.8780e-03,  8.1340e-03],
        [ 1.6983e-03, -1.7894e-02,  1.0167e-02],
        [-7.5013e-03,  6.6319e-04,  3.2965e-03],
        [ 1.6137e-03,  4.0634e-03, -4.2817e-03],
        [-2.4582e-02, -9.1154e-03,  2.0189e-02],
        [ 1.0733e-02,  2.5126e-03, -6.7290e-03],
        [ 1.0885e-02,  1.5190e-05, -4.0917e-03],
        [ 8.1699e-03, -6.9283e-03,  5.4717e-05],
        [ 4.4117e-03,  2.5308e-03, -5.5416e-03],
        [ 1.5595e-02, -4.7320e-04, -6.9497e-03],
        [ 1.5270e-02,  1.5554e-03, -1.0916e-02],
        [-1.1852e-02, -7.5740e-03,  1.3035e-02]], device='cuda:0',
       requires_grad=True)
[012-050] Search: Model metrics  : loss=0.41, accuracy@1=85.96%, accuracy@5=99.53%, time-cost=1378.6 s
[012-050] Search: Architecture metrics  : loss=0.54, accuracy@1=81.69%, accuracy@5=99.00%
[012-050] Evaluation:  : loss=0.51, accuracy@1=82.61%, accuracy@5=99.10%
[012-050] Layer Alignment score:  normal: 0.0000, reduce: 0.0000
<<<--->>> The 012-050-th epoch : found the highest validation accuracy : 82.61%.
alpha 0 is Parameter containing:
tensor([[ 0.0511, -0.0305, -0.0019],
        [ 0.0040,  0.0094, -0.0130],
        [ 0.0413,  0.0127, -0.0357],
        [ 0.0032, -0.0201,  0.0178],
        [ 0.0461, -0.0007, -0.0221],
        [ 0.0433, -0.0332,  0.0123],
        [ 0.0070, -0.0109,  0.0036],
        [ 0.0248, -0.0248,  0.0042],
        [ 0.0652, -0.0211, -0.0136],
        [ 0.0882, -0.0008, -0.0570],
        [ 0.0470, -0.0201, -0.0098],
        [ 0.0295, -0.0462,  0.0195],
        [ 0.0687, -0.0360, -0.0118],
        [ 0.0951, -0.0428, -0.0234]], device='cuda:0', requires_grad=True)
alpha 1 is Parameter containing:
tensor([[-0.0012, -0.0142,  0.0136],
        [ 0.0050, -0.0295,  0.0247],
        [-0.0004, -0.0078,  0.0108],
        [-0.0103, -0.0228,  0.0216],
        [-0.0053,  0.0054, -0.0013],
        [ 0.0045,  0.0050, -0.0072],
        [-0.0462,  0.0024,  0.0247],
        [ 0.0158,  0.0012, -0.0084],
        [ 0.0284,  0.0079, -0.0191],
        [ 0.0165, -0.0171,  0.0028],
        [ 0.0070,  0.0049, -0.0092],
        [ 0.0224,  0.0018, -0.0119],
        [ 0.0226,  0.0087, -0.0204],
        [-0.0214, -0.0185,  0.0270]], device='cuda:0', requires_grad=True)
[013-050] Search: Model metrics  : loss=0.40, accuracy@1=85.91%, accuracy@5=99.46%, time-cost=1586.0 s
[013-050] Search: Architecture metrics  : loss=0.53, accuracy@1=81.55%, accuracy@5=98.99%
[013-050] Evaluation:  : loss=0.50, accuracy@1=82.84%, accuracy@5=99.13%
[013-050] Layer Alignment score:  normal: 0.0000, reduce: 0.0000
<<<--->>> The 013-050-th epoch : found the highest validation accuracy : 82.84%.
alpha 0 is Parameter containing:
tensor([[ 0.0784, -0.0346, -0.0138],
        [-0.0003,  0.0097, -0.0111],
        [ 0.0633,  0.0218, -0.0576],
        [ 0.0145, -0.0307,  0.0213],
        [ 0.0660, -0.0059, -0.0284],
        [ 0.0581, -0.0334,  0.0042],
        [ 0.0248, -0.0169, -0.0009],
        [ 0.0524, -0.0205, -0.0120],
        [ 0.0933, -0.0284, -0.0219],
        [ 0.1137,  0.0029, -0.0763],
        [ 0.0734, -0.0231, -0.0237],
        [ 0.0594, -0.0551,  0.0108],
        [ 0.0961, -0.0553, -0.0137],
        [ 0.1424, -0.0642, -0.0374]], device='cuda:0', requires_grad=True)
alpha 1 is Parameter containing:
tensor([[ 0.0017, -0.0051,  0.0039],
        [-0.0012, -0.0371,  0.0351],
        [-0.0027, -0.0053,  0.0101],
        [-0.0075, -0.0263,  0.0228],
        [-0.0024,  0.0066, -0.0038],
        [ 0.0001,  0.0101, -0.0088],
        [-0.0484,  0.0169,  0.0142],
        [ 0.0110,  0.0016, -0.0062],
        [ 0.0314,  0.0123, -0.0242],
        [ 0.0230, -0.0270,  0.0067],
        [ 0.0071,  0.0128, -0.0161],
        [ 0.0140, -0.0089, -0.0003],
        [ 0.0336,  0.0175, -0.0334],
        [-0.0181, -0.0229,  0.0290]], device='cuda:0', requires_grad=True)
[014-050] Search: Model metrics  : loss=0.39, accuracy@1=86.44%, accuracy@5=99.56%, time-cost=1803.4 s
[014-050] Search: Architecture metrics  : loss=0.52, accuracy@1=82.40%, accuracy@5=99.08%
[014-050] Evaluation:  : loss=0.49, accuracy@1=83.02%, accuracy@5=99.20%
[014-050] Layer Alignment score:  normal: 0.0000, reduce: 0.0000
<<<--->>> The 014-050-th epoch : found the highest validation accuracy : 83.02%.
alpha 0 is Parameter containing:
tensor([[ 0.0981, -0.0381, -0.0221],
        [ 0.0082,  0.0185, -0.0233],
        [ 0.0733,  0.0237, -0.0658],
        [ 0.0336, -0.0303,  0.0112],
        [ 0.0846, -0.0081, -0.0364],
        [ 0.0848, -0.0329, -0.0116],
        [ 0.0263, -0.0228,  0.0031],
        [ 0.0798, -0.0169, -0.0279],
        [ 0.1233, -0.0344, -0.0323],
        [ 0.1372, -0.0023, -0.0870],
        [ 0.0981, -0.0279, -0.0357],
        [ 0.0973, -0.0590, -0.0056],
        [ 0.1183, -0.0828, -0.0073],
        [ 0.1907, -0.0778, -0.0582]], device='cuda:0', requires_grad=True)
alpha 1 is Parameter containing:
tensor([[ 0.0081, -0.0121,  0.0064],
        [-0.0044, -0.0526,  0.0511],
        [ 0.0107, -0.0081,  0.0039],
        [-0.0129, -0.0364,  0.0341],
        [-0.0099, -0.0034,  0.0078],
        [ 0.0148,  0.0071, -0.0164],
        [-0.0599,  0.0155,  0.0228],
        [ 0.0113, -0.0048, -0.0016],
        [ 0.0301, -0.0009, -0.0136],
        [ 0.0313, -0.0281,  0.0017],
        [-0.0003,  0.0129, -0.0112],
        [ 0.0140, -0.0029, -0.0048],
        [ 0.0231,  0.0270, -0.0350],
        [-0.0187, -0.0165,  0.0242]], device='cuda:0', requires_grad=True)
[015-050] Search: Model metrics  : loss=0.38, accuracy@1=86.64%, accuracy@5=99.50%, time-cost=2015.7 s
[015-050] Search: Architecture metrics  : loss=0.52, accuracy@1=82.04%, accuracy@5=99.03%
[015-050] Evaluation:  : loss=0.49, accuracy@1=83.18%, accuracy@5=99.18%
[015-050] Layer Alignment score:  normal: 0.0000, reduce: 0.0000
<<<--->>> The 015-050-th epoch : found the highest validation accuracy : 83.18%.
alpha 0 is Parameter containing:
tensor([[ 0.1224, -0.0554, -0.0193],
        [ 0.0199,  0.0214, -0.0321],
        [ 0.0896,  0.0226, -0.0752],
        [ 0.0511, -0.0380,  0.0086],
        [ 0.1086, -0.0136, -0.0448],
        [ 0.1101, -0.0454, -0.0133],
        [ 0.0392, -0.0240, -0.0032],
        [ 0.1090, -0.0192, -0.0413],
        [ 0.1641, -0.0447, -0.0458],
        [ 0.1578, -0.0124, -0.0919],
        [ 0.1363, -0.0230, -0.0639],
        [ 0.1285, -0.0700, -0.0144],
        [ 0.1526, -0.0964, -0.0175],
        [ 0.2423, -0.0943, -0.0803]], device='cuda:0', requires_grad=True)
alpha 1 is Parameter containing:
tensor([[ 0.0106, -0.0153,  0.0078],
        [-0.0147, -0.0609,  0.0646],
        [ 0.0114, -0.0187,  0.0132],
        [-0.0204, -0.0470,  0.0471],
        [-0.0146, -0.0033,  0.0102],
        [ 0.0298,  0.0019, -0.0223],
        [-0.0709,  0.0278,  0.0191],
        [-0.0019,  0.0055, -0.0024],
        [ 0.0373,  0.0077, -0.0238],
        [ 0.0361, -0.0368,  0.0057],
        [-0.0038,  0.0137, -0.0095],
        [ 0.0045,  0.0022, -0.0043],
        [ 0.0311,  0.0432, -0.0523],
        [-0.0181, -0.0069,  0.0162]], device='cuda:0', requires_grad=True)
[016-050] Search: Model metrics  : loss=0.38, accuracy@1=86.70%, accuracy@5=99.57%, time-cost=2231.4 s
[016-050] Search: Architecture metrics  : loss=0.52, accuracy@1=82.52%, accuracy@5=99.12%
[016-050] Evaluation:  : loss=0.49, accuracy@1=83.10%, accuracy@5=99.15%
[016-050] Layer Alignment score:  normal: 0.0000, reduce: 0.0000
alpha 0 is Parameter containing:
tensor([[ 0.1410, -0.0619, -0.0242],
        [ 0.0267,  0.0279, -0.0414],
        [ 0.1013,  0.0258, -0.0857],
        [ 0.0600, -0.0494,  0.0135],
        [ 0.1268, -0.0157, -0.0528],
        [ 0.1338, -0.0427, -0.0306],
        [ 0.0591, -0.0296, -0.0096],
        [ 0.1329, -0.0195, -0.0534],
        [ 0.1927, -0.0471, -0.0593],
        [ 0.1807, -0.0136, -0.1058],
        [ 0.1773, -0.0138, -0.0974],
        [ 0.1548, -0.0754, -0.0247],
        [ 0.1929, -0.0971, -0.0407],
        [ 0.2894, -0.1080, -0.1023]], device='cuda:0', requires_grad=True)
alpha 1 is Parameter containing:
tensor([[ 0.0114, -0.0133,  0.0055],
        [-0.0228, -0.0596,  0.0683],
        [ 0.0051, -0.0272,  0.0247],
        [-0.0179, -0.0586,  0.0549],
        [-0.0152, -0.0048,  0.0117],
        [ 0.0360,  0.0229, -0.0451],
        [-0.0745,  0.0238,  0.0251],
        [-0.0021,  0.0141, -0.0087],
        [ 0.0354,  0.0113, -0.0259],
        [ 0.0312, -0.0449,  0.0157],
        [-0.0003,  0.0184, -0.0161],
        [ 0.0038, -0.0022, -0.0007],
        [ 0.0389,  0.0468, -0.0598],
        [-0.0093, -0.0041,  0.0096]], device='cuda:0', requires_grad=True)
[017-050] Search: Model metrics  : loss=0.38, accuracy@1=86.88%, accuracy@5=99.57%, time-cost=2447.9 s
[017-050] Search: Architecture metrics  : loss=0.51, accuracy@1=82.44%, accuracy@5=99.15%
[017-050] Evaluation:  : loss=0.49, accuracy@1=83.21%, accuracy@5=99.22%
[017-050] Layer Alignment score:  normal: 0.0000, reduce: 0.0000
<<<--->>> The 017-050-th epoch : found the highest validation accuracy : 83.21%.
alpha 0 is Parameter containing:
tensor([[ 0.1526, -0.0772, -0.0160],
        [ 0.0364,  0.0300, -0.0484],
        [ 0.1158,  0.0312, -0.1005],
        [ 0.0771, -0.0546,  0.0091],
        [ 0.1485, -0.0100, -0.0678],
        [ 0.1512, -0.0464, -0.0375],
        [ 0.0705, -0.0422, -0.0052],
        [ 0.1590, -0.0209, -0.0661],
        [ 0.2408, -0.0546, -0.0799],
        [ 0.1905, -0.0126, -0.1131],
        [ 0.2153, -0.0141, -0.1220],
        [ 0.1937, -0.0694, -0.0490],
        [ 0.2243, -0.1086, -0.0522],
        [ 0.3320, -0.1282, -0.1177]], device='cuda:0', requires_grad=True)
alpha 1 is Parameter containing:
tensor([[ 0.0146, -0.0319,  0.0202],
        [-0.0202, -0.0614,  0.0683],
        [ 0.0117, -0.0364,  0.0287],
        [-0.0216, -0.0642,  0.0617],
        [-0.0181, -0.0185,  0.0238],
        [ 0.0351,  0.0235, -0.0452],
        [-0.0879,  0.0325,  0.0259],
        [ 0.0100,  0.0154, -0.0162],
        [ 0.0386,  0.0060, -0.0236],
        [ 0.0376, -0.0542,  0.0188],
        [-0.0024,  0.0196, -0.0157],
        [-0.0007, -0.0053,  0.0037],
        [ 0.0389,  0.0519, -0.0641],
        [-0.0015, -0.0071,  0.0083]], device='cuda:0', requires_grad=True)
[018-050] Search: Model metrics  : loss=0.37, accuracy@1=87.10%, accuracy@5=99.60%, time-cost=2662.6 s
[018-050] Search: Architecture metrics  : loss=0.51, accuracy@1=82.58%, accuracy@5=99.11%
[018-050] Evaluation:  : loss=0.48, accuracy@1=83.58%, accuracy@5=99.23%
[018-050] Layer Alignment score:  normal: 0.0000, reduce: 0.0000
<<<--->>> The 018-050-th epoch : found the highest validation accuracy : 83.58%.
alpha 0 is Parameter containing:
tensor([[ 0.1704, -0.0855, -0.0191],
        [ 0.0423,  0.0252, -0.0473],
        [ 0.1316,  0.0333, -0.1124],
        [ 0.0922, -0.0680,  0.0122],
        [ 0.1617, -0.0109, -0.0742],
        [ 0.1654, -0.0463, -0.0467],
        [ 0.0920, -0.0537, -0.0080],
        [ 0.1879, -0.0171, -0.0837],
        [ 0.2794, -0.0589, -0.0989],
        [ 0.2183, -0.0014, -0.1412],
        [ 0.2468, -0.0193, -0.1393],
        [ 0.2187, -0.0738, -0.0595],
        [ 0.2592, -0.1163, -0.0684],
        [ 0.3701, -0.1451, -0.1332]], device='cuda:0', requires_grad=True)
alpha 1 is Parameter containing:
tensor([[ 0.0227, -0.0395,  0.0226],
        [-0.0270, -0.0690,  0.0790],
        [ 0.0159, -0.0344,  0.0240],
        [-0.0316, -0.0773,  0.0780],
        [-0.0134, -0.0217,  0.0238],
        [ 0.0473,  0.0222, -0.0526],
        [-0.0996,  0.0358,  0.0305],
        [ 0.0030,  0.0131, -0.0108],
        [ 0.0389,  0.0008, -0.0199],
        [ 0.0414, -0.0628,  0.0232],
        [ 0.0087,  0.0212, -0.0249],
        [ 0.0036, -0.0077,  0.0036],
        [ 0.0397,  0.0617, -0.0728],
        [-0.0142, -0.0059,  0.0136]], device='cuda:0', requires_grad=True)
[019-050] Search: Model metrics  : loss=0.37, accuracy@1=87.08%, accuracy@5=99.52%, time-cost=2868.7 s
[019-050] Search: Architecture metrics  : loss=0.51, accuracy@1=82.84%, accuracy@5=99.05%
[019-050] Evaluation:  : loss=0.48, accuracy@1=83.94%, accuracy@5=99.20%
[019-050] Layer Alignment score:  normal: 0.0000, reduce: 0.0000
<<<--->>> The 019-050-th epoch : found the highest validation accuracy : 83.94%.
alpha 0 is Parameter containing:
tensor([[ 0.1912, -0.1028, -0.0156],
        [ 0.0509,  0.0201, -0.0476],
        [ 0.1442,  0.0288, -0.1161],
        [ 0.1142, -0.0742,  0.0058],
        [ 0.1835, -0.0160, -0.0824],
        [ 0.1934, -0.0611, -0.0484],
        [ 0.1139, -0.0706, -0.0063],
        [ 0.2009, -0.0327, -0.0808],
        [ 0.3155, -0.0769, -0.1076],
        [ 0.2448, -0.0094, -0.1522],
        [ 0.2723, -0.0289, -0.1496],
        [ 0.2534, -0.0792, -0.0748],
        [ 0.2908, -0.1307, -0.0795],
        [ 0.4165, -0.1620, -0.1555]], device='cuda:0', requires_grad=True)
alpha 1 is Parameter containing:
tensor([[ 0.0310, -0.0480,  0.0256],
        [-0.0299, -0.0671,  0.0792],
        [ 0.0241, -0.0401,  0.0235],
        [-0.0408, -0.0866,  0.0911],
        [-0.0201, -0.0323,  0.0355],
        [ 0.0462,  0.0092, -0.0401],
        [-0.1036,  0.0309,  0.0373],
        [ 0.0034,  0.0111, -0.0096],
        [ 0.0454,  0.0122, -0.0323],
        [ 0.0398, -0.0724,  0.0320],
        [ 0.0168,  0.0248, -0.0337],
        [ 0.0039, -0.0120,  0.0067],
        [ 0.0418,  0.0657, -0.0775],
        [-0.0208, -0.0080,  0.0186]], device='cuda:0', requires_grad=True)
[020-050] Search: Model metrics  : loss=0.37, accuracy@1=87.00%, accuracy@5=99.61%, time-cost=3074.4 s
[020-050] Search: Architecture metrics  : loss=0.51, accuracy@1=82.77%, accuracy@5=99.01%
[020-050] Evaluation:  : loss=0.48, accuracy@1=83.51%, accuracy@5=99.23%
[020-050] Layer Alignment score:  normal: 0.0000, reduce: 0.0000
alpha 0 is Parameter containing:
tensor([[ 0.2133, -0.1071, -0.0261],
        [ 0.0605,  0.0179, -0.0509],
        [ 0.1617,  0.0244, -0.1231],
        [ 0.1291, -0.0854,  0.0070],
        [ 0.2027, -0.0170, -0.0919],
        [ 0.2087, -0.0666, -0.0527],
        [ 0.1207, -0.0823, -0.0006],
        [ 0.2191, -0.0376, -0.0875],
        [ 0.3514, -0.0854, -0.1232],
        [ 0.2759, -0.0099, -0.1733],
        [ 0.3014, -0.0377, -0.1635],
        [ 0.2793, -0.0902, -0.0824],
        [ 0.3283, -0.1452, -0.0941],
        [ 0.4580, -0.1783, -0.1760]], device='cuda:0', requires_grad=True)
alpha 1 is Parameter containing:
tensor([[ 0.0252, -0.0465,  0.0274],
        [-0.0301, -0.0654,  0.0780],
        [ 0.0305, -0.0460,  0.0243],
        [-0.0421, -0.0879,  0.0932],
        [-0.0174, -0.0296,  0.0322],
        [ 0.0622,  0.0203, -0.0618],
        [-0.1130,  0.0237,  0.0493],
        [ 0.0037,  0.0008, -0.0019],
        [ 0.0468, -0.0032, -0.0213],
        [ 0.0455, -0.0727,  0.0283],
        [ 0.0185,  0.0178, -0.0286],
        [ 0.0029, -0.0131,  0.0080],
        [ 0.0370,  0.0630, -0.0729],
        [-0.0232, -0.0033,  0.0159]], device='cuda:0', requires_grad=True)
[021-050] Search: Model metrics  : loss=0.36, accuracy@1=87.70%, accuracy@5=99.63%, time-cost=3279.6 s
[021-050] Search: Architecture metrics  : loss=0.51, accuracy@1=82.40%, accuracy@5=99.09%
[021-050] Evaluation:  : loss=0.48, accuracy@1=83.38%, accuracy@5=99.21%
[021-050] Layer Alignment score:  normal: 0.0000, reduce: 0.0000
alpha 0 is Parameter containing:
tensor([[ 0.2398, -0.1217, -0.0302],
        [ 0.0670,  0.0323, -0.0672],
        [ 0.1819,  0.0186, -0.1308],
        [ 0.1455, -0.0899,  0.0015],
        [ 0.2384, -0.0114, -0.1146],
        [ 0.2460, -0.0838, -0.0584],
        [ 0.1334, -0.0935,  0.0012],
        [ 0.2395, -0.0527, -0.0891],
        [ 0.3862, -0.1093, -0.1283],
        [ 0.3071, -0.0242, -0.1832],
        [ 0.3279, -0.0411, -0.1803],
        [ 0.3123, -0.1037, -0.0928],
        [ 0.3650, -0.1672, -0.1045],
        [ 0.4912, -0.1985, -0.1886]], device='cuda:0', requires_grad=True)
alpha 1 is Parameter containing:
tensor([[ 0.0236, -0.0484,  0.0299],
        [-0.0326, -0.0785,  0.0910],
        [ 0.0363, -0.0552,  0.0282],
        [-0.0526, -0.0964,  0.1063],
        [-0.0157, -0.0303,  0.0320],
        [ 0.0774,  0.0157, -0.0684],
        [-0.1198,  0.0189,  0.0578],
        [-0.0071,  0.0040,  0.0011],
        [ 0.0338, -0.0046, -0.0136],
        [ 0.0582, -0.0831,  0.0279],
        [ 0.0197,  0.0234, -0.0345],
        [ 0.0064, -0.0041, -0.0004],
        [ 0.0365,  0.0686, -0.0776],
        [-0.0304, -0.0018,  0.0182]], device='cuda:0', requires_grad=True)
[022-050] Search: Model metrics  : loss=0.36, accuracy@1=87.52%, accuracy@5=99.63%, time-cost=3491.7 s
[022-050] Search: Architecture metrics  : loss=0.50, accuracy@1=82.98%, accuracy@5=99.16%
[022-050] Evaluation:  : loss=0.48, accuracy@1=83.67%, accuracy@5=99.20%
[022-050] Layer Alignment score:  normal: 0.0000, reduce: 0.0000
alpha 0 is Parameter containing:
tensor([[ 0.2563, -0.1375, -0.0263],
        [ 0.0736,  0.0373, -0.0752],
        [ 0.1976,  0.0087, -0.1321],
        [ 0.1709, -0.0846, -0.0166],
        [ 0.2567, -0.0062, -0.1283],
        [ 0.2695, -0.0898, -0.0677],
        [ 0.1440, -0.0925, -0.0063],
        [ 0.2575, -0.0501, -0.1009],
        [ 0.4204, -0.1111, -0.1481],
        [ 0.3281, -0.0432, -0.1821],
        [ 0.3522, -0.0438, -0.1963],
        [ 0.3491, -0.1096, -0.1107],
        [ 0.4134, -0.1755, -0.1312],
        [ 0.5267, -0.2228, -0.2009]], device='cuda:0', requires_grad=True)
alpha 1 is Parameter containing:
tensor([[ 0.0250, -0.0430,  0.0243],
        [-0.0339, -0.0804,  0.0934],
        [ 0.0466, -0.0577,  0.0235],
        [-0.0539, -0.1053,  0.1143],
        [-0.0250, -0.0302,  0.0370],
        [ 0.0852,  0.0095, -0.0685],
        [-0.1272,  0.0139,  0.0669],
        [-0.0230, -0.0057,  0.0165],
        [ 0.0358, -0.0177, -0.0048],
        [ 0.0632, -0.0913,  0.0310],
        [ 0.0204,  0.0124, -0.0252],
        [ 0.0079,  0.0036, -0.0068],
        [ 0.0259,  0.0754, -0.0777],
        [-0.0314,  0.0125,  0.0069]], device='cuda:0', requires_grad=True)
[023-050] Search: Model metrics  : loss=0.35, accuracy@1=87.59%, accuracy@5=99.64%, time-cost=3708.4 s
[023-050] Search: Architecture metrics  : loss=0.52, accuracy@1=82.17%, accuracy@5=99.02%
[023-050] Evaluation:  : loss=0.48, accuracy@1=83.65%, accuracy@5=99.24%
[023-050] Layer Alignment score:  normal: 0.0000, reduce: 0.0000
alpha 0 is Parameter containing:
tensor([[ 2.7918e-01, -1.4863e-01, -3.1513e-02],
        [ 8.4352e-02,  3.5505e-02, -7.9433e-02],
        [ 2.2023e-01,  7.3162e-03, -1.4648e-01],
        [ 1.9062e-01, -9.6095e-02, -1.8003e-02],
        [ 2.6758e-01, -2.0868e-02, -1.2513e-01],
        [ 2.9192e-01, -9.8895e-02, -7.3493e-02],
        [ 1.6045e-01, -1.1221e-01,  6.6448e-05],
        [ 2.8471e-01, -5.8072e-02, -1.1136e-01],
        [ 4.5906e-01, -1.2353e-01, -1.6403e-01],
        [ 3.6590e-01, -4.5606e-02, -2.0800e-01],
        [ 3.8745e-01, -5.1392e-02, -2.1714e-01],
        [ 3.7708e-01, -1.2217e-01, -1.1964e-01],
        [ 4.4361e-01, -1.8608e-01, -1.4554e-01],
        [ 5.6968e-01, -2.3661e-01, -2.2559e-01]], device='cuda:0',
       requires_grad=True)
alpha 1 is Parameter containing:
tensor([[ 0.0288, -0.0513,  0.0295],
        [-0.0438, -0.0803,  0.0993],
        [ 0.0632, -0.0680,  0.0210],
        [-0.0643, -0.0952,  0.1130],
        [-0.0417, -0.0379,  0.0516],
        [ 0.0968,  0.0093, -0.0771],
        [-0.1347,  0.0229,  0.0640],
        [-0.0275, -0.0062,  0.0193],
        [ 0.0280, -0.0236,  0.0037],
        [ 0.0817, -0.0932,  0.0195],
        [ 0.0236,  0.0069, -0.0227],
        [ 0.0019,  0.0115, -0.0100],
        [ 0.0232,  0.0783, -0.0789],
        [-0.0312,  0.0226, -0.0016]], device='cuda:0', requires_grad=True)
[024-050] Search: Model metrics  : loss=0.35, accuracy@1=87.62%, accuracy@5=99.65%, time-cost=3922.5 s
[024-050] Search: Architecture metrics  : loss=0.49, accuracy@1=83.09%, accuracy@5=99.24%
[024-050] Evaluation:  : loss=0.48, accuracy@1=83.69%, accuracy@5=99.26%
[024-050] Layer Alignment score:  normal: 0.0000, reduce: 0.0000
alpha 0 is Parameter containing:
tensor([[ 0.3029, -0.1533, -0.0436],
        [ 0.0935,  0.0329, -0.0822],
        [ 0.2309, -0.0016, -0.1454],
        [ 0.2093, -0.1081, -0.0183],
        [ 0.2879, -0.0279, -0.1323],
        [ 0.3150, -0.1057, -0.0826],
        [ 0.1672, -0.1218,  0.0036],
        [ 0.3087, -0.0645, -0.1216],
        [ 0.4860, -0.1331, -0.1752],
        [ 0.3891, -0.0579, -0.2148],
        [ 0.3995, -0.0573, -0.2222],
        [ 0.3999, -0.1350, -0.1259],
        [ 0.4700, -0.1966, -0.1578],
        [ 0.6005, -0.2491, -0.2425]], device='cuda:0', requires_grad=True)
alpha 1 is Parameter containing:
tensor([[ 0.0243, -0.0471,  0.0283],
        [-0.0395, -0.0825,  0.0988],
        [ 0.0643, -0.0753,  0.0265],
        [-0.0584, -0.1046,  0.1170],
        [-0.0381, -0.0357,  0.0483],
        [ 0.0922,  0.0065, -0.0715],
        [-0.1410,  0.0244,  0.0668],
        [-0.0230, -0.0112,  0.0210],
        [ 0.0266, -0.0262,  0.0062],
        [ 0.0944, -0.0965,  0.0132],
        [ 0.0253,  0.0020, -0.0196],
        [-0.0005,  0.0010, -0.0011],
        [ 0.0320,  0.0690, -0.0764],
        [-0.0384,  0.0133,  0.0097]], device='cuda:0', requires_grad=True)
[025-050] Search: Model metrics  : loss=0.35, accuracy@1=87.95%, accuracy@5=99.67%, time-cost=4127.7 s
[025-050] Search: Architecture metrics  : loss=0.51, accuracy@1=82.73%, accuracy@5=99.05%
[025-050] Evaluation:  : loss=0.48, accuracy@1=83.79%, accuracy@5=99.24%
[025-050] Layer Alignment score:  normal: 0.0000, reduce: 0.0000
alpha 0 is Parameter containing:
tensor([[ 0.3210, -0.1593, -0.0506],
        [ 0.0964,  0.0443, -0.0940],
        [ 0.2453, -0.0045, -0.1527],
        [ 0.2338, -0.0996, -0.0387],
        [ 0.3036, -0.0290, -0.1409],
        [ 0.3343, -0.1130, -0.0889],
        [ 0.1894, -0.1192, -0.0124],
        [ 0.3233, -0.0651, -0.1300],
        [ 0.5187, -0.1392, -0.1928],
        [ 0.4135, -0.0604, -0.2312],
        [ 0.4322, -0.0553, -0.2486],
        [ 0.4288, -0.1408, -0.1401],
        [ 0.5026, -0.2071, -0.1746],
        [ 0.6295, -0.2726, -0.2521]], device='cuda:0', requires_grad=True)
alpha 1 is Parameter containing:
tensor([[ 2.1847e-02, -3.9079e-02,  2.2593e-02],
        [-4.2413e-02, -7.7021e-02,  9.5881e-02],
        [ 5.8495e-02, -7.1839e-02,  2.7170e-02],
        [-5.8600e-02, -1.0354e-01,  1.1657e-01],
        [-3.1332e-02, -3.2347e-02,  4.2526e-02],
        [ 9.4184e-02,  1.2229e-02, -7.8443e-02],
        [-1.4330e-01,  2.3147e-02,  6.9726e-02],
        [-3.0752e-02, -1.4507e-02,  2.7487e-02],
        [ 2.4828e-02, -3.3236e-02,  1.2393e-02],
        [ 9.3557e-02, -9.7126e-02,  1.4175e-02],
        [ 2.5091e-02,  1.5005e-02, -3.1280e-02],
        [ 1.3059e-02,  3.0234e-05, -6.6607e-03],
        [ 4.7316e-02,  6.9333e-02, -8.5471e-02],
        [-3.4103e-02,  1.7029e-02,  4.5996e-03]], device='cuda:0',
       requires_grad=True)
[026-050] Search: Model metrics  : loss=0.35, accuracy@1=87.98%, accuracy@5=99.66%, time-cost=4333.3 s
[026-050] Search: Architecture metrics  : loss=0.50, accuracy@1=82.81%, accuracy@5=99.13%
[026-050] Evaluation:  : loss=0.48, accuracy@1=83.56%, accuracy@5=99.31%
[026-050] Layer Alignment score:  normal: 0.0000, reduce: 0.0000
alpha 0 is Parameter containing:
tensor([[ 0.3416, -0.1677, -0.0573],
        [ 0.1040,  0.0311, -0.0864],
        [ 0.2616, -0.0019, -0.1672],
        [ 0.2575, -0.1058, -0.0475],
        [ 0.3146, -0.0343, -0.1442],
        [ 0.3529, -0.1151, -0.1004],
        [ 0.1992, -0.1262, -0.0131],
        [ 0.3326, -0.0680, -0.1342],
        [ 0.5504, -0.1465, -0.2096],
        [ 0.4376, -0.0619, -0.2485],
        [ 0.4606, -0.0648, -0.2630],
        [ 0.4584, -0.1449, -0.1561],
        [ 0.5302, -0.2235, -0.1852],
        [ 0.6607, -0.2853, -0.2699]], device='cuda:0', requires_grad=True)
alpha 1 is Parameter containing:
tensor([[ 2.8939e-02, -3.8856e-02,  1.8232e-02],
        [-4.7876e-02, -7.4087e-02,  9.6616e-02],
        [ 6.7897e-02, -7.7601e-02,  2.5621e-02],
        [-5.8341e-02, -1.1030e-01,  1.2186e-01],
        [-3.0178e-02, -4.0321e-02,  4.8209e-02],
        [ 1.0559e-01,  7.4391e-03, -8.2780e-02],
        [-1.5839e-01,  2.2618e-02,  7.9726e-02],
        [-3.6192e-02, -2.0222e-02,  3.4716e-02],
        [ 2.6363e-02, -4.9891e-02,  2.3980e-02],
        [ 1.0071e-01, -1.0379e-01,  1.4260e-02],
        [ 3.6089e-02,  9.7292e-03, -3.4361e-02],
        [ 8.8247e-03,  1.5281e-04, -4.8320e-03],
        [ 4.2316e-02,  6.7025e-02, -8.0964e-02],
        [-4.2075e-02,  1.9909e-02,  6.1339e-03]], device='cuda:0',
       requires_grad=True)
[027-050] Search: Model metrics  : loss=0.35, accuracy@1=87.88%, accuracy@5=99.63%, time-cost=4538.3 s
[027-050] Search: Architecture metrics  : loss=0.50, accuracy@1=82.92%, accuracy@5=99.14%
[027-050] Evaluation:  : loss=0.47, accuracy@1=83.78%, accuracy@5=99.23%
[027-050] Layer Alignment score:  normal: 0.0000, reduce: 0.0000
alpha 0 is Parameter containing:
tensor([[ 0.3519, -0.1723, -0.0605],
        [ 0.1168,  0.0341, -0.0961],
        [ 0.2719,  0.0024, -0.1790],
        [ 0.2839, -0.1119, -0.0581],
        [ 0.3295, -0.0329, -0.1542],
        [ 0.3685, -0.1171, -0.1100],
        [ 0.2126, -0.1318, -0.0173],
        [ 0.3523, -0.0654, -0.1477],
        [ 0.5778, -0.1523, -0.2250],
        [ 0.4520, -0.0731, -0.2500],
        [ 0.4884, -0.0634, -0.2860],
        [ 0.4894, -0.1491, -0.1733],
        [ 0.5647, -0.2327, -0.2054],
        [ 0.6930, -0.3066, -0.2845]], device='cuda:0', requires_grad=True)
alpha 1 is Parameter containing:
tensor([[ 1.9792e-02, -4.1784e-02,  2.6250e-02],
        [-3.9401e-02, -7.8394e-02,  9.5658e-02],
        [ 6.0982e-02, -7.7173e-02,  2.9868e-02],
        [-5.8939e-02, -1.1254e-01,  1.2426e-01],
        [-3.0877e-02, -4.5793e-02,  5.2835e-02],
        [ 1.0277e-01,  1.6477e-02, -8.9327e-02],
        [-1.4977e-01,  2.8450e-02,  6.9947e-02],
        [-3.6088e-02, -1.5902e-02,  3.1577e-02],
        [ 2.3992e-02, -4.9783e-02,  2.5119e-02],
        [ 1.0034e-01, -1.0384e-01,  1.4505e-02],
        [ 3.6642e-02,  9.0681e-03, -3.4370e-02],
        [ 7.8177e-03,  9.5510e-05, -4.3380e-03],
        [ 4.5309e-02,  7.7903e-02, -9.2018e-02],
        [-4.2396e-02,  1.9221e-02,  6.9663e-03]], device='cuda:0',
       requires_grad=True)
[028-050] Search: Model metrics  : loss=0.34, accuracy@1=88.38%, accuracy@5=99.63%, time-cost=4750.5 s
[028-050] Search: Architecture metrics  : loss=0.49, accuracy@1=83.22%, accuracy@5=99.00%
[028-050] Evaluation:  : loss=0.47, accuracy@1=83.93%, accuracy@5=99.25%
[028-050] Layer Alignment score:  normal: 0.0000, reduce: 0.0000
alpha 0 is Parameter containing:
tensor([[ 0.3685, -0.1959, -0.0502],
        [ 0.1219,  0.0306, -0.0959],
        [ 0.2959, -0.0165, -0.1778],
        [ 0.2998, -0.1236, -0.0583],
        [ 0.3389, -0.0409, -0.1552],
        [ 0.3870, -0.1326, -0.1076],
        [ 0.2286, -0.1417, -0.0197],
        [ 0.3673, -0.0700, -0.1544],
        [ 0.6075, -0.1682, -0.2361],
        [ 0.4780, -0.0928, -0.2533],
        [ 0.5125, -0.0680, -0.3017],
        [ 0.5134, -0.1541, -0.1860],
        [ 0.5951, -0.2449, -0.2214],
        [ 0.7212, -0.3285, -0.2961]], device='cuda:0', requires_grad=True)
alpha 1 is Parameter containing:
tensor([[ 0.0282, -0.0553,  0.0333],
        [-0.0517, -0.0801,  0.1042],
        [ 0.0680, -0.0782,  0.0258],
        [-0.0633, -0.1102,  0.1253],
        [-0.0274, -0.0446,  0.0503],
        [ 0.1140,  0.0095, -0.0917],
        [-0.1584,  0.0293,  0.0748],
        [-0.0354, -0.0111,  0.0278],
        [ 0.0308, -0.0518,  0.0231],
        [ 0.1053, -0.1093,  0.0151],
        [ 0.0235,  0.0188, -0.0338],
        [ 0.0052,  0.0027, -0.0051],
        [ 0.0454,  0.0781, -0.0925],
        [-0.0458,  0.0268,  0.0025]], device='cuda:0', requires_grad=True)
[029-050] Search: Model metrics  : loss=0.35, accuracy@1=87.88%, accuracy@5=99.66%, time-cost=4964.7 s
[029-050] Search: Architecture metrics  : loss=0.50, accuracy@1=83.27%, accuracy@5=99.12%
[029-050] Evaluation:  : loss=0.47, accuracy@1=84.06%, accuracy@5=99.26%
[029-050] Layer Alignment score:  normal: 0.0000, reduce: 0.0000
<<<--->>> The 029-050-th epoch : found the highest validation accuracy : 84.06%.
alpha 0 is Parameter containing:
tensor([[ 0.3863, -0.1998, -0.0593],
        [ 0.1359,  0.0387, -0.1106],
        [ 0.3148, -0.0153, -0.1929],
        [ 0.3162, -0.1296, -0.0633],
        [ 0.3577, -0.0447, -0.1643],
        [ 0.4101, -0.1423, -0.1148],
        [ 0.2381, -0.1476, -0.0211],
        [ 0.3822, -0.0712, -0.1632],
        [ 0.6315, -0.1841, -0.2438],
        [ 0.4966, -0.0931, -0.2684],
        [ 0.5369, -0.0678, -0.3215],
        [ 0.5368, -0.1623, -0.1966],
        [ 0.6229, -0.2562, -0.2363],
        [ 0.7438, -0.3383, -0.3098]], device='cuda:0', requires_grad=True)
alpha 1 is Parameter containing:
tensor([[ 0.0273, -0.0462,  0.0256],
        [-0.0534, -0.0779,  0.1035],
        [ 0.0645, -0.0940,  0.0415],
        [-0.0629, -0.1065,  0.1225],
        [-0.0214, -0.0416,  0.0452],
        [ 0.1118,  0.0104, -0.0910],
        [-0.1561,  0.0237,  0.0788],
        [-0.0344, -0.0096,  0.0263],
        [ 0.0316, -0.0584,  0.0275],
        [ 0.1047, -0.1035,  0.0109],
        [ 0.0244,  0.0251, -0.0404],
        [ 0.0069,  0.0028, -0.0059],
        [ 0.0463,  0.0775, -0.0928],
        [-0.0434,  0.0258,  0.0022]], device='cuda:0', requires_grad=True)
[030-050] Search: Model metrics  : loss=0.34, accuracy@1=88.24%, accuracy@5=99.63%, time-cost=5180.2 s
[030-050] Search: Architecture metrics  : loss=0.50, accuracy@1=82.92%, accuracy@5=99.16%
[030-050] Evaluation:  : loss=0.48, accuracy@1=83.48%, accuracy@5=99.20%
[030-050] Layer Alignment score:  normal: 0.0000, reduce: 0.0000
alpha 0 is Parameter containing:
tensor([[ 0.4018, -0.2139, -0.0574],
        [ 0.1542,  0.0330, -0.1153],
        [ 0.3335, -0.0313, -0.1910],
        [ 0.3283, -0.1447, -0.0587],
        [ 0.3699, -0.0630, -0.1607],
        [ 0.4391, -0.1566, -0.1212],
        [ 0.2529, -0.1649, -0.0164],
        [ 0.3981, -0.0815, -0.1674],
        [ 0.6480, -0.2003, -0.2461],
        [ 0.5203, -0.1089, -0.2735],
        [ 0.5629, -0.0813, -0.3317],
        [ 0.5633, -0.1739, -0.2072],
        [ 0.6461, -0.2654, -0.2489],
        [ 0.7673, -0.3479, -0.3247]], device='cuda:0', requires_grad=True)
alpha 1 is Parameter containing:
tensor([[ 0.0334, -0.0539,  0.0291],
        [-0.0555, -0.0915,  0.1165],
        [ 0.0594, -0.1004,  0.0503],
        [-0.0719, -0.1056,  0.1274],
        [-0.0144, -0.0421,  0.0421],
        [ 0.1137,  0.0125, -0.0948],
        [-0.1490,  0.0221,  0.0765],
        [-0.0403, -0.0157,  0.0339],
        [ 0.0259, -0.0664,  0.0364],
        [ 0.1046, -0.1051,  0.0121],
        [ 0.0269,  0.0239, -0.0411],
        [ 0.0092,  0.0028, -0.0071],
        [ 0.0488,  0.0861, -0.1015],
        [-0.0453,  0.0350, -0.0042]], device='cuda:0', requires_grad=True)
[031-050] Search: Model metrics  : loss=0.34, accuracy@1=88.47%, accuracy@5=99.70%, time-cost=5392.3 s
[031-050] Search: Architecture metrics  : loss=0.51, accuracy@1=82.86%, accuracy@5=99.10%
[031-050] Evaluation:  : loss=0.47, accuracy@1=83.93%, accuracy@5=99.20%
[031-050] Layer Alignment score:  normal: 0.0000, reduce: 0.0000
alpha 0 is Parameter containing:
tensor([[ 0.4173, -0.2152, -0.0674],
        [ 0.1718,  0.0410, -0.1320],
        [ 0.3519, -0.0309, -0.2049],
        [ 0.3427, -0.1440, -0.0682],
        [ 0.4053, -0.0581, -0.1847],
        [ 0.4510, -0.1586, -0.1285],
        [ 0.2639, -0.1740, -0.0165],
        [ 0.4169, -0.0828, -0.1786],
        [ 0.6840, -0.2103, -0.2662],
        [ 0.5414, -0.1126, -0.2879],
        [ 0.5804, -0.0865, -0.3424],
        [ 0.5777, -0.1863, -0.2101],
        [ 0.6803, -0.2764, -0.2693],
        [ 0.7918, -0.3547, -0.3419]], device='cuda:0', requires_grad=True)
alpha 1 is Parameter containing:
tensor([[ 0.0267, -0.0446,  0.0245],
        [-0.0560, -0.0860,  0.1123],
        [ 0.0583, -0.1049,  0.0549],
        [-0.0773, -0.1013,  0.1274],
        [-0.0204, -0.0454,  0.0477],
        [ 0.1105,  0.0160, -0.0961],
        [-0.1457,  0.0280,  0.0699],
        [-0.0330, -0.0087,  0.0252],
        [ 0.0307, -0.0725,  0.0383],
        [ 0.1119, -0.1098,  0.0102],
        [ 0.0344,  0.0281, -0.0504],
        [ 0.0110,  0.0015, -0.0070],
        [ 0.0467,  0.0948, -0.1079],
        [-0.0455,  0.0322, -0.0017]], device='cuda:0', requires_grad=True)
[032-050] Search: Model metrics  : loss=0.34, accuracy@1=88.31%, accuracy@5=99.64%, time-cost=5609.6 s
[032-050] Search: Architecture metrics  : loss=0.49, accuracy@1=83.18%, accuracy@5=99.18%
[032-050] Evaluation:  : loss=0.47, accuracy@1=83.88%, accuracy@5=99.31%
[032-050] Layer Alignment score:  normal: 0.0000, reduce: 0.0000
alpha 0 is Parameter containing:
tensor([[ 0.4363, -0.2265, -0.0706],
        [ 0.1801,  0.0334, -0.1297],
        [ 0.3633, -0.0332, -0.2112],
        [ 0.3659, -0.1499, -0.0777],
        [ 0.4181, -0.0642, -0.1893],
        [ 0.4716, -0.1663, -0.1360],
        [ 0.2897, -0.1863, -0.0236],
        [ 0.4281, -0.0907, -0.1815],
        [ 0.7058, -0.2236, -0.2745],
        [ 0.5605, -0.1099, -0.3072],
        [ 0.6156, -0.0940, -0.3664],
        [ 0.6115, -0.1862, -0.2325],
        [ 0.6989, -0.2830, -0.2805],
        [ 0.8127, -0.3653, -0.3545]], device='cuda:0', requires_grad=True)
alpha 1 is Parameter containing:
tensor([[ 0.0316, -0.0473,  0.0239],
        [-0.0591, -0.1009,  0.1271],
        [ 0.0642, -0.1071,  0.0528],
        [-0.0760, -0.1058,  0.1305],
        [-0.0289, -0.0475,  0.0537],
        [ 0.1036,  0.0158, -0.0907],
        [-0.1474,  0.0249,  0.0739],
        [-0.0338, -0.0164,  0.0316],
        [ 0.0381, -0.0734,  0.0351],
        [ 0.0978, -0.0962,  0.0098],
        [ 0.0410,  0.0365, -0.0631],
        [ 0.0202,  0.0018, -0.0116],
        [ 0.0442,  0.0956, -0.1075],
        [-0.0337,  0.0321, -0.0072]], device='cuda:0', requires_grad=True)
[033-050] Search: Model metrics  : loss=0.34, accuracy@1=88.59%, accuracy@5=99.63%, time-cost=5826.2 s
[033-050] Search: Architecture metrics  : loss=0.49, accuracy@1=83.34%, accuracy@5=99.19%
[033-050] Evaluation:  : loss=0.47, accuracy@1=84.08%, accuracy@5=99.23%
[033-050] Layer Alignment score:  normal: 0.0000, reduce: 0.0000
<<<--->>> The 033-050-th epoch : found the highest validation accuracy : 84.08%.
alpha 0 is Parameter containing:
tensor([[ 0.4620, -0.2378, -0.0789],
        [ 0.1922,  0.0293, -0.1328],
        [ 0.3849, -0.0451, -0.2160],
        [ 0.3875, -0.1605, -0.0825],
        [ 0.4205, -0.0837, -0.1797],
        [ 0.5003, -0.1792, -0.1442],
        [ 0.3086, -0.2063, -0.0199],
        [ 0.4415, -0.1030, -0.1834],
        [ 0.7274, -0.2374, -0.2826],
        [ 0.5813, -0.1220, -0.3146],
        [ 0.6378, -0.1133, -0.3705],
        [ 0.6293, -0.2029, -0.2358],
        [ 0.7256, -0.2950, -0.2950],
        [ 0.8288, -0.3884, -0.3571]], device='cuda:0', requires_grad=True)
alpha 1 is Parameter containing:
tensor([[ 0.0208, -0.0398,  0.0235],
        [-0.0593, -0.1086,  0.1340],
        [ 0.0629, -0.1116,  0.0574],
        [-0.0660, -0.1133,  0.1310],
        [-0.0368, -0.0405,  0.0527],
        [ 0.1106,  0.0109, -0.0916],
        [-0.1446,  0.0240,  0.0735],
        [-0.0513, -0.0193,  0.0425],
        [ 0.0400, -0.0776,  0.0370],
        [ 0.1007, -0.0977,  0.0087],
        [ 0.0532,  0.0368, -0.0723],
        [ 0.0070,  0.0013, -0.0051],
        [ 0.0510,  0.0955, -0.1114],
        [-0.0332,  0.0259, -0.0022]], device='cuda:0', requires_grad=True)
[034-050] Search: Model metrics  : loss=0.34, accuracy@1=88.30%, accuracy@5=99.62%, time-cost=6032.9 s
[034-050] Search: Architecture metrics  : loss=0.49, accuracy@1=83.12%, accuracy@5=99.20%
[034-050] Evaluation:  : loss=0.47, accuracy@1=83.67%, accuracy@5=99.20%
[034-050] Layer Alignment score:  normal: 0.0000, reduce: 0.0000
alpha 0 is Parameter containing:
tensor([[ 0.4742, -0.2425, -0.0837],
        [ 0.2014,  0.0345, -0.1429],
        [ 0.3913, -0.0429, -0.2234],
        [ 0.4031, -0.1635, -0.0902],
        [ 0.4463, -0.0752, -0.2007],
        [ 0.5153, -0.1796, -0.1554],
        [ 0.3213, -0.2095, -0.0260],
        [ 0.4552, -0.1047, -0.1915],
        [ 0.7582, -0.2387, -0.3048],
        [ 0.6012, -0.1240, -0.3306],
        [ 0.6460, -0.1077, -0.3829],
        [ 0.6471, -0.2017, -0.2489],
        [ 0.7578, -0.2930, -0.3208],
        [ 0.8579, -0.3946, -0.3786]], device='cuda:0', requires_grad=True)
alpha 1 is Parameter containing:
tensor([[ 0.0140, -0.0400,  0.0278],
        [-0.0616, -0.1131,  0.1394],
        [ 0.0666, -0.1171,  0.0593],
        [-0.0729, -0.1091,  0.1319],
        [-0.0383, -0.0306,  0.0462],
        [ 0.1147,  0.0243, -0.1083],
        [-0.1549,  0.0196,  0.0838],
        [-0.0466, -0.0222,  0.0426],
        [ 0.0416, -0.0818,  0.0393],
        [ 0.1083, -0.0960,  0.0018],
        [ 0.0571,  0.0293, -0.0684],
        [ 0.0065,  0.0043, -0.0072],
        [ 0.0611,  0.0992, -0.1202],
        [-0.0361,  0.0320, -0.0059]], device='cuda:0', requires_grad=True)
[035-050] Search: Model metrics  : loss=0.33, accuracy@1=88.47%, accuracy@5=99.68%, time-cost=6240.3 s
[035-050] Search: Architecture metrics  : loss=0.50, accuracy@1=83.14%, accuracy@5=99.07%
[035-050] Evaluation:  : loss=0.48, accuracy@1=83.73%, accuracy@5=99.15%
[035-050] Layer Alignment score:  normal: 0.0000, reduce: 0.0000
alpha 0 is Parameter containing:
tensor([[ 0.4840, -0.2443, -0.0897],
        [ 0.2131,  0.0284, -0.1439],
        [ 0.3991, -0.0382, -0.2344],
        [ 0.4213, -0.1676, -0.0989],
        [ 0.4607, -0.0765, -0.2093],
        [ 0.5408, -0.1873, -0.1672],
        [ 0.3417, -0.2198, -0.0313],
        [ 0.4748, -0.1065, -0.2032],
        [ 0.7845, -0.2469, -0.3200],
        [ 0.6095, -0.1229, -0.3397],
        [ 0.6663, -0.1136, -0.3961],
        [ 0.6722, -0.1978, -0.2684],
        [ 0.7692, -0.3026, -0.3252],
        [ 0.8796, -0.4046, -0.3925]], device='cuda:0', requires_grad=True)
alpha 1 is Parameter containing:
tensor([[ 0.0092, -0.0484,  0.0382],
        [-0.0656, -0.1052,  0.1353],
        [ 0.0663, -0.1176,  0.0599],
        [-0.0749, -0.1092,  0.1335],
        [-0.0412, -0.0284,  0.0461],
        [ 0.1147,  0.0263, -0.1106],
        [-0.1563,  0.0231,  0.0820],
        [-0.0411, -0.0126,  0.0329],
        [ 0.0346, -0.0866,  0.0463],
        [ 0.1067, -0.0995,  0.0056],
        [ 0.0611,  0.0240, -0.0668],
        [ 0.0030,  0.0071, -0.0077],
        [ 0.0612,  0.1091, -0.1290],
        [-0.0303,  0.0469, -0.0209]], device='cuda:0', requires_grad=True)
[036-050] Search: Model metrics  : loss=0.34, accuracy@1=88.46%, accuracy@5=99.68%, time-cost=6451.0 s
[036-050] Search: Architecture metrics  : loss=0.49, accuracy@1=83.28%, accuracy@5=99.18%
[036-050] Evaluation:  : loss=0.47, accuracy@1=83.75%, accuracy@5=99.21%
[036-050] Layer Alignment score:  normal: 0.0000, reduce: 0.0000
alpha 0 is Parameter containing:
tensor([[ 0.5013, -0.2666, -0.0821],
        [ 0.2187,  0.0333, -0.1517],
        [ 0.4180, -0.0521, -0.2356],
        [ 0.4409, -0.1729, -0.1076],
        [ 0.4698, -0.0799, -0.2135],
        [ 0.5588, -0.2040, -0.1643],
        [ 0.3522, -0.2255, -0.0340],
        [ 0.4921, -0.1029, -0.2167],
        [ 0.8034, -0.2564, -0.3293],
        [ 0.6302, -0.1388, -0.3441],
        [ 0.6820, -0.1193, -0.4056],
        [ 0.6929, -0.2032, -0.2800],
        [ 0.7938, -0.3153, -0.3383],
        [ 0.9014, -0.4294, -0.3999]], device='cuda:0', requires_grad=True)
alpha 1 is Parameter containing:
tensor([[ 0.0199, -0.0595,  0.0415],
        [-0.0663, -0.1106,  0.1403],
        [ 0.0772, -0.1321,  0.0641],
        [-0.0849, -0.1140,  0.1434],
        [-0.0435, -0.0469,  0.0613],
        [ 0.1149,  0.0228, -0.1076],
        [-0.1624,  0.0254,  0.0841],
        [-0.0352, -0.0202,  0.0358],
        [ 0.0382, -0.0910,  0.0477],
        [ 0.1200, -0.1055,  0.0006],
        [ 0.0695,  0.0249, -0.0740],
        [-0.0010,  0.0013, -0.0015],
        [ 0.0574,  0.1073, -0.1258],
        [-0.0431,  0.0431, -0.0115]], device='cuda:0', requires_grad=True)
[037-050] Search: Model metrics  : loss=0.33, accuracy@1=88.52%, accuracy@5=99.68%, time-cost=6665.0 s
[037-050] Search: Architecture metrics  : loss=0.50, accuracy@1=83.01%, accuracy@5=99.12%
[037-050] Evaluation:  : loss=0.47, accuracy@1=83.94%, accuracy@5=99.26%
[037-050] Layer Alignment score:  normal: 0.0000, reduce: 0.0000
alpha 0 is Parameter containing:
tensor([[ 0.5201, -0.2757, -0.0882],
        [ 0.2302,  0.0333, -0.1581],
        [ 0.4269, -0.0549, -0.2402],
        [ 0.4693, -0.1767, -0.1228],
        [ 0.4873, -0.0827, -0.2233],
        [ 0.5827, -0.2044, -0.1831],
        [ 0.3719, -0.2393, -0.0366],
        [ 0.5051, -0.1059, -0.2241],
        [ 0.8332, -0.2594, -0.3501],
        [ 0.6480, -0.1428, -0.3571],
        [ 0.7078, -0.1299, -0.4202],
        [ 0.7069, -0.2179, -0.2826],
        [ 0.8150, -0.3190, -0.3533],
        [ 0.9201, -0.4445, -0.4093]], device='cuda:0', requires_grad=True)
alpha 1 is Parameter containing:
tensor([[ 0.0190, -0.0616,  0.0440],
        [-0.0660, -0.1176,  0.1462],
        [ 0.0854, -0.1291,  0.0558],
        [-0.0886, -0.1195,  0.1501],
        [-0.0585, -0.0580,  0.0775],
        [ 0.1188,  0.0172, -0.1055],
        [-0.1648,  0.0284,  0.0833],
        [-0.0395, -0.0264,  0.0427],
        [ 0.0319, -0.0880,  0.0489],
        [ 0.1288, -0.1139,  0.0006],
        [ 0.0793,  0.0169, -0.0739],
        [-0.0023,  0.0006, -0.0004],
        [ 0.0498,  0.1184, -0.1312],
        [-0.0453,  0.0493, -0.0154]], device='cuda:0', requires_grad=True)
[038-050] Search: Model metrics  : loss=0.33, accuracy@1=88.51%, accuracy@5=99.70%, time-cost=6870.4 s
[038-050] Search: Architecture metrics  : loss=0.49, accuracy@1=83.17%, accuracy@5=99.12%
[038-050] Evaluation:  : loss=0.46, accuracy@1=84.29%, accuracy@5=99.31%
[038-050] Layer Alignment score:  normal: 0.0000, reduce: 0.0000
<<<--->>> The 038-050-th epoch : found the highest validation accuracy : 84.29%.
alpha 0 is Parameter containing:
tensor([[ 0.5378, -0.2777, -0.1003],
        [ 0.2426,  0.0345, -0.1664],
        [ 0.4381, -0.0511, -0.2532],
        [ 0.4840, -0.1867, -0.1249],
        [ 0.5026, -0.0883, -0.2303],
        [ 0.6017, -0.2037, -0.2001],
        [ 0.3931, -0.2466, -0.0453],
        [ 0.5149, -0.1142, -0.2266],
        [ 0.8431, -0.2635, -0.3562],
        [ 0.6577, -0.1437, -0.3656],
        [ 0.7284, -0.1329, -0.4368],
        [ 0.7321, -0.2213, -0.2988],
        [ 0.8245, -0.3233, -0.3592],
        [ 0.9431, -0.4464, -0.4283]], device='cuda:0', requires_grad=True)
alpha 1 is Parameter containing:
tensor([[ 0.0221, -0.0637,  0.0439],
        [-0.0707, -0.1220,  0.1527],
        [ 0.0701, -0.1462,  0.0806],
        [-0.0919, -0.1188,  0.1519],
        [-0.0485, -0.0597,  0.0739],
        [ 0.1213,  0.0162, -0.1066],
        [-0.1584,  0.0268,  0.0813],
        [-0.0385, -0.0194,  0.0371],
        [ 0.0211, -0.0816,  0.0498],
        [ 0.1194, -0.1121,  0.0062],
        [ 0.0947,  0.0122, -0.0812],
        [-0.0116, -0.0049,  0.0082],
        [ 0.0469,  0.1240, -0.1347],
        [-0.0333,  0.0539, -0.0252]], device='cuda:0', requires_grad=True)
[039-050] Search: Model metrics  : loss=0.33, accuracy@1=88.55%, accuracy@5=99.68%, time-cost=7075.8 s
[039-050] Search: Architecture metrics  : loss=0.49, accuracy@1=83.04%, accuracy@5=99.20%
[039-050] Evaluation:  : loss=0.46, accuracy@1=84.28%, accuracy@5=99.20%
[039-050] Layer Alignment score:  normal: 0.0000, reduce: 0.0000
alpha 0 is Parameter containing:
tensor([[ 0.5550, -0.2838, -0.1083],
        [ 0.2526,  0.0247, -0.1632],
        [ 0.4507, -0.0637, -0.2510],
        [ 0.5068, -0.2009, -0.1291],
        [ 0.5117, -0.0981, -0.2312],
        [ 0.6191, -0.2174, -0.2003],
        [ 0.4060, -0.2572, -0.0460],
        [ 0.5417, -0.1121, -0.2452],
        [ 0.8585, -0.2800, -0.3593],
        [ 0.6800, -0.1458, -0.3846],
        [ 0.7454, -0.1407, -0.4467],
        [ 0.7522, -0.2267, -0.3105],
        [ 0.8455, -0.3331, -0.3715],
        [ 0.9506, -0.4548, -0.4315]], device='cuda:0', requires_grad=True)
alpha 1 is Parameter containing:
tensor([[ 7.3955e-03, -7.2707e-02,  6.0755e-02],
        [-6.3390e-02, -1.2641e-01,  1.5256e-01],
        [ 7.1425e-02, -1.4847e-01,  8.1582e-02],
        [-8.8830e-02, -1.2141e-01,  1.5242e-01],
        [-4.7652e-02, -5.5526e-02,  7.0521e-02],
        [ 1.1887e-01,  2.2424e-02, -1.1110e-01],
        [-1.6167e-01,  2.0820e-02,  8.8745e-02],
        [-4.3654e-02, -1.5274e-02,  3.6783e-02],
        [ 1.8572e-02, -8.6894e-02,  5.5039e-02],
        [ 1.2535e-01, -1.1509e-01,  3.8547e-03],
        [ 9.9442e-02,  2.7173e-03, -7.6369e-02],
        [-5.0625e-03, -1.4349e-04,  1.5721e-03],
        [ 4.9815e-02,  1.1511e-01, -1.2908e-01],
        [-3.8428e-02,  5.8151e-02, -2.6135e-02]], device='cuda:0',
       requires_grad=True)
[040-050] Search: Model metrics  : loss=0.33, accuracy@1=88.54%, accuracy@5=99.65%, time-cost=7281.0 s
[040-050] Search: Architecture metrics  : loss=0.49, accuracy@1=83.38%, accuracy@5=99.16%
[040-050] Evaluation:  : loss=0.47, accuracy@1=84.07%, accuracy@5=99.20%
[040-050] Layer Alignment score:  normal: 0.0000, reduce: 0.0000
alpha 0 is Parameter containing:
tensor([[ 0.5695, -0.2972, -0.1081],
        [ 0.2606,  0.0195, -0.1632],
        [ 0.4627, -0.0658, -0.2589],
        [ 0.5189, -0.2106, -0.1302],
        [ 0.5128, -0.1043, -0.2291],
        [ 0.6304, -0.2190, -0.2087],
        [ 0.4368, -0.2539, -0.0697],
        [ 0.5444, -0.1184, -0.2443],
        [ 0.8752, -0.2786, -0.3733],
        [ 0.6961, -0.1435, -0.4023],
        [ 0.7707, -0.1494, -0.4634],
        [ 0.7663, -0.2290, -0.3198],
        [ 0.8634, -0.3391, -0.3834],
        [ 0.9779, -0.4605, -0.4528]], device='cuda:0', requires_grad=True)
alpha 1 is Parameter containing:
tensor([[ 0.0067, -0.0753,  0.0634],
        [-0.0607, -0.1298,  0.1541],
        [ 0.0787, -0.1556,  0.0825],
        [-0.0948, -0.1307,  0.1635],
        [-0.0541, -0.0637,  0.0802],
        [ 0.1272,  0.0204, -0.1156],
        [-0.1669,  0.0212,  0.0919],
        [-0.0431, -0.0236,  0.0429],
        [ 0.0149, -0.0912,  0.0602],
        [ 0.1331, -0.1057, -0.0093],
        [ 0.0993,  0.0084, -0.0817],
        [ 0.0101,  0.0073, -0.0111],
        [ 0.0415,  0.1218, -0.1306],
        [-0.0507,  0.0611, -0.0226]], device='cuda:0', requires_grad=True)
[041-050] Search: Model metrics  : loss=0.34, accuracy@1=88.51%, accuracy@5=99.64%, time-cost=7486.3 s
[041-050] Search: Architecture metrics  : loss=0.49, accuracy@1=83.33%, accuracy@5=99.21%
[041-050] Evaluation:  : loss=0.47, accuracy@1=84.09%, accuracy@5=99.22%
[041-050] Layer Alignment score:  normal: 0.0000, reduce: 0.0000
alpha 0 is Parameter containing:
tensor([[ 0.5813, -0.3029, -0.1129],
        [ 0.2734,  0.0237, -0.1744],
        [ 0.4778, -0.0720, -0.2654],
        [ 0.5353, -0.2132, -0.1398],
        [ 0.5239, -0.1084, -0.2345],
        [ 0.6497, -0.2292, -0.2145],
        [ 0.4525, -0.2606, -0.0758],
        [ 0.5656, -0.1188, -0.2587],
        [ 0.8900, -0.2928, -0.3776],
        [ 0.7110, -0.1492, -0.4117],
        [ 0.7775, -0.1500, -0.4701],
        [ 0.7696, -0.2344, -0.3204],
        [ 0.8756, -0.3436, -0.3915],
        [ 0.9901, -0.4726, -0.4586]], device='cuda:0', requires_grad=True)
alpha 1 is Parameter containing:
tensor([[ 0.0085, -0.0837,  0.0698],
        [-0.0550, -0.1302,  0.1513],
        [ 0.0734, -0.1593,  0.0890],
        [-0.0939, -0.1400,  0.1707],
        [-0.0486, -0.0722,  0.0841],
        [ 0.1279,  0.0166, -0.1128],
        [-0.1658,  0.0142,  0.0977],
        [-0.0457, -0.0368,  0.0542],
        [ 0.0134, -0.0914,  0.0612],
        [ 0.1304, -0.1003, -0.0115],
        [ 0.1004,  0.0097, -0.0839],
        [ 0.0091,  0.0018, -0.0065],
        [ 0.0368,  0.1250, -0.1313],
        [-0.0428,  0.0624, -0.0274]], device='cuda:0', requires_grad=True)
[042-050] Search: Model metrics  : loss=0.33, accuracy@1=88.70%, accuracy@5=99.69%, time-cost=7691.5 s
[042-050] Search: Architecture metrics  : loss=0.49, accuracy@1=83.26%, accuracy@5=99.11%
[042-050] Evaluation:  : loss=0.46, accuracy@1=84.28%, accuracy@5=99.25%
[042-050] Layer Alignment score:  normal: 0.0000, reduce: 0.0000
alpha 0 is Parameter containing:
tensor([[ 0.5961, -0.3080, -0.1207],
        [ 0.2797,  0.0268, -0.1811],
        [ 0.4889, -0.0772, -0.2699],
        [ 0.5515, -0.2181, -0.1476],
        [ 0.5353, -0.1119, -0.2405],
        [ 0.6569, -0.2247, -0.2263],
        [ 0.4656, -0.2602, -0.0857],
        [ 0.5707, -0.1170, -0.2637],
        [ 0.9109, -0.2873, -0.3970],
        [ 0.7224, -0.1487, -0.4238],
        [ 0.8010, -0.1481, -0.4945],
        [ 0.7877, -0.2348, -0.3334],
        [ 0.8961, -0.3516, -0.4045],
        [ 1.0078, -0.4736, -0.4739]], device='cuda:0', requires_grad=True)
alpha 1 is Parameter containing:
tensor([[ 0.0112, -0.0744,  0.0600],
        [-0.0663, -0.1331,  0.1604],
        [ 0.0714, -0.1684,  0.0978],
        [-0.0857, -0.1375,  0.1642],
        [-0.0469, -0.0734,  0.0844],
        [ 0.1360,  0.0186, -0.1211],
        [-0.1711,  0.0180,  0.0980],
        [-0.0375, -0.0215,  0.0390],
        [ 0.0195, -0.1005,  0.0648],
        [ 0.1329, -0.0953, -0.0174],
        [ 0.0903,  0.0111, -0.0776],
        [ 0.0023, -0.0043,  0.0013],
        [ 0.0333,  0.1232, -0.1280],
        [-0.0313,  0.0627, -0.0331]], device='cuda:0', requires_grad=True)
[043-050] Search: Model metrics  : loss=0.33, accuracy@1=88.71%, accuracy@5=99.69%, time-cost=7897.1 s
[043-050] Search: Architecture metrics  : loss=0.49, accuracy@1=83.42%, accuracy@5=99.11%
[043-050] Evaluation:  : loss=0.47, accuracy@1=83.84%, accuracy@5=99.24%
[043-050] Layer Alignment score:  normal: 0.0000, reduce: 0.0000
alpha 0 is Parameter containing:
tensor([[ 0.6177, -0.3160, -0.1316],
        [ 0.2869,  0.0275, -0.1861],
        [ 0.5045, -0.0861, -0.2745],
        [ 0.5660, -0.2194, -0.1572],
        [ 0.5443, -0.1146, -0.2455],
        [ 0.6636, -0.2330, -0.2242],
        [ 0.4829, -0.2700, -0.0911],
        [ 0.5882, -0.1210, -0.2738],
        [ 0.9261, -0.3041, -0.4005],
        [ 0.7330, -0.1572, -0.4267],
        [ 0.8131, -0.1594, -0.4974],
        [ 0.8064, -0.2460, -0.3419],
        [ 0.9047, -0.3699, -0.4035],
        [ 1.0313, -0.4884, -0.4886]], device='cuda:0', requires_grad=True)
alpha 1 is Parameter containing:
tensor([[ 0.0071, -0.0775,  0.0652],
        [-0.0568, -0.1366,  0.1583],
        [ 0.0658, -0.1612,  0.0956],
        [-0.0802, -0.1435,  0.1662],
        [-0.0478, -0.0799,  0.0900],
        [ 0.1398,  0.0205, -0.1261],
        [-0.1759,  0.0145,  0.1041],
        [-0.0332, -0.0209,  0.0366],
        [ 0.0188, -0.1016,  0.0660],
        [ 0.1293, -0.0951, -0.0150],
        [ 0.0908,  0.0106, -0.0778],
        [-0.0050, -0.0101,  0.0092],
        [ 0.0399,  0.1275, -0.1356],
        [-0.0352,  0.0654, -0.0336]], device='cuda:0', requires_grad=True)
[044-050] Search: Model metrics  : loss=0.33, accuracy@1=88.68%, accuracy@5=99.64%, time-cost=8102.2 s
[044-050] Search: Architecture metrics  : loss=0.49, accuracy@1=83.29%, accuracy@5=99.12%
[044-050] Evaluation:  : loss=0.46, accuracy@1=84.14%, accuracy@5=99.32%
[044-050] Layer Alignment score:  normal: 0.0000, reduce: 0.0000
alpha 0 is Parameter containing:
tensor([[ 0.6289, -0.3173, -0.1396],
        [ 0.2946,  0.0266, -0.1899],
        [ 0.5146, -0.0816, -0.2881],
        [ 0.5842, -0.2265, -0.1648],
        [ 0.5517, -0.1208, -0.2474],
        [ 0.6795, -0.2409, -0.2299],
        [ 0.5040, -0.2720, -0.1050],
        [ 0.6049, -0.1188, -0.2867],
        [ 0.9350, -0.3127, -0.4040],
        [ 0.7511, -0.1636, -0.4389],
        [ 0.8217, -0.1672, -0.4999],
        [ 0.8142, -0.2553, -0.3437],
        [ 0.9254, -0.3748, -0.4184],
        [ 1.0503, -0.4962, -0.5023]], device='cuda:0', requires_grad=True)
alpha 1 is Parameter containing:
tensor([[ 0.0088, -0.0741,  0.0614],
        [-0.0599, -0.1382,  0.1615],
        [ 0.0562, -0.1658,  0.1058],
        [-0.0823, -0.1422,  0.1668],
        [-0.0492, -0.0827,  0.0930],
        [ 0.1401,  0.0148, -0.1211],
        [-0.1816,  0.0136,  0.1087],
        [-0.0297, -0.0232,  0.0367],
        [ 0.0203, -0.1085,  0.0703],
        [ 0.1382, -0.1024, -0.0161],
        [ 0.0848,  0.0199, -0.0819],
        [ 0.0004, -0.0052,  0.0030],
        [ 0.0447,  0.1402, -0.1497],
        [-0.0349,  0.0825, -0.0484]], device='cuda:0', requires_grad=True)
[045-050] Search: Model metrics  : loss=0.33, accuracy@1=88.54%, accuracy@5=99.64%, time-cost=8307.5 s
[045-050] Search: Architecture metrics  : loss=0.48, accuracy@1=83.91%, accuracy@5=99.02%
[045-050] Evaluation:  : loss=0.46, accuracy@1=84.23%, accuracy@5=99.24%
[045-050] Layer Alignment score:  normal: 0.0000, reduce: 0.0000
alpha 0 is Parameter containing:
tensor([[ 0.6368, -0.3189, -0.1450],
        [ 0.3026,  0.0370, -0.2045],
        [ 0.5258, -0.0825, -0.2973],
        [ 0.5807, -0.2248, -0.1646],
        [ 0.5652, -0.1106, -0.2623],
        [ 0.6924, -0.2384, -0.2445],
        [ 0.5149, -0.2675, -0.1167],
        [ 0.6147, -0.1122, -0.2974],
        [ 0.9518, -0.3126, -0.4180],
        [ 0.7669, -0.1586, -0.4594],
        [ 0.8260, -0.1609, -0.5104],
        [ 0.8273, -0.2534, -0.3548],
        [ 0.9395, -0.3696, -0.4327],
        [ 1.0562, -0.5036, -0.5049]], device='cuda:0', requires_grad=True)
alpha 1 is Parameter containing:
tensor([[ 0.0136, -0.0652,  0.0507],
        [-0.0687, -0.1384,  0.1665],
        [ 0.0623, -0.1558,  0.0936],
        [-0.0950, -0.1427,  0.1750],
        [-0.0460, -0.0777,  0.0880],
        [ 0.1497,  0.0166, -0.1304],
        [-0.1956,  0.0181,  0.1135],
        [-0.0293, -0.0196,  0.0340],
        [ 0.0224, -0.1055,  0.0672],
        [ 0.1428, -0.1083, -0.0150],
        [ 0.0920,  0.0180, -0.0858],
        [-0.0018, -0.0048,  0.0038],
        [ 0.0465,  0.1432, -0.1537],
        [-0.0323,  0.0809, -0.0483]], device='cuda:0', requires_grad=True)
[046-050] Search: Model metrics  : loss=0.33, accuracy@1=88.66%, accuracy@5=99.65%, time-cost=8512.8 s
[046-050] Search: Architecture metrics  : loss=0.48, accuracy@1=83.39%, accuracy@5=99.18%
[046-050] Evaluation:  : loss=0.46, accuracy@1=84.11%, accuracy@5=99.29%
[046-050] Layer Alignment score:  normal: 0.0000, reduce: 0.0000
alpha 0 is Parameter containing:
tensor([[ 0.6459, -0.3323, -0.1411],
        [ 0.3093,  0.0243, -0.1973],
        [ 0.5303, -0.0878, -0.2962],
        [ 0.5946, -0.2350, -0.1672],
        [ 0.5679, -0.1088, -0.2659],
        [ 0.7039, -0.2484, -0.2445],
        [ 0.5300, -0.2788, -0.1196],
        [ 0.6228, -0.1080, -0.3058],
        [ 0.9522, -0.3149, -0.4182],
        [ 0.7803, -0.1712, -0.4611],
        [ 0.8459, -0.1773, -0.5167],
        [ 0.8418, -0.2581, -0.3638],
        [ 0.9461, -0.3840, -0.4323],
        [ 1.0725, -0.5103, -0.5169]], device='cuda:0', requires_grad=True)
alpha 1 is Parameter containing:
tensor([[ 0.0211, -0.0735,  0.0536],
        [-0.0777, -0.1416,  0.1742],
        [ 0.0730, -0.1621,  0.0914],
        [-0.0985, -0.1413,  0.1765],
        [-0.0417, -0.0710,  0.0811],
        [ 0.1549,  0.0175, -0.1355],
        [-0.1901,  0.0241,  0.1057],
        [-0.0330, -0.0203,  0.0364],
        [ 0.0083, -0.1202,  0.0852],
        [ 0.1479, -0.1140, -0.0146],
        [ 0.0963,  0.0068, -0.0791],
        [-0.0082, -0.0073,  0.0087],
        [ 0.0399,  0.1395, -0.1471],
        [-0.0358,  0.0810, -0.0468]], device='cuda:0', requires_grad=True)
[047-050] Search: Model metrics  : loss=0.32, accuracy@1=88.96%, accuracy@5=99.71%, time-cost=8719.3 s
[047-050] Search: Architecture metrics  : loss=0.49, accuracy@1=83.20%, accuracy@5=99.21%
[047-050] Evaluation:  : loss=0.46, accuracy@1=83.94%, accuracy@5=99.19%
[047-050] Layer Alignment score:  normal: 0.0000, reduce: 0.0000
alpha 0 is Parameter containing:
tensor([[ 0.6605, -0.3395, -0.1470],
        [ 0.3236,  0.0218, -0.2038],
        [ 0.5383, -0.0908, -0.3007],
        [ 0.6053, -0.2367, -0.1740],
        [ 0.5875, -0.1039, -0.2821],
        [ 0.7140, -0.2565, -0.2453],
        [ 0.5428, -0.2833, -0.1263],
        [ 0.6250, -0.1178, -0.3032],
        [ 0.9679, -0.3247, -0.4264],
        [ 0.7879, -0.1743, -0.4662],
        [ 0.8674, -0.1781, -0.5382],
        [ 0.8512, -0.2605, -0.3704],
        [ 0.9592, -0.3915, -0.4403],
        [ 1.0811, -0.5194, -0.5213]], device='cuda:0', requires_grad=True)
alpha 1 is Parameter containing:
tensor([[ 0.0152, -0.0657,  0.0502],
        [-0.0723, -0.1429,  0.1725],
        [ 0.0575, -0.1604,  0.1006],
        [-0.0884, -0.1364,  0.1671],
        [-0.0497, -0.0772,  0.0901],
        [ 0.1530,  0.0216, -0.1385],
        [-0.1853,  0.0186,  0.1082],
        [-0.0401, -0.0208,  0.0405],
        [ 0.0150, -0.1182,  0.0805],
        [ 0.1482, -0.1127, -0.0160],
        [ 0.1053,  0.0029, -0.0827],
        [-0.0008, -0.0120,  0.0089],
        [ 0.0340,  0.1513, -0.1545],
        [-0.0425,  0.0796, -0.0424]], device='cuda:0', requires_grad=True)
[048-050] Search: Model metrics  : loss=0.32, accuracy@1=89.02%, accuracy@5=99.71%, time-cost=8925.0 s
[048-050] Search: Architecture metrics  : loss=0.49, accuracy@1=83.48%, accuracy@5=99.10%
[048-050] Evaluation:  : loss=0.46, accuracy@1=84.24%, accuracy@5=99.29%
[048-050] Layer Alignment score:  normal: 0.0000, reduce: 0.0000
alpha 0 is Parameter containing:
tensor([[ 0.6787, -0.3462, -0.1562],
        [ 0.3387,  0.0190, -0.2103],
        [ 0.5560, -0.0964, -0.3108],
        [ 0.6193, -0.2421, -0.1804],
        [ 0.5929, -0.1156, -0.2804],
        [ 0.7375, -0.2664, -0.2558],
        [ 0.5491, -0.2854, -0.1301],
        [ 0.6347, -0.1227, -0.3081],
        [ 0.9810, -0.3320, -0.4341],
        [ 0.8106, -0.1808, -0.4822],
        [ 0.8742, -0.1879, -0.5374],
        [ 0.8673, -0.2757, -0.3757],
        [ 0.9661, -0.4054, -0.4407],
        [ 1.0926, -0.5374, -0.5249]], device='cuda:0', requires_grad=True)
alpha 1 is Parameter containing:
tensor([[ 0.0083, -0.0626,  0.0515],
        [-0.0728, -0.1326,  0.1644],
        [ 0.0590, -0.1558,  0.0960],
        [-0.0936, -0.1438,  0.1761],
        [-0.0548, -0.0806,  0.0954],
        [ 0.1592,  0.0148, -0.1368],
        [-0.1778,  0.0285,  0.0960],
        [-0.0484, -0.0174,  0.0421],
        [ 0.0182, -0.1089,  0.0724],
        [ 0.1554, -0.1172, -0.0180],
        [ 0.1128, -0.0012, -0.0850],
        [-0.0107, -0.0165,  0.0170],
        [ 0.0316,  0.1525, -0.1545],
        [-0.0437,  0.0765, -0.0392]], device='cuda:0', requires_grad=True)
[049-050] Search: Model metrics  : loss=0.32, accuracy@1=88.77%, accuracy@5=99.64%, time-cost=9130.6 s
[049-050] Search: Architecture metrics  : loss=0.48, accuracy@1=83.78%, accuracy@5=99.16%
[049-050] Evaluation:  : loss=0.46, accuracy@1=84.11%, accuracy@5=99.31%
[049-050] Layer Alignment score:  normal: 0.0000, reduce: 0.0000
alpha 0 is Parameter containing:
tensor([[ 0.6940, -0.3542, -0.1622],
        [ 0.3499,  0.0180, -0.2164],
        [ 0.5557, -0.0979, -0.3097],
        [ 0.6307, -0.2527, -0.1810],
        [ 0.5978, -0.1206, -0.2819],
        [ 0.7456, -0.2661, -0.2641],
        [ 0.5672, -0.2913, -0.1398],
        [ 0.6501, -0.1257, -0.3178],
        [ 0.9890, -0.3323, -0.4413],
        [ 0.8173, -0.1854, -0.4851],
        [ 0.8780, -0.1894, -0.5408],
        [ 0.8820, -0.2811, -0.3848],
        [ 0.9796, -0.4010, -0.4541],
        [ 1.0889, -0.5460, -0.5186]], device='cuda:0', requires_grad=True)
alpha 1 is Parameter containing:
tensor([[ 0.0157, -0.0658,  0.0500],
        [-0.0724, -0.1424,  0.1726],
        [ 0.0568, -0.1600,  0.1008],
        [-0.0986, -0.1401,  0.1766],
        [-0.0430, -0.0850,  0.0932],
        [ 0.1681,  0.0079, -0.1372],
        [-0.1822,  0.0257,  0.1012],
        [-0.0513, -0.0316,  0.0546],
        [ 0.0278, -0.1030,  0.0633],
        [ 0.1576, -0.1187, -0.0188],
        [ 0.1097, -0.0025, -0.0817],
        [-0.0125, -0.0308,  0.0287],
        [ 0.0315,  0.1453, -0.1485],
        [-0.0365,  0.0655, -0.0332]], device='cuda:0', requires_grad=True)
[050-050] Search: Model metrics  : loss=0.32, accuracy@1=88.99%, accuracy@5=99.67%, time-cost=9336.1 s
[050-050] Search: Architecture metrics  : loss=0.48, accuracy@1=83.72%, accuracy@5=99.17%
[050-050] Evaluation:  : loss=0.46, accuracy@1=84.24%, accuracy@5=99.26%
[050-050] Layer Alignment score:  normal: 0.0000, reduce: 0.0000
alpha 0 is Parameter containing:
tensor([[ 0.7000, -0.3564, -0.1659],
        [ 0.3618,  0.0211, -0.2266],
        [ 0.5616, -0.1006, -0.3126],
        [ 0.6489, -0.2603, -0.1887],
        [ 0.6056, -0.1278, -0.2841],
        [ 0.7471, -0.2645, -0.2683],
        [ 0.5803, -0.2923, -0.1498],
        [ 0.6656, -0.1225, -0.3308],
        [ 0.9982, -0.3313, -0.4501],
        [ 0.8273, -0.1873, -0.4940],
        [ 0.8884, -0.1982, -0.5444],
        [ 0.8977, -0.2855, -0.3952],
        [ 0.9860, -0.4089, -0.4564],
        [ 1.1000, -0.5537, -0.5257]], device='cuda:0', requires_grad=True)
alpha 1 is Parameter containing:
tensor([[ 0.0084, -0.0633,  0.0520],
        [-0.0730, -0.1318,  0.1643],
        [ 0.0472, -0.1528,  0.1018],
        [-0.0985, -0.1470,  0.1822],
        [-0.0341, -0.0802,  0.0853],
        [ 0.1692,  0.0021, -0.1327],
        [-0.1857,  0.0242,  0.1049],
        [-0.0452, -0.0257,  0.0473],
        [ 0.0278, -0.1081,  0.0670],
        [ 0.1600, -0.1222, -0.0179],
        [ 0.1241, -0.0080, -0.0878],
        [-0.0047, -0.0376,  0.0303],
        [ 0.0268,  0.1351, -0.1373],
        [-0.0310,  0.0628, -0.0335]], device='cuda:0', requires_grad=True)
