Files already downloaded and verified
Files already downloaded and verified
[001-050] Search: Model metrics  : loss=1.67, accuracy@1=37.88%, accuracy@5=88.14%, time-cost=90.0 s
[001-050] Evaluation:  : loss=1.61, accuracy@1=43.88%, accuracy@5=91.10%
<<<--->>> The 001-050-th epoch : found the highest validation accuracy : 43.88%.
Benchmark Results for cifar10 -> train: 0.0, valid: 0.0, test: 94.49425974625929
[002-050] Search: Model metrics  : loss=1.25, accuracy@1=54.78%, accuracy@5=94.69%, time-cost=177.7 s
[002-050] Evaluation:  : loss=1.37, accuracy@1=53.21%, accuracy@5=94.53%
<<<--->>> The 002-050-th epoch : found the highest validation accuracy : 53.21%.
Benchmark Results for cifar10 -> train: 0.0, valid: 0.0, test: 94.552978182733
[003-050] Search: Model metrics  : loss=1.03, accuracy@1=63.51%, accuracy@5=96.68%, time-cost=265.2 s
[003-050] Evaluation:  : loss=1.33, accuracy@1=55.25%, accuracy@5=95.32%
<<<--->>> The 003-050-th epoch : found the highest validation accuracy : 55.25%.
Benchmark Results for cifar10 -> train: 0.0, valid: 0.0, test: 94.48829768187517
[004-050] Search: Model metrics  : loss=0.90, accuracy@1=68.06%, accuracy@5=97.61%, time-cost=352.5 s
[004-050] Evaluation:  : loss=1.02, accuracy@1=65.46%, accuracy@5=96.11%
<<<--->>> The 004-050-th epoch : found the highest validation accuracy : 65.46%.
Benchmark Results for cifar10 -> train: 0.0, valid: 0.0, test: 94.49651553068657
[005-050] Search: Model metrics  : loss=0.80, accuracy@1=71.78%, accuracy@5=97.98%, time-cost=440.8 s
[005-050] Evaluation:  : loss=0.91, accuracy@1=69.08%, accuracy@5=97.53%
<<<--->>> The 005-050-th epoch : found the highest validation accuracy : 69.08%.
Benchmark Results for cifar10 -> train: 0.0, valid: 0.0, test: 94.50436533407894
[006-050] Search: Model metrics  : loss=0.73, accuracy@1=74.58%, accuracy@5=98.32%, time-cost=528.5 s
[006-050] Evaluation:  : loss=0.86, accuracy@1=71.46%, accuracy@5=96.93%
<<<--->>> The 006-050-th epoch : found the highest validation accuracy : 71.46%.
Benchmark Results for cifar10 -> train: 0.0, valid: 0.0, test: 94.50939194799854
[007-050] Search: Model metrics  : loss=0.67, accuracy@1=76.80%, accuracy@5=98.61%, time-cost=615.9 s
[007-050] Evaluation:  : loss=0.76, accuracy@1=73.76%, accuracy@5=98.12%
<<<--->>> The 007-050-th epoch : found the highest validation accuracy : 73.76%.
Benchmark Results for cifar10 -> train: 0.0, valid: 0.0, test: 94.52011629151657
[008-050] Search: Model metrics  : loss=0.62, accuracy@1=78.45%, accuracy@5=98.81%, time-cost=703.2 s
[008-050] Evaluation:  : loss=0.79, accuracy@1=72.53%, accuracy@5=98.28%
Benchmark Results for cifar10 -> train: 0.0, valid: 0.0, test: 94.50301755703828
[009-050] Search: Model metrics  : loss=0.58, accuracy@1=79.93%, accuracy@5=98.94%, time-cost=790.8 s
[009-050] Evaluation:  : loss=0.75, accuracy@1=75.40%, accuracy@5=97.97%
<<<--->>> The 009-050-th epoch : found the highest validation accuracy : 75.40%.
Benchmark Results for cifar10 -> train: 0.0, valid: 0.0, test: 94.48269241773728
[010-050] Search: Model metrics  : loss=0.55, accuracy@1=80.68%, accuracy@5=98.92%, time-cost=878.5 s
[010-050] Evaluation:  : loss=0.67, accuracy@1=77.11%, accuracy@5=98.42%
<<<--->>> The 010-050-th epoch : found the highest validation accuracy : 77.11%.
Benchmark Results for cifar10 -> train: 0.0, valid: 0.0, test: 94.47408206102163
The searchspace has been warm started with 10 epochs
LoRA layers have been initialized for all operations with Conv2DLoRA module
[011-050] Search: Model metrics  : loss=0.46, accuracy@1=83.98%, accuracy@5=99.34%, time-cost=1073.7 s
[011-050] Search: Architecture metrics  : loss=0.58, accuracy@1=79.92%, accuracy@5=98.81%
[011-050] Evaluation:  : loss=0.54, accuracy@1=81.59%, accuracy@5=99.08%
<<<--->>> The 011-050-th epoch : found the highest validation accuracy : 81.59%.
Benchmark Results for cifar10 -> train: 0.0, valid: 0.0, test: 94.19283514196808
alpha 0 is Parameter containing:
tensor([[ 0.0032, -0.0031],
        [-0.0019,  0.0042],
        [-0.0075,  0.0068],
        [-0.0137,  0.0148],
        [ 0.0059, -0.0051],
        [-0.0020,  0.0001],
        [-0.0197,  0.0193],
        [ 0.0078, -0.0079],
        [-0.0023,  0.0028],
        [-0.0060,  0.0063],
        [-0.0025,  0.0051],
        [-0.0104,  0.0109],
        [-0.0189,  0.0206],
        [-0.0246,  0.0218]], device='cuda:0', requires_grad=True)
alpha 1 is Parameter containing:
tensor([[-0.0130,  0.0125],
        [-0.0050,  0.0044],
        [-0.0047,  0.0044],
        [-0.0020,  0.0034],
        [ 0.0158, -0.0167],
        [-0.0064,  0.0091],
        [-0.0197,  0.0194],
        [ 0.0008, -0.0017],
        [-0.0160,  0.0164],
        [-0.0049,  0.0046],
        [-0.0193,  0.0173],
        [ 0.0038, -0.0032],
        [ 0.0265, -0.0255],
        [ 0.0270, -0.0268]], device='cuda:0', requires_grad=True)
[012-050] Search: Model metrics  : loss=0.44, accuracy@1=84.68%, accuracy@5=99.42%, time-cost=1267.9 s
[012-050] Search: Architecture metrics  : loss=0.55, accuracy@1=81.04%, accuracy@5=98.95%
[012-050] Evaluation:  : loss=0.54, accuracy@1=81.50%, accuracy@5=99.08%
Benchmark Results for cifar10 -> train: 0.0, valid: 0.0, test: 94.01495092896482
alpha 0 is Parameter containing:
tensor([[ 0.0071, -0.0069],
        [-0.0091,  0.0114],
        [-0.0129,  0.0122],
        [-0.0159,  0.0171],
        [ 0.0180, -0.0172],
        [-0.0008, -0.0011],
        [-0.0416,  0.0411],
        [ 0.0120, -0.0121],
        [-0.0110,  0.0115],
        [-0.0131,  0.0134],
        [-0.0035,  0.0062],
        [-0.0134,  0.0139],
        [-0.0334,  0.0352],
        [-0.0424,  0.0396]], device='cuda:0', requires_grad=True)
alpha 1 is Parameter containing:
tensor([[-0.0112,  0.0107],
        [ 0.0034, -0.0041],
        [-0.0167,  0.0164],
        [ 0.0066, -0.0053],
        [ 0.0129, -0.0137],
        [-0.0044,  0.0071],
        [-0.0273,  0.0269],
        [ 0.0009, -0.0018],
        [-0.0178,  0.0182],
        [-0.0223,  0.0221],
        [-0.0113,  0.0094],
        [-0.0126,  0.0132],
        [ 0.0309, -0.0299],
        [ 0.0314, -0.0312]], device='cuda:0', requires_grad=True)
[013-050] Search: Model metrics  : loss=0.44, accuracy@1=84.81%, accuracy@5=99.37%, time-cost=1463.3 s
[013-050] Search: Architecture metrics  : loss=0.55, accuracy@1=81.31%, accuracy@5=99.09%
[013-050] Evaluation:  : loss=0.52, accuracy@1=81.84%, accuracy@5=99.09%
<<<--->>> The 013-050-th epoch : found the highest validation accuracy : 81.84%.
Benchmark Results for cifar10 -> train: 0.0, valid: 0.0, test: 94.18389863231191
alpha 0 is Parameter containing:
tensor([[ 0.0066, -0.0065],
        [-0.0033,  0.0056],
        [-0.0210,  0.0202],
        [-0.0040,  0.0052],
        [ 0.0260, -0.0252],
        [ 0.0012, -0.0031],
        [-0.0431,  0.0427],
        [ 0.0156, -0.0156],
        [-0.0215,  0.0220],
        [-0.0180,  0.0183],
        [ 0.0040, -0.0014],
        [-0.0237,  0.0242],
        [-0.0504,  0.0521],
        [-0.0663,  0.0635]], device='cuda:0', requires_grad=True)
alpha 1 is Parameter containing:
tensor([[-0.0093,  0.0088],
        [-0.0004, -0.0002],
        [-0.0178,  0.0175],
        [ 0.0063, -0.0049],
        [ 0.0110, -0.0118],
        [-0.0185,  0.0211],
        [-0.0360,  0.0356],
        [ 0.0119, -0.0127],
        [-0.0203,  0.0207],
        [-0.0328,  0.0325],
        [-0.0275,  0.0256],
        [-0.0073,  0.0079],
        [ 0.0319, -0.0309],
        [ 0.0394, -0.0392]], device='cuda:0', requires_grad=True)
[014-050] Search: Model metrics  : loss=0.43, accuracy@1=84.96%, accuracy@5=99.42%, time-cost=1657.6 s
[014-050] Search: Architecture metrics  : loss=0.55, accuracy@1=81.25%, accuracy@5=98.85%
[014-050] Evaluation:  : loss=0.53, accuracy@1=82.29%, accuracy@5=99.03%
<<<--->>> The 014-050-th epoch : found the highest validation accuracy : 82.29%.
Benchmark Results for cifar10 -> train: 0.0, valid: 0.0, test: 93.80182333053743
alpha 0 is Parameter containing:
tensor([[-6.8690e-04,  8.0551e-04],
        [-9.6885e-03,  1.1926e-02],
        [-3.4877e-02,  3.4163e-02],
        [-1.1950e-02,  1.3093e-02],
        [ 2.4866e-02, -2.4079e-02],
        [-1.7563e-03, -9.3910e-05],
        [-5.7295e-02,  5.6852e-02],
        [ 2.6566e-02, -2.6615e-02],
        [-2.1847e-02,  2.2374e-02],
        [-2.5033e-02,  2.5337e-02],
        [-4.3086e-03,  6.9229e-03],
        [-3.7875e-02,  3.8358e-02],
        [-7.4036e-02,  7.5784e-02],
        [-1.0129e-01,  9.8514e-02]], device='cuda:0', requires_grad=True)
alpha 1 is Parameter containing:
tensor([[-0.0150,  0.0145],
        [-0.0037,  0.0030],
        [-0.0125,  0.0122],
        [ 0.0024, -0.0011],
        [ 0.0058, -0.0066],
        [-0.0158,  0.0184],
        [-0.0373,  0.0370],
        [ 0.0084, -0.0093],
        [-0.0227,  0.0231],
        [-0.0368,  0.0365],
        [-0.0392,  0.0373],
        [-0.0137,  0.0143],
        [ 0.0378, -0.0368],
        [ 0.0479, -0.0478]], device='cuda:0', requires_grad=True)
[015-050] Search: Model metrics  : loss=0.42, accuracy@1=85.60%, accuracy@5=99.44%, time-cost=1852.5 s
[015-050] Search: Architecture metrics  : loss=0.55, accuracy@1=81.29%, accuracy@5=99.03%
[015-050] Evaluation:  : loss=0.53, accuracy@1=82.02%, accuracy@5=99.11%
Benchmark Results for cifar10 -> train: 0.0, valid: 0.0, test: 94.14167381031243
alpha 0 is Parameter containing:
tensor([[ 0.0132, -0.0131],
        [-0.0103,  0.0125],
        [-0.0318,  0.0311],
        [-0.0138,  0.0150],
        [ 0.0312, -0.0304],
        [ 0.0034, -0.0053],
        [-0.0752,  0.0748],
        [ 0.0316, -0.0317],
        [-0.0290,  0.0295],
        [-0.0131,  0.0134],
        [-0.0177,  0.0203],
        [-0.0390,  0.0394],
        [-0.0885,  0.0903],
        [-0.1192,  0.1164]], device='cuda:0', requires_grad=True)
alpha 1 is Parameter containing:
tensor([[-1.0801e-02,  1.0306e-02],
        [ 3.3465e-03, -3.9951e-03],
        [-2.5793e-02,  2.5544e-02],
        [ 1.5343e-02, -1.3994e-02],
        [-8.5370e-04,  4.7689e-05],
        [-1.9103e-02,  2.1664e-02],
        [-3.6227e-02,  3.5901e-02],
        [ 1.4746e-02, -1.5567e-02],
        [-3.9532e-02,  3.9953e-02],
        [-4.0958e-02,  4.0715e-02],
        [-3.4012e-02,  3.2146e-02],
        [-2.3109e-02,  2.3718e-02],
        [ 3.6610e-02, -3.5616e-02],
        [ 5.4925e-02, -5.4767e-02]], device='cuda:0', requires_grad=True)
[016-050] Search: Model metrics  : loss=0.42, accuracy@1=85.33%, accuracy@5=99.41%, time-cost=2047.5 s
[016-050] Search: Architecture metrics  : loss=0.55, accuracy@1=81.27%, accuracy@5=99.02%
[016-050] Evaluation:  : loss=0.51, accuracy@1=82.33%, accuracy@5=99.11%
<<<--->>> The 016-050-th epoch : found the highest validation accuracy : 82.33%.
Benchmark Results for cifar10 -> train: 0.0, valid: 0.0, test: 94.19825859790986
alpha 0 is Parameter containing:
tensor([[ 0.0125, -0.0124],
        [-0.0061,  0.0084],
        [-0.0356,  0.0349],
        [-0.0154,  0.0165],
        [ 0.0382, -0.0374],
        [-0.0028,  0.0010],
        [-0.0832,  0.0828],
        [ 0.0440, -0.0441],
        [-0.0325,  0.0330],
        [-0.0062,  0.0065],
        [-0.0133,  0.0159],
        [-0.0309,  0.0314],
        [-0.0885,  0.0902],
        [-0.1371,  0.1343]], device='cuda:0', requires_grad=True)
alpha 1 is Parameter containing:
tensor([[-0.0211,  0.0206],
        [-0.0027,  0.0021],
        [-0.0366,  0.0363],
        [ 0.0093, -0.0080],
        [-0.0116,  0.0108],
        [-0.0212,  0.0237],
        [-0.0332,  0.0329],
        [ 0.0087, -0.0095],
        [-0.0339,  0.0343],
        [-0.0522,  0.0520],
        [-0.0288,  0.0270],
        [-0.0276,  0.0282],
        [ 0.0388, -0.0379],
        [ 0.0593, -0.0591]], device='cuda:0', requires_grad=True)
[017-050] Search: Model metrics  : loss=0.42, accuracy@1=85.53%, accuracy@5=99.46%, time-cost=2242.6 s
[017-050] Search: Architecture metrics  : loss=0.55, accuracy@1=81.27%, accuracy@5=98.87%
[017-050] Evaluation:  : loss=0.52, accuracy@1=82.08%, accuracy@5=99.10%
Benchmark Results for cifar10 -> train: 0.0, valid: 0.0, test: 94.22936270505816
alpha 0 is Parameter containing:
tensor([[ 0.0075, -0.0074],
        [-0.0154,  0.0176],
        [-0.0436,  0.0429],
        [-0.0191,  0.0202],
        [ 0.0440, -0.0433],
        [ 0.0031, -0.0049],
        [-0.0942,  0.0938],
        [ 0.0484, -0.0485],
        [-0.0344,  0.0349],
        [-0.0066,  0.0069],
        [-0.0234,  0.0260],
        [-0.0408,  0.0412],
        [-0.1024,  0.1042],
        [-0.1570,  0.1542]], device='cuda:0', requires_grad=True)
alpha 1 is Parameter containing:
tensor([[-0.0176,  0.0171],
        [-0.0014,  0.0008],
        [-0.0367,  0.0365],
        [ 0.0125, -0.0111],
        [-0.0120,  0.0113],
        [-0.0142,  0.0167],
        [-0.0353,  0.0350],
        [ 0.0065, -0.0073],
        [-0.0383,  0.0387],
        [-0.0523,  0.0521],
        [-0.0206,  0.0188],
        [-0.0377,  0.0383],
        [ 0.0323, -0.0314],
        [ 0.0545, -0.0544]], device='cuda:0', requires_grad=True)
[018-050] Search: Model metrics  : loss=0.42, accuracy@1=85.49%, accuracy@5=99.46%, time-cost=2437.5 s
[018-050] Search: Architecture metrics  : loss=0.55, accuracy@1=81.28%, accuracy@5=98.92%
[018-050] Evaluation:  : loss=0.52, accuracy@1=82.26%, accuracy@5=99.14%
Benchmark Results for cifar10 -> train: 0.0, valid: 0.0, test: 94.10844903058222
alpha 0 is Parameter containing:
tensor([[ 0.0165, -0.0164],
        [-0.0131,  0.0153],
        [-0.0454,  0.0447],
        [-0.0219,  0.0230],
        [ 0.0416, -0.0408],
        [ 0.0048, -0.0067],
        [-0.1055,  0.1051],
        [ 0.0557, -0.0557],
        [-0.0324,  0.0329],
        [-0.0133,  0.0136],
        [-0.0256,  0.0281],
        [-0.0472,  0.0477],
        [-0.1066,  0.1083],
        [-0.1705,  0.1678]], device='cuda:0', requires_grad=True)
alpha 1 is Parameter containing:
tensor([[-0.0136,  0.0132],
        [-0.0005, -0.0002],
        [-0.0431,  0.0428],
        [ 0.0062, -0.0049],
        [-0.0220,  0.0213],
        [-0.0160,  0.0184],
        [-0.0437,  0.0434],
        [ 0.0021, -0.0029],
        [-0.0540,  0.0544],
        [-0.0525,  0.0522],
        [-0.0241,  0.0223],
        [-0.0522,  0.0528],
        [ 0.0200, -0.0190],
        [ 0.0672, -0.0670]], device='cuda:0', requires_grad=True)
[019-050] Search: Model metrics  : loss=0.41, accuracy@1=85.56%, accuracy@5=99.42%, time-cost=2633.4 s
[019-050] Search: Architecture metrics  : loss=0.53, accuracy@1=81.92%, accuracy@5=99.06%
[019-050] Evaluation:  : loss=0.52, accuracy@1=82.53%, accuracy@5=99.10%
<<<--->>> The 019-050-th epoch : found the highest validation accuracy : 82.53%.
Benchmark Results for cifar10 -> train: 0.0, valid: 0.0, test: 94.2727881589653
alpha 0 is Parameter containing:
tensor([[ 0.0184, -0.0182],
        [ 0.0017,  0.0005],
        [-0.0421,  0.0414],
        [-0.0136,  0.0147],
        [ 0.0391, -0.0383],
        [ 0.0097, -0.0115],
        [-0.1074,  0.1069],
        [ 0.0628, -0.0628],
        [-0.0350,  0.0355],
        [-0.0102,  0.0105],
        [-0.0274,  0.0299],
        [-0.0425,  0.0429],
        [-0.1222,  0.1239],
        [-0.1775,  0.1748]], device='cuda:0', requires_grad=True)
alpha 1 is Parameter containing:
tensor([[-0.0154,  0.0149],
        [-0.0043,  0.0037],
        [-0.0518,  0.0516],
        [ 0.0092, -0.0079],
        [-0.0174,  0.0166],
        [-0.0094,  0.0118],
        [-0.0506,  0.0502],
        [ 0.0106, -0.0114],
        [-0.0570,  0.0574],
        [-0.0508,  0.0506],
        [-0.0227,  0.0209],
        [-0.0542,  0.0548],
        [ 0.0234, -0.0224],
        [ 0.0692, -0.0691]], device='cuda:0', requires_grad=True)
[020-050] Search: Model metrics  : loss=0.41, accuracy@1=85.65%, accuracy@5=99.51%, time-cost=2828.5 s
[020-050] Search: Architecture metrics  : loss=0.55, accuracy@1=81.43%, accuracy@5=98.91%
[020-050] Evaluation:  : loss=0.53, accuracy@1=81.99%, accuracy@5=99.06%
Benchmark Results for cifar10 -> train: 0.0, valid: 0.0, test: 94.04809893868256
alpha 0 is Parameter containing:
tensor([[ 0.0188, -0.0187],
        [-0.0083,  0.0105],
        [-0.0498,  0.0491],
        [-0.0054,  0.0065],
        [ 0.0326, -0.0319],
        [ 0.0118, -0.0136],
        [-0.1207,  0.1202],
        [ 0.0770, -0.0770],
        [-0.0220,  0.0226],
        [-0.0142,  0.0145],
        [-0.0326,  0.0351],
        [-0.0523,  0.0528],
        [-0.1248,  0.1264],
        [-0.1968,  0.1942]], device='cuda:0', requires_grad=True)
alpha 1 is Parameter containing:
tensor([[-0.0126,  0.0121],
        [ 0.0035, -0.0042],
        [-0.0611,  0.0609],
        [ 0.0048, -0.0035],
        [-0.0082,  0.0074],
        [-0.0112,  0.0136],
        [-0.0512,  0.0509],
        [ 0.0105, -0.0113],
        [-0.0504,  0.0508],
        [-0.0485,  0.0483],
        [-0.0208,  0.0191],
        [-0.0553,  0.0559],
        [ 0.0237, -0.0228],
        [ 0.0843, -0.0841]], device='cuda:0', requires_grad=True)
[021-050] Search: Model metrics  : loss=0.41, accuracy@1=85.75%, accuracy@5=99.44%, time-cost=3023.4 s
[021-050] Search: Architecture metrics  : loss=0.53, accuracy@1=81.65%, accuracy@5=99.09%
[021-050] Evaluation:  : loss=0.52, accuracy@1=82.52%, accuracy@5=99.10%
Benchmark Results for cifar10 -> train: 0.0, valid: 0.0, test: 94.08162105045885
alpha 0 is Parameter containing:
tensor([[ 0.0194, -0.0193],
        [-0.0055,  0.0077],
        [-0.0477,  0.0470],
        [-0.0039,  0.0050],
        [ 0.0420, -0.0413],
        [ 0.0084, -0.0102],
        [-0.1324,  0.1320],
        [ 0.0767, -0.0767],
        [-0.0275,  0.0281],
        [-0.0141,  0.0144],
        [-0.0337,  0.0362],
        [-0.0613,  0.0618],
        [-0.1427,  0.1444],
        [-0.2117,  0.2090]], device='cuda:0', requires_grad=True)
alpha 1 is Parameter containing:
tensor([[-0.0082,  0.0077],
        [ 0.0072, -0.0078],
        [-0.0753,  0.0750],
        [ 0.0043, -0.0030],
        [-0.0092,  0.0085],
        [-0.0116,  0.0140],
        [-0.0516,  0.0513],
        [ 0.0034, -0.0041],
        [-0.0611,  0.0615],
        [-0.0481,  0.0479],
        [-0.0174,  0.0157],
        [-0.0543,  0.0549],
        [ 0.0273, -0.0264],
        [ 0.0874, -0.0872]], device='cuda:0', requires_grad=True)
[022-050] Search: Model metrics  : loss=0.41, accuracy@1=85.83%, accuracy@5=99.50%, time-cost=3218.1 s
[022-050] Search: Architecture metrics  : loss=0.54, accuracy@1=81.72%, accuracy@5=99.06%
[022-050] Evaluation:  : loss=0.52, accuracy@1=82.11%, accuracy@5=99.10%
Benchmark Results for cifar10 -> train: 0.0, valid: 0.0, test: 94.03779057807633
alpha 0 is Parameter containing:
tensor([[ 0.0170, -0.0168],
        [-0.0047,  0.0069],
        [-0.0509,  0.0502],
        [ 0.0021, -0.0010],
        [ 0.0462, -0.0455],
        [ 0.0023, -0.0040],
        [-0.1469,  0.1465],
        [ 0.0860, -0.0860],
        [-0.0271,  0.0276],
        [-0.0153,  0.0156],
        [-0.0432,  0.0457],
        [-0.0680,  0.0684],
        [-0.1448,  0.1465],
        [-0.2265,  0.2238]], device='cuda:0', requires_grad=True)
alpha 1 is Parameter containing:
tensor([[-0.0199,  0.0194],
        [ 0.0097, -0.0103],
        [-0.0817,  0.0815],
        [-0.0003,  0.0015],
        [-0.0060,  0.0053],
        [-0.0197,  0.0221],
        [-0.0557,  0.0554],
        [ 0.0045, -0.0053],
        [-0.0733,  0.0737],
        [-0.0354,  0.0352],
        [-0.0180,  0.0163],
        [-0.0484,  0.0490],
        [ 0.0296, -0.0286],
        [ 0.0971, -0.0969]], device='cuda:0', requires_grad=True)
[023-050] Search: Model metrics  : loss=0.41, accuracy@1=85.73%, accuracy@5=99.48%, time-cost=3412.7 s
[023-050] Search: Architecture metrics  : loss=0.53, accuracy@1=81.77%, accuracy@5=99.04%
[023-050] Evaluation:  : loss=0.52, accuracy@1=82.30%, accuracy@5=99.11%
Benchmark Results for cifar10 -> train: 0.0, valid: 0.0, test: 94.01510545964307
alpha 0 is Parameter containing:
tensor([[ 0.0168, -0.0167],
        [-0.0022,  0.0043],
        [-0.0497,  0.0490],
        [-0.0033,  0.0044],
        [ 0.0429, -0.0422],
        [-0.0010, -0.0007],
        [-0.1514,  0.1510],
        [ 0.0974, -0.0974],
        [-0.0282,  0.0287],
        [-0.0090,  0.0093],
        [-0.0450,  0.0475],
        [-0.0768,  0.0773],
        [-0.1389,  0.1405],
        [-0.2314,  0.2287]], device='cuda:0', requires_grad=True)
alpha 1 is Parameter containing:
tensor([[-0.0185,  0.0180],
        [ 0.0133, -0.0139],
        [-0.0814,  0.0812],
        [-0.0033,  0.0046],
        [-0.0072,  0.0065],
        [-0.0145,  0.0168],
        [-0.0537,  0.0534],
        [ 0.0082, -0.0090],
        [-0.0721,  0.0725],
        [-0.0341,  0.0339],
        [-0.0251,  0.0234],
        [-0.0478,  0.0483],
        [ 0.0370, -0.0361],
        [ 0.0988, -0.0987]], device='cuda:0', requires_grad=True)
[024-050] Search: Model metrics  : loss=0.41, accuracy@1=85.89%, accuracy@5=99.44%, time-cost=3607.4 s
[024-050] Search: Architecture metrics  : loss=0.54, accuracy@1=81.69%, accuracy@5=99.02%
[024-050] Evaluation:  : loss=0.52, accuracy@1=82.26%, accuracy@5=99.10%
Benchmark Results for cifar10 -> train: 0.0, valid: 0.0, test: 94.1302051462658
alpha 0 is Parameter containing:
tensor([[ 0.0197, -0.0196],
        [-0.0031,  0.0052],
        [-0.0506,  0.0499],
        [ 0.0003,  0.0008],
        [ 0.0425, -0.0417],
        [-0.0024,  0.0007],
        [-0.1544,  0.1540],
        [ 0.1028, -0.1028],
        [-0.0296,  0.0301],
        [-0.0012,  0.0015],
        [-0.0417,  0.0441],
        [-0.0821,  0.0825],
        [-0.1480,  0.1496],
        [-0.2419,  0.2393]], device='cuda:0', requires_grad=True)
alpha 1 is Parameter containing:
tensor([[-0.0140,  0.0135],
        [ 0.0164, -0.0171],
        [-0.0777,  0.0774],
        [-0.0104,  0.0116],
        [-0.0020,  0.0013],
        [-0.0096,  0.0119],
        [-0.0535,  0.0532],
        [ 0.0068, -0.0075],
        [-0.0759,  0.0763],
        [-0.0271,  0.0269],
        [-0.0320,  0.0303],
        [-0.0572,  0.0577],
        [ 0.0412, -0.0403],
        [ 0.1030, -0.1028]], device='cuda:0', requires_grad=True)
[025-050] Search: Model metrics  : loss=0.41, accuracy@1=85.74%, accuracy@5=99.54%, time-cost=3801.9 s
[025-050] Search: Architecture metrics  : loss=0.54, accuracy@1=81.50%, accuracy@5=98.95%
[025-050] Evaluation:  : loss=0.52, accuracy@1=82.45%, accuracy@5=99.12%
Benchmark Results for cifar10 -> train: 0.0, valid: 0.0, test: 94.20772783212307
alpha 0 is Parameter containing:
tensor([[ 0.0101, -0.0100],
        [-0.0043,  0.0065],
        [-0.0570,  0.0563],
        [ 0.0034, -0.0023],
        [ 0.0531, -0.0524],
        [-0.0086,  0.0069],
        [-0.1593,  0.1589],
        [ 0.1058, -0.1059],
        [-0.0358,  0.0362],
        [-0.0024,  0.0027],
        [-0.0461,  0.0485],
        [-0.0885,  0.0889],
        [-0.1582,  0.1598],
        [-0.2528,  0.2502]], device='cuda:0', requires_grad=True)
alpha 1 is Parameter containing:
tensor([[-0.0069,  0.0064],
        [ 0.0104, -0.0110],
        [-0.0845,  0.0842],
        [-0.0104,  0.0117],
        [-0.0048,  0.0041],
        [ 0.0027, -0.0004],
        [-0.0521,  0.0518],
        [-0.0097,  0.0090],
        [-0.0810,  0.0814],
        [-0.0380,  0.0378],
        [-0.0303,  0.0287],
        [-0.0630,  0.0635],
        [ 0.0326, -0.0317],
        [ 0.1061, -0.1060]], device='cuda:0', requires_grad=True)
[026-050] Search: Model metrics  : loss=0.41, accuracy@1=85.72%, accuracy@5=99.50%, time-cost=3996.6 s
[026-050] Search: Architecture metrics  : loss=0.54, accuracy@1=81.65%, accuracy@5=98.98%
[026-050] Evaluation:  : loss=0.51, accuracy@1=82.48%, accuracy@5=99.14%
Benchmark Results for cifar10 -> train: 0.0, valid: 0.0, test: 94.15006902399831
alpha 0 is Parameter containing:
tensor([[ 0.0101, -0.0100],
        [-0.0010,  0.0031],
        [-0.0629,  0.0622],
        [ 0.0066, -0.0055],
        [ 0.0573, -0.0565],
        [-0.0117,  0.0100],
        [-0.1753,  0.1749],
        [ 0.1153, -0.1153],
        [-0.0335,  0.0340],
        [-0.0016,  0.0019],
        [-0.0437,  0.0461],
        [-0.0874,  0.0878],
        [-0.1577,  0.1593],
        [-0.2570,  0.2544]], device='cuda:0', requires_grad=True)
alpha 1 is Parameter containing:
tensor([[-0.0091,  0.0086],
        [ 0.0115, -0.0121],
        [-0.0841,  0.0838],
        [-0.0136,  0.0148],
        [-0.0104,  0.0096],
        [ 0.0101, -0.0078],
        [-0.0520,  0.0517],
        [-0.0123,  0.0115],
        [-0.0795,  0.0799],
        [-0.0402,  0.0399],
        [-0.0243,  0.0227],
        [-0.0684,  0.0689],
        [ 0.0354, -0.0345],
        [ 0.1018, -0.1017]], device='cuda:0', requires_grad=True)
[027-050] Search: Model metrics  : loss=0.41, accuracy@1=85.92%, accuracy@5=99.46%, time-cost=4191.8 s
[027-050] Search: Architecture metrics  : loss=0.55, accuracy@1=81.53%, accuracy@5=98.96%
[027-050] Evaluation:  : loss=0.51, accuracy@1=82.28%, accuracy@5=99.24%
Benchmark Results for cifar10 -> train: 0.0, valid: 0.0, test: 94.11684357150952
alpha 0 is Parameter containing:
tensor([[ 0.0123, -0.0122],
        [-0.0029,  0.0051],
        [-0.0693,  0.0687],
        [ 0.0047, -0.0036],
        [ 0.0544, -0.0537],
        [-0.0110,  0.0093],
        [-0.1903,  0.1899],
        [ 0.1237, -0.1237],
        [-0.0334,  0.0339],
        [ 0.0015, -0.0012],
        [-0.0503,  0.0527],
        [-0.0937,  0.0941],
        [-0.1625,  0.1641],
        [-0.2727,  0.2702]], device='cuda:0', requires_grad=True)
alpha 1 is Parameter containing:
tensor([[-0.0065,  0.0060],
        [ 0.0042, -0.0048],
        [-0.0785,  0.0782],
        [-0.0134,  0.0147],
        [-0.0113,  0.0106],
        [ 0.0168, -0.0146],
        [-0.0481,  0.0478],
        [-0.0131,  0.0124],
        [-0.0783,  0.0787],
        [-0.0426,  0.0424],
        [-0.0094,  0.0078],
        [-0.0766,  0.0771],
        [ 0.0335, -0.0326],
        [ 0.1025, -0.1024]], device='cuda:0', requires_grad=True)
[028-050] Search: Model metrics  : loss=0.41, accuracy@1=85.79%, accuracy@5=99.47%, time-cost=4386.5 s
[028-050] Search: Architecture metrics  : loss=0.53, accuracy@1=81.90%, accuracy@5=99.14%
[028-050] Evaluation:  : loss=0.51, accuracy@1=82.44%, accuracy@5=99.21%
Benchmark Results for cifar10 -> train: 0.0, valid: 0.0, test: 94.14218800890472
alpha 0 is Parameter containing:
tensor([[ 0.0061, -0.0060],
        [-0.0127,  0.0148],
        [-0.0738,  0.0731],
        [ 0.0058, -0.0048],
        [ 0.0601, -0.0594],
        [-0.0070,  0.0053],
        [-0.2008,  0.2004],
        [ 0.1501, -0.1502],
        [-0.0316,  0.0321],
        [ 0.0033, -0.0030],
        [-0.0451,  0.0474],
        [-0.0866,  0.0870],
        [-0.1607,  0.1623],
        [-0.2787,  0.2761]], device='cuda:0', requires_grad=True)
alpha 1 is Parameter containing:
tensor([[ 0.0007, -0.0011],
        [ 0.0062, -0.0068],
        [-0.0838,  0.0836],
        [-0.0116,  0.0128],
        [-0.0051,  0.0044],
        [ 0.0158, -0.0136],
        [-0.0608,  0.0605],
        [-0.0233,  0.0226],
        [-0.0860,  0.0864],
        [-0.0543,  0.0541],
        [-0.0029,  0.0014],
        [-0.0878,  0.0883],
        [ 0.0210, -0.0201],
        [ 0.0964, -0.0963]], device='cuda:0', requires_grad=True)
[029-050] Search: Model metrics  : loss=0.40, accuracy@1=86.17%, accuracy@5=99.47%, time-cost=4581.1 s
[029-050] Search: Architecture metrics  : loss=0.54, accuracy@1=81.71%, accuracy@5=99.05%
[029-050] Evaluation:  : loss=0.51, accuracy@1=82.69%, accuracy@5=99.08%
<<<--->>> The 029-050-th epoch : found the highest validation accuracy : 82.69%.
Benchmark Results for cifar10 -> train: 0.0, valid: 0.0, test: 93.84745087323331
alpha 0 is Parameter containing:
tensor([[-0.0034,  0.0036],
        [-0.0251,  0.0273],
        [-0.0782,  0.0775],
        [ 0.0128, -0.0117],
        [ 0.0546, -0.0538],
        [-0.0131,  0.0114],
        [-0.2072,  0.2068],
        [ 0.1579, -0.1580],
        [-0.0347,  0.0352],
        [ 0.0019, -0.0016],
        [-0.0419,  0.0442],
        [-0.0861,  0.0865],
        [-0.1654,  0.1669],
        [-0.2890,  0.2864]], device='cuda:0', requires_grad=True)
alpha 1 is Parameter containing:
tensor([[ 0.0009, -0.0013],
        [ 0.0080, -0.0086],
        [-0.0866,  0.0864],
        [-0.0176,  0.0188],
        [-0.0080,  0.0073],
        [ 0.0183, -0.0162],
        [-0.0703,  0.0700],
        [-0.0286,  0.0279],
        [-0.0790,  0.0794],
        [-0.0544,  0.0542],
        [-0.0107,  0.0091],
        [-0.0870,  0.0875],
        [ 0.0227, -0.0218],
        [ 0.1008, -0.1006]], device='cuda:0', requires_grad=True)
[030-050] Search: Model metrics  : loss=0.40, accuracy@1=86.38%, accuracy@5=99.56%, time-cost=4776.5 s
[030-050] Search: Architecture metrics  : loss=0.52, accuracy@1=82.19%, accuracy@5=99.18%
[030-050] Evaluation:  : loss=0.51, accuracy@1=82.56%, accuracy@5=99.20%
Benchmark Results for cifar10 -> train: 0.0, valid: 0.0, test: 93.7784750192518
alpha 0 is Parameter containing:
tensor([[-0.0087,  0.0088],
        [-0.0293,  0.0314],
        [-0.0821,  0.0814],
        [ 0.0231, -0.0220],
        [ 0.0602, -0.0595],
        [-0.0120,  0.0103],
        [-0.2213,  0.2209],
        [ 0.1599, -0.1599],
        [-0.0336,  0.0340],
        [-0.0044,  0.0047],
        [-0.0339,  0.0362],
        [-0.0871,  0.0876],
        [-0.1665,  0.1681],
        [-0.2918,  0.2893]], device='cuda:0', requires_grad=True)
alpha 1 is Parameter containing:
tensor([[-0.0039,  0.0035],
        [ 0.0130, -0.0136],
        [-0.0918,  0.0916],
        [-0.0066,  0.0078],
        [-0.0130,  0.0123],
        [ 0.0184, -0.0163],
        [-0.0694,  0.0691],
        [-0.0237,  0.0230],
        [-0.0662,  0.0665],
        [-0.0584,  0.0582],
        [-0.0049,  0.0034],
        [-0.0741,  0.0747],
        [ 0.0319, -0.0311],
        [ 0.0925, -0.0924]], device='cuda:0', requires_grad=True)
[031-050] Search: Model metrics  : loss=0.39, accuracy@1=86.39%, accuracy@5=99.48%, time-cost=4971.6 s
[031-050] Search: Architecture metrics  : loss=0.53, accuracy@1=81.74%, accuracy@5=99.01%
[031-050] Evaluation:  : loss=0.51, accuracy@1=82.70%, accuracy@5=99.14%
<<<--->>> The 031-050-th epoch : found the highest validation accuracy : 82.70%.
Benchmark Results for cifar10 -> train: 0.0, valid: 0.0, test: 93.80615485881557
alpha 0 is Parameter containing:
tensor([[-2.8514e-04,  3.9791e-04],
        [-2.3283e-02,  2.5408e-02],
        [-8.5578e-02,  8.4919e-02],
        [ 3.0312e-02, -2.9261e-02],
        [ 6.2225e-02, -6.1497e-02],
        [-1.4312e-02,  1.2638e-02],
        [-2.3553e-01,  2.3514e-01],
        [ 1.5035e-01, -1.5040e-01],
        [-4.4920e-02,  4.5401e-02],
        [-1.0983e-02,  1.1259e-02],
        [-2.6955e-02,  2.9255e-02],
        [-8.9011e-02,  8.9437e-02],
        [-1.6595e-01,  1.6752e-01],
        [-2.8914e-01,  2.8659e-01]], device='cuda:0', requires_grad=True)
alpha 1 is Parameter containing:
tensor([[-0.0130,  0.0126],
        [ 0.0152, -0.0158],
        [-0.0961,  0.0959],
        [-0.0026,  0.0038],
        [-0.0108,  0.0101],
        [ 0.0048, -0.0027],
        [-0.0679,  0.0676],
        [-0.0192,  0.0185],
        [-0.0759,  0.0763],
        [-0.0666,  0.0664],
        [-0.0040,  0.0025],
        [-0.0667,  0.0672],
        [ 0.0299, -0.0290],
        [ 0.1003, -0.1002]], device='cuda:0', requires_grad=True)
[032-050] Search: Model metrics  : loss=0.40, accuracy@1=86.12%, accuracy@5=99.49%, time-cost=5165.9 s
[032-050] Search: Architecture metrics  : loss=0.52, accuracy@1=82.22%, accuracy@5=99.04%
[032-050] Evaluation:  : loss=0.51, accuracy@1=82.80%, accuracy@5=99.08%
<<<--->>> The 032-050-th epoch : found the highest validation accuracy : 82.80%.
Benchmark Results for cifar10 -> train: 0.0, valid: 0.0, test: 94.15238000684246
alpha 0 is Parameter containing:
tensor([[ 0.0038, -0.0036],
        [-0.0282,  0.0304],
        [-0.0829,  0.0822],
        [ 0.0295, -0.0285],
        [ 0.0619, -0.0612],
        [-0.0075,  0.0058],
        [-0.2461,  0.2457],
        [ 0.1573, -0.1574],
        [-0.0493,  0.0498],
        [-0.0029,  0.0032],
        [-0.0352,  0.0375],
        [-0.0933,  0.0937],
        [-0.1721,  0.1737],
        [-0.3027,  0.3001]], device='cuda:0', requires_grad=True)
alpha 1 is Parameter containing:
tensor([[-0.0123,  0.0119],
        [ 0.0133, -0.0139],
        [-0.0900,  0.0898],
        [-0.0061,  0.0072],
        [-0.0213,  0.0206],
        [ 0.0148, -0.0127],
        [-0.0672,  0.0670],
        [-0.0249,  0.0242],
        [-0.0722,  0.0726],
        [-0.0671,  0.0669],
        [-0.0001, -0.0014],
        [-0.0654,  0.0659],
        [ 0.0354, -0.0345],
        [ 0.0913, -0.0912]], device='cuda:0', requires_grad=True)
[033-050] Search: Model metrics  : loss=0.40, accuracy@1=86.30%, accuracy@5=99.44%, time-cost=5360.8 s
[033-050] Search: Architecture metrics  : loss=0.53, accuracy@1=81.80%, accuracy@5=99.10%
[033-050] Evaluation:  : loss=0.51, accuracy@1=82.87%, accuracy@5=99.11%
<<<--->>> The 033-050-th epoch : found the highest validation accuracy : 82.87%.
Benchmark Results for cifar10 -> train: 0.0, valid: 0.0, test: 94.09754024632217
alpha 0 is Parameter containing:
tensor([[ 0.0061, -0.0060],
        [-0.0231,  0.0252],
        [-0.0832,  0.0826],
        [ 0.0312, -0.0301],
        [ 0.0737, -0.0730],
        [-0.0026,  0.0010],
        [-0.2489,  0.2485],
        [ 0.1677, -0.1678],
        [-0.0511,  0.0516],
        [ 0.0044, -0.0042],
        [-0.0371,  0.0393],
        [-0.0925,  0.0929],
        [-0.1748,  0.1763],
        [-0.3057,  0.3032]], device='cuda:0', requires_grad=True)
alpha 1 is Parameter containing:
tensor([[-0.0051,  0.0046],
        [ 0.0252, -0.0258],
        [-0.0794,  0.0792],
        [-0.0009,  0.0021],
        [-0.0219,  0.0212],
        [ 0.0119, -0.0099],
        [-0.0580,  0.0577],
        [-0.0285,  0.0278],
        [-0.0707,  0.0711],
        [-0.0715,  0.0713],
        [ 0.0084, -0.0099],
        [-0.0650,  0.0655],
        [ 0.0295, -0.0287],
        [ 0.0856, -0.0854]], device='cuda:0', requires_grad=True)
[034-050] Search: Model metrics  : loss=0.40, accuracy@1=86.24%, accuracy@5=99.45%, time-cost=5555.6 s
[034-050] Search: Architecture metrics  : loss=0.53, accuracy@1=81.89%, accuracy@5=99.08%
[034-050] Evaluation:  : loss=0.50, accuracy@1=82.88%, accuracy@5=99.14%
<<<--->>> The 034-050-th epoch : found the highest validation accuracy : 82.88%.
Benchmark Results for cifar10 -> train: 0.0, valid: 0.0, test: 94.12251319981127
alpha 0 is Parameter containing:
tensor([[ 0.0121, -0.0120],
        [-0.0142,  0.0163],
        [-0.0809,  0.0803],
        [ 0.0322, -0.0312],
        [ 0.0750, -0.0743],
        [-0.0038,  0.0021],
        [-0.2509,  0.2505],
        [ 0.1690, -0.1691],
        [-0.0428,  0.0432],
        [ 0.0080, -0.0078],
        [-0.0371,  0.0393],
        [-0.0993,  0.0997],
        [-0.1696,  0.1712],
        [-0.3110,  0.3085]], device='cuda:0', requires_grad=True)
alpha 1 is Parameter containing:
tensor([[-0.0071,  0.0066],
        [ 0.0115, -0.0121],
        [-0.0823,  0.0821],
        [ 0.0050, -0.0038],
        [-0.0256,  0.0249],
        [ 0.0108, -0.0088],
        [-0.0582,  0.0580],
        [-0.0182,  0.0175],
        [-0.0624,  0.0627],
        [-0.0786,  0.0784],
        [ 0.0070, -0.0084],
        [-0.0652,  0.0657],
        [ 0.0411, -0.0403],
        [ 0.0889, -0.0887]], device='cuda:0', requires_grad=True)
[035-050] Search: Model metrics  : loss=0.40, accuracy@1=86.05%, accuracy@5=99.46%, time-cost=5750.0 s
[035-050] Search: Architecture metrics  : loss=0.54, accuracy@1=81.73%, accuracy@5=99.07%
[035-050] Evaluation:  : loss=0.51, accuracy@1=82.69%, accuracy@5=99.13%
Benchmark Results for cifar10 -> train: 0.0, valid: 0.0, test: 94.15095248013073
alpha 0 is Parameter containing:
tensor([[ 0.0075, -0.0074],
        [-0.0060,  0.0081],
        [-0.0796,  0.0789],
        [ 0.0375, -0.0365],
        [ 0.0859, -0.0852],
        [-0.0040,  0.0024],
        [-0.2557,  0.2553],
        [ 0.1737, -0.1738],
        [-0.0553,  0.0558],
        [ 0.0074, -0.0071],
        [-0.0343,  0.0365],
        [-0.1099,  0.1103],
        [-0.1827,  0.1843],
        [-0.3209,  0.3184]], device='cuda:0', requires_grad=True)
alpha 1 is Parameter containing:
tensor([[-0.0139,  0.0135],
        [ 0.0094, -0.0100],
        [-0.0876,  0.0874],
        [ 0.0031, -0.0019],
        [-0.0263,  0.0256],
        [ 0.0149, -0.0129],
        [-0.0573,  0.0570],
        [-0.0146,  0.0139],
        [-0.0620,  0.0623],
        [-0.0758,  0.0756],
        [ 0.0117, -0.0131],
        [-0.0687,  0.0692],
        [ 0.0467, -0.0459],
        [ 0.0847, -0.0846]], device='cuda:0', requires_grad=True)
[036-050] Search: Model metrics  : loss=0.40, accuracy@1=86.28%, accuracy@5=99.51%, time-cost=5945.0 s
[036-050] Search: Architecture metrics  : loss=0.53, accuracy@1=82.18%, accuracy@5=99.01%
[036-050] Evaluation:  : loss=0.50, accuracy@1=82.89%, accuracy@5=99.19%
<<<--->>> The 036-050-th epoch : found the highest validation accuracy : 82.89%.
Benchmark Results for cifar10 -> train: 0.0, valid: 0.0, test: 94.10502271694446
alpha 0 is Parameter containing:
tensor([[ 0.0110, -0.0109],
        [-0.0045,  0.0066],
        [-0.0851,  0.0844],
        [ 0.0357, -0.0346],
        [ 0.0841, -0.0834],
        [-0.0076,  0.0059],
        [-0.2682,  0.2678],
        [ 0.1702, -0.1703],
        [-0.0583,  0.0588],
        [ 0.0058, -0.0055],
        [-0.0418,  0.0440],
        [-0.1165,  0.1169],
        [-0.1808,  0.1823],
        [-0.3253,  0.3228]], device='cuda:0', requires_grad=True)
alpha 1 is Parameter containing:
tensor([[-0.0103,  0.0098],
        [ 0.0159, -0.0165],
        [-0.0847,  0.0845],
        [ 0.0009,  0.0002],
        [-0.0208,  0.0201],
        [ 0.0106, -0.0086],
        [-0.0627,  0.0625],
        [-0.0190,  0.0183],
        [-0.0623,  0.0627],
        [-0.0889,  0.0887],
        [ 0.0025, -0.0039],
        [-0.0649,  0.0654],
        [ 0.0563, -0.0555],
        [ 0.0893, -0.0891]], device='cuda:0', requires_grad=True)
[037-050] Search: Model metrics  : loss=0.39, accuracy@1=86.43%, accuracy@5=99.50%, time-cost=6138.9 s
[037-050] Search: Architecture metrics  : loss=0.53, accuracy@1=82.01%, accuracy@5=99.07%
[037-050] Evaluation:  : loss=0.50, accuracy@1=82.86%, accuracy@5=99.15%
Benchmark Results for cifar10 -> train: 0.0, valid: 0.0, test: 94.17638721348034
alpha 0 is Parameter containing:
tensor([[ 0.0037, -0.0036],
        [-0.0117,  0.0138],
        [-0.0833,  0.0826],
        [ 0.0356, -0.0346],
        [ 0.0813, -0.0806],
        [-0.0117,  0.0101],
        [-0.2738,  0.2734],
        [ 0.1733, -0.1734],
        [-0.0577,  0.0581],
        [ 0.0084, -0.0081],
        [-0.0508,  0.0530],
        [-0.1120,  0.1124],
        [-0.1855,  0.1871],
        [-0.3381,  0.3356]], device='cuda:0', requires_grad=True)
alpha 1 is Parameter containing:
tensor([[-0.0110,  0.0105],
        [-0.0046,  0.0041],
        [-0.0835,  0.0833],
        [ 0.0041, -0.0030],
        [-0.0086,  0.0079],
        [ 0.0070, -0.0051],
        [-0.0699,  0.0696],
        [-0.0234,  0.0228],
        [-0.0560,  0.0563],
        [-0.0878,  0.0876],
        [ 0.0030, -0.0044],
        [-0.0708,  0.0713],
        [ 0.0573, -0.0565],
        [ 0.0903, -0.0901]], device='cuda:0', requires_grad=True)
[038-050] Search: Model metrics  : loss=0.39, accuracy@1=86.25%, accuracy@5=99.54%, time-cost=6333.3 s
[038-050] Search: Architecture metrics  : loss=0.52, accuracy@1=82.34%, accuracy@5=99.17%
[038-050] Evaluation:  : loss=0.50, accuracy@1=82.72%, accuracy@5=99.21%
Benchmark Results for cifar10 -> train: 0.0, valid: 0.0, test: 94.1883028509933
alpha 0 is Parameter containing:
tensor([[ 1.5309e-04, -4.2626e-05],
        [-1.5817e-02,  1.7899e-02],
        [-8.1329e-02,  8.0692e-02],
        [ 3.6764e-02, -3.5748e-02],
        [ 9.2468e-02, -9.1763e-02],
        [-1.8962e-02,  1.7353e-02],
        [-2.8506e-01,  2.8469e-01],
        [ 1.6845e-01, -1.6849e-01],
        [-6.5650e-02,  6.6113e-02],
        [ 6.4563e-03, -6.1900e-03],
        [-5.6634e-02,  5.8819e-02],
        [-1.1123e-01,  1.1164e-01],
        [-1.9183e-01,  1.9333e-01],
        [-3.3869e-01,  3.3624e-01]], device='cuda:0', requires_grad=True)
alpha 1 is Parameter containing:
tensor([[-0.0097,  0.0092],
        [-0.0057,  0.0051],
        [-0.0906,  0.0904],
        [-0.0023,  0.0034],
        [-0.0070,  0.0064],
        [ 0.0097, -0.0078],
        [-0.0748,  0.0746],
        [-0.0316,  0.0309],
        [-0.0615,  0.0619],
        [-0.0819,  0.0818],
        [ 0.0073, -0.0087],
        [-0.0752,  0.0757],
        [ 0.0439, -0.0432],
        [ 0.0935, -0.0934]], device='cuda:0', requires_grad=True)
[039-050] Search: Model metrics  : loss=0.39, accuracy@1=86.63%, accuracy@5=99.53%, time-cost=6528.3 s
[039-050] Search: Architecture metrics  : loss=0.52, accuracy@1=82.11%, accuracy@5=99.08%
[039-050] Evaluation:  : loss=0.50, accuracy@1=82.86%, accuracy@5=99.17%
Benchmark Results for cifar10 -> train: 0.0, valid: 0.0, test: 94.07128497462543
alpha 0 is Parameter containing:
tensor([[ 0.0100, -0.0099],
        [-0.0069,  0.0090],
        [-0.0735,  0.0728],
        [ 0.0321, -0.0311],
        [ 0.0883, -0.0876],
        [-0.0226,  0.0210],
        [-0.2905,  0.2901],
        [ 0.1703, -0.1703],
        [-0.0681,  0.0685],
        [ 0.0061, -0.0058],
        [-0.0456,  0.0478],
        [-0.1030,  0.1035],
        [-0.1934,  0.1949],
        [-0.3411,  0.3387]], device='cuda:0', requires_grad=True)
alpha 1 is Parameter containing:
tensor([[-0.0138,  0.0134],
        [ 0.0025, -0.0030],
        [-0.0958,  0.0956],
        [ 0.0032, -0.0021],
        [-0.0129,  0.0123],
        [ 0.0183, -0.0164],
        [-0.0780,  0.0778],
        [-0.0364,  0.0357],
        [-0.0539,  0.0542],
        [-0.0928,  0.0926],
        [ 0.0031, -0.0044],
        [-0.0799,  0.0804],
        [ 0.0444, -0.0437],
        [ 0.0841, -0.0840]], device='cuda:0', requires_grad=True)
[040-050] Search: Model metrics  : loss=0.39, accuracy@1=86.68%, accuracy@5=99.55%, time-cost=6723.2 s
[040-050] Search: Architecture metrics  : loss=0.53, accuracy@1=81.83%, accuracy@5=99.16%
[040-050] Evaluation:  : loss=0.51, accuracy@1=82.72%, accuracy@5=99.14%
Benchmark Results for cifar10 -> train: 0.0, valid: 0.0, test: 94.12395537867916
alpha 0 is Parameter containing:
tensor([[ 0.0102, -0.0101],
        [-0.0099,  0.0119],
        [-0.0745,  0.0739],
        [ 0.0298, -0.0288],
        [ 0.0867, -0.0860],
        [-0.0181,  0.0166],
        [-0.2940,  0.2936],
        [ 0.1766, -0.1766],
        [-0.0679,  0.0684],
        [ 0.0065, -0.0062],
        [-0.0554,  0.0575],
        [-0.0979,  0.0982],
        [-0.1915,  0.1930],
        [-0.3491,  0.3467]], device='cuda:0', requires_grad=True)
alpha 1 is Parameter containing:
tensor([[-0.0181,  0.0177],
        [ 0.0036, -0.0041],
        [-0.0971,  0.0969],
        [-0.0017,  0.0028],
        [-0.0132,  0.0126],
        [ 0.0305, -0.0286],
        [-0.0794,  0.0792],
        [-0.0394,  0.0388],
        [-0.0613,  0.0617],
        [-0.0994,  0.0992],
        [-0.0053,  0.0040],
        [-0.0792,  0.0797],
        [ 0.0506, -0.0498],
        [ 0.0894, -0.0893]], device='cuda:0', requires_grad=True)
[041-050] Search: Model metrics  : loss=0.39, accuracy@1=86.45%, accuracy@5=99.50%, time-cost=6917.6 s
[041-050] Search: Architecture metrics  : loss=0.53, accuracy@1=82.01%, accuracy@5=99.11%
[041-050] Evaluation:  : loss=0.50, accuracy@1=82.86%, accuracy@5=99.19%
Benchmark Results for cifar10 -> train: 0.0, valid: 0.0, test: 94.15268417838911
alpha 0 is Parameter containing:
tensor([[ 0.0066, -0.0065],
        [-0.0146,  0.0166],
        [-0.0759,  0.0753],
        [ 0.0304, -0.0294],
        [ 0.0891, -0.0884],
        [-0.0092,  0.0076],
        [-0.3002,  0.2998],
        [ 0.1972, -0.1972],
        [-0.0564,  0.0568],
        [ 0.0097, -0.0094],
        [-0.0537,  0.0558],
        [-0.1009,  0.1013],
        [-0.1856,  0.1870],
        [-0.3610,  0.3586]], device='cuda:0', requires_grad=True)
alpha 1 is Parameter containing:
tensor([[-0.0150,  0.0146],
        [ 0.0081, -0.0087],
        [-0.0938,  0.0936],
        [-0.0056,  0.0067],
        [-0.0081,  0.0075],
        [ 0.0249, -0.0231],
        [-0.0729,  0.0726],
        [-0.0414,  0.0408],
        [-0.0668,  0.0671],
        [-0.0948,  0.0946],
        [-0.0111,  0.0098],
        [-0.0719,  0.0724],
        [ 0.0501, -0.0494],
        [ 0.0862, -0.0861]], device='cuda:0', requires_grad=True)
[042-050] Search: Model metrics  : loss=0.39, accuracy@1=86.56%, accuracy@5=99.56%, time-cost=7112.2 s
[042-050] Search: Architecture metrics  : loss=0.53, accuracy@1=81.71%, accuracy@5=99.12%
[042-050] Evaluation:  : loss=0.50, accuracy@1=83.20%, accuracy@5=99.21%
<<<--->>> The 042-050-th epoch : found the highest validation accuracy : 83.20%.
Benchmark Results for cifar10 -> train: 0.0, valid: 0.0, test: 94.22760242036348
alpha 0 is Parameter containing:
tensor([[ 0.0107, -0.0105],
        [-0.0256,  0.0276],
        [-0.0772,  0.0765],
        [ 0.0319, -0.0309],
        [ 0.0882, -0.0875],
        [-0.0011, -0.0004],
        [-0.3056,  0.3052],
        [ 0.2037, -0.2038],
        [-0.0534,  0.0538],
        [ 0.0169, -0.0167],
        [-0.0472,  0.0494],
        [-0.1018,  0.1021],
        [-0.1838,  0.1853],
        [-0.3685,  0.3661]], device='cuda:0', requires_grad=True)
alpha 1 is Parameter containing:
tensor([[-0.0190,  0.0186],
        [ 0.0054, -0.0060],
        [-0.0956,  0.0954],
        [ 0.0023, -0.0012],
        [-0.0147,  0.0140],
        [ 0.0144, -0.0125],
        [-0.0695,  0.0693],
        [-0.0313,  0.0307],
        [-0.0647,  0.0651],
        [-0.0946,  0.0944],
        [-0.0130,  0.0118],
        [-0.0764,  0.0768],
        [ 0.0515, -0.0507],
        [ 0.0754, -0.0753]], device='cuda:0', requires_grad=True)
[043-050] Search: Model metrics  : loss=0.39, accuracy@1=86.50%, accuracy@5=99.52%, time-cost=7307.3 s
[043-050] Search: Architecture metrics  : loss=0.52, accuracy@1=82.34%, accuracy@5=99.14%
[043-050] Evaluation:  : loss=0.50, accuracy@1=83.07%, accuracy@5=99.22%
Benchmark Results for cifar10 -> train: 0.0, valid: 0.0, test: 94.23786191258324
alpha 0 is Parameter containing:
tensor([[ 0.0074, -0.0073],
        [-0.0181,  0.0202],
        [-0.0882,  0.0876],
        [ 0.0334, -0.0324],
        [ 0.0882, -0.0875],
        [-0.0024,  0.0009],
        [-0.3122,  0.3118],
        [ 0.2086, -0.2087],
        [-0.0575,  0.0580],
        [ 0.0159, -0.0156],
        [-0.0358,  0.0379],
        [-0.0965,  0.0969],
        [-0.1871,  0.1886],
        [-0.3655,  0.3632]], device='cuda:0', requires_grad=True)
alpha 1 is Parameter containing:
tensor([[-0.0151,  0.0147],
        [-0.0011,  0.0006],
        [-0.0990,  0.0989],
        [-0.0019,  0.0030],
        [-0.0166,  0.0160],
        [ 0.0120, -0.0102],
        [-0.0870,  0.0868],
        [-0.0388,  0.0382],
        [-0.0635,  0.0638],
        [-0.1061,  0.1060],
        [-0.0092,  0.0079],
        [-0.0766,  0.0771],
        [ 0.0523, -0.0516],
        [ 0.0733, -0.0732]], device='cuda:0', requires_grad=True)
[044-050] Search: Model metrics  : loss=0.39, accuracy@1=86.60%, accuracy@5=99.55%, time-cost=7502.2 s
[044-050] Search: Architecture metrics  : loss=0.52, accuracy@1=82.39%, accuracy@5=99.07%
[044-050] Evaluation:  : loss=0.50, accuracy@1=83.02%, accuracy@5=99.22%
Benchmark Results for cifar10 -> train: 0.0, valid: 0.0, test: 94.15369758248725
alpha 0 is Parameter containing:
tensor([[ 0.0040, -0.0039],
        [-0.0196,  0.0217],
        [-0.0813,  0.0807],
        [ 0.0495, -0.0486],
        [ 0.1088, -0.1081],
        [ 0.0014, -0.0030],
        [-0.3082,  0.3079],
        [ 0.2129, -0.2130],
        [-0.0558,  0.0562],
        [ 0.0194, -0.0191],
        [-0.0343,  0.0364],
        [-0.0857,  0.0861],
        [-0.1797,  0.1811],
        [-0.3658,  0.3635]], device='cuda:0', requires_grad=True)
alpha 1 is Parameter containing:
tensor([[-0.0242,  0.0238],
        [-0.0036,  0.0030],
        [-0.0993,  0.0991],
        [-0.0008,  0.0018],
        [-0.0059,  0.0053],
        [ 0.0158, -0.0139],
        [-0.0880,  0.0877],
        [-0.0380,  0.0374],
        [-0.0580,  0.0583],
        [-0.1069,  0.1068],
        [-0.0184,  0.0171],
        [-0.0734,  0.0738],
        [ 0.0526, -0.0518],
        [ 0.0767, -0.0766]], device='cuda:0', requires_grad=True)
[045-050] Search: Model metrics  : loss=0.39, accuracy@1=86.81%, accuracy@5=99.50%, time-cost=7698.1 s
[045-050] Search: Architecture metrics  : loss=0.52, accuracy@1=81.92%, accuracy@5=99.10%
[045-050] Evaluation:  : loss=0.50, accuracy@1=82.74%, accuracy@5=99.18%
Benchmark Results for cifar10 -> train: 0.0, valid: 0.0, test: 94.19491425363846
alpha 0 is Parameter containing:
tensor([[ 0.0088, -0.0087],
        [-0.0244,  0.0264],
        [-0.0729,  0.0723],
        [ 0.0528, -0.0518],
        [ 0.1039, -0.1032],
        [-0.0047,  0.0031],
        [-0.3156,  0.3153],
        [ 0.2118, -0.2119],
        [-0.0724,  0.0728],
        [ 0.0130, -0.0127],
        [-0.0456,  0.0477],
        [-0.0880,  0.0883],
        [-0.1870,  0.1885],
        [-0.3739,  0.3716]], device='cuda:0', requires_grad=True)
alpha 1 is Parameter containing:
tensor([[-0.0257,  0.0253],
        [-0.0071,  0.0066],
        [-0.0984,  0.0982],
        [ 0.0006,  0.0004],
        [ 0.0044, -0.0051],
        [ 0.0110, -0.0092],
        [-0.1020,  0.1018],
        [-0.0420,  0.0414],
        [-0.0726,  0.0730],
        [-0.1030,  0.1028],
        [-0.0231,  0.0219],
        [-0.0740,  0.0744],
        [ 0.0438, -0.0431],
        [ 0.0807, -0.0806]], device='cuda:0', requires_grad=True)
[046-050] Search: Model metrics  : loss=0.39, accuracy@1=86.42%, accuracy@5=99.52%, time-cost=7892.9 s
[046-050] Search: Architecture metrics  : loss=0.52, accuracy@1=82.23%, accuracy@5=99.14%
[046-050] Evaluation:  : loss=0.50, accuracy@1=83.14%, accuracy@5=99.16%
Benchmark Results for cifar10 -> train: 0.0, valid: 0.0, test: 94.22915658518116
alpha 0 is Parameter containing:
tensor([[ 0.0130, -0.0129],
        [-0.0198,  0.0219],
        [-0.0740,  0.0734],
        [ 0.0458, -0.0448],
        [ 0.1003, -0.0996],
        [-0.0149,  0.0134],
        [-0.3152,  0.3148],
        [ 0.2127, -0.2128],
        [-0.0706,  0.0710],
        [ 0.0133, -0.0130],
        [-0.0483,  0.0504],
        [-0.0863,  0.0867],
        [-0.1833,  0.1847],
        [-0.3788,  0.3764]], device='cuda:0', requires_grad=True)
alpha 1 is Parameter containing:
tensor([[-0.0171,  0.0167],
        [-0.0051,  0.0046],
        [-0.0986,  0.0984],
        [-0.0009,  0.0020],
        [-0.0027,  0.0021],
        [ 0.0142, -0.0124],
        [-0.0884,  0.0881],
        [-0.0435,  0.0429],
        [-0.0726,  0.0729],
        [-0.1078,  0.1076],
        [-0.0262,  0.0250],
        [-0.0773,  0.0777],
        [ 0.0426, -0.0418],
        [ 0.0717, -0.0716]], device='cuda:0', requires_grad=True)
[047-050] Search: Model metrics  : loss=0.38, accuracy@1=86.77%, accuracy@5=99.49%, time-cost=8088.1 s
[047-050] Search: Architecture metrics  : loss=0.52, accuracy@1=82.03%, accuracy@5=99.14%
[047-050] Evaluation:  : loss=0.51, accuracy@1=82.80%, accuracy@5=99.19%
Benchmark Results for cifar10 -> train: 0.0, valid: 0.0, test: 94.18389295870648
alpha 0 is Parameter containing:
tensor([[ 0.0177, -0.0176],
        [-0.0235,  0.0255],
        [-0.0721,  0.0715],
        [ 0.0443, -0.0433],
        [ 0.0939, -0.0932],
        [-0.0136,  0.0121],
        [-0.3169,  0.3166],
        [ 0.2173, -0.2174],
        [-0.0642,  0.0646],
        [ 0.0062, -0.0060],
        [-0.0609,  0.0629],
        [-0.0837,  0.0841],
        [-0.1844,  0.1859],
        [-0.3830,  0.3806]], device='cuda:0', requires_grad=True)
alpha 1 is Parameter containing:
tensor([[-0.0108,  0.0104],
        [ 0.0017, -0.0022],
        [-0.0988,  0.0986],
        [ 0.0095, -0.0085],
        [-0.0042,  0.0036],
        [ 0.0224, -0.0207],
        [-0.0826,  0.0824],
        [-0.0429,  0.0423],
        [-0.0659,  0.0662],
        [-0.1010,  0.1008],
        [-0.0180,  0.0167],
        [-0.0799,  0.0803],
        [ 0.0442, -0.0435],
        [ 0.0622, -0.0621]], device='cuda:0', requires_grad=True)
[048-050] Search: Model metrics  : loss=0.38, accuracy@1=86.57%, accuracy@5=99.53%, time-cost=8282.8 s
[048-050] Search: Architecture metrics  : loss=0.52, accuracy@1=82.54%, accuracy@5=99.12%
[048-050] Evaluation:  : loss=0.50, accuracy@1=82.85%, accuracy@5=99.17%
Benchmark Results for cifar10 -> train: 0.0, valid: 0.0, test: 94.21869038407516
alpha 0 is Parameter containing:
tensor([[ 0.0082, -0.0081],
        [-0.0300,  0.0321],
        [-0.0780,  0.0774],
        [ 0.0394, -0.0384],
        [ 0.0959, -0.0952],
        [-0.0079,  0.0064],
        [-0.3100,  0.3097],
        [ 0.2165, -0.2166],
        [-0.0534,  0.0538],
        [ 0.0031, -0.0028],
        [-0.0607,  0.0628],
        [-0.0792,  0.0795],
        [-0.1798,  0.1812],
        [-0.3938,  0.3915]], device='cuda:0', requires_grad=True)
alpha 1 is Parameter containing:
tensor([[-0.0079,  0.0075],
        [-0.0047,  0.0041],
        [-0.0980,  0.0978],
        [ 0.0046, -0.0035],
        [-0.0060,  0.0053],
        [ 0.0123, -0.0105],
        [-0.0801,  0.0798],
        [-0.0414,  0.0408],
        [-0.0676,  0.0679],
        [-0.1018,  0.1017],
        [-0.0243,  0.0231],
        [-0.0696,  0.0700],
        [ 0.0496, -0.0489],
        [ 0.0690, -0.0689]], device='cuda:0', requires_grad=True)
[049-050] Search: Model metrics  : loss=0.39, accuracy@1=86.67%, accuracy@5=99.53%, time-cost=8478.1 s
[049-050] Search: Architecture metrics  : loss=0.51, accuracy@1=82.54%, accuracy@5=99.01%
[049-050] Evaluation:  : loss=0.50, accuracy@1=83.02%, accuracy@5=99.16%
Benchmark Results for cifar10 -> train: 0.0, valid: 0.0, test: 94.25064281998266
alpha 0 is Parameter containing:
tensor([[ 0.0095, -0.0094],
        [-0.0218,  0.0239],
        [-0.0791,  0.0785],
        [ 0.0427, -0.0417],
        [ 0.0952, -0.0945],
        [-0.0024,  0.0009],
        [-0.3160,  0.3156],
        [ 0.2255, -0.2256],
        [-0.0467,  0.0471],
        [ 0.0010, -0.0007],
        [-0.0634,  0.0654],
        [-0.0742,  0.0746],
        [-0.1803,  0.1817],
        [-0.3962,  0.3938]], device='cuda:0', requires_grad=True)
alpha 1 is Parameter containing:
tensor([[-0.0080,  0.0076],
        [-0.0121,  0.0116],
        [-0.0998,  0.0996],
        [-0.0015,  0.0025],
        [ 0.0008, -0.0014],
        [ 0.0224, -0.0206],
        [-0.0722,  0.0719],
        [-0.0342,  0.0336],
        [-0.0555,  0.0558],
        [-0.1048,  0.1046],
        [-0.0211,  0.0199],
        [-0.0707,  0.0711],
        [ 0.0526, -0.0519],
        [ 0.0773, -0.0771]], device='cuda:0', requires_grad=True)
[050-050] Search: Model metrics  : loss=0.38, accuracy@1=86.70%, accuracy@5=99.56%, time-cost=8673.6 s
[050-050] Search: Architecture metrics  : loss=0.52, accuracy@1=82.53%, accuracy@5=99.06%
[050-050] Evaluation:  : loss=0.50, accuracy@1=82.98%, accuracy@5=99.22%
Benchmark Results for cifar10 -> train: 0.0, valid: 0.0, test: 94.28675252778383
alpha 0 is Parameter containing:
tensor([[ 0.0049, -0.0048],
        [-0.0230,  0.0250],
        [-0.0838,  0.0832],
        [ 0.0470, -0.0461],
        [ 0.0930, -0.0924],
        [-0.0134,  0.0119],
        [-0.3214,  0.3211],
        [ 0.2213, -0.2213],
        [-0.0550,  0.0554],
        [-0.0074,  0.0077],
        [-0.0740,  0.0760],
        [-0.0836,  0.0840],
        [-0.1853,  0.1867],
        [-0.4067,  0.4044]], device='cuda:0', requires_grad=True)
alpha 1 is Parameter containing:
tensor([[ 0.0018, -0.0022],
        [-0.0177,  0.0172],
        [-0.1011,  0.1009],
        [-0.0175,  0.0185],
        [-0.0028,  0.0022],
        [ 0.0261, -0.0244],
        [-0.0735,  0.0732],
        [-0.0428,  0.0422],
        [-0.0567,  0.0570],
        [-0.1081,  0.1079],
        [-0.0314,  0.0302],
        [-0.0830,  0.0834],
        [ 0.0477, -0.0470],
        [ 0.0763, -0.0762]], device='cuda:0', requires_grad=True)