Training the supernet with the following configuration: 
{
  "sampler": {
    "sample_frequency": "step"
  },
  "perturbator": null,
  "partial_connector": null,
  "dropout": {
    "p": 0.0,
    "p_min": 0.0,
    "anneal_frequency": "epoch",
    "anneal_type": "linear",
    "max_iter": 50
  },
  "trainer": {
    "lr": 0.025,
    "arch_lr": 0.0003,
    "epochs": 50,
    "lora_warm_epochs": 10,
    "optim": "sgd",
    "arch_optim": "adam",
    "optim_config": {
      "momentum": 0.9,
      "nesterov": 0,
      "weight_decay": 0.0003
    },
    "arch_optim_config": {
      "betas": [
        0.5,
        0.999
      ],
      "weight_decay": 0.001
    },
    "scheduler": "cosine_annealing_lr",
    "criterion": "cross_entropy",
    "batch_size": 64,
    "learning_rate_min": 0.001,
    "cutout": -1,
    "cutout_length": 16,
    "train_portion": 0.5,
    "use_data_parallel": false,
    "checkpointing_freq": 1,
    "seed": 100
  },
  "lora": {
    "r": 1,
    "lora_dropout": 0,
    "lora_alpha": 1,
    "merge_weights": true
  },
  "lora_extra": {
    "toggle_epochs": null,
    "warm_epochs": 10,
    "toggle_probability": null
  },
  "sampler_type": "darts",
  "searchspace_str": "robust_darts",
  "weight_type": "weight_sharing",
  "oles": {
    "oles": false,
    "calc_gm_score": false
  },
  "search_space": {
    "num_classes": 10,
    "space": "s4"
  },
  "project_name": "LoRA-robust-darts",
  "experiment_type": "lora",
  "seed": 2
}
[001-050] Search: Model metrics  : loss=2.03, accuracy@1=20.84%, accuracy@5=73.90%, time-cost=92.9 s
[001-050] Evaluation:  : loss=2.03, accuracy@1=25.47%, accuracy@5=82.71%
[001-050] Layer Alignment score:  normal: 0.0000, reduce: 0.0000
<<<--->>> The 001-050-th epoch : found the highest validation accuracy : 25.47%.
[002-050] Search: Model metrics  : loss=1.64, accuracy@1=37.81%, accuracy@5=89.16%, time-cost=182.8 s
[002-050] Evaluation:  : loss=1.65, accuracy@1=39.84%, accuracy@5=89.84%
[002-050] Layer Alignment score:  normal: 0.0000, reduce: 0.0000
<<<--->>> The 002-050-th epoch : found the highest validation accuracy : 39.84%.
[003-050] Search: Model metrics  : loss=1.39, accuracy@1=47.96%, accuracy@5=92.86%, time-cost=272.5 s
[003-050] Evaluation:  : loss=1.50, accuracy@1=48.81%, accuracy@5=92.26%
[003-050] Layer Alignment score:  normal: 0.0000, reduce: 0.0000
<<<--->>> The 003-050-th epoch : found the highest validation accuracy : 48.81%.
[004-050] Search: Model metrics  : loss=1.22, accuracy@1=55.49%, accuracy@5=95.03%, time-cost=361.3 s
[004-050] Evaluation:  : loss=1.37, accuracy@1=52.68%, accuracy@5=93.24%
[004-050] Layer Alignment score:  normal: 0.0000, reduce: 0.0000
<<<--->>> The 004-050-th epoch : found the highest validation accuracy : 52.68%.
[005-050] Search: Model metrics  : loss=1.11, accuracy@1=60.01%, accuracy@5=95.85%, time-cost=450.7 s
[005-050] Evaluation:  : loss=1.12, accuracy@1=60.34%, accuracy@5=95.70%
[005-050] Layer Alignment score:  normal: 0.0000, reduce: 0.0000
<<<--->>> The 005-050-th epoch : found the highest validation accuracy : 60.34%.
[006-050] Search: Model metrics  : loss=1.03, accuracy@1=62.55%, accuracy@5=96.52%, time-cost=539.8 s
[006-050] Evaluation:  : loss=1.14, accuracy@1=58.63%, accuracy@5=96.02%
[006-050] Layer Alignment score:  normal: 0.0000, reduce: 0.0000
[007-050] Search: Model metrics  : loss=0.96, accuracy@1=65.26%, accuracy@5=97.01%, time-cost=629.4 s
[007-050] Evaluation:  : loss=1.02, accuracy@1=63.00%, accuracy@5=97.08%
[007-050] Layer Alignment score:  normal: 0.0000, reduce: 0.0000
<<<--->>> The 007-050-th epoch : found the highest validation accuracy : 63.00%.
[008-050] Search: Model metrics  : loss=0.91, accuracy@1=67.24%, accuracy@5=97.26%, time-cost=719.1 s
[008-050] Evaluation:  : loss=0.92, accuracy@1=67.26%, accuracy@5=97.26%
[008-050] Layer Alignment score:  normal: 0.0000, reduce: 0.0000
<<<--->>> The 008-050-th epoch : found the highest validation accuracy : 67.26%.
[009-050] Search: Model metrics  : loss=0.86, accuracy@1=68.91%, accuracy@5=97.86%, time-cost=808.9 s
[009-050] Evaluation:  : loss=0.87, accuracy@1=68.78%, accuracy@5=97.55%
[009-050] Layer Alignment score:  normal: 0.0000, reduce: 0.0000
<<<--->>> The 009-050-th epoch : found the highest validation accuracy : 68.78%.
[010-050] Search: Model metrics  : loss=0.81, accuracy@1=71.39%, accuracy@5=97.96%, time-cost=897.9 s
[010-050] Evaluation:  : loss=0.86, accuracy@1=69.72%, accuracy@5=97.80%
[010-050] Layer Alignment score:  normal: 0.0000, reduce: 0.0000
<<<--->>> The 010-050-th epoch : found the highest validation accuracy : 69.72%.
The searchspace has been warm started with 10 epochs
LoRA layers have been initialized for all operations with Conv2DLoRA module
[011-050] Search: Model metrics  : loss=0.72, accuracy@1=74.77%, accuracy@5=98.43%, time-cost=1084.1 s
[011-050] Search: Architecture metrics  : loss=0.78, accuracy@1=72.32%, accuracy@5=98.17%
[011-050] Evaluation:  : loss=0.73, accuracy@1=74.15%, accuracy@5=98.37%
[011-050] Layer Alignment score:  normal: 0.0000, reduce: 0.0000
<<<--->>> The 011-050-th epoch : found the highest validation accuracy : 74.15%.
alpha 0 is Parameter containing:
tensor([[-0.0234,  0.0247],
        [-0.0233,  0.0225],
        [-0.0108,  0.0105],
        [-0.0334,  0.0341],
        [-0.0066,  0.0088],
        [-0.0203,  0.0198],
        [-0.0405,  0.0387],
        [-0.0251,  0.0259],
        [-0.0296,  0.0304],
        [-0.0162,  0.0139],
        [-0.0301,  0.0307],
        [-0.0153,  0.0130],
        [-0.0268,  0.0284],
        [-0.0169,  0.0178]], device='cuda:0', requires_grad=True)
alpha 1 is Parameter containing:
tensor([[-0.0602,  0.0613],
        [-0.0289,  0.0257],
        [-0.0210,  0.0226],
        [-0.0145,  0.0117],
        [-0.0303,  0.0312],
        [-0.0378,  0.0396],
        [-0.0363,  0.0355],
        [-0.0186,  0.0163],
        [-0.0127,  0.0117],
        [-0.0301,  0.0297],
        [-0.0384,  0.0388],
        [-0.0216,  0.0207],
        [-0.0224,  0.0211],
        [-0.0265,  0.0250]], device='cuda:0', requires_grad=True)
[012-050] Search: Model metrics  : loss=0.69, accuracy@1=76.01%, accuracy@5=98.67%, time-cost=1271.4 s
[012-050] Search: Architecture metrics  : loss=0.75, accuracy@1=73.79%, accuracy@5=98.16%
[012-050] Evaluation:  : loss=0.70, accuracy@1=75.21%, accuracy@5=98.50%
[012-050] Layer Alignment score:  normal: 0.0000, reduce: 0.0000
<<<--->>> The 012-050-th epoch : found the highest validation accuracy : 75.21%.
alpha 0 is Parameter containing:
tensor([[-0.0497,  0.0510],
        [-0.0595,  0.0587],
        [-0.0292,  0.0289],
        [-0.0561,  0.0567],
        [-0.0237,  0.0258],
        [-0.0308,  0.0302],
        [-0.0677,  0.0659],
        [-0.0535,  0.0542],
        [-0.0408,  0.0416],
        [-0.0394,  0.0372],
        [-0.0417,  0.0422],
        [-0.0346,  0.0323],
        [-0.0307,  0.0322],
        [-0.0376,  0.0385]], device='cuda:0', requires_grad=True)
alpha 1 is Parameter containing:
tensor([[-0.1170,  0.1181],
        [-0.0473,  0.0441],
        [-0.0449,  0.0465],
        [-0.0353,  0.0325],
        [-0.0466,  0.0474],
        [-0.0647,  0.0664],
        [-0.0596,  0.0588],
        [-0.0471,  0.0448],
        [-0.0231,  0.0221],
        [-0.0494,  0.0490],
        [-0.0623,  0.0627],
        [-0.0389,  0.0381],
        [-0.0361,  0.0348],
        [-0.0353,  0.0339]], device='cuda:0', requires_grad=True)
[013-050] Search: Model metrics  : loss=0.68, accuracy@1=75.96%, accuracy@5=98.62%, time-cost=1456.8 s
[013-050] Search: Architecture metrics  : loss=0.74, accuracy@1=74.12%, accuracy@5=98.19%
[013-050] Evaluation:  : loss=0.70, accuracy@1=75.22%, accuracy@5=98.39%
[013-050] Layer Alignment score:  normal: 0.0000, reduce: 0.0000
<<<--->>> The 013-050-th epoch : found the highest validation accuracy : 75.22%.
alpha 0 is Parameter containing:
tensor([[-0.0610,  0.0623],
        [-0.0849,  0.0841],
        [-0.0299,  0.0296],
        [-0.0833,  0.0840],
        [-0.0395,  0.0416],
        [-0.0369,  0.0363],
        [-0.0835,  0.0818],
        [-0.0846,  0.0853],
        [-0.0655,  0.0663],
        [-0.0468,  0.0446],
        [-0.0513,  0.0518],
        [-0.0528,  0.0505],
        [-0.0411,  0.0426],
        [-0.0593,  0.0602]], device='cuda:0', requires_grad=True)
alpha 1 is Parameter containing:
tensor([[-0.1533,  0.1545],
        [-0.0736,  0.0704],
        [-0.0644,  0.0659],
        [-0.0384,  0.0356],
        [-0.0636,  0.0645],
        [-0.0878,  0.0895],
        [-0.0810,  0.0802],
        [-0.0726,  0.0703],
        [-0.0334,  0.0324],
        [-0.0731,  0.0727],
        [-0.0857,  0.0861],
        [-0.0618,  0.0609],
        [-0.0480,  0.0467],
        [-0.0550,  0.0536]], device='cuda:0', requires_grad=True)
[014-050] Search: Model metrics  : loss=0.66, accuracy@1=76.76%, accuracy@5=98.70%, time-cost=1643.0 s
[014-050] Search: Architecture metrics  : loss=0.72, accuracy@1=74.79%, accuracy@5=98.31%
[014-050] Evaluation:  : loss=0.70, accuracy@1=75.68%, accuracy@5=98.55%
[014-050] Layer Alignment score:  normal: 0.0000, reduce: 0.0000
<<<--->>> The 014-050-th epoch : found the highest validation accuracy : 75.68%.
alpha 0 is Parameter containing:
tensor([[-0.0735,  0.0748],
        [-0.1027,  0.1019],
        [-0.0380,  0.0377],
        [-0.1034,  0.1040],
        [-0.0602,  0.0622],
        [-0.0477,  0.0471],
        [-0.0997,  0.0979],
        [-0.0995,  0.1002],
        [-0.0871,  0.0878],
        [-0.0516,  0.0494],
        [-0.0613,  0.0618],
        [-0.0630,  0.0607],
        [-0.0545,  0.0559],
        [-0.0879,  0.0888]], device='cuda:0', requires_grad=True)
alpha 1 is Parameter containing:
tensor([[-0.1913,  0.1924],
        [-0.1068,  0.1037],
        [-0.0771,  0.0787],
        [-0.0517,  0.0489],
        [-0.0822,  0.0830],
        [-0.1043,  0.1061],
        [-0.0966,  0.0958],
        [-0.0922,  0.0900],
        [-0.0468,  0.0458],
        [-0.0878,  0.0874],
        [-0.1078,  0.1082],
        [-0.0803,  0.0794],
        [-0.0443,  0.0430],
        [-0.0645,  0.0632]], device='cuda:0', requires_grad=True)
[015-050] Search: Model metrics  : loss=0.65, accuracy@1=77.05%, accuracy@5=98.71%, time-cost=1829.4 s
[015-050] Search: Architecture metrics  : loss=0.71, accuracy@1=75.22%, accuracy@5=98.51%
[015-050] Evaluation:  : loss=0.68, accuracy@1=76.14%, accuracy@5=98.66%
[015-050] Layer Alignment score:  normal: 0.0000, reduce: 0.0000
<<<--->>> The 015-050-th epoch : found the highest validation accuracy : 76.14%.
alpha 0 is Parameter containing:
tensor([[-0.0840,  0.0853],
        [-0.1225,  0.1217],
        [-0.0536,  0.0533],
        [-0.1334,  0.1340],
        [-0.0713,  0.0734],
        [-0.0571,  0.0566],
        [-0.1095,  0.1078],
        [-0.1128,  0.1135],
        [-0.1042,  0.1050],
        [-0.0468,  0.0447],
        [-0.0783,  0.0788],
        [-0.0714,  0.0692],
        [-0.0678,  0.0693],
        [-0.1196,  0.1204]], device='cuda:0', requires_grad=True)
alpha 1 is Parameter containing:
tensor([[-0.2311,  0.2322],
        [-0.1244,  0.1213],
        [-0.1033,  0.1048],
        [-0.0631,  0.0604],
        [-0.0992,  0.1000],
        [-0.1168,  0.1186],
        [-0.1205,  0.1197],
        [-0.1058,  0.1036],
        [-0.0483,  0.0473],
        [-0.1207,  0.1203],
        [-0.1150,  0.1154],
        [-0.1027,  0.1018],
        [-0.0572,  0.0559],
        [-0.0769,  0.0756]], device='cuda:0', requires_grad=True)
[016-050] Search: Model metrics  : loss=0.64, accuracy@1=77.31%, accuracy@5=98.76%, time-cost=2016.3 s
[016-050] Search: Architecture metrics  : loss=0.71, accuracy@1=75.29%, accuracy@5=98.51%
[016-050] Evaluation:  : loss=0.68, accuracy@1=76.03%, accuracy@5=98.56%
[016-050] Layer Alignment score:  normal: 0.0000, reduce: 0.0000
alpha 0 is Parameter containing:
tensor([[-0.0961,  0.0973],
        [-0.1427,  0.1419],
        [-0.0627,  0.0624],
        [-0.1568,  0.1574],
        [-0.0784,  0.0804],
        [-0.0651,  0.0646],
        [-0.1339,  0.1321],
        [-0.1236,  0.1243],
        [-0.1210,  0.1218],
        [-0.0585,  0.0563],
        [-0.0904,  0.0909],
        [-0.0761,  0.0739],
        [-0.0690,  0.0704],
        [-0.1358,  0.1366]], device='cuda:0', requires_grad=True)
alpha 1 is Parameter containing:
tensor([[-0.2698,  0.2709],
        [-0.1533,  0.1502],
        [-0.1222,  0.1237],
        [-0.0795,  0.0768],
        [-0.1248,  0.1256],
        [-0.1260,  0.1277],
        [-0.1347,  0.1340],
        [-0.1156,  0.1134],
        [-0.0525,  0.0516],
        [-0.1295,  0.1291],
        [-0.1373,  0.1377],
        [-0.1176,  0.1168],
        [-0.0677,  0.0664],
        [-0.0746,  0.0733]], device='cuda:0', requires_grad=True)
[017-050] Search: Model metrics  : loss=0.64, accuracy@1=77.55%, accuracy@5=98.85%, time-cost=2202.7 s
[017-050] Search: Architecture metrics  : loss=0.70, accuracy@1=75.52%, accuracy@5=98.53%
[017-050] Evaluation:  : loss=0.67, accuracy@1=76.16%, accuracy@5=98.66%
[017-050] Layer Alignment score:  normal: 0.0000, reduce: 0.0000
<<<--->>> The 017-050-th epoch : found the highest validation accuracy : 76.16%.
alpha 0 is Parameter containing:
tensor([[-0.1062,  0.1074],
        [-0.1613,  0.1605],
        [-0.0782,  0.0780],
        [-0.1736,  0.1742],
        [-0.1003,  0.1024],
        [-0.0735,  0.0729],
        [-0.1446,  0.1429],
        [-0.1308,  0.1315],
        [-0.1296,  0.1303],
        [-0.0653,  0.0632],
        [-0.0892,  0.0897],
        [-0.0851,  0.0829],
        [-0.0621,  0.0635],
        [-0.1469,  0.1477]], device='cuda:0', requires_grad=True)
alpha 1 is Parameter containing:
tensor([[-0.3050,  0.3061],
        [-0.1742,  0.1711],
        [-0.1389,  0.1405],
        [-0.0912,  0.0885],
        [-0.1410,  0.1418],
        [-0.1314,  0.1331],
        [-0.1387,  0.1380],
        [-0.1208,  0.1187],
        [-0.0696,  0.0687],
        [-0.1397,  0.1393],
        [-0.1547,  0.1551],
        [-0.1364,  0.1355],
        [-0.0889,  0.0876],
        [-0.0811,  0.0799]], device='cuda:0', requires_grad=True)
[018-050] Search: Model metrics  : loss=0.63, accuracy@1=77.85%, accuracy@5=98.79%, time-cost=2388.6 s
[018-050] Search: Architecture metrics  : loss=0.70, accuracy@1=75.41%, accuracy@5=98.44%
[018-050] Evaluation:  : loss=0.67, accuracy@1=76.68%, accuracy@5=98.64%
[018-050] Layer Alignment score:  normal: 0.0000, reduce: 0.0000
<<<--->>> The 018-050-th epoch : found the highest validation accuracy : 76.68%.
alpha 0 is Parameter containing:
tensor([[-0.1195,  0.1207],
        [-0.1691,  0.1683],
        [-0.0849,  0.0847],
        [-0.1942,  0.1948],
        [-0.1100,  0.1120],
        [-0.0797,  0.0792],
        [-0.1574,  0.1557],
        [-0.1432,  0.1439],
        [-0.1397,  0.1404],
        [-0.0649,  0.0627],
        [-0.0973,  0.0978],
        [-0.0972,  0.0951],
        [-0.0617,  0.0631],
        [-0.1697,  0.1705]], device='cuda:0', requires_grad=True)
alpha 1 is Parameter containing:
tensor([[-0.3339,  0.3350],
        [-0.1911,  0.1881],
        [-0.1426,  0.1441],
        [-0.1053,  0.1026],
        [-0.1558,  0.1566],
        [-0.1415,  0.1432],
        [-0.1577,  0.1569],
        [-0.1370,  0.1349],
        [-0.0685,  0.0676],
        [-0.1540,  0.1536],
        [-0.1721,  0.1725],
        [-0.1401,  0.1393],
        [-0.0956,  0.0943],
        [-0.0867,  0.0854]], device='cuda:0', requires_grad=True)
[019-050] Search: Model metrics  : loss=0.63, accuracy@1=77.97%, accuracy@5=98.83%, time-cost=2575.2 s
[019-050] Search: Architecture metrics  : loss=0.68, accuracy@1=76.05%, accuracy@5=98.55%
[019-050] Evaluation:  : loss=0.67, accuracy@1=76.74%, accuracy@5=98.64%
[019-050] Layer Alignment score:  normal: 0.0000, reduce: 0.0000
<<<--->>> The 019-050-th epoch : found the highest validation accuracy : 76.74%.
alpha 0 is Parameter containing:
tensor([[-0.1343,  0.1356],
        [-0.1740,  0.1732],
        [-0.0903,  0.0900],
        [-0.2146,  0.2153],
        [-0.1118,  0.1138],
        [-0.0889,  0.0883],
        [-0.1664,  0.1647],
        [-0.1456,  0.1463],
        [-0.1492,  0.1499],
        [-0.0745,  0.0724],
        [-0.1014,  0.1019],
        [-0.1049,  0.1028],
        [-0.0687,  0.0701],
        [-0.1829,  0.1837]], device='cuda:0', requires_grad=True)
alpha 1 is Parameter containing:
tensor([[-0.3577,  0.3588],
        [-0.2048,  0.2017],
        [-0.1600,  0.1615],
        [-0.1122,  0.1096],
        [-0.1668,  0.1676],
        [-0.1510,  0.1527],
        [-0.1753,  0.1745],
        [-0.1521,  0.1500],
        [-0.0636,  0.0627],
        [-0.1779,  0.1776],
        [-0.1881,  0.1884],
        [-0.1529,  0.1521],
        [-0.1115,  0.1103],
        [-0.0915,  0.0903]], device='cuda:0', requires_grad=True)
[020-050] Search: Model metrics  : loss=0.62, accuracy@1=78.08%, accuracy@5=98.86%, time-cost=2762.8 s
[020-050] Search: Architecture metrics  : loss=0.68, accuracy@1=75.84%, accuracy@5=98.67%
[020-050] Evaluation:  : loss=0.65, accuracy@1=77.05%, accuracy@5=98.67%
[020-050] Layer Alignment score:  normal: 0.0000, reduce: 0.0000
<<<--->>> The 020-050-th epoch : found the highest validation accuracy : 77.05%.
alpha 0 is Parameter containing:
tensor([[-0.1491,  0.1503],
        [-0.1829,  0.1821],
        [-0.1010,  0.1007],
        [-0.2329,  0.2335],
        [-0.1215,  0.1235],
        [-0.0924,  0.0918],
        [-0.1681,  0.1664],
        [-0.1444,  0.1451],
        [-0.1604,  0.1612],
        [-0.0831,  0.0810],
        [-0.1088,  0.1093],
        [-0.1054,  0.1034],
        [-0.0792,  0.0806],
        [-0.1952,  0.1961]], device='cuda:0', requires_grad=True)
alpha 1 is Parameter containing:
tensor([[-0.3807,  0.3818],
        [-0.2229,  0.2199],
        [-0.1749,  0.1764],
        [-0.1269,  0.1243],
        [-0.1769,  0.1777],
        [-0.1627,  0.1644],
        [-0.1985,  0.1977],
        [-0.1557,  0.1536],
        [-0.0611,  0.0602],
        [-0.1825,  0.1822],
        [-0.2057,  0.2060],
        [-0.1675,  0.1667],
        [-0.1236,  0.1224],
        [-0.0927,  0.0915]], device='cuda:0', requires_grad=True)
[021-050] Search: Model metrics  : loss=0.62, accuracy@1=78.19%, accuracy@5=98.87%, time-cost=2956.4 s
[021-050] Search: Architecture metrics  : loss=0.69, accuracy@1=75.91%, accuracy@5=98.56%
[021-050] Evaluation:  : loss=0.65, accuracy@1=77.46%, accuracy@5=98.70%
[021-050] Layer Alignment score:  normal: 0.0000, reduce: 0.0000
<<<--->>> The 021-050-th epoch : found the highest validation accuracy : 77.46%.
alpha 0 is Parameter containing:
tensor([[-0.1496,  0.1508],
        [-0.1924,  0.1916],
        [-0.1106,  0.1103],
        [-0.2509,  0.2515],
        [-0.1333,  0.1353],
        [-0.1039,  0.1033],
        [-0.1834,  0.1817],
        [-0.1529,  0.1536],
        [-0.1634,  0.1641],
        [-0.0768,  0.0747],
        [-0.1184,  0.1189],
        [-0.1059,  0.1038],
        [-0.0758,  0.0772],
        [-0.2124,  0.2133]], device='cuda:0', requires_grad=True)
alpha 1 is Parameter containing:
tensor([[-0.4070,  0.4080],
        [-0.2259,  0.2229],
        [-0.1886,  0.1901],
        [-0.1436,  0.1410],
        [-0.1952,  0.1959],
        [-0.1677,  0.1694],
        [-0.2117,  0.2110],
        [-0.1671,  0.1650],
        [-0.0590,  0.0582],
        [-0.1941,  0.1937],
        [-0.2167,  0.2171],
        [-0.1750,  0.1742],
        [-0.1452,  0.1440],
        [-0.1020,  0.1008]], device='cuda:0', requires_grad=True)
[022-050] Search: Model metrics  : loss=0.62, accuracy@1=78.20%, accuracy@5=98.92%, time-cost=3148.4 s
[022-050] Search: Architecture metrics  : loss=0.70, accuracy@1=75.60%, accuracy@5=98.44%
[022-050] Evaluation:  : loss=0.65, accuracy@1=77.32%, accuracy@5=98.76%
[022-050] Layer Alignment score:  normal: 0.0000, reduce: 0.0000
alpha 0 is Parameter containing:
tensor([[-0.1434,  0.1447],
        [-0.1975,  0.1968],
        [-0.1127,  0.1124],
        [-0.2655,  0.2661],
        [-0.1361,  0.1381],
        [-0.1028,  0.1023],
        [-0.1936,  0.1919],
        [-0.1543,  0.1550],
        [-0.1833,  0.1840],
        [-0.0689,  0.0668],
        [-0.1256,  0.1261],
        [-0.1110,  0.1090],
        [-0.0734,  0.0747],
        [-0.2312,  0.2320]], device='cuda:0', requires_grad=True)
alpha 1 is Parameter containing:
tensor([[-0.4186,  0.4197],
        [-0.2409,  0.2379],
        [-0.2039,  0.2054],
        [-0.1596,  0.1570],
        [-0.2200,  0.2207],
        [-0.1725,  0.1741],
        [-0.2257,  0.2250],
        [-0.1753,  0.1732],
        [-0.0637,  0.0629],
        [-0.2097,  0.2093],
        [-0.2270,  0.2273],
        [-0.1930,  0.1923],
        [-0.1728,  0.1716],
        [-0.1021,  0.1009]], device='cuda:0', requires_grad=True)
[023-050] Search: Model metrics  : loss=0.61, accuracy@1=78.47%, accuracy@5=98.93%, time-cost=3335.0 s
[023-050] Search: Architecture metrics  : loss=0.68, accuracy@1=76.05%, accuracy@5=98.57%
[023-050] Evaluation:  : loss=0.65, accuracy@1=77.34%, accuracy@5=98.76%
[023-050] Layer Alignment score:  normal: 0.0000, reduce: 0.0000
alpha 0 is Parameter containing:
tensor([[-0.1454,  0.1466],
        [-0.2130,  0.2122],
        [-0.1154,  0.1151],
        [-0.2788,  0.2794],
        [-0.1401,  0.1421],
        [-0.1128,  0.1122],
        [-0.2006,  0.1989],
        [-0.1656,  0.1662],
        [-0.1828,  0.1834],
        [-0.0676,  0.0655],
        [-0.1257,  0.1262],
        [-0.1198,  0.1178],
        [-0.0737,  0.0751],
        [-0.2509,  0.2517]], device='cuda:0', requires_grad=True)
alpha 1 is Parameter containing:
tensor([[-0.4464,  0.4475],
        [-0.2461,  0.2432],
        [-0.2176,  0.2191],
        [-0.1741,  0.1716],
        [-0.2277,  0.2285],
        [-0.1700,  0.1716],
        [-0.2468,  0.2461],
        [-0.1763,  0.1742],
        [-0.0717,  0.0708],
        [-0.2226,  0.2222],
        [-0.2453,  0.2456],
        [-0.2099,  0.2092],
        [-0.1940,  0.1929],
        [-0.1035,  0.1023]], device='cuda:0', requires_grad=True)
[024-050] Search: Model metrics  : loss=0.61, accuracy@1=78.51%, accuracy@5=98.88%, time-cost=3521.2 s
[024-050] Search: Architecture metrics  : loss=0.67, accuracy@1=76.51%, accuracy@5=98.71%
[024-050] Evaluation:  : loss=0.64, accuracy@1=77.60%, accuracy@5=98.76%
[024-050] Layer Alignment score:  normal: 0.0000, reduce: 0.0000
<<<--->>> The 024-050-th epoch : found the highest validation accuracy : 77.60%.
alpha 0 is Parameter containing:
tensor([[-0.1671,  0.1683],
        [-0.2273,  0.2266],
        [-0.1202,  0.1199],
        [-0.2942,  0.2948],
        [-0.1615,  0.1634],
        [-0.1186,  0.1181],
        [-0.2100,  0.2083],
        [-0.1725,  0.1731],
        [-0.1752,  0.1759],
        [-0.0777,  0.0757],
        [-0.1309,  0.1314],
        [-0.1313,  0.1293],
        [-0.0794,  0.0807],
        [-0.2572,  0.2580]], device='cuda:0', requires_grad=True)
alpha 1 is Parameter containing:
tensor([[-0.4645,  0.4655],
        [-0.2589,  0.2560],
        [-0.2204,  0.2218],
        [-0.1914,  0.1889],
        [-0.2401,  0.2409],
        [-0.1717,  0.1733],
        [-0.2550,  0.2543],
        [-0.1850,  0.1830],
        [-0.0731,  0.0723],
        [-0.2301,  0.2297],
        [-0.2583,  0.2586],
        [-0.2125,  0.2117],
        [-0.2128,  0.2116],
        [-0.1110,  0.1099]], device='cuda:0', requires_grad=True)
[025-050] Search: Model metrics  : loss=0.60, accuracy@1=79.06%, accuracy@5=98.96%, time-cost=3707.5 s
[025-050] Search: Architecture metrics  : loss=0.67, accuracy@1=76.55%, accuracy@5=98.65%
[025-050] Evaluation:  : loss=0.64, accuracy@1=77.41%, accuracy@5=98.81%
[025-050] Layer Alignment score:  normal: 0.0000, reduce: 0.0000
alpha 0 is Parameter containing:
tensor([[-0.1722,  0.1734],
        [-0.2311,  0.2303],
        [-0.1398,  0.1395],
        [-0.2977,  0.2983],
        [-0.1670,  0.1690],
        [-0.1284,  0.1278],
        [-0.2151,  0.2135],
        [-0.1790,  0.1796],
        [-0.1708,  0.1715],
        [-0.0852,  0.0831],
        [-0.1354,  0.1359],
        [-0.1325,  0.1305],
        [-0.0851,  0.0864],
        [-0.2657,  0.2665]], device='cuda:0', requires_grad=True)
alpha 1 is Parameter containing:
tensor([[-0.4825,  0.4835],
        [-0.2609,  0.2580],
        [-0.2378,  0.2393],
        [-0.1957,  0.1932],
        [-0.2517,  0.2524],
        [-0.1902,  0.1918],
        [-0.2531,  0.2525],
        [-0.1922,  0.1902],
        [-0.0853,  0.0844],
        [-0.2483,  0.2479],
        [-0.2666,  0.2669],
        [-0.2235,  0.2228],
        [-0.2199,  0.2188],
        [-0.1154,  0.1143]], device='cuda:0', requires_grad=True)
[026-050] Search: Model metrics  : loss=0.60, accuracy@1=79.06%, accuracy@5=98.92%, time-cost=3897.8 s
[026-050] Search: Architecture metrics  : loss=0.67, accuracy@1=76.73%, accuracy@5=98.69%
[026-050] Evaluation:  : loss=0.65, accuracy@1=77.52%, accuracy@5=98.74%
[026-050] Layer Alignment score:  normal: 0.0000, reduce: 0.0000
alpha 0 is Parameter containing:
tensor([[-0.1704,  0.1716],
        [-0.2380,  0.2373],
        [-0.1417,  0.1414],
        [-0.3090,  0.3096],
        [-0.1681,  0.1701],
        [-0.1368,  0.1363],
        [-0.2227,  0.2210],
        [-0.1898,  0.1905],
        [-0.1769,  0.1776],
        [-0.0926,  0.0906],
        [-0.1381,  0.1386],
        [-0.1393,  0.1373],
        [-0.0862,  0.0875],
        [-0.2691,  0.2699]], device='cuda:0', requires_grad=True)
alpha 1 is Parameter containing:
tensor([[-0.5001,  0.5011],
        [-0.2625,  0.2596],
        [-0.2552,  0.2566],
        [-0.2065,  0.2041],
        [-0.2672,  0.2680],
        [-0.1911,  0.1927],
        [-0.2577,  0.2570],
        [-0.2000,  0.1981],
        [-0.0865,  0.0857],
        [-0.2568,  0.2564],
        [-0.2833,  0.2836],
        [-0.2357,  0.2350],
        [-0.2299,  0.2288],
        [-0.1192,  0.1181]], device='cuda:0', requires_grad=True)
[027-050] Search: Model metrics  : loss=0.59, accuracy@1=79.33%, accuracy@5=99.09%, time-cost=4091.5 s
[027-050] Search: Architecture metrics  : loss=0.66, accuracy@1=76.82%, accuracy@5=98.74%
[027-050] Evaluation:  : loss=0.64, accuracy@1=77.73%, accuracy@5=98.70%
[027-050] Layer Alignment score:  normal: 0.0000, reduce: 0.0000
<<<--->>> The 027-050-th epoch : found the highest validation accuracy : 77.73%.
alpha 0 is Parameter containing:
tensor([[-0.1718,  0.1730],
        [-0.2500,  0.2492],
        [-0.1477,  0.1474],
        [-0.3200,  0.3206],
        [-0.1688,  0.1707],
        [-0.1352,  0.1347],
        [-0.2264,  0.2248],
        [-0.2080,  0.2086],
        [-0.1909,  0.1916],
        [-0.0943,  0.0922],
        [-0.1422,  0.1427],
        [-0.1520,  0.1500],
        [-0.0856,  0.0868],
        [-0.2727,  0.2734]], device='cuda:0', requires_grad=True)
alpha 1 is Parameter containing:
tensor([[-0.5129,  0.5140],
        [-0.2840,  0.2811],
        [-0.2663,  0.2677],
        [-0.2059,  0.2035],
        [-0.2711,  0.2719],
        [-0.1956,  0.1972],
        [-0.2710,  0.2703],
        [-0.2127,  0.2108],
        [-0.0859,  0.0851],
        [-0.2651,  0.2648],
        [-0.2879,  0.2883],
        [-0.2440,  0.2433],
        [-0.2398,  0.2388],
        [-0.1266,  0.1255]], device='cuda:0', requires_grad=True)
[028-050] Search: Model metrics  : loss=0.59, accuracy@1=79.18%, accuracy@5=98.90%, time-cost=4285.1 s
[028-050] Search: Architecture metrics  : loss=0.66, accuracy@1=76.96%, accuracy@5=98.72%
[028-050] Evaluation:  : loss=0.62, accuracy@1=78.14%, accuracy@5=98.82%
[028-050] Layer Alignment score:  normal: 0.0000, reduce: 0.0000
<<<--->>> The 028-050-th epoch : found the highest validation accuracy : 78.14%.
alpha 0 is Parameter containing:
tensor([[-0.1804,  0.1816],
        [-0.2674,  0.2666],
        [-0.1439,  0.1436],
        [-0.3281,  0.3287],
        [-0.1773,  0.1792],
        [-0.1381,  0.1375],
        [-0.2343,  0.2326],
        [-0.2149,  0.2156],
        [-0.2006,  0.2012],
        [-0.1055,  0.1035],
        [-0.1552,  0.1557],
        [-0.1552,  0.1533],
        [-0.0832,  0.0844],
        [-0.2697,  0.2704]], device='cuda:0', requires_grad=True)
alpha 1 is Parameter containing:
tensor([[-0.5266,  0.5276],
        [-0.2982,  0.2954],
        [-0.2681,  0.2696],
        [-0.2238,  0.2214],
        [-0.2761,  0.2768],
        [-0.2006,  0.2021],
        [-0.2876,  0.2870],
        [-0.2142,  0.2123],
        [-0.0932,  0.0924],
        [-0.2724,  0.2721],
        [-0.3018,  0.3021],
        [-0.2385,  0.2378],
        [-0.2581,  0.2570],
        [-0.1372,  0.1361]], device='cuda:0', requires_grad=True)
[029-050] Search: Model metrics  : loss=0.58, accuracy@1=79.32%, accuracy@5=99.00%, time-cost=4475.2 s
[029-050] Search: Architecture metrics  : loss=0.67, accuracy@1=76.80%, accuracy@5=98.56%
[029-050] Evaluation:  : loss=0.63, accuracy@1=77.57%, accuracy@5=98.79%
[029-050] Layer Alignment score:  normal: 0.0000, reduce: 0.0000
alpha 0 is Parameter containing:
tensor([[-0.1719,  0.1731],
        [-0.2841,  0.2833],
        [-0.1375,  0.1373],
        [-0.3382,  0.3388],
        [-0.1898,  0.1917],
        [-0.1356,  0.1351],
        [-0.2348,  0.2332],
        [-0.2220,  0.2227],
        [-0.2095,  0.2101],
        [-0.0934,  0.0914],
        [-0.1582,  0.1587],
        [-0.1696,  0.1677],
        [-0.0794,  0.0807],
        [-0.2875,  0.2882]], device='cuda:0', requires_grad=True)
alpha 1 is Parameter containing:
tensor([[-0.5418,  0.5428],
        [-0.2963,  0.2935],
        [-0.2780,  0.2794],
        [-0.2389,  0.2364],
        [-0.2762,  0.2769],
        [-0.1905,  0.1920],
        [-0.2935,  0.2929],
        [-0.2225,  0.2207],
        [-0.0961,  0.0953],
        [-0.2819,  0.2816],
        [-0.3131,  0.3135],
        [-0.2504,  0.2497],
        [-0.2665,  0.2655],
        [-0.1405,  0.1394]], device='cuda:0', requires_grad=True)
[030-050] Search: Model metrics  : loss=0.58, accuracy@1=79.63%, accuracy@5=99.02%, time-cost=4664.0 s
[030-050] Search: Architecture metrics  : loss=0.67, accuracy@1=77.21%, accuracy@5=98.46%
[030-050] Evaluation:  : loss=0.62, accuracy@1=78.00%, accuracy@5=98.86%
[030-050] Layer Alignment score:  normal: 0.0000, reduce: 0.0000
alpha 0 is Parameter containing:
tensor([[-0.1607,  0.1619],
        [-0.2912,  0.2904],
        [-0.1414,  0.1411],
        [-0.3460,  0.3466],
        [-0.1869,  0.1887],
        [-0.1407,  0.1401],
        [-0.2456,  0.2440],
        [-0.2251,  0.2257],
        [-0.2200,  0.2207],
        [-0.0891,  0.0870],
        [-0.1662,  0.1666],
        [-0.1809,  0.1790],
        [-0.0779,  0.0792],
        [-0.3051,  0.3059]], device='cuda:0', requires_grad=True)
alpha 1 is Parameter containing:
tensor([[-0.5616,  0.5626],
        [-0.2942,  0.2914],
        [-0.2848,  0.2862],
        [-0.2445,  0.2421],
        [-0.2809,  0.2816],
        [-0.1979,  0.1994],
        [-0.3080,  0.3074],
        [-0.2251,  0.2233],
        [-0.0974,  0.0966],
        [-0.2972,  0.2969],
        [-0.3146,  0.3150],
        [-0.2436,  0.2430],
        [-0.2778,  0.2767],
        [-0.1521,  0.1511]], device='cuda:0', requires_grad=True)
[031-050] Search: Model metrics  : loss=0.57, accuracy@1=79.86%, accuracy@5=98.99%, time-cost=4850.4 s
[031-050] Search: Architecture metrics  : loss=0.66, accuracy@1=76.97%, accuracy@5=98.65%
[031-050] Evaluation:  : loss=0.62, accuracy@1=78.19%, accuracy@5=98.91%
[031-050] Layer Alignment score:  normal: 0.0000, reduce: 0.0000
<<<--->>> The 031-050-th epoch : found the highest validation accuracy : 78.19%.
alpha 0 is Parameter containing:
tensor([[-0.1692,  0.1704],
        [-0.2946,  0.2939],
        [-0.1384,  0.1382],
        [-0.3437,  0.3443],
        [-0.1809,  0.1827],
        [-0.1397,  0.1392],
        [-0.2442,  0.2426],
        [-0.2484,  0.2490],
        [-0.2195,  0.2202],
        [-0.0938,  0.0918],
        [-0.1711,  0.1715],
        [-0.1941,  0.1922],
        [-0.0785,  0.0798],
        [-0.3165,  0.3172]], device='cuda:0', requires_grad=True)
alpha 1 is Parameter containing:
tensor([[-0.5681,  0.5690],
        [-0.3051,  0.3024],
        [-0.2855,  0.2869],
        [-0.2534,  0.2510],
        [-0.2906,  0.2913],
        [-0.2078,  0.2093],
        [-0.3199,  0.3192],
        [-0.2309,  0.2290],
        [-0.0991,  0.0983],
        [-0.3071,  0.3068],
        [-0.3235,  0.3238],
        [-0.2508,  0.2501],
        [-0.2875,  0.2865],
        [-0.1586,  0.1576]], device='cuda:0', requires_grad=True)
[032-050] Search: Model metrics  : loss=0.58, accuracy@1=79.72%, accuracy@5=98.92%, time-cost=5039.4 s
[032-050] Search: Architecture metrics  : loss=0.66, accuracy@1=77.08%, accuracy@5=98.62%
[032-050] Evaluation:  : loss=0.63, accuracy@1=77.99%, accuracy@5=98.87%
[032-050] Layer Alignment score:  normal: 0.0000, reduce: 0.0000
alpha 0 is Parameter containing:
tensor([[-0.1762,  0.1774],
        [-0.2970,  0.2962],
        [-0.1398,  0.1395],
        [-0.3555,  0.3561],
        [-0.1907,  0.1925],
        [-0.1449,  0.1444],
        [-0.2434,  0.2418],
        [-0.2472,  0.2478],
        [-0.2243,  0.2249],
        [-0.0957,  0.0937],
        [-0.1749,  0.1754],
        [-0.2055,  0.2037],
        [-0.0846,  0.0858],
        [-0.3261,  0.3268]], device='cuda:0', requires_grad=True)
alpha 1 is Parameter containing:
tensor([[-0.5864,  0.5873],
        [-0.3051,  0.3023],
        [-0.2975,  0.2989],
        [-0.2608,  0.2584],
        [-0.3055,  0.3062],
        [-0.2161,  0.2176],
        [-0.3243,  0.3237],
        [-0.2465,  0.2447],
        [-0.1038,  0.1030],
        [-0.3145,  0.3142],
        [-0.3344,  0.3347],
        [-0.2559,  0.2553],
        [-0.2987,  0.2977],
        [-0.1569,  0.1559]], device='cuda:0', requires_grad=True)
[033-050] Search: Model metrics  : loss=0.57, accuracy@1=80.03%, accuracy@5=99.03%, time-cost=5226.5 s
[033-050] Search: Architecture metrics  : loss=0.65, accuracy@1=76.96%, accuracy@5=98.64%
[033-050] Evaluation:  : loss=0.63, accuracy@1=78.02%, accuracy@5=98.87%
[033-050] Layer Alignment score:  normal: 0.0000, reduce: 0.0000
alpha 0 is Parameter containing:
tensor([[-0.1837,  0.1849],
        [-0.3092,  0.3085],
        [-0.1459,  0.1457],
        [-0.3616,  0.3622],
        [-0.1944,  0.1963],
        [-0.1431,  0.1426],
        [-0.2549,  0.2533],
        [-0.2580,  0.2586],
        [-0.2236,  0.2243],
        [-0.1011,  0.0991],
        [-0.1801,  0.1805],
        [-0.2188,  0.2170],
        [-0.0941,  0.0954],
        [-0.3342,  0.3349]], device='cuda:0', requires_grad=True)
alpha 1 is Parameter containing:
tensor([[-0.6063,  0.6073],
        [-0.3070,  0.3043],
        [-0.3128,  0.3141],
        [-0.2721,  0.2698],
        [-0.3114,  0.3120],
        [-0.2234,  0.2249],
        [-0.3334,  0.3327],
        [-0.2585,  0.2568],
        [-0.0990,  0.0982],
        [-0.3281,  0.3278],
        [-0.3413,  0.3416],
        [-0.2572,  0.2566],
        [-0.2946,  0.2936],
        [-0.1541,  0.1532]], device='cuda:0', requires_grad=True)
[034-050] Search: Model metrics  : loss=0.57, accuracy@1=80.05%, accuracy@5=99.01%, time-cost=5413.5 s
[034-050] Search: Architecture metrics  : loss=0.65, accuracy@1=76.97%, accuracy@5=98.66%
[034-050] Evaluation:  : loss=0.62, accuracy@1=78.13%, accuracy@5=98.98%
[034-050] Layer Alignment score:  normal: 0.0000, reduce: 0.0000
alpha 0 is Parameter containing:
tensor([[-0.1878,  0.1889],
        [-0.3149,  0.3142],
        [-0.1499,  0.1496],
        [-0.3608,  0.3614],
        [-0.1952,  0.1971],
        [-0.1430,  0.1425],
        [-0.2571,  0.2555],
        [-0.2691,  0.2697],
        [-0.2345,  0.2351],
        [-0.1066,  0.1046],
        [-0.1760,  0.1765],
        [-0.2290,  0.2272],
        [-0.0991,  0.1003],
        [-0.3427,  0.3434]], device='cuda:0', requires_grad=True)
alpha 1 is Parameter containing:
tensor([[-0.6194,  0.6203],
        [-0.3161,  0.3134],
        [-0.3309,  0.3323],
        [-0.2807,  0.2784],
        [-0.3113,  0.3120],
        [-0.2282,  0.2296],
        [-0.3322,  0.3315],
        [-0.2564,  0.2546],
        [-0.0976,  0.0968],
        [-0.3432,  0.3429],
        [-0.3464,  0.3467],
        [-0.2651,  0.2645],
        [-0.3033,  0.3024],
        [-0.1508,  0.1498]], device='cuda:0', requires_grad=True)
[035-050] Search: Model metrics  : loss=0.57, accuracy@1=80.02%, accuracy@5=99.02%, time-cost=5603.4 s
[035-050] Search: Architecture metrics  : loss=0.64, accuracy@1=77.76%, accuracy@5=98.76%
[035-050] Evaluation:  : loss=0.62, accuracy@1=78.08%, accuracy@5=98.81%
[035-050] Layer Alignment score:  normal: 0.0000, reduce: 0.0000
alpha 0 is Parameter containing:
tensor([[-0.1908,  0.1919],
        [-0.3183,  0.3176],
        [-0.1627,  0.1624],
        [-0.3768,  0.3774],
        [-0.1858,  0.1876],
        [-0.1507,  0.1502],
        [-0.2653,  0.2638],
        [-0.2702,  0.2708],
        [-0.2474,  0.2481],
        [-0.1145,  0.1125],
        [-0.1880,  0.1885],
        [-0.2281,  0.2264],
        [-0.0981,  0.0992],
        [-0.3488,  0.3495]], device='cuda:0', requires_grad=True)
alpha 1 is Parameter containing:
tensor([[-0.6285,  0.6294],
        [-0.3322,  0.3295],
        [-0.3421,  0.3434],
        [-0.2898,  0.2875],
        [-0.3034,  0.3041],
        [-0.2364,  0.2379],
        [-0.3433,  0.3427],
        [-0.2593,  0.2576],
        [-0.0985,  0.0978],
        [-0.3438,  0.3435],
        [-0.3608,  0.3611],
        [-0.2860,  0.2854],
        [-0.3079,  0.3070],
        [-0.1491,  0.1482]], device='cuda:0', requires_grad=True)
[036-050] Search: Model metrics  : loss=0.56, accuracy@1=80.25%, accuracy@5=99.13%, time-cost=5790.8 s
[036-050] Search: Architecture metrics  : loss=0.65, accuracy@1=77.26%, accuracy@5=98.60%
[036-050] Evaluation:  : loss=0.62, accuracy@1=78.17%, accuracy@5=98.84%
[036-050] Layer Alignment score:  normal: 0.0000, reduce: 0.0000
alpha 0 is Parameter containing:
tensor([[-0.1783,  0.1794],
        [-0.3370,  0.3363],
        [-0.1678,  0.1675],
        [-0.3828,  0.3834],
        [-0.1944,  0.1962],
        [-0.1474,  0.1469],
        [-0.2703,  0.2688],
        [-0.2783,  0.2789],
        [-0.2415,  0.2421],
        [-0.1133,  0.1113],
        [-0.1932,  0.1936],
        [-0.2266,  0.2248],
        [-0.0902,  0.0914],
        [-0.3564,  0.3571]], device='cuda:0', requires_grad=True)
alpha 1 is Parameter containing:
tensor([[-0.6451,  0.6460],
        [-0.3358,  0.3331],
        [-0.3462,  0.3475],
        [-0.3031,  0.3008],
        [-0.3155,  0.3162],
        [-0.2414,  0.2429],
        [-0.3560,  0.3554],
        [-0.2511,  0.2494],
        [-0.0974,  0.0966],
        [-0.3413,  0.3410],
        [-0.3709,  0.3712],
        [-0.2891,  0.2885],
        [-0.3163,  0.3154],
        [-0.1492,  0.1482]], device='cuda:0', requires_grad=True)
[037-050] Search: Model metrics  : loss=0.56, accuracy@1=80.53%, accuracy@5=99.09%, time-cost=5979.0 s
[037-050] Search: Architecture metrics  : loss=0.65, accuracy@1=77.39%, accuracy@5=98.56%
[037-050] Evaluation:  : loss=0.61, accuracy@1=78.48%, accuracy@5=98.87%
[037-050] Layer Alignment score:  normal: 0.0000, reduce: 0.0000
<<<--->>> The 037-050-th epoch : found the highest validation accuracy : 78.48%.
alpha 0 is Parameter containing:
tensor([[-0.1770,  0.1782],
        [-0.3383,  0.3376],
        [-0.1666,  0.1663],
        [-0.3807,  0.3813],
        [-0.1991,  0.2009],
        [-0.1430,  0.1425],
        [-0.2739,  0.2724],
        [-0.2789,  0.2795],
        [-0.2319,  0.2325],
        [-0.1205,  0.1185],
        [-0.1893,  0.1897],
        [-0.2316,  0.2299],
        [-0.0866,  0.0877],
        [-0.3528,  0.3534]], device='cuda:0', requires_grad=True)
alpha 1 is Parameter containing:
tensor([[-0.6510,  0.6519],
        [-0.3418,  0.3392],
        [-0.3640,  0.3653],
        [-0.3064,  0.3042],
        [-0.3281,  0.3287],
        [-0.2378,  0.2392],
        [-0.3652,  0.3646],
        [-0.2513,  0.2497],
        [-0.1016,  0.1009],
        [-0.3443,  0.3440],
        [-0.3754,  0.3757],
        [-0.2918,  0.2913],
        [-0.3145,  0.3136],
        [-0.1506,  0.1497]], device='cuda:0', requires_grad=True)
[038-050] Search: Model metrics  : loss=0.55, accuracy@1=80.33%, accuracy@5=99.02%, time-cost=6167.1 s
[038-050] Search: Architecture metrics  : loss=0.65, accuracy@1=77.49%, accuracy@5=98.71%
[038-050] Evaluation:  : loss=0.61, accuracy@1=78.44%, accuracy@5=98.82%
[038-050] Layer Alignment score:  normal: 0.0000, reduce: 0.0000
alpha 0 is Parameter containing:
tensor([[-0.1741,  0.1753],
        [-0.3355,  0.3348],
        [-0.1703,  0.1700],
        [-0.3788,  0.3794],
        [-0.2049,  0.2067],
        [-0.1527,  0.1522],
        [-0.2730,  0.2714],
        [-0.2880,  0.2886],
        [-0.2236,  0.2242],
        [-0.1174,  0.1155],
        [-0.1826,  0.1830],
        [-0.2378,  0.2361],
        [-0.0856,  0.0868],
        [-0.3564,  0.3571]], device='cuda:0', requires_grad=True)
alpha 1 is Parameter containing:
tensor([[-0.6691,  0.6700],
        [-0.3487,  0.3461],
        [-0.3620,  0.3633],
        [-0.3086,  0.3064],
        [-0.3425,  0.3432],
        [-0.2497,  0.2512],
        [-0.3693,  0.3687],
        [-0.2640,  0.2623],
        [-0.0988,  0.0981],
        [-0.3564,  0.3561],
        [-0.3778,  0.3781],
        [-0.2946,  0.2941],
        [-0.3188,  0.3179],
        [-0.1550,  0.1541]], device='cuda:0', requires_grad=True)
[039-050] Search: Model metrics  : loss=0.56, accuracy@1=80.36%, accuracy@5=99.03%, time-cost=6356.6 s
[039-050] Search: Architecture metrics  : loss=0.64, accuracy@1=77.96%, accuracy@5=98.77%
[039-050] Evaluation:  : loss=0.61, accuracy@1=78.90%, accuracy@5=98.87%
[039-050] Layer Alignment score:  normal: 0.0000, reduce: 0.0000
<<<--->>> The 039-050-th epoch : found the highest validation accuracy : 78.90%.
alpha 0 is Parameter containing:
tensor([[-0.1706,  0.1718],
        [-0.3396,  0.3389],
        [-0.1706,  0.1703],
        [-0.3857,  0.3863],
        [-0.2190,  0.2207],
        [-0.1543,  0.1538],
        [-0.2743,  0.2728],
        [-0.2907,  0.2913],
        [-0.2233,  0.2239],
        [-0.1204,  0.1185],
        [-0.1885,  0.1890],
        [-0.2447,  0.2430],
        [-0.0916,  0.0927],
        [-0.3757,  0.3764]], device='cuda:0', requires_grad=True)
alpha 1 is Parameter containing:
tensor([[-0.6772,  0.6781],
        [-0.3519,  0.3493],
        [-0.3726,  0.3739],
        [-0.3138,  0.3116],
        [-0.3430,  0.3436],
        [-0.2585,  0.2599],
        [-0.3742,  0.3736],
        [-0.2708,  0.2692],
        [-0.0925,  0.0918],
        [-0.3572,  0.3569],
        [-0.3937,  0.3940],
        [-0.3053,  0.3047],
        [-0.3232,  0.3223],
        [-0.1556,  0.1547]], device='cuda:0', requires_grad=True)
[040-050] Search: Model metrics  : loss=0.55, accuracy@1=80.80%, accuracy@5=99.13%, time-cost=6543.9 s
[040-050] Search: Architecture metrics  : loss=0.64, accuracy@1=77.49%, accuracy@5=98.82%
[040-050] Evaluation:  : loss=0.61, accuracy@1=78.91%, accuracy@5=98.85%
[040-050] Layer Alignment score:  normal: 0.0000, reduce: 0.0000
<<<--->>> The 040-050-th epoch : found the highest validation accuracy : 78.91%.
alpha 0 is Parameter containing:
tensor([[-0.1802,  0.1814],
        [-0.3379,  0.3372],
        [-0.1758,  0.1755],
        [-0.3889,  0.3895],
        [-0.2245,  0.2262],
        [-0.1520,  0.1515],
        [-0.2754,  0.2739],
        [-0.2934,  0.2939],
        [-0.2272,  0.2278],
        [-0.1248,  0.1229],
        [-0.1897,  0.1901],
        [-0.2453,  0.2436],
        [-0.0912,  0.0924],
        [-0.3882,  0.3889]], device='cuda:0', requires_grad=True)
alpha 1 is Parameter containing:
tensor([[-0.6867,  0.6876],
        [-0.3550,  0.3524],
        [-0.3836,  0.3849],
        [-0.3250,  0.3228],
        [-0.3565,  0.3571],
        [-0.2664,  0.2678],
        [-0.3761,  0.3755],
        [-0.2799,  0.2783],
        [-0.1038,  0.1031],
        [-0.3592,  0.3589],
        [-0.4011,  0.4013],
        [-0.3158,  0.3153],
        [-0.3210,  0.3201],
        [-0.1721,  0.1712]], device='cuda:0', requires_grad=True)
[041-050] Search: Model metrics  : loss=0.55, accuracy@1=80.83%, accuracy@5=99.09%, time-cost=6732.1 s
[041-050] Search: Architecture metrics  : loss=0.63, accuracy@1=77.79%, accuracy@5=98.80%
[041-050] Evaluation:  : loss=0.60, accuracy@1=78.93%, accuracy@5=98.84%
[041-050] Layer Alignment score:  normal: 0.0000, reduce: 0.0000
<<<--->>> The 041-050-th epoch : found the highest validation accuracy : 78.93%.
alpha 0 is Parameter containing:
tensor([[-0.1821,  0.1832],
        [-0.3472,  0.3465],
        [-0.1699,  0.1696],
        [-0.3987,  0.3993],
        [-0.2286,  0.2303],
        [-0.1566,  0.1561],
        [-0.2829,  0.2814],
        [-0.3014,  0.3019],
        [-0.2224,  0.2230],
        [-0.1234,  0.1215],
        [-0.1974,  0.1978],
        [-0.2531,  0.2514],
        [-0.0933,  0.0944],
        [-0.3991,  0.3997]], device='cuda:0', requires_grad=True)
alpha 1 is Parameter containing:
tensor([[-0.6984,  0.6992],
        [-0.3473,  0.3448],
        [-0.4010,  0.4022],
        [-0.3100,  0.3079],
        [-0.3748,  0.3754],
        [-0.2834,  0.2848],
        [-0.3783,  0.3778],
        [-0.2849,  0.2833],
        [-0.1044,  0.1037],
        [-0.3758,  0.3756],
        [-0.3993,  0.3995],
        [-0.3232,  0.3227],
        [-0.3317,  0.3309],
        [-0.1664,  0.1655]], device='cuda:0', requires_grad=True)
[042-050] Search: Model metrics  : loss=0.54, accuracy@1=80.81%, accuracy@5=99.10%, time-cost=6925.1 s
[042-050] Search: Architecture metrics  : loss=0.65, accuracy@1=77.53%, accuracy@5=98.67%
[042-050] Evaluation:  : loss=0.61, accuracy@1=78.88%, accuracy@5=98.92%
[042-050] Layer Alignment score:  normal: 0.0000, reduce: 0.0000
alpha 0 is Parameter containing:
tensor([[-0.1794,  0.1805],
        [-0.3509,  0.3502],
        [-0.1689,  0.1687],
        [-0.4034,  0.4040],
        [-0.2330,  0.2347],
        [-0.1501,  0.1496],
        [-0.2871,  0.2856],
        [-0.2937,  0.2942],
        [-0.2135,  0.2141],
        [-0.1241,  0.1223],
        [-0.2035,  0.2039],
        [-0.2508,  0.2491],
        [-0.0961,  0.0972],
        [-0.3983,  0.3990]], device='cuda:0', requires_grad=True)
alpha 1 is Parameter containing:
tensor([[-0.7079,  0.7088],
        [-0.3455,  0.3430],
        [-0.4130,  0.4142],
        [-0.3151,  0.3129],
        [-0.3932,  0.3938],
        [-0.2856,  0.2870],
        [-0.3871,  0.3866],
        [-0.2857,  0.2841],
        [-0.1060,  0.1054],
        [-0.3784,  0.3781],
        [-0.4031,  0.4033],
        [-0.3288,  0.3283],
        [-0.3372,  0.3364],
        [-0.1608,  0.1599]], device='cuda:0', requires_grad=True)
[043-050] Search: Model metrics  : loss=0.54, accuracy@1=81.02%, accuracy@5=99.14%, time-cost=7119.6 s
[043-050] Search: Architecture metrics  : loss=0.64, accuracy@1=77.35%, accuracy@5=98.75%
[043-050] Evaluation:  : loss=0.60, accuracy@1=79.11%, accuracy@5=98.94%
[043-050] Layer Alignment score:  normal: 0.0000, reduce: 0.0000
<<<--->>> The 043-050-th epoch : found the highest validation accuracy : 79.11%.
alpha 0 is Parameter containing:
tensor([[-0.1850,  0.1861],
        [-0.3511,  0.3504],
        [-0.1657,  0.1655],
        [-0.3981,  0.3986],
        [-0.2384,  0.2401],
        [-0.1416,  0.1411],
        [-0.2825,  0.2810],
        [-0.3099,  0.3105],
        [-0.2127,  0.2133],
        [-0.1316,  0.1297],
        [-0.2086,  0.2090],
        [-0.2543,  0.2527],
        [-0.1010,  0.1021],
        [-0.3961,  0.3967]], device='cuda:0', requires_grad=True)
alpha 1 is Parameter containing:
tensor([[-0.7146,  0.7154],
        [-0.3498,  0.3473],
        [-0.4147,  0.4160],
        [-0.3222,  0.3200],
        [-0.4041,  0.4047],
        [-0.2862,  0.2876],
        [-0.3973,  0.3968],
        [-0.2883,  0.2868],
        [-0.1077,  0.1070],
        [-0.3740,  0.3737],
        [-0.4047,  0.4049],
        [-0.3231,  0.3226],
        [-0.3408,  0.3400],
        [-0.1708,  0.1699]], device='cuda:0', requires_grad=True)
[044-050] Search: Model metrics  : loss=0.54, accuracy@1=80.88%, accuracy@5=99.20%, time-cost=7308.2 s
[044-050] Search: Architecture metrics  : loss=0.64, accuracy@1=77.62%, accuracy@5=98.63%
[044-050] Evaluation:  : loss=0.60, accuracy@1=78.87%, accuracy@5=98.87%
[044-050] Layer Alignment score:  normal: 0.0000, reduce: 0.0000
alpha 0 is Parameter containing:
tensor([[-0.1801,  0.1813],
        [-0.3504,  0.3497],
        [-0.1645,  0.1642],
        [-0.4077,  0.4083],
        [-0.2393,  0.2410],
        [-0.1444,  0.1439],
        [-0.2858,  0.2844],
        [-0.3081,  0.3086],
        [-0.2013,  0.2019],
        [-0.1263,  0.1245],
        [-0.2101,  0.2105],
        [-0.2477,  0.2461],
        [-0.1014,  0.1025],
        [-0.3961,  0.3968]], device='cuda:0', requires_grad=True)
alpha 1 is Parameter containing:
tensor([[-0.7250,  0.7259],
        [-0.3563,  0.3539],
        [-0.4135,  0.4147],
        [-0.3254,  0.3233],
        [-0.4210,  0.4216],
        [-0.2950,  0.2963],
        [-0.4056,  0.4050],
        [-0.2925,  0.2909],
        [-0.1012,  0.1006],
        [-0.3706,  0.3703],
        [-0.4213,  0.4216],
        [-0.3253,  0.3248],
        [-0.3490,  0.3482],
        [-0.1710,  0.1702]], device='cuda:0', requires_grad=True)
[045-050] Search: Model metrics  : loss=0.54, accuracy@1=81.14%, accuracy@5=99.14%, time-cost=7497.1 s
[045-050] Search: Architecture metrics  : loss=0.63, accuracy@1=78.11%, accuracy@5=98.69%
[045-050] Evaluation:  : loss=0.60, accuracy@1=78.74%, accuracy@5=98.94%
[045-050] Layer Alignment score:  normal: 0.0000, reduce: 0.0000
alpha 0 is Parameter containing:
tensor([[-0.1814,  0.1826],
        [-0.3440,  0.3433],
        [-0.1667,  0.1665],
        [-0.4100,  0.4105],
        [-0.2337,  0.2354],
        [-0.1422,  0.1417],
        [-0.2840,  0.2825],
        [-0.3059,  0.3064],
        [-0.2120,  0.2126],
        [-0.1252,  0.1233],
        [-0.2138,  0.2142],
        [-0.2533,  0.2517],
        [-0.1085,  0.1096],
        [-0.3936,  0.3942]], device='cuda:0', requires_grad=True)
alpha 1 is Parameter containing:
tensor([[-0.7329,  0.7337],
        [-0.3692,  0.3668],
        [-0.4259,  0.4272],
        [-0.3298,  0.3278],
        [-0.4215,  0.4221],
        [-0.2923,  0.2936],
        [-0.4037,  0.4032],
        [-0.2998,  0.2983],
        [-0.0994,  0.0987],
        [-0.3797,  0.3794],
        [-0.4242,  0.4244],
        [-0.3266,  0.3261],
        [-0.3625,  0.3617],
        [-0.1819,  0.1811]], device='cuda:0', requires_grad=True)
[046-050] Search: Model metrics  : loss=0.54, accuracy@1=80.93%, accuracy@5=99.17%, time-cost=7689.2 s
[046-050] Search: Architecture metrics  : loss=0.63, accuracy@1=78.09%, accuracy@5=98.79%
[046-050] Evaluation:  : loss=0.60, accuracy@1=79.08%, accuracy@5=98.96%
[046-050] Layer Alignment score:  normal: 0.0000, reduce: 0.0000
alpha 0 is Parameter containing:
tensor([[-0.1757,  0.1768],
        [-0.3480,  0.3474],
        [-0.1674,  0.1671],
        [-0.4216,  0.4222],
        [-0.2373,  0.2389],
        [-0.1484,  0.1479],
        [-0.2861,  0.2847],
        [-0.3083,  0.3089],
        [-0.2163,  0.2169],
        [-0.1253,  0.1235],
        [-0.2169,  0.2173],
        [-0.2546,  0.2531],
        [-0.0994,  0.1005],
        [-0.3981,  0.3987]], device='cuda:0', requires_grad=True)
alpha 1 is Parameter containing:
tensor([[-0.7451,  0.7459],
        [-0.3722,  0.3698],
        [-0.4323,  0.4335],
        [-0.3313,  0.3292],
        [-0.4316,  0.4321],
        [-0.2953,  0.2966],
        [-0.4104,  0.4099],
        [-0.3152,  0.3137],
        [-0.1033,  0.1027],
        [-0.3857,  0.3854],
        [-0.4261,  0.4263],
        [-0.3327,  0.3322],
        [-0.3592,  0.3584],
        [-0.1921,  0.1913]], device='cuda:0', requires_grad=True)
[047-050] Search: Model metrics  : loss=0.54, accuracy@1=81.08%, accuracy@5=99.23%, time-cost=7879.5 s
[047-050] Search: Architecture metrics  : loss=0.64, accuracy@1=77.69%, accuracy@5=98.76%
[047-050] Evaluation:  : loss=0.60, accuracy@1=79.12%, accuracy@5=98.94%
[047-050] Layer Alignment score:  normal: 0.0000, reduce: 0.0000
<<<--->>> The 047-050-th epoch : found the highest validation accuracy : 79.12%.
alpha 0 is Parameter containing:
tensor([[-0.1739,  0.1750],
        [-0.3548,  0.3542],
        [-0.1754,  0.1751],
        [-0.4297,  0.4303],
        [-0.2355,  0.2372],
        [-0.1479,  0.1474],
        [-0.2791,  0.2777],
        [-0.3080,  0.3085],
        [-0.2171,  0.2177],
        [-0.1186,  0.1167],
        [-0.2101,  0.2105],
        [-0.2593,  0.2578],
        [-0.0935,  0.0946],
        [-0.4043,  0.4049]], device='cuda:0', requires_grad=True)
alpha 1 is Parameter containing:
tensor([[-0.7445,  0.7453],
        [-0.3831,  0.3807],
        [-0.4348,  0.4360],
        [-0.3362,  0.3341],
        [-0.4314,  0.4320],
        [-0.3032,  0.3045],
        [-0.4223,  0.4218],
        [-0.3206,  0.3191],
        [-0.1015,  0.1009],
        [-0.3796,  0.3793],
        [-0.4266,  0.4268],
        [-0.3323,  0.3319],
        [-0.3594,  0.3586],
        [-0.2101,  0.2093]], device='cuda:0', requires_grad=True)
[048-050] Search: Model metrics  : loss=0.54, accuracy@1=81.10%, accuracy@5=99.13%, time-cost=8070.8 s
[048-050] Search: Architecture metrics  : loss=0.63, accuracy@1=78.09%, accuracy@5=98.84%
[048-050] Evaluation:  : loss=0.59, accuracy@1=79.04%, accuracy@5=98.91%
[048-050] Layer Alignment score:  normal: 0.0000, reduce: 0.0000
alpha 0 is Parameter containing:
tensor([[-0.1763,  0.1774],
        [-0.3618,  0.3612],
        [-0.1807,  0.1804],
        [-0.4309,  0.4314],
        [-0.2426,  0.2442],
        [-0.1429,  0.1424],
        [-0.2814,  0.2800],
        [-0.3165,  0.3170],
        [-0.2259,  0.2265],
        [-0.1253,  0.1234],
        [-0.2084,  0.2088],
        [-0.2695,  0.2680],
        [-0.0937,  0.0948],
        [-0.4127,  0.4133]], device='cuda:0', requires_grad=True)
alpha 1 is Parameter containing:
tensor([[-0.7533,  0.7541],
        [-0.3917,  0.3893],
        [-0.4363,  0.4375],
        [-0.3381,  0.3360],
        [-0.4409,  0.4415],
        [-0.2978,  0.2991],
        [-0.4278,  0.4273],
        [-0.3314,  0.3299],
        [-0.1017,  0.1011],
        [-0.3819,  0.3816],
        [-0.4443,  0.4445],
        [-0.3381,  0.3377],
        [-0.3607,  0.3599],
        [-0.2087,  0.2079]], device='cuda:0', requires_grad=True)
[049-050] Search: Model metrics  : loss=0.53, accuracy@1=81.36%, accuracy@5=99.14%, time-cost=8259.0 s
[049-050] Search: Architecture metrics  : loss=0.63, accuracy@1=78.29%, accuracy@5=98.72%
[049-050] Evaluation:  : loss=0.60, accuracy@1=79.05%, accuracy@5=98.98%
[049-050] Layer Alignment score:  normal: 0.0000, reduce: 0.0000
alpha 0 is Parameter containing:
tensor([[-0.1867,  0.1878],
        [-0.3605,  0.3598],
        [-0.1839,  0.1836],
        [-0.4377,  0.4383],
        [-0.2505,  0.2521],
        [-0.1375,  0.1370],
        [-0.2803,  0.2789],
        [-0.3194,  0.3200],
        [-0.2298,  0.2303],
        [-0.1274,  0.1256],
        [-0.2046,  0.2050],
        [-0.2795,  0.2780],
        [-0.0933,  0.0943],
        [-0.4128,  0.4134]], device='cuda:0', requires_grad=True)
alpha 1 is Parameter containing:
tensor([[-0.7653,  0.7661],
        [-0.4023,  0.4000],
        [-0.4413,  0.4425],
        [-0.3412,  0.3391],
        [-0.4502,  0.4508],
        [-0.2931,  0.2944],
        [-0.4343,  0.4338],
        [-0.3291,  0.3276],
        [-0.1028,  0.1022],
        [-0.3714,  0.3712],
        [-0.4555,  0.4557],
        [-0.3432,  0.3427],
        [-0.3717,  0.3710],
        [-0.2138,  0.2131]], device='cuda:0', requires_grad=True)
[050-050] Search: Model metrics  : loss=0.53, accuracy@1=81.12%, accuracy@5=99.20%, time-cost=8449.2 s
[050-050] Search: Architecture metrics  : loss=0.62, accuracy@1=78.35%, accuracy@5=98.73%
[050-050] Evaluation:  : loss=0.60, accuracy@1=79.32%, accuracy@5=98.88%
[050-050] Layer Alignment score:  normal: 0.0000, reduce: 0.0000
<<<--->>> The 050-050-th epoch : found the highest validation accuracy : 79.32%.
alpha 0 is Parameter containing:
tensor([[-0.1906,  0.1917],
        [-0.3606,  0.3599],
        [-0.1902,  0.1899],
        [-0.4488,  0.4493],
        [-0.2458,  0.2474],
        [-0.1428,  0.1423],
        [-0.2876,  0.2862],
        [-0.3215,  0.3221],
        [-0.2341,  0.2346],
        [-0.1256,  0.1238],
        [-0.2038,  0.2042],
        [-0.2865,  0.2850],
        [-0.0981,  0.0991],
        [-0.4175,  0.4180]], device='cuda:0', requires_grad=True)
alpha 1 is Parameter containing:
tensor([[-0.7744,  0.7752],
        [-0.4133,  0.4110],
        [-0.4435,  0.4447],
        [-0.3498,  0.3478],
        [-0.4454,  0.4460],
        [-0.3013,  0.3026],
        [-0.4346,  0.4341],
        [-0.3362,  0.3348],
        [-0.0906,  0.0900],
        [-0.3757,  0.3754],
        [-0.4627,  0.4630],
        [-0.3420,  0.3415],
        [-0.3752,  0.3744],
        [-0.2139,  0.2132]], device='cuda:0', requires_grad=True)
