Training the supernet with the following configuration: 
{
  "sampler": {
    "sample_frequency": "step"
  },
  "perturbator": null,
  "partial_connector": null,
  "dropout": {
    "p": 0.0,
    "p_min": 0.0,
    "anneal_frequency": "epoch",
    "anneal_type": "linear",
    "max_iter": 50
  },
  "trainer": {
    "lr": 0.025,
    "arch_lr": 0.0003,
    "epochs": 50,
    "lora_warm_epochs": 10,
    "optim": "sgd",
    "arch_optim": "adam",
    "optim_config": {
      "momentum": 0.9,
      "nesterov": 0,
      "weight_decay": 0.0003
    },
    "arch_optim_config": {
      "betas": [
        0.5,
        0.999
      ],
      "weight_decay": 0.001
    },
    "scheduler": "cosine_annealing_lr",
    "criterion": "cross_entropy",
    "batch_size": 64,
    "learning_rate_min": 0.001,
    "cutout": -1,
    "cutout_length": 16,
    "train_portion": 0.5,
    "use_data_parallel": false,
    "checkpointing_freq": 1,
    "seed": 100
  },
  "lora": {
    "r": 1,
    "lora_dropout": 0,
    "lora_alpha": 1,
    "merge_weights": true
  },
  "lora_extra": {
    "toggle_epochs": null,
    "warm_epochs": 10,
    "toggle_probability": null
  },
  "sampler_type": "darts",
  "searchspace_str": "robust_darts",
  "weight_type": "weight_sharing",
  "oles": {
    "oles": false,
    "calc_gm_score": false
  },
  "search_space": {
    "num_classes": 10,
    "space": "s1"
  },
  "project_name": "LoRA-robust-darts",
  "experiment_type": "lora",
  "seed": 1
}
[001-050] Search: Model metrics  : loss=1.52, accuracy@1=44.40%, accuracy@5=90.43%, time-cost=75.3 s
[001-050] Evaluation:  : loss=1.30, accuracy@1=51.85%, accuracy@5=94.67%
[001-050] Layer Alignment score:  normal: 0.0000, reduce: 0.0000
<<<--->>> The 001-050-th epoch : found the highest validation accuracy : 51.85%.
[002-050] Search: Model metrics  : loss=1.10, accuracy@1=60.92%, accuracy@5=95.88%, time-cost=151.0 s
[002-050] Evaluation:  : loss=1.04, accuracy@1=62.74%, accuracy@5=96.40%
[002-050] Layer Alignment score:  normal: 0.0000, reduce: 0.0000
<<<--->>> The 002-050-th epoch : found the highest validation accuracy : 62.74%.
[003-050] Search: Model metrics  : loss=0.93, accuracy@1=67.30%, accuracy@5=97.39%, time-cost=232.8 s
[003-050] Evaluation:  : loss=1.02, accuracy@1=64.38%, accuracy@5=96.93%
[003-050] Layer Alignment score:  normal: 0.0000, reduce: 0.0000
<<<--->>> The 003-050-th epoch : found the highest validation accuracy : 64.38%.
[004-050] Search: Model metrics  : loss=0.81, accuracy@1=71.60%, accuracy@5=97.89%, time-cost=313.1 s
[004-050] Evaluation:  : loss=0.87, accuracy@1=69.10%, accuracy@5=97.71%
[004-050] Layer Alignment score:  normal: 0.0000, reduce: 0.0000
<<<--->>> The 004-050-th epoch : found the highest validation accuracy : 69.10%.
[005-050] Search: Model metrics  : loss=0.72, accuracy@1=74.92%, accuracy@5=98.36%, time-cost=390.9 s
[005-050] Evaluation:  : loss=0.87, accuracy@1=70.02%, accuracy@5=97.59%
[005-050] Layer Alignment score:  normal: 0.0000, reduce: 0.0000
<<<--->>> The 005-050-th epoch : found the highest validation accuracy : 70.02%.
[006-050] Search: Model metrics  : loss=0.68, accuracy@1=76.52%, accuracy@5=98.54%, time-cost=469.1 s
[006-050] Evaluation:  : loss=0.74, accuracy@1=74.29%, accuracy@5=98.16%
[006-050] Layer Alignment score:  normal: 0.0000, reduce: 0.0000
<<<--->>> The 006-050-th epoch : found the highest validation accuracy : 74.29%.
[007-050] Search: Model metrics  : loss=0.62, accuracy@1=78.50%, accuracy@5=98.84%, time-cost=542.6 s
[007-050] Evaluation:  : loss=0.83, accuracy@1=72.68%, accuracy@5=97.52%
[007-050] Layer Alignment score:  normal: 0.0000, reduce: 0.0000
[008-050] Search: Model metrics  : loss=0.58, accuracy@1=79.83%, accuracy@5=98.94%, time-cost=620.2 s
[008-050] Evaluation:  : loss=0.66, accuracy@1=77.34%, accuracy@5=98.57%
[008-050] Layer Alignment score:  normal: 0.0000, reduce: 0.0000
<<<--->>> The 008-050-th epoch : found the highest validation accuracy : 77.34%.
[009-050] Search: Model metrics  : loss=0.54, accuracy@1=81.24%, accuracy@5=99.06%, time-cost=696.6 s
[009-050] Evaluation:  : loss=0.67, accuracy@1=77.46%, accuracy@5=98.70%
[009-050] Layer Alignment score:  normal: 0.0000, reduce: 0.0000
<<<--->>> The 009-050-th epoch : found the highest validation accuracy : 77.46%.
[010-050] Search: Model metrics  : loss=0.51, accuracy@1=82.04%, accuracy@5=99.20%, time-cost=777.6 s
[010-050] Evaluation:  : loss=0.64, accuracy@1=78.25%, accuracy@5=98.71%
[010-050] Layer Alignment score:  normal: 0.0000, reduce: 0.0000
<<<--->>> The 010-050-th epoch : found the highest validation accuracy : 78.25%.
The searchspace has been warm started with 10 epochs
LoRA layers have been initialized for all operations with Conv2DLoRA module
[011-050] Search: Model metrics  : loss=0.42, accuracy@1=85.45%, accuracy@5=99.42%, time-cost=918.0 s
[011-050] Search: Architecture metrics  : loss=0.54, accuracy@1=81.67%, accuracy@5=99.08%
[011-050] Evaluation:  : loss=0.52, accuracy@1=82.12%, accuracy@5=99.08%
[011-050] Layer Alignment score:  normal: 0.0000, reduce: 0.0000
<<<--->>> The 011-050-th epoch : found the highest validation accuracy : 82.12%.
alpha 0 is Parameter containing:
tensor([[-0.0092,  0.0102],
        [ 0.0078, -0.0061],
        [ 0.0020, -0.0033],
        [ 0.0043, -0.0024],
        [-0.0019,  0.0048],
        [-0.0179,  0.0184],
        [-0.0023,  0.0033],
        [-0.0170,  0.0155],
        [-0.0063,  0.0067],
        [-0.0006, -0.0011],
        [-0.0188,  0.0183],
        [ 0.0020, -0.0019],
        [ 0.0004, -0.0003],
        [ 0.0161, -0.0160]], device='cuda:0', requires_grad=True)
alpha 1 is Parameter containing:
tensor([[ 0.0113, -0.0130],
        [ 0.0067, -0.0071],
        [ 0.0049, -0.0044],
        [ 0.0057, -0.0039],
        [-0.0031,  0.0039],
        [ 0.0008, -0.0028],
        [-0.0154,  0.0161],
        [ 0.0020, -0.0033],
        [ 0.0048, -0.0068],
        [ 0.0030, -0.0022],
        [ 0.0088, -0.0078],
        [ 0.0117, -0.0136],
        [ 0.0034, -0.0013],
        [ 0.0118, -0.0134]], device='cuda:0', requires_grad=True)
[012-050] Search: Model metrics  : loss=0.39, accuracy@1=86.43%, accuracy@5=99.52%, time-cost=1058.7 s
[012-050] Search: Architecture metrics  : loss=0.53, accuracy@1=82.11%, accuracy@5=99.06%
[012-050] Evaluation:  : loss=0.51, accuracy@1=82.55%, accuracy@5=99.10%
[012-050] Layer Alignment score:  normal: 0.0000, reduce: 0.0000
<<<--->>> The 012-050-th epoch : found the highest validation accuracy : 82.55%.
alpha 0 is Parameter containing:
tensor([[-1.0354e-02,  1.1322e-02],
        [ 2.1007e-02, -1.9302e-02],
        [ 5.2813e-03, -6.4945e-03],
        [ 1.1902e-02, -1.0011e-02],
        [-1.6046e-02,  1.8856e-02],
        [-5.2940e-02,  5.3398e-02],
        [-1.0272e-02,  1.1360e-02],
        [-1.4750e-02,  1.3282e-02],
        [-5.1119e-03,  5.4904e-03],
        [ 7.0977e-03, -8.8045e-03],
        [-4.3585e-02,  4.3090e-02],
        [ 2.6086e-05, -5.9683e-06],
        [-2.4194e-04,  3.2701e-04],
        [ 2.9226e-02, -2.9125e-02]], device='cuda:0', requires_grad=True)
alpha 1 is Parameter containing:
tensor([[ 0.0133, -0.0149],
        [ 0.0153, -0.0157],
        [ 0.0065, -0.0061],
        [ 0.0072, -0.0054],
        [ 0.0008, -0.0001],
        [ 0.0019, -0.0038],
        [-0.0151,  0.0158],
        [ 0.0050, -0.0062],
        [ 0.0159, -0.0178],
        [ 0.0026, -0.0019],
        [ 0.0116, -0.0106],
        [ 0.0087, -0.0105],
        [ 0.0034, -0.0014],
        [ 0.0219, -0.0235]], device='cuda:0', requires_grad=True)
[013-050] Search: Model metrics  : loss=0.38, accuracy@1=86.77%, accuracy@5=99.58%, time-cost=1199.4 s
[013-050] Search: Architecture metrics  : loss=0.54, accuracy@1=81.86%, accuracy@5=98.98%
[013-050] Evaluation:  : loss=0.50, accuracy@1=83.00%, accuracy@5=99.18%
[013-050] Layer Alignment score:  normal: 0.0000, reduce: 0.0000
<<<--->>> The 013-050-th epoch : found the highest validation accuracy : 83.00%.
alpha 0 is Parameter containing:
tensor([[-0.0047,  0.0057],
        [ 0.0304, -0.0287],
        [ 0.0094, -0.0106],
        [ 0.0124, -0.0105],
        [-0.0097,  0.0125],
        [-0.0927,  0.0931],
        [-0.0082,  0.0093],
        [-0.0094,  0.0079],
        [-0.0087,  0.0091],
        [ 0.0222, -0.0239],
        [-0.0754,  0.0749],
        [-0.0027,  0.0027],
        [-0.0071,  0.0072],
        [ 0.0454, -0.0453]], device='cuda:0', requires_grad=True)
alpha 1 is Parameter containing:
tensor([[ 0.0288, -0.0304],
        [ 0.0192, -0.0196],
        [ 0.0184, -0.0179],
        [ 0.0133, -0.0115],
        [ 0.0033, -0.0026],
        [ 0.0117, -0.0136],
        [-0.0295,  0.0302],
        [-0.0048,  0.0035],
        [ 0.0134, -0.0153],
        [ 0.0124, -0.0116],
        [ 0.0151, -0.0142],
        [ 0.0030, -0.0048],
        [ 0.0002,  0.0018],
        [ 0.0244, -0.0260]], device='cuda:0', requires_grad=True)
[014-050] Search: Model metrics  : loss=0.37, accuracy@1=87.03%, accuracy@5=99.56%, time-cost=1339.6 s
[014-050] Search: Architecture metrics  : loss=0.52, accuracy@1=82.17%, accuracy@5=99.10%
[014-050] Evaluation:  : loss=0.51, accuracy@1=82.50%, accuracy@5=99.08%
[014-050] Layer Alignment score:  normal: 0.0000, reduce: 0.0000
alpha 0 is Parameter containing:
tensor([[-0.0091,  0.0100],
        [ 0.0354, -0.0337],
        [ 0.0004, -0.0016],
        [ 0.0148, -0.0129],
        [-0.0096,  0.0124],
        [-0.1116,  0.1121],
        [-0.0127,  0.0137],
        [-0.0085,  0.0070],
        [-0.0040,  0.0044],
        [ 0.0407, -0.0424],
        [-0.1034,  0.1030],
        [-0.0031,  0.0032],
        [-0.0181,  0.0182],
        [ 0.0478, -0.0477]], device='cuda:0', requires_grad=True)
alpha 1 is Parameter containing:
tensor([[ 0.0292, -0.0308],
        [ 0.0220, -0.0225],
        [ 0.0181, -0.0176],
        [ 0.0101, -0.0083],
        [ 0.0062, -0.0055],
        [ 0.0092, -0.0110],
        [-0.0430,  0.0436],
        [-0.0050,  0.0037],
        [ 0.0150, -0.0168],
        [ 0.0085, -0.0078],
        [ 0.0092, -0.0083],
        [-0.0028,  0.0010],
        [-0.0047,  0.0067],
        [ 0.0242, -0.0258]], device='cuda:0', requires_grad=True)
[015-050] Search: Model metrics  : loss=0.37, accuracy@1=86.87%, accuracy@5=99.62%, time-cost=1481.1 s
[015-050] Search: Architecture metrics  : loss=0.53, accuracy@1=82.44%, accuracy@5=99.08%
[015-050] Evaluation:  : loss=0.51, accuracy@1=82.84%, accuracy@5=99.20%
[015-050] Layer Alignment score:  normal: 0.0000, reduce: 0.0000
alpha 0 is Parameter containing:
tensor([[-0.0173,  0.0183],
        [ 0.0336, -0.0319],
        [-0.0169,  0.0157],
        [ 0.0162, -0.0143],
        [-0.0115,  0.0143],
        [-0.1432,  0.1436],
        [-0.0179,  0.0189],
        [-0.0068,  0.0054],
        [-0.0064,  0.0068],
        [ 0.0498, -0.0515],
        [-0.1308,  0.1303],
        [-0.0002,  0.0002],
        [-0.0297,  0.0298],
        [ 0.0539, -0.0538]], device='cuda:0', requires_grad=True)
alpha 1 is Parameter containing:
tensor([[ 0.0353, -0.0369],
        [ 0.0197, -0.0201],
        [ 0.0179, -0.0174],
        [ 0.0209, -0.0192],
        [ 0.0019, -0.0012],
        [ 0.0092, -0.0110],
        [-0.0547,  0.0554],
        [ 0.0010, -0.0023],
        [ 0.0098, -0.0116],
        [ 0.0114, -0.0107],
        [ 0.0222, -0.0213],
        [-0.0080,  0.0062],
        [-0.0145,  0.0164],
        [ 0.0240, -0.0255]], device='cuda:0', requires_grad=True)
[016-050] Search: Model metrics  : loss=0.36, accuracy@1=87.38%, accuracy@5=99.61%, time-cost=1623.6 s
[016-050] Search: Architecture metrics  : loss=0.52, accuracy@1=82.21%, accuracy@5=99.15%
[016-050] Evaluation:  : loss=0.50, accuracy@1=82.87%, accuracy@5=99.22%
[016-050] Layer Alignment score:  normal: 0.0000, reduce: 0.0000
alpha 0 is Parameter containing:
tensor([[-0.0231,  0.0241],
        [ 0.0402, -0.0385],
        [-0.0134,  0.0122],
        [ 0.0216, -0.0197],
        [-0.0129,  0.0157],
        [-0.1806,  0.1811],
        [-0.0302,  0.0313],
        [ 0.0051, -0.0065],
        [-0.0114,  0.0118],
        [ 0.0528, -0.0544],
        [-0.1629,  0.1624],
        [-0.0052,  0.0053],
        [-0.0397,  0.0398],
        [ 0.0598, -0.0597]], device='cuda:0', requires_grad=True)
alpha 1 is Parameter containing:
tensor([[ 0.0361, -0.0377],
        [ 0.0255, -0.0259],
        [ 0.0147, -0.0142],
        [ 0.0185, -0.0169],
        [-0.0023,  0.0030],
        [ 0.0058, -0.0076],
        [-0.0500,  0.0506],
        [-0.0009, -0.0003],
        [ 0.0271, -0.0289],
        [ 0.0084, -0.0077],
        [ 0.0224, -0.0215],
        [-0.0113,  0.0096],
        [-0.0198,  0.0217],
        [ 0.0084, -0.0099]], device='cuda:0', requires_grad=True)
[017-050] Search: Model metrics  : loss=0.36, accuracy@1=87.29%, accuracy@5=99.64%, time-cost=1764.1 s
[017-050] Search: Architecture metrics  : loss=0.52, accuracy@1=82.62%, accuracy@5=99.19%
[017-050] Evaluation:  : loss=0.51, accuracy@1=82.97%, accuracy@5=99.14%
[017-050] Layer Alignment score:  normal: 0.0000, reduce: 0.0000
alpha 0 is Parameter containing:
tensor([[-0.0253,  0.0263],
        [ 0.0518, -0.0501],
        [-0.0183,  0.0171],
        [ 0.0270, -0.0252],
        [-0.0192,  0.0219],
        [-0.2170,  0.2175],
        [-0.0355,  0.0366],
        [ 0.0105, -0.0119],
        [-0.0085,  0.0089],
        [ 0.0575, -0.0591],
        [-0.1864,  0.1860],
        [-0.0057,  0.0057],
        [-0.0467,  0.0468],
        [ 0.0658, -0.0657]], device='cuda:0', requires_grad=True)
alpha 1 is Parameter containing:
tensor([[ 0.0419, -0.0434],
        [ 0.0360, -0.0364],
        [ 0.0198, -0.0194],
        [ 0.0187, -0.0170],
        [-0.0029,  0.0036],
        [ 0.0121, -0.0138],
        [-0.0561,  0.0567],
        [-0.0105,  0.0093],
        [ 0.0358, -0.0376],
        [ 0.0095, -0.0089],
        [ 0.0213, -0.0204],
        [-0.0075,  0.0059],
        [-0.0228,  0.0247],
        [ 0.0146, -0.0161]], device='cuda:0', requires_grad=True)
[018-050] Search: Model metrics  : loss=0.35, accuracy@1=87.78%, accuracy@5=99.60%, time-cost=1904.4 s
[018-050] Search: Architecture metrics  : loss=0.51, accuracy@1=82.53%, accuracy@5=99.12%
[018-050] Evaluation:  : loss=0.51, accuracy@1=83.06%, accuracy@5=99.18%
[018-050] Layer Alignment score:  normal: 0.0000, reduce: 0.0000
<<<--->>> The 018-050-th epoch : found the highest validation accuracy : 83.06%.
alpha 0 is Parameter containing:
tensor([[-0.0200,  0.0209],
        [ 0.0559, -0.0542],
        [-0.0231,  0.0219],
        [ 0.0255, -0.0237],
        [-0.0153,  0.0181],
        [-0.2417,  0.2422],
        [-0.0456,  0.0466],
        [ 0.0129, -0.0143],
        [-0.0029,  0.0033],
        [ 0.0673, -0.0689],
        [-0.2041,  0.2036],
        [-0.0081,  0.0082],
        [-0.0475,  0.0476],
        [ 0.0790, -0.0789]], device='cuda:0', requires_grad=True)
alpha 1 is Parameter containing:
tensor([[ 0.0349, -0.0364],
        [ 0.0210, -0.0214],
        [ 0.0136, -0.0132],
        [ 0.0198, -0.0181],
        [-0.0049,  0.0055],
        [ 0.0038, -0.0055],
        [-0.0744,  0.0750],
        [-0.0032,  0.0020],
        [ 0.0395, -0.0412],
        [ 0.0017, -0.0011],
        [ 0.0219, -0.0211],
        [-0.0093,  0.0077],
        [-0.0252,  0.0270],
        [ 0.0130, -0.0145]], device='cuda:0', requires_grad=True)
[019-050] Search: Model metrics  : loss=0.36, accuracy@1=87.62%, accuracy@5=99.57%, time-cost=2044.3 s
[019-050] Search: Architecture metrics  : loss=0.51, accuracy@1=83.13%, accuracy@5=99.13%
[019-050] Evaluation:  : loss=0.50, accuracy@1=82.92%, accuracy@5=99.16%
[019-050] Layer Alignment score:  normal: 0.0000, reduce: 0.0000
alpha 0 is Parameter containing:
tensor([[-0.0136,  0.0146],
        [ 0.0620, -0.0604],
        [-0.0190,  0.0179],
        [ 0.0231, -0.0213],
        [-0.0100,  0.0127],
        [-0.2517,  0.2521],
        [-0.0418,  0.0429],
        [ 0.0174, -0.0188],
        [-0.0008,  0.0011],
        [ 0.0823, -0.0839],
        [-0.2238,  0.2234],
        [-0.0079,  0.0079],
        [-0.0475,  0.0476],
        [ 0.0888, -0.0887]], device='cuda:0', requires_grad=True)
alpha 1 is Parameter containing:
tensor([[ 0.0516, -0.0531],
        [ 0.0172, -0.0176],
        [ 0.0264, -0.0260],
        [ 0.0244, -0.0228],
        [-0.0017,  0.0024],
        [ 0.0177, -0.0193],
        [-0.0805,  0.0811],
        [-0.0074,  0.0062],
        [ 0.0425, -0.0443],
        [ 0.0162, -0.0156],
        [ 0.0251, -0.0243],
        [-0.0079,  0.0063],
        [-0.0281,  0.0299],
        [ 0.0247, -0.0262]], device='cuda:0', requires_grad=True)
[020-050] Search: Model metrics  : loss=0.35, accuracy@1=87.56%, accuracy@5=99.61%, time-cost=2184.6 s
[020-050] Search: Architecture metrics  : loss=0.51, accuracy@1=82.96%, accuracy@5=99.08%
[020-050] Evaluation:  : loss=0.49, accuracy@1=83.28%, accuracy@5=99.18%
[020-050] Layer Alignment score:  normal: 0.0000, reduce: 0.0000
<<<--->>> The 020-050-th epoch : found the highest validation accuracy : 83.28%.
alpha 0 is Parameter containing:
tensor([[-0.0110,  0.0119],
        [ 0.0636, -0.0620],
        [-0.0270,  0.0258],
        [ 0.0248, -0.0230],
        [-0.0113,  0.0140],
        [-0.2652,  0.2656],
        [-0.0488,  0.0498],
        [ 0.0143, -0.0157],
        [ 0.0045, -0.0042],
        [ 0.0729, -0.0745],
        [-0.2439,  0.2435],
        [-0.0115,  0.0115],
        [-0.0576,  0.0577],
        [ 0.0882, -0.0881]], device='cuda:0', requires_grad=True)
alpha 1 is Parameter containing:
tensor([[ 0.0517, -0.0532],
        [ 0.0138, -0.0142],
        [ 0.0197, -0.0193],
        [ 0.0280, -0.0265],
        [-0.0107,  0.0114],
        [ 0.0134, -0.0150],
        [-0.0948,  0.0954],
        [-0.0136,  0.0124],
        [ 0.0461, -0.0478],
        [ 0.0135, -0.0129],
        [ 0.0316, -0.0308],
        [-0.0052,  0.0036],
        [-0.0373,  0.0391],
        [ 0.0219, -0.0234]], device='cuda:0', requires_grad=True)
[021-050] Search: Model metrics  : loss=0.35, accuracy@1=87.96%, accuracy@5=99.60%, time-cost=2324.9 s
[021-050] Search: Architecture metrics  : loss=0.51, accuracy@1=82.78%, accuracy@5=99.12%
[021-050] Evaluation:  : loss=0.49, accuracy@1=83.22%, accuracy@5=99.21%
[021-050] Layer Alignment score:  normal: 0.0000, reduce: 0.0000
alpha 0 is Parameter containing:
tensor([[-0.0225,  0.0235],
        [ 0.0570, -0.0554],
        [-0.0338,  0.0327],
        [ 0.0229, -0.0211],
        [-0.0172,  0.0199],
        [-0.2801,  0.2805],
        [-0.0594,  0.0604],
        [ 0.0085, -0.0099],
        [-0.0013,  0.0017],
        [ 0.0785, -0.0802],
        [-0.2642,  0.2638],
        [-0.0166,  0.0166],
        [-0.0642,  0.0642],
        [ 0.0913, -0.0912]], device='cuda:0', requires_grad=True)
alpha 1 is Parameter containing:
tensor([[ 0.0469, -0.0483],
        [ 0.0002, -0.0006],
        [ 0.0133, -0.0129],
        [ 0.0317, -0.0302],
        [-0.0077,  0.0084],
        [ 0.0061, -0.0076],
        [-0.1055,  0.1061],
        [-0.0128,  0.0117],
        [ 0.0549, -0.0566],
        [ 0.0083, -0.0077],
        [ 0.0367, -0.0360],
        [-0.0122,  0.0106],
        [-0.0424,  0.0441],
        [ 0.0217, -0.0232]], device='cuda:0', requires_grad=True)
[022-050] Search: Model metrics  : loss=0.35, accuracy@1=87.69%, accuracy@5=99.61%, time-cost=2467.3 s
[022-050] Search: Architecture metrics  : loss=0.52, accuracy@1=82.47%, accuracy@5=99.04%
[022-050] Evaluation:  : loss=0.50, accuracy@1=83.08%, accuracy@5=99.24%
[022-050] Layer Alignment score:  normal: 0.0000, reduce: 0.0000
alpha 0 is Parameter containing:
tensor([[-0.0216,  0.0225],
        [ 0.0646, -0.0629],
        [-0.0358,  0.0346],
        [ 0.0202, -0.0184],
        [-0.0097,  0.0124],
        [-0.3056,  0.3061],
        [-0.0693,  0.0704],
        [ 0.0114, -0.0128],
        [ 0.0034, -0.0031],
        [ 0.0841, -0.0857],
        [-0.2922,  0.2918],
        [-0.0106,  0.0106],
        [-0.0768,  0.0768],
        [ 0.1001, -0.1000]], device='cuda:0', requires_grad=True)
alpha 1 is Parameter containing:
tensor([[ 0.0475, -0.0490],
        [-0.0103,  0.0099],
        [ 0.0131, -0.0128],
        [ 0.0195, -0.0180],
        [-0.0098,  0.0105],
        [ 0.0010, -0.0025],
        [-0.1155,  0.1161],
        [-0.0139,  0.0128],
        [ 0.0511, -0.0528],
        [ 0.0039, -0.0033],
        [ 0.0251, -0.0243],
        [-0.0090,  0.0075],
        [-0.0367,  0.0384],
        [ 0.0255, -0.0269]], device='cuda:0', requires_grad=True)
[023-050] Search: Model metrics  : loss=0.35, accuracy@1=87.64%, accuracy@5=99.65%, time-cost=2608.4 s
[023-050] Search: Architecture metrics  : loss=0.52, accuracy@1=82.46%, accuracy@5=99.16%
[023-050] Evaluation:  : loss=0.49, accuracy@1=83.31%, accuracy@5=99.23%
[023-050] Layer Alignment score:  normal: 0.0000, reduce: 0.0000
<<<--->>> The 023-050-th epoch : found the highest validation accuracy : 83.31%.
alpha 0 is Parameter containing:
tensor([[-0.0258,  0.0267],
        [ 0.0696, -0.0680],
        [-0.0431,  0.0419],
        [ 0.0181, -0.0163],
        [-0.0192,  0.0218],
        [-0.3178,  0.3182],
        [-0.0840,  0.0851],
        [ 0.0217, -0.0231],
        [ 0.0063, -0.0059],
        [ 0.0923, -0.0939],
        [-0.3149,  0.3145],
        [-0.0120,  0.0121],
        [-0.0804,  0.0805],
        [ 0.1117, -0.1116]], device='cuda:0', requires_grad=True)
alpha 1 is Parameter containing:
tensor([[ 0.0515, -0.0529],
        [-0.0041,  0.0037],
        [ 0.0175, -0.0171],
        [ 0.0241, -0.0226],
        [ 0.0031, -0.0025],
        [ 0.0028, -0.0042],
        [-0.1204,  0.1209],
        [-0.0160,  0.0148],
        [ 0.0525, -0.0542],
        [ 0.0069, -0.0064],
        [ 0.0289, -0.0282],
        [-0.0030,  0.0014],
        [-0.0300,  0.0317],
        [ 0.0314, -0.0328]], device='cuda:0', requires_grad=True)
[024-050] Search: Model metrics  : loss=0.35, accuracy@1=87.66%, accuracy@5=99.60%, time-cost=2748.5 s
[024-050] Search: Architecture metrics  : loss=0.53, accuracy@1=82.46%, accuracy@5=99.04%
[024-050] Evaluation:  : loss=0.49, accuracy@1=83.32%, accuracy@5=99.22%
[024-050] Layer Alignment score:  normal: 0.0000, reduce: 0.0000
<<<--->>> The 024-050-th epoch : found the highest validation accuracy : 83.32%.
alpha 0 is Parameter containing:
tensor([[-0.0265,  0.0275],
        [ 0.0735, -0.0718],
        [-0.0343,  0.0331],
        [ 0.0215, -0.0197],
        [-0.0167,  0.0194],
        [-0.3438,  0.3442],
        [-0.0890,  0.0900],
        [ 0.0304, -0.0318],
        [ 0.0067, -0.0064],
        [ 0.1154, -0.1170],
        [-0.3278,  0.3274],
        [-0.0108,  0.0108],
        [-0.0868,  0.0869],
        [ 0.1187, -0.1186]], device='cuda:0', requires_grad=True)
alpha 1 is Parameter containing:
tensor([[ 0.0522, -0.0536],
        [-0.0036,  0.0032],
        [ 0.0150, -0.0146],
        [ 0.0331, -0.0316],
        [ 0.0002,  0.0004],
        [-0.0007, -0.0008],
        [-0.1209,  0.1215],
        [-0.0187,  0.0176],
        [ 0.0444, -0.0461],
        [-0.0002,  0.0007],
        [ 0.0351, -0.0343],
        [-0.0128,  0.0113],
        [-0.0359,  0.0376],
        [ 0.0314, -0.0328]], device='cuda:0', requires_grad=True)
[025-050] Search: Model metrics  : loss=0.34, accuracy@1=87.88%, accuracy@5=99.68%, time-cost=2890.1 s
[025-050] Search: Architecture metrics  : loss=0.50, accuracy@1=83.34%, accuracy@5=99.14%
[025-050] Evaluation:  : loss=0.49, accuracy@1=83.52%, accuracy@5=99.20%
[025-050] Layer Alignment score:  normal: 0.0000, reduce: 0.0000
<<<--->>> The 025-050-th epoch : found the highest validation accuracy : 83.52%.
alpha 0 is Parameter containing:
tensor([[-0.0248,  0.0258],
        [ 0.0753, -0.0736],
        [-0.0278,  0.0267],
        [ 0.0088, -0.0070],
        [-0.0190,  0.0216],
        [-0.3539,  0.3543],
        [-0.0896,  0.0907],
        [ 0.0340, -0.0354],
        [ 0.0018, -0.0014],
        [ 0.1155, -0.1170],
        [-0.3396,  0.3391],
        [-0.0159,  0.0159],
        [-0.0798,  0.0799],
        [ 0.1197, -0.1196]], device='cuda:0', requires_grad=True)
alpha 1 is Parameter containing:
tensor([[ 0.0552, -0.0566],
        [-0.0190,  0.0187],
        [ 0.0171, -0.0168],
        [ 0.0272, -0.0258],
        [ 0.0030, -0.0024],
        [-0.0023,  0.0009],
        [-0.1342,  0.1347],
        [-0.0209,  0.0198],
        [ 0.0505, -0.0521],
        [ 0.0015, -0.0009],
        [ 0.0291, -0.0284],
        [-0.0096,  0.0082],
        [-0.0367,  0.0384],
        [ 0.0377, -0.0390]], device='cuda:0', requires_grad=True)
[026-050] Search: Model metrics  : loss=0.34, accuracy@1=87.84%, accuracy@5=99.67%, time-cost=3031.9 s
[026-050] Search: Architecture metrics  : loss=0.51, accuracy@1=82.88%, accuracy@5=99.18%
[026-050] Evaluation:  : loss=0.49, accuracy@1=83.56%, accuracy@5=99.13%
[026-050] Layer Alignment score:  normal: 0.0000, reduce: 0.0000
<<<--->>> The 026-050-th epoch : found the highest validation accuracy : 83.56%.
alpha 0 is Parameter containing:
tensor([[-0.0319,  0.0328],
        [ 0.0729, -0.0712],
        [-0.0330,  0.0318],
        [ 0.0226, -0.0208],
        [-0.0185,  0.0211],
        [-0.3795,  0.3799],
        [-0.0975,  0.0986],
        [ 0.0391, -0.0405],
        [ 0.0023, -0.0019],
        [ 0.1323, -0.1338],
        [-0.3481,  0.3477],
        [-0.0105,  0.0105],
        [-0.0930,  0.0931],
        [ 0.1247, -0.1246]], device='cuda:0', requires_grad=True)
alpha 1 is Parameter containing:
tensor([[ 0.0447, -0.0461],
        [-0.0218,  0.0214],
        [ 0.0025, -0.0021],
        [ 0.0286, -0.0272],
        [-0.0072,  0.0078],
        [-0.0197,  0.0184],
        [-0.1423,  0.1428],
        [-0.0273,  0.0262],
        [ 0.0618, -0.0635],
        [-0.0096,  0.0102],
        [ 0.0336, -0.0330],
        [-0.0205,  0.0191],
        [-0.0368,  0.0384],
        [ 0.0402, -0.0415]], device='cuda:0', requires_grad=True)
[027-050] Search: Model metrics  : loss=0.34, accuracy@1=88.30%, accuracy@5=99.68%, time-cost=3173.6 s
[027-050] Search: Architecture metrics  : loss=0.51, accuracy@1=82.95%, accuracy@5=99.10%
[027-050] Evaluation:  : loss=0.49, accuracy@1=83.46%, accuracy@5=99.25%
[027-050] Layer Alignment score:  normal: 0.0000, reduce: 0.0000
alpha 0 is Parameter containing:
tensor([[-0.0328,  0.0337],
        [ 0.0664, -0.0648],
        [-0.0294,  0.0282],
        [ 0.0257, -0.0239],
        [-0.0099,  0.0125],
        [-0.3939,  0.3943],
        [-0.1050,  0.1060],
        [ 0.0373, -0.0387],
        [-0.0009,  0.0012],
        [ 0.1440, -0.1456],
        [-0.3718,  0.3714],
        [-0.0050,  0.0050],
        [-0.1027,  0.1027],
        [ 0.1319, -0.1318]], device='cuda:0', requires_grad=True)
alpha 1 is Parameter containing:
tensor([[ 0.0565, -0.0579],
        [-0.0200,  0.0196],
        [ 0.0090, -0.0087],
        [ 0.0294, -0.0280],
        [ 0.0012, -0.0006],
        [-0.0118,  0.0104],
        [-0.1434,  0.1439],
        [-0.0258,  0.0248],
        [ 0.0727, -0.0743],
        [ 0.0003,  0.0002],
        [ 0.0357, -0.0350],
        [-0.0202,  0.0188],
        [-0.0421,  0.0437],
        [ 0.0344, -0.0357]], device='cuda:0', requires_grad=True)
[028-050] Search: Model metrics  : loss=0.34, accuracy@1=88.04%, accuracy@5=99.68%, time-cost=3314.7 s
[028-050] Search: Architecture metrics  : loss=0.52, accuracy@1=82.68%, accuracy@5=99.10%
[028-050] Evaluation:  : loss=0.50, accuracy@1=83.34%, accuracy@5=99.21%
[028-050] Layer Alignment score:  normal: 0.0000, reduce: 0.0000
alpha 0 is Parameter containing:
tensor([[-0.0370,  0.0380],
        [ 0.0718, -0.0701],
        [-0.0357,  0.0346],
        [ 0.0307, -0.0289],
        [-0.0069,  0.0096],
        [-0.3990,  0.3994],
        [-0.1140,  0.1150],
        [ 0.0455, -0.0469],
        [-0.0053,  0.0057],
        [ 0.1457, -0.1473],
        [-0.3968,  0.3964],
        [-0.0111,  0.0111],
        [-0.1100,  0.1100],
        [ 0.1258, -0.1257]], device='cuda:0', requires_grad=True)
alpha 1 is Parameter containing:
tensor([[ 0.0604, -0.0617],
        [-0.0182,  0.0178],
        [ 0.0070, -0.0066],
        [ 0.0273, -0.0259],
        [-0.0040,  0.0047],
        [-0.0123,  0.0110],
        [-0.1615,  0.1620],
        [-0.0361,  0.0350],
        [ 0.0709, -0.0725],
        [ 0.0020, -0.0015],
        [ 0.0347, -0.0340],
        [-0.0251,  0.0237],
        [-0.0440,  0.0456],
        [ 0.0425, -0.0438]], device='cuda:0', requires_grad=True)
[029-050] Search: Model metrics  : loss=0.33, accuracy@1=88.30%, accuracy@5=99.68%, time-cost=3456.0 s
[029-050] Search: Architecture metrics  : loss=0.52, accuracy@1=82.54%, accuracy@5=99.15%
[029-050] Evaluation:  : loss=0.50, accuracy@1=83.21%, accuracy@5=99.19%
[029-050] Layer Alignment score:  normal: 0.0000, reduce: 0.0000
alpha 0 is Parameter containing:
tensor([[-0.0324,  0.0334],
        [ 0.0793, -0.0776],
        [-0.0378,  0.0367],
        [ 0.0248, -0.0230],
        [-0.0133,  0.0159],
        [-0.4256,  0.4260],
        [-0.1115,  0.1126],
        [ 0.0478, -0.0491],
        [-0.0017,  0.0020],
        [ 0.1565, -0.1581],
        [-0.4167,  0.4163],
        [-0.0192,  0.0192],
        [-0.1082,  0.1083],
        [ 0.1297, -0.1296]], device='cuda:0', requires_grad=True)
alpha 1 is Parameter containing:
tensor([[ 0.0563, -0.0576],
        [-0.0269,  0.0265],
        [ 0.0038, -0.0034],
        [ 0.0270, -0.0257],
        [-0.0076,  0.0082],
        [-0.0196,  0.0183],
        [-0.1788,  0.1793],
        [-0.0269,  0.0259],
        [ 0.0775, -0.0791],
        [ 0.0016, -0.0011],
        [ 0.0368, -0.0362],
        [-0.0316,  0.0302],
        [-0.0492,  0.0507],
        [ 0.0394, -0.0407]], device='cuda:0', requires_grad=True)
[030-050] Search: Model metrics  : loss=0.34, accuracy@1=88.10%, accuracy@5=99.70%, time-cost=3596.3 s
[030-050] Search: Architecture metrics  : loss=0.52, accuracy@1=82.87%, accuracy@5=99.08%
[030-050] Evaluation:  : loss=0.48, accuracy@1=83.68%, accuracy@5=99.24%
[030-050] Layer Alignment score:  normal: 0.0000, reduce: 0.0000
<<<--->>> The 030-050-th epoch : found the highest validation accuracy : 83.68%.
alpha 0 is Parameter containing:
tensor([[-0.0384,  0.0393],
        [ 0.0762, -0.0745],
        [-0.0384,  0.0373],
        [ 0.0224, -0.0206],
        [-0.0206,  0.0232],
        [-0.4384,  0.4388],
        [-0.1207,  0.1217],
        [ 0.0461, -0.0475],
        [-0.0085,  0.0089],
        [ 0.1642, -0.1658],
        [-0.4334,  0.4330],
        [-0.0220,  0.0220],
        [-0.1124,  0.1125],
        [ 0.1274, -0.1273]], device='cuda:0', requires_grad=True)
alpha 1 is Parameter containing:
tensor([[ 0.0456, -0.0469],
        [-0.0336,  0.0332],
        [-0.0093,  0.0097],
        [ 0.0164, -0.0151],
        [-0.0076,  0.0082],
        [-0.0348,  0.0335],
        [-0.1955,  0.1960],
        [-0.0179,  0.0169],
        [ 0.0773, -0.0789],
        [-0.0105,  0.0110],
        [ 0.0277, -0.0271],
        [-0.0321,  0.0308],
        [-0.0511,  0.0526],
        [ 0.0442, -0.0454]], device='cuda:0', requires_grad=True)
[031-050] Search: Model metrics  : loss=0.33, accuracy@1=88.33%, accuracy@5=99.63%, time-cost=3736.7 s
[031-050] Search: Architecture metrics  : loss=0.51, accuracy@1=82.97%, accuracy@5=99.13%
[031-050] Evaluation:  : loss=0.49, accuracy@1=83.64%, accuracy@5=99.23%
[031-050] Layer Alignment score:  normal: 0.0000, reduce: 0.0000
alpha 0 is Parameter containing:
tensor([[-0.0409,  0.0419],
        [ 0.0775, -0.0759],
        [-0.0317,  0.0305],
        [ 0.0147, -0.0130],
        [-0.0197,  0.0223],
        [-0.4568,  0.4571],
        [-0.1222,  0.1232],
        [ 0.0505, -0.0519],
        [-0.0011,  0.0014],
        [ 0.1773, -0.1788],
        [-0.4402,  0.4398],
        [-0.0280,  0.0281],
        [-0.1183,  0.1184],
        [ 0.1406, -0.1405]], device='cuda:0', requires_grad=True)
alpha 1 is Parameter containing:
tensor([[ 0.0507, -0.0520],
        [-0.0237,  0.0234],
        [-0.0034,  0.0037],
        [ 0.0180, -0.0167],
        [ 0.0057, -0.0051],
        [-0.0332,  0.0320],
        [-0.1918,  0.1923],
        [-0.0040,  0.0030],
        [ 0.0747, -0.0763],
        [-0.0077,  0.0082],
        [ 0.0297, -0.0291],
        [-0.0279,  0.0265],
        [-0.0437,  0.0452],
        [ 0.0604, -0.0617]], device='cuda:0', requires_grad=True)
[032-050] Search: Model metrics  : loss=0.33, accuracy@1=88.42%, accuracy@5=99.68%, time-cost=3870.8 s
[032-050] Search: Architecture metrics  : loss=0.51, accuracy@1=82.92%, accuracy@5=99.11%
[032-050] Evaluation:  : loss=0.49, accuracy@1=83.56%, accuracy@5=99.23%
[032-050] Layer Alignment score:  normal: 0.0000, reduce: 0.0000
alpha 0 is Parameter containing:
tensor([[-0.0525,  0.0534],
        [ 0.0712, -0.0696],
        [-0.0392,  0.0381],
        [ 0.0166, -0.0149],
        [-0.0221,  0.0247],
        [-0.4654,  0.4658],
        [-0.1414,  0.1424],
        [ 0.0578, -0.0592],
        [-0.0067,  0.0071],
        [ 0.1836, -0.1852],
        [-0.4464,  0.4460],
        [-0.0320,  0.0320],
        [-0.1172,  0.1172],
        [ 0.1404, -0.1403]], device='cuda:0', requires_grad=True)
alpha 1 is Parameter containing:
tensor([[ 0.0444, -0.0457],
        [-0.0272,  0.0268],
        [-0.0085,  0.0088],
        [ 0.0110, -0.0098],
        [ 0.0059, -0.0052],
        [-0.0422,  0.0410],
        [-0.1939,  0.1944],
        [-0.0061,  0.0051],
        [ 0.0833, -0.0848],
        [-0.0139,  0.0143],
        [ 0.0219, -0.0214],
        [-0.0341,  0.0328],
        [-0.0418,  0.0433],
        [ 0.0609, -0.0621]], device='cuda:0', requires_grad=True)
[033-050] Search: Model metrics  : loss=0.33, accuracy@1=88.48%, accuracy@5=99.67%, time-cost=4005.1 s
[033-050] Search: Architecture metrics  : loss=0.51, accuracy@1=82.83%, accuracy@5=99.08%
[033-050] Evaluation:  : loss=0.49, accuracy@1=83.52%, accuracy@5=99.26%
[033-050] Layer Alignment score:  normal: 0.0000, reduce: 0.0000
alpha 0 is Parameter containing:
tensor([[-0.0495,  0.0504],
        [ 0.0645, -0.0629],
        [-0.0391,  0.0379],
        [ 0.0159, -0.0141],
        [-0.0180,  0.0206],
        [-0.4713,  0.4717],
        [-0.1343,  0.1353],
        [ 0.0748, -0.0761],
        [-0.0049,  0.0052],
        [ 0.1895, -0.1911],
        [-0.4541,  0.4537],
        [-0.0279,  0.0279],
        [-0.1229,  0.1229],
        [ 0.1418, -0.1417]], device='cuda:0', requires_grad=True)
alpha 1 is Parameter containing:
tensor([[ 0.0507, -0.0519],
        [-0.0170,  0.0166],
        [ 0.0025, -0.0022],
        [ 0.0077, -0.0065],
        [ 0.0039, -0.0033],
        [-0.0352,  0.0340],
        [-0.2005,  0.2010],
        [-0.0132,  0.0122],
        [ 0.0837, -0.0853],
        [-0.0071,  0.0076],
        [ 0.0184, -0.0178],
        [-0.0393,  0.0380],
        [-0.0382,  0.0397],
        [ 0.0697, -0.0709]], device='cuda:0', requires_grad=True)
[034-050] Search: Model metrics  : loss=0.33, accuracy@1=88.55%, accuracy@5=99.69%, time-cost=4139.4 s
[034-050] Search: Architecture metrics  : loss=0.49, accuracy@1=83.32%, accuracy@5=99.22%
[034-050] Evaluation:  : loss=0.49, accuracy@1=83.69%, accuracy@5=99.17%
[034-050] Layer Alignment score:  normal: 0.0000, reduce: 0.0000
<<<--->>> The 034-050-th epoch : found the highest validation accuracy : 83.69%.
alpha 0 is Parameter containing:
tensor([[-0.0467,  0.0476],
        [ 0.0626, -0.0609],
        [-0.0363,  0.0352],
        [ 0.0148, -0.0130],
        [-0.0146,  0.0172],
        [-0.4710,  0.4714],
        [-0.1400,  0.1410],
        [ 0.0766, -0.0779],
        [-0.0067,  0.0070],
        [ 0.1928, -0.1943],
        [-0.4634,  0.4630],
        [-0.0344,  0.0344],
        [-0.1244,  0.1244],
        [ 0.1510, -0.1509]], device='cuda:0', requires_grad=True)
alpha 1 is Parameter containing:
tensor([[ 0.0447, -0.0460],
        [-0.0189,  0.0186],
        [-0.0052,  0.0055],
        [ 0.0030, -0.0018],
        [ 0.0096, -0.0090],
        [-0.0440,  0.0428],
        [-0.2081,  0.2086],
        [-0.0085,  0.0075],
        [ 0.0911, -0.0926],
        [-0.0133,  0.0137],
        [ 0.0147, -0.0141],
        [-0.0420,  0.0406],
        [-0.0466,  0.0480],
        [ 0.0694, -0.0706]], device='cuda:0', requires_grad=True)
[035-050] Search: Model metrics  : loss=0.33, accuracy@1=88.58%, accuracy@5=99.66%, time-cost=4275.6 s
[035-050] Search: Architecture metrics  : loss=0.51, accuracy@1=83.17%, accuracy@5=99.11%
[035-050] Evaluation:  : loss=0.48, accuracy@1=83.66%, accuracy@5=99.26%
[035-050] Layer Alignment score:  normal: 0.0000, reduce: 0.0000
alpha 0 is Parameter containing:
tensor([[-0.0498,  0.0507],
        [ 0.0687, -0.0671],
        [-0.0373,  0.0362],
        [ 0.0252, -0.0235],
        [-0.0150,  0.0176],
        [-0.4807,  0.4811],
        [-0.1344,  0.1354],
        [ 0.0784, -0.0798],
        [-0.0051,  0.0055],
        [ 0.2072, -0.2087],
        [-0.4773,  0.4769],
        [-0.0280,  0.0280],
        [-0.1311,  0.1311],
        [ 0.1470, -0.1469]], device='cuda:0', requires_grad=True)
alpha 1 is Parameter containing:
tensor([[ 4.7287e-02, -4.8517e-02],
        [-2.8727e-02,  2.8362e-02],
        [ 2.9464e-04,  2.8559e-06],
        [ 7.6607e-03, -6.4668e-03],
        [ 1.2012e-02, -1.1410e-02],
        [-4.1093e-02,  3.9947e-02],
        [-2.1606e-01,  2.1653e-01],
        [-3.6001e-03,  2.6413e-03],
        [ 1.0050e-01, -1.0199e-01],
        [-1.3293e-02,  1.3700e-02],
        [ 1.7497e-02, -1.6970e-02],
        [-3.7029e-02,  3.5730e-02],
        [-4.4444e-02,  4.5875e-02],
        [ 6.8888e-02, -7.0063e-02]], device='cuda:0', requires_grad=True)
[036-050] Search: Model metrics  : loss=0.32, accuracy@1=88.58%, accuracy@5=99.72%, time-cost=4411.2 s
[036-050] Search: Architecture metrics  : loss=0.50, accuracy@1=83.23%, accuracy@5=99.12%
[036-050] Evaluation:  : loss=0.49, accuracy@1=83.69%, accuracy@5=99.21%
[036-050] Layer Alignment score:  normal: 0.0000, reduce: 0.0000
alpha 0 is Parameter containing:
tensor([[-0.0427,  0.0436],
        [ 0.0642, -0.0626],
        [-0.0434,  0.0423],
        [ 0.0248, -0.0230],
        [-0.0114,  0.0140],
        [-0.4887,  0.4891],
        [-0.1410,  0.1420],
        [ 0.0772, -0.0785],
        [ 0.0134, -0.0131],
        [ 0.2205, -0.2220],
        [-0.4840,  0.4836],
        [-0.0139,  0.0139],
        [-0.1310,  0.1311],
        [ 0.1561, -0.1560]], device='cuda:0', requires_grad=True)
alpha 1 is Parameter containing:
tensor([[ 0.0563, -0.0575],
        [-0.0292,  0.0289],
        [ 0.0115, -0.0112],
        [ 0.0032, -0.0020],
        [ 0.0049, -0.0043],
        [-0.0332,  0.0321],
        [-0.2160,  0.2165],
        [-0.0056,  0.0047],
        [ 0.1028, -0.1043],
        [-0.0041,  0.0045],
        [ 0.0117, -0.0112],
        [-0.0424,  0.0411],
        [-0.0436,  0.0451],
        [ 0.0686, -0.0698]], device='cuda:0', requires_grad=True)
[037-050] Search: Model metrics  : loss=0.33, accuracy@1=88.34%, accuracy@5=99.66%, time-cost=4545.3 s
[037-050] Search: Architecture metrics  : loss=0.52, accuracy@1=82.66%, accuracy@5=99.13%
[037-050] Evaluation:  : loss=0.49, accuracy@1=83.58%, accuracy@5=99.18%
[037-050] Layer Alignment score:  normal: 0.0000, reduce: 0.0000
alpha 0 is Parameter containing:
tensor([[-0.0463,  0.0472],
        [ 0.0572, -0.0556],
        [-0.0412,  0.0401],
        [ 0.0236, -0.0219],
        [-0.0146,  0.0171],
        [-0.5023,  0.5027],
        [-0.1483,  0.1493],
        [ 0.0833, -0.0846],
        [ 0.0036, -0.0033],
        [ 0.2265, -0.2280],
        [-0.4936,  0.4932],
        [-0.0133,  0.0133],
        [-0.1426,  0.1427],
        [ 0.1611, -0.1610]], device='cuda:0', requires_grad=True)
alpha 1 is Parameter containing:
tensor([[ 0.0484, -0.0496],
        [-0.0267,  0.0263],
        [ 0.0047, -0.0044],
        [ 0.0008,  0.0003],
        [ 0.0117, -0.0111],
        [-0.0413,  0.0402],
        [-0.2109,  0.2114],
        [ 0.0041, -0.0050],
        [ 0.1113, -0.1127],
        [-0.0120,  0.0124],
        [ 0.0097, -0.0092],
        [-0.0465,  0.0453],
        [-0.0448,  0.0462],
        [ 0.0692, -0.0703]], device='cuda:0', requires_grad=True)
[038-050] Search: Model metrics  : loss=0.32, accuracy@1=88.46%, accuracy@5=99.68%, time-cost=4679.5 s
[038-050] Search: Architecture metrics  : loss=0.51, accuracy@1=83.06%, accuracy@5=99.17%
[038-050] Evaluation:  : loss=0.48, accuracy@1=83.88%, accuracy@5=99.22%
[038-050] Layer Alignment score:  normal: 0.0000, reduce: 0.0000
<<<--->>> The 038-050-th epoch : found the highest validation accuracy : 83.88%.
alpha 0 is Parameter containing:
tensor([[-4.5464e-02,  4.6363e-02],
        [ 5.9375e-02, -5.7778e-02],
        [-3.2334e-02,  3.1224e-02],
        [ 2.5578e-02, -2.3871e-02],
        [-8.5570e-03,  1.1062e-02],
        [-5.0636e-01,  5.0672e-01],
        [-1.4547e-01,  1.4644e-01],
        [ 8.3881e-02, -8.5200e-02],
        [-4.6471e-04,  8.0114e-04],
        [ 2.1761e-01, -2.1910e-01],
        [-5.0550e-01,  5.0512e-01],
        [-1.9726e-02,  1.9743e-02],
        [-1.4493e-01,  1.4500e-01],
        [ 1.5835e-01, -1.5826e-01]], device='cuda:0', requires_grad=True)
alpha 1 is Parameter containing:
tensor([[ 0.0482, -0.0494],
        [-0.0273,  0.0270],
        [ 0.0047, -0.0044],
        [ 0.0078, -0.0066],
        [ 0.0207, -0.0201],
        [-0.0417,  0.0406],
        [-0.2125,  0.2130],
        [ 0.0095, -0.0104],
        [ 0.1175, -0.1190],
        [-0.0120,  0.0123],
        [ 0.0152, -0.0147],
        [-0.0419,  0.0406],
        [-0.0400,  0.0414],
        [ 0.0727, -0.0738]], device='cuda:0', requires_grad=True)
[039-050] Search: Model metrics  : loss=0.32, accuracy@1=88.63%, accuracy@5=99.68%, time-cost=4813.4 s
[039-050] Search: Architecture metrics  : loss=0.49, accuracy@1=83.15%, accuracy@5=99.17%
[039-050] Evaluation:  : loss=0.48, accuracy@1=83.74%, accuracy@5=99.26%
[039-050] Layer Alignment score:  normal: 0.0000, reduce: 0.0000
alpha 0 is Parameter containing:
tensor([[-4.7843e-02,  4.8739e-02],
        [ 6.5000e-02, -6.3407e-02],
        [-3.4578e-02,  3.3472e-02],
        [ 2.5721e-02, -2.4021e-02],
        [-1.3950e-02,  1.6445e-02],
        [-5.1711e-01,  5.1747e-01],
        [-1.4063e-01,  1.4160e-01],
        [ 7.6560e-02, -7.7874e-02],
        [ 3.2087e-04,  1.4180e-05],
        [ 2.2711e-01, -2.2859e-01],
        [-5.1029e-01,  5.0992e-01],
        [-2.5794e-02,  2.5811e-02],
        [-1.4427e-01,  1.4434e-01],
        [ 1.5755e-01, -1.5746e-01]], device='cuda:0', requires_grad=True)
alpha 1 is Parameter containing:
tensor([[ 0.0492, -0.0504],
        [-0.0325,  0.0322],
        [ 0.0098, -0.0095],
        [ 0.0075, -0.0064],
        [ 0.0273, -0.0267],
        [-0.0387,  0.0376],
        [-0.2212,  0.2217],
        [ 0.0209, -0.0218],
        [ 0.1182, -0.1196],
        [-0.0091,  0.0095],
        [ 0.0145, -0.0141],
        [-0.0325,  0.0313],
        [-0.0309,  0.0323],
        [ 0.0878, -0.0889]], device='cuda:0', requires_grad=True)
[040-050] Search: Model metrics  : loss=0.32, accuracy@1=88.92%, accuracy@5=99.70%, time-cost=4947.8 s
[040-050] Search: Architecture metrics  : loss=0.50, accuracy@1=83.34%, accuracy@5=99.18%
[040-050] Evaluation:  : loss=0.48, accuracy@1=83.83%, accuracy@5=99.30%
[040-050] Layer Alignment score:  normal: 0.0000, reduce: 0.0000
alpha 0 is Parameter containing:
tensor([[-0.0510,  0.0518],
        [ 0.0666, -0.0650],
        [-0.0292,  0.0281],
        [ 0.0245, -0.0229],
        [-0.0091,  0.0116],
        [-0.5210,  0.5214],
        [-0.1303,  0.1313],
        [ 0.0883, -0.0896],
        [-0.0037,  0.0040],
        [ 0.2256, -0.2271],
        [-0.5214,  0.5211],
        [-0.0319,  0.0319],
        [-0.1460,  0.1460],
        [ 0.1637, -0.1636]], device='cuda:0', requires_grad=True)
alpha 1 is Parameter containing:
tensor([[ 0.0421, -0.0432],
        [-0.0389,  0.0386],
        [ 0.0046, -0.0043],
        [ 0.0029, -0.0018],
        [ 0.0320, -0.0314],
        [-0.0449,  0.0439],
        [-0.2310,  0.2315],
        [ 0.0241, -0.0250],
        [ 0.1173, -0.1187],
        [-0.0115,  0.0118],
        [ 0.0119, -0.0114],
        [-0.0295,  0.0283],
        [-0.0345,  0.0358],
        [ 0.0971, -0.0982]], device='cuda:0', requires_grad=True)
[041-050] Search: Model metrics  : loss=0.32, accuracy@1=88.89%, accuracy@5=99.74%, time-cost=5082.0 s
[041-050] Search: Architecture metrics  : loss=0.51, accuracy@1=83.20%, accuracy@5=99.13%
[041-050] Evaluation:  : loss=0.48, accuracy@1=83.73%, accuracy@5=99.18%
[041-050] Layer Alignment score:  normal: 0.0000, reduce: 0.0000
alpha 0 is Parameter containing:
tensor([[-0.0598,  0.0607],
        [ 0.0592, -0.0576],
        [-0.0238,  0.0227],
        [ 0.0273, -0.0256],
        [-0.0092,  0.0116],
        [-0.5288,  0.5291],
        [-0.1353,  0.1363],
        [ 0.0895, -0.0908],
        [-0.0086,  0.0089],
        [ 0.2400, -0.2415],
        [-0.5282,  0.5279],
        [-0.0428,  0.0428],
        [-0.1397,  0.1398],
        [ 0.1677, -0.1676]], device='cuda:0', requires_grad=True)
alpha 1 is Parameter containing:
tensor([[ 0.0437, -0.0448],
        [-0.0401,  0.0397],
        [ 0.0095, -0.0093],
        [-0.0090,  0.0101],
        [ 0.0224, -0.0219],
        [-0.0403,  0.0393],
        [-0.2389,  0.2394],
        [ 0.0233, -0.0242],
        [ 0.1131, -0.1145],
        [-0.0075,  0.0078],
        [-0.0027,  0.0032],
        [-0.0306,  0.0294],
        [-0.0410,  0.0423],
        [ 0.0896, -0.0907]], device='cuda:0', requires_grad=True)
[042-050] Search: Model metrics  : loss=0.32, accuracy@1=88.76%, accuracy@5=99.68%, time-cost=5217.6 s
[042-050] Search: Architecture metrics  : loss=0.49, accuracy@1=83.53%, accuracy@5=99.18%
[042-050] Evaluation:  : loss=0.48, accuracy@1=83.90%, accuracy@5=99.24%
[042-050] Layer Alignment score:  normal: 0.0000, reduce: 0.0000
<<<--->>> The 042-050-th epoch : found the highest validation accuracy : 83.90%.
alpha 0 is Parameter containing:
tensor([[-6.0750e-02,  6.1638e-02],
        [ 6.1347e-02, -5.9765e-02],
        [-1.6673e-02,  1.5576e-02],
        [ 2.9143e-02, -2.7461e-02],
        [-1.1001e-02,  1.3464e-02],
        [-5.3191e-01,  5.3226e-01],
        [-1.3131e-01,  1.3227e-01],
        [ 9.1939e-02, -9.3239e-02],
        [ 3.0915e-04,  2.1824e-05],
        [ 2.4571e-01, -2.4717e-01],
        [-5.3196e-01,  5.3159e-01],
        [-4.6714e-02,  4.6731e-02],
        [-1.4130e-01,  1.4137e-01],
        [ 1.6289e-01, -1.6280e-01]], device='cuda:0', requires_grad=True)
alpha 1 is Parameter containing:
tensor([[ 0.0392, -0.0404],
        [-0.0341,  0.0337],
        [ 0.0036, -0.0034],
        [-0.0062,  0.0073],
        [ 0.0279, -0.0274],
        [-0.0458,  0.0448],
        [-0.2401,  0.2406],
        [ 0.0267, -0.0275],
        [ 0.1236, -0.1250],
        [-0.0102,  0.0105],
        [ 0.0061, -0.0057],
        [-0.0322,  0.0310],
        [-0.0393,  0.0406],
        [ 0.0949, -0.0960]], device='cuda:0', requires_grad=True)
[043-050] Search: Model metrics  : loss=0.32, accuracy@1=88.90%, accuracy@5=99.69%, time-cost=5352.6 s
[043-050] Search: Architecture metrics  : loss=0.50, accuracy@1=82.98%, accuracy@5=99.24%
[043-050] Evaluation:  : loss=0.48, accuracy@1=83.74%, accuracy@5=99.32%
[043-050] Layer Alignment score:  normal: 0.0000, reduce: 0.0000
alpha 0 is Parameter containing:
tensor([[-0.0618,  0.0627],
        [ 0.0618, -0.0603],
        [-0.0193,  0.0183],
        [ 0.0258, -0.0241],
        [-0.0029,  0.0054],
        [-0.5289,  0.5293],
        [-0.1332,  0.1342],
        [ 0.0984, -0.0997],
        [ 0.0038, -0.0035],
        [ 0.2467, -0.2482],
        [-0.5214,  0.5211],
        [-0.0522,  0.0522],
        [-0.1434,  0.1435],
        [ 0.1680, -0.1679]], device='cuda:0', requires_grad=True)
alpha 1 is Parameter containing:
tensor([[ 0.0330, -0.0341],
        [-0.0358,  0.0354],
        [-0.0068,  0.0071],
        [-0.0117,  0.0127],
        [ 0.0177, -0.0172],
        [-0.0530,  0.0520],
        [-0.2530,  0.2534],
        [ 0.0201, -0.0210],
        [ 0.1277, -0.1291],
        [-0.0145,  0.0148],
        [ 0.0014, -0.0009],
        [-0.0393,  0.0381],
        [-0.0368,  0.0380],
        [ 0.1015, -0.1026]], device='cuda:0', requires_grad=True)
[044-050] Search: Model metrics  : loss=0.32, accuracy@1=88.85%, accuracy@5=99.68%, time-cost=5487.3 s
[044-050] Search: Architecture metrics  : loss=0.51, accuracy@1=83.08%, accuracy@5=99.14%
[044-050] Evaluation:  : loss=0.48, accuracy@1=84.06%, accuracy@5=99.22%
[044-050] Layer Alignment score:  normal: 0.0000, reduce: 0.0000
<<<--->>> The 044-050-th epoch : found the highest validation accuracy : 84.06%.
alpha 0 is Parameter containing:
tensor([[-0.0608,  0.0617],
        [ 0.0745, -0.0729],
        [-0.0152,  0.0141],
        [ 0.0247, -0.0231],
        [-0.0093,  0.0118],
        [-0.5389,  0.5393],
        [-0.1351,  0.1360],
        [ 0.0962, -0.0975],
        [ 0.0040, -0.0037],
        [ 0.2571, -0.2586],
        [-0.5302,  0.5298],
        [-0.0461,  0.0461],
        [-0.1587,  0.1587],
        [ 0.1718, -0.1717]], device='cuda:0', requires_grad=True)
alpha 1 is Parameter containing:
tensor([[ 0.0266, -0.0277],
        [-0.0337,  0.0334],
        [-0.0140,  0.0142],
        [-0.0007,  0.0018],
        [ 0.0268, -0.0262],
        [-0.0557,  0.0547],
        [-0.2533,  0.2537],
        [ 0.0249, -0.0258],
        [ 0.1385, -0.1398],
        [-0.0201,  0.0204],
        [ 0.0132, -0.0128],
        [-0.0356,  0.0345],
        [-0.0310,  0.0323],
        [ 0.1069, -0.1079]], device='cuda:0', requires_grad=True)
[045-050] Search: Model metrics  : loss=0.32, accuracy@1=88.97%, accuracy@5=99.68%, time-cost=5624.0 s
[045-050] Search: Architecture metrics  : loss=0.50, accuracy@1=83.36%, accuracy@5=99.08%
[045-050] Evaluation:  : loss=0.48, accuracy@1=83.71%, accuracy@5=99.31%
[045-050] Layer Alignment score:  normal: 0.0000, reduce: 0.0000
alpha 0 is Parameter containing:
tensor([[-7.0820e-02,  7.1702e-02],
        [ 7.5908e-02, -7.4337e-02],
        [-1.3610e-02,  1.2525e-02],
        [ 2.8720e-02, -2.7057e-02],
        [-6.7637e-03,  9.1958e-03],
        [-5.4897e-01,  5.4931e-01],
        [-1.3837e-01,  1.3931e-01],
        [ 1.0291e-01, -1.0419e-01],
        [-1.3248e-04,  4.5930e-04],
        [ 2.6051e-01, -2.6195e-01],
        [-5.4154e-01,  5.4119e-01],
        [-4.0160e-02,  4.0176e-02],
        [-1.6920e-01,  1.6927e-01],
        [ 1.7548e-01, -1.7540e-01]], device='cuda:0', requires_grad=True)
alpha 1 is Parameter containing:
tensor([[ 0.0307, -0.0318],
        [-0.0302,  0.0299],
        [-0.0102,  0.0104],
        [-0.0052,  0.0062],
        [ 0.0326, -0.0320],
        [-0.0540,  0.0531],
        [-0.2544,  0.2548],
        [ 0.0324, -0.0333],
        [ 0.1478, -0.1491],
        [-0.0214,  0.0217],
        [ 0.0110, -0.0106],
        [-0.0376,  0.0364],
        [-0.0351,  0.0363],
        [ 0.1031, -0.1042]], device='cuda:0', requires_grad=True)
[046-050] Search: Model metrics  : loss=0.31, accuracy@1=88.96%, accuracy@5=99.71%, time-cost=5757.9 s
[046-050] Search: Architecture metrics  : loss=0.50, accuracy@1=83.54%, accuracy@5=99.22%
[046-050] Evaluation:  : loss=0.48, accuracy@1=84.00%, accuracy@5=99.37%
[046-050] Layer Alignment score:  normal: 0.0000, reduce: 0.0000
alpha 0 is Parameter containing:
tensor([[-0.0732,  0.0741],
        [ 0.0818, -0.0802],
        [-0.0054,  0.0044],
        [ 0.0315, -0.0298],
        [ 0.0012,  0.0012],
        [-0.5569,  0.5572],
        [-0.1408,  0.1418],
        [ 0.0950, -0.0963],
        [ 0.0076, -0.0073],
        [ 0.2605, -0.2620],
        [-0.5524,  0.5521],
        [-0.0454,  0.0454],
        [-0.1688,  0.1689],
        [ 0.1764, -0.1764]], device='cuda:0', requires_grad=True)
alpha 1 is Parameter containing:
tensor([[ 0.0343, -0.0354],
        [-0.0295,  0.0292],
        [-0.0088,  0.0091],
        [-0.0088,  0.0098],
        [ 0.0307, -0.0301],
        [-0.0532,  0.0523],
        [-0.2516,  0.2520],
        [ 0.0332, -0.0340],
        [ 0.1530, -0.1543],
        [-0.0198,  0.0201],
        [ 0.0090, -0.0086],
        [-0.0414,  0.0402],
        [-0.0418,  0.0430],
        [ 0.0916, -0.0926]], device='cuda:0', requires_grad=True)
[047-050] Search: Model metrics  : loss=0.31, accuracy@1=88.87%, accuracy@5=99.73%, time-cost=5892.0 s
[047-050] Search: Architecture metrics  : loss=0.50, accuracy@1=83.14%, accuracy@5=99.24%
[047-050] Evaluation:  : loss=0.48, accuracy@1=83.95%, accuracy@5=99.25%
[047-050] Layer Alignment score:  normal: 0.0000, reduce: 0.0000
alpha 0 is Parameter containing:
tensor([[-0.0823,  0.0831],
        [ 0.0845, -0.0830],
        [-0.0065,  0.0054],
        [ 0.0174, -0.0157],
        [-0.0060,  0.0085],
        [-0.5592,  0.5596],
        [-0.1444,  0.1454],
        [ 0.0895, -0.0908],
        [ 0.0056, -0.0053],
        [ 0.2672, -0.2686],
        [-0.5552,  0.5549],
        [-0.0510,  0.0511],
        [-0.1693,  0.1694],
        [ 0.1717, -0.1716]], device='cuda:0', requires_grad=True)
alpha 1 is Parameter containing:
tensor([[ 0.0359, -0.0370],
        [-0.0254,  0.0251],
        [-0.0055,  0.0058],
        [-0.0090,  0.0100],
        [ 0.0358, -0.0352],
        [-0.0525,  0.0516],
        [-0.2624,  0.2628],
        [ 0.0324, -0.0333],
        [ 0.1524, -0.1537],
        [-0.0184,  0.0187],
        [ 0.0074, -0.0070],
        [-0.0470,  0.0458],
        [-0.0444,  0.0456],
        [ 0.0871, -0.0881]], device='cuda:0', requires_grad=True)
[048-050] Search: Model metrics  : loss=0.31, accuracy@1=88.82%, accuracy@5=99.72%, time-cost=6025.7 s
[048-050] Search: Architecture metrics  : loss=0.49, accuracy@1=83.54%, accuracy@5=99.23%
[048-050] Evaluation:  : loss=0.47, accuracy@1=84.28%, accuracy@5=99.23%
[048-050] Layer Alignment score:  normal: 0.0000, reduce: 0.0000
<<<--->>> The 048-050-th epoch : found the highest validation accuracy : 84.28%.
alpha 0 is Parameter containing:
tensor([[-0.0865,  0.0873],
        [ 0.0786, -0.0771],
        [-0.0099,  0.0088],
        [ 0.0247, -0.0231],
        [-0.0122,  0.0146],
        [-0.5645,  0.5649],
        [-0.1458,  0.1468],
        [ 0.1007, -0.1020],
        [ 0.0154, -0.0150],
        [ 0.2692, -0.2706],
        [-0.5652,  0.5649],
        [-0.0500,  0.0501],
        [-0.1602,  0.1602],
        [ 0.1765, -0.1764]], device='cuda:0', requires_grad=True)
alpha 1 is Parameter containing:
tensor([[ 0.0369, -0.0379],
        [-0.0196,  0.0193],
        [-0.0062,  0.0065],
        [-0.0080,  0.0089],
        [ 0.0249, -0.0243],
        [-0.0543,  0.0534],
        [-0.2675,  0.2679],
        [ 0.0298, -0.0306],
        [ 0.1531, -0.1544],
        [-0.0140,  0.0143],
        [ 0.0056, -0.0052],
        [-0.0613,  0.0602],
        [-0.0424,  0.0436],
        [ 0.0763, -0.0773]], device='cuda:0', requires_grad=True)
[049-050] Search: Model metrics  : loss=0.31, accuracy@1=89.18%, accuracy@5=99.69%, time-cost=6159.5 s
[049-050] Search: Architecture metrics  : loss=0.51, accuracy@1=83.07%, accuracy@5=99.08%
[049-050] Evaluation:  : loss=0.48, accuracy@1=83.91%, accuracy@5=99.26%
[049-050] Layer Alignment score:  normal: 0.0000, reduce: 0.0000
alpha 0 is Parameter containing:
tensor([[-8.8185e-02,  8.9057e-02],
        [ 7.7502e-02, -7.5945e-02],
        [ 6.6935e-05, -1.1390e-03],
        [ 2.2926e-02, -2.1286e-02],
        [-1.8284e-02,  2.0676e-02],
        [-5.6615e-01,  5.6647e-01],
        [-1.5820e-01,  1.5913e-01],
        [ 1.0059e-01, -1.0186e-01],
        [ 1.2621e-02, -1.2299e-02],
        [ 2.7683e-01, -2.7824e-01],
        [-5.6663e-01,  5.6629e-01],
        [-5.0707e-02,  5.0723e-02],
        [-1.5781e-01,  1.5788e-01],
        [ 1.7662e-01, -1.7654e-01]], device='cuda:0', requires_grad=True)
alpha 1 is Parameter containing:
tensor([[ 3.4711e-02, -3.5765e-02],
        [-1.9457e-02,  1.9127e-02],
        [-9.7348e-03,  9.9736e-03],
        [-1.2590e-02,  1.3540e-02],
        [ 2.8477e-02, -2.7939e-02],
        [-5.5174e-02,  5.4312e-02],
        [-2.6932e-01,  2.6970e-01],
        [ 3.2066e-02, -3.2879e-02],
        [ 1.5479e-01, -1.5608e-01],
        [-1.5815e-02,  1.6100e-02],
        [ 3.3798e-04,  2.8249e-05],
        [-6.2435e-02,  6.1353e-02],
        [-4.6571e-02,  4.7756e-02],
        [ 7.4870e-02, -7.5847e-02]], device='cuda:0', requires_grad=True)
[050-050] Search: Model metrics  : loss=0.31, accuracy@1=89.33%, accuracy@5=99.74%, time-cost=6293.7 s
[050-050] Search: Architecture metrics  : loss=0.49, accuracy@1=83.42%, accuracy@5=99.24%
[050-050] Evaluation:  : loss=0.48, accuracy@1=83.80%, accuracy@5=99.28%
[050-050] Layer Alignment score:  normal: 0.0000, reduce: 0.0000
alpha 0 is Parameter containing:
tensor([[-0.0859,  0.0868],
        [ 0.0819, -0.0803],
        [ 0.0022, -0.0033],
        [ 0.0326, -0.0310],
        [-0.0246,  0.0269],
        [-0.5714,  0.5717],
        [-0.1522,  0.1531],
        [ 0.1153, -0.1165],
        [ 0.0128, -0.0125],
        [ 0.2874, -0.2888],
        [-0.5753,  0.5750],
        [-0.0436,  0.0436],
        [-0.1684,  0.1684],
        [ 0.1832, -0.1831]], device='cuda:0', requires_grad=True)
alpha 1 is Parameter containing:
tensor([[ 0.0306, -0.0317],
        [-0.0236,  0.0233],
        [-0.0169,  0.0171],
        [-0.0190,  0.0199],
        [ 0.0289, -0.0284],
        [-0.0616,  0.0607],
        [-0.2736,  0.2740],
        [ 0.0247, -0.0255],
        [ 0.1560, -0.1572],
        [-0.0248,  0.0251],
        [-0.0066,  0.0070],
        [-0.0689,  0.0678],
        [-0.0546,  0.0558],
        [ 0.0661, -0.0671]], device='cuda:0', requires_grad=True)
