Training the supernet with the following configuration: 
{
  "sampler": {
    "sample_frequency": "step"
  },
  "perturbator": null,
  "partial_connector": null,
  "dropout": {
    "p": 0.0,
    "p_min": 0.0,
    "anneal_frequency": "epoch",
    "anneal_type": "linear",
    "max_iter": 50
  },
  "trainer": {
    "lr": 0.025,
    "arch_lr": 0.0003,
    "epochs": 50,
    "lora_warm_epochs": 10,
    "optim": "sgd",
    "arch_optim": "adam",
    "optim_config": {
      "momentum": 0.9,
      "nesterov": 0,
      "weight_decay": 0.0003
    },
    "arch_optim_config": {
      "betas": [
        0.5,
        0.999
      ],
      "weight_decay": 0.001
    },
    "scheduler": "cosine_annealing_lr",
    "criterion": "cross_entropy",
    "batch_size": 64,
    "learning_rate_min": 0.001,
    "cutout": -1,
    "cutout_length": 16,
    "train_portion": 0.5,
    "use_data_parallel": false,
    "checkpointing_freq": 1,
    "seed": 100
  },
  "lora": {
    "r": 1,
    "lora_dropout": 0,
    "lora_alpha": 1,
    "merge_weights": true
  },
  "lora_extra": {
    "toggle_epochs": null,
    "warm_epochs": 10,
    "toggle_probability": null
  },
  "sampler_type": "darts",
  "searchspace_str": "robust_darts",
  "weight_type": "weight_sharing",
  "oles": {
    "oles": false,
    "calc_gm_score": false
  },
  "search_space": {
    "num_classes": 10,
    "space": "s2"
  },
  "project_name": "LoRA-robust-darts",
  "experiment_type": "lora",
  "seed": 3
}
[001-050] Search: Model metrics  : loss=1.64, accuracy@1=38.86%, accuracy@5=88.24%, time-cost=90.0 s
[001-050] Evaluation:  : loss=1.46, accuracy@1=47.22%, accuracy@5=91.60%
[001-050] Layer Alignment score:  normal: 0.0000, reduce: 0.0000
<<<--->>> The 001-050-th epoch : found the highest validation accuracy : 47.22%.
[002-050] Search: Model metrics  : loss=1.20, accuracy@1=57.00%, accuracy@5=94.92%, time-cost=177.9 s
[002-050] Evaluation:  : loss=1.14, accuracy@1=59.24%, accuracy@5=95.59%
[002-050] Layer Alignment score:  normal: 0.0000, reduce: 0.0000
<<<--->>> The 002-050-th epoch : found the highest validation accuracy : 59.24%.
[003-050] Search: Model metrics  : loss=0.98, accuracy@1=65.05%, accuracy@5=96.86%, time-cost=265.2 s
[003-050] Evaluation:  : loss=0.97, accuracy@1=65.48%, accuracy@5=96.86%
[003-050] Layer Alignment score:  normal: 0.0000, reduce: 0.0000
<<<--->>> The 003-050-th epoch : found the highest validation accuracy : 65.48%.
[004-050] Search: Model metrics  : loss=0.86, accuracy@1=69.68%, accuracy@5=97.54%, time-cost=352.5 s
[004-050] Evaluation:  : loss=0.87, accuracy@1=70.06%, accuracy@5=97.40%
[004-050] Layer Alignment score:  normal: 0.0000, reduce: 0.0000
<<<--->>> The 004-050-th epoch : found the highest validation accuracy : 70.06%.
[005-050] Search: Model metrics  : loss=0.77, accuracy@1=73.31%, accuracy@5=98.10%, time-cost=440.1 s
[005-050] Evaluation:  : loss=0.81, accuracy@1=71.71%, accuracy@5=98.00%
[005-050] Layer Alignment score:  normal: 0.0000, reduce: 0.0000
<<<--->>> The 005-050-th epoch : found the highest validation accuracy : 71.71%.
[006-050] Search: Model metrics  : loss=0.70, accuracy@1=75.61%, accuracy@5=98.41%, time-cost=527.6 s
[006-050] Evaluation:  : loss=0.78, accuracy@1=72.85%, accuracy@5=98.02%
[006-050] Layer Alignment score:  normal: 0.0000, reduce: 0.0000
<<<--->>> The 006-050-th epoch : found the highest validation accuracy : 72.85%.
[007-050] Search: Model metrics  : loss=0.64, accuracy@1=77.80%, accuracy@5=98.74%, time-cost=615.2 s
[007-050] Evaluation:  : loss=0.80, accuracy@1=73.21%, accuracy@5=98.14%
[007-050] Layer Alignment score:  normal: 0.0000, reduce: 0.0000
<<<--->>> The 007-050-th epoch : found the highest validation accuracy : 73.21%.
[008-050] Search: Model metrics  : loss=0.59, accuracy@1=79.28%, accuracy@5=98.83%, time-cost=702.8 s
[008-050] Evaluation:  : loss=0.67, accuracy@1=76.71%, accuracy@5=98.67%
[008-050] Layer Alignment score:  normal: 0.0000, reduce: 0.0000
<<<--->>> The 008-050-th epoch : found the highest validation accuracy : 76.71%.
[009-050] Search: Model metrics  : loss=0.56, accuracy@1=80.66%, accuracy@5=99.08%, time-cost=790.5 s
[009-050] Evaluation:  : loss=0.67, accuracy@1=77.02%, accuracy@5=98.57%
[009-050] Layer Alignment score:  normal: 0.0000, reduce: 0.0000
<<<--->>> The 009-050-th epoch : found the highest validation accuracy : 77.02%.
[010-050] Search: Model metrics  : loss=0.53, accuracy@1=81.88%, accuracy@5=99.17%, time-cost=878.0 s
[010-050] Evaluation:  : loss=0.74, accuracy@1=74.93%, accuracy@5=98.42%
[010-050] Layer Alignment score:  normal: 0.0000, reduce: 0.0000
The searchspace has been warm started with 10 epochs
LoRA layers have been initialized for all operations with Conv2DLoRA module
[011-050] Search: Model metrics  : loss=0.43, accuracy@1=85.39%, accuracy@5=99.37%, time-cost=1069.1 s
[011-050] Search: Architecture metrics  : loss=0.55, accuracy@1=81.19%, accuracy@5=98.98%
[011-050] Evaluation:  : loss=0.52, accuracy@1=82.54%, accuracy@5=99.08%
[011-050] Layer Alignment score:  normal: 0.0000, reduce: 0.0000
<<<--->>> The 011-050-th epoch : found the highest validation accuracy : 82.54%.
alpha 0 is Parameter containing:
tensor([[-0.0076,  0.0086],
        [ 0.0070, -0.0099],
        [-0.0110,  0.0109],
        [-0.0016,  0.0029],
        [ 0.0049, -0.0062],
        [-0.0138,  0.0136],
        [ 0.0151, -0.0156],
        [ 0.0035, -0.0029],
        [-0.0132,  0.0154],
        [-0.0085,  0.0084],
        [-0.0053,  0.0075],
        [-0.0135,  0.0162],
        [-0.0119,  0.0132],
        [-0.0189,  0.0218]], device='cuda:0', requires_grad=True)
alpha 1 is Parameter containing:
tensor([[-0.0058,  0.0062],
        [-0.0136,  0.0117],
        [-0.0109,  0.0107],
        [-0.0128,  0.0142],
        [ 0.0046, -0.0055],
        [-0.0012,  0.0018],
        [-0.0100,  0.0070],
        [-0.0051,  0.0041],
        [ 0.0116, -0.0105],
        [ 0.0007,  0.0017],
        [-0.0281,  0.0296],
        [-0.0061,  0.0082],
        [ 0.0109, -0.0101],
        [-0.0070,  0.0073]], device='cuda:0', requires_grad=True)
[012-050] Search: Model metrics  : loss=0.40, accuracy@1=86.23%, accuracy@5=99.48%, time-cost=1261.3 s
[012-050] Search: Architecture metrics  : loss=0.53, accuracy@1=81.96%, accuracy@5=99.05%
[012-050] Evaluation:  : loss=0.51, accuracy@1=82.72%, accuracy@5=99.09%
[012-050] Layer Alignment score:  normal: 0.0000, reduce: 0.0000
<<<--->>> The 012-050-th epoch : found the highest validation accuracy : 82.72%.
alpha 0 is Parameter containing:
tensor([[-0.0019,  0.0029],
        [ 0.0085, -0.0113],
        [-0.0182,  0.0181],
        [-0.0036,  0.0049],
        [ 0.0148, -0.0161],
        [-0.0129,  0.0126],
        [ 0.0194, -0.0199],
        [ 0.0064, -0.0058],
        [-0.0092,  0.0114],
        [-0.0090,  0.0089],
        [-0.0054,  0.0076],
        [-0.0140,  0.0167],
        [-0.0028,  0.0040],
        [-0.0312,  0.0342]], device='cuda:0', requires_grad=True)
alpha 1 is Parameter containing:
tensor([[-0.0045,  0.0049],
        [-0.0161,  0.0142],
        [-0.0198,  0.0196],
        [-0.0176,  0.0190],
        [ 0.0068, -0.0077],
        [-0.0014,  0.0020],
        [-0.0110,  0.0080],
        [-0.0077,  0.0067],
        [ 0.0081, -0.0069],
        [-0.0081,  0.0104],
        [-0.0398,  0.0413],
        [-0.0134,  0.0155],
        [ 0.0032, -0.0025],
        [-0.0123,  0.0126]], device='cuda:0', requires_grad=True)
[013-050] Search: Model metrics  : loss=0.39, accuracy@1=86.48%, accuracy@5=99.48%, time-cost=1452.7 s
[013-050] Search: Architecture metrics  : loss=0.51, accuracy@1=82.69%, accuracy@5=98.99%
[013-050] Evaluation:  : loss=0.50, accuracy@1=83.13%, accuracy@5=99.16%
[013-050] Layer Alignment score:  normal: 0.0000, reduce: 0.0000
<<<--->>> The 013-050-th epoch : found the highest validation accuracy : 83.13%.
alpha 0 is Parameter containing:
tensor([[-0.0060,  0.0070],
        [-0.0043,  0.0015],
        [-0.0328,  0.0327],
        [-0.0161,  0.0175],
        [ 0.0170, -0.0182],
        [-0.0234,  0.0231],
        [ 0.0232, -0.0236],
        [ 0.0069, -0.0063],
        [-0.0160,  0.0181],
        [-0.0221,  0.0219],
        [-0.0138,  0.0159],
        [-0.0238,  0.0265],
        [-0.0159,  0.0172],
        [-0.0625,  0.0654]], device='cuda:0', requires_grad=True)
alpha 1 is Parameter containing:
tensor([[-0.0048,  0.0052],
        [-0.0292,  0.0273],
        [-0.0242,  0.0240],
        [-0.0232,  0.0246],
        [ 0.0036, -0.0045],
        [ 0.0048, -0.0042],
        [-0.0104,  0.0074],
        [-0.0065,  0.0055],
        [ 0.0083, -0.0071],
        [-0.0118,  0.0141],
        [-0.0395,  0.0409],
        [-0.0263,  0.0283],
        [-0.0017,  0.0024],
        [-0.0246,  0.0249]], device='cuda:0', requires_grad=True)
[014-050] Search: Model metrics  : loss=0.39, accuracy@1=86.56%, accuracy@5=99.52%, time-cost=1644.3 s
[014-050] Search: Architecture metrics  : loss=0.51, accuracy@1=82.82%, accuracy@5=99.05%
[014-050] Evaluation:  : loss=0.50, accuracy@1=83.13%, accuracy@5=99.11%
[014-050] Layer Alignment score:  normal: 0.0000, reduce: 0.0000
alpha 0 is Parameter containing:
tensor([[-0.0055,  0.0065],
        [-0.0010, -0.0018],
        [-0.0411,  0.0410],
        [-0.0117,  0.0130],
        [ 0.0189, -0.0202],
        [-0.0281,  0.0278],
        [ 0.0291, -0.0295],
        [ 0.0092, -0.0086],
        [-0.0155,  0.0177],
        [-0.0232,  0.0230],
        [-0.0220,  0.0241],
        [-0.0155,  0.0181],
        [-0.0245,  0.0258],
        [-0.0905,  0.0934]], device='cuda:0', requires_grad=True)
alpha 1 is Parameter containing:
tensor([[-0.0129,  0.0133],
        [-0.0340,  0.0321],
        [-0.0347,  0.0346],
        [-0.0168,  0.0182],
        [-0.0011,  0.0002],
        [-0.0084,  0.0089],
        [-0.0027, -0.0002],
        [-0.0230,  0.0221],
        [ 0.0091, -0.0080],
        [-0.0213,  0.0236],
        [-0.0415,  0.0429],
        [-0.0350,  0.0370],
        [ 0.0018, -0.0010],
        [-0.0290,  0.0293]], device='cuda:0', requires_grad=True)
[015-050] Search: Model metrics  : loss=0.38, accuracy@1=86.84%, accuracy@5=99.49%, time-cost=1836.3 s
[015-050] Search: Architecture metrics  : loss=0.52, accuracy@1=82.68%, accuracy@5=99.04%
[015-050] Evaluation:  : loss=0.49, accuracy@1=83.69%, accuracy@5=99.18%
[015-050] Layer Alignment score:  normal: 0.0000, reduce: 0.0000
<<<--->>> The 015-050-th epoch : found the highest validation accuracy : 83.69%.
alpha 0 is Parameter containing:
tensor([[ 0.0015, -0.0005],
        [-0.0119,  0.0091],
        [-0.0450,  0.0449],
        [-0.0239,  0.0253],
        [ 0.0254, -0.0267],
        [-0.0292,  0.0290],
        [ 0.0158, -0.0162],
        [ 0.0120, -0.0114],
        [-0.0249,  0.0270],
        [-0.0071,  0.0070],
        [-0.0335,  0.0357],
        [-0.0091,  0.0117],
        [-0.0318,  0.0331],
        [-0.1176,  0.1204]], device='cuda:0', requires_grad=True)
alpha 1 is Parameter containing:
tensor([[-0.0025,  0.0029],
        [-0.0348,  0.0330],
        [-0.0216,  0.0214],
        [-0.0086,  0.0100],
        [-0.0029,  0.0020],
        [-0.0211,  0.0216],
        [-0.0062,  0.0033],
        [-0.0324,  0.0315],
        [ 0.0098, -0.0087],
        [-0.0224,  0.0247],
        [-0.0355,  0.0369],
        [-0.0344,  0.0364],
        [-0.0005,  0.0012],
        [-0.0198,  0.0201]], device='cuda:0', requires_grad=True)
[016-050] Search: Model metrics  : loss=0.37, accuracy@1=87.02%, accuracy@5=99.59%, time-cost=2027.9 s
[016-050] Search: Architecture metrics  : loss=0.52, accuracy@1=82.61%, accuracy@5=99.06%
[016-050] Evaluation:  : loss=0.49, accuracy@1=83.34%, accuracy@5=99.15%
[016-050] Layer Alignment score:  normal: 0.0000, reduce: 0.0000
alpha 0 is Parameter containing:
tensor([[-0.0025,  0.0035],
        [-0.0159,  0.0131],
        [-0.0571,  0.0571],
        [-0.0278,  0.0291],
        [ 0.0211, -0.0224],
        [-0.0416,  0.0413],
        [ 0.0214, -0.0218],
        [ 0.0177, -0.0171],
        [-0.0230,  0.0251],
        [-0.0155,  0.0153],
        [-0.0298,  0.0319],
        [-0.0132,  0.0159],
        [-0.0372,  0.0384],
        [-0.1489,  0.1518]], device='cuda:0', requires_grad=True)
alpha 1 is Parameter containing:
tensor([[-0.0121,  0.0125],
        [-0.0236,  0.0217],
        [-0.0315,  0.0314],
        [-0.0071,  0.0085],
        [-0.0114,  0.0105],
        [-0.0230,  0.0235],
        [-0.0108,  0.0079],
        [-0.0432,  0.0422],
        [ 0.0104, -0.0092],
        [-0.0230,  0.0252],
        [-0.0399,  0.0413],
        [-0.0415,  0.0435],
        [ 0.0015, -0.0008],
        [-0.0187,  0.0190]], device='cuda:0', requires_grad=True)
[017-050] Search: Model metrics  : loss=0.37, accuracy@1=87.42%, accuracy@5=99.49%, time-cost=2219.2 s
[017-050] Search: Architecture metrics  : loss=0.52, accuracy@1=82.56%, accuracy@5=99.06%
[017-050] Evaluation:  : loss=0.48, accuracy@1=83.89%, accuracy@5=99.21%
[017-050] Layer Alignment score:  normal: 0.0000, reduce: 0.0000
<<<--->>> The 017-050-th epoch : found the highest validation accuracy : 83.89%.
alpha 0 is Parameter containing:
tensor([[-0.0006,  0.0016],
        [-0.0204,  0.0176],
        [-0.0570,  0.0569],
        [-0.0289,  0.0303],
        [ 0.0306, -0.0319],
        [-0.0577,  0.0574],
        [ 0.0266, -0.0270],
        [ 0.0185, -0.0179],
        [-0.0189,  0.0210],
        [-0.0173,  0.0172],
        [-0.0303,  0.0324],
        [-0.0116,  0.0142],
        [-0.0451,  0.0464],
        [-0.1710,  0.1738]], device='cuda:0', requires_grad=True)
alpha 1 is Parameter containing:
tensor([[-0.0061,  0.0065],
        [-0.0238,  0.0220],
        [-0.0276,  0.0275],
        [-0.0022,  0.0035],
        [-0.0101,  0.0093],
        [-0.0358,  0.0363],
        [-0.0137,  0.0109],
        [-0.0515,  0.0506],
        [ 0.0090, -0.0079],
        [-0.0343,  0.0365],
        [-0.0586,  0.0599],
        [-0.0413,  0.0433],
        [ 0.0030, -0.0023],
        [-0.0003,  0.0006]], device='cuda:0', requires_grad=True)
[018-050] Search: Model metrics  : loss=0.37, accuracy@1=87.25%, accuracy@5=99.52%, time-cost=2410.8 s
[018-050] Search: Architecture metrics  : loss=0.50, accuracy@1=82.74%, accuracy@5=99.22%
[018-050] Evaluation:  : loss=0.48, accuracy@1=83.79%, accuracy@5=99.14%
[018-050] Layer Alignment score:  normal: 0.0000, reduce: 0.0000
alpha 0 is Parameter containing:
tensor([[-0.0003,  0.0013],
        [-0.0149,  0.0121],
        [-0.0616,  0.0615],
        [-0.0315,  0.0328],
        [ 0.0291, -0.0304],
        [-0.0662,  0.0659],
        [ 0.0353, -0.0357],
        [ 0.0241, -0.0236],
        [-0.0123,  0.0144],
        [-0.0132,  0.0131],
        [-0.0323,  0.0344],
        [-0.0152,  0.0178],
        [-0.0447,  0.0460],
        [-0.1961,  0.1989]], device='cuda:0', requires_grad=True)
alpha 1 is Parameter containing:
tensor([[-0.0111,  0.0115],
        [-0.0223,  0.0205],
        [-0.0264,  0.0263],
        [-0.0028,  0.0041],
        [-0.0151,  0.0142],
        [-0.0366,  0.0371],
        [-0.0233,  0.0205],
        [-0.0638,  0.0629],
        [ 0.0062, -0.0051],
        [-0.0437,  0.0458],
        [-0.0581,  0.0594],
        [-0.0500,  0.0519],
        [ 0.0002,  0.0005],
        [-0.0030,  0.0033]], device='cuda:0', requires_grad=True)
[019-050] Search: Model metrics  : loss=0.36, accuracy@1=87.49%, accuracy@5=99.56%, time-cost=2602.4 s
[019-050] Search: Architecture metrics  : loss=0.51, accuracy@1=82.98%, accuracy@5=99.18%
[019-050] Evaluation:  : loss=0.48, accuracy@1=83.82%, accuracy@5=99.23%
[019-050] Layer Alignment score:  normal: 0.0000, reduce: 0.0000
alpha 0 is Parameter containing:
tensor([[-0.0003,  0.0013],
        [-0.0106,  0.0078],
        [-0.0690,  0.0689],
        [-0.0368,  0.0381],
        [ 0.0301, -0.0314],
        [-0.0652,  0.0650],
        [ 0.0352, -0.0356],
        [ 0.0202, -0.0197],
        [ 0.0005,  0.0017],
        [-0.0136,  0.0135],
        [-0.0311,  0.0332],
        [-0.0117,  0.0143],
        [-0.0413,  0.0426],
        [-0.2162,  0.2191]], device='cuda:0', requires_grad=True)
alpha 1 is Parameter containing:
tensor([[-0.0045,  0.0048],
        [-0.0151,  0.0133],
        [-0.0230,  0.0229],
        [-0.0011,  0.0024],
        [-0.0068,  0.0059],
        [-0.0230,  0.0235],
        [-0.0283,  0.0256],
        [-0.0598,  0.0589],
        [ 0.0101, -0.0090],
        [-0.0396,  0.0418],
        [-0.0693,  0.0706],
        [-0.0419,  0.0438],
        [ 0.0149, -0.0142],
        [-0.0016,  0.0019]], device='cuda:0', requires_grad=True)
[020-050] Search: Model metrics  : loss=0.36, accuracy@1=87.38%, accuracy@5=99.60%, time-cost=2793.9 s
[020-050] Search: Architecture metrics  : loss=0.51, accuracy@1=82.95%, accuracy@5=99.10%
[020-050] Evaluation:  : loss=0.48, accuracy@1=83.68%, accuracy@5=99.21%
[020-050] Layer Alignment score:  normal: 0.0000, reduce: 0.0000
alpha 0 is Parameter containing:
tensor([[ 1.4443e-03, -4.5173e-04],
        [ 8.7248e-05, -2.8438e-03],
        [-6.9237e-02,  6.9155e-02],
        [-4.3383e-02,  4.4688e-02],
        [ 3.3107e-02, -3.4367e-02],
        [-7.2500e-02,  7.2261e-02],
        [ 4.3256e-02, -4.3665e-02],
        [ 2.0132e-02, -1.9566e-02],
        [ 3.2953e-04,  1.7728e-03],
        [-1.6532e-02,  1.6406e-02],
        [-3.6565e-02,  3.8631e-02],
        [-2.0043e-02,  2.2628e-02],
        [-4.7102e-02,  4.8332e-02],
        [-2.2635e-01,  2.2915e-01]], device='cuda:0', requires_grad=True)
alpha 1 is Parameter containing:
tensor([[-0.0077,  0.0081],
        [-0.0134,  0.0116],
        [-0.0199,  0.0198],
        [-0.0004,  0.0017],
        [-0.0168,  0.0160],
        [-0.0264,  0.0269],
        [-0.0340,  0.0312],
        [-0.0761,  0.0752],
        [-0.0011,  0.0022],
        [-0.0478,  0.0499],
        [-0.0708,  0.0721],
        [-0.0476,  0.0495],
        [ 0.0165, -0.0159],
        [-0.0024,  0.0027]], device='cuda:0', requires_grad=True)
[021-050] Search: Model metrics  : loss=0.36, accuracy@1=87.72%, accuracy@5=99.55%, time-cost=2985.4 s
[021-050] Search: Architecture metrics  : loss=0.51, accuracy@1=82.90%, accuracy@5=99.12%
[021-050] Evaluation:  : loss=0.49, accuracy@1=83.50%, accuracy@5=99.24%
[021-050] Layer Alignment score:  normal: 0.0000, reduce: 0.0000
alpha 0 is Parameter containing:
tensor([[ 0.0134, -0.0124],
        [-0.0178,  0.0150],
        [-0.0660,  0.0659],
        [-0.0506,  0.0519],
        [ 0.0325, -0.0337],
        [-0.0733,  0.0731],
        [ 0.0397, -0.0401],
        [ 0.0221, -0.0215],
        [-0.0050,  0.0071],
        [-0.0157,  0.0156],
        [-0.0345,  0.0366],
        [-0.0184,  0.0209],
        [-0.0455,  0.0467],
        [-0.2340,  0.2368]], device='cuda:0', requires_grad=True)
alpha 1 is Parameter containing:
tensor([[-0.0080,  0.0084],
        [-0.0117,  0.0100],
        [-0.0235,  0.0233],
        [ 0.0082, -0.0069],
        [-0.0188,  0.0180],
        [-0.0337,  0.0342],
        [-0.0304,  0.0277],
        [-0.0843,  0.0834],
        [-0.0105,  0.0116],
        [-0.0545,  0.0566],
        [-0.0807,  0.0820],
        [-0.0478,  0.0497],
        [ 0.0148, -0.0141],
        [-0.0047,  0.0050]], device='cuda:0', requires_grad=True)
[022-050] Search: Model metrics  : loss=0.35, accuracy@1=87.86%, accuracy@5=99.58%, time-cost=3178.0 s
[022-050] Search: Architecture metrics  : loss=0.51, accuracy@1=83.00%, accuracy@5=99.12%
[022-050] Evaluation:  : loss=0.49, accuracy@1=83.70%, accuracy@5=99.22%
[022-050] Layer Alignment score:  normal: 0.0000, reduce: 0.0000
alpha 0 is Parameter containing:
tensor([[ 0.0065, -0.0055],
        [-0.0201,  0.0174],
        [-0.0804,  0.0803],
        [-0.0448,  0.0461],
        [ 0.0413, -0.0426],
        [-0.0874,  0.0872],
        [ 0.0323, -0.0327],
        [ 0.0291, -0.0286],
        [-0.0097,  0.0118],
        [-0.0182,  0.0180],
        [-0.0467,  0.0488],
        [-0.0243,  0.0269],
        [-0.0534,  0.0546],
        [-0.2494,  0.2521]], device='cuda:0', requires_grad=True)
alpha 1 is Parameter containing:
tensor([[ 0.0021, -0.0017],
        [-0.0108,  0.0090],
        [-0.0256,  0.0255],
        [ 0.0092, -0.0079],
        [-0.0110,  0.0102],
        [-0.0368,  0.0372],
        [-0.0259,  0.0232],
        [-0.0957,  0.0949],
        [-0.0073,  0.0084],
        [-0.0621,  0.0642],
        [-0.0763,  0.0776],
        [-0.0379,  0.0398],
        [ 0.0173, -0.0167],
        [-0.0050,  0.0053]], device='cuda:0', requires_grad=True)
[023-050] Search: Model metrics  : loss=0.35, accuracy@1=87.89%, accuracy@5=99.60%, time-cost=3370.1 s
[023-050] Search: Architecture metrics  : loss=0.51, accuracy@1=82.92%, accuracy@5=99.12%
[023-050] Evaluation:  : loss=0.48, accuracy@1=84.11%, accuracy@5=99.22%
[023-050] Layer Alignment score:  normal: 0.0000, reduce: 0.0000
<<<--->>> The 023-050-th epoch : found the highest validation accuracy : 84.11%.
alpha 0 is Parameter containing:
tensor([[ 0.0108, -0.0098],
        [-0.0256,  0.0228],
        [-0.0817,  0.0816],
        [-0.0529,  0.0542],
        [ 0.0403, -0.0415],
        [-0.0900,  0.0898],
        [ 0.0312, -0.0316],
        [ 0.0236, -0.0231],
        [-0.0058,  0.0079],
        [-0.0109,  0.0108],
        [-0.0568,  0.0588],
        [-0.0340,  0.0366],
        [-0.0543,  0.0555],
        [-0.2608,  0.2635]], device='cuda:0', requires_grad=True)
alpha 1 is Parameter containing:
tensor([[-0.0057,  0.0060],
        [-0.0007, -0.0011],
        [-0.0384,  0.0382],
        [ 0.0078, -0.0066],
        [-0.0195,  0.0187],
        [-0.0395,  0.0399],
        [-0.0203,  0.0177],
        [-0.1064,  0.1055],
        [-0.0050,  0.0060],
        [-0.0784,  0.0804],
        [-0.0692,  0.0705],
        [-0.0399,  0.0417],
        [ 0.0173, -0.0166],
        [ 0.0049, -0.0046]], device='cuda:0', requires_grad=True)
[024-050] Search: Model metrics  : loss=0.35, accuracy@1=87.84%, accuracy@5=99.54%, time-cost=3561.4 s
[024-050] Search: Architecture metrics  : loss=0.51, accuracy@1=82.86%, accuracy@5=99.13%
[024-050] Evaluation:  : loss=0.47, accuracy@1=84.13%, accuracy@5=99.25%
[024-050] Layer Alignment score:  normal: 0.0000, reduce: 0.0000
<<<--->>> The 024-050-th epoch : found the highest validation accuracy : 84.13%.
alpha 0 is Parameter containing:
tensor([[ 0.0265, -0.0256],
        [-0.0197,  0.0170],
        [-0.0824,  0.0823],
        [-0.0585,  0.0598],
        [ 0.0498, -0.0510],
        [-0.0831,  0.0828],
        [ 0.0364, -0.0368],
        [ 0.0197, -0.0192],
        [-0.0068,  0.0089],
        [-0.0031,  0.0030],
        [-0.0563,  0.0583],
        [-0.0340,  0.0365],
        [-0.0655,  0.0667],
        [-0.2743,  0.2770]], device='cuda:0', requires_grad=True)
alpha 1 is Parameter containing:
tensor([[-0.0087,  0.0091],
        [-0.0022,  0.0005],
        [-0.0378,  0.0377],
        [ 0.0155, -0.0142],
        [-0.0213,  0.0205],
        [-0.0479,  0.0483],
        [-0.0299,  0.0273],
        [-0.1040,  0.1031],
        [-0.0037,  0.0048],
        [-0.0923,  0.0943],
        [-0.0684,  0.0696],
        [-0.0355,  0.0373],
        [ 0.0208, -0.0201],
        [ 0.0037, -0.0034]], device='cuda:0', requires_grad=True)
[025-050] Search: Model metrics  : loss=0.34, accuracy@1=88.12%, accuracy@5=99.58%, time-cost=3753.1 s
[025-050] Search: Architecture metrics  : loss=0.49, accuracy@1=83.59%, accuracy@5=99.16%
[025-050] Evaluation:  : loss=0.48, accuracy@1=83.98%, accuracy@5=99.25%
[025-050] Layer Alignment score:  normal: 0.0000, reduce: 0.0000
alpha 0 is Parameter containing:
tensor([[ 0.0198, -0.0188],
        [-0.0188,  0.0161],
        [-0.0776,  0.0775],
        [-0.0575,  0.0588],
        [ 0.0641, -0.0653],
        [-0.0914,  0.0911],
        [ 0.0376, -0.0380],
        [ 0.0159, -0.0153],
        [-0.0075,  0.0095],
        [-0.0030,  0.0029],
        [-0.0517,  0.0537],
        [-0.0302,  0.0327],
        [-0.0622,  0.0634],
        [-0.2801,  0.2828]], device='cuda:0', requires_grad=True)
alpha 1 is Parameter containing:
tensor([[-0.0068,  0.0071],
        [-0.0051,  0.0034],
        [-0.0368,  0.0367],
        [ 0.0243, -0.0231],
        [-0.0166,  0.0158],
        [-0.0472,  0.0477],
        [-0.0330,  0.0304],
        [-0.0964,  0.0955],
        [ 0.0044, -0.0033],
        [-0.0814,  0.0834],
        [-0.0702,  0.0714],
        [-0.0401,  0.0419],
        [ 0.0158, -0.0151],
        [ 0.0088, -0.0085]], device='cuda:0', requires_grad=True)
[026-050] Search: Model metrics  : loss=0.35, accuracy@1=87.97%, accuracy@5=99.53%, time-cost=3945.6 s
[026-050] Search: Architecture metrics  : loss=0.50, accuracy@1=83.29%, accuracy@5=99.19%
[026-050] Evaluation:  : loss=0.47, accuracy@1=84.09%, accuracy@5=99.31%
[026-050] Layer Alignment score:  normal: 0.0000, reduce: 0.0000
alpha 0 is Parameter containing:
tensor([[ 0.0241, -0.0231],
        [-0.0143,  0.0116],
        [-0.0810,  0.0809],
        [-0.0611,  0.0624],
        [ 0.0744, -0.0756],
        [-0.0919,  0.0917],
        [ 0.0343, -0.0347],
        [ 0.0104, -0.0098],
        [-0.0139,  0.0160],
        [ 0.0006, -0.0007],
        [-0.0671,  0.0690],
        [-0.0199,  0.0224],
        [-0.0611,  0.0623],
        [-0.2968,  0.2995]], device='cuda:0', requires_grad=True)
alpha 1 is Parameter containing:
tensor([[-0.0136,  0.0140],
        [-0.0021,  0.0004],
        [-0.0361,  0.0360],
        [ 0.0306, -0.0294],
        [-0.0096,  0.0088],
        [-0.0522,  0.0526],
        [-0.0250,  0.0224],
        [-0.0922,  0.0914],
        [-0.0022,  0.0033],
        [-0.0940,  0.0960],
        [-0.0726,  0.0738],
        [-0.0330,  0.0347],
        [ 0.0182, -0.0176],
        [ 0.0089, -0.0086]], device='cuda:0', requires_grad=True)
[027-050] Search: Model metrics  : loss=0.33, accuracy@1=88.35%, accuracy@5=99.66%, time-cost=4137.8 s
[027-050] Search: Architecture metrics  : loss=0.50, accuracy@1=83.30%, accuracy@5=99.03%
[027-050] Evaluation:  : loss=0.48, accuracy@1=84.11%, accuracy@5=99.24%
[027-050] Layer Alignment score:  normal: 0.0000, reduce: 0.0000
alpha 0 is Parameter containing:
tensor([[ 2.6052e-02, -2.5079e-02],
        [-8.3099e-03,  5.6106e-03],
        [-8.5925e-02,  8.5845e-02],
        [-5.3000e-02,  5.4267e-02],
        [ 8.8489e-02, -8.9714e-02],
        [-9.4227e-02,  9.3997e-02],
        [ 3.4590e-02, -3.4980e-02],
        [ 1.9344e-02, -1.8801e-02],
        [-2.3868e-04,  2.2780e-03],
        [ 1.0912e-02, -1.1033e-02],
        [-7.4979e-02,  7.6939e-02],
        [-1.4510e-02,  1.6990e-02],
        [-5.7932e-02,  5.9114e-02],
        [-3.1492e-01,  3.1761e-01]], device='cuda:0', requires_grad=True)
alpha 1 is Parameter containing:
tensor([[-0.0175,  0.0179],
        [-0.0029,  0.0012],
        [-0.0420,  0.0419],
        [ 0.0469, -0.0457],
        [-0.0154,  0.0146],
        [-0.0650,  0.0655],
        [-0.0315,  0.0290],
        [-0.0909,  0.0900],
        [ 0.0117, -0.0107],
        [-0.0862,  0.0881],
        [-0.0727,  0.0739],
        [-0.0362,  0.0380],
        [ 0.0148, -0.0142],
        [ 0.0111, -0.0108]], device='cuda:0', requires_grad=True)
[028-050] Search: Model metrics  : loss=0.34, accuracy@1=88.32%, accuracy@5=99.62%, time-cost=4329.5 s
[028-050] Search: Architecture metrics  : loss=0.50, accuracy@1=83.19%, accuracy@5=99.19%
[028-050] Evaluation:  : loss=0.47, accuracy@1=84.12%, accuracy@5=99.25%
[028-050] Layer Alignment score:  normal: 0.0000, reduce: 0.0000
alpha 0 is Parameter containing:
tensor([[ 0.0266, -0.0256],
        [-0.0079,  0.0052],
        [-0.0802,  0.0801],
        [-0.0606,  0.0618],
        [ 0.0904, -0.0916],
        [-0.1023,  0.1021],
        [ 0.0275, -0.0279],
        [ 0.0200, -0.0195],
        [-0.0037,  0.0058],
        [ 0.0094, -0.0095],
        [-0.0799,  0.0819],
        [-0.0099,  0.0123],
        [-0.0710,  0.0722],
        [-0.3280,  0.3307]], device='cuda:0', requires_grad=True)
alpha 1 is Parameter containing:
tensor([[-0.0269,  0.0272],
        [ 0.0010, -0.0027],
        [-0.0456,  0.0455],
        [ 0.0430, -0.0418],
        [-0.0144,  0.0136],
        [-0.0679,  0.0683],
        [-0.0282,  0.0257],
        [-0.0964,  0.0956],
        [ 0.0170, -0.0160],
        [-0.0874,  0.0893],
        [-0.0672,  0.0684],
        [-0.0392,  0.0409],
        [ 0.0204, -0.0198],
        [ 0.0166, -0.0163]], device='cuda:0', requires_grad=True)
[029-050] Search: Model metrics  : loss=0.34, accuracy@1=88.24%, accuracy@5=99.60%, time-cost=4521.0 s
[029-050] Search: Architecture metrics  : loss=0.49, accuracy@1=83.54%, accuracy@5=99.15%
[029-050] Evaluation:  : loss=0.48, accuracy@1=83.79%, accuracy@5=99.31%
[029-050] Layer Alignment score:  normal: 0.0000, reduce: 0.0000
alpha 0 is Parameter containing:
tensor([[ 0.0287, -0.0277],
        [-0.0189,  0.0162],
        [-0.0817,  0.0817],
        [-0.0728,  0.0740],
        [ 0.0898, -0.0911],
        [-0.0974,  0.0971],
        [ 0.0232, -0.0236],
        [ 0.0193, -0.0187],
        [-0.0050,  0.0070],
        [ 0.0218, -0.0219],
        [-0.0878,  0.0897],
        [-0.0070,  0.0094],
        [-0.0642,  0.0654],
        [-0.3365,  0.3392]], device='cuda:0', requires_grad=True)
alpha 1 is Parameter containing:
tensor([[-0.0184,  0.0187],
        [ 0.0079, -0.0096],
        [-0.0523,  0.0522],
        [ 0.0531, -0.0520],
        [-0.0260,  0.0252],
        [-0.0654,  0.0658],
        [-0.0281,  0.0257],
        [-0.1084,  0.1076],
        [ 0.0148, -0.0138],
        [-0.0927,  0.0946],
        [-0.0667,  0.0679],
        [-0.0422,  0.0439],
        [ 0.0139, -0.0133],
        [ 0.0204, -0.0202]], device='cuda:0', requires_grad=True)
[030-050] Search: Model metrics  : loss=0.34, accuracy@1=88.25%, accuracy@5=99.61%, time-cost=4712.6 s
[030-050] Search: Architecture metrics  : loss=0.51, accuracy@1=82.79%, accuracy@5=99.04%
[030-050] Evaluation:  : loss=0.47, accuracy@1=84.16%, accuracy@5=99.30%
[030-050] Layer Alignment score:  normal: 0.0000, reduce: 0.0000
<<<--->>> The 030-050-th epoch : found the highest validation accuracy : 84.16%.
alpha 0 is Parameter containing:
tensor([[ 0.0404, -0.0394],
        [-0.0092,  0.0066],
        [-0.0825,  0.0824],
        [-0.0676,  0.0688],
        [ 0.0961, -0.0973],
        [-0.0913,  0.0911],
        [ 0.0341, -0.0344],
        [ 0.0285, -0.0279],
        [ 0.0015,  0.0005],
        [ 0.0251, -0.0252],
        [-0.0901,  0.0920],
        [-0.0039,  0.0064],
        [-0.0584,  0.0596],
        [-0.3539,  0.3566]], device='cuda:0', requires_grad=True)
alpha 1 is Parameter containing:
tensor([[-0.0217,  0.0221],
        [ 0.0070, -0.0087],
        [-0.0529,  0.0528],
        [ 0.0407, -0.0396],
        [-0.0265,  0.0257],
        [-0.0640,  0.0644],
        [-0.0259,  0.0235],
        [-0.1177,  0.1169],
        [ 0.0149, -0.0139],
        [-0.0920,  0.0938],
        [-0.0703,  0.0714],
        [-0.0401,  0.0418],
        [ 0.0167, -0.0161],
        [ 0.0285, -0.0283]], device='cuda:0', requires_grad=True)
[031-050] Search: Model metrics  : loss=0.33, accuracy@1=88.30%, accuracy@5=99.63%, time-cost=4904.2 s
[031-050] Search: Architecture metrics  : loss=0.51, accuracy@1=82.98%, accuracy@5=99.10%
[031-050] Evaluation:  : loss=0.48, accuracy@1=83.91%, accuracy@5=99.23%
[031-050] Layer Alignment score:  normal: 0.0000, reduce: 0.0000
alpha 0 is Parameter containing:
tensor([[ 0.0418, -0.0409],
        [-0.0089,  0.0063],
        [-0.0800,  0.0799],
        [-0.0721,  0.0734],
        [ 0.0955, -0.0967],
        [-0.0943,  0.0941],
        [ 0.0342, -0.0346],
        [ 0.0251, -0.0245],
        [ 0.0082, -0.0062],
        [ 0.0297, -0.0298],
        [-0.0910,  0.0929],
        [ 0.0012,  0.0012],
        [-0.0589,  0.0601],
        [-0.3748,  0.3775]], device='cuda:0', requires_grad=True)
alpha 1 is Parameter containing:
tensor([[-0.0296,  0.0300],
        [-0.0005, -0.0012],
        [-0.0406,  0.0405],
        [ 0.0400, -0.0389],
        [-0.0100,  0.0092],
        [-0.0655,  0.0659],
        [-0.0241,  0.0217],
        [-0.1169,  0.1161],
        [ 0.0206, -0.0196],
        [-0.0946,  0.0964],
        [-0.0755,  0.0766],
        [-0.0343,  0.0360],
        [ 0.0147, -0.0141],
        [ 0.0378, -0.0375]], device='cuda:0', requires_grad=True)
[032-050] Search: Model metrics  : loss=0.33, accuracy@1=88.73%, accuracy@5=99.61%, time-cost=5095.5 s
[032-050] Search: Architecture metrics  : loss=0.50, accuracy@1=83.22%, accuracy@5=99.10%
[032-050] Evaluation:  : loss=0.48, accuracy@1=84.13%, accuracy@5=99.27%
[032-050] Layer Alignment score:  normal: 0.0000, reduce: 0.0000
alpha 0 is Parameter containing:
tensor([[ 0.0359, -0.0349],
        [-0.0203,  0.0176],
        [-0.0828,  0.0827],
        [-0.0900,  0.0913],
        [ 0.0880, -0.0892],
        [-0.1009,  0.1007],
        [ 0.0262, -0.0266],
        [ 0.0319, -0.0314],
        [ 0.0128, -0.0108],
        [ 0.0227, -0.0228],
        [-0.0959,  0.0978],
        [-0.0075,  0.0099],
        [-0.0657,  0.0669],
        [-0.3878,  0.3904]], device='cuda:0', requires_grad=True)
alpha 1 is Parameter containing:
tensor([[-0.0401,  0.0404],
        [ 0.0064, -0.0081],
        [-0.0538,  0.0537],
        [ 0.0340, -0.0329],
        [-0.0135,  0.0127],
        [-0.0652,  0.0657],
        [-0.0347,  0.0323],
        [-0.1125,  0.1117],
        [ 0.0227, -0.0218],
        [-0.0992,  0.1010],
        [-0.0793,  0.0804],
        [-0.0406,  0.0423],
        [ 0.0167, -0.0161],
        [ 0.0496, -0.0494]], device='cuda:0', requires_grad=True)
[033-050] Search: Model metrics  : loss=0.32, accuracy@1=88.85%, accuracy@5=99.65%, time-cost=5286.8 s
[033-050] Search: Architecture metrics  : loss=0.49, accuracy@1=83.24%, accuracy@5=99.26%
[033-050] Evaluation:  : loss=0.48, accuracy@1=84.20%, accuracy@5=99.26%
[033-050] Layer Alignment score:  normal: 0.0000, reduce: 0.0000
<<<--->>> The 033-050-th epoch : found the highest validation accuracy : 84.20%.
alpha 0 is Parameter containing:
tensor([[ 0.0337, -0.0328],
        [-0.0181,  0.0154],
        [-0.0810,  0.0809],
        [-0.0876,  0.0888],
        [ 0.0974, -0.0986],
        [-0.0941,  0.0939],
        [ 0.0381, -0.0385],
        [ 0.0389, -0.0383],
        [ 0.0270, -0.0250],
        [ 0.0288, -0.0290],
        [-0.0889,  0.0908],
        [ 0.0033, -0.0009],
        [-0.0602,  0.0613],
        [-0.3960,  0.3986]], device='cuda:0', requires_grad=True)
alpha 1 is Parameter containing:
tensor([[-0.0391,  0.0395],
        [ 0.0142, -0.0159],
        [-0.0575,  0.0574],
        [ 0.0353, -0.0341],
        [-0.0113,  0.0105],
        [-0.0599,  0.0603],
        [-0.0359,  0.0335],
        [-0.1082,  0.1075],
        [ 0.0302, -0.0293],
        [-0.1051,  0.1069],
        [-0.0862,  0.0873],
        [-0.0339,  0.0356],
        [ 0.0220, -0.0214],
        [ 0.0472, -0.0469]], device='cuda:0', requires_grad=True)
[034-050] Search: Model metrics  : loss=0.33, accuracy@1=88.76%, accuracy@5=99.63%, time-cost=5478.2 s
[034-050] Search: Architecture metrics  : loss=0.51, accuracy@1=83.30%, accuracy@5=99.15%
[034-050] Evaluation:  : loss=0.47, accuracy@1=83.93%, accuracy@5=99.30%
[034-050] Layer Alignment score:  normal: 0.0000, reduce: 0.0000
alpha 0 is Parameter containing:
tensor([[ 0.0368, -0.0358],
        [-0.0127,  0.0101],
        [-0.0696,  0.0696],
        [-0.0811,  0.0823],
        [ 0.0991, -0.1002],
        [-0.0874,  0.0872],
        [ 0.0351, -0.0355],
        [ 0.0423, -0.0418],
        [ 0.0351, -0.0331],
        [ 0.0253, -0.0254],
        [-0.0943,  0.0961],
        [ 0.0061, -0.0038],
        [-0.0720,  0.0731],
        [-0.4157,  0.4183]], device='cuda:0', requires_grad=True)
alpha 1 is Parameter containing:
tensor([[-0.0309,  0.0312],
        [ 0.0158, -0.0175],
        [-0.0618,  0.0617],
        [ 0.0337, -0.0325],
        [-0.0163,  0.0155],
        [-0.0661,  0.0665],
        [-0.0435,  0.0411],
        [-0.1143,  0.1135],
        [ 0.0310, -0.0301],
        [-0.1223,  0.1241],
        [-0.0817,  0.0828],
        [-0.0312,  0.0328],
        [ 0.0214, -0.0208],
        [ 0.0574, -0.0572]], device='cuda:0', requires_grad=True)
[035-050] Search: Model metrics  : loss=0.33, accuracy@1=88.72%, accuracy@5=99.66%, time-cost=5669.4 s
[035-050] Search: Architecture metrics  : loss=0.49, accuracy@1=83.66%, accuracy@5=99.27%
[035-050] Evaluation:  : loss=0.47, accuracy@1=84.16%, accuracy@5=99.29%
[035-050] Layer Alignment score:  normal: 0.0000, reduce: 0.0000
alpha 0 is Parameter containing:
tensor([[ 0.0330, -0.0320],
        [-0.0084,  0.0057],
        [-0.0683,  0.0682],
        [-0.0842,  0.0854],
        [ 0.1082, -0.1093],
        [-0.0982,  0.0980],
        [ 0.0342, -0.0345],
        [ 0.0414, -0.0409],
        [ 0.0315, -0.0295],
        [ 0.0195, -0.0196],
        [-0.1025,  0.1043],
        [ 0.0045, -0.0021],
        [-0.0813,  0.0824],
        [-0.4253,  0.4279]], device='cuda:0', requires_grad=True)
alpha 1 is Parameter containing:
tensor([[-0.0303,  0.0307],
        [ 0.0203, -0.0219],
        [-0.0591,  0.0590],
        [ 0.0410, -0.0399],
        [-0.0104,  0.0096],
        [-0.0691,  0.0695],
        [-0.0346,  0.0323],
        [-0.1228,  0.1220],
        [ 0.0255, -0.0246],
        [-0.1333,  0.1351],
        [-0.0856,  0.0867],
        [-0.0318,  0.0334],
        [ 0.0213, -0.0208],
        [ 0.0629, -0.0627]], device='cuda:0', requires_grad=True)
[036-050] Search: Model metrics  : loss=0.32, accuracy@1=88.95%, accuracy@5=99.67%, time-cost=5860.9 s
[036-050] Search: Architecture metrics  : loss=0.50, accuracy@1=83.51%, accuracy@5=99.10%
[036-050] Evaluation:  : loss=0.48, accuracy@1=84.16%, accuracy@5=99.20%
[036-050] Layer Alignment score:  normal: 0.0000, reduce: 0.0000
alpha 0 is Parameter containing:
tensor([[ 0.0259, -0.0250],
        [-0.0066,  0.0040],
        [-0.0709,  0.0709],
        [-0.0931,  0.0943],
        [ 0.1153, -0.1165],
        [-0.1013,  0.1011],
        [ 0.0331, -0.0334],
        [ 0.0392, -0.0387],
        [ 0.0340, -0.0320],
        [ 0.0242, -0.0244],
        [-0.1015,  0.1033],
        [ 0.0141, -0.0117],
        [-0.0714,  0.0725],
        [-0.4323,  0.4349]], device='cuda:0', requires_grad=True)
alpha 1 is Parameter containing:
tensor([[-0.0412,  0.0415],
        [ 0.0204, -0.0220],
        [-0.0655,  0.0653],
        [ 0.0364, -0.0353],
        [-0.0135,  0.0128],
        [-0.0726,  0.0730],
        [-0.0280,  0.0257],
        [-0.1200,  0.1193],
        [ 0.0274, -0.0265],
        [-0.1356,  0.1373],
        [-0.0962,  0.0972],
        [-0.0377,  0.0392],
        [ 0.0183, -0.0178],
        [ 0.0740, -0.0738]], device='cuda:0', requires_grad=True)
[037-050] Search: Model metrics  : loss=0.32, accuracy@1=88.98%, accuracy@5=99.67%, time-cost=6052.9 s
[037-050] Search: Architecture metrics  : loss=0.50, accuracy@1=83.42%, accuracy@5=99.15%
[037-050] Evaluation:  : loss=0.47, accuracy@1=84.61%, accuracy@5=99.26%
[037-050] Layer Alignment score:  normal: 0.0000, reduce: 0.0000
<<<--->>> The 037-050-th epoch : found the highest validation accuracy : 84.61%.
alpha 0 is Parameter containing:
tensor([[ 0.0205, -0.0196],
        [-0.0006, -0.0020],
        [-0.0735,  0.0734],
        [-0.0886,  0.0898],
        [ 0.1094, -0.1106],
        [-0.1009,  0.1007],
        [ 0.0473, -0.0476],
        [ 0.0363, -0.0358],
        [ 0.0380, -0.0361],
        [ 0.0168, -0.0169],
        [-0.0976,  0.0994],
        [ 0.0136, -0.0113],
        [-0.0696,  0.0707],
        [-0.4438,  0.4464]], device='cuda:0', requires_grad=True)
alpha 1 is Parameter containing:
tensor([[-0.0408,  0.0412],
        [ 0.0222, -0.0238],
        [-0.0556,  0.0555],
        [ 0.0393, -0.0381],
        [-0.0082,  0.0074],
        [-0.0659,  0.0663],
        [-0.0211,  0.0189],
        [-0.1255,  0.1247],
        [ 0.0241, -0.0232],
        [-0.1341,  0.1359],
        [-0.1035,  0.1046],
        [-0.0334,  0.0350],
        [ 0.0204, -0.0199],
        [ 0.0835, -0.0832]], device='cuda:0', requires_grad=True)
[038-050] Search: Model metrics  : loss=0.32, accuracy@1=89.21%, accuracy@5=99.68%, time-cost=6244.7 s
[038-050] Search: Architecture metrics  : loss=0.49, accuracy@1=83.75%, accuracy@5=99.18%
[038-050] Evaluation:  : loss=0.47, accuracy@1=84.14%, accuracy@5=99.26%
[038-050] Layer Alignment score:  normal: 0.0000, reduce: 0.0000
alpha 0 is Parameter containing:
tensor([[ 0.0277, -0.0268],
        [ 0.0019, -0.0045],
        [-0.0740,  0.0739],
        [-0.0928,  0.0940],
        [ 0.1198, -0.1209],
        [-0.1031,  0.1029],
        [ 0.0515, -0.0518],
        [ 0.0408, -0.0403],
        [ 0.0308, -0.0289],
        [ 0.0242, -0.0243],
        [-0.0978,  0.0996],
        [ 0.0240, -0.0217],
        [-0.0700,  0.0711],
        [-0.4448,  0.4473]], device='cuda:0', requires_grad=True)
alpha 1 is Parameter containing:
tensor([[-0.0281,  0.0285],
        [ 0.0239, -0.0255],
        [-0.0509,  0.0507],
        [ 0.0476, -0.0465],
        [-0.0079,  0.0071],
        [-0.0572,  0.0576],
        [-0.0289,  0.0266],
        [-0.1277,  0.1269],
        [ 0.0299, -0.0290],
        [-0.1370,  0.1387],
        [-0.1102,  0.1113],
        [-0.0299,  0.0315],
        [ 0.0191, -0.0185],
        [ 0.0989, -0.0987]], device='cuda:0', requires_grad=True)
[039-050] Search: Model metrics  : loss=0.32, accuracy@1=88.92%, accuracy@5=99.70%, time-cost=6436.5 s
[039-050] Search: Architecture metrics  : loss=0.49, accuracy@1=83.48%, accuracy@5=99.14%
[039-050] Evaluation:  : loss=0.47, accuracy@1=84.04%, accuracy@5=99.24%
[039-050] Layer Alignment score:  normal: 0.0000, reduce: 0.0000
alpha 0 is Parameter containing:
tensor([[ 0.0228, -0.0218],
        [ 0.0049, -0.0075],
        [-0.0744,  0.0743],
        [-0.0946,  0.0958],
        [ 0.1203, -0.1215],
        [-0.1181,  0.1179],
        [ 0.0435, -0.0439],
        [ 0.0337, -0.0332],
        [ 0.0312, -0.0293],
        [ 0.0274, -0.0275],
        [-0.1056,  0.1074],
        [ 0.0151, -0.0128],
        [-0.0764,  0.0775],
        [-0.4506,  0.4532]], device='cuda:0', requires_grad=True)
alpha 1 is Parameter containing:
tensor([[-2.3510e-02,  2.3855e-02],
        [ 3.0096e-02, -3.1709e-02],
        [-5.6593e-02,  5.6480e-02],
        [ 6.2582e-02, -6.1488e-02],
        [-7.7994e-04,  4.0645e-05],
        [-6.4489e-02,  6.4878e-02],
        [-3.3002e-02,  3.0767e-02],
        [-1.2875e-01,  1.2801e-01],
        [ 3.9633e-02, -3.8730e-02],
        [-1.3747e-01,  1.3913e-01],
        [-1.1537e-01,  1.1638e-01],
        [-3.6011e-02,  3.7528e-02],
        [ 2.0437e-02, -1.9890e-02],
        [ 1.1200e-01, -1.1175e-01]], device='cuda:0', requires_grad=True)
[040-050] Search: Model metrics  : loss=0.31, accuracy@1=89.14%, accuracy@5=99.68%, time-cost=6627.8 s
[040-050] Search: Architecture metrics  : loss=0.49, accuracy@1=83.92%, accuracy@5=99.14%
[040-050] Evaluation:  : loss=0.47, accuracy@1=84.26%, accuracy@5=99.32%
[040-050] Layer Alignment score:  normal: 0.0000, reduce: 0.0000
alpha 0 is Parameter containing:
tensor([[ 0.0211, -0.0201],
        [ 0.0131, -0.0157],
        [-0.0767,  0.0766],
        [-0.0952,  0.0964],
        [ 0.1258, -0.1270],
        [-0.1160,  0.1158],
        [ 0.0489, -0.0493],
        [ 0.0431, -0.0426],
        [ 0.0333, -0.0314],
        [ 0.0350, -0.0351],
        [-0.0969,  0.0987],
        [ 0.0277, -0.0254],
        [-0.0679,  0.0690],
        [-0.4573,  0.4598]], device='cuda:0', requires_grad=True)
alpha 1 is Parameter containing:
tensor([[-0.0248,  0.0251],
        [ 0.0338, -0.0354],
        [-0.0603,  0.0602],
        [ 0.0639, -0.0628],
        [ 0.0069, -0.0076],
        [-0.0690,  0.0694],
        [-0.0267,  0.0245],
        [-0.1201,  0.1194],
        [ 0.0409, -0.0400],
        [-0.1439,  0.1456],
        [-0.1125,  0.1135],
        [-0.0206,  0.0221],
        [ 0.0250, -0.0244],
        [ 0.1144, -0.1141]], device='cuda:0', requires_grad=True)
[041-050] Search: Model metrics  : loss=0.32, accuracy@1=88.84%, accuracy@5=99.71%, time-cost=6819.9 s
[041-050] Search: Architecture metrics  : loss=0.47, accuracy@1=83.98%, accuracy@5=99.22%
[041-050] Evaluation:  : loss=0.47, accuracy@1=84.14%, accuracy@5=99.24%
[041-050] Layer Alignment score:  normal: 0.0000, reduce: 0.0000
alpha 0 is Parameter containing:
tensor([[ 0.0246, -0.0237],
        [ 0.0183, -0.0209],
        [-0.0758,  0.0758],
        [-0.0936,  0.0948],
        [ 0.1253, -0.1264],
        [-0.1096,  0.1094],
        [ 0.0524, -0.0528],
        [ 0.0513, -0.0508],
        [ 0.0366, -0.0346],
        [ 0.0364, -0.0365],
        [-0.0948,  0.0965],
        [ 0.0264, -0.0241],
        [-0.0755,  0.0766],
        [-0.4664,  0.4689]], device='cuda:0', requires_grad=True)
alpha 1 is Parameter containing:
tensor([[-0.0305,  0.0308],
        [ 0.0303, -0.0319],
        [-0.0658,  0.0657],
        [ 0.0682, -0.0671],
        [ 0.0105, -0.0112],
        [-0.0799,  0.0803],
        [-0.0272,  0.0250],
        [-0.1188,  0.1181],
        [ 0.0451, -0.0442],
        [-0.1462,  0.1478],
        [-0.1158,  0.1168],
        [-0.0192,  0.0206],
        [ 0.0338, -0.0333],
        [ 0.1224, -0.1222]], device='cuda:0', requires_grad=True)
[042-050] Search: Model metrics  : loss=0.32, accuracy@1=89.02%, accuracy@5=99.68%, time-cost=7011.0 s
[042-050] Search: Architecture metrics  : loss=0.49, accuracy@1=83.76%, accuracy@5=99.08%
[042-050] Evaluation:  : loss=0.47, accuracy@1=84.31%, accuracy@5=99.20%
[042-050] Layer Alignment score:  normal: 0.0000, reduce: 0.0000
alpha 0 is Parameter containing:
tensor([[ 0.0202, -0.0192],
        [ 0.0252, -0.0278],
        [-0.0781,  0.0780],
        [-0.0833,  0.0845],
        [ 0.1271, -0.1283],
        [-0.1208,  0.1205],
        [ 0.0590, -0.0593],
        [ 0.0639, -0.0634],
        [ 0.0469, -0.0450],
        [ 0.0359, -0.0360],
        [-0.0847,  0.0864],
        [ 0.0380, -0.0357],
        [-0.0708,  0.0719],
        [-0.4840,  0.4864]], device='cuda:0', requires_grad=True)
alpha 1 is Parameter containing:
tensor([[-0.0405,  0.0408],
        [ 0.0381, -0.0397],
        [-0.0840,  0.0839],
        [ 0.0585, -0.0575],
        [-0.0028,  0.0020],
        [-0.0811,  0.0815],
        [-0.0424,  0.0402],
        [-0.1317,  0.1310],
        [ 0.0490, -0.0481],
        [-0.1542,  0.1558],
        [-0.1092,  0.1102],
        [-0.0189,  0.0204],
        [ 0.0406, -0.0400],
        [ 0.1262, -0.1259]], device='cuda:0', requires_grad=True)
[043-050] Search: Model metrics  : loss=0.32, accuracy@1=89.02%, accuracy@5=99.67%, time-cost=7202.7 s
[043-050] Search: Architecture metrics  : loss=0.49, accuracy@1=83.42%, accuracy@5=99.32%
[043-050] Evaluation:  : loss=0.47, accuracy@1=84.30%, accuracy@5=99.27%
[043-050] Layer Alignment score:  normal: 0.0000, reduce: 0.0000
alpha 0 is Parameter containing:
tensor([[ 0.0160, -0.0150],
        [ 0.0312, -0.0338],
        [-0.0744,  0.0743],
        [-0.0765,  0.0776],
        [ 0.1316, -0.1328],
        [-0.1220,  0.1218],
        [ 0.0594, -0.0597],
        [ 0.0663, -0.0658],
        [ 0.0481, -0.0462],
        [ 0.0337, -0.0338],
        [-0.0930,  0.0947],
        [ 0.0383, -0.0360],
        [-0.0749,  0.0760],
        [-0.4913,  0.4938]], device='cuda:0', requires_grad=True)
alpha 1 is Parameter containing:
tensor([[-0.0470,  0.0473],
        [ 0.0300, -0.0316],
        [-0.0939,  0.0938],
        [ 0.0615, -0.0605],
        [-0.0119,  0.0112],
        [-0.0850,  0.0854],
        [-0.0530,  0.0508],
        [-0.1274,  0.1267],
        [ 0.0540, -0.0531],
        [-0.1590,  0.1606],
        [-0.1136,  0.1145],
        [-0.0178,  0.0192],
        [ 0.0474, -0.0469],
        [ 0.1278, -0.1275]], device='cuda:0', requires_grad=True)
[044-050] Search: Model metrics  : loss=0.32, accuracy@1=89.18%, accuracy@5=99.66%, time-cost=7394.1 s
[044-050] Search: Architecture metrics  : loss=0.47, accuracy@1=84.14%, accuracy@5=99.22%
[044-050] Evaluation:  : loss=0.47, accuracy@1=84.42%, accuracy@5=99.28%
[044-050] Layer Alignment score:  normal: 0.0000, reduce: 0.0000
alpha 0 is Parameter containing:
tensor([[ 0.0192, -0.0183],
        [ 0.0304, -0.0330],
        [-0.0733,  0.0732],
        [-0.0794,  0.0805],
        [ 0.1267, -0.1279],
        [-0.1244,  0.1242],
        [ 0.0612, -0.0615],
        [ 0.0648, -0.0643],
        [ 0.0544, -0.0525],
        [ 0.0489, -0.0490],
        [-0.0822,  0.0839],
        [ 0.0415, -0.0392],
        [-0.0642,  0.0652],
        [-0.4947,  0.4972]], device='cuda:0', requires_grad=True)
alpha 1 is Parameter containing:
tensor([[-0.0541,  0.0545],
        [ 0.0313, -0.0328],
        [-0.0966,  0.0965],
        [ 0.0594, -0.0584],
        [-0.0094,  0.0087],
        [-0.0809,  0.0812],
        [-0.0514,  0.0493],
        [-0.1301,  0.1294],
        [ 0.0616, -0.0607],
        [-0.1549,  0.1565],
        [-0.1118,  0.1128],
        [-0.0112,  0.0127],
        [ 0.0502, -0.0497],
        [ 0.1350, -0.1348]], device='cuda:0', requires_grad=True)
[045-050] Search: Model metrics  : loss=0.31, accuracy@1=89.06%, accuracy@5=99.64%, time-cost=7585.7 s
[045-050] Search: Architecture metrics  : loss=0.49, accuracy@1=83.72%, accuracy@5=99.14%
[045-050] Evaluation:  : loss=0.47, accuracy@1=84.30%, accuracy@5=99.34%
[045-050] Layer Alignment score:  normal: 0.0000, reduce: 0.0000
alpha 0 is Parameter containing:
tensor([[ 0.0265, -0.0256],
        [ 0.0292, -0.0318],
        [-0.0752,  0.0751],
        [-0.0828,  0.0839],
        [ 0.1238, -0.1249],
        [-0.1289,  0.1287],
        [ 0.0602, -0.0605],
        [ 0.0601, -0.0596],
        [ 0.0566, -0.0547],
        [ 0.0489, -0.0490],
        [-0.0823,  0.0840],
        [ 0.0417, -0.0394],
        [-0.0544,  0.0555],
        [-0.5010,  0.5035]], device='cuda:0', requires_grad=True)
alpha 1 is Parameter containing:
tensor([[-0.0493,  0.0496],
        [ 0.0277, -0.0293],
        [-0.0960,  0.0959],
        [ 0.0651, -0.0640],
        [-0.0095,  0.0088],
        [-0.0832,  0.0836],
        [-0.0544,  0.0523],
        [-0.1300,  0.1293],
        [ 0.0647, -0.0639],
        [-0.1562,  0.1578],
        [-0.1097,  0.1107],
        [-0.0084,  0.0098],
        [ 0.0522, -0.0517],
        [ 0.1315, -0.1312]], device='cuda:0', requires_grad=True)
[046-050] Search: Model metrics  : loss=0.32, accuracy@1=89.02%, accuracy@5=99.63%, time-cost=7777.4 s
[046-050] Search: Architecture metrics  : loss=0.51, accuracy@1=83.22%, accuracy@5=99.07%
[046-050] Evaluation:  : loss=0.47, accuracy@1=84.39%, accuracy@5=99.27%
[046-050] Layer Alignment score:  normal: 0.0000, reduce: 0.0000
alpha 0 is Parameter containing:
tensor([[ 0.0277, -0.0268],
        [ 0.0327, -0.0353],
        [-0.0775,  0.0775],
        [-0.0834,  0.0846],
        [ 0.1291, -0.1302],
        [-0.1357,  0.1355],
        [ 0.0670, -0.0673],
        [ 0.0662, -0.0657],
        [ 0.0703, -0.0684],
        [ 0.0444, -0.0445],
        [-0.0798,  0.0815],
        [ 0.0420, -0.0397],
        [-0.0463,  0.0474],
        [-0.5015,  0.5039]], device='cuda:0', requires_grad=True)
alpha 1 is Parameter containing:
tensor([[-0.0577,  0.0581],
        [ 0.0324, -0.0340],
        [-0.0945,  0.0944],
        [ 0.0685, -0.0675],
        [ 0.0005, -0.0012],
        [-0.0843,  0.0847],
        [-0.0539,  0.0518],
        [-0.1268,  0.1261],
        [ 0.0694, -0.0685],
        [-0.1647,  0.1662],
        [-0.1166,  0.1175],
        [-0.0032,  0.0046],
        [ 0.0531, -0.0526],
        [ 0.1326, -0.1323]], device='cuda:0', requires_grad=True)
[047-050] Search: Model metrics  : loss=0.31, accuracy@1=89.26%, accuracy@5=99.68%, time-cost=7969.2 s
[047-050] Search: Architecture metrics  : loss=0.48, accuracy@1=83.66%, accuracy@5=99.22%
[047-050] Evaluation:  : loss=0.47, accuracy@1=84.48%, accuracy@5=99.19%
[047-050] Layer Alignment score:  normal: 0.0000, reduce: 0.0000
alpha 0 is Parameter containing:
tensor([[ 0.0256, -0.0247],
        [ 0.0296, -0.0322],
        [-0.0853,  0.0852],
        [-0.0942,  0.0954],
        [ 0.1300, -0.1311],
        [-0.1310,  0.1308],
        [ 0.0666, -0.0669],
        [ 0.0732, -0.0727],
        [ 0.0776, -0.0757],
        [ 0.0490, -0.0492],
        [-0.0853,  0.0870],
        [ 0.0415, -0.0393],
        [-0.0431,  0.0442],
        [-0.5148,  0.5172]], device='cuda:0', requires_grad=True)
alpha 1 is Parameter containing:
tensor([[-0.0551,  0.0554],
        [ 0.0459, -0.0475],
        [-0.0809,  0.0808],
        [ 0.0757, -0.0746],
        [ 0.0050, -0.0057],
        [-0.0909,  0.0912],
        [-0.0484,  0.0463],
        [-0.1250,  0.1244],
        [ 0.0780, -0.0771],
        [-0.1700,  0.1715],
        [-0.1230,  0.1240],
        [ 0.0038, -0.0025],
        [ 0.0608, -0.0603],
        [ 0.1319, -0.1317]], device='cuda:0', requires_grad=True)
[048-050] Search: Model metrics  : loss=0.31, accuracy@1=89.28%, accuracy@5=99.70%, time-cost=8161.5 s
[048-050] Search: Architecture metrics  : loss=0.50, accuracy@1=83.31%, accuracy@5=99.13%
[048-050] Evaluation:  : loss=0.46, accuracy@1=84.48%, accuracy@5=99.30%
[048-050] Layer Alignment score:  normal: 0.0000, reduce: 0.0000
alpha 0 is Parameter containing:
tensor([[ 0.0220, -0.0211],
        [ 0.0273, -0.0298],
        [-0.0833,  0.0832],
        [-0.1018,  0.1029],
        [ 0.1281, -0.1292],
        [-0.1376,  0.1374],
        [ 0.0616, -0.0619],
        [ 0.0724, -0.0719],
        [ 0.0768, -0.0749],
        [ 0.0489, -0.0490],
        [-0.0847,  0.0864],
        [ 0.0467, -0.0445],
        [-0.0443,  0.0454],
        [-0.5254,  0.5278]], device='cuda:0', requires_grad=True)
alpha 1 is Parameter containing:
tensor([[-0.0572,  0.0576],
        [ 0.0447, -0.0463],
        [-0.0736,  0.0735],
        [ 0.0882, -0.0871],
        [ 0.0106, -0.0113],
        [-0.0851,  0.0854],
        [-0.0499,  0.0478],
        [-0.1206,  0.1199],
        [ 0.0795, -0.0787],
        [-0.1717,  0.1732],
        [-0.1272,  0.1281],
        [ 0.0078, -0.0064],
        [ 0.0646, -0.0641],
        [ 0.1324, -0.1321]], device='cuda:0', requires_grad=True)
[049-050] Search: Model metrics  : loss=0.31, accuracy@1=89.14%, accuracy@5=99.68%, time-cost=8353.6 s
[049-050] Search: Architecture metrics  : loss=0.49, accuracy@1=83.81%, accuracy@5=99.21%
[049-050] Evaluation:  : loss=0.47, accuracy@1=84.01%, accuracy@5=99.34%
[049-050] Layer Alignment score:  normal: 0.0000, reduce: 0.0000
alpha 0 is Parameter containing:
tensor([[ 0.0277, -0.0268],
        [ 0.0301, -0.0326],
        [-0.0759,  0.0758],
        [-0.0983,  0.0995],
        [ 0.1358, -0.1370],
        [-0.1284,  0.1282],
        [ 0.0584, -0.0587],
        [ 0.0742, -0.0737],
        [ 0.0841, -0.0822],
        [ 0.0525, -0.0526],
        [-0.0941,  0.0958],
        [ 0.0493, -0.0471],
        [-0.0409,  0.0420],
        [-0.5372,  0.5396]], device='cuda:0', requires_grad=True)
alpha 1 is Parameter containing:
tensor([[-0.0457,  0.0460],
        [ 0.0398, -0.0413],
        [-0.0710,  0.0709],
        [ 0.1009, -0.0999],
        [ 0.0198, -0.0205],
        [-0.0782,  0.0785],
        [-0.0444,  0.0423],
        [-0.1221,  0.1215],
        [ 0.0855, -0.0846],
        [-0.1703,  0.1718],
        [-0.1204,  0.1213],
        [ 0.0090, -0.0077],
        [ 0.0709, -0.0704],
        [ 0.1347, -0.1345]], device='cuda:0', requires_grad=True)
[050-050] Search: Model metrics  : loss=0.31, accuracy@1=89.22%, accuracy@5=99.65%, time-cost=8545.4 s
[050-050] Search: Architecture metrics  : loss=0.47, accuracy@1=84.12%, accuracy@5=99.14%
[050-050] Evaluation:  : loss=0.47, accuracy@1=84.40%, accuracy@5=99.18%
[050-050] Layer Alignment score:  normal: 0.0000, reduce: 0.0000
alpha 0 is Parameter containing:
tensor([[ 0.0427, -0.0417],
        [ 0.0408, -0.0433],
        [-0.0720,  0.0719],
        [-0.1019,  0.1030],
        [ 0.1355, -0.1366],
        [-0.1235,  0.1233],
        [ 0.0683, -0.0687],
        [ 0.0812, -0.0808],
        [ 0.0828, -0.0810],
        [ 0.0545, -0.0546],
        [-0.0886,  0.0903],
        [ 0.0428, -0.0407],
        [-0.0391,  0.0401],
        [-0.5415,  0.5439]], device='cuda:0', requires_grad=True)
alpha 1 is Parameter containing:
tensor([[-0.0352,  0.0355],
        [ 0.0297, -0.0313],
        [-0.0712,  0.0711],
        [ 0.0941, -0.0931],
        [ 0.0078, -0.0085],
        [-0.0750,  0.0753],
        [-0.0477,  0.0457],
        [-0.1334,  0.1327],
        [ 0.0831, -0.0823],
        [-0.1621,  0.1636],
        [-0.1171,  0.1180],
        [ 0.0017, -0.0003],
        [ 0.0634, -0.0629],
        [ 0.1424, -0.1422]], device='cuda:0', requires_grad=True)
