Training the supernet with the following configuration: 
{
  "sampler": {
    "sample_frequency": "step"
  },
  "perturbator": null,
  "partial_connector": null,
  "dropout": {
    "p": 0.0,
    "p_min": 0.0,
    "anneal_frequency": "epoch",
    "anneal_type": "linear",
    "max_iter": 50
  },
  "trainer": {
    "lr": 0.025,
    "arch_lr": 0.0003,
    "epochs": 50,
    "lora_warm_epochs": 10,
    "optim": "sgd",
    "arch_optim": "adam",
    "optim_config": {
      "momentum": 0.9,
      "nesterov": 0,
      "weight_decay": 0.0003
    },
    "arch_optim_config": {
      "betas": [
        0.5,
        0.999
      ],
      "weight_decay": 0.001
    },
    "scheduler": "cosine_annealing_lr",
    "criterion": "cross_entropy",
    "batch_size": 64,
    "learning_rate_min": 0.001,
    "cutout": -1,
    "cutout_length": 16,
    "train_portion": 0.5,
    "use_data_parallel": false,
    "checkpointing_freq": 1,
    "seed": 100
  },
  "lora": {
    "r": 1,
    "lora_dropout": 0,
    "lora_alpha": 1,
    "merge_weights": true
  },
  "lora_extra": {
    "toggle_epochs": null,
    "warm_epochs": 10,
    "toggle_probability": null
  },
  "sampler_type": "darts",
  "searchspace_str": "robust_darts",
  "weight_type": "weight_sharing",
  "oles": {
    "oles": false,
    "calc_gm_score": false
  },
  "search_space": {
    "num_classes": 10,
    "space": "s1"
  },
  "project_name": "LoRA-robust-darts",
  "experiment_type": "lora",
  "seed": 3
}
[001-050] Search: Model metrics  : loss=1.54, accuracy@1=43.49%, accuracy@5=89.92%, time-cost=78.5 s
[001-050] Evaluation:  : loss=1.32, accuracy@1=52.48%, accuracy@5=94.09%
[001-050] Layer Alignment score:  normal: 0.0000, reduce: 0.0000
<<<--->>> The 001-050-th epoch : found the highest validation accuracy : 52.48%.
[002-050] Search: Model metrics  : loss=1.11, accuracy@1=60.20%, accuracy@5=95.88%, time-cost=152.9 s
[002-050] Evaluation:  : loss=1.29, accuracy@1=54.33%, accuracy@5=94.87%
[002-050] Layer Alignment score:  normal: 0.0000, reduce: 0.0000
<<<--->>> The 002-050-th epoch : found the highest validation accuracy : 54.33%.
[003-050] Search: Model metrics  : loss=0.94, accuracy@1=66.88%, accuracy@5=97.04%, time-cost=230.4 s
[003-050] Evaluation:  : loss=0.93, accuracy@1=67.15%, accuracy@5=97.27%
[003-050] Layer Alignment score:  normal: 0.0000, reduce: 0.0000
<<<--->>> The 003-050-th epoch : found the highest validation accuracy : 67.15%.
[004-050] Search: Model metrics  : loss=0.82, accuracy@1=70.91%, accuracy@5=97.84%, time-cost=308.3 s
[004-050] Evaluation:  : loss=0.98, accuracy@1=66.00%, accuracy@5=96.81%
[004-050] Layer Alignment score:  normal: 0.0000, reduce: 0.0000
[005-050] Search: Model metrics  : loss=0.74, accuracy@1=73.96%, accuracy@5=98.21%, time-cost=387.9 s
[005-050] Evaluation:  : loss=0.80, accuracy@1=72.19%, accuracy@5=97.88%
[005-050] Layer Alignment score:  normal: 0.0000, reduce: 0.0000
<<<--->>> The 005-050-th epoch : found the highest validation accuracy : 72.19%.
[006-050] Search: Model metrics  : loss=0.67, accuracy@1=76.28%, accuracy@5=98.51%, time-cost=468.0 s
[006-050] Evaluation:  : loss=0.79, accuracy@1=72.91%, accuracy@5=98.15%
[006-050] Layer Alignment score:  normal: 0.0000, reduce: 0.0000
<<<--->>> The 006-050-th epoch : found the highest validation accuracy : 72.91%.
[007-050] Search: Model metrics  : loss=0.62, accuracy@1=78.46%, accuracy@5=98.75%, time-cost=545.7 s
[007-050] Evaluation:  : loss=0.72, accuracy@1=75.01%, accuracy@5=98.54%
[007-050] Layer Alignment score:  normal: 0.0000, reduce: 0.0000
<<<--->>> The 007-050-th epoch : found the highest validation accuracy : 75.01%.
[008-050] Search: Model metrics  : loss=0.58, accuracy@1=79.65%, accuracy@5=98.96%, time-cost=623.7 s
[008-050] Evaluation:  : loss=0.63, accuracy@1=78.13%, accuracy@5=98.71%
[008-050] Layer Alignment score:  normal: 0.0000, reduce: 0.0000
<<<--->>> The 008-050-th epoch : found the highest validation accuracy : 78.13%.
[009-050] Search: Model metrics  : loss=0.54, accuracy@1=80.93%, accuracy@5=99.12%, time-cost=701.5 s
[009-050] Evaluation:  : loss=0.65, accuracy@1=77.50%, accuracy@5=98.56%
[009-050] Layer Alignment score:  normal: 0.0000, reduce: 0.0000
[010-050] Search: Model metrics  : loss=0.51, accuracy@1=82.32%, accuracy@5=99.13%, time-cost=781.4 s
[010-050] Evaluation:  : loss=0.70, accuracy@1=76.46%, accuracy@5=98.52%
[010-050] Layer Alignment score:  normal: 0.0000, reduce: 0.0000
The searchspace has been warm started with 10 epochs
LoRA layers have been initialized for all operations with Conv2DLoRA module
[011-050] Search: Model metrics  : loss=0.42, accuracy@1=85.55%, accuracy@5=99.46%, time-cost=920.7 s
[011-050] Search: Architecture metrics  : loss=0.55, accuracy@1=81.15%, accuracy@5=99.01%
[011-050] Evaluation:  : loss=0.53, accuracy@1=82.02%, accuracy@5=99.08%
[011-050] Layer Alignment score:  normal: 0.0000, reduce: 0.0000
<<<--->>> The 011-050-th epoch : found the highest validation accuracy : 82.02%.
alpha 0 is Parameter containing:
tensor([[ 0.0008,  0.0022],
        [ 0.0263, -0.0264],
        [-0.0089,  0.0104],
        [-0.0156,  0.0176],
        [ 0.0028, -0.0033],
        [-0.0083,  0.0066],
        [ 0.0074, -0.0071],
        [ 0.0037, -0.0044],
        [ 0.0122, -0.0110],
        [-0.0072,  0.0090],
        [-0.0025,  0.0047],
        [-0.0010,  0.0027],
        [ 0.0138, -0.0138],
        [ 0.0097, -0.0106]], device='cuda:0', requires_grad=True)
alpha 1 is Parameter containing:
tensor([[ 0.0052, -0.0059],
        [-0.0124,  0.0119],
        [ 0.0090, -0.0092],
        [-0.0031,  0.0019],
        [ 0.0092, -0.0086],
        [ 0.0132, -0.0124],
        [-0.0058,  0.0066],
        [ 0.0225, -0.0228],
        [-0.0001,  0.0021],
        [ 0.0119, -0.0139],
        [ 0.0033, -0.0031],
        [ 0.0211, -0.0202],
        [ 0.0136, -0.0114],
        [ 0.0062, -0.0056]], device='cuda:0', requires_grad=True)
[012-050] Search: Model metrics  : loss=0.40, accuracy@1=86.21%, accuracy@5=99.48%, time-cost=1061.5 s
[012-050] Search: Architecture metrics  : loss=0.54, accuracy@1=81.65%, accuracy@5=98.96%
[012-050] Evaluation:  : loss=0.51, accuracy@1=82.78%, accuracy@5=99.10%
[012-050] Layer Alignment score:  normal: 0.0000, reduce: 0.0000
<<<--->>> The 012-050-th epoch : found the highest validation accuracy : 82.78%.
alpha 0 is Parameter containing:
tensor([[-0.0017,  0.0047],
        [ 0.0297, -0.0298],
        [-0.0159,  0.0174],
        [-0.0287,  0.0307],
        [ 0.0049, -0.0054],
        [-0.0265,  0.0248],
        [ 0.0041, -0.0038],
        [ 0.0227, -0.0234],
        [ 0.0071, -0.0058],
        [ 0.0032, -0.0014],
        [-0.0203,  0.0225],
        [ 0.0143, -0.0126],
        [ 0.0106, -0.0105],
        [ 0.0197, -0.0206]], device='cuda:0', requires_grad=True)
alpha 1 is Parameter containing:
tensor([[-2.0150e-04, -4.3659e-04],
        [-1.5651e-02,  1.5116e-02],
        [ 8.3843e-04, -1.0508e-03],
        [-1.4940e-02,  1.3789e-02],
        [ 1.1723e-02, -1.1158e-02],
        [ 1.0693e-02, -9.9130e-03],
        [-1.0054e-02,  1.0826e-02],
        [ 2.9588e-02, -2.9867e-02],
        [-1.0452e-02,  1.2352e-02],
        [ 3.8082e-03, -5.7410e-03],
        [-1.3355e-02,  1.3545e-02],
        [ 2.8749e-02, -2.7836e-02],
        [ 2.8952e-03, -7.5454e-04],
        [ 1.2297e-06,  6.3645e-04]], device='cuda:0', requires_grad=True)
[013-050] Search: Model metrics  : loss=0.39, accuracy@1=86.24%, accuracy@5=99.49%, time-cost=1195.9 s
[013-050] Search: Architecture metrics  : loss=0.54, accuracy@1=81.47%, accuracy@5=99.06%
[013-050] Evaluation:  : loss=0.51, accuracy@1=82.90%, accuracy@5=99.12%
[013-050] Layer Alignment score:  normal: 0.0000, reduce: 0.0000
<<<--->>> The 013-050-th epoch : found the highest validation accuracy : 82.90%.
alpha 0 is Parameter containing:
tensor([[-0.0060,  0.0090],
        [ 0.0351, -0.0352],
        [-0.0174,  0.0189],
        [-0.0445,  0.0465],
        [ 0.0037, -0.0042],
        [-0.0413,  0.0396],
        [ 0.0047, -0.0045],
        [ 0.0282, -0.0289],
        [ 0.0109, -0.0097],
        [ 0.0154, -0.0135],
        [-0.0426,  0.0448],
        [ 0.0181, -0.0164],
        [ 0.0165, -0.0164],
        [ 0.0233, -0.0242]], device='cuda:0', requires_grad=True)
alpha 1 is Parameter containing:
tensor([[-0.0031,  0.0025],
        [-0.0114,  0.0108],
        [-0.0048,  0.0046],
        [-0.0122,  0.0111],
        [ 0.0255, -0.0250],
        [ 0.0081, -0.0073],
        [-0.0095,  0.0102],
        [ 0.0457, -0.0459],
        [-0.0090,  0.0109],
        [-0.0066,  0.0048],
        [-0.0122,  0.0124],
        [ 0.0500, -0.0491],
        [-0.0060,  0.0081],
        [-0.0104,  0.0110]], device='cuda:0', requires_grad=True)
[014-050] Search: Model metrics  : loss=0.38, accuracy@1=86.75%, accuracy@5=99.55%, time-cost=1330.4 s
[014-050] Search: Architecture metrics  : loss=0.52, accuracy@1=82.19%, accuracy@5=99.02%
[014-050] Evaluation:  : loss=0.51, accuracy@1=82.73%, accuracy@5=99.13%
[014-050] Layer Alignment score:  normal: 0.0000, reduce: 0.0000
alpha 0 is Parameter containing:
tensor([[-0.0054,  0.0084],
        [ 0.0402, -0.0403],
        [-0.0178,  0.0193],
        [-0.0606,  0.0626],
        [ 0.0118, -0.0124],
        [-0.0661,  0.0645],
        [-0.0043,  0.0046],
        [ 0.0304, -0.0311],
        [ 0.0114, -0.0101],
        [ 0.0192, -0.0174],
        [-0.0742,  0.0763],
        [ 0.0130, -0.0113],
        [ 0.0243, -0.0243],
        [ 0.0231, -0.0240]], device='cuda:0', requires_grad=True)
alpha 1 is Parameter containing:
tensor([[-0.0031,  0.0025],
        [-0.0180,  0.0175],
        [-0.0054,  0.0052],
        [-0.0210,  0.0199],
        [ 0.0236, -0.0231],
        [ 0.0065, -0.0058],
        [-0.0186,  0.0194],
        [ 0.0555, -0.0558],
        [-0.0044,  0.0062],
        [-0.0064,  0.0046],
        [-0.0221,  0.0223],
        [ 0.0615, -0.0606],
        [-0.0050,  0.0071],
        [-0.0147,  0.0153]], device='cuda:0', requires_grad=True)
[015-050] Search: Model metrics  : loss=0.38, accuracy@1=86.98%, accuracy@5=99.50%, time-cost=1468.0 s
[015-050] Search: Architecture metrics  : loss=0.52, accuracy@1=82.42%, accuracy@5=99.24%
[015-050] Evaluation:  : loss=0.50, accuracy@1=83.06%, accuracy@5=99.20%
[015-050] Layer Alignment score:  normal: 0.0000, reduce: 0.0000
<<<--->>> The 015-050-th epoch : found the highest validation accuracy : 83.06%.
alpha 0 is Parameter containing:
tensor([[-0.0125,  0.0154],
        [ 0.0462, -0.0463],
        [-0.0327,  0.0342],
        [-0.0632,  0.0652],
        [ 0.0169, -0.0174],
        [-0.0785,  0.0769],
        [-0.0014,  0.0017],
        [ 0.0353, -0.0360],
        [ 0.0132, -0.0120],
        [ 0.0200, -0.0182],
        [-0.0873,  0.0894],
        [ 0.0113, -0.0096],
        [ 0.0242, -0.0242],
        [ 0.0273, -0.0282]], device='cuda:0', requires_grad=True)
alpha 1 is Parameter containing:
tensor([[ 5.7702e-03, -6.3802e-03],
        [-9.4468e-03,  8.9262e-03],
        [ 4.9747e-03, -5.1735e-03],
        [-1.4105e-02,  1.3036e-02],
        [ 1.1704e-02, -1.1157e-02],
        [ 1.8251e-02, -1.7531e-02],
        [-1.3932e-02,  1.4666e-02],
        [ 6.4739e-02, -6.5005e-02],
        [ 1.9058e-03, -8.5194e-05],
        [ 5.8539e-03, -7.6102e-03],
        [-1.6523e-02,  1.6692e-02],
        [ 6.8620e-02, -6.7751e-02],
        [-2.9867e-03,  5.0247e-03],
        [-1.7622e-02,  1.8228e-02]], device='cuda:0', requires_grad=True)
[016-050] Search: Model metrics  : loss=0.37, accuracy@1=87.40%, accuracy@5=99.53%, time-cost=1605.4 s
[016-050] Search: Architecture metrics  : loss=0.55, accuracy@1=81.45%, accuracy@5=98.91%
[016-050] Evaluation:  : loss=0.50, accuracy@1=83.09%, accuracy@5=99.16%
[016-050] Layer Alignment score:  normal: 0.0000, reduce: 0.0000
<<<--->>> The 016-050-th epoch : found the highest validation accuracy : 83.09%.
alpha 0 is Parameter containing:
tensor([[-0.0120,  0.0150],
        [ 0.0308, -0.0309],
        [-0.0342,  0.0357],
        [-0.0745,  0.0765],
        [ 0.0230, -0.0235],
        [-0.1109,  0.1093],
        [-0.0148,  0.0151],
        [ 0.0467, -0.0474],
        [ 0.0162, -0.0150],
        [ 0.0284, -0.0266],
        [-0.1150,  0.1171],
        [ 0.0222, -0.0206],
        [ 0.0324, -0.0324],
        [ 0.0355, -0.0364]], device='cuda:0', requires_grad=True)
alpha 1 is Parameter containing:
tensor([[ 0.0086, -0.0092],
        [-0.0051,  0.0046],
        [ 0.0079, -0.0081],
        [-0.0180,  0.0170],
        [ 0.0076, -0.0071],
        [ 0.0205, -0.0198],
        [-0.0155,  0.0162],
        [ 0.0706, -0.0709],
        [-0.0020,  0.0038],
        [ 0.0087, -0.0104],
        [-0.0180,  0.0182],
        [ 0.0808, -0.0800],
        [-0.0122,  0.0143],
        [-0.0201,  0.0207]], device='cuda:0', requires_grad=True)
[017-050] Search: Model metrics  : loss=0.37, accuracy@1=87.37%, accuracy@5=99.60%, time-cost=1742.8 s
[017-050] Search: Architecture metrics  : loss=0.53, accuracy@1=82.00%, accuracy@5=99.11%
[017-050] Evaluation:  : loss=0.49, accuracy@1=83.30%, accuracy@5=99.17%
[017-050] Layer Alignment score:  normal: 0.0000, reduce: 0.0000
<<<--->>> The 017-050-th epoch : found the highest validation accuracy : 83.30%.
alpha 0 is Parameter containing:
tensor([[-0.0084,  0.0114],
        [ 0.0354, -0.0355],
        [-0.0415,  0.0430],
        [-0.0777,  0.0797],
        [ 0.0243, -0.0248],
        [-0.1266,  0.1250],
        [-0.0211,  0.0214],
        [ 0.0503, -0.0510],
        [ 0.0187, -0.0175],
        [ 0.0279, -0.0261],
        [-0.1427,  0.1448],
        [ 0.0160, -0.0144],
        [ 0.0370, -0.0370],
        [ 0.0522, -0.0531]], device='cuda:0', requires_grad=True)
alpha 1 is Parameter containing:
tensor([[ 0.0163, -0.0169],
        [-0.0008,  0.0003],
        [ 0.0127, -0.0129],
        [-0.0269,  0.0259],
        [ 0.0147, -0.0142],
        [ 0.0243, -0.0236],
        [-0.0149,  0.0156],
        [ 0.0934, -0.0936],
        [-0.0072,  0.0089],
        [ 0.0106, -0.0122],
        [-0.0301,  0.0302],
        [ 0.0963, -0.0954],
        [-0.0193,  0.0212],
        [-0.0174,  0.0180]], device='cuda:0', requires_grad=True)
[018-050] Search: Model metrics  : loss=0.36, accuracy@1=87.47%, accuracy@5=99.54%, time-cost=1880.2 s
[018-050] Search: Architecture metrics  : loss=0.52, accuracy@1=82.38%, accuracy@5=99.15%
[018-050] Evaluation:  : loss=0.50, accuracy@1=82.90%, accuracy@5=99.18%
[018-050] Layer Alignment score:  normal: 0.0000, reduce: 0.0000
alpha 0 is Parameter containing:
tensor([[-0.0115,  0.0144],
        [ 0.0431, -0.0432],
        [-0.0407,  0.0422],
        [-0.0782,  0.0802],
        [ 0.0453, -0.0458],
        [-0.1471,  0.1455],
        [-0.0127,  0.0130],
        [ 0.0562, -0.0569],
        [ 0.0262, -0.0250],
        [ 0.0192, -0.0175],
        [-0.1646,  0.1666],
        [ 0.0184, -0.0168],
        [ 0.0434, -0.0434],
        [ 0.0538, -0.0547]], device='cuda:0', requires_grad=True)
alpha 1 is Parameter containing:
tensor([[ 0.0197, -0.0203],
        [ 0.0080, -0.0085],
        [ 0.0122, -0.0124],
        [-0.0314,  0.0304],
        [ 0.0210, -0.0205],
        [ 0.0235, -0.0228],
        [-0.0133,  0.0140],
        [ 0.0875, -0.0878],
        [-0.0051,  0.0068],
        [ 0.0068, -0.0084],
        [-0.0415,  0.0417],
        [ 0.1017, -0.1009],
        [-0.0303,  0.0323],
        [-0.0271,  0.0277]], device='cuda:0', requires_grad=True)
[019-050] Search: Model metrics  : loss=0.36, accuracy@1=87.48%, accuracy@5=99.58%, time-cost=2020.4 s
[019-050] Search: Architecture metrics  : loss=0.53, accuracy@1=82.35%, accuracy@5=99.10%
[019-050] Evaluation:  : loss=0.51, accuracy@1=82.60%, accuracy@5=99.13%
[019-050] Layer Alignment score:  normal: 0.0000, reduce: 0.0000
alpha 0 is Parameter containing:
tensor([[-0.0151,  0.0180],
        [ 0.0441, -0.0442],
        [-0.0509,  0.0524],
        [-0.0814,  0.0833],
        [ 0.0522, -0.0527],
        [-0.1742,  0.1727],
        [-0.0152,  0.0155],
        [ 0.0666, -0.0673],
        [ 0.0241, -0.0230],
        [ 0.0211, -0.0194],
        [-0.2041,  0.2061],
        [ 0.0171, -0.0155],
        [ 0.0369, -0.0368],
        [ 0.0703, -0.0712]], device='cuda:0', requires_grad=True)
alpha 1 is Parameter containing:
tensor([[ 0.0247, -0.0253],
        [ 0.0158, -0.0163],
        [ 0.0150, -0.0152],
        [-0.0272,  0.0262],
        [ 0.0254, -0.0249],
        [ 0.0295, -0.0289],
        [-0.0113,  0.0120],
        [ 0.0984, -0.0987],
        [ 0.0118, -0.0101],
        [ 0.0092, -0.0108],
        [-0.0385,  0.0386],
        [ 0.1162, -0.1154],
        [-0.0266,  0.0285],
        [-0.0252,  0.0257]], device='cuda:0', requires_grad=True)
[020-050] Search: Model metrics  : loss=0.37, accuracy@1=87.26%, accuracy@5=99.55%, time-cost=2157.3 s
[020-050] Search: Architecture metrics  : loss=0.50, accuracy@1=83.15%, accuracy@5=99.17%
[020-050] Evaluation:  : loss=0.50, accuracy@1=83.20%, accuracy@5=99.17%
[020-050] Layer Alignment score:  normal: 0.0000, reduce: 0.0000
alpha 0 is Parameter containing:
tensor([[-0.0093,  0.0122],
        [ 0.0514, -0.0515],
        [-0.0589,  0.0603],
        [-0.0779,  0.0799],
        [ 0.0577, -0.0582],
        [-0.1808,  0.1793],
        [-0.0111,  0.0113],
        [ 0.0697, -0.0704],
        [ 0.0273, -0.0261],
        [ 0.0200, -0.0182],
        [-0.2173,  0.2193],
        [ 0.0091, -0.0074],
        [ 0.0466, -0.0466],
        [ 0.0762, -0.0771]], device='cuda:0', requires_grad=True)
alpha 1 is Parameter containing:
tensor([[ 0.0218, -0.0224],
        [ 0.0282, -0.0287],
        [ 0.0073, -0.0075],
        [-0.0312,  0.0303],
        [ 0.0323, -0.0318],
        [ 0.0229, -0.0223],
        [-0.0116,  0.0123],
        [ 0.1094, -0.1097],
        [ 0.0183, -0.0166],
        [ 0.0035, -0.0050],
        [-0.0461,  0.0462],
        [ 0.1242, -0.1234],
        [-0.0344,  0.0363],
        [-0.0340,  0.0346]], device='cuda:0', requires_grad=True)
[021-050] Search: Model metrics  : loss=0.35, accuracy@1=87.86%, accuracy@5=99.59%, time-cost=2293.3 s
[021-050] Search: Architecture metrics  : loss=0.52, accuracy@1=82.19%, accuracy@5=99.15%
[021-050] Evaluation:  : loss=0.49, accuracy@1=83.49%, accuracy@5=99.18%
[021-050] Layer Alignment score:  normal: 0.0000, reduce: 0.0000
<<<--->>> The 021-050-th epoch : found the highest validation accuracy : 83.49%.
alpha 0 is Parameter containing:
tensor([[-0.0009,  0.0038],
        [ 0.0518, -0.0519],
        [-0.0575,  0.0590],
        [-0.0835,  0.0854],
        [ 0.0537, -0.0543],
        [-0.1894,  0.1879],
        [-0.0152,  0.0154],
        [ 0.0619, -0.0626],
        [ 0.0171, -0.0160],
        [ 0.0254, -0.0237],
        [-0.2420,  0.2440],
        [ 0.0180, -0.0164],
        [ 0.0389, -0.0388],
        [ 0.0873, -0.0882]], device='cuda:0', requires_grad=True)
alpha 1 is Parameter containing:
tensor([[ 0.0214, -0.0219],
        [ 0.0234, -0.0239],
        [ 0.0045, -0.0047],
        [-0.0393,  0.0383],
        [ 0.0340, -0.0335],
        [ 0.0180, -0.0174],
        [-0.0163,  0.0169],
        [ 0.1148, -0.1150],
        [ 0.0204, -0.0187],
        [-0.0043,  0.0029],
        [-0.0610,  0.0612],
        [ 0.1290, -0.1282],
        [-0.0411,  0.0430],
        [-0.0391,  0.0396]], device='cuda:0', requires_grad=True)
[022-050] Search: Model metrics  : loss=0.36, accuracy@1=87.32%, accuracy@5=99.57%, time-cost=2427.9 s
[022-050] Search: Architecture metrics  : loss=0.52, accuracy@1=82.27%, accuracy@5=99.14%
[022-050] Evaluation:  : loss=0.49, accuracy@1=83.74%, accuracy@5=99.18%
[022-050] Layer Alignment score:  normal: 0.0000, reduce: 0.0000
<<<--->>> The 022-050-th epoch : found the highest validation accuracy : 83.74%.
alpha 0 is Parameter containing:
tensor([[-0.0026,  0.0055],
        [ 0.0510, -0.0511],
        [-0.0743,  0.0758],
        [-0.0800,  0.0820],
        [ 0.0577, -0.0582],
        [-0.2002,  0.1987],
        [-0.0116,  0.0119],
        [ 0.0689, -0.0696],
        [ 0.0188, -0.0176],
        [ 0.0314, -0.0297],
        [-0.2515,  0.2535],
        [ 0.0257, -0.0241],
        [ 0.0459, -0.0459],
        [ 0.0956, -0.0965]], device='cuda:0', requires_grad=True)
alpha 1 is Parameter containing:
tensor([[ 0.0119, -0.0125],
        [ 0.0293, -0.0298],
        [-0.0051,  0.0049],
        [-0.0452,  0.0443],
        [ 0.0369, -0.0364],
        [ 0.0127, -0.0121],
        [-0.0265,  0.0271],
        [ 0.1047, -0.1049],
        [ 0.0231, -0.0215],
        [-0.0123,  0.0109],
        [-0.0678,  0.0680],
        [ 0.1391, -0.1383],
        [-0.0419,  0.0437],
        [-0.0421,  0.0426]], device='cuda:0', requires_grad=True)
[023-050] Search: Model metrics  : loss=0.35, accuracy@1=88.08%, accuracy@5=99.58%, time-cost=2562.3 s
[023-050] Search: Architecture metrics  : loss=0.51, accuracy@1=82.72%, accuracy@5=99.02%
[023-050] Evaluation:  : loss=0.49, accuracy@1=83.36%, accuracy@5=99.27%
[023-050] Layer Alignment score:  normal: 0.0000, reduce: 0.0000
alpha 0 is Parameter containing:
tensor([[-0.0048,  0.0077],
        [ 0.0453, -0.0454],
        [-0.0771,  0.0785],
        [-0.0895,  0.0915],
        [ 0.0456, -0.0461],
        [-0.2157,  0.2142],
        [-0.0112,  0.0115],
        [ 0.0718, -0.0724],
        [ 0.0205, -0.0193],
        [ 0.0369, -0.0352],
        [-0.2655,  0.2674],
        [ 0.0346, -0.0330],
        [ 0.0431, -0.0431],
        [ 0.0932, -0.0941]], device='cuda:0', requires_grad=True)
alpha 1 is Parameter containing:
tensor([[ 0.0083, -0.0089],
        [ 0.0397, -0.0402],
        [-0.0112,  0.0110],
        [-0.0520,  0.0511],
        [ 0.0347, -0.0342],
        [ 0.0086, -0.0080],
        [-0.0273,  0.0279],
        [ 0.1092, -0.1095],
        [ 0.0243, -0.0226],
        [-0.0194,  0.0180],
        [-0.0741,  0.0742],
        [ 0.1473, -0.1465],
        [-0.0481,  0.0499],
        [-0.0544,  0.0549]], device='cuda:0', requires_grad=True)
[024-050] Search: Model metrics  : loss=0.35, accuracy@1=87.64%, accuracy@5=99.62%, time-cost=2696.7 s
[024-050] Search: Architecture metrics  : loss=0.52, accuracy@1=82.54%, accuracy@5=99.10%
[024-050] Evaluation:  : loss=0.50, accuracy@1=83.02%, accuracy@5=99.20%
[024-050] Layer Alignment score:  normal: 0.0000, reduce: 0.0000
alpha 0 is Parameter containing:
tensor([[-0.0084,  0.0113],
        [ 0.0400, -0.0401],
        [-0.0927,  0.0942],
        [-0.0760,  0.0779],
        [ 0.0503, -0.0508],
        [-0.2370,  0.2355],
        [-0.0053,  0.0055],
        [ 0.0837, -0.0844],
        [ 0.0311, -0.0299],
        [ 0.0454, -0.0438],
        [-0.2967,  0.2987],
        [ 0.0273, -0.0257],
        [ 0.0334, -0.0334],
        [ 0.0998, -0.1006]], device='cuda:0', requires_grad=True)
alpha 1 is Parameter containing:
tensor([[ 0.0011, -0.0017],
        [ 0.0384, -0.0389],
        [-0.0236,  0.0234],
        [-0.0628,  0.0619],
        [ 0.0310, -0.0305],
        [-0.0015,  0.0021],
        [-0.0299,  0.0305],
        [ 0.1085, -0.1087],
        [ 0.0242, -0.0226],
        [-0.0292,  0.0278],
        [-0.0858,  0.0859],
        [ 0.1565, -0.1557],
        [-0.0590,  0.0608],
        [-0.0622,  0.0628]], device='cuda:0', requires_grad=True)
[025-050] Search: Model metrics  : loss=0.35, accuracy@1=87.62%, accuracy@5=99.67%, time-cost=2830.9 s
[025-050] Search: Architecture metrics  : loss=0.52, accuracy@1=82.44%, accuracy@5=99.04%
[025-050] Evaluation:  : loss=0.49, accuracy@1=83.41%, accuracy@5=99.22%
[025-050] Layer Alignment score:  normal: 0.0000, reduce: 0.0000
alpha 0 is Parameter containing:
tensor([[-0.0019,  0.0048],
        [ 0.0471, -0.0472],
        [-0.1075,  0.1090],
        [-0.0694,  0.0713],
        [ 0.0440, -0.0445],
        [-0.2557,  0.2542],
        [-0.0151,  0.0153],
        [ 0.0949, -0.0956],
        [ 0.0370, -0.0358],
        [ 0.0527, -0.0510],
        [-0.3136,  0.3155],
        [ 0.0304, -0.0289],
        [ 0.0345, -0.0345],
        [ 0.1040, -0.1049]], device='cuda:0', requires_grad=True)
alpha 1 is Parameter containing:
tensor([[-0.0084,  0.0078],
        [ 0.0336, -0.0341],
        [-0.0340,  0.0339],
        [-0.0716,  0.0707],
        [ 0.0240, -0.0235],
        [-0.0122,  0.0127],
        [-0.0389,  0.0396],
        [ 0.1129, -0.1132],
        [ 0.0180, -0.0164],
        [-0.0393,  0.0380],
        [-0.0932,  0.0933],
        [ 0.1616, -0.1609],
        [-0.0688,  0.0706],
        [-0.0680,  0.0685]], device='cuda:0', requires_grad=True)
[026-050] Search: Model metrics  : loss=0.34, accuracy@1=87.91%, accuracy@5=99.68%, time-cost=2965.5 s
[026-050] Search: Architecture metrics  : loss=0.52, accuracy@1=82.62%, accuracy@5=99.07%
[026-050] Evaluation:  : loss=0.49, accuracy@1=83.06%, accuracy@5=99.19%
[026-050] Layer Alignment score:  normal: 0.0000, reduce: 0.0000
alpha 0 is Parameter containing:
tensor([[ 0.0012,  0.0017],
        [ 0.0482, -0.0483],
        [-0.1019,  0.1033],
        [-0.0633,  0.0652],
        [ 0.0502, -0.0507],
        [-0.2649,  0.2634],
        [-0.0191,  0.0193],
        [ 0.1037, -0.1043],
        [ 0.0319, -0.0307],
        [ 0.0533, -0.0516],
        [-0.3262,  0.3281],
        [ 0.0319, -0.0304],
        [ 0.0339, -0.0339],
        [ 0.1078, -0.1087]], device='cuda:0', requires_grad=True)
alpha 1 is Parameter containing:
tensor([[-0.0163,  0.0158],
        [ 0.0384, -0.0389],
        [-0.0398,  0.0397],
        [-0.0730,  0.0722],
        [ 0.0351, -0.0346],
        [-0.0196,  0.0201],
        [-0.0340,  0.0346],
        [ 0.1157, -0.1160],
        [ 0.0104, -0.0088],
        [-0.0478,  0.0466],
        [-0.0981,  0.0983],
        [ 0.1729, -0.1722],
        [-0.0672,  0.0690],
        [-0.0771,  0.0777]], device='cuda:0', requires_grad=True)
[027-050] Search: Model metrics  : loss=0.35, accuracy@1=87.76%, accuracy@5=99.64%, time-cost=3106.3 s
[027-050] Search: Architecture metrics  : loss=0.51, accuracy@1=82.49%, accuracy@5=99.16%
[027-050] Evaluation:  : loss=0.49, accuracy@1=83.54%, accuracy@5=99.26%
[027-050] Layer Alignment score:  normal: 0.0000, reduce: 0.0000
alpha 0 is Parameter containing:
tensor([[-0.0050,  0.0078],
        [ 0.0478, -0.0479],
        [-0.1140,  0.1154],
        [-0.0728,  0.0747],
        [ 0.0417, -0.0422],
        [-0.2704,  0.2689],
        [-0.0220,  0.0223],
        [ 0.1101, -0.1108],
        [ 0.0319, -0.0308],
        [ 0.0477, -0.0461],
        [-0.3375,  0.3394],
        [ 0.0255, -0.0239],
        [ 0.0271, -0.0271],
        [ 0.1295, -0.1303]], device='cuda:0', requires_grad=True)
alpha 1 is Parameter containing:
tensor([[-1.4433e-02,  1.3913e-02],
        [ 3.6222e-02, -3.6694e-02],
        [-3.6131e-02,  3.5975e-02],
        [-7.0402e-02,  6.9597e-02],
        [ 2.4764e-02, -2.4275e-02],
        [-2.0568e-02,  2.1098e-02],
        [-4.2201e-02,  4.2816e-02],
        [ 1.1091e-01, -1.1113e-01],
        [ 1.5515e-03,  1.7185e-06],
        [-5.2652e-02,  5.1417e-02],
        [-9.9328e-02,  9.9439e-02],
        [ 1.7371e-01, -1.7299e-01],
        [-7.2371e-02,  7.4063e-02],
        [-8.9537e-02,  9.0037e-02]], device='cuda:0', requires_grad=True)
[028-050] Search: Model metrics  : loss=0.34, accuracy@1=88.49%, accuracy@5=99.66%, time-cost=3243.5 s
[028-050] Search: Architecture metrics  : loss=0.51, accuracy@1=82.87%, accuracy@5=99.05%
[028-050] Evaluation:  : loss=0.49, accuracy@1=83.55%, accuracy@5=99.17%
[028-050] Layer Alignment score:  normal: 0.0000, reduce: 0.0000
alpha 0 is Parameter containing:
tensor([[-0.0096,  0.0125],
        [ 0.0539, -0.0540],
        [-0.1058,  0.1072],
        [-0.0716,  0.0736],
        [ 0.0427, -0.0433],
        [-0.2892,  0.2877],
        [-0.0239,  0.0242],
        [ 0.1145, -0.1152],
        [ 0.0322, -0.0311],
        [ 0.0428, -0.0411],
        [-0.3491,  0.3510],
        [ 0.0175, -0.0159],
        [ 0.0184, -0.0183],
        [ 0.1344, -0.1352]], device='cuda:0', requires_grad=True)
alpha 1 is Parameter containing:
tensor([[-0.0150,  0.0145],
        [ 0.0399, -0.0404],
        [-0.0405,  0.0403],
        [-0.0797,  0.0789],
        [ 0.0226, -0.0221],
        [-0.0246,  0.0252],
        [-0.0400,  0.0406],
        [ 0.1198, -0.1200],
        [ 0.0025, -0.0010],
        [-0.0538,  0.0526],
        [-0.1075,  0.1076],
        [ 0.1693, -0.1686],
        [-0.0637,  0.0654],
        [-0.0952,  0.0957]], device='cuda:0', requires_grad=True)
[029-050] Search: Model metrics  : loss=0.34, accuracy@1=88.19%, accuracy@5=99.64%, time-cost=3377.9 s
[029-050] Search: Architecture metrics  : loss=0.50, accuracy@1=83.26%, accuracy@5=99.18%
[029-050] Evaluation:  : loss=0.49, accuracy@1=83.68%, accuracy@5=99.17%
[029-050] Layer Alignment score:  normal: 0.0000, reduce: 0.0000
alpha 0 is Parameter containing:
tensor([[-0.0038,  0.0066],
        [ 0.0553, -0.0554],
        [-0.1080,  0.1094],
        [-0.0641,  0.0660],
        [ 0.0597, -0.0602],
        [-0.2984,  0.2970],
        [-0.0180,  0.0182],
        [ 0.1224, -0.1230],
        [ 0.0371, -0.0359],
        [ 0.0426, -0.0409],
        [-0.3620,  0.3639],
        [ 0.0228, -0.0213],
        [ 0.0198, -0.0198],
        [ 0.1369, -0.1377]], device='cuda:0', requires_grad=True)
alpha 1 is Parameter containing:
tensor([[-0.0171,  0.0166],
        [ 0.0400, -0.0405],
        [-0.0470,  0.0468],
        [-0.0797,  0.0790],
        [ 0.0388, -0.0384],
        [-0.0285,  0.0290],
        [-0.0358,  0.0364],
        [ 0.1248, -0.1250],
        [ 0.0066, -0.0051],
        [-0.0596,  0.0584],
        [-0.1096,  0.1097],
        [ 0.1861, -0.1854],
        [-0.0670,  0.0687],
        [-0.0927,  0.0932]], device='cuda:0', requires_grad=True)
[030-050] Search: Model metrics  : loss=0.34, accuracy@1=88.36%, accuracy@5=99.66%, time-cost=3511.8 s
[030-050] Search: Architecture metrics  : loss=0.51, accuracy@1=82.94%, accuracy@5=99.15%
[030-050] Evaluation:  : loss=0.48, accuracy@1=83.54%, accuracy@5=99.21%
[030-050] Layer Alignment score:  normal: 0.0000, reduce: 0.0000
alpha 0 is Parameter containing:
tensor([[-0.0082,  0.0111],
        [ 0.0484, -0.0485],
        [-0.1186,  0.1200],
        [-0.0643,  0.0662],
        [ 0.0570, -0.0575],
        [-0.3141,  0.3127],
        [-0.0187,  0.0189],
        [ 0.1262, -0.1268],
        [ 0.0332, -0.0320],
        [ 0.0494, -0.0477],
        [-0.3732,  0.3751],
        [ 0.0250, -0.0235],
        [ 0.0245, -0.0244],
        [ 0.1327, -0.1335]], device='cuda:0', requires_grad=True)
alpha 1 is Parameter containing:
tensor([[-0.0133,  0.0128],
        [ 0.0404, -0.0409],
        [-0.0442,  0.0440],
        [-0.0784,  0.0777],
        [ 0.0284, -0.0280],
        [-0.0271,  0.0276],
        [-0.0321,  0.0327],
        [ 0.1192, -0.1194],
        [-0.0008,  0.0023],
        [-0.0567,  0.0556],
        [-0.1091,  0.1092],
        [ 0.1762, -0.1755],
        [-0.0837,  0.0854],
        [-0.1031,  0.1036]], device='cuda:0', requires_grad=True)
[031-050] Search: Model metrics  : loss=0.33, accuracy@1=88.38%, accuracy@5=99.69%, time-cost=3645.6 s
[031-050] Search: Architecture metrics  : loss=0.51, accuracy@1=82.76%, accuracy@5=99.07%
[031-050] Evaluation:  : loss=0.49, accuracy@1=83.74%, accuracy@5=99.22%
[031-050] Layer Alignment score:  normal: 0.0000, reduce: 0.0000
<<<--->>> The 031-050-th epoch : found the highest validation accuracy : 83.74%.
alpha 0 is Parameter containing:
tensor([[-0.0126,  0.0154],
        [ 0.0540, -0.0541],
        [-0.1213,  0.1227],
        [-0.0593,  0.0612],
        [ 0.0675, -0.0680],
        [-0.3310,  0.3296],
        [-0.0192,  0.0194],
        [ 0.1309, -0.1315],
        [ 0.0165, -0.0154],
        [ 0.0489, -0.0473],
        [-0.3828,  0.3846],
        [ 0.0240, -0.0224],
        [ 0.0183, -0.0183],
        [ 0.1409, -0.1417]], device='cuda:0', requires_grad=True)
alpha 1 is Parameter containing:
tensor([[-0.0140,  0.0136],
        [ 0.0318, -0.0323],
        [-0.0496,  0.0494],
        [-0.0830,  0.0822],
        [ 0.0255, -0.0251],
        [-0.0294,  0.0299],
        [-0.0396,  0.0402],
        [ 0.1241, -0.1243],
        [-0.0056,  0.0071],
        [-0.0626,  0.0615],
        [-0.1216,  0.1217],
        [ 0.1837, -0.1830],
        [-0.0864,  0.0880],
        [-0.1031,  0.1036]], device='cuda:0', requires_grad=True)
[032-050] Search: Model metrics  : loss=0.34, accuracy@1=88.22%, accuracy@5=99.69%, time-cost=3779.9 s
[032-050] Search: Architecture metrics  : loss=0.51, accuracy@1=82.54%, accuracy@5=99.04%
[032-050] Evaluation:  : loss=0.49, accuracy@1=83.58%, accuracy@5=99.20%
[032-050] Layer Alignment score:  normal: 0.0000, reduce: 0.0000
alpha 0 is Parameter containing:
tensor([[-0.0114,  0.0142],
        [ 0.0486, -0.0487],
        [-0.1284,  0.1298],
        [-0.0554,  0.0573],
        [ 0.0652, -0.0658],
        [-0.3388,  0.3374],
        [-0.0132,  0.0135],
        [ 0.1522, -0.1529],
        [ 0.0314, -0.0303],
        [ 0.0513, -0.0497],
        [-0.3914,  0.3932],
        [ 0.0291, -0.0276],
        [ 0.0160, -0.0159],
        [ 0.1384, -0.1393]], device='cuda:0', requires_grad=True)
alpha 1 is Parameter containing:
tensor([[-0.0121,  0.0116],
        [ 0.0262, -0.0266],
        [-0.0514,  0.0513],
        [-0.0941,  0.0934],
        [ 0.0231, -0.0226],
        [-0.0333,  0.0338],
        [-0.0528,  0.0533],
        [ 0.1259, -0.1261],
        [-0.0132,  0.0147],
        [-0.0629,  0.0619],
        [-0.1334,  0.1335],
        [ 0.1873, -0.1866],
        [-0.0943,  0.0959],
        [-0.0979,  0.0984]], device='cuda:0', requires_grad=True)
[033-050] Search: Model metrics  : loss=0.33, accuracy@1=88.46%, accuracy@5=99.62%, time-cost=3913.8 s
[033-050] Search: Architecture metrics  : loss=0.51, accuracy@1=82.85%, accuracy@5=99.19%
[033-050] Evaluation:  : loss=0.49, accuracy@1=83.55%, accuracy@5=99.20%
[033-050] Layer Alignment score:  normal: 0.0000, reduce: 0.0000
alpha 0 is Parameter containing:
tensor([[-0.0146,  0.0175],
        [ 0.0384, -0.0385],
        [-0.1324,  0.1338],
        [-0.0472,  0.0490],
        [ 0.0678, -0.0683],
        [-0.3480,  0.3466],
        [-0.0200,  0.0203],
        [ 0.1675, -0.1682],
        [ 0.0266, -0.0255],
        [ 0.0567, -0.0551],
        [-0.4070,  0.4088],
        [ 0.0409, -0.0394],
        [ 0.0211, -0.0211],
        [ 0.1387, -0.1395]], device='cuda:0', requires_grad=True)
alpha 1 is Parameter containing:
tensor([[-0.0194,  0.0189],
        [ 0.0239, -0.0244],
        [-0.0606,  0.0605],
        [-0.1037,  0.1030],
        [ 0.0244, -0.0239],
        [-0.0404,  0.0408],
        [-0.0545,  0.0551],
        [ 0.1250, -0.1252],
        [-0.0225,  0.0240],
        [-0.0726,  0.0716],
        [-0.1479,  0.1480],
        [ 0.1918, -0.1912],
        [-0.0923,  0.0939],
        [-0.0979,  0.0984]], device='cuda:0', requires_grad=True)
[034-050] Search: Model metrics  : loss=0.33, accuracy@1=88.34%, accuracy@5=99.66%, time-cost=4047.7 s
[034-050] Search: Architecture metrics  : loss=0.52, accuracy@1=82.80%, accuracy@5=99.02%
[034-050] Evaluation:  : loss=0.50, accuracy@1=83.26%, accuracy@5=99.15%
[034-050] Layer Alignment score:  normal: 0.0000, reduce: 0.0000
alpha 0 is Parameter containing:
tensor([[-0.0163,  0.0191],
        [ 0.0511, -0.0512],
        [-0.1290,  0.1304],
        [-0.0406,  0.0425],
        [ 0.0712, -0.0717],
        [-0.3603,  0.3589],
        [-0.0075,  0.0078],
        [ 0.1698, -0.1705],
        [ 0.0390, -0.0379],
        [ 0.0676, -0.0660],
        [-0.4267,  0.4285],
        [ 0.0451, -0.0436],
        [ 0.0262, -0.0262],
        [ 0.1421, -0.1429]], device='cuda:0', requires_grad=True)
alpha 1 is Parameter containing:
tensor([[-0.0193,  0.0188],
        [ 0.0175, -0.0180],
        [-0.0603,  0.0602],
        [-0.1089,  0.1082],
        [ 0.0236, -0.0231],
        [-0.0381,  0.0385],
        [-0.0624,  0.0630],
        [ 0.1298, -0.1300],
        [-0.0198,  0.0212],
        [-0.0757,  0.0747],
        [-0.1568,  0.1569],
        [ 0.1920, -0.1914],
        [-0.0937,  0.0953],
        [-0.1008,  0.1012]], device='cuda:0', requires_grad=True)
[035-050] Search: Model metrics  : loss=0.33, accuracy@1=88.38%, accuracy@5=99.65%, time-cost=4182.1 s
[035-050] Search: Architecture metrics  : loss=0.50, accuracy@1=82.99%, accuracy@5=99.10%
[035-050] Evaluation:  : loss=0.48, accuracy@1=83.71%, accuracy@5=99.23%
[035-050] Layer Alignment score:  normal: 0.0000, reduce: 0.0000
alpha 0 is Parameter containing:
tensor([[-0.0122,  0.0150],
        [ 0.0505, -0.0506],
        [-0.1371,  0.1385],
        [-0.0481,  0.0500],
        [ 0.0724, -0.0729],
        [-0.3617,  0.3603],
        [-0.0122,  0.0125],
        [ 0.1784, -0.1791],
        [ 0.0381, -0.0370],
        [ 0.0724, -0.0709],
        [-0.4395,  0.4412],
        [ 0.0565, -0.0550],
        [ 0.0256, -0.0255],
        [ 0.1463, -0.1471]], device='cuda:0', requires_grad=True)
alpha 1 is Parameter containing:
tensor([[-0.0183,  0.0179],
        [ 0.0163, -0.0168],
        [-0.0639,  0.0637],
        [-0.1155,  0.1148],
        [ 0.0279, -0.0274],
        [-0.0410,  0.0414],
        [-0.0708,  0.0713],
        [ 0.1264, -0.1266],
        [-0.0254,  0.0268],
        [-0.0785,  0.0775],
        [-0.1643,  0.1644],
        [ 0.1986, -0.1980],
        [-0.0949,  0.0964],
        [-0.0972,  0.0977]], device='cuda:0', requires_grad=True)
[036-050] Search: Model metrics  : loss=0.33, accuracy@1=88.36%, accuracy@5=99.70%, time-cost=4318.0 s
[036-050] Search: Architecture metrics  : loss=0.50, accuracy@1=82.59%, accuracy@5=99.18%
[036-050] Evaluation:  : loss=0.49, accuracy@1=83.56%, accuracy@5=99.19%
[036-050] Layer Alignment score:  normal: 0.0000, reduce: 0.0000
alpha 0 is Parameter containing:
tensor([[-0.0051,  0.0080],
        [ 0.0615, -0.0616],
        [-0.1397,  0.1411],
        [-0.0508,  0.0527],
        [ 0.0738, -0.0743],
        [-0.3690,  0.3677],
        [-0.0170,  0.0172],
        [ 0.1864, -0.1871],
        [ 0.0418, -0.0407],
        [ 0.0737, -0.0721],
        [-0.4368,  0.4385],
        [ 0.0695, -0.0680],
        [ 0.0297, -0.0296],
        [ 0.1500, -0.1508]], device='cuda:0', requires_grad=True)
alpha 1 is Parameter containing:
tensor([[-0.0198,  0.0193],
        [ 0.0352, -0.0356],
        [-0.0667,  0.0666],
        [-0.1084,  0.1078],
        [ 0.0297, -0.0292],
        [-0.0440,  0.0445],
        [-0.0621,  0.0626],
        [ 0.1318, -0.1320],
        [-0.0183,  0.0196],
        [-0.0783,  0.0773],
        [-0.1556,  0.1557],
        [ 0.2101, -0.2095],
        [-0.0845,  0.0860],
        [-0.0994,  0.0998]], device='cuda:0', requires_grad=True)
[037-050] Search: Model metrics  : loss=0.33, accuracy@1=88.36%, accuracy@5=99.65%, time-cost=4452.2 s
[037-050] Search: Architecture metrics  : loss=0.52, accuracy@1=82.58%, accuracy@5=99.10%
[037-050] Evaluation:  : loss=0.49, accuracy@1=83.72%, accuracy@5=99.12%
[037-050] Layer Alignment score:  normal: 0.0000, reduce: 0.0000
alpha 0 is Parameter containing:
tensor([[-0.0057,  0.0085],
        [ 0.0658, -0.0659],
        [-0.1423,  0.1437],
        [-0.0515,  0.0534],
        [ 0.0731, -0.0736],
        [-0.3887,  0.3873],
        [-0.0064,  0.0066],
        [ 0.1907, -0.1913],
        [ 0.0490, -0.0479],
        [ 0.0790, -0.0774],
        [-0.4439,  0.4456],
        [ 0.0654, -0.0639],
        [ 0.0218, -0.0218],
        [ 0.1527, -0.1535]], device='cuda:0', requires_grad=True)
alpha 1 is Parameter containing:
tensor([[-0.0187,  0.0183],
        [ 0.0444, -0.0448],
        [-0.0651,  0.0650],
        [-0.1108,  0.1102],
        [ 0.0252, -0.0247],
        [-0.0446,  0.0451],
        [-0.0508,  0.0513],
        [ 0.1212, -0.1213],
        [-0.0163,  0.0176],
        [-0.0783,  0.0774],
        [-0.1579,  0.1580],
        [ 0.2081, -0.2075],
        [-0.0716,  0.0731],
        [-0.0945,  0.0949]], device='cuda:0', requires_grad=True)
[038-050] Search: Model metrics  : loss=0.33, accuracy@1=88.77%, accuracy@5=99.74%, time-cost=4586.8 s
[038-050] Search: Architecture metrics  : loss=0.49, accuracy@1=83.46%, accuracy@5=99.14%
[038-050] Evaluation:  : loss=0.48, accuracy@1=83.84%, accuracy@5=99.14%
[038-050] Layer Alignment score:  normal: 0.0000, reduce: 0.0000
<<<--->>> The 038-050-th epoch : found the highest validation accuracy : 83.84%.
alpha 0 is Parameter containing:
tensor([[ 0.0014,  0.0014],
        [ 0.0651, -0.0652],
        [-0.1292,  0.1306],
        [-0.0513,  0.0531],
        [ 0.0641, -0.0646],
        [-0.3915,  0.3902],
        [-0.0039,  0.0042],
        [ 0.1904, -0.1910],
        [ 0.0425, -0.0414],
        [ 0.0784, -0.0769],
        [-0.4476,  0.4493],
        [ 0.0737, -0.0723],
        [ 0.0216, -0.0216],
        [ 0.1538, -0.1546]], device='cuda:0', requires_grad=True)
alpha 1 is Parameter containing:
tensor([[-0.0204,  0.0200],
        [ 0.0492, -0.0496],
        [-0.0712,  0.0711],
        [-0.1167,  0.1160],
        [ 0.0346, -0.0342],
        [-0.0519,  0.0523],
        [-0.0497,  0.0502],
        [ 0.1315, -0.1317],
        [-0.0176,  0.0189],
        [-0.0838,  0.0829],
        [-0.1663,  0.1664],
        [ 0.2112, -0.2106],
        [-0.0818,  0.0833],
        [-0.1157,  0.1161]], device='cuda:0', requires_grad=True)
[039-050] Search: Model metrics  : loss=0.32, accuracy@1=88.46%, accuracy@5=99.67%, time-cost=4721.4 s
[039-050] Search: Architecture metrics  : loss=0.50, accuracy@1=83.16%, accuracy@5=99.20%
[039-050] Evaluation:  : loss=0.48, accuracy@1=83.96%, accuracy@5=99.24%
[039-050] Layer Alignment score:  normal: 0.0000, reduce: 0.0000
<<<--->>> The 039-050-th epoch : found the highest validation accuracy : 83.96%.
alpha 0 is Parameter containing:
tensor([[ 0.0093, -0.0065],
        [ 0.0718, -0.0719],
        [-0.1264,  0.1278],
        [-0.0491,  0.0510],
        [ 0.0597, -0.0602],
        [-0.4174,  0.4161],
        [ 0.0009, -0.0006],
        [ 0.1909, -0.1916],
        [ 0.0413, -0.0402],
        [ 0.0852, -0.0837],
        [-0.4615,  0.4632],
        [ 0.0760, -0.0745],
        [ 0.0254, -0.0254],
        [ 0.1518, -0.1525]], device='cuda:0', requires_grad=True)
alpha 1 is Parameter containing:
tensor([[-0.0246,  0.0242],
        [ 0.0522, -0.0526],
        [-0.0725,  0.0724],
        [-0.1210,  0.1204],
        [ 0.0353, -0.0349],
        [-0.0538,  0.0542],
        [-0.0494,  0.0499],
        [ 0.1185, -0.1187],
        [-0.0210,  0.0223],
        [-0.0870,  0.0861],
        [-0.1750,  0.1751],
        [ 0.2168, -0.2162],
        [-0.0804,  0.0819],
        [-0.1156,  0.1160]], device='cuda:0', requires_grad=True)
[040-050] Search: Model metrics  : loss=0.32, accuracy@1=88.77%, accuracy@5=99.70%, time-cost=4855.9 s
[040-050] Search: Architecture metrics  : loss=0.51, accuracy@1=82.79%, accuracy@5=99.20%
[040-050] Evaluation:  : loss=0.49, accuracy@1=84.03%, accuracy@5=99.16%
[040-050] Layer Alignment score:  normal: 0.0000, reduce: 0.0000
<<<--->>> The 040-050-th epoch : found the highest validation accuracy : 84.03%.
alpha 0 is Parameter containing:
tensor([[ 0.0080, -0.0052],
        [ 0.0764, -0.0765],
        [-0.1348,  0.1362],
        [-0.0509,  0.0527],
        [ 0.0609, -0.0614],
        [-0.4264,  0.4251],
        [ 0.0040, -0.0038],
        [ 0.1973, -0.1980],
        [ 0.0484, -0.0473],
        [ 0.0906, -0.0890],
        [-0.4666,  0.4683],
        [ 0.0732, -0.0718],
        [ 0.0275, -0.0275],
        [ 0.1490, -0.1498]], device='cuda:0', requires_grad=True)
alpha 1 is Parameter containing:
tensor([[-0.0240,  0.0236],
        [ 0.0616, -0.0620],
        [-0.0732,  0.0731],
        [-0.1208,  0.1202],
        [ 0.0201, -0.0197],
        [-0.0554,  0.0557],
        [-0.0523,  0.0528],
        [ 0.1026, -0.1028],
        [-0.0196,  0.0210],
        [-0.0897,  0.0888],
        [-0.1767,  0.1768],
        [ 0.2214, -0.2208],
        [-0.0771,  0.0785],
        [-0.1133,  0.1137]], device='cuda:0', requires_grad=True)
[041-050] Search: Model metrics  : loss=0.33, accuracy@1=88.64%, accuracy@5=99.66%, time-cost=4990.3 s
[041-050] Search: Architecture metrics  : loss=0.50, accuracy@1=83.16%, accuracy@5=99.17%
[041-050] Evaluation:  : loss=0.49, accuracy@1=83.83%, accuracy@5=99.16%
[041-050] Layer Alignment score:  normal: 0.0000, reduce: 0.0000
alpha 0 is Parameter containing:
tensor([[ 1.1417e-02, -8.6511e-03],
        [ 6.9503e-02, -6.9596e-02],
        [-1.4199e-01,  1.4335e-01],
        [-4.6034e-02,  4.7865e-02],
        [ 5.9084e-02, -5.9571e-02],
        [-4.3062e-01,  4.2931e-01],
        [-4.7188e-05,  2.9740e-04],
        [ 2.0882e-01, -2.0945e-01],
        [ 5.6104e-02, -5.5026e-02],
        [ 9.1482e-02, -8.9935e-02],
        [-4.8149e-01,  4.8313e-01],
        [ 6.8488e-02, -6.7059e-02],
        [ 3.3085e-02, -3.3054e-02],
        [ 1.6034e-01, -1.6113e-01]], device='cuda:0', requires_grad=True)
alpha 1 is Parameter containing:
tensor([[-0.0222,  0.0218],
        [ 0.0779, -0.0783],
        [-0.0746,  0.0745],
        [-0.1274,  0.1268],
        [ 0.0212, -0.0208],
        [-0.0583,  0.0587],
        [-0.0531,  0.0536],
        [ 0.0989, -0.0990],
        [-0.0224,  0.0237],
        [-0.0883,  0.0875],
        [-0.1807,  0.1808],
        [ 0.2162, -0.2156],
        [-0.0802,  0.0816],
        [-0.1161,  0.1165]], device='cuda:0', requires_grad=True)
[042-050] Search: Model metrics  : loss=0.32, accuracy@1=88.69%, accuracy@5=99.68%, time-cost=5125.2 s
[042-050] Search: Architecture metrics  : loss=0.50, accuracy@1=83.18%, accuracy@5=99.10%
[042-050] Evaluation:  : loss=0.48, accuracy@1=83.78%, accuracy@5=99.24%
[042-050] Layer Alignment score:  normal: 0.0000, reduce: 0.0000
alpha 0 is Parameter containing:
tensor([[ 0.0173, -0.0145],
        [ 0.0627, -0.0628],
        [-0.1433,  0.1447],
        [-0.0493,  0.0512],
        [ 0.0639, -0.0644],
        [-0.4277,  0.4264],
        [-0.0006,  0.0008],
        [ 0.2071, -0.2077],
        [ 0.0607, -0.0596],
        [ 0.0933, -0.0917],
        [-0.4926,  0.4942],
        [ 0.0749, -0.0735],
        [ 0.0318, -0.0318],
        [ 0.1582, -0.1590]], device='cuda:0', requires_grad=True)
alpha 1 is Parameter containing:
tensor([[-0.0250,  0.0246],
        [ 0.0752, -0.0756],
        [-0.0754,  0.0753],
        [-0.1352,  0.1346],
        [ 0.0278, -0.0274],
        [-0.0622,  0.0626],
        [-0.0653,  0.0658],
        [ 0.1056, -0.1058],
        [-0.0289,  0.0302],
        [-0.0899,  0.0891],
        [-0.1879,  0.1880],
        [ 0.2279, -0.2273],
        [-0.0740,  0.0754],
        [-0.1090,  0.1094]], device='cuda:0', requires_grad=True)
[043-050] Search: Model metrics  : loss=0.32, accuracy@1=88.87%, accuracy@5=99.68%, time-cost=5262.6 s
[043-050] Search: Architecture metrics  : loss=0.50, accuracy@1=83.26%, accuracy@5=99.18%
[043-050] Evaluation:  : loss=0.48, accuracy@1=83.86%, accuracy@5=99.29%
[043-050] Layer Alignment score:  normal: 0.0000, reduce: 0.0000
alpha 0 is Parameter containing:
tensor([[ 0.0158, -0.0131],
        [ 0.0738, -0.0739],
        [-0.1371,  0.1384],
        [-0.0422,  0.0440],
        [ 0.0782, -0.0787],
        [-0.4400,  0.4387],
        [ 0.0039, -0.0037],
        [ 0.2153, -0.2159],
        [ 0.0695, -0.0685],
        [ 0.0938, -0.0923],
        [-0.4927,  0.4943],
        [ 0.0746, -0.0732],
        [ 0.0257, -0.0256],
        [ 0.1647, -0.1655]], device='cuda:0', requires_grad=True)
alpha 1 is Parameter containing:
tensor([[-0.0240,  0.0236],
        [ 0.0848, -0.0853],
        [-0.0764,  0.0763],
        [-0.1433,  0.1428],
        [ 0.0321, -0.0317],
        [-0.0653,  0.0657],
        [-0.0709,  0.0714],
        [ 0.1030, -0.1031],
        [-0.0292,  0.0305],
        [-0.0886,  0.0878],
        [-0.1985,  0.1985],
        [ 0.2232, -0.2226],
        [-0.0817,  0.0830],
        [-0.1103,  0.1107]], device='cuda:0', requires_grad=True)
[044-050] Search: Model metrics  : loss=0.32, accuracy@1=88.63%, accuracy@5=99.64%, time-cost=5397.0 s
[044-050] Search: Architecture metrics  : loss=0.51, accuracy@1=83.03%, accuracy@5=99.17%
[044-050] Evaluation:  : loss=0.48, accuracy@1=83.78%, accuracy@5=99.26%
[044-050] Layer Alignment score:  normal: 0.0000, reduce: 0.0000
alpha 0 is Parameter containing:
tensor([[ 0.0223, -0.0196],
        [ 0.0733, -0.0734],
        [-0.1458,  0.1471],
        [-0.0428,  0.0446],
        [ 0.0672, -0.0677],
        [-0.4445,  0.4432],
        [ 0.0039, -0.0036],
        [ 0.2138, -0.2144],
        [ 0.0699, -0.0689],
        [ 0.0948, -0.0933],
        [-0.5007,  0.5023],
        [ 0.0773, -0.0759],
        [ 0.0314, -0.0314],
        [ 0.1675, -0.1682]], device='cuda:0', requires_grad=True)
alpha 1 is Parameter containing:
tensor([[-0.0170,  0.0166],
        [ 0.0857, -0.0861],
        [-0.0716,  0.0715],
        [-0.1501,  0.1496],
        [ 0.0381, -0.0376],
        [-0.0579,  0.0583],
        [-0.0777,  0.0782],
        [ 0.1149, -0.1151],
        [-0.0263,  0.0276],
        [-0.0852,  0.0845],
        [-0.2066,  0.2067],
        [ 0.2237, -0.2231],
        [-0.0825,  0.0838],
        [-0.1106,  0.1110]], device='cuda:0', requires_grad=True)
[045-050] Search: Model metrics  : loss=0.32, accuracy@1=88.95%, accuracy@5=99.68%, time-cost=5531.9 s
[045-050] Search: Architecture metrics  : loss=0.50, accuracy@1=83.10%, accuracy@5=99.20%
[045-050] Evaluation:  : loss=0.48, accuracy@1=83.63%, accuracy@5=99.24%
[045-050] Layer Alignment score:  normal: 0.0000, reduce: 0.0000
alpha 0 is Parameter containing:
tensor([[ 2.2735e-02, -1.9998e-02],
        [ 6.9984e-02, -7.0075e-02],
        [-1.5055e-01,  1.5190e-01],
        [-4.6028e-02,  4.7835e-02],
        [ 6.8114e-02, -6.8594e-02],
        [-4.4841e-01,  4.4714e-01],
        [-9.5346e-05,  3.4184e-04],
        [ 2.2177e-01, -2.2240e-01],
        [ 8.0517e-02, -7.9456e-02],
        [ 9.2314e-02, -9.0799e-02],
        [-5.0487e-01,  5.0644e-01],
        [ 7.2117e-02, -7.0719e-02],
        [ 3.8528e-02, -3.8497e-02],
        [ 1.6579e-01, -1.6656e-01]], device='cuda:0', requires_grad=True)
alpha 1 is Parameter containing:
tensor([[-0.0235,  0.0231],
        [ 0.0826, -0.0830],
        [-0.0784,  0.0783],
        [-0.1551,  0.1546],
        [ 0.0387, -0.0383],
        [-0.0640,  0.0643],
        [-0.0904,  0.0909],
        [ 0.1117, -0.1119],
        [-0.0340,  0.0353],
        [-0.0937,  0.0930],
        [-0.2113,  0.2113],
        [ 0.2281, -0.2275],
        [-0.0832,  0.0846],
        [-0.1026,  0.1030]], device='cuda:0', requires_grad=True)
[046-050] Search: Model metrics  : loss=0.32, accuracy@1=88.86%, accuracy@5=99.74%, time-cost=5666.2 s
[046-050] Search: Architecture metrics  : loss=0.50, accuracy@1=83.12%, accuracy@5=99.15%
[046-050] Evaluation:  : loss=0.48, accuracy@1=84.12%, accuracy@5=99.32%
[046-050] Layer Alignment score:  normal: 0.0000, reduce: 0.0000
<<<--->>> The 046-050-th epoch : found the highest validation accuracy : 84.12%.
alpha 0 is Parameter containing:
tensor([[ 0.0226, -0.0199],
        [ 0.0677, -0.0678],
        [-0.1515,  0.1529],
        [-0.0540,  0.0558],
        [ 0.0677, -0.0682],
        [-0.4596,  0.4583],
        [-0.0015,  0.0018],
        [ 0.2196, -0.2202],
        [ 0.0787, -0.0776],
        [ 0.0894, -0.0879],
        [-0.5113,  0.5129],
        [ 0.0637, -0.0623],
        [ 0.0302, -0.0301],
        [ 0.1624, -0.1632]], device='cuda:0', requires_grad=True)
alpha 1 is Parameter containing:
tensor([[-0.0153,  0.0149],
        [ 0.0809, -0.0813],
        [-0.0746,  0.0745],
        [-0.1567,  0.1561],
        [ 0.0380, -0.0375],
        [-0.0580,  0.0583],
        [-0.0916,  0.0921],
        [ 0.1215, -0.1217],
        [-0.0347,  0.0359],
        [-0.0886,  0.0879],
        [-0.2124,  0.2125],
        [ 0.2330, -0.2324],
        [-0.0841,  0.0853],
        [-0.1117,  0.1121]], device='cuda:0', requires_grad=True)
[047-050] Search: Model metrics  : loss=0.32, accuracy@1=88.81%, accuracy@5=99.67%, time-cost=5800.7 s
[047-050] Search: Architecture metrics  : loss=0.49, accuracy@1=83.39%, accuracy@5=99.24%
[047-050] Evaluation:  : loss=0.48, accuracy@1=84.07%, accuracy@5=99.20%
[047-050] Layer Alignment score:  normal: 0.0000, reduce: 0.0000
alpha 0 is Parameter containing:
tensor([[ 2.1246e-02, -1.8523e-02],
        [ 7.3642e-02, -7.3734e-02],
        [-1.5224e-01,  1.5357e-01],
        [-5.4698e-02,  5.6493e-02],
        [ 5.9701e-02, -6.0177e-02],
        [-4.5568e-01,  4.5444e-01],
        [ 1.5687e-05,  2.2900e-04],
        [ 2.1533e-01, -2.1596e-01],
        [ 7.8599e-02, -7.7546e-02],
        [ 8.9111e-02, -8.7611e-02],
        [-5.1645e-01,  5.1798e-01],
        [ 6.3597e-02, -6.2213e-02],
        [ 3.2805e-02, -3.2775e-02],
        [ 1.6137e-01, -1.6214e-01]], device='cuda:0', requires_grad=True)
alpha 1 is Parameter containing:
tensor([[-0.0228,  0.0224],
        [ 0.0885, -0.0889],
        [-0.0801,  0.0800],
        [-0.1572,  0.1567],
        [ 0.0394, -0.0389],
        [-0.0594,  0.0598],
        [-0.0913,  0.0918],
        [ 0.1226, -0.1227],
        [-0.0310,  0.0322],
        [-0.0895,  0.0887],
        [-0.2125,  0.2126],
        [ 0.2373, -0.2368],
        [-0.0722,  0.0734],
        [-0.1120,  0.1124]], device='cuda:0', requires_grad=True)
[048-050] Search: Model metrics  : loss=0.32, accuracy@1=89.02%, accuracy@5=99.70%, time-cost=5935.0 s
[048-050] Search: Architecture metrics  : loss=0.51, accuracy@1=83.11%, accuracy@5=99.12%
[048-050] Evaluation:  : loss=0.48, accuracy@1=83.67%, accuracy@5=99.27%
[048-050] Layer Alignment score:  normal: 0.0000, reduce: 0.0000
alpha 0 is Parameter containing:
tensor([[ 0.0196, -0.0169],
        [ 0.0745, -0.0746],
        [-0.1527,  0.1540],
        [-0.0412,  0.0430],
        [ 0.0651, -0.0656],
        [-0.4656,  0.4643],
        [ 0.0084, -0.0082],
        [ 0.2238, -0.2244],
        [ 0.0746, -0.0736],
        [ 0.0960, -0.0945],
        [-0.5213,  0.5229],
        [ 0.0652, -0.0638],
        [ 0.0330, -0.0330],
        [ 0.1570, -0.1577]], device='cuda:0', requires_grad=True)
alpha 1 is Parameter containing:
tensor([[-0.0198,  0.0194],
        [ 0.0873, -0.0877],
        [-0.0744,  0.0743],
        [-0.1569,  0.1564],
        [ 0.0429, -0.0425],
        [-0.0514,  0.0517],
        [-0.0910,  0.0914],
        [ 0.1242, -0.1243],
        [-0.0364,  0.0376],
        [-0.0865,  0.0858],
        [-0.2133,  0.2133],
        [ 0.2509, -0.2504],
        [-0.0742,  0.0754],
        [-0.1144,  0.1148]], device='cuda:0', requires_grad=True)
[049-050] Search: Model metrics  : loss=0.31, accuracy@1=89.02%, accuracy@5=99.72%, time-cost=6069.3 s
[049-050] Search: Architecture metrics  : loss=0.51, accuracy@1=83.21%, accuracy@5=99.07%
[049-050] Evaluation:  : loss=0.47, accuracy@1=83.99%, accuracy@5=99.20%
[049-050] Layer Alignment score:  normal: 0.0000, reduce: 0.0000
alpha 0 is Parameter containing:
tensor([[ 0.0089, -0.0062],
        [ 0.0775, -0.0776],
        [-0.1654,  0.1668],
        [-0.0385,  0.0402],
        [ 0.0687, -0.0692],
        [-0.4788,  0.4775],
        [ 0.0205, -0.0203],
        [ 0.2364, -0.2370],
        [ 0.0869, -0.0858],
        [ 0.0949, -0.0934],
        [-0.5394,  0.5409],
        [ 0.0620, -0.0607],
        [ 0.0375, -0.0374],
        [ 0.1638, -0.1645]], device='cuda:0', requires_grad=True)
alpha 1 is Parameter containing:
tensor([[-0.0309,  0.0305],
        [ 0.0859, -0.0863],
        [-0.0862,  0.0861],
        [-0.1605,  0.1600],
        [ 0.0443, -0.0439],
        [-0.0586,  0.0589],
        [-0.0881,  0.0885],
        [ 0.1299, -0.1300],
        [-0.0326,  0.0338],
        [-0.0919,  0.0912],
        [-0.2135,  0.2135],
        [ 0.2547, -0.2542],
        [-0.0712,  0.0724],
        [-0.1148,  0.1152]], device='cuda:0', requires_grad=True)
[050-050] Search: Model metrics  : loss=0.32, accuracy@1=88.91%, accuracy@5=99.71%, time-cost=6205.8 s
[050-050] Search: Architecture metrics  : loss=0.50, accuracy@1=83.08%, accuracy@5=99.16%
[050-050] Evaluation:  : loss=0.48, accuracy@1=84.04%, accuracy@5=99.24%
[050-050] Layer Alignment score:  normal: 0.0000, reduce: 0.0000
alpha 0 is Parameter containing:
tensor([[ 0.0052, -0.0025],
        [ 0.0809, -0.0810],
        [-0.1686,  0.1700],
        [-0.0383,  0.0401],
        [ 0.0804, -0.0808],
        [-0.4715,  0.4703],
        [ 0.0095, -0.0092],
        [ 0.2474, -0.2480],
        [ 0.0865, -0.0855],
        [ 0.1027, -0.1012],
        [-0.5402,  0.5417],
        [ 0.0664, -0.0651],
        [ 0.0393, -0.0392],
        [ 0.1681, -0.1689]], device='cuda:0', requires_grad=True)
alpha 1 is Parameter containing:
tensor([[-0.0369,  0.0365],
        [ 0.0941, -0.0945],
        [-0.0879,  0.0878],
        [-0.1605,  0.1600],
        [ 0.0396, -0.0392],
        [-0.0608,  0.0611],
        [-0.0917,  0.0921],
        [ 0.1257, -0.1259],
        [-0.0381,  0.0392],
        [-0.0954,  0.0948],
        [-0.2142,  0.2143],
        [ 0.2525, -0.2520],
        [-0.0768,  0.0780],
        [-0.1164,  0.1168]], device='cuda:0', requires_grad=True)
