Files already downloaded and verified
Files already downloaded and verified
[001-050] Search: Model metrics  : loss=1.96, accuracy@1=23.56%, accuracy@5=77.16%, time-cost=93.6 s
[001-050] Evaluation:  : loss=1.71, accuracy@1=33.40%, accuracy@5=87.52%
<<<--->>> The 001-050-th epoch : found the highest validation accuracy : 33.40%.
[002-050] Search: Model metrics  : loss=1.59, accuracy@1=40.14%, accuracy@5=89.94%, time-cost=182.8 s
[002-050] Evaluation:  : loss=1.66, accuracy@1=41.37%, accuracy@5=90.97%
<<<--->>> The 002-050-th epoch : found the highest validation accuracy : 41.37%.
[003-050] Search: Model metrics  : loss=1.38, accuracy@1=49.33%, accuracy@5=93.22%, time-cost=272.2 s
[003-050] Evaluation:  : loss=1.34, accuracy@1=50.95%, accuracy@5=93.45%
<<<--->>> The 003-050-th epoch : found the highest validation accuracy : 50.95%.
[004-050] Search: Model metrics  : loss=1.21, accuracy@1=56.08%, accuracy@5=95.08%, time-cost=361.6 s
[004-050] Evaluation:  : loss=1.29, accuracy@1=54.30%, accuracy@5=95.07%
<<<--->>> The 004-050-th epoch : found the highest validation accuracy : 54.30%.
[005-050] Search: Model metrics  : loss=1.10, accuracy@1=60.07%, accuracy@5=96.00%, time-cost=450.1 s
[005-050] Evaluation:  : loss=1.06, accuracy@1=62.17%, accuracy@5=96.31%
<<<--->>> The 005-050-th epoch : found the highest validation accuracy : 62.17%.
[006-050] Search: Model metrics  : loss=1.02, accuracy@1=63.18%, accuracy@5=96.68%, time-cost=539.8 s
[006-050] Evaluation:  : loss=1.06, accuracy@1=62.62%, accuracy@5=95.93%
<<<--->>> The 006-050-th epoch : found the highest validation accuracy : 62.62%.
[007-050] Search: Model metrics  : loss=0.97, accuracy@1=65.23%, accuracy@5=96.95%, time-cost=629.0 s
[007-050] Evaluation:  : loss=1.01, accuracy@1=63.81%, accuracy@5=96.68%
<<<--->>> The 007-050-th epoch : found the highest validation accuracy : 63.81%.
[008-050] Search: Model metrics  : loss=0.91, accuracy@1=67.73%, accuracy@5=97.30%, time-cost=716.9 s
[008-050] Evaluation:  : loss=1.04, accuracy@1=64.14%, accuracy@5=96.78%
<<<--->>> The 008-050-th epoch : found the highest validation accuracy : 64.14%.
[009-050] Search: Model metrics  : loss=0.87, accuracy@1=69.16%, accuracy@5=97.76%, time-cost=806.5 s
[009-050] Evaluation:  : loss=0.87, accuracy@1=69.24%, accuracy@5=97.49%
<<<--->>> The 009-050-th epoch : found the highest validation accuracy : 69.24%.
[010-050] Search: Model metrics  : loss=0.83, accuracy@1=70.96%, accuracy@5=97.89%, time-cost=896.4 s
[010-050] Evaluation:  : loss=0.85, accuracy@1=70.25%, accuracy@5=97.76%
<<<--->>> The 010-050-th epoch : found the highest validation accuracy : 70.25%.
The searchspace has been warm started with 10 epochs
LoRA layers have been initialized for all operations with Conv2DLoRA module
[011-050] Search: Model metrics  : loss=0.74, accuracy@1=73.70%, accuracy@5=98.33%, time-cost=1081.6 s
[011-050] Search: Architecture metrics  : loss=0.79, accuracy@1=72.24%, accuracy@5=98.05%
[011-050] Evaluation:  : loss=0.74, accuracy@1=73.82%, accuracy@5=98.28%
<<<--->>> The 011-050-th epoch : found the highest validation accuracy : 73.82%.
alpha 0 is Parameter containing:
tensor([[-0.0266,  0.0270],
        [-0.0364,  0.0365],
        [-0.0541,  0.0555],
        [-0.0349,  0.0374],
        [-0.0167,  0.0182],
        [-0.0238,  0.0234],
        [-0.0364,  0.0382],
        [-0.0063,  0.0037],
        [-0.0536,  0.0536],
        [-0.0008,  0.0001],
        [-0.0292,  0.0282],
        [-0.0084,  0.0070],
        [-0.0272,  0.0267],
        [-0.0253,  0.0234]], device='cuda:0', requires_grad=True)
alpha 1 is Parameter containing:
tensor([[-0.0270,  0.0279],
        [-0.0362,  0.0340],
        [-0.0166,  0.0155],
        [-0.0218,  0.0241],
        [-0.0171,  0.0170],
        [-0.0270,  0.0266],
        [-0.0399,  0.0400],
        [-0.0176,  0.0178],
        [-0.0311,  0.0322],
        [-0.0181,  0.0186],
        [-0.0392,  0.0382],
        [-0.0146,  0.0145],
        [-0.0460,  0.0433],
        [-0.0421,  0.0426]], device='cuda:0', requires_grad=True)
[012-050] Search: Model metrics  : loss=0.71, accuracy@1=74.88%, accuracy@5=98.37%, time-cost=1267.3 s
[012-050] Search: Architecture metrics  : loss=0.77, accuracy@1=73.05%, accuracy@5=98.18%
[012-050] Evaluation:  : loss=0.72, accuracy@1=74.52%, accuracy@5=98.38%
<<<--->>> The 012-050-th epoch : found the highest validation accuracy : 74.52%.
alpha 0 is Parameter containing:
tensor([[-0.0466,  0.0470],
        [-0.0617,  0.0617],
        [-0.0823,  0.0837],
        [-0.0661,  0.0686],
        [-0.0231,  0.0247],
        [-0.0520,  0.0516],
        [-0.0578,  0.0595],
        [-0.0085,  0.0059],
        [-0.0870,  0.0871],
        [-0.0038,  0.0031],
        [-0.0511,  0.0501],
        [-0.0024,  0.0011],
        [-0.0496,  0.0491],
        [-0.0344,  0.0326]], device='cuda:0', requires_grad=True)
alpha 1 is Parameter containing:
tensor([[-0.0570,  0.0578],
        [-0.0702,  0.0680],
        [-0.0372,  0.0361],
        [-0.0461,  0.0484],
        [-0.0371,  0.0370],
        [-0.0570,  0.0566],
        [-0.0623,  0.0624],
        [-0.0412,  0.0414],
        [-0.0574,  0.0584],
        [-0.0312,  0.0317],
        [-0.0612,  0.0602],
        [-0.0369,  0.0368],
        [-0.0641,  0.0615],
        [-0.0824,  0.0829]], device='cuda:0', requires_grad=True)
[013-050] Search: Model metrics  : loss=0.70, accuracy@1=75.27%, accuracy@5=98.57%, time-cost=1453.3 s
[013-050] Search: Architecture metrics  : loss=0.76, accuracy@1=73.43%, accuracy@5=98.19%
[013-050] Evaluation:  : loss=0.74, accuracy@1=74.16%, accuracy@5=98.30%
alpha 0 is Parameter containing:
tensor([[-0.0663,  0.0667],
        [-0.0893,  0.0893],
        [-0.1088,  0.1102],
        [-0.0888,  0.0914],
        [-0.0400,  0.0415],
        [-0.0628,  0.0624],
        [-0.0743,  0.0760],
        [-0.0217,  0.0191],
        [-0.1065,  0.1066],
        [ 0.0036, -0.0043],
        [-0.0665,  0.0655],
        [-0.0171,  0.0158],
        [-0.0728,  0.0723],
        [-0.0486,  0.0467]], device='cuda:0', requires_grad=True)
alpha 1 is Parameter containing:
tensor([[-0.0809,  0.0817],
        [-0.0971,  0.0949],
        [-0.0604,  0.0593],
        [-0.0591,  0.0614],
        [-0.0453,  0.0451],
        [-0.0810,  0.0806],
        [-0.0808,  0.0808],
        [-0.0629,  0.0630],
        [-0.0887,  0.0897],
        [-0.0386,  0.0390],
        [-0.0793,  0.0783],
        [-0.0501,  0.0500],
        [-0.0760,  0.0734],
        [-0.1132,  0.1136]], device='cuda:0', requires_grad=True)
[014-050] Search: Model metrics  : loss=0.69, accuracy@1=75.62%, accuracy@5=98.56%, time-cost=1639.3 s
[014-050] Search: Architecture metrics  : loss=0.73, accuracy@1=74.26%, accuracy@5=98.25%
[014-050] Evaluation:  : loss=0.72, accuracy@1=74.22%, accuracy@5=98.37%
alpha 0 is Parameter containing:
tensor([[-0.0854,  0.0858],
        [-0.1064,  0.1064],
        [-0.1483,  0.1497],
        [-0.1099,  0.1124],
        [-0.0431,  0.0446],
        [-0.0867,  0.0863],
        [-0.0852,  0.0869],
        [-0.0180,  0.0154],
        [-0.1282,  0.1282],
        [-0.0122,  0.0115],
        [-0.0928,  0.0919],
        [-0.0146,  0.0133],
        [-0.0841,  0.0836],
        [-0.0493,  0.0475]], device='cuda:0', requires_grad=True)
alpha 1 is Parameter containing:
tensor([[-0.1060,  0.1069],
        [-0.1112,  0.1090],
        [-0.0780,  0.0769],
        [-0.0691,  0.0714],
        [-0.0521,  0.0519],
        [-0.1120,  0.1116],
        [-0.0911,  0.0912],
        [-0.0819,  0.0821],
        [-0.1110,  0.1120],
        [-0.0562,  0.0567],
        [-0.1034,  0.1024],
        [-0.0650,  0.0649],
        [-0.0902,  0.0877],
        [-0.1399,  0.1403]], device='cuda:0', requires_grad=True)
[015-050] Search: Model metrics  : loss=0.69, accuracy@1=75.73%, accuracy@5=98.39%, time-cost=1824.9 s
[015-050] Search: Architecture metrics  : loss=0.75, accuracy@1=73.86%, accuracy@5=98.15%
[015-050] Evaluation:  : loss=0.71, accuracy@1=74.87%, accuracy@5=98.36%
<<<--->>> The 015-050-th epoch : found the highest validation accuracy : 74.87%.
alpha 0 is Parameter containing:
tensor([[-0.0970,  0.0974],
        [-0.1262,  0.1262],
        [-0.1743,  0.1757],
        [-0.1267,  0.1292],
        [-0.0457,  0.0472],
        [-0.0951,  0.0947],
        [-0.0987,  0.1004],
        [-0.0282,  0.0257],
        [-0.1536,  0.1537],
        [-0.0197,  0.0190],
        [-0.0998,  0.0988],
        [-0.0164,  0.0151],
        [-0.1009,  0.1004],
        [-0.0603,  0.0585]], device='cuda:0', requires_grad=True)
alpha 1 is Parameter containing:
tensor([[-0.1309,  0.1317],
        [-0.1275,  0.1254],
        [-0.0979,  0.0968],
        [-0.0961,  0.0984],
        [-0.0553,  0.0552],
        [-0.1327,  0.1323],
        [-0.1058,  0.1059],
        [-0.0950,  0.0952],
        [-0.1235,  0.1245],
        [-0.0555,  0.0559],
        [-0.1227,  0.1218],
        [-0.0756,  0.0755],
        [-0.1114,  0.1088],
        [-0.1632,  0.1636]], device='cuda:0', requires_grad=True)
[016-050] Search: Model metrics  : loss=0.69, accuracy@1=75.95%, accuracy@5=98.40%, time-cost=2011.0 s
[016-050] Search: Architecture metrics  : loss=0.75, accuracy@1=73.81%, accuracy@5=98.18%
[016-050] Evaluation:  : loss=0.70, accuracy@1=75.10%, accuracy@5=98.52%
<<<--->>> The 016-050-th epoch : found the highest validation accuracy : 75.10%.
alpha 0 is Parameter containing:
tensor([[-0.1115,  0.1119],
        [-0.1380,  0.1381],
        [-0.1954,  0.1968],
        [-0.1415,  0.1440],
        [-0.0533,  0.0548],
        [-0.1154,  0.1150],
        [-0.1174,  0.1191],
        [-0.0331,  0.0306],
        [-0.1680,  0.1681],
        [-0.0265,  0.0259],
        [-0.1012,  0.1003],
        [-0.0190,  0.0177],
        [-0.1184,  0.1179],
        [-0.0627,  0.0610]], device='cuda:0', requires_grad=True)
alpha 1 is Parameter containing:
tensor([[-0.1574,  0.1582],
        [-0.1449,  0.1427],
        [-0.1271,  0.1261],
        [-0.1074,  0.1096],
        [-0.0610,  0.0608],
        [-0.1520,  0.1516],
        [-0.1147,  0.1147],
        [-0.1196,  0.1198],
        [-0.1424,  0.1433],
        [-0.0699,  0.0704],
        [-0.1325,  0.1315],
        [-0.0894,  0.0893],
        [-0.1228,  0.1203],
        [-0.1812,  0.1816]], device='cuda:0', requires_grad=True)
[017-050] Search: Model metrics  : loss=0.67, accuracy@1=76.19%, accuracy@5=98.62%, time-cost=2197.1 s
[017-050] Search: Architecture metrics  : loss=0.73, accuracy@1=74.27%, accuracy@5=98.31%
[017-050] Evaluation:  : loss=0.71, accuracy@1=75.28%, accuracy@5=98.42%
<<<--->>> The 017-050-th epoch : found the highest validation accuracy : 75.28%.
alpha 0 is Parameter containing:
tensor([[-0.1334,  0.1337],
        [-0.1563,  0.1563],
        [-0.2131,  0.2145],
        [-0.1461,  0.1485],
        [-0.0659,  0.0674],
        [-0.1160,  0.1156],
        [-0.1201,  0.1218],
        [-0.0552,  0.0528],
        [-0.1773,  0.1774],
        [-0.0346,  0.0339],
        [-0.1126,  0.1116],
        [-0.0205,  0.0192],
        [-0.1317,  0.1312],
        [-0.0658,  0.0640]], device='cuda:0', requires_grad=True)
alpha 1 is Parameter containing:
tensor([[-0.1734,  0.1742],
        [-0.1550,  0.1529],
        [-0.1533,  0.1522],
        [-0.1118,  0.1140],
        [-0.0661,  0.0659],
        [-0.1811,  0.1807],
        [-0.1274,  0.1275],
        [-0.1320,  0.1322],
        [-0.1488,  0.1498],
        [-0.0829,  0.0833],
        [-0.1346,  0.1336],
        [-0.0926,  0.0925],
        [-0.1257,  0.1233],
        [-0.2038,  0.2042]], device='cuda:0', requires_grad=True)
[018-050] Search: Model metrics  : loss=0.67, accuracy@1=75.98%, accuracy@5=98.58%, time-cost=2383.2 s
[018-050] Search: Architecture metrics  : loss=0.73, accuracy@1=74.34%, accuracy@5=98.40%
[018-050] Evaluation:  : loss=0.70, accuracy@1=75.45%, accuracy@5=98.58%
<<<--->>> The 018-050-th epoch : found the highest validation accuracy : 75.45%.
alpha 0 is Parameter containing:
tensor([[-0.1434,  0.1437],
        [-0.1630,  0.1630],
        [-0.2329,  0.2343],
        [-0.1661,  0.1685],
        [-0.0801,  0.0816],
        [-0.1338,  0.1334],
        [-0.1296,  0.1313],
        [-0.0575,  0.0551],
        [-0.1887,  0.1888],
        [-0.0265,  0.0259],
        [-0.1068,  0.1058],
        [-0.0264,  0.0251],
        [-0.1391,  0.1386],
        [-0.0768,  0.0751]], device='cuda:0', requires_grad=True)
alpha 1 is Parameter containing:
tensor([[-0.1865,  0.1873],
        [-0.1670,  0.1649],
        [-0.1635,  0.1624],
        [-0.1274,  0.1295],
        [-0.0840,  0.0838],
        [-0.2021,  0.2017],
        [-0.1343,  0.1343],
        [-0.1459,  0.1461],
        [-0.1635,  0.1645],
        [-0.0882,  0.0886],
        [-0.1442,  0.1432],
        [-0.0950,  0.0949],
        [-0.1403,  0.1379],
        [-0.2127,  0.2132]], device='cuda:0', requires_grad=True)
[019-050] Search: Model metrics  : loss=0.67, accuracy@1=76.39%, accuracy@5=98.66%, time-cost=2568.6 s
[019-050] Search: Architecture metrics  : loss=0.73, accuracy@1=74.41%, accuracy@5=98.30%
[019-050] Evaluation:  : loss=0.70, accuracy@1=75.20%, accuracy@5=98.52%
alpha 0 is Parameter containing:
tensor([[-0.1595,  0.1598],
        [-0.1733,  0.1733],
        [-0.2437,  0.2451],
        [-0.1770,  0.1795],
        [-0.0926,  0.0941],
        [-0.1376,  0.1372],
        [-0.1381,  0.1398],
        [-0.0646,  0.0622],
        [-0.1884,  0.1884],
        [-0.0261,  0.0255],
        [-0.1128,  0.1118],
        [-0.0372,  0.0359],
        [-0.1508,  0.1503],
        [-0.0925,  0.0908]], device='cuda:0', requires_grad=True)
alpha 1 is Parameter containing:
tensor([[-0.2060,  0.2068],
        [-0.1825,  0.1804],
        [-0.1745,  0.1735],
        [-0.1455,  0.1477],
        [-0.0996,  0.0995],
        [-0.2192,  0.2188],
        [-0.1413,  0.1414],
        [-0.1616,  0.1618],
        [-0.1858,  0.1868],
        [-0.0905,  0.0910],
        [-0.1458,  0.1449],
        [-0.1094,  0.1093],
        [-0.1534,  0.1510],
        [-0.2273,  0.2278]], device='cuda:0', requires_grad=True)
[020-050] Search: Model metrics  : loss=0.67, accuracy@1=76.32%, accuracy@5=98.57%, time-cost=2754.9 s
[020-050] Search: Architecture metrics  : loss=0.73, accuracy@1=74.78%, accuracy@5=98.21%
[020-050] Evaluation:  : loss=0.70, accuracy@1=75.82%, accuracy@5=98.44%
<<<--->>> The 020-050-th epoch : found the highest validation accuracy : 75.82%.
alpha 0 is Parameter containing:
tensor([[-0.1696,  0.1700],
        [-0.1947,  0.1947],
        [-0.2530,  0.2544],
        [-0.1859,  0.1883],
        [-0.0943,  0.0957],
        [-0.1391,  0.1387],
        [-0.1452,  0.1468],
        [-0.0790,  0.0765],
        [-0.1947,  0.1947],
        [-0.0277,  0.0271],
        [-0.1133,  0.1123],
        [-0.0565,  0.0552],
        [-0.1686,  0.1681],
        [-0.1005,  0.0988]], device='cuda:0', requires_grad=True)
alpha 1 is Parameter containing:
tensor([[-0.2299,  0.2307],
        [-0.1970,  0.1950],
        [-0.1891,  0.1880],
        [-0.1624,  0.1646],
        [-0.1074,  0.1072],
        [-0.2263,  0.2260],
        [-0.1543,  0.1544],
        [-0.1757,  0.1759],
        [-0.1988,  0.1997],
        [-0.0997,  0.1002],
        [-0.1439,  0.1430],
        [-0.1161,  0.1160],
        [-0.1554,  0.1531],
        [-0.2427,  0.2432]], device='cuda:0', requires_grad=True)
[021-050] Search: Model metrics  : loss=0.66, accuracy@1=76.99%, accuracy@5=98.70%, time-cost=2941.6 s
[021-050] Search: Architecture metrics  : loss=0.72, accuracy@1=74.50%, accuracy@5=98.44%
[021-050] Evaluation:  : loss=0.68, accuracy@1=75.97%, accuracy@5=98.52%
<<<--->>> The 021-050-th epoch : found the highest validation accuracy : 75.97%.
alpha 0 is Parameter containing:
tensor([[-0.1758,  0.1762],
        [-0.2055,  0.2055],
        [-0.2577,  0.2591],
        [-0.1963,  0.1987],
        [-0.0992,  0.1006],
        [-0.1461,  0.1457],
        [-0.1522,  0.1538],
        [-0.0847,  0.0823],
        [-0.2145,  0.2146],
        [-0.0217,  0.0210],
        [-0.1155,  0.1146],
        [-0.0566,  0.0554],
        [-0.1726,  0.1721],
        [-0.1013,  0.0997]], device='cuda:0', requires_grad=True)
alpha 1 is Parameter containing:
tensor([[-0.2401,  0.2409],
        [-0.2044,  0.2023],
        [-0.1982,  0.1972],
        [-0.1678,  0.1700],
        [-0.1151,  0.1150],
        [-0.2595,  0.2592],
        [-0.1648,  0.1648],
        [-0.1857,  0.1858],
        [-0.2116,  0.2125],
        [-0.1089,  0.1094],
        [-0.1494,  0.1485],
        [-0.1175,  0.1174],
        [-0.1569,  0.1546],
        [-0.2670,  0.2674]], device='cuda:0', requires_grad=True)
[022-050] Search: Model metrics  : loss=0.66, accuracy@1=76.85%, accuracy@5=98.63%, time-cost=3128.3 s
[022-050] Search: Architecture metrics  : loss=0.72, accuracy@1=74.61%, accuracy@5=98.31%
[022-050] Evaluation:  : loss=0.69, accuracy@1=75.80%, accuracy@5=98.52%
alpha 0 is Parameter containing:
tensor([[-0.1880,  0.1884],
        [-0.2094,  0.2094],
        [-0.2706,  0.2720],
        [-0.2051,  0.2075],
        [-0.1036,  0.1050],
        [-0.1501,  0.1497],
        [-0.1550,  0.1566],
        [-0.0882,  0.0859],
        [-0.2276,  0.2277],
        [-0.0316,  0.0309],
        [-0.1167,  0.1158],
        [-0.0623,  0.0610],
        [-0.1725,  0.1720],
        [-0.1011,  0.0995]], device='cuda:0', requires_grad=True)
alpha 1 is Parameter containing:
tensor([[-0.2547,  0.2554],
        [-0.2137,  0.2117],
        [-0.2082,  0.2072],
        [-0.1856,  0.1877],
        [-0.1188,  0.1187],
        [-0.2708,  0.2704],
        [-0.1759,  0.1760],
        [-0.1867,  0.1869],
        [-0.2193,  0.2202],
        [-0.1120,  0.1124],
        [-0.1539,  0.1530],
        [-0.1274,  0.1273],
        [-0.1530,  0.1508],
        [-0.2629,  0.2633]], device='cuda:0', requires_grad=True)
[023-050] Search: Model metrics  : loss=0.65, accuracy@1=77.16%, accuracy@5=98.61%, time-cost=3314.3 s
[023-050] Search: Architecture metrics  : loss=0.71, accuracy@1=75.12%, accuracy@5=98.48%
[023-050] Evaluation:  : loss=0.68, accuracy@1=75.90%, accuracy@5=98.60%
alpha 0 is Parameter containing:
tensor([[-0.2097,  0.2101],
        [-0.2153,  0.2153],
        [-0.2777,  0.2790],
        [-0.2160,  0.2184],
        [-0.1005,  0.1020],
        [-0.1606,  0.1603],
        [-0.1612,  0.1628],
        [-0.0993,  0.0969],
        [-0.2357,  0.2357],
        [-0.0360,  0.0353],
        [-0.1271,  0.1262],
        [-0.0735,  0.0722],
        [-0.1801,  0.1796],
        [-0.1076,  0.1059]], device='cuda:0', requires_grad=True)
alpha 1 is Parameter containing:
tensor([[-0.2546,  0.2554],
        [-0.2252,  0.2232],
        [-0.2214,  0.2205],
        [-0.2062,  0.2083],
        [-0.1245,  0.1244],
        [-0.2839,  0.2835],
        [-0.1870,  0.1871],
        [-0.1808,  0.1810],
        [-0.2303,  0.2312],
        [-0.1133,  0.1137],
        [-0.1643,  0.1634],
        [-0.1398,  0.1397],
        [-0.1622,  0.1600],
        [-0.2715,  0.2719]], device='cuda:0', requires_grad=True)
[024-050] Search: Model metrics  : loss=0.65, accuracy@1=76.98%, accuracy@5=98.66%, time-cost=3500.9 s
[024-050] Search: Architecture metrics  : loss=0.72, accuracy@1=74.72%, accuracy@5=98.32%
[024-050] Evaluation:  : loss=0.69, accuracy@1=75.81%, accuracy@5=98.58%
alpha 0 is Parameter containing:
tensor([[-0.2179,  0.2183],
        [-0.2176,  0.2176],
        [-0.2926,  0.2939],
        [-0.2205,  0.2228],
        [-0.1013,  0.1027],
        [-0.1598,  0.1594],
        [-0.1634,  0.1650],
        [-0.1018,  0.0994],
        [-0.2467,  0.2468],
        [-0.0368,  0.0361],
        [-0.1232,  0.1223],
        [-0.0763,  0.0750],
        [-0.1735,  0.1730],
        [-0.1142,  0.1125]], device='cuda:0', requires_grad=True)
alpha 1 is Parameter containing:
tensor([[-0.2625,  0.2632],
        [-0.2442,  0.2422],
        [-0.2287,  0.2278],
        [-0.2137,  0.2158],
        [-0.1314,  0.1313],
        [-0.2917,  0.2913],
        [-0.1997,  0.1998],
        [-0.1835,  0.1836],
        [-0.2479,  0.2488],
        [-0.1151,  0.1155],
        [-0.1673,  0.1664],
        [-0.1481,  0.1480],
        [-0.1749,  0.1727],
        [-0.2857,  0.2861]], device='cuda:0', requires_grad=True)
[025-050] Search: Model metrics  : loss=0.65, accuracy@1=77.38%, accuracy@5=98.67%, time-cost=3687.2 s
[025-050] Search: Architecture metrics  : loss=0.71, accuracy@1=74.96%, accuracy@5=98.47%
[025-050] Evaluation:  : loss=0.69, accuracy@1=75.88%, accuracy@5=98.61%
alpha 0 is Parameter containing:
tensor([[-0.2346,  0.2350],
        [-0.2189,  0.2189],
        [-0.3011,  0.3025],
        [-0.2302,  0.2326],
        [-0.1031,  0.1045],
        [-0.1636,  0.1632],
        [-0.1733,  0.1749],
        [-0.1084,  0.1061],
        [-0.2503,  0.2504],
        [-0.0348,  0.0341],
        [-0.1243,  0.1234],
        [-0.0724,  0.0712],
        [-0.1743,  0.1739],
        [-0.1176,  0.1160]], device='cuda:0', requires_grad=True)
alpha 1 is Parameter containing:
tensor([[-0.2711,  0.2718],
        [-0.2514,  0.2494],
        [-0.2351,  0.2341],
        [-0.2253,  0.2274],
        [-0.1354,  0.1353],
        [-0.3051,  0.3047],
        [-0.1975,  0.1976],
        [-0.1981,  0.1983],
        [-0.2485,  0.2493],
        [-0.1179,  0.1183],
        [-0.1708,  0.1699],
        [-0.1611,  0.1610],
        [-0.1804,  0.1783],
        [-0.2945,  0.2949]], device='cuda:0', requires_grad=True)
[026-050] Search: Model metrics  : loss=0.65, accuracy@1=77.14%, accuracy@5=98.67%, time-cost=3873.4 s
[026-050] Search: Architecture metrics  : loss=0.72, accuracy@1=74.78%, accuracy@5=98.30%
[026-050] Evaluation:  : loss=0.68, accuracy@1=76.14%, accuracy@5=98.47%
<<<--->>> The 026-050-th epoch : found the highest validation accuracy : 76.14%.
alpha 0 is Parameter containing:
tensor([[-0.2427,  0.2431],
        [-0.2239,  0.2239],
        [-0.3147,  0.3160],
        [-0.2418,  0.2441],
        [-0.1116,  0.1130],
        [-0.1618,  0.1614],
        [-0.1813,  0.1829],
        [-0.1042,  0.1019],
        [-0.2596,  0.2597],
        [-0.0279,  0.0273],
        [-0.1194,  0.1185],
        [-0.0840,  0.0828],
        [-0.1878,  0.1874],
        [-0.1070,  0.1054]], device='cuda:0', requires_grad=True)
alpha 1 is Parameter containing:
tensor([[-0.2778,  0.2786],
        [-0.2601,  0.2582],
        [-0.2469,  0.2459],
        [-0.2292,  0.2312],
        [-0.1290,  0.1289],
        [-0.3127,  0.3124],
        [-0.1984,  0.1985],
        [-0.2154,  0.2156],
        [-0.2468,  0.2476],
        [-0.1257,  0.1261],
        [-0.1811,  0.1802],
        [-0.1696,  0.1695],
        [-0.1884,  0.1863],
        [-0.3102,  0.3105]], device='cuda:0', requires_grad=True)
[027-050] Search: Model metrics  : loss=0.65, accuracy@1=77.27%, accuracy@5=98.69%, time-cost=4060.0 s
[027-050] Search: Architecture metrics  : loss=0.71, accuracy@1=75.31%, accuracy@5=98.31%
[027-050] Evaluation:  : loss=0.69, accuracy@1=75.95%, accuracy@5=98.62%
alpha 0 is Parameter containing:
tensor([[-0.2479,  0.2482],
        [-0.2231,  0.2231],
        [-0.3363,  0.3376],
        [-0.2530,  0.2553],
        [-0.1088,  0.1102],
        [-0.1588,  0.1584],
        [-0.1917,  0.1933],
        [-0.1089,  0.1066],
        [-0.2676,  0.2677],
        [-0.0239,  0.0232],
        [-0.1262,  0.1253],
        [-0.0874,  0.0862],
        [-0.2001,  0.1996],
        [-0.1151,  0.1135]], device='cuda:0', requires_grad=True)
alpha 1 is Parameter containing:
tensor([[-0.2741,  0.2749],
        [-0.2766,  0.2747],
        [-0.2516,  0.2506],
        [-0.2460,  0.2480],
        [-0.1331,  0.1329],
        [-0.3081,  0.3078],
        [-0.2156,  0.2157],
        [-0.2230,  0.2231],
        [-0.2380,  0.2388],
        [-0.1424,  0.1428],
        [-0.2019,  0.2011],
        [-0.1720,  0.1719],
        [-0.2009,  0.1988],
        [-0.3268,  0.3272]], device='cuda:0', requires_grad=True)
[028-050] Search: Model metrics  : loss=0.64, accuracy@1=77.30%, accuracy@5=98.76%, time-cost=4246.1 s
[028-050] Search: Architecture metrics  : loss=0.70, accuracy@1=75.14%, accuracy@5=98.59%
[028-050] Evaluation:  : loss=0.69, accuracy@1=75.86%, accuracy@5=98.54%
alpha 0 is Parameter containing:
tensor([[-0.2532,  0.2536],
        [-0.2280,  0.2280],
        [-0.3521,  0.3534],
        [-0.2645,  0.2668],
        [-0.1115,  0.1129],
        [-0.1561,  0.1557],
        [-0.2042,  0.2058],
        [-0.1155,  0.1132],
        [-0.2688,  0.2689],
        [-0.0316,  0.0310],
        [-0.1260,  0.1251],
        [-0.0875,  0.0863],
        [-0.1920,  0.1916],
        [-0.1170,  0.1155]], device='cuda:0', requires_grad=True)
alpha 1 is Parameter containing:
tensor([[-0.2835,  0.2842],
        [-0.2848,  0.2829],
        [-0.2483,  0.2474],
        [-0.2634,  0.2654],
        [-0.1438,  0.1436],
        [-0.3223,  0.3219],
        [-0.2196,  0.2197],
        [-0.2290,  0.2291],
        [-0.2541,  0.2550],
        [-0.1487,  0.1491],
        [-0.2040,  0.2031],
        [-0.1738,  0.1737],
        [-0.2067,  0.2046],
        [-0.3374,  0.3377]], device='cuda:0', requires_grad=True)
[029-050] Search: Model metrics  : loss=0.64, accuracy@1=77.44%, accuracy@5=98.68%, time-cost=4432.1 s
[029-050] Search: Architecture metrics  : loss=0.72, accuracy@1=74.59%, accuracy@5=98.51%
[029-050] Evaluation:  : loss=0.68, accuracy@1=76.25%, accuracy@5=98.55%
<<<--->>> The 029-050-th epoch : found the highest validation accuracy : 76.25%.
alpha 0 is Parameter containing:
tensor([[-0.2476,  0.2480],
        [-0.2338,  0.2338],
        [-0.3666,  0.3680],
        [-0.2754,  0.2777],
        [-0.1101,  0.1114],
        [-0.1557,  0.1553],
        [-0.2142,  0.2158],
        [-0.1211,  0.1188],
        [-0.2800,  0.2800],
        [-0.0222,  0.0215],
        [-0.1337,  0.1328],
        [-0.0856,  0.0844],
        [-0.2030,  0.2026],
        [-0.1215,  0.1200]], device='cuda:0', requires_grad=True)
alpha 1 is Parameter containing:
tensor([[-0.2855,  0.2862],
        [-0.2977,  0.2958],
        [-0.2618,  0.2609],
        [-0.2754,  0.2774],
        [-0.1427,  0.1426],
        [-0.3238,  0.3234],
        [-0.2170,  0.2170],
        [-0.2323,  0.2325],
        [-0.2676,  0.2684],
        [-0.1561,  0.1565],
        [-0.2172,  0.2164],
        [-0.1710,  0.1710],
        [-0.2188,  0.2168],
        [-0.3463,  0.3466]], device='cuda:0', requires_grad=True)
[030-050] Search: Model metrics  : loss=0.64, accuracy@1=77.51%, accuracy@5=98.72%, time-cost=4618.4 s
[030-050] Search: Architecture metrics  : loss=0.70, accuracy@1=75.62%, accuracy@5=98.46%
[030-050] Evaluation:  : loss=0.68, accuracy@1=75.97%, accuracy@5=98.56%
alpha 0 is Parameter containing:
tensor([[-0.2563,  0.2567],
        [-0.2366,  0.2366],
        [-0.3811,  0.3824],
        [-0.2794,  0.2817],
        [-0.1110,  0.1123],
        [-0.1621,  0.1617],
        [-0.2130,  0.2145],
        [-0.1184,  0.1162],
        [-0.2806,  0.2807],
        [-0.0357,  0.0350],
        [-0.1354,  0.1346],
        [-0.1000,  0.0988],
        [-0.2040,  0.2035],
        [-0.1167,  0.1151]], device='cuda:0', requires_grad=True)
alpha 1 is Parameter containing:
tensor([[-0.2943,  0.2950],
        [-0.3104,  0.3085],
        [-0.2740,  0.2730],
        [-0.2854,  0.2873],
        [-0.1314,  0.1313],
        [-0.3286,  0.3283],
        [-0.2226,  0.2227],
        [-0.2362,  0.2363],
        [-0.2772,  0.2780],
        [-0.1567,  0.1571],
        [-0.2226,  0.2218],
        [-0.1804,  0.1803],
        [-0.2237,  0.2218],
        [-0.3448,  0.3451]], device='cuda:0', requires_grad=True)
[031-050] Search: Model metrics  : loss=0.64, accuracy@1=77.94%, accuracy@5=98.74%, time-cost=4805.0 s
[031-050] Search: Architecture metrics  : loss=0.71, accuracy@1=75.32%, accuracy@5=98.37%
[031-050] Evaluation:  : loss=0.67, accuracy@1=76.38%, accuracy@5=98.64%
<<<--->>> The 031-050-th epoch : found the highest validation accuracy : 76.38%.
alpha 0 is Parameter containing:
tensor([[-0.2527,  0.2531],
        [-0.2432,  0.2432],
        [-0.3869,  0.3882],
        [-0.2892,  0.2915],
        [-0.1187,  0.1201],
        [-0.1713,  0.1710],
        [-0.2041,  0.2056],
        [-0.1256,  0.1234],
        [-0.2897,  0.2898],
        [-0.0368,  0.0362],
        [-0.1227,  0.1218],
        [-0.0992,  0.0981],
        [-0.2131,  0.2126],
        [-0.1274,  0.1259]], device='cuda:0', requires_grad=True)
alpha 1 is Parameter containing:
tensor([[-0.2963,  0.2970],
        [-0.3216,  0.3198],
        [-0.2863,  0.2854],
        [-0.2890,  0.2909],
        [-0.1349,  0.1348],
        [-0.3406,  0.3403],
        [-0.2284,  0.2285],
        [-0.2398,  0.2399],
        [-0.2802,  0.2810],
        [-0.1569,  0.1573],
        [-0.2288,  0.2280],
        [-0.1951,  0.1950],
        [-0.2274,  0.2254],
        [-0.3544,  0.3547]], device='cuda:0', requires_grad=True)
[032-050] Search: Model metrics  : loss=0.63, accuracy@1=77.74%, accuracy@5=98.78%, time-cost=4990.9 s
[032-050] Search: Architecture metrics  : loss=0.70, accuracy@1=75.52%, accuracy@5=98.53%
[032-050] Evaluation:  : loss=0.67, accuracy@1=76.58%, accuracy@5=98.60%
<<<--->>> The 032-050-th epoch : found the highest validation accuracy : 76.58%.
alpha 0 is Parameter containing:
tensor([[-0.2663,  0.2667],
        [-0.2459,  0.2459],
        [-0.3822,  0.3835],
        [-0.2952,  0.2974],
        [-0.1140,  0.1154],
        [-0.1639,  0.1636],
        [-0.2123,  0.2138],
        [-0.1272,  0.1250],
        [-0.2926,  0.2927],
        [-0.0418,  0.0412],
        [-0.1372,  0.1364],
        [-0.1092,  0.1080],
        [-0.2025,  0.2021],
        [-0.1210,  0.1195]], device='cuda:0', requires_grad=True)
alpha 1 is Parameter containing:
tensor([[-0.3061,  0.3068],
        [-0.3315,  0.3296],
        [-0.2942,  0.2933],
        [-0.2974,  0.2993],
        [-0.1425,  0.1424],
        [-0.3490,  0.3487],
        [-0.2244,  0.2244],
        [-0.2399,  0.2400],
        [-0.2882,  0.2890],
        [-0.1579,  0.1582],
        [-0.2319,  0.2311],
        [-0.1986,  0.1985],
        [-0.2308,  0.2289],
        [-0.3600,  0.3604]], device='cuda:0', requires_grad=True)
[033-050] Search: Model metrics  : loss=0.63, accuracy@1=77.70%, accuracy@5=98.85%, time-cost=5176.9 s
[033-050] Search: Architecture metrics  : loss=0.72, accuracy@1=74.85%, accuracy@5=98.32%
[033-050] Evaluation:  : loss=0.68, accuracy@1=76.01%, accuracy@5=98.53%
alpha 0 is Parameter containing:
tensor([[-0.2643,  0.2647],
        [-0.2460,  0.2460],
        [-0.3815,  0.3827],
        [-0.3040,  0.3062],
        [-0.1188,  0.1202],
        [-0.1722,  0.1718],
        [-0.2074,  0.2089],
        [-0.1336,  0.1314],
        [-0.2899,  0.2900],
        [-0.0400,  0.0394],
        [-0.1430,  0.1421],
        [-0.1223,  0.1212],
        [-0.2033,  0.2029],
        [-0.1304,  0.1290]], device='cuda:0', requires_grad=True)
alpha 1 is Parameter containing:
tensor([[-0.3153,  0.3160],
        [-0.3381,  0.3363],
        [-0.2970,  0.2961],
        [-0.3069,  0.3088],
        [-0.1446,  0.1445],
        [-0.3518,  0.3515],
        [-0.2179,  0.2180],
        [-0.2423,  0.2425],
        [-0.2917,  0.2924],
        [-0.1573,  0.1577],
        [-0.2446,  0.2438],
        [-0.2135,  0.2134],
        [-0.2269,  0.2251],
        [-0.3589,  0.3593]], device='cuda:0', requires_grad=True)
[034-050] Search: Model metrics  : loss=0.63, accuracy@1=77.93%, accuracy@5=98.78%, time-cost=5363.3 s
[034-050] Search: Architecture metrics  : loss=0.69, accuracy@1=75.96%, accuracy@5=98.61%
[034-050] Evaluation:  : loss=0.67, accuracy@1=76.75%, accuracy@5=98.61%
<<<--->>> The 034-050-th epoch : found the highest validation accuracy : 76.75%.
alpha 0 is Parameter containing:
tensor([[-0.2600,  0.2604],
        [-0.2418,  0.2419],
        [-0.3942,  0.3955],
        [-0.3109,  0.3131],
        [-0.1259,  0.1272],
        [-0.1904,  0.1901],
        [-0.2144,  0.2159],
        [-0.1381,  0.1359],
        [-0.2997,  0.2997],
        [-0.0585,  0.0578],
        [-0.1417,  0.1409],
        [-0.1207,  0.1196],
        [-0.1956,  0.1952],
        [-0.1291,  0.1276]], device='cuda:0', requires_grad=True)
alpha 1 is Parameter containing:
tensor([[-0.3144,  0.3151],
        [-0.3476,  0.3458],
        [-0.3078,  0.3069],
        [-0.3199,  0.3218],
        [-0.1528,  0.1527],
        [-0.3606,  0.3603],
        [-0.2133,  0.2133],
        [-0.2449,  0.2450],
        [-0.2944,  0.2952],
        [-0.1668,  0.1672],
        [-0.2484,  0.2476],
        [-0.2245,  0.2244],
        [-0.2370,  0.2352],
        [-0.3534,  0.3537]], device='cuda:0', requires_grad=True)
[035-050] Search: Model metrics  : loss=0.63, accuracy@1=77.77%, accuracy@5=98.76%, time-cost=5549.4 s
[035-050] Search: Architecture metrics  : loss=0.70, accuracy@1=75.42%, accuracy@5=98.47%
[035-050] Evaluation:  : loss=0.67, accuracy@1=76.58%, accuracy@5=98.60%
alpha 0 is Parameter containing:
tensor([[-0.2609,  0.2613],
        [-0.2392,  0.2393],
        [-0.4002,  0.4015],
        [-0.3150,  0.3172],
        [-0.1210,  0.1223],
        [-0.1926,  0.1923],
        [-0.2184,  0.2199],
        [-0.1392,  0.1371],
        [-0.3101,  0.3102],
        [-0.0529,  0.0523],
        [-0.1413,  0.1405],
        [-0.1210,  0.1199],
        [-0.1996,  0.1992],
        [-0.1239,  0.1224]], device='cuda:0', requires_grad=True)
alpha 1 is Parameter containing:
tensor([[-0.3125,  0.3132],
        [-0.3626,  0.3608],
        [-0.3116,  0.3107],
        [-0.3388,  0.3406],
        [-0.1544,  0.1543],
        [-0.3709,  0.3706],
        [-0.2212,  0.2213],
        [-0.2393,  0.2394],
        [-0.3007,  0.3015],
        [-0.1743,  0.1747],
        [-0.2485,  0.2477],
        [-0.2250,  0.2249],
        [-0.2518,  0.2500],
        [-0.3539,  0.3542]], device='cuda:0', requires_grad=True)
[036-050] Search: Model metrics  : loss=0.63, accuracy@1=77.87%, accuracy@5=98.82%, time-cost=5734.9 s
[036-050] Search: Architecture metrics  : loss=0.69, accuracy@1=75.64%, accuracy@5=98.50%
[036-050] Evaluation:  : loss=0.67, accuracy@1=76.62%, accuracy@5=98.68%
alpha 0 is Parameter containing:
tensor([[-0.2681,  0.2685],
        [-0.2543,  0.2543],
        [-0.4159,  0.4172],
        [-0.3147,  0.3169],
        [-0.1328,  0.1341],
        [-0.1964,  0.1960],
        [-0.2173,  0.2188],
        [-0.1430,  0.1409],
        [-0.3140,  0.3141],
        [-0.0471,  0.0465],
        [-0.1338,  0.1330],
        [-0.1268,  0.1257],
        [-0.1957,  0.1952],
        [-0.1227,  0.1213]], device='cuda:0', requires_grad=True)
alpha 1 is Parameter containing:
tensor([[-0.3283,  0.3290],
        [-0.3714,  0.3696],
        [-0.3187,  0.3179],
        [-0.3479,  0.3497],
        [-0.1552,  0.1551],
        [-0.3757,  0.3754],
        [-0.2170,  0.2171],
        [-0.2447,  0.2449],
        [-0.3071,  0.3078],
        [-0.1803,  0.1807],
        [-0.2511,  0.2504],
        [-0.2281,  0.2281],
        [-0.2551,  0.2534],
        [-0.3641,  0.3644]], device='cuda:0', requires_grad=True)
[037-050] Search: Model metrics  : loss=0.63, accuracy@1=77.79%, accuracy@5=98.76%, time-cost=5921.2 s
[037-050] Search: Architecture metrics  : loss=0.68, accuracy@1=76.43%, accuracy@5=98.53%
[037-050] Evaluation:  : loss=0.66, accuracy@1=76.69%, accuracy@5=98.69%
alpha 0 is Parameter containing:
tensor([[-0.2755,  0.2758],
        [-0.2549,  0.2550],
        [-0.4272,  0.4285],
        [-0.3095,  0.3116],
        [-0.1371,  0.1384],
        [-0.1959,  0.1955],
        [-0.2225,  0.2240],
        [-0.1423,  0.1402],
        [-0.3163,  0.3164],
        [-0.0499,  0.0492],
        [-0.1431,  0.1422],
        [-0.1349,  0.1338],
        [-0.1903,  0.1899],
        [-0.1233,  0.1219]], device='cuda:0', requires_grad=True)
alpha 1 is Parameter containing:
tensor([[-0.3377,  0.3383],
        [-0.3782,  0.3765],
        [-0.3229,  0.3221],
        [-0.3556,  0.3574],
        [-0.1608,  0.1607],
        [-0.3811,  0.3808],
        [-0.2210,  0.2211],
        [-0.2563,  0.2564],
        [-0.3190,  0.3197],
        [-0.1784,  0.1788],
        [-0.2552,  0.2545],
        [-0.2314,  0.2314],
        [-0.2603,  0.2586],
        [-0.3707,  0.3710]], device='cuda:0', requires_grad=True)
[038-050] Search: Model metrics  : loss=0.63, accuracy@1=77.96%, accuracy@5=98.78%, time-cost=6106.9 s
[038-050] Search: Architecture metrics  : loss=0.69, accuracy@1=75.67%, accuracy@5=98.56%
[038-050] Evaluation:  : loss=0.67, accuracy@1=76.78%, accuracy@5=98.57%
<<<--->>> The 038-050-th epoch : found the highest validation accuracy : 76.78%.
alpha 0 is Parameter containing:
tensor([[-0.2761,  0.2764],
        [-0.2673,  0.2673],
        [-0.4263,  0.4276],
        [-0.3181,  0.3203],
        [-0.1360,  0.1373],
        [-0.1980,  0.1976],
        [-0.2325,  0.2339],
        [-0.1451,  0.1430],
        [-0.3204,  0.3205],
        [-0.0529,  0.0523],
        [-0.1576,  0.1567],
        [-0.1411,  0.1401],
        [-0.1823,  0.1819],
        [-0.1195,  0.1181]], device='cuda:0', requires_grad=True)
alpha 1 is Parameter containing:
tensor([[-0.3433,  0.3440],
        [-0.3850,  0.3832],
        [-0.3177,  0.3168],
        [-0.3745,  0.3762],
        [-0.1679,  0.1678],
        [-0.3865,  0.3862],
        [-0.2340,  0.2341],
        [-0.2599,  0.2600],
        [-0.3224,  0.3231],
        [-0.1832,  0.1835],
        [-0.2559,  0.2552],
        [-0.2250,  0.2249],
        [-0.2631,  0.2614],
        [-0.3786,  0.3789]], device='cuda:0', requires_grad=True)
[039-050] Search: Model metrics  : loss=0.62, accuracy@1=77.94%, accuracy@5=98.82%, time-cost=6293.0 s
[039-050] Search: Architecture metrics  : loss=0.70, accuracy@1=75.72%, accuracy@5=98.41%
[039-050] Evaluation:  : loss=0.66, accuracy@1=76.80%, accuracy@5=98.70%
<<<--->>> The 039-050-th epoch : found the highest validation accuracy : 76.80%.
alpha 0 is Parameter containing:
tensor([[-0.2809,  0.2812],
        [-0.2628,  0.2629],
        [-0.4399,  0.4411],
        [-0.3145,  0.3167],
        [-0.1379,  0.1392],
        [-0.1971,  0.1968],
        [-0.2273,  0.2288],
        [-0.1406,  0.1385],
        [-0.3263,  0.3263],
        [-0.0480,  0.0474],
        [-0.1578,  0.1570],
        [-0.1486,  0.1475],
        [-0.1838,  0.1834],
        [-0.1173,  0.1159]], device='cuda:0', requires_grad=True)
alpha 1 is Parameter containing:
tensor([[-0.3384,  0.3391],
        [-0.3951,  0.3934],
        [-0.3239,  0.3230],
        [-0.3821,  0.3838],
        [-0.1688,  0.1687],
        [-0.3869,  0.3866],
        [-0.2398,  0.2398],
        [-0.2619,  0.2620],
        [-0.3337,  0.3344],
        [-0.1927,  0.1931],
        [-0.2569,  0.2561],
        [-0.2240,  0.2240],
        [-0.2662,  0.2645],
        [-0.3865,  0.3868]], device='cuda:0', requires_grad=True)
[040-050] Search: Model metrics  : loss=0.62, accuracy@1=78.16%, accuracy@5=98.78%, time-cost=6479.5 s
[040-050] Search: Architecture metrics  : loss=0.70, accuracy@1=75.65%, accuracy@5=98.49%
[040-050] Evaluation:  : loss=0.67, accuracy@1=76.40%, accuracy@5=98.62%
alpha 0 is Parameter containing:
tensor([[-0.2819,  0.2823],
        [-0.2700,  0.2701],
        [-0.4381,  0.4393],
        [-0.3100,  0.3121],
        [-0.1357,  0.1370],
        [-0.1937,  0.1934],
        [-0.2362,  0.2376],
        [-0.1438,  0.1417],
        [-0.3315,  0.3316],
        [-0.0515,  0.0509],
        [-0.1572,  0.1564],
        [-0.1427,  0.1417],
        [-0.1756,  0.1753],
        [-0.1243,  0.1230]], device='cuda:0', requires_grad=True)
alpha 1 is Parameter containing:
tensor([[-0.3476,  0.3483],
        [-0.3909,  0.3892],
        [-0.3311,  0.3303],
        [-0.3877,  0.3894],
        [-0.1701,  0.1700],
        [-0.3929,  0.3927],
        [-0.2500,  0.2500],
        [-0.2616,  0.2617],
        [-0.3355,  0.3361],
        [-0.1947,  0.1950],
        [-0.2661,  0.2654],
        [-0.2279,  0.2279],
        [-0.2665,  0.2648],
        [-0.3896,  0.3899]], device='cuda:0', requires_grad=True)
[041-050] Search: Model metrics  : loss=0.62, accuracy@1=78.35%, accuracy@5=98.91%, time-cost=6665.2 s
[041-050] Search: Architecture metrics  : loss=0.68, accuracy@1=76.28%, accuracy@5=98.59%
[041-050] Evaluation:  : loss=0.66, accuracy@1=76.92%, accuracy@5=98.67%
<<<--->>> The 041-050-th epoch : found the highest validation accuracy : 76.92%.
alpha 0 is Parameter containing:
tensor([[-0.2851,  0.2855],
        [-0.2728,  0.2728],
        [-0.4464,  0.4477],
        [-0.3190,  0.3211],
        [-0.1421,  0.1434],
        [-0.1911,  0.1907],
        [-0.2305,  0.2319],
        [-0.1516,  0.1496],
        [-0.3374,  0.3375],
        [-0.0548,  0.0542],
        [-0.1657,  0.1649],
        [-0.1437,  0.1427],
        [-0.1893,  0.1889],
        [-0.1270,  0.1257]], device='cuda:0', requires_grad=True)
alpha 1 is Parameter containing:
tensor([[-0.3535,  0.3541],
        [-0.4021,  0.4004],
        [-0.3312,  0.3304],
        [-0.3958,  0.3975],
        [-0.1719,  0.1718],
        [-0.3994,  0.3991],
        [-0.2595,  0.2595],
        [-0.2661,  0.2662],
        [-0.3419,  0.3426],
        [-0.1934,  0.1938],
        [-0.2655,  0.2648],
        [-0.2282,  0.2281],
        [-0.2555,  0.2539],
        [-0.3936,  0.3938]], device='cuda:0', requires_grad=True)
[042-050] Search: Model metrics  : loss=0.62, accuracy@1=78.19%, accuracy@5=98.80%, time-cost=6851.4 s
[042-050] Search: Architecture metrics  : loss=0.69, accuracy@1=75.69%, accuracy@5=98.53%
[042-050] Evaluation:  : loss=0.66, accuracy@1=76.83%, accuracy@5=98.70%
alpha 0 is Parameter containing:
tensor([[-0.2988,  0.2991],
        [-0.2675,  0.2675],
        [-0.4466,  0.4478],
        [-0.3158,  0.3180],
        [-0.1365,  0.1377],
        [-0.1911,  0.1907],
        [-0.2315,  0.2329],
        [-0.1547,  0.1526],
        [-0.3391,  0.3392],
        [-0.0543,  0.0536],
        [-0.1692,  0.1684],
        [-0.1510,  0.1500],
        [-0.1967,  0.1963],
        [-0.1354,  0.1340]], device='cuda:0', requires_grad=True)
alpha 1 is Parameter containing:
tensor([[-0.3519,  0.3526],
        [-0.4042,  0.4026],
        [-0.3351,  0.3343],
        [-0.3997,  0.4013],
        [-0.1769,  0.1768],
        [-0.4045,  0.4042],
        [-0.2630,  0.2631],
        [-0.2663,  0.2664],
        [-0.3465,  0.3472],
        [-0.1921,  0.1925],
        [-0.2699,  0.2692],
        [-0.2269,  0.2268],
        [-0.2518,  0.2502],
        [-0.3985,  0.3988]], device='cuda:0', requires_grad=True)
[043-050] Search: Model metrics  : loss=0.62, accuracy@1=78.33%, accuracy@5=98.76%, time-cost=7036.9 s
[043-050] Search: Architecture metrics  : loss=0.69, accuracy@1=75.85%, accuracy@5=98.56%
[043-050] Evaluation:  : loss=0.66, accuracy@1=76.79%, accuracy@5=98.70%
alpha 0 is Parameter containing:
tensor([[-0.2988,  0.2991],
        [-0.2705,  0.2705],
        [-0.4488,  0.4500],
        [-0.3219,  0.3240],
        [-0.1399,  0.1412],
        [-0.1830,  0.1826],
        [-0.2387,  0.2401],
        [-0.1590,  0.1570],
        [-0.3468,  0.3469],
        [-0.0579,  0.0573],
        [-0.1701,  0.1693],
        [-0.1463,  0.1453],
        [-0.1990,  0.1987],
        [-0.1309,  0.1296]], device='cuda:0', requires_grad=True)
alpha 1 is Parameter containing:
tensor([[-0.3558,  0.3565],
        [-0.4059,  0.4043],
        [-0.3422,  0.3414],
        [-0.4124,  0.4141],
        [-0.1740,  0.1739],
        [-0.4111,  0.4108],
        [-0.2711,  0.2712],
        [-0.2601,  0.2603],
        [-0.3505,  0.3512],
        [-0.1911,  0.1915],
        [-0.2691,  0.2684],
        [-0.2356,  0.2356],
        [-0.2535,  0.2520],
        [-0.4005,  0.4008]], device='cuda:0', requires_grad=True)
[044-050] Search: Model metrics  : loss=0.62, accuracy@1=78.45%, accuracy@5=98.84%, time-cost=7223.1 s
[044-050] Search: Architecture metrics  : loss=0.69, accuracy@1=75.88%, accuracy@5=98.47%
[044-050] Evaluation:  : loss=0.66, accuracy@1=76.77%, accuracy@5=98.69%
alpha 0 is Parameter containing:
tensor([[-0.3045,  0.3049],
        [-0.2721,  0.2721],
        [-0.4493,  0.4505],
        [-0.3279,  0.3300],
        [-0.1459,  0.1471],
        [-0.1956,  0.1952],
        [-0.2363,  0.2377],
        [-0.1585,  0.1565],
        [-0.3484,  0.3485],
        [-0.0538,  0.0531],
        [-0.1711,  0.1703],
        [-0.1447,  0.1437],
        [-0.2057,  0.2054],
        [-0.1356,  0.1343]], device='cuda:0', requires_grad=True)
alpha 1 is Parameter containing:
tensor([[-0.3629,  0.3636],
        [-0.4134,  0.4118],
        [-0.3521,  0.3513],
        [-0.4164,  0.4181],
        [-0.1731,  0.1730],
        [-0.4165,  0.4163],
        [-0.2833,  0.2834],
        [-0.2607,  0.2608],
        [-0.3516,  0.3523],
        [-0.1955,  0.1958],
        [-0.2670,  0.2663],
        [-0.2299,  0.2298],
        [-0.2497,  0.2482],
        [-0.3882,  0.3885]], device='cuda:0', requires_grad=True)
[045-050] Search: Model metrics  : loss=0.61, accuracy@1=78.40%, accuracy@5=98.74%, time-cost=7409.3 s
[045-050] Search: Architecture metrics  : loss=0.69, accuracy@1=75.83%, accuracy@5=98.54%
[045-050] Evaluation:  : loss=0.65, accuracy@1=77.10%, accuracy@5=98.65%
<<<--->>> The 045-050-th epoch : found the highest validation accuracy : 77.10%.
alpha 0 is Parameter containing:
tensor([[-0.3066,  0.3069],
        [-0.2754,  0.2754],
        [-0.4448,  0.4460],
        [-0.3334,  0.3354],
        [-0.1431,  0.1444],
        [-0.2011,  0.2007],
        [-0.2353,  0.2366],
        [-0.1516,  0.1496],
        [-0.3467,  0.3467],
        [-0.0500,  0.0494],
        [-0.1746,  0.1738],
        [-0.1498,  0.1488],
        [-0.2091,  0.2087],
        [-0.1334,  0.1321]], device='cuda:0', requires_grad=True)
alpha 1 is Parameter containing:
tensor([[-0.3620,  0.3626],
        [-0.4280,  0.4264],
        [-0.3524,  0.3516],
        [-0.4277,  0.4293],
        [-0.1801,  0.1800],
        [-0.4176,  0.4174],
        [-0.2981,  0.2981],
        [-0.2685,  0.2687],
        [-0.3581,  0.3588],
        [-0.1865,  0.1868],
        [-0.2785,  0.2778],
        [-0.2256,  0.2256],
        [-0.2443,  0.2428],
        [-0.3989,  0.3991]], device='cuda:0', requires_grad=True)
[046-050] Search: Model metrics  : loss=0.61, accuracy@1=78.32%, accuracy@5=98.93%, time-cost=7594.7 s
[046-050] Search: Architecture metrics  : loss=0.68, accuracy@1=76.38%, accuracy@5=98.50%
[046-050] Evaluation:  : loss=0.66, accuracy@1=76.96%, accuracy@5=98.68%
alpha 0 is Parameter containing:
tensor([[-0.3196,  0.3199],
        [-0.2738,  0.2738],
        [-0.4506,  0.4518],
        [-0.3288,  0.3309],
        [-0.1409,  0.1421],
        [-0.2073,  0.2070],
        [-0.2344,  0.2358],
        [-0.1501,  0.1481],
        [-0.3505,  0.3505],
        [-0.0621,  0.0615],
        [-0.1881,  0.1873],
        [-0.1543,  0.1533],
        [-0.2161,  0.2158],
        [-0.1252,  0.1240]], device='cuda:0', requires_grad=True)
alpha 1 is Parameter containing:
tensor([[-0.3758,  0.3764],
        [-0.4365,  0.4349],
        [-0.3540,  0.3532],
        [-0.4281,  0.4296],
        [-0.1894,  0.1893],
        [-0.4214,  0.4212],
        [-0.2979,  0.2979],
        [-0.2660,  0.2661],
        [-0.3554,  0.3560],
        [-0.1953,  0.1956],
        [-0.2852,  0.2845],
        [-0.2252,  0.2251],
        [-0.2360,  0.2345],
        [-0.4062,  0.4065]], device='cuda:0', requires_grad=True)
[047-050] Search: Model metrics  : loss=0.61, accuracy@1=78.51%, accuracy@5=98.90%, time-cost=7780.1 s
[047-050] Search: Architecture metrics  : loss=0.68, accuracy@1=76.35%, accuracy@5=98.49%
[047-050] Evaluation:  : loss=0.65, accuracy@1=77.07%, accuracy@5=98.64%
alpha 0 is Parameter containing:
tensor([[-0.3219,  0.3223],
        [-0.2755,  0.2756],
        [-0.4662,  0.4674],
        [-0.3419,  0.3439],
        [-0.1411,  0.1423],
        [-0.2185,  0.2181],
        [-0.2365,  0.2378],
        [-0.1538,  0.1518],
        [-0.3595,  0.3595],
        [-0.0583,  0.0577],
        [-0.1926,  0.1918],
        [-0.1520,  0.1510],
        [-0.2217,  0.2214],
        [-0.1327,  0.1315]], device='cuda:0', requires_grad=True)
alpha 1 is Parameter containing:
tensor([[-0.3888,  0.3894],
        [-0.4287,  0.4272],
        [-0.3527,  0.3520],
        [-0.4360,  0.4376],
        [-0.1934,  0.1933],
        [-0.4199,  0.4196],
        [-0.3038,  0.3039],
        [-0.2692,  0.2693],
        [-0.3596,  0.3602],
        [-0.1932,  0.1936],
        [-0.2849,  0.2842],
        [-0.2224,  0.2223],
        [-0.2391,  0.2377],
        [-0.4019,  0.4022]], device='cuda:0', requires_grad=True)
[048-050] Search: Model metrics  : loss=0.61, accuracy@1=78.38%, accuracy@5=98.88%, time-cost=7966.7 s
[048-050] Search: Architecture metrics  : loss=0.68, accuracy@1=76.54%, accuracy@5=98.67%
[048-050] Evaluation:  : loss=0.65, accuracy@1=77.56%, accuracy@5=98.74%
<<<--->>> The 048-050-th epoch : found the highest validation accuracy : 77.56%.
alpha 0 is Parameter containing:
tensor([[-0.3186,  0.3190],
        [-0.2866,  0.2867],
        [-0.4704,  0.4716],
        [-0.3431,  0.3452],
        [-0.1546,  0.1558],
        [-0.2220,  0.2216],
        [-0.2289,  0.2303],
        [-0.1580,  0.1561],
        [-0.3637,  0.3637],
        [-0.0609,  0.0603],
        [-0.1963,  0.1955],
        [-0.1605,  0.1596],
        [-0.2268,  0.2264],
        [-0.1386,  0.1373]], device='cuda:0', requires_grad=True)
alpha 1 is Parameter containing:
tensor([[-0.3841,  0.3847],
        [-0.4324,  0.4309],
        [-0.3578,  0.3571],
        [-0.4381,  0.4397],
        [-0.1884,  0.1883],
        [-0.4212,  0.4209],
        [-0.3012,  0.3013],
        [-0.2675,  0.2676],
        [-0.3659,  0.3665],
        [-0.1977,  0.1980],
        [-0.2792,  0.2786],
        [-0.2246,  0.2246],
        [-0.2469,  0.2455],
        [-0.4024,  0.4026]], device='cuda:0', requires_grad=True)
[049-050] Search: Model metrics  : loss=0.61, accuracy@1=78.67%, accuracy@5=98.88%, time-cost=8152.1 s
[049-050] Search: Architecture metrics  : loss=0.68, accuracy@1=76.00%, accuracy@5=98.56%
[049-050] Evaluation:  : loss=0.65, accuracy@1=76.83%, accuracy@5=98.73%
alpha 0 is Parameter containing:
tensor([[-0.3175,  0.3179],
        [-0.2872,  0.2872],
        [-0.4820,  0.4831],
        [-0.3457,  0.3477],
        [-0.1475,  0.1487],
        [-0.2188,  0.2185],
        [-0.2349,  0.2362],
        [-0.1520,  0.1501],
        [-0.3659,  0.3660],
        [-0.0646,  0.0640],
        [-0.1963,  0.1955],
        [-0.1621,  0.1612],
        [-0.2161,  0.2158],
        [-0.1456,  0.1444]], device='cuda:0', requires_grad=True)
alpha 1 is Parameter containing:
tensor([[-0.3946,  0.3952],
        [-0.4258,  0.4243],
        [-0.3654,  0.3646],
        [-0.4452,  0.4467],
        [-0.1909,  0.1908],
        [-0.4208,  0.4205],
        [-0.2964,  0.2965],
        [-0.2694,  0.2695],
        [-0.3653,  0.3658],
        [-0.2003,  0.2006],
        [-0.2861,  0.2855],
        [-0.2248,  0.2247],
        [-0.2431,  0.2417],
        [-0.4031,  0.4033]], device='cuda:0', requires_grad=True)
[050-050] Search: Model metrics  : loss=0.61, accuracy@1=78.62%, accuracy@5=98.85%, time-cost=8337.2 s
[050-050] Search: Architecture metrics  : loss=0.68, accuracy@1=76.15%, accuracy@5=98.54%
[050-050] Evaluation:  : loss=0.65, accuracy@1=76.96%, accuracy@5=98.78%
alpha 0 is Parameter containing:
tensor([[-0.3200,  0.3203],
        [-0.2942,  0.2942],
        [-0.4887,  0.4899],
        [-0.3510,  0.3530],
        [-0.1622,  0.1634],
        [-0.2244,  0.2240],
        [-0.2321,  0.2334],
        [-0.1558,  0.1539],
        [-0.3710,  0.3711],
        [-0.0632,  0.0627],
        [-0.2003,  0.1995],
        [-0.1644,  0.1635],
        [-0.2211,  0.2207],
        [-0.1555,  0.1542]], device='cuda:0', requires_grad=True)
alpha 1 is Parameter containing:
tensor([[-0.3930,  0.3936],
        [-0.4284,  0.4269],
        [-0.3702,  0.3695],
        [-0.4432,  0.4447],
        [-0.1863,  0.1862],
        [-0.4252,  0.4250],
        [-0.3019,  0.3020],
        [-0.2638,  0.2639],
        [-0.3664,  0.3669],
        [-0.2069,  0.2072],
        [-0.2888,  0.2881],
        [-0.2232,  0.2231],
        [-0.2430,  0.2416],
        [-0.4116,  0.4118]], device='cuda:0', requires_grad=True)