Training the supernet with the following configuration: 
{
  "sampler": {
    "sample_frequency": "step"
  },
  "perturbator": null,
  "partial_connector": null,
  "dropout": {
    "p": 0.0,
    "p_min": 0.0,
    "anneal_frequency": "epoch",
    "anneal_type": "linear",
    "max_iter": 50
  },
  "trainer": {
    "lr": 0.025,
    "arch_lr": 0.0003,
    "epochs": 50,
    "lora_warm_epochs": 10,
    "optim": "sgd",
    "arch_optim": "adam",
    "optim_config": {
      "momentum": 0.9,
      "nesterov": 0,
      "weight_decay": 0.0003
    },
    "arch_optim_config": {
      "betas": [
        0.5,
        0.999
      ],
      "weight_decay": 0.001
    },
    "scheduler": "cosine_annealing_lr",
    "criterion": "cross_entropy",
    "batch_size": 64,
    "learning_rate_min": 0.001,
    "cutout": -1,
    "cutout_length": 16,
    "train_portion": 0.5,
    "use_data_parallel": false,
    "checkpointing_freq": 1,
    "seed": 100
  },
  "lora": {
    "r": 1,
    "lora_dropout": 0,
    "lora_alpha": 1,
    "merge_weights": true
  },
  "lora_extra": {
    "toggle_epochs": null,
    "warm_epochs": 10,
    "toggle_probability": null
  },
  "sampler_type": "darts",
  "searchspace_str": "robust_darts",
  "weight_type": "weight_sharing",
  "oles": {
    "oles": false,
    "calc_gm_score": false
  },
  "search_space": {
    "num_classes": 10,
    "space": "s3"
  },
  "project_name": "LoRA-robust-darts",
  "experiment_type": "lora",
  "seed": 3
}
[001-050] Search: Model metrics  : loss=1.67, accuracy@1=37.69%, accuracy@5=87.78%, time-cost=93.7 s
[001-050] Evaluation:  : loss=1.41, accuracy@1=48.92%, accuracy@5=92.92%
[001-050] Layer Alignment score:  normal: 0.0000, reduce: 0.0000
<<<--->>> The 001-050-th epoch : found the highest validation accuracy : 48.92%.
[002-050] Search: Model metrics  : loss=1.24, accuracy@1=55.12%, accuracy@5=94.44%, time-cost=185.3 s
[002-050] Evaluation:  : loss=1.16, accuracy@1=57.98%, accuracy@5=95.70%
[002-050] Layer Alignment score:  normal: 0.0000, reduce: 0.0000
<<<--->>> The 002-050-th epoch : found the highest validation accuracy : 57.98%.
[003-050] Search: Model metrics  : loss=1.02, accuracy@1=63.58%, accuracy@5=96.62%, time-cost=276.7 s
[003-050] Evaluation:  : loss=1.18, accuracy@1=59.90%, accuracy@5=93.95%
[003-050] Layer Alignment score:  normal: 0.0000, reduce: 0.0000
<<<--->>> The 003-050-th epoch : found the highest validation accuracy : 59.90%.
[004-050] Search: Model metrics  : loss=0.88, accuracy@1=68.63%, accuracy@5=97.46%, time-cost=367.7 s
[004-050] Evaluation:  : loss=0.89, accuracy@1=68.42%, accuracy@5=97.45%
[004-050] Layer Alignment score:  normal: 0.0000, reduce: 0.0000
<<<--->>> The 004-050-th epoch : found the highest validation accuracy : 68.42%.
[005-050] Search: Model metrics  : loss=0.79, accuracy@1=72.38%, accuracy@5=97.98%, time-cost=459.4 s
[005-050] Evaluation:  : loss=0.81, accuracy@1=71.30%, accuracy@5=97.98%
[005-050] Layer Alignment score:  normal: 0.0000, reduce: 0.0000
<<<--->>> The 005-050-th epoch : found the highest validation accuracy : 71.30%.
[006-050] Search: Model metrics  : loss=0.71, accuracy@1=74.78%, accuracy@5=98.58%, time-cost=555.0 s
[006-050] Evaluation:  : loss=0.93, accuracy@1=69.39%, accuracy@5=97.36%
[006-050] Layer Alignment score:  normal: 0.0000, reduce: 0.0000
[007-050] Search: Model metrics  : loss=0.65, accuracy@1=77.27%, accuracy@5=98.75%, time-cost=650.8 s
[007-050] Evaluation:  : loss=0.74, accuracy@1=74.04%, accuracy@5=98.39%
[007-050] Layer Alignment score:  normal: 0.0000, reduce: 0.0000
<<<--->>> The 007-050-th epoch : found the highest validation accuracy : 74.04%.
[008-050] Search: Model metrics  : loss=0.60, accuracy@1=78.89%, accuracy@5=98.96%, time-cost=745.6 s
[008-050] Evaluation:  : loss=0.68, accuracy@1=76.19%, accuracy@5=98.62%
[008-050] Layer Alignment score:  normal: 0.0000, reduce: 0.0000
<<<--->>> The 008-050-th epoch : found the highest validation accuracy : 76.19%.
[009-050] Search: Model metrics  : loss=0.56, accuracy@1=80.46%, accuracy@5=99.05%, time-cost=839.5 s
[009-050] Evaluation:  : loss=0.66, accuracy@1=77.35%, accuracy@5=98.67%
[009-050] Layer Alignment score:  normal: 0.0000, reduce: 0.0000
<<<--->>> The 009-050-th epoch : found the highest validation accuracy : 77.35%.
[010-050] Search: Model metrics  : loss=0.52, accuracy@1=81.76%, accuracy@5=99.20%, time-cost=931.8 s
[010-050] Evaluation:  : loss=0.66, accuracy@1=77.47%, accuracy@5=98.53%
[010-050] Layer Alignment score:  normal: 0.0000, reduce: 0.0000
<<<--->>> The 010-050-th epoch : found the highest validation accuracy : 77.47%.
The searchspace has been warm started with 10 epochs
LoRA layers have been initialized for all operations with Conv2DLoRA module
[011-050] Search: Model metrics  : loss=0.45, accuracy@1=84.69%, accuracy@5=99.43%, time-cost=1135.3 s
[011-050] Search: Architecture metrics  : loss=0.56, accuracy@1=80.49%, accuracy@5=98.94%
[011-050] Evaluation:  : loss=0.52, accuracy@1=81.88%, accuracy@5=99.07%
[011-050] Layer Alignment score:  normal: 0.0000, reduce: 0.0000
<<<--->>> The 011-050-th epoch : found the highest validation accuracy : 81.88%.
alpha 0 is Parameter containing:
tensor([[ 6.8892e-03, -1.0023e-02,  6.4722e-03],
        [-1.4068e-03, -5.4740e-03,  4.8887e-03],
        [ 1.4162e-02,  9.9633e-03, -1.7716e-02],
        [ 3.0050e-03, -7.6312e-03,  4.6356e-03],
        [ 1.5106e-02,  4.7161e-03, -8.9625e-03],
        [ 1.1012e-02,  7.4149e-03, -1.1768e-02],
        [ 9.2837e-03, -2.7937e-03, -2.0383e-03],
        [ 2.0915e-02,  8.7764e-03, -1.2772e-02],
        [ 2.0385e-02,  5.7780e-03, -1.3043e-02],
        [-1.2425e-05, -1.5590e-02,  1.2112e-02],
        [ 2.4935e-02, -3.4645e-03, -1.2545e-02],
        [ 1.4003e-02, -9.3691e-03, -7.9944e-04],
        [ 3.0234e-02, -8.3495e-03, -9.2128e-03],
        [ 3.7327e-02, -1.4739e-02, -9.5302e-03]], device='cuda:0',
       requires_grad=True)
alpha 1 is Parameter containing:
tensor([[ 0.0133, -0.0056, -0.0014],
        [-0.0007, -0.0144,  0.0126],
        [ 0.0074, -0.0042,  0.0015],
        [ 0.0119, -0.0204,  0.0090],
        [ 0.0073, -0.0152,  0.0062],
        [-0.0129,  0.0011,  0.0061],
        [-0.0147,  0.0131,  0.0012],
        [-0.0015, -0.0079,  0.0063],
        [ 0.0233, -0.0032, -0.0080],
        [-0.0008, -0.0223,  0.0209],
        [-0.0158,  0.0003,  0.0050],
        [ 0.0034, -0.0111,  0.0072],
        [ 0.0037, -0.0188,  0.0120],
        [ 0.0030, -0.0065,  0.0043]], device='cuda:0', requires_grad=True)
[012-050] Search: Model metrics  : loss=0.42, accuracy@1=85.33%, accuracy@5=99.50%, time-cost=1341.5 s
[012-050] Search: Architecture metrics  : loss=0.53, accuracy@1=81.87%, accuracy@5=99.07%
[012-050] Evaluation:  : loss=0.51, accuracy@1=82.64%, accuracy@5=99.10%
[012-050] Layer Alignment score:  normal: 0.0000, reduce: 0.0000
<<<--->>> The 012-050-th epoch : found the highest validation accuracy : 82.64%.
alpha 0 is Parameter containing:
tensor([[ 0.0127, -0.0149,  0.0079],
        [ 0.0230, -0.0180,  0.0059],
        [ 0.0291,  0.0080, -0.0252],
        [ 0.0100, -0.0182,  0.0111],
        [ 0.0343,  0.0044, -0.0179],
        [ 0.0252, -0.0047, -0.0089],
        [ 0.0382, -0.0045, -0.0159],
        [ 0.0377,  0.0006, -0.0154],
        [ 0.0344, -0.0010, -0.0152],
        [ 0.0107, -0.0415,  0.0296],
        [ 0.0478, -0.0007, -0.0285],
        [ 0.0270, -0.0282,  0.0053],
        [ 0.0658, -0.0179, -0.0211],
        [ 0.0769, -0.0283, -0.0216]], device='cuda:0', requires_grad=True)
alpha 1 is Parameter containing:
tensor([[ 0.0270, -0.0095, -0.0062],
        [-0.0008, -0.0233,  0.0205],
        [ 0.0167, -0.0091,  0.0003],
        [ 0.0140, -0.0297,  0.0161],
        [ 0.0043, -0.0312,  0.0196],
        [-0.0130, -0.0017,  0.0088],
        [-0.0196,  0.0141,  0.0033],
        [-0.0067, -0.0211,  0.0196],
        [ 0.0372, -0.0107, -0.0098],
        [-0.0058, -0.0377,  0.0382],
        [-0.0306, -0.0053,  0.0186],
        [ 0.0085, -0.0135,  0.0065],
        [ 0.0134, -0.0203,  0.0081],
        [ 0.0038, -0.0129,  0.0091]], device='cuda:0', requires_grad=True)
[013-050] Search: Model metrics  : loss=0.40, accuracy@1=86.09%, accuracy@5=99.48%, time-cost=1548.2 s
[013-050] Search: Architecture metrics  : loss=0.53, accuracy@1=81.92%, accuracy@5=99.06%
[013-050] Evaluation:  : loss=0.51, accuracy@1=82.52%, accuracy@5=99.20%
[013-050] Layer Alignment score:  normal: 0.0000, reduce: 0.0000
alpha 0 is Parameter containing:
tensor([[ 0.0255, -0.0160,  0.0017],
        [ 0.0431, -0.0192, -0.0021],
        [ 0.0341,  0.0032, -0.0234],
        [ 0.0202, -0.0213,  0.0089],
        [ 0.0623,  0.0065, -0.0327],
        [ 0.0432, -0.0116, -0.0132],
        [ 0.0765, -0.0012, -0.0401],
        [ 0.0616, -0.0098, -0.0204],
        [ 0.0579, -0.0021, -0.0261],
        [ 0.0292, -0.0492,  0.0264],
        [ 0.0667,  0.0045, -0.0444],
        [ 0.0472, -0.0421,  0.0047],
        [ 0.0996, -0.0205, -0.0379],
        [ 0.1177, -0.0401, -0.0366]], device='cuda:0', requires_grad=True)
alpha 1 is Parameter containing:
tensor([[ 0.0215, -0.0098, -0.0026],
        [ 0.0100, -0.0312,  0.0213],
        [ 0.0133, -0.0017, -0.0045],
        [ 0.0109, -0.0421,  0.0295],
        [ 0.0162, -0.0413,  0.0214],
        [-0.0222, -0.0097,  0.0225],
        [-0.0178,  0.0042,  0.0113],
        [-0.0027, -0.0263,  0.0220],
        [ 0.0482, -0.0148, -0.0128],
        [-0.0182, -0.0437,  0.0527],
        [-0.0277, -0.0054,  0.0173],
        [ 0.0190, -0.0067, -0.0037],
        [ 0.0191, -0.0147,  0.0010],
        [ 0.0024, -0.0149,  0.0115]], device='cuda:0', requires_grad=True)
[014-050] Search: Model metrics  : loss=0.39, accuracy@1=86.63%, accuracy@5=99.54%, time-cost=1758.8 s
[014-050] Search: Architecture metrics  : loss=0.52, accuracy@1=82.21%, accuracy@5=99.07%
[014-050] Evaluation:  : loss=0.49, accuracy@1=83.27%, accuracy@5=99.20%
[014-050] Layer Alignment score:  normal: 0.0000, reduce: 0.0000
<<<--->>> The 014-050-th epoch : found the highest validation accuracy : 83.27%.
alpha 0 is Parameter containing:
tensor([[ 0.0459, -0.0289,  0.0025],
        [ 0.0594, -0.0344,  0.0038],
        [ 0.0557, -0.0167, -0.0162],
        [ 0.0342, -0.0339,  0.0131],
        [ 0.0807,  0.0026, -0.0393],
        [ 0.0693, -0.0386, -0.0028],
        [ 0.1042, -0.0178, -0.0424],
        [ 0.0857, -0.0314, -0.0182],
        [ 0.0768, -0.0166, -0.0256],
        [ 0.0678, -0.0626,  0.0162],
        [ 0.1033, -0.0015, -0.0621],
        [ 0.0674, -0.0579,  0.0053],
        [ 0.1394, -0.0244, -0.0573],
        [ 0.1485, -0.0539, -0.0443]], device='cuda:0', requires_grad=True)
alpha 1 is Parameter containing:
tensor([[ 0.0277, -0.0005, -0.0143],
        [ 0.0145, -0.0303,  0.0179],
        [ 0.0200, -0.0079, -0.0030],
        [ 0.0134, -0.0346,  0.0212],
        [ 0.0223, -0.0498,  0.0245],
        [-0.0103, -0.0127,  0.0174],
        [-0.0321,  0.0040,  0.0208],
        [-0.0102, -0.0450,  0.0406],
        [ 0.0603, -0.0188, -0.0162],
        [-0.0132, -0.0438,  0.0493],
        [-0.0325, -0.0100,  0.0241],
        [ 0.0136, -0.0173,  0.0068],
        [ 0.0211, -0.0212,  0.0048],
        [-0.0097, -0.0210,  0.0230]], device='cuda:0', requires_grad=True)
[015-050] Search: Model metrics  : loss=0.38, accuracy@1=86.87%, accuracy@5=99.56%, time-cost=1970.0 s
[015-050] Search: Architecture metrics  : loss=0.51, accuracy@1=82.61%, accuracy@5=99.09%
[015-050] Evaluation:  : loss=0.49, accuracy@1=83.16%, accuracy@5=99.16%
[015-050] Layer Alignment score:  normal: 0.0000, reduce: 0.0000
alpha 0 is Parameter containing:
tensor([[ 0.0536, -0.0377,  0.0065],
        [ 0.0804, -0.0516,  0.0089],
        [ 0.0810, -0.0222, -0.0263],
        [ 0.0449, -0.0439,  0.0165],
        [ 0.0987,  0.0060, -0.0505],
        [ 0.0941, -0.0456, -0.0123],
        [ 0.1442, -0.0196, -0.0640],
        [ 0.1131, -0.0327, -0.0314],
        [ 0.0988, -0.0264, -0.0299],
        [ 0.0817, -0.0758,  0.0191],
        [ 0.1266,  0.0021, -0.0805],
        [ 0.0744, -0.0691,  0.0091],
        [ 0.1772, -0.0195, -0.0820],
        [ 0.1809, -0.0652, -0.0553]], device='cuda:0', requires_grad=True)
alpha 1 is Parameter containing:
tensor([[ 0.0284,  0.0051, -0.0196],
        [ 0.0079, -0.0258,  0.0175],
        [ 0.0155, -0.0023, -0.0052],
        [ 0.0065, -0.0261,  0.0181],
        [ 0.0382, -0.0535,  0.0192],
        [-0.0108, -0.0144,  0.0193],
        [-0.0451,  0.0052,  0.0282],
        [-0.0173, -0.0527,  0.0501],
        [ 0.0808, -0.0159, -0.0295],
        [-0.0120, -0.0449,  0.0494],
        [-0.0216, -0.0103,  0.0184],
        [ 0.0082, -0.0115,  0.0051],
        [ 0.0254, -0.0189,  0.0009],
        [-0.0116, -0.0097,  0.0146]], device='cuda:0', requires_grad=True)
[016-050] Search: Model metrics  : loss=0.38, accuracy@1=86.85%, accuracy@5=99.50%, time-cost=2181.7 s
[016-050] Search: Architecture metrics  : loss=0.50, accuracy@1=83.00%, accuracy@5=99.11%
[016-050] Evaluation:  : loss=0.48, accuracy@1=83.55%, accuracy@5=99.23%
[016-050] Layer Alignment score:  normal: 0.0000, reduce: 0.0000
<<<--->>> The 016-050-th epoch : found the highest validation accuracy : 83.55%.
alpha 0 is Parameter containing:
tensor([[ 0.0568, -0.0448,  0.0116],
        [ 0.1041, -0.0530, -0.0018],
        [ 0.0935, -0.0289, -0.0274],
        [ 0.0604, -0.0491,  0.0135],
        [ 0.1179,  0.0103, -0.0629],
        [ 0.1062, -0.0519, -0.0142],
        [ 0.1738, -0.0296, -0.0729],
        [ 0.1328, -0.0447, -0.0337],
        [ 0.1236, -0.0339, -0.0375],
        [ 0.0882, -0.0869,  0.0246],
        [ 0.1431,  0.0072, -0.0961],
        [ 0.0874, -0.0807,  0.0101],
        [ 0.2132, -0.0187, -0.1034],
        [ 0.2088, -0.0689, -0.0693]], device='cuda:0', requires_grad=True)
alpha 1 is Parameter containing:
tensor([[ 0.0322,  0.0057, -0.0224],
        [ 0.0038, -0.0244,  0.0187],
        [ 0.0200, -0.0045, -0.0062],
        [-0.0017, -0.0246,  0.0220],
        [ 0.0444, -0.0587,  0.0196],
        [-0.0043, -0.0091,  0.0104],
        [-0.0577,  0.0095,  0.0326],
        [-0.0213, -0.0589,  0.0571],
        [ 0.0802, -0.0177, -0.0281],
        [-0.0046, -0.0540,  0.0523],
        [-0.0190, -0.0051,  0.0127],
        [-0.0001, -0.0158,  0.0123],
        [ 0.0346, -0.0156, -0.0062],
        [-0.0049, -0.0099,  0.0112]], device='cuda:0', requires_grad=True)
[017-050] Search: Model metrics  : loss=0.37, accuracy@1=87.38%, accuracy@5=99.52%, time-cost=2395.2 s
[017-050] Search: Architecture metrics  : loss=0.52, accuracy@1=82.56%, accuracy@5=99.04%
[017-050] Evaluation:  : loss=0.49, accuracy@1=83.39%, accuracy@5=99.26%
[017-050] Layer Alignment score:  normal: 0.0000, reduce: 0.0000
alpha 0 is Parameter containing:
tensor([[ 0.0720, -0.0465,  0.0040],
        [ 0.1180, -0.0477, -0.0137],
        [ 0.1066, -0.0420, -0.0225],
        [ 0.0805, -0.0525,  0.0064],
        [ 0.1446,  0.0153, -0.0798],
        [ 0.1276, -0.0614, -0.0188],
        [ 0.1963, -0.0259, -0.0894],
        [ 0.1611, -0.0525, -0.0437],
        [ 0.1698, -0.0354, -0.0609],
        [ 0.1094, -0.0972,  0.0212],
        [ 0.1656,  0.0088, -0.1128],
        [ 0.1207, -0.0855, -0.0035],
        [ 0.2504, -0.0233, -0.1221],
        [ 0.2515, -0.0855, -0.0831]], device='cuda:0', requires_grad=True)
alpha 1 is Parameter containing:
tensor([[ 0.0350, -0.0164, -0.0045],
        [-0.0040, -0.0198,  0.0190],
        [ 0.0218, -0.0055, -0.0065],
        [ 0.0093, -0.0334,  0.0229],
        [ 0.0343, -0.0698,  0.0328],
        [-0.0024, -0.0180,  0.0173],
        [-0.0525,  0.0153,  0.0244],
        [-0.0207, -0.0667,  0.0630],
        [ 0.0769, -0.0190, -0.0255],
        [-0.0005, -0.0581,  0.0530],
        [-0.0211, -0.0088,  0.0171],
        [-0.0054, -0.0177,  0.0163],
        [ 0.0414, -0.0090, -0.0147],
        [-0.0060, -0.0162,  0.0173]], device='cuda:0', requires_grad=True)
[018-050] Search: Model metrics  : loss=0.37, accuracy@1=87.36%, accuracy@5=99.61%, time-cost=2603.1 s
[018-050] Search: Architecture metrics  : loss=0.51, accuracy@1=82.71%, accuracy@5=99.11%
[018-050] Evaluation:  : loss=0.49, accuracy@1=83.16%, accuracy@5=99.14%
[018-050] Layer Alignment score:  normal: 0.0000, reduce: 0.0000
alpha 0 is Parameter containing:
tensor([[ 0.0825, -0.0529,  0.0040],
        [ 0.1393, -0.0507, -0.0222],
        [ 0.1184, -0.0556, -0.0164],
        [ 0.0976, -0.0547, -0.0005],
        [ 0.1518,  0.0102, -0.0805],
        [ 0.1464, -0.0707, -0.0220],
        [ 0.2169, -0.0268, -0.1018],
        [ 0.1927, -0.0551, -0.0588],
        [ 0.1920, -0.0371, -0.0718],
        [ 0.1345, -0.0988,  0.0079],
        [ 0.1897,  0.0152, -0.1348],
        [ 0.1439, -0.0968, -0.0085],
        [ 0.2894, -0.0173, -0.1496],
        [ 0.2813, -0.0966, -0.0941]], device='cuda:0', requires_grad=True)
alpha 1 is Parameter containing:
tensor([[ 0.0321, -0.0267,  0.0061],
        [-0.0046, -0.0183,  0.0180],
        [ 0.0149,  0.0022, -0.0091],
        [ 0.0160, -0.0355,  0.0205],
        [ 0.0391, -0.0720,  0.0319],
        [-0.0030, -0.0175,  0.0172],
        [-0.0394,  0.0156,  0.0162],
        [-0.0174, -0.0683,  0.0628],
        [ 0.0676, -0.0231, -0.0178],
        [ 0.0054, -0.0678,  0.0573],
        [-0.0221, -0.0122,  0.0208],
        [-0.0169, -0.0216,  0.0248],
        [ 0.0475, -0.0024, -0.0230],
        [-0.0144, -0.0202,  0.0252]], device='cuda:0', requires_grad=True)
[019-050] Search: Model metrics  : loss=0.36, accuracy@1=87.37%, accuracy@5=99.60%, time-cost=2806.9 s
[019-050] Search: Architecture metrics  : loss=0.49, accuracy@1=83.01%, accuracy@5=99.20%
[019-050] Evaluation:  : loss=0.47, accuracy@1=83.69%, accuracy@5=99.28%
[019-050] Layer Alignment score:  normal: 0.0000, reduce: 0.0000
<<<--->>> The 019-050-th epoch : found the highest validation accuracy : 83.69%.
alpha 0 is Parameter containing:
tensor([[ 9.2538e-02, -6.2882e-02,  7.8494e-03],
        [ 1.4963e-01, -5.8935e-02, -2.0579e-02],
        [ 1.3762e-01, -5.9676e-02, -2.4373e-02],
        [ 1.0386e-01, -5.9521e-02,  3.1751e-04],
        [ 1.6972e-01,  2.0357e-02, -9.6473e-02],
        [ 1.6977e-01, -7.9237e-02, -2.9305e-02],
        [ 2.3869e-01, -3.8879e-02, -1.0626e-01],
        [ 2.0875e-01, -6.0413e-02, -6.4202e-02],
        [ 2.2266e-01, -4.2103e-02, -8.5270e-02],
        [ 1.5795e-01, -9.9434e-02, -5.2342e-03],
        [ 2.0422e-01,  3.8346e-03, -1.3565e-01],
        [ 1.6686e-01, -1.0044e-01, -1.8426e-02],
        [ 3.2559e-01, -2.5389e-02, -1.6648e-01],
        [ 3.0986e-01, -1.1501e-01, -9.9767e-02]], device='cuda:0',
       requires_grad=True)
alpha 1 is Parameter containing:
tensor([[ 0.0335, -0.0237,  0.0027],
        [-0.0074, -0.0140,  0.0157],
        [ 0.0122, -0.0066,  0.0006],
        [ 0.0182, -0.0384,  0.0217],
        [ 0.0336, -0.0705,  0.0338],
        [ 0.0034, -0.0326,  0.0265],
        [-0.0441,  0.0196,  0.0158],
        [-0.0209, -0.0756,  0.0704],
        [ 0.0726, -0.0196, -0.0234],
        [ 0.0049, -0.0795,  0.0682],
        [-0.0136, -0.0198,  0.0225],
        [-0.0141, -0.0232,  0.0247],
        [ 0.0514, -0.0093, -0.0200],
        [-0.0168, -0.0234,  0.0293]], device='cuda:0', requires_grad=True)
[020-050] Search: Model metrics  : loss=0.35, accuracy@1=87.78%, accuracy@5=99.65%, time-cost=3011.8 s
[020-050] Search: Architecture metrics  : loss=0.50, accuracy@1=83.11%, accuracy@5=99.13%
[020-050] Evaluation:  : loss=0.48, accuracy@1=83.38%, accuracy@5=99.16%
[020-050] Layer Alignment score:  normal: 0.0000, reduce: 0.0000
alpha 0 is Parameter containing:
tensor([[ 0.0963, -0.0745,  0.0169],
        [ 0.1733, -0.0690, -0.0243],
        [ 0.1522, -0.0659, -0.0275],
        [ 0.1201, -0.0784,  0.0083],
        [ 0.1840,  0.0157, -0.1012],
        [ 0.1880, -0.0825, -0.0387],
        [ 0.2725, -0.0486, -0.1204],
        [ 0.2238, -0.0680, -0.0677],
        [ 0.2453, -0.0448, -0.0961],
        [ 0.1799, -0.1026, -0.0162],
        [ 0.2342, -0.0009, -0.1530],
        [ 0.1775, -0.1175, -0.0142],
        [ 0.3643, -0.0346, -0.1847],
        [ 0.3425, -0.1321, -0.1098]], device='cuda:0', requires_grad=True)
alpha 1 is Parameter containing:
tensor([[ 2.2515e-02, -1.5586e-02,  1.7859e-03],
        [-3.4864e-06, -1.6075e-02,  1.3578e-02],
        [ 1.2815e-02,  8.1058e-04, -6.6031e-03],
        [ 8.1876e-03, -5.5818e-02,  4.4116e-02],
        [ 3.9204e-02, -6.7496e-02,  2.8685e-02],
        [ 1.0079e-02, -3.8515e-02,  2.7325e-02],
        [-4.1298e-02,  1.1791e-02,  2.0962e-02],
        [-2.2523e-02, -7.5591e-02,  7.1349e-02],
        [ 7.1888e-02, -2.3570e-02, -2.0159e-02],
        [ 2.3062e-03, -7.9875e-02,  7.0391e-02],
        [-5.6541e-03, -1.3729e-02,  1.2767e-02],
        [-1.0959e-02, -1.7535e-02,  1.9186e-02],
        [ 5.3448e-02, -4.1205e-03, -2.5203e-02],
        [-2.5188e-02, -2.5442e-02,  3.5514e-02]], device='cuda:0',
       requires_grad=True)
[021-050] Search: Model metrics  : loss=0.36, accuracy@1=87.58%, accuracy@5=99.53%, time-cost=3214.8 s
[021-050] Search: Architecture metrics  : loss=0.50, accuracy@1=82.69%, accuracy@5=99.16%
[021-050] Evaluation:  : loss=0.47, accuracy@1=83.76%, accuracy@5=99.21%
[021-050] Layer Alignment score:  normal: 0.0000, reduce: 0.0000
<<<--->>> The 021-050-th epoch : found the highest validation accuracy : 83.76%.
alpha 0 is Parameter containing:
tensor([[ 0.1131, -0.0780,  0.0108],
        [ 0.1928, -0.0699, -0.0344],
        [ 0.1721, -0.0657, -0.0406],
        [ 0.1346, -0.0832,  0.0047],
        [ 0.2137,  0.0183, -0.1187],
        [ 0.2069, -0.0854, -0.0491],
        [ 0.2914, -0.0567, -0.1266],
        [ 0.2522, -0.0783, -0.0770],
        [ 0.2676, -0.0570, -0.1009],
        [ 0.2067, -0.1104, -0.0270],
        [ 0.2483, -0.0004, -0.1640],
        [ 0.2028, -0.1248, -0.0234],
        [ 0.4071, -0.0485, -0.2031],
        [ 0.3754, -0.1445, -0.1234]], device='cuda:0', requires_grad=True)
alpha 1 is Parameter containing:
tensor([[ 0.0330, -0.0234,  0.0027],
        [-0.0067, -0.0201,  0.0211],
        [ 0.0089, -0.0045,  0.0008],
        [ 0.0087, -0.0679,  0.0547],
        [ 0.0500, -0.0726,  0.0264],
        [ 0.0088, -0.0301,  0.0206],
        [-0.0348,  0.0086,  0.0198],
        [-0.0251, -0.0767,  0.0737],
        [ 0.0735, -0.0280, -0.0179],
        [ 0.0055, -0.0968,  0.0842],
        [-0.0009, -0.0156,  0.0117],
        [-0.0219, -0.0219,  0.0276],
        [ 0.0533, -0.0067, -0.0233],
        [-0.0323, -0.0336,  0.0462]], device='cuda:0', requires_grad=True)
[022-050] Search: Model metrics  : loss=0.35, accuracy@1=87.75%, accuracy@5=99.65%, time-cost=3419.2 s
[022-050] Search: Architecture metrics  : loss=0.48, accuracy@1=83.66%, accuracy@5=99.13%
[022-050] Evaluation:  : loss=0.48, accuracy@1=83.61%, accuracy@5=99.24%
[022-050] Layer Alignment score:  normal: 0.0000, reduce: 0.0000
alpha 0 is Parameter containing:
tensor([[ 0.1222, -0.0868,  0.0140],
        [ 0.2090, -0.0701, -0.0435],
        [ 0.1890, -0.0705, -0.0472],
        [ 0.1505, -0.0841, -0.0032],
        [ 0.2365,  0.0223, -0.1337],
        [ 0.2280, -0.0875, -0.0618],
        [ 0.3142, -0.0493, -0.1479],
        [ 0.2764, -0.0770, -0.0918],
        [ 0.2925, -0.0553, -0.1161],
        [ 0.2294, -0.1111, -0.0411],
        [ 0.2614, -0.0059, -0.1694],
        [ 0.2122, -0.1355, -0.0225],
        [ 0.4360, -0.0563, -0.2173],
        [ 0.3860, -0.1599, -0.1206]], device='cuda:0', requires_grad=True)
alpha 1 is Parameter containing:
tensor([[ 0.0321, -0.0191, -0.0007],
        [-0.0103, -0.0237,  0.0264],
        [ 0.0073, -0.0159,  0.0125],
        [ 0.0104, -0.0739,  0.0590],
        [ 0.0470, -0.0728,  0.0282],
        [ 0.0149, -0.0320,  0.0183],
        [-0.0279,  0.0084,  0.0159],
        [-0.0313, -0.0861,  0.0842],
        [ 0.0723, -0.0299, -0.0159],
        [ 0.0021, -0.0905,  0.0808],
        [ 0.0170, -0.0202,  0.0052],
        [-0.0282, -0.0207,  0.0299],
        [ 0.0451,  0.0012, -0.0253],
        [-0.0367, -0.0354,  0.0501]], device='cuda:0', requires_grad=True)
[023-050] Search: Model metrics  : loss=0.35, accuracy@1=88.13%, accuracy@5=99.59%, time-cost=3624.2 s
[023-050] Search: Architecture metrics  : loss=0.49, accuracy@1=83.41%, accuracy@5=99.16%
[023-050] Evaluation:  : loss=0.48, accuracy@1=83.74%, accuracy@5=99.27%
[023-050] Layer Alignment score:  normal: 0.0000, reduce: 0.0000
alpha 0 is Parameter containing:
tensor([[ 0.1371, -0.0905,  0.0092],
        [ 0.2173, -0.0689, -0.0493],
        [ 0.1990, -0.0826, -0.0423],
        [ 0.1734, -0.0876, -0.0125],
        [ 0.2561,  0.0235, -0.1454],
        [ 0.2547, -0.0982, -0.0703],
        [ 0.3384, -0.0458, -0.1677],
        [ 0.2747, -0.0945, -0.0808],
        [ 0.3188, -0.0621, -0.1269],
        [ 0.2469, -0.1184, -0.0464],
        [ 0.2824, -0.0147, -0.1782],
        [ 0.2440, -0.1361, -0.0398],
        [ 0.4663, -0.0721, -0.2278],
        [ 0.4076, -0.1798, -0.1220]], device='cuda:0', requires_grad=True)
alpha 1 is Parameter containing:
tensor([[ 0.0344, -0.0238,  0.0021],
        [-0.0153, -0.0252,  0.0305],
        [ 0.0054, -0.0181,  0.0160],
        [ 0.0106, -0.0785,  0.0630],
        [ 0.0491, -0.0811,  0.0329],
        [ 0.0188, -0.0250,  0.0094],
        [-0.0277,  0.0051,  0.0185],
        [-0.0351, -0.1003,  0.0972],
        [ 0.0881, -0.0276, -0.0264],
        [ 0.0002, -0.0952,  0.0865],
        [ 0.0169, -0.0228,  0.0074],
        [-0.0209, -0.0252,  0.0300],
        [ 0.0542, -0.0064, -0.0244],
        [-0.0380, -0.0365,  0.0519]], device='cuda:0', requires_grad=True)
[024-050] Search: Model metrics  : loss=0.35, accuracy@1=87.90%, accuracy@5=99.57%, time-cost=3829.9 s
[024-050] Search: Architecture metrics  : loss=0.49, accuracy@1=82.87%, accuracy@5=99.23%
[024-050] Evaluation:  : loss=0.47, accuracy@1=83.93%, accuracy@5=99.23%
[024-050] Layer Alignment score:  normal: 0.0000, reduce: 0.0000
<<<--->>> The 024-050-th epoch : found the highest validation accuracy : 83.93%.
alpha 0 is Parameter containing:
tensor([[ 0.1567, -0.0995,  0.0067],
        [ 0.2302, -0.0692, -0.0564],
        [ 0.2192, -0.0874, -0.0512],
        [ 0.1883, -0.0890, -0.0195],
        [ 0.2697,  0.0236, -0.1534],
        [ 0.2773, -0.1004, -0.0848],
        [ 0.3662, -0.0518, -0.1823],
        [ 0.2949, -0.1057, -0.0861],
        [ 0.3393, -0.0755, -0.1303],
        [ 0.2780, -0.1279, -0.0591],
        [ 0.3004, -0.0094, -0.1967],
        [ 0.2645, -0.1472, -0.0453],
        [ 0.4958, -0.0788, -0.2441],
        [ 0.4311, -0.1905, -0.1307]], device='cuda:0', requires_grad=True)
alpha 1 is Parameter containing:
tensor([[ 0.0287, -0.0388,  0.0184],
        [-0.0029, -0.0239,  0.0225],
        [ 0.0022, -0.0204,  0.0199],
        [ 0.0117, -0.0870,  0.0700],
        [ 0.0548, -0.0876,  0.0344],
        [ 0.0197, -0.0238,  0.0077],
        [-0.0284,  0.0044,  0.0196],
        [-0.0355, -0.1198,  0.1127],
        [ 0.0899, -0.0318, -0.0244],
        [ 0.0132, -0.0940,  0.0767],
        [ 0.0210, -0.0202,  0.0027],
        [-0.0290, -0.0295,  0.0372],
        [ 0.0515, -0.0153, -0.0164],
        [-0.0430, -0.0382,  0.0560]], device='cuda:0', requires_grad=True)
[025-050] Search: Model metrics  : loss=0.34, accuracy@1=88.11%, accuracy@5=99.69%, time-cost=4040.4 s
[025-050] Search: Architecture metrics  : loss=0.49, accuracy@1=83.10%, accuracy@5=99.22%
[025-050] Evaluation:  : loss=0.47, accuracy@1=83.97%, accuracy@5=99.23%
[025-050] Layer Alignment score:  normal: 0.0000, reduce: 0.0000
<<<--->>> The 025-050-th epoch : found the highest validation accuracy : 83.97%.
alpha 0 is Parameter containing:
tensor([[ 0.1626, -0.1103,  0.0135],
        [ 0.2497, -0.0723, -0.0643],
        [ 0.2275, -0.0853, -0.0590],
        [ 0.2031, -0.1057, -0.0136],
        [ 0.2868,  0.0275, -0.1656],
        [ 0.2951, -0.1021, -0.0964],
        [ 0.3975, -0.0629, -0.1963],
        [ 0.3177, -0.1162, -0.0935],
        [ 0.3629, -0.0848, -0.1387],
        [ 0.2936, -0.1175, -0.0781],
        [ 0.3223, -0.0300, -0.1954],
        [ 0.2852, -0.1542, -0.0531],
        [ 0.5267, -0.0872, -0.2598],
        [ 0.4620, -0.1978, -0.1472]], device='cuda:0', requires_grad=True)
alpha 1 is Parameter containing:
tensor([[ 0.0361, -0.0465,  0.0211],
        [-0.0108, -0.0282,  0.0308],
        [ 0.0006, -0.0193,  0.0199],
        [ 0.0076, -0.0896,  0.0748],
        [ 0.0583, -0.0913,  0.0351],
        [ 0.0255, -0.0217,  0.0021],
        [-0.0283, -0.0119,  0.0335],
        [-0.0406, -0.1359,  0.1278],
        [ 0.0929, -0.0453, -0.0163],
        [ 0.0176, -0.1035,  0.0822],
        [ 0.0275, -0.0212, -0.0003],
        [-0.0263, -0.0241,  0.0321],
        [ 0.0575, -0.0117, -0.0224],
        [-0.0487, -0.0396,  0.0603]], device='cuda:0', requires_grad=True)
[026-050] Search: Model metrics  : loss=0.34, accuracy@1=88.21%, accuracy@5=99.66%, time-cost=4254.4 s
[026-050] Search: Architecture metrics  : loss=0.48, accuracy@1=83.60%, accuracy@5=99.14%
[026-050] Evaluation:  : loss=0.47, accuracy@1=83.98%, accuracy@5=99.21%
[026-050] Layer Alignment score:  normal: 0.0000, reduce: 0.0000
<<<--->>> The 026-050-th epoch : found the highest validation accuracy : 83.98%.
alpha 0 is Parameter containing:
tensor([[ 0.1729, -0.1194,  0.0160],
        [ 0.2579, -0.0775, -0.0645],
        [ 0.2492, -0.0868, -0.0722],
        [ 0.2158, -0.1122, -0.0152],
        [ 0.2919,  0.0316, -0.1714],
        [ 0.3063, -0.1032, -0.1037],
        [ 0.4403, -0.0678, -0.2238],
        [ 0.3347, -0.1222, -0.1005],
        [ 0.3761, -0.0875, -0.1454],
        [ 0.3132, -0.1124, -0.0954],
        [ 0.3546, -0.0259, -0.2241],
        [ 0.3068, -0.1563, -0.0644],
        [ 0.5523, -0.0866, -0.2782],
        [ 0.4789, -0.1975, -0.1595]], device='cuda:0', requires_grad=True)
alpha 1 is Parameter containing:
tensor([[ 0.0274, -0.0444,  0.0240],
        [-0.0069, -0.0245,  0.0253],
        [ 0.0081, -0.0032,  0.0004],
        [ 0.0091, -0.0846,  0.0695],
        [ 0.0500, -0.0976,  0.0441],
        [ 0.0269, -0.0216,  0.0010],
        [-0.0373, -0.0089,  0.0366],
        [-0.0409, -0.1352,  0.1278],
        [ 0.0840, -0.0521, -0.0065],
        [ 0.0269, -0.1126,  0.0842],
        [ 0.0339, -0.0231, -0.0025],
        [-0.0351, -0.0269,  0.0386],
        [ 0.0626, -0.0017, -0.0328],
        [-0.0470, -0.0330,  0.0541]], device='cuda:0', requires_grad=True)
[027-050] Search: Model metrics  : loss=0.34, accuracy@1=88.14%, accuracy@5=99.59%, time-cost=4466.8 s
[027-050] Search: Architecture metrics  : loss=0.49, accuracy@1=83.14%, accuracy@5=99.19%
[027-050] Evaluation:  : loss=0.46, accuracy@1=84.23%, accuracy@5=99.26%
[027-050] Layer Alignment score:  normal: 0.0000, reduce: 0.0000
<<<--->>> The 027-050-th epoch : found the highest validation accuracy : 84.23%.
alpha 0 is Parameter containing:
tensor([[ 0.1880, -0.1296,  0.0166],
        [ 0.2758, -0.0807, -0.0718],
        [ 0.2740, -0.0945, -0.0818],
        [ 0.2211, -0.1209, -0.0110],
        [ 0.3047,  0.0293, -0.1778],
        [ 0.3256, -0.1184, -0.1033],
        [ 0.4502, -0.0742, -0.2266],
        [ 0.3575, -0.1291, -0.1104],
        [ 0.4016, -0.0893, -0.1599],
        [ 0.3335, -0.1255, -0.0983],
        [ 0.3765, -0.0288, -0.2392],
        [ 0.3290, -0.1616, -0.0744],
        [ 0.5772, -0.0938, -0.2915],
        [ 0.5031, -0.2036, -0.1730]], device='cuda:0', requires_grad=True)
alpha 1 is Parameter containing:
tensor([[ 0.0236, -0.0429,  0.0247],
        [ 0.0053, -0.0232,  0.0173],
        [-0.0057,  0.0053,  0.0012],
        [ 0.0065, -0.0696,  0.0572],
        [ 0.0605, -0.1040,  0.0428],
        [ 0.0252, -0.0145, -0.0044],
        [-0.0373, -0.0101,  0.0376],
        [-0.0375, -0.1440,  0.1331],
        [ 0.0884, -0.0450, -0.0145],
        [ 0.0219, -0.1170,  0.0914],
        [ 0.0371, -0.0205, -0.0068],
        [-0.0364, -0.0348,  0.0453],
        [ 0.0712,  0.0008, -0.0395],
        [-0.0431, -0.0347,  0.0538]], device='cuda:0', requires_grad=True)
[028-050] Search: Model metrics  : loss=0.33, accuracy@1=88.63%, accuracy@5=99.66%, time-cost=4675.5 s
[028-050] Search: Architecture metrics  : loss=0.48, accuracy@1=83.66%, accuracy@5=99.20%
[028-050] Evaluation:  : loss=0.47, accuracy@1=83.87%, accuracy@5=99.32%
[028-050] Layer Alignment score:  normal: 0.0000, reduce: 0.0000
alpha 0 is Parameter containing:
tensor([[ 0.1962, -0.1404,  0.0218],
        [ 0.2927, -0.0894, -0.0737],
        [ 0.2919, -0.1105, -0.0783],
        [ 0.2322, -0.1210, -0.0174],
        [ 0.3135,  0.0330, -0.1855],
        [ 0.3469, -0.1327, -0.1059],
        [ 0.4726, -0.0762, -0.2420],
        [ 0.3771, -0.1321, -0.1211],
        [ 0.4296, -0.0847, -0.1799],
        [ 0.3490, -0.1419, -0.0954],
        [ 0.3931, -0.0384, -0.2445],
        [ 0.3474, -0.1692, -0.0813],
        [ 0.5971, -0.1055, -0.2986],
        [ 0.5334, -0.2214, -0.1842]], device='cuda:0', requires_grad=True)
alpha 1 is Parameter containing:
tensor([[ 1.6326e-02, -4.5179e-02,  3.0800e-02],
        [ 1.0755e-02, -2.5353e-02,  1.6217e-02],
        [-1.3782e-02,  1.1728e-02,  2.0726e-04],
        [ 1.3562e-02, -6.8635e-02,  5.2111e-02],
        [ 6.2134e-02, -1.0223e-01,  4.0703e-02],
        [ 1.5103e-02, -1.0415e-02, -1.3009e-03],
        [-3.4795e-02, -1.3297e-02,  3.8872e-02],
        [-3.8731e-02, -1.5944e-01,  1.4567e-01],
        [ 8.8242e-02, -5.5804e-02, -6.3954e-03],
        [ 2.4072e-02, -1.1120e-01,  8.4793e-02],
        [ 4.2543e-02, -3.2075e-02, -9.0673e-05],
        [-4.1974e-02, -3.8236e-02,  5.0837e-02],
        [ 8.6606e-02,  1.4426e-02, -5.8370e-02],
        [-4.3100e-02, -2.2651e-02,  4.3947e-02]], device='cuda:0',
       requires_grad=True)
[029-050] Search: Model metrics  : loss=0.34, accuracy@1=88.18%, accuracy@5=99.68%, time-cost=4886.0 s
[029-050] Search: Architecture metrics  : loss=0.49, accuracy@1=83.18%, accuracy@5=99.11%
[029-050] Evaluation:  : loss=0.47, accuracy@1=83.88%, accuracy@5=99.27%
[029-050] Layer Alignment score:  normal: 0.0000, reduce: 0.0000
alpha 0 is Parameter containing:
tensor([[ 0.2010, -0.1447,  0.0228],
        [ 0.3168, -0.0944, -0.0830],
        [ 0.3067, -0.1188, -0.0807],
        [ 0.2470, -0.1295, -0.0187],
        [ 0.3273,  0.0341, -0.1946],
        [ 0.3554, -0.1307, -0.1149],
        [ 0.5039, -0.0917, -0.2528],
        [ 0.3923, -0.1384, -0.1271],
        [ 0.4535, -0.0886, -0.1926],
        [ 0.3717, -0.1481, -0.1057],
        [ 0.4133, -0.0442, -0.2563],
        [ 0.3678, -0.1740, -0.0910],
        [ 0.6312, -0.1011, -0.3258],
        [ 0.5530, -0.2311, -0.1930]], device='cuda:0', requires_grad=True)
alpha 1 is Parameter containing:
tensor([[ 0.0139, -0.0454,  0.0323],
        [ 0.0124, -0.0272,  0.0169],
        [-0.0162,  0.0058,  0.0073],
        [ 0.0087, -0.0607,  0.0479],
        [ 0.0661, -0.1058,  0.0411],
        [ 0.0101, -0.0095,  0.0012],
        [-0.0296, -0.0042,  0.0282],
        [-0.0448, -0.1666,  0.1544],
        [ 0.0988, -0.0478, -0.0182],
        [ 0.0310, -0.1131,  0.0818],
        [ 0.0460, -0.0278, -0.0059],
        [-0.0538, -0.0406,  0.0584],
        [ 0.0892,  0.0143, -0.0601],
        [-0.0446, -0.0210,  0.0434]], device='cuda:0', requires_grad=True)
[030-050] Search: Model metrics  : loss=0.34, accuracy@1=88.24%, accuracy@5=99.64%, time-cost=5093.8 s
[030-050] Search: Architecture metrics  : loss=0.48, accuracy@1=83.83%, accuracy@5=99.17%
[030-050] Evaluation:  : loss=0.46, accuracy@1=84.30%, accuracy@5=99.28%
[030-050] Layer Alignment score:  normal: 0.0000, reduce: 0.0000
<<<--->>> The 030-050-th epoch : found the highest validation accuracy : 84.30%.
alpha 0 is Parameter containing:
tensor([[ 0.2269, -0.1443,  0.0064],
        [ 0.3252, -0.1022, -0.0814],
        [ 0.3231, -0.1246, -0.0871],
        [ 0.2630, -0.1364, -0.0221],
        [ 0.3460,  0.0320, -0.2044],
        [ 0.3671, -0.1382, -0.1168],
        [ 0.5273, -0.1062, -0.2593],
        [ 0.4013, -0.1594, -0.1210],
        [ 0.4779, -0.0956, -0.2042],
        [ 0.3912, -0.1524, -0.1155],
        [ 0.4338, -0.0488, -0.2698],
        [ 0.3829, -0.1888, -0.0926],
        [ 0.6584, -0.1050, -0.3437],
        [ 0.5776, -0.2319, -0.2106]], device='cuda:0', requires_grad=True)
alpha 1 is Parameter containing:
tensor([[ 0.0256, -0.0395,  0.0204],
        [ 0.0124, -0.0203,  0.0109],
        [-0.0281,  0.0084,  0.0123],
        [ 0.0005, -0.0610,  0.0533],
        [ 0.0780, -0.1135,  0.0399],
        [ 0.0079, -0.0075,  0.0010],
        [-0.0262,  0.0063,  0.0175],
        [-0.0418, -0.1712,  0.1566],
        [ 0.0953, -0.0524, -0.0131],
        [ 0.0308, -0.1096,  0.0789],
        [ 0.0497, -0.0316, -0.0050],
        [-0.0526, -0.0464,  0.0625],
        [ 0.0859,  0.0132, -0.0578],
        [-0.0348, -0.0193,  0.0373]], device='cuda:0', requires_grad=True)
[031-050] Search: Model metrics  : loss=0.34, accuracy@1=88.48%, accuracy@5=99.70%, time-cost=5300.7 s
[031-050] Search: Architecture metrics  : loss=0.48, accuracy@1=83.49%, accuracy@5=99.19%
[031-050] Evaluation:  : loss=0.46, accuracy@1=84.04%, accuracy@5=99.27%
[031-050] Layer Alignment score:  normal: 0.0000, reduce: 0.0000
alpha 0 is Parameter containing:
tensor([[ 0.2437, -0.1503,  0.0013],
        [ 0.3318, -0.0961, -0.0910],
        [ 0.3364, -0.1312, -0.0904],
        [ 0.2722, -0.1316, -0.0317],
        [ 0.3680,  0.0427, -0.2240],
        [ 0.3781, -0.1432, -0.1207],
        [ 0.5477, -0.1083, -0.2735],
        [ 0.4234, -0.1667, -0.1305],
        [ 0.4974, -0.0988, -0.2151],
        [ 0.4144, -0.1585, -0.1266],
        [ 0.4467, -0.0446, -0.2850],
        [ 0.4064, -0.1932, -0.1050],
        [ 0.6848, -0.1084, -0.3619],
        [ 0.6021, -0.2382, -0.2253]], device='cuda:0', requires_grad=True)
alpha 1 is Parameter containing:
tensor([[ 0.0194, -0.0355,  0.0203],
        [ 0.0158, -0.0208,  0.0093],
        [-0.0239,  0.0075,  0.0106],
        [-0.0003, -0.0590,  0.0520],
        [ 0.0732, -0.1146,  0.0433],
        [ 0.0064, -0.0203,  0.0133],
        [-0.0167,  0.0008,  0.0161],
        [-0.0378, -0.1658,  0.1512],
        [ 0.0923, -0.0559, -0.0090],
        [ 0.0385, -0.1219,  0.0846],
        [ 0.0568, -0.0322, -0.0088],
        [-0.0685, -0.0590,  0.0796],
        [ 0.0837,  0.0119, -0.0560],
        [-0.0308, -0.0326,  0.0465]], device='cuda:0', requires_grad=True)
[032-050] Search: Model metrics  : loss=0.34, accuracy@1=88.39%, accuracy@5=99.65%, time-cost=5508.1 s
[032-050] Search: Architecture metrics  : loss=0.48, accuracy@1=83.48%, accuracy@5=99.28%
[032-050] Evaluation:  : loss=0.46, accuracy@1=84.22%, accuracy@5=99.27%
[032-050] Layer Alignment score:  normal: 0.0000, reduce: 0.0000
alpha 0 is Parameter containing:
tensor([[ 0.2494, -0.1542,  0.0012],
        [ 0.3555, -0.1051, -0.0971],
        [ 0.3395, -0.1364, -0.0880],
        [ 0.2801, -0.1379, -0.0312],
        [ 0.3890,  0.0509, -0.2415],
        [ 0.4025, -0.1490, -0.1340],
        [ 0.5694, -0.1146, -0.2853],
        [ 0.4416, -0.1737, -0.1382],
        [ 0.5104, -0.1079, -0.2189],
        [ 0.4377, -0.1591, -0.1424],
        [ 0.4574, -0.0460, -0.2933],
        [ 0.4217, -0.1989, -0.1118],
        [ 0.7016, -0.1122, -0.3730],
        [ 0.6237, -0.2412, -0.2401]], device='cuda:0', requires_grad=True)
alpha 1 is Parameter containing:
tensor([[ 0.0167, -0.0401,  0.0260],
        [ 0.0179, -0.0145,  0.0024],
        [-0.0230,  0.0039,  0.0135],
        [-0.0012, -0.0518,  0.0461],
        [ 0.0791, -0.1144,  0.0400],
        [ 0.0143, -0.0146,  0.0030],
        [-0.0117, -0.0098,  0.0218],
        [-0.0381, -0.1666,  0.1524],
        [ 0.0887, -0.0594, -0.0047],
        [ 0.0244, -0.1256,  0.0977],
        [ 0.0513, -0.0284, -0.0089],
        [-0.0724, -0.0502,  0.0753],
        [ 0.0874,  0.0173, -0.0624],
        [-0.0272, -0.0348,  0.0467]], device='cuda:0', requires_grad=True)
[033-050] Search: Model metrics  : loss=0.32, accuracy@1=88.78%, accuracy@5=99.68%, time-cost=5716.0 s
[033-050] Search: Architecture metrics  : loss=0.49, accuracy@1=83.38%, accuracy@5=99.11%
[033-050] Evaluation:  : loss=0.46, accuracy@1=84.14%, accuracy@5=99.33%
[033-050] Layer Alignment score:  normal: 0.0000, reduce: 0.0000
alpha 0 is Parameter containing:
tensor([[ 2.6302e-01, -1.6277e-01,  3.9174e-04],
        [ 3.7333e-01, -1.1009e-01, -1.0370e-01],
        [ 3.5683e-01, -1.4221e-01, -9.5475e-02],
        [ 2.9613e-01, -1.6178e-01, -2.0719e-02],
        [ 3.9404e-01,  4.4190e-02, -2.4116e-01],
        [ 4.2749e-01, -1.5655e-01, -1.4636e-01],
        [ 6.0508e-01, -1.2639e-01, -3.0396e-01],
        [ 4.5933e-01, -1.8235e-01, -1.4477e-01],
        [ 5.3248e-01, -1.1255e-01, -2.3111e-01],
        [ 4.5898e-01, -1.6140e-01, -1.5587e-01],
        [ 4.8415e-01, -6.0705e-02, -3.0344e-01],
        [ 4.3814e-01, -2.1527e-01, -1.1379e-01],
        [ 7.1178e-01, -1.2662e-01, -3.7306e-01],
        [ 6.5463e-01, -2.5897e-01, -2.5377e-01]], device='cuda:0',
       requires_grad=True)
alpha 1 is Parameter containing:
tensor([[ 0.0190, -0.0435,  0.0277],
        [ 0.0200, -0.0180,  0.0043],
        [-0.0411,  0.0048,  0.0238],
        [-0.0114, -0.0446,  0.0460],
        [ 0.0899, -0.1128,  0.0329],
        [ 0.0276, -0.0107, -0.0093],
        [-0.0082, -0.0127,  0.0219],
        [-0.0371, -0.1682,  0.1535],
        [ 0.0689, -0.0610,  0.0071],
        [ 0.0287, -0.1297,  0.0985],
        [ 0.0610, -0.0223, -0.0200],
        [-0.0690, -0.0501,  0.0741],
        [ 0.0866,  0.0279, -0.0704],
        [-0.0336, -0.0315,  0.0472]], device='cuda:0', requires_grad=True)
[034-050] Search: Model metrics  : loss=0.33, accuracy@1=88.48%, accuracy@5=99.66%, time-cost=5930.6 s
[034-050] Search: Architecture metrics  : loss=0.49, accuracy@1=83.46%, accuracy@5=99.04%
[034-050] Evaluation:  : loss=0.45, accuracy@1=84.27%, accuracy@5=99.24%
[034-050] Layer Alignment score:  normal: 0.0000, reduce: 0.0000
alpha 0 is Parameter containing:
tensor([[ 2.7307e-01, -1.6929e-01, -1.1982e-04],
        [ 3.8579e-01, -1.1674e-01, -1.0580e-01],
        [ 3.6841e-01, -1.4213e-01, -1.0478e-01],
        [ 3.2020e-01, -1.6732e-01, -3.0227e-02],
        [ 4.0912e-01,  4.8956e-02, -2.5336e-01],
        [ 4.5038e-01, -1.6980e-01, -1.5192e-01],
        [ 6.2692e-01, -1.2918e-01, -3.1923e-01],
        [ 4.8017e-01, -1.8402e-01, -1.5714e-01],
        [ 5.5545e-01, -1.1932e-01, -2.4273e-01],
        [ 4.8529e-01, -1.6392e-01, -1.7305e-01],
        [ 4.9310e-01, -6.5142e-02, -3.0780e-01],
        [ 4.4713e-01, -2.2650e-01, -1.1398e-01],
        [ 7.4397e-01, -1.3111e-01, -3.9558e-01],
        [ 6.6977e-01, -2.6847e-01, -2.6035e-01]], device='cuda:0',
       requires_grad=True)
alpha 1 is Parameter containing:
tensor([[ 0.0171, -0.0456,  0.0306],
        [ 0.0135, -0.0224,  0.0119],
        [-0.0480,  0.0077,  0.0255],
        [-0.0169, -0.0375,  0.0431],
        [ 0.0975, -0.1029,  0.0218],
        [ 0.0353, -0.0157, -0.0098],
        [-0.0122, -0.0112,  0.0231],
        [-0.0467, -0.1715,  0.1609],
        [ 0.0644, -0.0541,  0.0043],
        [ 0.0400, -0.1314,  0.0924],
        [ 0.0658, -0.0184, -0.0264],
        [-0.0778, -0.0445,  0.0743],
        [ 0.0863,  0.0304, -0.0725],
        [-0.0297, -0.0252,  0.0402]], device='cuda:0', requires_grad=True)
[035-050] Search: Model metrics  : loss=0.32, accuracy@1=88.64%, accuracy@5=99.70%, time-cost=6134.5 s
[035-050] Search: Architecture metrics  : loss=0.48, accuracy@1=83.95%, accuracy@5=99.19%
[035-050] Evaluation:  : loss=0.45, accuracy@1=84.43%, accuracy@5=99.24%
[035-050] Layer Alignment score:  normal: 0.0000, reduce: 0.0000
<<<--->>> The 035-050-th epoch : found the highest validation accuracy : 84.43%.
alpha 0 is Parameter containing:
tensor([[ 0.2894, -0.1735, -0.0067],
        [ 0.3971, -0.1219, -0.1084],
        [ 0.3781, -0.1461, -0.1086],
        [ 0.3391, -0.1655, -0.0432],
        [ 0.4205,  0.0478, -0.2600],
        [ 0.4632, -0.1743, -0.1585],
        [ 0.6519, -0.1293, -0.3390],
        [ 0.5043, -0.1897, -0.1696],
        [ 0.5702, -0.1235, -0.2505],
        [ 0.5104, -0.1713, -0.1858],
        [ 0.5108, -0.0598, -0.3284],
        [ 0.4641, -0.2357, -0.1203],
        [ 0.7608, -0.1453, -0.4009],
        [ 0.6908, -0.2769, -0.2721]], device='cuda:0', requires_grad=True)
alpha 1 is Parameter containing:
tensor([[ 0.0232, -0.0586,  0.0388],
        [ 0.0083, -0.0315,  0.0228],
        [-0.0396,  0.0023,  0.0255],
        [-0.0157, -0.0417,  0.0464],
        [ 0.0909, -0.1030,  0.0253],
        [ 0.0429, -0.0206, -0.0107],
        [-0.0071, -0.0198,  0.0272],
        [-0.0506, -0.1860,  0.1739],
        [ 0.0606, -0.0623,  0.0124],
        [ 0.0423, -0.1422,  0.1004],
        [ 0.0746, -0.0279, -0.0239],
        [-0.0799, -0.0484,  0.0785],
        [ 0.0767,  0.0207, -0.0605],
        [-0.0330, -0.0300,  0.0461]], device='cuda:0', requires_grad=True)
[036-050] Search: Model metrics  : loss=0.32, accuracy@1=88.65%, accuracy@5=99.68%, time-cost=6338.9 s
[036-050] Search: Architecture metrics  : loss=0.49, accuracy@1=83.38%, accuracy@5=99.22%
[036-050] Evaluation:  : loss=0.45, accuracy@1=84.50%, accuracy@5=99.31%
[036-050] Layer Alignment score:  normal: 0.0000, reduce: 0.0000
<<<--->>> The 036-050-th epoch : found the highest validation accuracy : 84.50%.
alpha 0 is Parameter containing:
tensor([[ 0.3035, -0.1795, -0.0105],
        [ 0.4107, -0.1207, -0.1180],
        [ 0.3946, -0.1611, -0.1067],
        [ 0.3527, -0.1636, -0.0533],
        [ 0.4392,  0.0529, -0.2746],
        [ 0.4813, -0.1887, -0.1598],
        [ 0.6715, -0.1380, -0.3481],
        [ 0.5247, -0.1901, -0.1829],
        [ 0.5921, -0.1302, -0.2618],
        [ 0.5329, -0.1774, -0.1981],
        [ 0.5243, -0.0619, -0.3386],
        [ 0.4777, -0.2427, -0.1258],
        [ 0.7811, -0.1555, -0.4113],
        [ 0.7088, -0.2894, -0.2797]], device='cuda:0', requires_grad=True)
alpha 1 is Parameter containing:
tensor([[ 0.0270, -0.0597,  0.0376],
        [ 0.0029, -0.0334,  0.0276],
        [-0.0431,  0.0077,  0.0227],
        [-0.0127, -0.0373,  0.0404],
        [ 0.0832, -0.1030,  0.0296],
        [ 0.0414, -0.0358,  0.0039],
        [-0.0115, -0.0216,  0.0314],
        [-0.0506, -0.1924,  0.1790],
        [ 0.0597, -0.0558,  0.0079],
        [ 0.0476, -0.1372,  0.0923],
        [ 0.0845, -0.0252, -0.0326],
        [-0.0771, -0.0421,  0.0729],
        [ 0.0726,  0.0228, -0.0603],
        [-0.0365, -0.0306,  0.0484]], device='cuda:0', requires_grad=True)
[037-050] Search: Model metrics  : loss=0.32, accuracy@1=89.01%, accuracy@5=99.69%, time-cost=6545.6 s
[037-050] Search: Architecture metrics  : loss=0.48, accuracy@1=83.76%, accuracy@5=99.18%
[037-050] Evaluation:  : loss=0.45, accuracy@1=84.45%, accuracy@5=99.32%
[037-050] Layer Alignment score:  normal: 0.0000, reduce: 0.0000
alpha 0 is Parameter containing:
tensor([[ 0.3166, -0.1979, -0.0023],
        [ 0.4225, -0.1200, -0.1262],
        [ 0.4056, -0.1689, -0.1080],
        [ 0.3701, -0.1688, -0.0603],
        [ 0.4546,  0.0535, -0.2847],
        [ 0.4926, -0.2007, -0.1582],
        [ 0.6966, -0.1468, -0.3620],
        [ 0.5433, -0.1910, -0.1950],
        [ 0.6096, -0.1411, -0.2680],
        [ 0.5516, -0.1846, -0.2071],
        [ 0.5439, -0.0756, -0.3440],
        [ 0.4974, -0.2501, -0.1352],
        [ 0.7985, -0.1704, -0.4171],
        [ 0.7339, -0.3021, -0.2927]], device='cuda:0', requires_grad=True)
alpha 1 is Parameter containing:
tensor([[ 0.0339, -0.0614,  0.0352],
        [-0.0034, -0.0348,  0.0324],
        [-0.0461,  0.0062,  0.0260],
        [-0.0175, -0.0463,  0.0518],
        [ 0.0886, -0.1025,  0.0261],
        [ 0.0400, -0.0394,  0.0080],
        [-0.0203, -0.0114,  0.0282],
        [-0.0400, -0.1861,  0.1698],
        [ 0.0582, -0.0520,  0.0058],
        [ 0.0444, -0.1334,  0.0912],
        [ 0.0852, -0.0278, -0.0310],
        [-0.0819, -0.0438,  0.0767],
        [ 0.0761,  0.0378, -0.0739],
        [-0.0357, -0.0283,  0.0461]], device='cuda:0', requires_grad=True)
[038-050] Search: Model metrics  : loss=0.32, accuracy@1=88.89%, accuracy@5=99.70%, time-cost=6757.4 s
[038-050] Search: Architecture metrics  : loss=0.49, accuracy@1=83.52%, accuracy@5=99.11%
[038-050] Evaluation:  : loss=0.46, accuracy@1=84.25%, accuracy@5=99.18%
[038-050] Layer Alignment score:  normal: 0.0000, reduce: 0.0000
alpha 0 is Parameter containing:
tensor([[ 0.3378, -0.1984, -0.0161],
        [ 0.4270, -0.1231, -0.1267],
        [ 0.4194, -0.1694, -0.1186],
        [ 0.3797, -0.1722, -0.0641],
        [ 0.4744,  0.0605, -0.3013],
        [ 0.5038, -0.2010, -0.1679],
        [ 0.7282, -0.1587, -0.3797],
        [ 0.5651, -0.1889, -0.2109],
        [ 0.6335, -0.1361, -0.2875],
        [ 0.5732, -0.1950, -0.2159],
        [ 0.5613, -0.0788, -0.3570],
        [ 0.5008, -0.2657, -0.1302],
        [ 0.8208, -0.1758, -0.4319],
        [ 0.7589, -0.3111, -0.3075]], device='cuda:0', requires_grad=True)
alpha 1 is Parameter containing:
tensor([[ 0.0307, -0.0595,  0.0353],
        [-0.0025, -0.0395,  0.0362],
        [-0.0395,  0.0101,  0.0187],
        [-0.0211, -0.0368,  0.0455],
        [ 0.0883, -0.1158,  0.0357],
        [ 0.0500, -0.0383,  0.0002],
        [-0.0188, -0.0062,  0.0229],
        [-0.0442, -0.1860,  0.1722],
        [ 0.0504, -0.0557,  0.0126],
        [ 0.0515, -0.1283,  0.0815],
        [ 0.0859, -0.0257, -0.0336],
        [-0.0884, -0.0406,  0.0776],
        [ 0.0694,  0.0415, -0.0735],
        [-0.0372, -0.0277,  0.0467]], device='cuda:0', requires_grad=True)
[039-050] Search: Model metrics  : loss=0.32, accuracy@1=89.06%, accuracy@5=99.66%, time-cost=6961.0 s
[039-050] Search: Architecture metrics  : loss=0.48, accuracy@1=83.47%, accuracy@5=99.23%
[039-050] Evaluation:  : loss=0.45, accuracy@1=84.47%, accuracy@5=99.36%
[039-050] Layer Alignment score:  normal: 0.0000, reduce: 0.0000
alpha 0 is Parameter containing:
tensor([[ 0.3506, -0.2066, -0.0178],
        [ 0.4354, -0.1213, -0.1339],
        [ 0.4387, -0.1761, -0.1267],
        [ 0.3913, -0.1754, -0.0692],
        [ 0.4906,  0.0619, -0.3126],
        [ 0.5275, -0.2059, -0.1838],
        [ 0.7433, -0.1724, -0.3825],
        [ 0.5773, -0.1966, -0.2158],
        [ 0.6501, -0.1414, -0.2965],
        [ 0.5959, -0.2037, -0.2269],
        [ 0.5699, -0.0863, -0.3585],
        [ 0.5087, -0.2749, -0.1313],
        [ 0.8438, -0.1801, -0.4482],
        [ 0.7773, -0.3185, -0.3183]], device='cuda:0', requires_grad=True)
alpha 1 is Parameter containing:
tensor([[ 0.0228, -0.0595,  0.0397],
        [-0.0035, -0.0318,  0.0297],
        [-0.0452,  0.0140,  0.0187],
        [-0.0254, -0.0297,  0.0421],
        [ 0.0894, -0.1117,  0.0320],
        [ 0.0583, -0.0471,  0.0022],
        [-0.0134, -0.0067,  0.0201],
        [-0.0492, -0.1796,  0.1705],
        [ 0.0428, -0.0567,  0.0173],
        [ 0.0567, -0.1368,  0.0853],
        [ 0.0850, -0.0288, -0.0306],
        [-0.0857, -0.0257,  0.0656],
        [ 0.0630,  0.0449, -0.0729],
        [-0.0305, -0.0294,  0.0448]], device='cuda:0', requires_grad=True)
[040-050] Search: Model metrics  : loss=0.32, accuracy@1=89.22%, accuracy@5=99.73%, time-cost=7167.8 s
[040-050] Search: Architecture metrics  : loss=0.48, accuracy@1=83.20%, accuracy@5=99.17%
[040-050] Evaluation:  : loss=0.45, accuracy@1=84.63%, accuracy@5=99.35%
[040-050] Layer Alignment score:  normal: 0.0000, reduce: 0.0000
<<<--->>> The 040-050-th epoch : found the highest validation accuracy : 84.63%.
alpha 0 is Parameter containing:
tensor([[ 0.3619, -0.2110, -0.0219],
        [ 0.4465, -0.1297, -0.1343],
        [ 0.4399, -0.1781, -0.1261],
        [ 0.4165, -0.1834, -0.0787],
        [ 0.5115,  0.0678, -0.3294],
        [ 0.5418, -0.2067, -0.1958],
        [ 0.7606, -0.1836, -0.3888],
        [ 0.5836, -0.2045, -0.2167],
        [ 0.6649, -0.1516, -0.3020],
        [ 0.6006, -0.2119, -0.2248],
        [ 0.5919, -0.0962, -0.3699],
        [ 0.5350, -0.2768, -0.1480],
        [ 0.8751, -0.1869, -0.4700],
        [ 0.7948, -0.3229, -0.3302]], device='cuda:0', requires_grad=True)
alpha 1 is Parameter containing:
tensor([[ 0.0223, -0.0465,  0.0285],
        [-0.0125, -0.0326,  0.0354],
        [-0.0577,  0.0218,  0.0190],
        [-0.0195, -0.0352,  0.0434],
        [ 0.0859, -0.1148,  0.0362],
        [ 0.0605, -0.0491,  0.0024],
        [-0.0087, -0.0074,  0.0180],
        [-0.0478, -0.1721,  0.1647],
        [ 0.0406, -0.0542,  0.0166],
        [ 0.0531, -0.1372,  0.0882],
        [ 0.0977, -0.0288, -0.0386],
        [-0.0916, -0.0204,  0.0646],
        [ 0.0620,  0.0552, -0.0807],
        [-0.0256, -0.0255,  0.0392]], device='cuda:0', requires_grad=True)
[041-050] Search: Model metrics  : loss=0.32, accuracy@1=89.12%, accuracy@5=99.71%, time-cost=7377.8 s
[041-050] Search: Architecture metrics  : loss=0.48, accuracy@1=83.72%, accuracy@5=99.10%
[041-050] Evaluation:  : loss=0.45, accuracy@1=84.50%, accuracy@5=99.35%
[041-050] Layer Alignment score:  normal: 0.0000, reduce: 0.0000
alpha 0 is Parameter containing:
tensor([[ 0.3706, -0.2169, -0.0228],
        [ 0.4621, -0.1369, -0.1383],
        [ 0.4487, -0.1859, -0.1259],
        [ 0.4293, -0.1884, -0.0832],
        [ 0.5262,  0.0742, -0.3431],
        [ 0.5535, -0.2138, -0.1995],
        [ 0.7757, -0.1922, -0.3955],
        [ 0.5931, -0.2135, -0.2192],
        [ 0.6822, -0.1565, -0.3121],
        [ 0.6161, -0.2120, -0.2374],
        [ 0.6067, -0.0988, -0.3818],
        [ 0.5497, -0.2770, -0.1580],
        [ 0.8857, -0.1908, -0.4772],
        [ 0.8178, -0.3233, -0.3482]], device='cuda:0', requires_grad=True)
alpha 1 is Parameter containing:
tensor([[ 0.0314, -0.0650,  0.0398],
        [-0.0270, -0.0418,  0.0518],
        [-0.0533,  0.0156,  0.0222],
        [-0.0269, -0.0404,  0.0527],
        [ 0.0890, -0.1122,  0.0325],
        [ 0.0584, -0.0567,  0.0103],
        [-0.0070, -0.0118,  0.0206],
        [-0.0528, -0.1772,  0.1714],
        [ 0.0418, -0.0587,  0.0193],
        [ 0.0687, -0.1499,  0.0886],
        [ 0.0988, -0.0402, -0.0295],
        [-0.0953, -0.0133,  0.0614],
        [ 0.0585,  0.0503, -0.0753],
        [-0.0308, -0.0200,  0.0372]], device='cuda:0', requires_grad=True)
[042-050] Search: Model metrics  : loss=0.32, accuracy@1=88.80%, accuracy@5=99.69%, time-cost=7591.0 s
[042-050] Search: Architecture metrics  : loss=0.48, accuracy@1=83.75%, accuracy@5=99.13%
[042-050] Evaluation:  : loss=0.45, accuracy@1=84.50%, accuracy@5=99.29%
[042-050] Layer Alignment score:  normal: 0.0000, reduce: 0.0000
alpha 0 is Parameter containing:
tensor([[ 0.3795, -0.2269, -0.0202],
        [ 0.4791, -0.1478, -0.1401],
        [ 0.4689, -0.1961, -0.1324],
        [ 0.4387, -0.2009, -0.0795],
        [ 0.5344,  0.0666, -0.3447],
        [ 0.5785, -0.2251, -0.2101],
        [ 0.7870, -0.2031, -0.3974],
        [ 0.6113, -0.2245, -0.2266],
        [ 0.6882, -0.1689, -0.3105],
        [ 0.6326, -0.2172, -0.2466],
        [ 0.6211, -0.1018, -0.3934],
        [ 0.5650, -0.2787, -0.1678],
        [ 0.9047, -0.1911, -0.4933],
        [ 0.8304, -0.3275, -0.3565]], device='cuda:0', requires_grad=True)
alpha 1 is Parameter containing:
tensor([[ 0.0263, -0.0704,  0.0473],
        [-0.0231, -0.0334,  0.0423],
        [-0.0553,  0.0151,  0.0239],
        [-0.0250, -0.0382,  0.0497],
        [ 0.0905, -0.1130,  0.0321],
        [ 0.0626, -0.0488,  0.0004],
        [-0.0036, -0.0038,  0.0118],
        [-0.0531, -0.1893,  0.1808],
        [ 0.0459, -0.0621,  0.0196],
        [ 0.0800, -0.1512,  0.0815],
        [ 0.0874, -0.0452, -0.0186],
        [-0.0977, -0.0109,  0.0611],
        [ 0.0542,  0.0443, -0.0686],
        [-0.0328, -0.0175,  0.0362]], device='cuda:0', requires_grad=True)
[043-050] Search: Model metrics  : loss=0.31, accuracy@1=89.27%, accuracy@5=99.73%, time-cost=7804.9 s
[043-050] Search: Architecture metrics  : loss=0.49, accuracy@1=83.49%, accuracy@5=99.20%
[043-050] Evaluation:  : loss=0.45, accuracy@1=84.58%, accuracy@5=99.29%
[043-050] Layer Alignment score:  normal: 0.0000, reduce: 0.0000
alpha 0 is Parameter containing:
tensor([[ 0.3920, -0.2331, -0.0235],
        [ 0.4931, -0.1550, -0.1431],
        [ 0.4824, -0.2059, -0.1342],
        [ 0.4607, -0.2018, -0.0931],
        [ 0.5427,  0.0637, -0.3490],
        [ 0.5893, -0.2387, -0.2069],
        [ 0.7959, -0.2058, -0.4036],
        [ 0.6297, -0.2289, -0.2375],
        [ 0.7086, -0.1680, -0.3260],
        [ 0.6554, -0.2266, -0.2577],
        [ 0.6391, -0.1065, -0.4071],
        [ 0.5918, -0.2862, -0.1827],
        [ 0.9153, -0.2095, -0.4925],
        [ 0.8440, -0.3371, -0.3629]], device='cuda:0', requires_grad=True)
alpha 1 is Parameter containing:
tensor([[ 0.0322, -0.0743,  0.0474],
        [-0.0236, -0.0395,  0.0481],
        [-0.0546,  0.0115,  0.0269],
        [-0.0238, -0.0400,  0.0506],
        [ 0.0923, -0.1236,  0.0385],
        [ 0.0674, -0.0541,  0.0018],
        [-0.0066, -0.0090,  0.0180],
        [-0.0483, -0.1930,  0.1816],
        [ 0.0487, -0.0677,  0.0223],
        [ 0.0799, -0.1518,  0.0821],
        [ 0.0923, -0.0411, -0.0253],
        [-0.1033, -0.0178,  0.0692],
        [ 0.0560,  0.0397, -0.0661],
        [-0.0352, -0.0252,  0.0442]], device='cuda:0', requires_grad=True)
[044-050] Search: Model metrics  : loss=0.32, accuracy@1=88.99%, accuracy@5=99.75%, time-cost=8016.2 s
[044-050] Search: Architecture metrics  : loss=0.48, accuracy@1=83.52%, accuracy@5=99.21%
[044-050] Evaluation:  : loss=0.45, accuracy@1=84.46%, accuracy@5=99.28%
[044-050] Layer Alignment score:  normal: 0.0000, reduce: 0.0000
alpha 0 is Parameter containing:
tensor([[ 0.4011, -0.2378, -0.0260],
        [ 0.5095, -0.1487, -0.1596],
        [ 0.5038, -0.2058, -0.1519],
        [ 0.4740, -0.2089, -0.0965],
        [ 0.5605,  0.0702, -0.3648],
        [ 0.6005, -0.2476, -0.2089],
        [ 0.8084, -0.2105, -0.4117],
        [ 0.6416, -0.2396, -0.2408],
        [ 0.7263, -0.1833, -0.3314],
        [ 0.6744, -0.2344, -0.2675],
        [ 0.6435, -0.1099, -0.4088],
        [ 0.6006, -0.2989, -0.1833],
        [ 0.9312, -0.2165, -0.5026],
        [ 0.8587, -0.3383, -0.3744]], device='cuda:0', requires_grad=True)
alpha 1 is Parameter containing:
tensor([[ 0.0252, -0.0689,  0.0467],
        [-0.0265, -0.0316,  0.0427],
        [-0.0572,  0.0189,  0.0217],
        [-0.0189, -0.0446,  0.0518],
        [ 0.0911, -0.1267,  0.0413],
        [ 0.0757, -0.0544, -0.0038],
        [-0.0108, -0.0063,  0.0182],
        [-0.0475, -0.1934,  0.1820],
        [ 0.0533, -0.0658,  0.0183],
        [ 0.0850, -0.1504,  0.0770],
        [ 0.0855, -0.0470, -0.0163],
        [-0.1021, -0.0134,  0.0657],
        [ 0.0670,  0.0359, -0.0691],
        [-0.0364, -0.0277,  0.0470]], device='cuda:0', requires_grad=True)
[045-050] Search: Model metrics  : loss=0.31, accuracy@1=89.30%, accuracy@5=99.74%, time-cost=8223.4 s
[045-050] Search: Architecture metrics  : loss=0.48, accuracy@1=83.78%, accuracy@5=99.20%
[045-050] Evaluation:  : loss=0.45, accuracy@1=84.45%, accuracy@5=99.26%
[045-050] Layer Alignment score:  normal: 0.0000, reduce: 0.0000
alpha 0 is Parameter containing:
tensor([[ 0.4109, -0.2299, -0.0401],
        [ 0.5318, -0.1504, -0.1731],
        [ 0.5189, -0.2047, -0.1655],
        [ 0.4903, -0.2094, -0.1068],
        [ 0.5814,  0.0724, -0.3800],
        [ 0.6162, -0.2436, -0.2275],
        [ 0.8261, -0.2060, -0.4314],
        [ 0.6484, -0.2476, -0.2421],
        [ 0.7386, -0.1881, -0.3385],
        [ 0.6877, -0.2317, -0.2812],
        [ 0.6493, -0.1202, -0.4053],
        [ 0.6154, -0.3069, -0.1902],
        [ 0.9532, -0.2258, -0.5163],
        [ 0.8717, -0.3520, -0.3788]], device='cuda:0', requires_grad=True)
alpha 1 is Parameter containing:
tensor([[ 0.0222, -0.0714,  0.0506],
        [-0.0232, -0.0357,  0.0446],
        [-0.0544,  0.0213,  0.0181],
        [-0.0173, -0.0390,  0.0458],
        [ 0.0781, -0.1370,  0.0555],
        [ 0.0867, -0.0580, -0.0083],
        [-0.0186, -0.0108,  0.0268],
        [-0.0483, -0.2082,  0.1937],
        [ 0.0462, -0.0693,  0.0246],
        [ 0.0914, -0.1563,  0.0776],
        [ 0.0956, -0.0412, -0.0277],
        [-0.1050, -0.0127,  0.0669],
        [ 0.0647,  0.0328, -0.0657],
        [-0.0289, -0.0220,  0.0387]], device='cuda:0', requires_grad=True)
[046-050] Search: Model metrics  : loss=0.32, accuracy@1=89.12%, accuracy@5=99.71%, time-cost=8430.9 s
[046-050] Search: Architecture metrics  : loss=0.48, accuracy@1=83.96%, accuracy@5=99.07%
[046-050] Evaluation:  : loss=0.45, accuracy@1=84.46%, accuracy@5=99.37%
[046-050] Layer Alignment score:  normal: 0.0000, reduce: 0.0000
alpha 0 is Parameter containing:
tensor([[ 0.4131, -0.2330, -0.0391],
        [ 0.5485, -0.1547, -0.1808],
        [ 0.5243, -0.2057, -0.1693],
        [ 0.5024, -0.2162, -0.1099],
        [ 0.5992,  0.0741, -0.3934],
        [ 0.6190, -0.2403, -0.2338],
        [ 0.8477, -0.2125, -0.4459],
        [ 0.6569, -0.2437, -0.2505],
        [ 0.7547, -0.1781, -0.3558],
        [ 0.6967, -0.2317, -0.2893],
        [ 0.6642, -0.1183, -0.4222],
        [ 0.6367, -0.2995, -0.2085],
        [ 0.9754, -0.2227, -0.5371],
        [ 0.8855, -0.3506, -0.3910]], device='cuda:0', requires_grad=True)
alpha 1 is Parameter containing:
tensor([[ 0.0305, -0.0748,  0.0488],
        [-0.0190, -0.0499,  0.0549],
        [-0.0627,  0.0200,  0.0242],
        [-0.0228, -0.0354,  0.0460],
        [ 0.0792, -0.1436,  0.0595],
        [ 0.1001, -0.0671, -0.0099],
        [-0.0121, -0.0195,  0.0301],
        [-0.0588, -0.2193,  0.2073],
        [ 0.0427, -0.0658,  0.0238],
        [ 0.0912, -0.1585,  0.0797],
        [ 0.0984, -0.0256, -0.0432],
        [-0.0927, -0.0238,  0.0704],
        [ 0.0553,  0.0367, -0.0642],
        [-0.0299, -0.0335,  0.0488]], device='cuda:0', requires_grad=True)
[047-050] Search: Model metrics  : loss=0.31, accuracy@1=89.48%, accuracy@5=99.73%, time-cost=8637.3 s
[047-050] Search: Architecture metrics  : loss=0.47, accuracy@1=83.75%, accuracy@5=99.16%
[047-050] Evaluation:  : loss=0.44, accuracy@1=84.56%, accuracy@5=99.38%
[047-050] Layer Alignment score:  normal: 0.0000, reduce: 0.0000
alpha 0 is Parameter containing:
tensor([[ 0.4301, -0.2337, -0.0505],
        [ 0.5588, -0.1668, -0.1778],
        [ 0.5335, -0.2096, -0.1736],
        [ 0.5235, -0.2174, -0.1236],
        [ 0.6085,  0.0759, -0.4015],
        [ 0.6293, -0.2446, -0.2392],
        [ 0.8559, -0.2182, -0.4493],
        [ 0.6668, -0.2479, -0.2560],
        [ 0.7657, -0.1812, -0.3627],
        [ 0.7111, -0.2402, -0.2948],
        [ 0.6637, -0.1216, -0.4193],
        [ 0.6443, -0.3093, -0.2099],
        [ 0.9891, -0.2282, -0.5463],
        [ 0.8969, -0.3475, -0.4022]], device='cuda:0', requires_grad=True)
alpha 1 is Parameter containing:
tensor([[ 0.0286, -0.0729,  0.0482],
        [-0.0216, -0.0404,  0.0481],
        [-0.0651,  0.0229,  0.0229],
        [-0.0336, -0.0361,  0.0535],
        [ 0.0815, -0.1373,  0.0539],
        [ 0.1028, -0.0621, -0.0164],
        [-0.0146, -0.0080,  0.0222],
        [-0.0602, -0.2185,  0.2080],
        [ 0.0411, -0.0614,  0.0213],
        [ 0.0871, -0.1602,  0.0842],
        [ 0.0987, -0.0188, -0.0496],
        [-0.0882, -0.0161,  0.0628],
        [ 0.0624,  0.0495, -0.0783],
        [-0.0269, -0.0268,  0.0417]], device='cuda:0', requires_grad=True)
[048-050] Search: Model metrics  : loss=0.31, accuracy@1=89.15%, accuracy@5=99.69%, time-cost=8846.3 s
[048-050] Search: Architecture metrics  : loss=0.46, accuracy@1=84.41%, accuracy@5=99.11%
[048-050] Evaluation:  : loss=0.45, accuracy@1=84.42%, accuracy@5=99.31%
[048-050] Layer Alignment score:  normal: 0.0000, reduce: 0.0000
alpha 0 is Parameter containing:
tensor([[ 0.4447, -0.2404, -0.0549],
        [ 0.5666, -0.1661, -0.1843],
        [ 0.5459, -0.2153, -0.1789],
        [ 0.5291, -0.2248, -0.1221],
        [ 0.6152,  0.0726, -0.4051],
        [ 0.6404, -0.2402, -0.2539],
        [ 0.8535, -0.2259, -0.4421],
        [ 0.6715, -0.2509, -0.2584],
        [ 0.7737, -0.1811, -0.3693],
        [ 0.7272, -0.2422, -0.3069],
        [ 0.6694, -0.1208, -0.4263],
        [ 0.6403, -0.3207, -0.2026],
        [ 0.9998, -0.2168, -0.5621],
        [ 0.8974, -0.3412, -0.4060]], device='cuda:0', requires_grad=True)
alpha 1 is Parameter containing:
tensor([[ 0.0245, -0.0671,  0.0455],
        [-0.0211, -0.0397,  0.0472],
        [-0.0665,  0.0306,  0.0167],
        [-0.0341, -0.0339,  0.0519],
        [ 0.0847, -0.1274,  0.0454],
        [ 0.0955, -0.0590, -0.0141],
        [-0.0124, -0.0094,  0.0220],
        [-0.0570, -0.2119,  0.2022],
        [ 0.0400, -0.0670,  0.0261],
        [ 0.0853, -0.1587,  0.0839],
        [ 0.0961, -0.0163, -0.0504],
        [-0.0840, -0.0057,  0.0533],
        [ 0.0584,  0.0488, -0.0759],
        [-0.0230, -0.0244,  0.0378]], device='cuda:0', requires_grad=True)
[049-050] Search: Model metrics  : loss=0.31, accuracy@1=89.18%, accuracy@5=99.70%, time-cost=9052.7 s
[049-050] Search: Architecture metrics  : loss=0.48, accuracy@1=83.73%, accuracy@5=99.24%
[049-050] Evaluation:  : loss=0.44, accuracy@1=84.57%, accuracy@5=99.28%
[049-050] Layer Alignment score:  normal: 0.0000, reduce: 0.0000
alpha 0 is Parameter containing:
tensor([[ 0.4478, -0.2537, -0.0455],
        [ 0.5790, -0.1763, -0.1842],
        [ 0.5495, -0.2261, -0.1722],
        [ 0.5445, -0.2268, -0.1313],
        [ 0.6278,  0.0785, -0.4175],
        [ 0.6520, -0.2483, -0.2568],
        [ 0.8627, -0.2338, -0.4451],
        [ 0.6901, -0.2467, -0.2739],
        [ 0.7916, -0.1738, -0.3865],
        [ 0.7493, -0.2512, -0.3182],
        [ 0.6728, -0.1216, -0.4293],
        [ 0.6509, -0.3185, -0.2112],
        [ 1.0142, -0.2176, -0.5747],
        [ 0.9110, -0.3455, -0.4156]], device='cuda:0', requires_grad=True)
alpha 1 is Parameter containing:
tensor([[ 0.0246, -0.0652,  0.0438],
        [-0.0275, -0.0343,  0.0462],
        [-0.0627,  0.0299,  0.0153],
        [-0.0328, -0.0300,  0.0478],
        [ 0.0768, -0.1260,  0.0486],
        [ 0.0819, -0.0591, -0.0048],
        [-0.0196, -0.0110,  0.0277],
        [-0.0550, -0.2072,  0.1985],
        [ 0.0499, -0.0595,  0.0154],
        [ 0.0874, -0.1718,  0.0936],
        [ 0.0978, -0.0195, -0.0489],
        [-0.0784,  0.0032,  0.0443],
        [ 0.0638,  0.0519, -0.0814],
        [-0.0275, -0.0198,  0.0362]], device='cuda:0', requires_grad=True)
[050-050] Search: Model metrics  : loss=0.31, accuracy@1=89.36%, accuracy@5=99.69%, time-cost=9258.5 s
[050-050] Search: Architecture metrics  : loss=0.47, accuracy@1=84.08%, accuracy@5=99.20%
[050-050] Evaluation:  : loss=0.45, accuracy@1=84.51%, accuracy@5=99.32%
[050-050] Layer Alignment score:  normal: 0.0000, reduce: 0.0000
alpha 0 is Parameter containing:
tensor([[ 0.4678, -0.2536, -0.0595],
        [ 0.5844, -0.1823, -0.1832],
        [ 0.5697, -0.2293, -0.1862],
        [ 0.5640, -0.2341, -0.1391],
        [ 0.6352,  0.0709, -0.4193],
        [ 0.6557, -0.2515, -0.2574],
        [ 0.8784, -0.2456, -0.4508],
        [ 0.6952, -0.2541, -0.2747],
        [ 0.7936, -0.1807, -0.3855],
        [ 0.7655, -0.2574, -0.3274],
        [ 0.6830, -0.1244, -0.4368],
        [ 0.6612, -0.3272, -0.2149],
        [ 1.0190, -0.2281, -0.5745],
        [ 0.9066, -0.3497, -0.4109]], device='cuda:0', requires_grad=True)
alpha 1 is Parameter containing:
tensor([[ 0.0103, -0.0680,  0.0540],
        [-0.0187, -0.0304,  0.0378],
        [-0.0642,  0.0247,  0.0210],
        [-0.0290, -0.0298,  0.0454],
        [ 0.0676, -0.1242,  0.0526],
        [ 0.0859, -0.0647, -0.0028],
        [-0.0150, -0.0134,  0.0268],
        [-0.0557, -0.2093,  0.2008],
        [ 0.0457, -0.0608,  0.0185],
        [ 0.0933, -0.1743,  0.0915],
        [ 0.1047, -0.0195, -0.0533],
        [-0.0854,  0.0035,  0.0475],
        [ 0.0668,  0.0577, -0.0878],
        [-0.0284, -0.0275,  0.0432]], device='cuda:0', requires_grad=True)
