Training the supernet with the following configuration: 
{
  "sampler": {
    "sample_frequency": "step"
  },
  "perturbator": null,
  "partial_connector": null,
  "dropout": {
    "p": 0.0,
    "p_min": 0.0,
    "anneal_frequency": "epoch",
    "anneal_type": "linear",
    "max_iter": 50
  },
  "trainer": {
    "lr": 0.025,
    "arch_lr": 0.0003,
    "epochs": 50,
    "lora_warm_epochs": 10,
    "optim": "sgd",
    "arch_optim": "adam",
    "optim_config": {
      "momentum": 0.9,
      "nesterov": 0,
      "weight_decay": 0.0003
    },
    "arch_optim_config": {
      "betas": [
        0.5,
        0.999
      ],
      "weight_decay": 0.001
    },
    "scheduler": "cosine_annealing_lr",
    "criterion": "cross_entropy",
    "batch_size": 64,
    "learning_rate_min": 0.001,
    "cutout": -1,
    "cutout_length": 16,
    "train_portion": 0.5,
    "use_data_parallel": false,
    "checkpointing_freq": 1,
    "seed": 100
  },
  "lora": {
    "r": 1,
    "lora_dropout": 0,
    "lora_alpha": 1,
    "merge_weights": true
  },
  "lora_extra": {
    "toggle_epochs": null,
    "warm_epochs": 10,
    "toggle_probability": null
  },
  "sampler_type": "darts",
  "searchspace_str": "robust_darts",
  "weight_type": "weight_sharing",
  "oles": {
    "oles": false,
    "calc_gm_score": false
  },
  "search_space": {
    "num_classes": 10,
    "space": "s2"
  },
  "project_name": "LoRA-robust-darts",
  "experiment_type": "lora",
  "seed": 2
}
[001-050] Search: Model metrics  : loss=1.63, accuracy@1=39.50%, accuracy@5=88.56%, time-cost=90.2 s
[001-050] Evaluation:  : loss=1.39, accuracy@1=49.45%, accuracy@5=93.53%
[001-050] Layer Alignment score:  normal: 0.0000, reduce: 0.0000
<<<--->>> The 001-050-th epoch : found the highest validation accuracy : 49.45%.
[002-050] Search: Model metrics  : loss=1.18, accuracy@1=57.56%, accuracy@5=94.92%, time-cost=179.4 s
[002-050] Evaluation:  : loss=1.10, accuracy@1=60.77%, accuracy@5=96.05%
[002-050] Layer Alignment score:  normal: 0.0000, reduce: 0.0000
<<<--->>> The 002-050-th epoch : found the highest validation accuracy : 60.77%.
[003-050] Search: Model metrics  : loss=0.99, accuracy@1=65.16%, accuracy@5=96.59%, time-cost=268.6 s
[003-050] Evaluation:  : loss=1.10, accuracy@1=61.77%, accuracy@5=95.57%
[003-050] Layer Alignment score:  normal: 0.0000, reduce: 0.0000
<<<--->>> The 003-050-th epoch : found the highest validation accuracy : 61.77%.
[004-050] Search: Model metrics  : loss=0.86, accuracy@1=69.52%, accuracy@5=97.61%, time-cost=357.2 s
[004-050] Evaluation:  : loss=1.30, accuracy@1=56.24%, accuracy@5=96.38%
[004-050] Layer Alignment score:  normal: 0.0000, reduce: 0.0000
[005-050] Search: Model metrics  : loss=0.77, accuracy@1=73.09%, accuracy@5=98.05%, time-cost=444.9 s
[005-050] Evaluation:  : loss=0.79, accuracy@1=72.72%, accuracy@5=97.68%
[005-050] Layer Alignment score:  normal: 0.0000, reduce: 0.0000
<<<--->>> The 005-050-th epoch : found the highest validation accuracy : 72.72%.
[006-050] Search: Model metrics  : loss=0.70, accuracy@1=75.53%, accuracy@5=98.53%, time-cost=532.5 s
[006-050] Evaluation:  : loss=0.76, accuracy@1=73.46%, accuracy@5=98.14%
[006-050] Layer Alignment score:  normal: 0.0000, reduce: 0.0000
<<<--->>> The 006-050-th epoch : found the highest validation accuracy : 73.46%.
[007-050] Search: Model metrics  : loss=0.65, accuracy@1=77.44%, accuracy@5=98.67%, time-cost=619.9 s
[007-050] Evaluation:  : loss=0.76, accuracy@1=74.45%, accuracy@5=98.08%
[007-050] Layer Alignment score:  normal: 0.0000, reduce: 0.0000
<<<--->>> The 007-050-th epoch : found the highest validation accuracy : 74.45%.
[008-050] Search: Model metrics  : loss=0.60, accuracy@1=79.13%, accuracy@5=98.95%, time-cost=707.7 s
[008-050] Evaluation:  : loss=0.73, accuracy@1=75.21%, accuracy@5=98.23%
[008-050] Layer Alignment score:  normal: 0.0000, reduce: 0.0000
<<<--->>> The 008-050-th epoch : found the highest validation accuracy : 75.21%.
[009-050] Search: Model metrics  : loss=0.56, accuracy@1=80.10%, accuracy@5=99.01%, time-cost=795.2 s
[009-050] Evaluation:  : loss=0.66, accuracy@1=77.41%, accuracy@5=98.46%
[009-050] Layer Alignment score:  normal: 0.0000, reduce: 0.0000
<<<--->>> The 009-050-th epoch : found the highest validation accuracy : 77.41%.
[010-050] Search: Model metrics  : loss=0.53, accuracy@1=81.77%, accuracy@5=99.14%, time-cost=883.4 s
[010-050] Evaluation:  : loss=0.63, accuracy@1=78.44%, accuracy@5=98.73%
[010-050] Layer Alignment score:  normal: 0.0000, reduce: 0.0000
<<<--->>> The 010-050-th epoch : found the highest validation accuracy : 78.44%.
The searchspace has been warm started with 10 epochs
LoRA layers have been initialized for all operations with Conv2DLoRA module
[011-050] Search: Model metrics  : loss=0.43, accuracy@1=85.19%, accuracy@5=99.34%, time-cost=1078.3 s
[011-050] Search: Architecture metrics  : loss=0.56, accuracy@1=81.05%, accuracy@5=99.00%
[011-050] Evaluation:  : loss=0.51, accuracy@1=82.34%, accuracy@5=99.11%
[011-050] Layer Alignment score:  normal: 0.0000, reduce: 0.0000
<<<--->>> The 011-050-th epoch : found the highest validation accuracy : 82.34%.
alpha 0 is Parameter containing:
tensor([[ 0.0014, -0.0030],
        [ 0.0066, -0.0070],
        [-0.0034,  0.0005],
        [ 0.0104, -0.0102],
        [ 0.0008, -0.0010],
        [-0.0047,  0.0065],
        [ 0.0068, -0.0039],
        [ 0.0044, -0.0036],
        [-0.0122,  0.0106],
        [ 0.0073, -0.0076],
        [ 0.0185, -0.0173],
        [ 0.0147, -0.0133],
        [-0.0323,  0.0316],
        [ 0.0182, -0.0191]], device='cuda:0', requires_grad=True)
alpha 1 is Parameter containing:
tensor([[-0.0186,  0.0180],
        [ 0.0122, -0.0117],
        [-0.0146,  0.0185],
        [ 0.0101, -0.0105],
        [ 0.0137, -0.0154],
        [ 0.0109, -0.0103],
        [-0.0109,  0.0156],
        [-0.0090,  0.0091],
        [ 0.0232, -0.0236],
        [ 0.0004, -0.0018],
        [-0.0148,  0.0143],
        [ 0.0125, -0.0112],
        [-0.0080,  0.0079],
        [ 0.0081, -0.0081]], device='cuda:0', requires_grad=True)
[012-050] Search: Model metrics  : loss=0.41, accuracy@1=85.76%, accuracy@5=99.43%, time-cost=1272.2 s
[012-050] Search: Architecture metrics  : loss=0.54, accuracy@1=81.61%, accuracy@5=98.95%
[012-050] Evaluation:  : loss=0.51, accuracy@1=82.58%, accuracy@5=99.17%
[012-050] Layer Alignment score:  normal: 0.0000, reduce: 0.0000
<<<--->>> The 012-050-th epoch : found the highest validation accuracy : 82.58%.
alpha 0 is Parameter containing:
tensor([[-0.0046,  0.0029],
        [ 0.0067, -0.0071],
        [-0.0122,  0.0094],
        [ 0.0092, -0.0089],
        [-0.0027,  0.0026],
        [-0.0268,  0.0287],
        [ 0.0090, -0.0062],
        [ 0.0067, -0.0059],
        [-0.0326,  0.0309],
        [ 0.0146, -0.0149],
        [ 0.0335, -0.0323],
        [ 0.0323, -0.0310],
        [-0.0628,  0.0622],
        [ 0.0246, -0.0254]], device='cuda:0', requires_grad=True)
alpha 1 is Parameter containing:
tensor([[-0.0304,  0.0298],
        [ 0.0160, -0.0155],
        [-0.0230,  0.0269],
        [ 0.0117, -0.0121],
        [ 0.0224, -0.0242],
        [ 0.0123, -0.0117],
        [-0.0122,  0.0168],
        [-0.0093,  0.0095],
        [ 0.0355, -0.0359],
        [-0.0011, -0.0002],
        [-0.0263,  0.0258],
        [ 0.0066, -0.0054],
        [-0.0117,  0.0116],
        [ 0.0012, -0.0012]], device='cuda:0', requires_grad=True)
[013-050] Search: Model metrics  : loss=0.40, accuracy@1=86.22%, accuracy@5=99.56%, time-cost=1466.3 s
[013-050] Search: Architecture metrics  : loss=0.54, accuracy@1=81.81%, accuracy@5=99.09%
[013-050] Evaluation:  : loss=0.51, accuracy@1=82.99%, accuracy@5=99.09%
[013-050] Layer Alignment score:  normal: 0.0000, reduce: 0.0000
<<<--->>> The 013-050-th epoch : found the highest validation accuracy : 82.99%.
alpha 0 is Parameter containing:
tensor([[-0.0078,  0.0062],
        [ 0.0177, -0.0182],
        [-0.0181,  0.0152],
        [ 0.0149, -0.0146],
        [ 0.0025, -0.0027],
        [-0.0367,  0.0385],
        [ 0.0162, -0.0134],
        [ 0.0147, -0.0139],
        [-0.0458,  0.0441],
        [ 0.0198, -0.0201],
        [ 0.0610, -0.0598],
        [ 0.0568, -0.0555],
        [-0.0863,  0.0857],
        [ 0.0451, -0.0459]], device='cuda:0', requires_grad=True)
alpha 1 is Parameter containing:
tensor([[-0.0256,  0.0250],
        [ 0.0155, -0.0150],
        [-0.0219,  0.0258],
        [ 0.0168, -0.0172],
        [ 0.0285, -0.0302],
        [ 0.0223, -0.0217],
        [-0.0119,  0.0165],
        [-0.0238,  0.0239],
        [ 0.0473, -0.0478],
        [-0.0043,  0.0030],
        [-0.0475,  0.0469],
        [ 0.0069, -0.0056],
        [-0.0219,  0.0218],
        [-0.0067,  0.0067]], device='cuda:0', requires_grad=True)
[014-050] Search: Model metrics  : loss=0.39, accuracy@1=86.55%, accuracy@5=99.53%, time-cost=1661.3 s
[014-050] Search: Architecture metrics  : loss=0.51, accuracy@1=82.32%, accuracy@5=99.11%
[014-050] Evaluation:  : loss=0.50, accuracy@1=83.06%, accuracy@5=99.24%
[014-050] Layer Alignment score:  normal: 0.0000, reduce: 0.0000
<<<--->>> The 014-050-th epoch : found the highest validation accuracy : 83.06%.
alpha 0 is Parameter containing:
tensor([[-0.0041,  0.0024],
        [ 0.0183, -0.0188],
        [-0.0264,  0.0236],
        [ 0.0111, -0.0108],
        [-0.0109,  0.0107],
        [-0.0488,  0.0507],
        [ 0.0046, -0.0017],
        [ 0.0084, -0.0076],
        [-0.0549,  0.0532],
        [ 0.0287, -0.0290],
        [ 0.0779, -0.0767],
        [ 0.0496, -0.0483],
        [-0.1043,  0.1037],
        [ 0.0323, -0.0332]], device='cuda:0', requires_grad=True)
alpha 1 is Parameter containing:
tensor([[-0.0206,  0.0200],
        [ 0.0279, -0.0274],
        [-0.0211,  0.0250],
        [ 0.0161, -0.0165],
        [ 0.0330, -0.0347],
        [ 0.0221, -0.0215],
        [-0.0093,  0.0138],
        [-0.0189,  0.0190],
        [ 0.0489, -0.0493],
        [-0.0055,  0.0042],
        [-0.0527,  0.0522],
        [ 0.0075, -0.0063],
        [-0.0210,  0.0209],
        [-0.0002,  0.0002]], device='cuda:0', requires_grad=True)
[015-050] Search: Model metrics  : loss=0.39, accuracy@1=86.42%, accuracy@5=99.55%, time-cost=1854.9 s
[015-050] Search: Architecture metrics  : loss=0.52, accuracy@1=82.62%, accuracy@5=99.10%
[015-050] Evaluation:  : loss=0.49, accuracy@1=83.34%, accuracy@5=99.22%
[015-050] Layer Alignment score:  normal: 0.0000, reduce: 0.0000
<<<--->>> The 015-050-th epoch : found the highest validation accuracy : 83.34%.
alpha 0 is Parameter containing:
tensor([[-0.0019,  0.0003],
        [ 0.0226, -0.0231],
        [-0.0345,  0.0317],
        [ 0.0113, -0.0111],
        [-0.0149,  0.0147],
        [-0.0544,  0.0562],
        [-0.0002,  0.0030],
        [ 0.0174, -0.0166],
        [-0.0531,  0.0514],
        [ 0.0479, -0.0482],
        [ 0.1013, -0.1002],
        [ 0.0640, -0.0627],
        [-0.1188,  0.1181],
        [ 0.0399, -0.0407]], device='cuda:0', requires_grad=True)
alpha 1 is Parameter containing:
tensor([[-0.0313,  0.0308],
        [ 0.0253, -0.0248],
        [-0.0169,  0.0207],
        [ 0.0276, -0.0280],
        [ 0.0362, -0.0379],
        [ 0.0259, -0.0254],
        [ 0.0038,  0.0006],
        [-0.0132,  0.0134],
        [ 0.0599, -0.0604],
        [ 0.0043, -0.0057],
        [-0.0566,  0.0561],
        [ 0.0053, -0.0041],
        [-0.0212,  0.0211],
        [ 0.0051, -0.0051]], device='cuda:0', requires_grad=True)
[016-050] Search: Model metrics  : loss=0.38, accuracy@1=86.84%, accuracy@5=99.61%, time-cost=2050.1 s
[016-050] Search: Architecture metrics  : loss=0.53, accuracy@1=81.97%, accuracy@5=99.11%
[016-050] Evaluation:  : loss=0.49, accuracy@1=83.18%, accuracy@5=99.15%
[016-050] Layer Alignment score:  normal: 0.0000, reduce: 0.0000
alpha 0 is Parameter containing:
tensor([[-0.0014, -0.0002],
        [ 0.0225, -0.0229],
        [-0.0417,  0.0389],
        [ 0.0024, -0.0022],
        [-0.0154,  0.0153],
        [-0.0562,  0.0580],
        [ 0.0075, -0.0047],
        [ 0.0199, -0.0192],
        [-0.0623,  0.0607],
        [ 0.0627, -0.0630],
        [ 0.1204, -0.1192],
        [ 0.0736, -0.0723],
        [-0.1433,  0.1427],
        [ 0.0422, -0.0430]], device='cuda:0', requires_grad=True)
alpha 1 is Parameter containing:
tensor([[-0.0274,  0.0269],
        [ 0.0286, -0.0282],
        [-0.0264,  0.0302],
        [ 0.0398, -0.0403],
        [ 0.0433, -0.0450],
        [ 0.0272, -0.0267],
        [-0.0056,  0.0101],
        [-0.0105,  0.0106],
        [ 0.0642, -0.0646],
        [ 0.0042, -0.0055],
        [-0.0670,  0.0665],
        [-0.0061,  0.0073],
        [-0.0367,  0.0366],
        [-0.0011,  0.0011]], device='cuda:0', requires_grad=True)
[017-050] Search: Model metrics  : loss=0.38, accuracy@1=86.95%, accuracy@5=99.57%, time-cost=2244.1 s
[017-050] Search: Architecture metrics  : loss=0.53, accuracy@1=82.23%, accuracy@5=99.00%
[017-050] Evaluation:  : loss=0.49, accuracy@1=83.39%, accuracy@5=99.21%
[017-050] Layer Alignment score:  normal: 0.0000, reduce: 0.0000
<<<--->>> The 017-050-th epoch : found the highest validation accuracy : 83.39%.
alpha 0 is Parameter containing:
tensor([[-0.0109,  0.0093],
        [ 0.0200, -0.0204],
        [-0.0431,  0.0403],
        [ 0.0013, -0.0011],
        [-0.0052,  0.0050],
        [-0.0640,  0.0658],
        [ 0.0108, -0.0080],
        [ 0.0242, -0.0235],
        [-0.0628,  0.0612],
        [ 0.0714, -0.0717],
        [ 0.1439, -0.1428],
        [ 0.0875, -0.0862],
        [-0.1589,  0.1583],
        [ 0.0475, -0.0483]], device='cuda:0', requires_grad=True)
alpha 1 is Parameter containing:
tensor([[-0.0323,  0.0317],
        [ 0.0372, -0.0368],
        [-0.0282,  0.0320],
        [ 0.0433, -0.0437],
        [ 0.0445, -0.0461],
        [ 0.0362, -0.0356],
        [-0.0010,  0.0054],
        [-0.0091,  0.0092],
        [ 0.0739, -0.0743],
        [ 0.0104, -0.0117],
        [-0.0743,  0.0738],
        [-0.0065,  0.0077],
        [-0.0296,  0.0295],
        [-0.0060,  0.0060]], device='cuda:0', requires_grad=True)
[018-050] Search: Model metrics  : loss=0.38, accuracy@1=86.87%, accuracy@5=99.57%, time-cost=2437.8 s
[018-050] Search: Architecture metrics  : loss=0.51, accuracy@1=82.54%, accuracy@5=99.02%
[018-050] Evaluation:  : loss=0.49, accuracy@1=83.06%, accuracy@5=99.13%
[018-050] Layer Alignment score:  normal: 0.0000, reduce: 0.0000
alpha 0 is Parameter containing:
tensor([[-0.0249,  0.0233],
        [ 0.0230, -0.0235],
        [-0.0572,  0.0544],
        [ 0.0027, -0.0025],
        [-0.0114,  0.0112],
        [-0.0684,  0.0702],
        [ 0.0010,  0.0017],
        [ 0.0245, -0.0237],
        [-0.0742,  0.0725],
        [ 0.0737, -0.0740],
        [ 0.1594, -0.1583],
        [ 0.1006, -0.0993],
        [-0.1956,  0.1950],
        [ 0.0478, -0.0486]], device='cuda:0', requires_grad=True)
alpha 1 is Parameter containing:
tensor([[-0.0416,  0.0410],
        [ 0.0374, -0.0369],
        [-0.0232,  0.0269],
        [ 0.0307, -0.0312],
        [ 0.0394, -0.0410],
        [ 0.0408, -0.0403],
        [-0.0034,  0.0078],
        [-0.0135,  0.0137],
        [ 0.0742, -0.0746],
        [ 0.0175, -0.0188],
        [-0.0811,  0.0806],
        [-0.0260,  0.0271],
        [-0.0338,  0.0336],
        [-0.0119,  0.0119]], device='cuda:0', requires_grad=True)
[019-050] Search: Model metrics  : loss=0.37, accuracy@1=87.19%, accuracy@5=99.52%, time-cost=2631.6 s
[019-050] Search: Architecture metrics  : loss=0.52, accuracy@1=82.56%, accuracy@5=99.07%
[019-050] Evaluation:  : loss=0.48, accuracy@1=83.41%, accuracy@5=99.23%
[019-050] Layer Alignment score:  normal: 0.0000, reduce: 0.0000
<<<--->>> The 019-050-th epoch : found the highest validation accuracy : 83.41%.
alpha 0 is Parameter containing:
tensor([[-0.0147,  0.0131],
        [ 0.0178, -0.0183],
        [-0.0557,  0.0529],
        [-0.0008,  0.0011],
        [-0.0094,  0.0092],
        [-0.0804,  0.0821],
        [-0.0045,  0.0073],
        [ 0.0428, -0.0420],
        [-0.0835,  0.0819],
        [ 0.0858, -0.0861],
        [ 0.1862, -0.1851],
        [ 0.1153, -0.1140],
        [-0.2149,  0.2143],
        [ 0.0528, -0.0536]], device='cuda:0', requires_grad=True)
alpha 1 is Parameter containing:
tensor([[-0.0420,  0.0414],
        [ 0.0487, -0.0482],
        [-0.0237,  0.0274],
        [ 0.0439, -0.0443],
        [ 0.0431, -0.0447],
        [ 0.0415, -0.0409],
        [-0.0041,  0.0083],
        [-0.0106,  0.0107],
        [ 0.0771, -0.0775],
        [ 0.0259, -0.0272],
        [-0.0810,  0.0805],
        [-0.0338,  0.0349],
        [-0.0412,  0.0411],
        [-0.0182,  0.0182]], device='cuda:0', requires_grad=True)
[020-050] Search: Model metrics  : loss=0.37, accuracy@1=87.07%, accuracy@5=99.60%, time-cost=2825.3 s
[020-050] Search: Architecture metrics  : loss=0.51, accuracy@1=82.75%, accuracy@5=99.18%
[020-050] Evaluation:  : loss=0.50, accuracy@1=83.10%, accuracy@5=99.17%
[020-050] Layer Alignment score:  normal: 0.0000, reduce: 0.0000
alpha 0 is Parameter containing:
tensor([[-0.0245,  0.0229],
        [ 0.0164, -0.0168],
        [-0.0606,  0.0578],
        [-0.0057,  0.0059],
        [ 0.0059, -0.0061],
        [-0.0939,  0.0957],
        [-0.0082,  0.0109],
        [ 0.0483, -0.0476],
        [-0.0937,  0.0921],
        [ 0.0889, -0.0891],
        [ 0.2101, -0.2090],
        [ 0.1330, -0.1318],
        [-0.2312,  0.2306],
        [ 0.0588, -0.0596]], device='cuda:0', requires_grad=True)
alpha 1 is Parameter containing:
tensor([[-0.0437,  0.0431],
        [ 0.0533, -0.0529],
        [-0.0183,  0.0221],
        [ 0.0431, -0.0435],
        [ 0.0435, -0.0452],
        [ 0.0342, -0.0337],
        [-0.0059,  0.0101],
        [-0.0128,  0.0129],
        [ 0.0746, -0.0750],
        [ 0.0380, -0.0392],
        [-0.0957,  0.0952],
        [-0.0515,  0.0526],
        [-0.0557,  0.0556],
        [-0.0288,  0.0288]], device='cuda:0', requires_grad=True)
[021-050] Search: Model metrics  : loss=0.36, accuracy@1=87.46%, accuracy@5=99.57%, time-cost=3019.2 s
[021-050] Search: Architecture metrics  : loss=0.51, accuracy@1=82.74%, accuracy@5=99.05%
[021-050] Evaluation:  : loss=0.48, accuracy@1=83.77%, accuracy@5=99.24%
[021-050] Layer Alignment score:  normal: 0.0000, reduce: 0.0000
<<<--->>> The 021-050-th epoch : found the highest validation accuracy : 83.77%.
alpha 0 is Parameter containing:
tensor([[-0.0188,  0.0172],
        [ 0.0162, -0.0166],
        [-0.0636,  0.0608],
        [-0.0019,  0.0021],
        [-0.0024,  0.0022],
        [-0.0941,  0.0958],
        [-0.0103,  0.0130],
        [ 0.0539, -0.0532],
        [-0.0907,  0.0891],
        [ 0.0962, -0.0965],
        [ 0.2312, -0.2301],
        [ 0.1458, -0.1446],
        [-0.2510,  0.2503],
        [ 0.0512, -0.0520]], device='cuda:0', requires_grad=True)
alpha 1 is Parameter containing:
tensor([[-0.0500,  0.0494],
        [ 0.0528, -0.0524],
        [-0.0256,  0.0292],
        [ 0.0569, -0.0573],
        [ 0.0523, -0.0539],
        [ 0.0446, -0.0441],
        [-0.0074,  0.0116],
        [-0.0089,  0.0090],
        [ 0.0766, -0.0770],
        [ 0.0479, -0.0492],
        [-0.1001,  0.0996],
        [-0.0495,  0.0506],
        [-0.0571,  0.0570],
        [-0.0259,  0.0259]], device='cuda:0', requires_grad=True)
[022-050] Search: Model metrics  : loss=0.36, accuracy@1=87.24%, accuracy@5=99.55%, time-cost=3214.3 s
[022-050] Search: Architecture metrics  : loss=0.52, accuracy@1=82.71%, accuracy@5=98.90%
[022-050] Evaluation:  : loss=0.48, accuracy@1=83.62%, accuracy@5=99.20%
[022-050] Layer Alignment score:  normal: 0.0000, reduce: 0.0000
alpha 0 is Parameter containing:
tensor([[-0.0234,  0.0217],
        [ 0.0210, -0.0214],
        [-0.0544,  0.0517],
        [ 0.0038, -0.0036],
        [-0.0060,  0.0058],
        [-0.0960,  0.0977],
        [-0.0146,  0.0172],
        [ 0.0570, -0.0562],
        [-0.0965,  0.0949],
        [ 0.1146, -0.1149],
        [ 0.2531, -0.2520],
        [ 0.1658, -0.1645],
        [-0.2602,  0.2596],
        [ 0.0597, -0.0605]], device='cuda:0', requires_grad=True)
alpha 1 is Parameter containing:
tensor([[-0.0518,  0.0512],
        [ 0.0638, -0.0634],
        [-0.0319,  0.0355],
        [ 0.0572, -0.0576],
        [ 0.0521, -0.0538],
        [ 0.0479, -0.0473],
        [-0.0123,  0.0164],
        [-0.0128,  0.0129],
        [ 0.0869, -0.0873],
        [ 0.0573, -0.0585],
        [-0.0998,  0.0994],
        [-0.0534,  0.0545],
        [-0.0652,  0.0651],
        [-0.0342,  0.0342]], device='cuda:0', requires_grad=True)
[023-050] Search: Model metrics  : loss=0.36, accuracy@1=87.60%, accuracy@5=99.59%, time-cost=3407.8 s
[023-050] Search: Architecture metrics  : loss=0.51, accuracy@1=83.12%, accuracy@5=99.11%
[023-050] Evaluation:  : loss=0.49, accuracy@1=83.48%, accuracy@5=99.19%
[023-050] Layer Alignment score:  normal: 0.0000, reduce: 0.0000
alpha 0 is Parameter containing:
tensor([[-0.0276,  0.0260],
        [ 0.0056, -0.0060],
        [-0.0631,  0.0604],
        [ 0.0115, -0.0113],
        [-0.0072,  0.0070],
        [-0.0987,  0.1004],
        [-0.0124,  0.0150],
        [ 0.0752, -0.0745],
        [-0.1071,  0.1055],
        [ 0.1221, -0.1224],
        [ 0.2619, -0.2608],
        [ 0.1815, -0.1802],
        [-0.2620,  0.2614],
        [ 0.0639, -0.0647]], device='cuda:0', requires_grad=True)
alpha 1 is Parameter containing:
tensor([[-0.0523,  0.0518],
        [ 0.0691, -0.0686],
        [-0.0434,  0.0471],
        [ 0.0577, -0.0581],
        [ 0.0516, -0.0532],
        [ 0.0445, -0.0440],
        [ 0.0003,  0.0038],
        [-0.0097,  0.0099],
        [ 0.0862, -0.0866],
        [ 0.0734, -0.0746],
        [-0.1038,  0.1033],
        [-0.0624,  0.0635],
        [-0.0741,  0.0740],
        [-0.0325,  0.0325]], device='cuda:0', requires_grad=True)
[024-050] Search: Model metrics  : loss=0.36, accuracy@1=87.57%, accuracy@5=99.58%, time-cost=3602.8 s
[024-050] Search: Architecture metrics  : loss=0.51, accuracy@1=83.22%, accuracy@5=99.20%
[024-050] Evaluation:  : loss=0.48, accuracy@1=83.91%, accuracy@5=99.22%
[024-050] Layer Alignment score:  normal: 0.0000, reduce: 0.0000
<<<--->>> The 024-050-th epoch : found the highest validation accuracy : 83.91%.
alpha 0 is Parameter containing:
tensor([[-0.0389,  0.0373],
        [ 0.0109, -0.0113],
        [-0.0717,  0.0691],
        [ 0.0061, -0.0059],
        [-0.0094,  0.0093],
        [-0.1172,  0.1189],
        [-0.0197,  0.0223],
        [ 0.0754, -0.0746],
        [-0.1179,  0.1163],
        [ 0.1257, -0.1260],
        [ 0.2786, -0.2776],
        [ 0.1891, -0.1879],
        [-0.2794,  0.2788],
        [ 0.0606, -0.0614]], device='cuda:0', requires_grad=True)
alpha 1 is Parameter containing:
tensor([[-0.0543,  0.0538],
        [ 0.0560, -0.0555],
        [-0.0492,  0.0528],
        [ 0.0623, -0.0627],
        [ 0.0440, -0.0456],
        [ 0.0469, -0.0464],
        [-0.0086,  0.0127],
        [-0.0131,  0.0133],
        [ 0.0884, -0.0888],
        [ 0.0801, -0.0813],
        [-0.1142,  0.1137],
        [-0.0692,  0.0703],
        [-0.0722,  0.0721],
        [-0.0377,  0.0377]], device='cuda:0', requires_grad=True)
[025-050] Search: Model metrics  : loss=0.36, accuracy@1=87.64%, accuracy@5=99.66%, time-cost=3796.6 s
[025-050] Search: Architecture metrics  : loss=0.50, accuracy@1=83.03%, accuracy@5=99.06%
[025-050] Evaluation:  : loss=0.48, accuracy@1=83.57%, accuracy@5=99.22%
[025-050] Layer Alignment score:  normal: 0.0000, reduce: 0.0000
alpha 0 is Parameter containing:
tensor([[-0.0451,  0.0435],
        [ 0.0135, -0.0139],
        [-0.0656,  0.0629],
        [ 0.0141, -0.0138],
        [-0.0046,  0.0044],
        [-0.1268,  0.1285],
        [-0.0242,  0.0269],
        [ 0.0844, -0.0837],
        [-0.1194,  0.1178],
        [ 0.1385, -0.1388],
        [ 0.2988, -0.2977],
        [ 0.2080, -0.2067],
        [-0.2770,  0.2764],
        [ 0.0685, -0.0693]], device='cuda:0', requires_grad=True)
alpha 1 is Parameter containing:
tensor([[-0.0530,  0.0525],
        [ 0.0560, -0.0555],
        [-0.0498,  0.0534],
        [ 0.0683, -0.0686],
        [ 0.0417, -0.0433],
        [ 0.0421, -0.0416],
        [-0.0104,  0.0144],
        [-0.0054,  0.0055],
        [ 0.0966, -0.0970],
        [ 0.0770, -0.0782],
        [-0.1248,  0.1244],
        [-0.0731,  0.0742],
        [-0.0689,  0.0688],
        [-0.0430,  0.0430]], device='cuda:0', requires_grad=True)
[026-050] Search: Model metrics  : loss=0.35, accuracy@1=87.73%, accuracy@5=99.61%, time-cost=3990.5 s
[026-050] Search: Architecture metrics  : loss=0.52, accuracy@1=82.82%, accuracy@5=98.98%
[026-050] Evaluation:  : loss=0.47, accuracy@1=83.76%, accuracy@5=99.22%
[026-050] Layer Alignment score:  normal: 0.0000, reduce: 0.0000
alpha 0 is Parameter containing:
tensor([[-0.0408,  0.0392],
        [ 0.0120, -0.0124],
        [-0.0650,  0.0624],
        [ 0.0186, -0.0183],
        [-0.0043,  0.0041],
        [-0.1287,  0.1304],
        [-0.0256,  0.0282],
        [ 0.0860, -0.0852],
        [-0.1333,  0.1318],
        [ 0.1392, -0.1395],
        [ 0.3148, -0.3137],
        [ 0.2189, -0.2177],
        [-0.2842,  0.2836],
        [ 0.0737, -0.0745]], device='cuda:0', requires_grad=True)
alpha 1 is Parameter containing:
tensor([[-0.0496,  0.0491],
        [ 0.0460, -0.0456],
        [-0.0552,  0.0588],
        [ 0.0581, -0.0585],
        [ 0.0478, -0.0493],
        [ 0.0352, -0.0347],
        [-0.0063,  0.0102],
        [-0.0020,  0.0021],
        [ 0.1019, -0.1023],
        [ 0.0818, -0.0830],
        [-0.1303,  0.1299],
        [-0.0815,  0.0826],
        [-0.0701,  0.0700],
        [-0.0565,  0.0565]], device='cuda:0', requires_grad=True)
[027-050] Search: Model metrics  : loss=0.35, accuracy@1=87.79%, accuracy@5=99.59%, time-cost=4184.4 s
[027-050] Search: Architecture metrics  : loss=0.50, accuracy@1=83.10%, accuracy@5=99.10%
[027-050] Evaluation:  : loss=0.48, accuracy@1=83.72%, accuracy@5=99.18%
[027-050] Layer Alignment score:  normal: 0.0000, reduce: 0.0000
alpha 0 is Parameter containing:
tensor([[-0.0384,  0.0368],
        [ 0.0106, -0.0110],
        [-0.0733,  0.0706],
        [ 0.0181, -0.0179],
        [-0.0058,  0.0056],
        [-0.1475,  0.1492],
        [-0.0167,  0.0193],
        [ 0.0919, -0.0911],
        [-0.1356,  0.1340],
        [ 0.1504, -0.1507],
        [ 0.3356, -0.3346],
        [ 0.2246, -0.2234],
        [-0.3079,  0.3073],
        [ 0.0747, -0.0754]], device='cuda:0', requires_grad=True)
alpha 1 is Parameter containing:
tensor([[-0.0527,  0.0522],
        [ 0.0559, -0.0555],
        [-0.0520,  0.0555],
        [ 0.0503, -0.0507],
        [ 0.0403, -0.0418],
        [ 0.0298, -0.0293],
        [-0.0044,  0.0083],
        [ 0.0043, -0.0042],
        [ 0.1141, -0.1145],
        [ 0.0836, -0.0848],
        [-0.1392,  0.1387],
        [-0.0927,  0.0937],
        [-0.0639,  0.0638],
        [-0.0545,  0.0545]], device='cuda:0', requires_grad=True)
[028-050] Search: Model metrics  : loss=0.35, accuracy@1=87.90%, accuracy@5=99.63%, time-cost=4377.6 s
[028-050] Search: Architecture metrics  : loss=0.50, accuracy@1=83.14%, accuracy@5=99.19%
[028-050] Evaluation:  : loss=0.48, accuracy@1=83.76%, accuracy@5=99.23%
[028-050] Layer Alignment score:  normal: 0.0000, reduce: 0.0000
alpha 0 is Parameter containing:
tensor([[-0.0508,  0.0492],
        [-0.0021,  0.0017],
        [-0.0801,  0.0774],
        [ 0.0188, -0.0186],
        [-0.0138,  0.0137],
        [-0.1572,  0.1588],
        [-0.0248,  0.0274],
        [ 0.0914, -0.0906],
        [-0.1361,  0.1345],
        [ 0.1538, -0.1540],
        [ 0.3470, -0.3460],
        [ 0.2276, -0.2264],
        [-0.3140,  0.3134],
        [ 0.0790, -0.0797]], device='cuda:0', requires_grad=True)
alpha 1 is Parameter containing:
tensor([[-0.0474,  0.0469],
        [ 0.0553, -0.0549],
        [-0.0555,  0.0590],
        [ 0.0470, -0.0473],
        [ 0.0307, -0.0323],
        [ 0.0223, -0.0218],
        [-0.0064,  0.0103],
        [ 0.0081, -0.0080],
        [ 0.1109, -0.1113],
        [ 0.0731, -0.0743],
        [-0.1325,  0.1321],
        [-0.1030,  0.1040],
        [-0.0688,  0.0687],
        [-0.0560,  0.0560]], device='cuda:0', requires_grad=True)
[029-050] Search: Model metrics  : loss=0.35, accuracy@1=88.04%, accuracy@5=99.63%, time-cost=4571.7 s
[029-050] Search: Architecture metrics  : loss=0.50, accuracy@1=83.07%, accuracy@5=99.12%
[029-050] Evaluation:  : loss=0.48, accuracy@1=83.88%, accuracy@5=99.23%
[029-050] Layer Alignment score:  normal: 0.0000, reduce: 0.0000
alpha 0 is Parameter containing:
tensor([[-0.0480,  0.0465],
        [-0.0023,  0.0018],
        [-0.0754,  0.0728],
        [ 0.0217, -0.0214],
        [-0.0093,  0.0091],
        [-0.1582,  0.1599],
        [-0.0144,  0.0169],
        [ 0.1031, -0.1023],
        [-0.1398,  0.1383],
        [ 0.1650, -0.1652],
        [ 0.3647, -0.3637],
        [ 0.2350, -0.2338],
        [-0.3332,  0.3326],
        [ 0.0756, -0.0764]], device='cuda:0', requires_grad=True)
alpha 1 is Parameter containing:
tensor([[-0.0449,  0.0444],
        [ 0.0533, -0.0529],
        [-0.0440,  0.0475],
        [ 0.0379, -0.0383],
        [ 0.0288, -0.0304],
        [ 0.0220, -0.0215],
        [-0.0012,  0.0051],
        [ 0.0069, -0.0068],
        [ 0.1116, -0.1119],
        [ 0.0835, -0.0847],
        [-0.1282,  0.1278],
        [-0.1035,  0.1045],
        [-0.0646,  0.0645],
        [-0.0565,  0.0565]], device='cuda:0', requires_grad=True)
[030-050] Search: Model metrics  : loss=0.35, accuracy@1=87.75%, accuracy@5=99.63%, time-cost=4766.7 s
[030-050] Search: Architecture metrics  : loss=0.50, accuracy@1=83.08%, accuracy@5=99.16%
[030-050] Evaluation:  : loss=0.48, accuracy@1=83.63%, accuracy@5=99.25%
[030-050] Layer Alignment score:  normal: 0.0000, reduce: 0.0000
alpha 0 is Parameter containing:
tensor([[-0.0499,  0.0484],
        [ 0.0004, -0.0008],
        [-0.0741,  0.0715],
        [ 0.0213, -0.0211],
        [-0.0144,  0.0142],
        [-0.1528,  0.1545],
        [-0.0140,  0.0165],
        [ 0.1028, -0.1020],
        [-0.1346,  0.1331],
        [ 0.1728, -0.1731],
        [ 0.3730, -0.3720],
        [ 0.2378, -0.2366],
        [-0.3421,  0.3415],
        [ 0.0800, -0.0808]], device='cuda:0', requires_grad=True)
alpha 1 is Parameter containing:
tensor([[-0.0430,  0.0424],
        [ 0.0581, -0.0577],
        [-0.0534,  0.0569],
        [ 0.0368, -0.0372],
        [ 0.0313, -0.0328],
        [ 0.0281, -0.0276],
        [ 0.0011,  0.0027],
        [-0.0014,  0.0015],
        [ 0.1223, -0.1227],
        [ 0.0860, -0.0871],
        [-0.1311,  0.1306],
        [-0.1059,  0.1069],
        [-0.0636,  0.0635],
        [-0.0477,  0.0477]], device='cuda:0', requires_grad=True)
[031-050] Search: Model metrics  : loss=0.34, accuracy@1=87.97%, accuracy@5=99.64%, time-cost=4960.9 s
[031-050] Search: Architecture metrics  : loss=0.50, accuracy@1=83.16%, accuracy@5=99.14%
[031-050] Evaluation:  : loss=0.47, accuracy@1=83.90%, accuracy@5=99.18%
[031-050] Layer Alignment score:  normal: 0.0000, reduce: 0.0000
alpha 0 is Parameter containing:
tensor([[-0.0586,  0.0570],
        [ 0.0055, -0.0059],
        [-0.0754,  0.0728],
        [ 0.0213, -0.0210],
        [-0.0144,  0.0143],
        [-0.1606,  0.1622],
        [-0.0112,  0.0137],
        [ 0.1042, -0.1034],
        [-0.1344,  0.1329],
        [ 0.1858, -0.1861],
        [ 0.3957, -0.3947],
        [ 0.2499, -0.2487],
        [-0.3514,  0.3509],
        [ 0.0791, -0.0799]], device='cuda:0', requires_grad=True)
alpha 1 is Parameter containing:
tensor([[-0.0409,  0.0403],
        [ 0.0650, -0.0646],
        [-0.0409,  0.0444],
        [ 0.0303, -0.0306],
        [ 0.0322, -0.0337],
        [ 0.0356, -0.0352],
        [ 0.0004,  0.0033],
        [ 0.0019, -0.0018],
        [ 0.1296, -0.1300],
        [ 0.0891, -0.0903],
        [-0.1322,  0.1318],
        [-0.1072,  0.1082],
        [-0.0581,  0.0581],
        [-0.0457,  0.0457]], device='cuda:0', requires_grad=True)
[032-050] Search: Model metrics  : loss=0.34, accuracy@1=88.22%, accuracy@5=99.67%, time-cost=5154.4 s
[032-050] Search: Architecture metrics  : loss=0.49, accuracy@1=83.08%, accuracy@5=99.18%
[032-050] Evaluation:  : loss=0.47, accuracy@1=84.07%, accuracy@5=99.30%
[032-050] Layer Alignment score:  normal: 0.0000, reduce: 0.0000
<<<--->>> The 032-050-th epoch : found the highest validation accuracy : 84.07%.
alpha 0 is Parameter containing:
tensor([[-0.0708,  0.0692],
        [ 0.0101, -0.0105],
        [-0.0746,  0.0721],
        [ 0.0209, -0.0206],
        [-0.0176,  0.0174],
        [-0.1671,  0.1688],
        [-0.0071,  0.0096],
        [ 0.1041, -0.1034],
        [-0.1311,  0.1296],
        [ 0.1932, -0.1935],
        [ 0.4069, -0.4058],
        [ 0.2516, -0.2504],
        [-0.3616,  0.3610],
        [ 0.0807, -0.0815]], device='cuda:0', requires_grad=True)
alpha 1 is Parameter containing:
tensor([[-0.0493,  0.0487],
        [ 0.0767, -0.0762],
        [-0.0381,  0.0416],
        [ 0.0202, -0.0206],
        [ 0.0379, -0.0394],
        [ 0.0435, -0.0430],
        [-0.0077,  0.0114],
        [ 0.0003, -0.0002],
        [ 0.1453, -0.1457],
        [ 0.0808, -0.0819],
        [-0.1457,  0.1452],
        [-0.1099,  0.1109],
        [-0.0639,  0.0638],
        [-0.0429,  0.0429]], device='cuda:0', requires_grad=True)
[033-050] Search: Model metrics  : loss=0.34, accuracy@1=88.01%, accuracy@5=99.63%, time-cost=5347.7 s
[033-050] Search: Architecture metrics  : loss=0.51, accuracy@1=83.06%, accuracy@5=99.15%
[033-050] Evaluation:  : loss=0.47, accuracy@1=84.21%, accuracy@5=99.22%
[033-050] Layer Alignment score:  normal: 0.0000, reduce: 0.0000
<<<--->>> The 033-050-th epoch : found the highest validation accuracy : 84.21%.
alpha 0 is Parameter containing:
tensor([[-0.0685,  0.0669],
        [ 0.0184, -0.0188],
        [-0.0751,  0.0725],
        [ 0.0279, -0.0277],
        [-0.0205,  0.0203],
        [-0.1717,  0.1733],
        [-0.0068,  0.0093],
        [ 0.1009, -0.1002],
        [-0.1336,  0.1321],
        [ 0.1934, -0.1937],
        [ 0.4257, -0.4247],
        [ 0.2556, -0.2544],
        [-0.3774,  0.3768],
        [ 0.0800, -0.0808]], device='cuda:0', requires_grad=True)
alpha 1 is Parameter containing:
tensor([[-0.0437,  0.0432],
        [ 0.0713, -0.0709],
        [-0.0455,  0.0489],
        [ 0.0118, -0.0121],
        [ 0.0427, -0.0442],
        [ 0.0459, -0.0454],
        [-0.0028,  0.0065],
        [ 0.0059, -0.0058],
        [ 0.1523, -0.1526],
        [ 0.0898, -0.0909],
        [-0.1468,  0.1464],
        [-0.1131,  0.1141],
        [-0.0664,  0.0663],
        [-0.0392,  0.0392]], device='cuda:0', requires_grad=True)
[034-050] Search: Model metrics  : loss=0.34, accuracy@1=88.31%, accuracy@5=99.66%, time-cost=5542.5 s
[034-050] Search: Architecture metrics  : loss=0.51, accuracy@1=83.12%, accuracy@5=99.14%
[034-050] Evaluation:  : loss=0.48, accuracy@1=83.98%, accuracy@5=99.27%
[034-050] Layer Alignment score:  normal: 0.0000, reduce: 0.0000
alpha 0 is Parameter containing:
tensor([[-0.0630,  0.0615],
        [ 0.0088, -0.0092],
        [-0.0771,  0.0745],
        [ 0.0302, -0.0299],
        [-0.0253,  0.0251],
        [-0.1713,  0.1729],
        [-0.0090,  0.0115],
        [ 0.0975, -0.0968],
        [-0.1379,  0.1364],
        [ 0.2048, -0.2051],
        [ 0.4384, -0.4374],
        [ 0.2610, -0.2599],
        [-0.3908,  0.3903],
        [ 0.0860, -0.0868]], device='cuda:0', requires_grad=True)
alpha 1 is Parameter containing:
tensor([[-0.0388,  0.0383],
        [ 0.0719, -0.0715],
        [-0.0508,  0.0542],
        [ 0.0118, -0.0121],
        [ 0.0411, -0.0426],
        [ 0.0499, -0.0494],
        [-0.0164,  0.0201],
        [ 0.0066, -0.0065],
        [ 0.1498, -0.1502],
        [ 0.0886, -0.0897],
        [-0.1532,  0.1528],
        [-0.1133,  0.1143],
        [-0.0691,  0.0690],
        [-0.0483,  0.0483]], device='cuda:0', requires_grad=True)
[035-050] Search: Model metrics  : loss=0.34, accuracy@1=88.26%, accuracy@5=99.66%, time-cost=5737.0 s
[035-050] Search: Architecture metrics  : loss=0.50, accuracy@1=83.58%, accuracy@5=99.11%
[035-050] Evaluation:  : loss=0.48, accuracy@1=83.76%, accuracy@5=99.23%
[035-050] Layer Alignment score:  normal: 0.0000, reduce: 0.0000
alpha 0 is Parameter containing:
tensor([[-0.0669,  0.0654],
        [ 0.0011, -0.0015],
        [-0.0728,  0.0703],
        [ 0.0189, -0.0187],
        [-0.0255,  0.0253],
        [-0.1722,  0.1738],
        [-0.0123,  0.0147],
        [ 0.0990, -0.0983],
        [-0.1381,  0.1366],
        [ 0.2098, -0.2100],
        [ 0.4452, -0.4442],
        [ 0.2714, -0.2702],
        [-0.3950,  0.3944],
        [ 0.0853, -0.0861]], device='cuda:0', requires_grad=True)
alpha 1 is Parameter containing:
tensor([[-0.0301,  0.0295],
        [ 0.0780, -0.0776],
        [-0.0535,  0.0568],
        [ 0.0129, -0.0132],
        [ 0.0446, -0.0461],
        [ 0.0542, -0.0537],
        [-0.0116,  0.0152],
        [-0.0081,  0.0082],
        [ 0.1486, -0.1490],
        [ 0.1024, -0.1035],
        [-0.1648,  0.1644],
        [-0.1177,  0.1187],
        [-0.0692,  0.0691],
        [-0.0361,  0.0361]], device='cuda:0', requires_grad=True)
[036-050] Search: Model metrics  : loss=0.34, accuracy@1=88.31%, accuracy@5=99.63%, time-cost=5929.9 s
[036-050] Search: Architecture metrics  : loss=0.49, accuracy@1=83.42%, accuracy@5=99.26%
[036-050] Evaluation:  : loss=0.47, accuracy@1=83.83%, accuracy@5=99.23%
[036-050] Layer Alignment score:  normal: 0.0000, reduce: 0.0000
alpha 0 is Parameter containing:
tensor([[-0.0796,  0.0780],
        [-0.0010,  0.0006],
        [-0.0727,  0.0702],
        [ 0.0225, -0.0223],
        [-0.0264,  0.0262],
        [-0.1817,  0.1833],
        [-0.0087,  0.0112],
        [ 0.1073, -0.1066],
        [-0.1419,  0.1404],
        [ 0.2112, -0.2115],
        [ 0.4589, -0.4579],
        [ 0.2845, -0.2834],
        [-0.4042,  0.4037],
        [ 0.0916, -0.0924]], device='cuda:0', requires_grad=True)
alpha 1 is Parameter containing:
tensor([[-0.0346,  0.0341],
        [ 0.0845, -0.0841],
        [-0.0417,  0.0450],
        [ 0.0170, -0.0174],
        [ 0.0378, -0.0393],
        [ 0.0532, -0.0527],
        [-0.0138,  0.0174],
        [-0.0070,  0.0071],
        [ 0.1578, -0.1582],
        [ 0.1083, -0.1094],
        [-0.1698,  0.1694],
        [-0.1241,  0.1251],
        [-0.0595,  0.0594],
        [-0.0359,  0.0359]], device='cuda:0', requires_grad=True)
[037-050] Search: Model metrics  : loss=0.33, accuracy@1=88.34%, accuracy@5=99.65%, time-cost=6124.4 s
[037-050] Search: Architecture metrics  : loss=0.49, accuracy@1=83.46%, accuracy@5=99.10%
[037-050] Evaluation:  : loss=0.47, accuracy@1=84.20%, accuracy@5=99.26%
[037-050] Layer Alignment score:  normal: 0.0000, reduce: 0.0000
alpha 0 is Parameter containing:
tensor([[-0.0767,  0.0751],
        [-0.0016,  0.0012],
        [-0.0740,  0.0715],
        [ 0.0192, -0.0190],
        [-0.0259,  0.0257],
        [-0.1921,  0.1937],
        [-0.0107,  0.0131],
        [ 0.1138, -0.1131],
        [-0.1382,  0.1368],
        [ 0.2229, -0.2232],
        [ 0.4713, -0.4703],
        [ 0.2921, -0.2909],
        [-0.4113,  0.4108],
        [ 0.0899, -0.0906]], device='cuda:0', requires_grad=True)
alpha 1 is Parameter containing:
tensor([[-0.0370,  0.0365],
        [ 0.0890, -0.0886],
        [-0.0425,  0.0458],
        [ 0.0123, -0.0127],
        [ 0.0395, -0.0410],
        [ 0.0544, -0.0539],
        [-0.0012,  0.0047],
        [-0.0043,  0.0044],
        [ 0.1563, -0.1567],
        [ 0.1131, -0.1142],
        [-0.1762,  0.1758],
        [-0.1231,  0.1241],
        [-0.0646,  0.0645],
        [-0.0430,  0.0430]], device='cuda:0', requires_grad=True)
[038-050] Search: Model metrics  : loss=0.33, accuracy@1=88.32%, accuracy@5=99.66%, time-cost=6317.8 s
[038-050] Search: Architecture metrics  : loss=0.51, accuracy@1=82.92%, accuracy@5=99.11%
[038-050] Evaluation:  : loss=0.47, accuracy@1=84.18%, accuracy@5=99.20%
[038-050] Layer Alignment score:  normal: 0.0000, reduce: 0.0000
alpha 0 is Parameter containing:
tensor([[-0.0783,  0.0767],
        [-0.0026,  0.0022],
        [-0.0813,  0.0788],
        [ 0.0176, -0.0174],
        [-0.0313,  0.0311],
        [-0.2046,  0.2062],
        [-0.0059,  0.0083],
        [ 0.1084, -0.1077],
        [-0.1422,  0.1407],
        [ 0.2308, -0.2310],
        [ 0.4950, -0.4941],
        [ 0.3015, -0.3004],
        [-0.4224,  0.4219],
        [ 0.0974, -0.0981]], device='cuda:0', requires_grad=True)
alpha 1 is Parameter containing:
tensor([[-0.0383,  0.0378],
        [ 0.0941, -0.0937],
        [-0.0374,  0.0407],
        [ 0.0139, -0.0142],
        [ 0.0444, -0.0458],
        [ 0.0540, -0.0536],
        [-0.0049,  0.0084],
        [ 0.0047, -0.0046],
        [ 0.1615, -0.1619],
        [ 0.1125, -0.1136],
        [-0.1716,  0.1712],
        [-0.1175,  0.1184],
        [-0.0577,  0.0576],
        [-0.0488,  0.0488]], device='cuda:0', requires_grad=True)
[039-050] Search: Model metrics  : loss=0.33, accuracy@1=88.51%, accuracy@5=99.67%, time-cost=6511.1 s
[039-050] Search: Architecture metrics  : loss=0.50, accuracy@1=83.42%, accuracy@5=99.16%
[039-050] Evaluation:  : loss=0.46, accuracy@1=84.16%, accuracy@5=99.30%
[039-050] Layer Alignment score:  normal: 0.0000, reduce: 0.0000
alpha 0 is Parameter containing:
tensor([[-0.0805,  0.0790],
        [-0.0025,  0.0021],
        [-0.0877,  0.0852],
        [ 0.0110, -0.0108],
        [-0.0327,  0.0326],
        [-0.2056,  0.2071],
        [-0.0009,  0.0033],
        [ 0.1226, -0.1219],
        [-0.1390,  0.1376],
        [ 0.2355, -0.2357],
        [ 0.5110, -0.5100],
        [ 0.3121, -0.3110],
        [-0.4228,  0.4223],
        [ 0.0964, -0.0972]], device='cuda:0', requires_grad=True)
alpha 1 is Parameter containing:
tensor([[-0.0378,  0.0373],
        [ 0.1005, -0.1001],
        [-0.0322,  0.0355],
        [ 0.0161, -0.0164],
        [ 0.0603, -0.0617],
        [ 0.0641, -0.0636],
        [ 0.0022,  0.0012],
        [ 0.0114, -0.0113],
        [ 0.1650, -0.1654],
        [ 0.1178, -0.1189],
        [-0.1763,  0.1759],
        [-0.1293,  0.1303],
        [-0.0641,  0.0640],
        [-0.0534,  0.0534]], device='cuda:0', requires_grad=True)
[040-050] Search: Model metrics  : loss=0.33, accuracy@1=88.48%, accuracy@5=99.66%, time-cost=6705.4 s
[040-050] Search: Architecture metrics  : loss=0.48, accuracy@1=83.84%, accuracy@5=99.09%
[040-050] Evaluation:  : loss=0.47, accuracy@1=84.22%, accuracy@5=99.25%
[040-050] Layer Alignment score:  normal: 0.0000, reduce: 0.0000
<<<--->>> The 040-050-th epoch : found the highest validation accuracy : 84.22%.
alpha 0 is Parameter containing:
tensor([[-0.0770,  0.0755],
        [-0.0093,  0.0089],
        [-0.0865,  0.0841],
        [ 0.0123, -0.0121],
        [-0.0252,  0.0250],
        [-0.2034,  0.2050],
        [-0.0075,  0.0099],
        [ 0.1325, -0.1318],
        [-0.1461,  0.1446],
        [ 0.2355, -0.2357],
        [ 0.5240, -0.5230],
        [ 0.3221, -0.3210],
        [-0.4284,  0.4279],
        [ 0.0998, -0.1006]], device='cuda:0', requires_grad=True)
alpha 1 is Parameter containing:
tensor([[-0.0446,  0.0441],
        [ 0.1054, -0.1050],
        [-0.0316,  0.0348],
        [ 0.0115, -0.0118],
        [ 0.0701, -0.0715],
        [ 0.0619, -0.0614],
        [ 0.0016,  0.0018],
        [ 0.0149, -0.0148],
        [ 0.1648, -0.1652],
        [ 0.1202, -0.1212],
        [-0.1705,  0.1701],
        [-0.1269,  0.1279],
        [-0.0672,  0.0671],
        [-0.0583,  0.0583]], device='cuda:0', requires_grad=True)
[041-050] Search: Model metrics  : loss=0.33, accuracy@1=88.84%, accuracy@5=99.69%, time-cost=6899.8 s
[041-050] Search: Architecture metrics  : loss=0.48, accuracy@1=83.49%, accuracy@5=99.19%
[041-050] Evaluation:  : loss=0.47, accuracy@1=84.16%, accuracy@5=99.20%
[041-050] Layer Alignment score:  normal: 0.0000, reduce: 0.0000
alpha 0 is Parameter containing:
tensor([[-0.0807,  0.0792],
        [-0.0146,  0.0142],
        [-0.0920,  0.0896],
        [ 0.0073, -0.0070],
        [-0.0282,  0.0280],
        [-0.2071,  0.2087],
        [-0.0197,  0.0221],
        [ 0.1317, -0.1311],
        [-0.1489,  0.1474],
        [ 0.2459, -0.2462],
        [ 0.5274, -0.5264],
        [ 0.3288, -0.3277],
        [-0.4283,  0.4278],
        [ 0.1019, -0.1026]], device='cuda:0', requires_grad=True)
alpha 1 is Parameter containing:
tensor([[-0.0444,  0.0439],
        [ 0.1127, -0.1123],
        [-0.0413,  0.0446],
        [ 0.0083, -0.0087],
        [ 0.0711, -0.0726],
        [ 0.0552, -0.0548],
        [-0.0067,  0.0100],
        [ 0.0155, -0.0154],
        [ 0.1743, -0.1746],
        [ 0.1210, -0.1220],
        [-0.1738,  0.1734],
        [-0.1255,  0.1264],
        [-0.0626,  0.0625],
        [-0.0599,  0.0599]], device='cuda:0', requires_grad=True)
[042-050] Search: Model metrics  : loss=0.33, accuracy@1=88.73%, accuracy@5=99.62%, time-cost=7093.4 s
[042-050] Search: Architecture metrics  : loss=0.49, accuracy@1=83.84%, accuracy@5=99.09%
[042-050] Evaluation:  : loss=0.47, accuracy@1=84.33%, accuracy@5=99.25%
[042-050] Layer Alignment score:  normal: 0.0000, reduce: 0.0000
<<<--->>> The 042-050-th epoch : found the highest validation accuracy : 84.33%.
alpha 0 is Parameter containing:
tensor([[-0.0811,  0.0796],
        [-0.0107,  0.0103],
        [-0.0829,  0.0804],
        [ 0.0065, -0.0063],
        [-0.0195,  0.0193],
        [-0.2080,  0.2096],
        [-0.0139,  0.0163],
        [ 0.1404, -0.1398],
        [-0.1461,  0.1446],
        [ 0.2538, -0.2541],
        [ 0.5339, -0.5329],
        [ 0.3369, -0.3358],
        [-0.4286,  0.4281],
        [ 0.1062, -0.1069]], device='cuda:0', requires_grad=True)
alpha 1 is Parameter containing:
tensor([[-0.0541,  0.0536],
        [ 0.1058, -0.1054],
        [-0.0403,  0.0435],
        [-0.0054,  0.0050],
        [ 0.0721, -0.0735],
        [ 0.0623, -0.0619],
        [ 0.0038, -0.0004],
        [ 0.0094, -0.0093],
        [ 0.1707, -0.1711],
        [ 0.1309, -0.1320],
        [-0.1709,  0.1705],
        [-0.1241,  0.1250],
        [-0.0582,  0.0581],
        [-0.0554,  0.0554]], device='cuda:0', requires_grad=True)
[043-050] Search: Model metrics  : loss=0.32, accuracy@1=88.76%, accuracy@5=99.67%, time-cost=7286.8 s
[043-050] Search: Architecture metrics  : loss=0.48, accuracy@1=83.72%, accuracy@5=99.21%
[043-050] Evaluation:  : loss=0.48, accuracy@1=83.95%, accuracy@5=99.24%
[043-050] Layer Alignment score:  normal: 0.0000, reduce: 0.0000
alpha 0 is Parameter containing:
tensor([[-0.0889,  0.0874],
        [-0.0159,  0.0155],
        [-0.0809,  0.0784],
        [ 0.0168, -0.0166],
        [-0.0214,  0.0212],
        [-0.2098,  0.2114],
        [-0.0027,  0.0051],
        [ 0.1383, -0.1376],
        [-0.1409,  0.1394],
        [ 0.2599, -0.2602],
        [ 0.5470, -0.5461],
        [ 0.3317, -0.3306],
        [-0.4282,  0.4276],
        [ 0.1044, -0.1052]], device='cuda:0', requires_grad=True)
alpha 1 is Parameter containing:
tensor([[-0.0546,  0.0541],
        [ 0.1157, -0.1153],
        [-0.0378,  0.0410],
        [-0.0104,  0.0101],
        [ 0.0704, -0.0718],
        [ 0.0690, -0.0686],
        [-0.0034,  0.0067],
        [ 0.0187, -0.0186],
        [ 0.1697, -0.1700],
        [ 0.1394, -0.1404],
        [-0.1678,  0.1674],
        [-0.1177,  0.1186],
        [-0.0616,  0.0615],
        [-0.0554,  0.0554]], device='cuda:0', requires_grad=True)
[044-050] Search: Model metrics  : loss=0.33, accuracy@1=88.24%, accuracy@5=99.65%, time-cost=7480.5 s
[044-050] Search: Architecture metrics  : loss=0.49, accuracy@1=83.39%, accuracy@5=99.18%
[044-050] Evaluation:  : loss=0.47, accuracy@1=84.38%, accuracy@5=99.23%
[044-050] Layer Alignment score:  normal: 0.0000, reduce: 0.0000
<<<--->>> The 044-050-th epoch : found the highest validation accuracy : 84.38%.
alpha 0 is Parameter containing:
tensor([[-0.0956,  0.0941],
        [-0.0190,  0.0187],
        [-0.0868,  0.0843],
        [ 0.0156, -0.0154],
        [-0.0212,  0.0210],
        [-0.2027,  0.2042],
        [-0.0033,  0.0056],
        [ 0.1379, -0.1372],
        [-0.1366,  0.1352],
        [ 0.2683, -0.2685],
        [ 0.5496, -0.5486],
        [ 0.3356, -0.3345],
        [-0.4305,  0.4300],
        [ 0.1079, -0.1086]], device='cuda:0', requires_grad=True)
alpha 1 is Parameter containing:
tensor([[-0.0588,  0.0583],
        [ 0.1060, -0.1057],
        [-0.0373,  0.0405],
        [-0.0050,  0.0046],
        [ 0.0690, -0.0704],
        [ 0.0759, -0.0755],
        [-0.0026,  0.0059],
        [ 0.0206, -0.0205],
        [ 0.1696, -0.1699],
        [ 0.1485, -0.1495],
        [-0.1674,  0.1670],
        [-0.1187,  0.1196],
        [-0.0515,  0.0514],
        [-0.0501,  0.0501]], device='cuda:0', requires_grad=True)
[045-050] Search: Model metrics  : loss=0.32, accuracy@1=88.96%, accuracy@5=99.70%, time-cost=7675.1 s
[045-050] Search: Architecture metrics  : loss=0.49, accuracy@1=83.63%, accuracy@5=99.15%
[045-050] Evaluation:  : loss=0.47, accuracy@1=84.26%, accuracy@5=99.19%
[045-050] Layer Alignment score:  normal: 0.0000, reduce: 0.0000
alpha 0 is Parameter containing:
tensor([[-0.0865,  0.0850],
        [-0.0306,  0.0302],
        [-0.0824,  0.0800],
        [ 0.0178, -0.0176],
        [-0.0237,  0.0236],
        [-0.2043,  0.2058],
        [-0.0069,  0.0093],
        [ 0.1337, -0.1330],
        [-0.1471,  0.1457],
        [ 0.2742, -0.2745],
        [ 0.5620, -0.5610],
        [ 0.3438, -0.3427],
        [-0.4452,  0.4447],
        [ 0.1163, -0.1171]], device='cuda:0', requires_grad=True)
alpha 1 is Parameter containing:
tensor([[-0.0507,  0.0502],
        [ 0.1079, -0.1075],
        [-0.0443,  0.0475],
        [-0.0085,  0.0081],
        [ 0.0610, -0.0624],
        [ 0.0765, -0.0760],
        [-0.0017,  0.0050],
        [ 0.0178, -0.0177],
        [ 0.1701, -0.1704],
        [ 0.1536, -0.1546],
        [-0.1683,  0.1679],
        [-0.1270,  0.1279],
        [-0.0543,  0.0542],
        [-0.0571,  0.0571]], device='cuda:0', requires_grad=True)
[046-050] Search: Model metrics  : loss=0.32, accuracy@1=88.70%, accuracy@5=99.71%, time-cost=7868.5 s
[046-050] Search: Architecture metrics  : loss=0.49, accuracy@1=83.30%, accuracy@5=99.26%
[046-050] Evaluation:  : loss=0.47, accuracy@1=84.04%, accuracy@5=99.30%
[046-050] Layer Alignment score:  normal: 0.0000, reduce: 0.0000
alpha 0 is Parameter containing:
tensor([[-0.0896,  0.0881],
        [-0.0329,  0.0325],
        [-0.0720,  0.0696],
        [ 0.0072, -0.0070],
        [-0.0173,  0.0171],
        [-0.1971,  0.1986],
        [-0.0146,  0.0169],
        [ 0.1469, -0.1462],
        [-0.1449,  0.1435],
        [ 0.2906, -0.2908],
        [ 0.5721, -0.5712],
        [ 0.3552, -0.3542],
        [-0.4456,  0.4451],
        [ 0.1131, -0.1139]], device='cuda:0', requires_grad=True)
alpha 1 is Parameter containing:
tensor([[-0.0545,  0.0540],
        [ 0.1153, -0.1149],
        [-0.0471,  0.0503],
        [-0.0106,  0.0103],
        [ 0.0522, -0.0536],
        [ 0.0722, -0.0718],
        [ 0.0073, -0.0041],
        [ 0.0127, -0.0126],
        [ 0.1708, -0.1712],
        [ 0.1552, -0.1562],
        [-0.1663,  0.1659],
        [-0.1335,  0.1344],
        [-0.0605,  0.0604],
        [-0.0668,  0.0668]], device='cuda:0', requires_grad=True)
[047-050] Search: Model metrics  : loss=0.33, accuracy@1=88.69%, accuracy@5=99.66%, time-cost=8061.7 s
[047-050] Search: Architecture metrics  : loss=0.48, accuracy@1=84.04%, accuracy@5=99.24%
[047-050] Evaluation:  : loss=0.47, accuracy@1=84.06%, accuracy@5=99.33%
[047-050] Layer Alignment score:  normal: 0.0000, reduce: 0.0000
alpha 0 is Parameter containing:
tensor([[-0.0957,  0.0942],
        [-0.0320,  0.0316],
        [-0.0659,  0.0635],
        [ 0.0126, -0.0124],
        [-0.0177,  0.0175],
        [-0.1966,  0.1981],
        [-0.0105,  0.0128],
        [ 0.1527, -0.1520],
        [-0.1444,  0.1430],
        [ 0.2957, -0.2960],
        [ 0.5850, -0.5841],
        [ 0.3546, -0.3535],
        [-0.4598,  0.4593],
        [ 0.1059, -0.1067]], device='cuda:0', requires_grad=True)
alpha 1 is Parameter containing:
tensor([[-0.0550,  0.0545],
        [ 0.1075, -0.1071],
        [-0.0538,  0.0570],
        [-0.0097,  0.0093],
        [ 0.0406, -0.0420],
        [ 0.0807, -0.0803],
        [ 0.0081, -0.0049],
        [ 0.0058, -0.0057],
        [ 0.1717, -0.1720],
        [ 0.1549, -0.1559],
        [-0.1626,  0.1622],
        [-0.1350,  0.1359],
        [-0.0541,  0.0540],
        [-0.0624,  0.0624]], device='cuda:0', requires_grad=True)
[048-050] Search: Model metrics  : loss=0.32, accuracy@1=88.78%, accuracy@5=99.65%, time-cost=8254.8 s
[048-050] Search: Architecture metrics  : loss=0.48, accuracy@1=83.85%, accuracy@5=99.12%
[048-050] Evaluation:  : loss=0.46, accuracy@1=84.33%, accuracy@5=99.26%
[048-050] Layer Alignment score:  normal: 0.0000, reduce: 0.0000
alpha 0 is Parameter containing:
tensor([[-0.0990,  0.0975],
        [-0.0326,  0.0323],
        [-0.0587,  0.0563],
        [ 0.0175, -0.0173],
        [-0.0147,  0.0145],
        [-0.2022,  0.2037],
        [-0.0075,  0.0098],
        [ 0.1593, -0.1586],
        [-0.1435,  0.1420],
        [ 0.3037, -0.3039],
        [ 0.5894, -0.5885],
        [ 0.3608, -0.3597],
        [-0.4633,  0.4628],
        [ 0.1080, -0.1087]], device='cuda:0', requires_grad=True)
alpha 1 is Parameter containing:
tensor([[-0.0479,  0.0474],
        [ 0.0981, -0.0977],
        [-0.0566,  0.0597],
        [-0.0059,  0.0055],
        [ 0.0412, -0.0426],
        [ 0.0747, -0.0743],
        [ 0.0080, -0.0049],
        [ 0.0027, -0.0026],
        [ 0.1718, -0.1722],
        [ 0.1664, -0.1674],
        [-0.1532,  0.1528],
        [-0.1380,  0.1389],
        [-0.0610,  0.0609],
        [-0.0633,  0.0633]], device='cuda:0', requires_grad=True)
[049-050] Search: Model metrics  : loss=0.32, accuracy@1=88.92%, accuracy@5=99.66%, time-cost=8448.2 s
[049-050] Search: Architecture metrics  : loss=0.49, accuracy@1=83.43%, accuracy@5=99.19%
[049-050] Evaluation:  : loss=0.47, accuracy@1=84.32%, accuracy@5=99.22%
[049-050] Layer Alignment score:  normal: 0.0000, reduce: 0.0000
alpha 0 is Parameter containing:
tensor([[-1.0583e-01,  1.0434e-01],
        [-2.6352e-02,  2.5972e-02],
        [-5.7596e-02,  5.5212e-02],
        [ 2.3703e-02, -2.3488e-02],
        [-4.4997e-03,  4.3406e-03],
        [-2.0591e-01,  2.0740e-01],
        [ 1.7850e-03,  5.0891e-04],
        [ 1.5848e-01, -1.5783e-01],
        [-1.4362e-01,  1.4221e-01],
        [ 3.1089e-01, -3.1114e-01],
        [ 5.9824e-01, -5.9734e-01],
        [ 3.7185e-01, -3.7080e-01],
        [-4.7133e-01,  4.7085e-01],
        [ 1.1062e-01, -1.1134e-01]], device='cuda:0', requires_grad=True)
alpha 1 is Parameter containing:
tensor([[-5.8780e-02,  5.8291e-02],
        [ 1.0323e-01, -1.0284e-01],
        [-6.4426e-02,  6.7511e-02],
        [-1.1616e-02,  1.1294e-02],
        [ 4.5929e-02, -4.7304e-02],
        [ 7.2388e-02, -7.1974e-02],
        [ 3.0356e-03,  8.7454e-05],
        [ 9.4952e-03, -9.3988e-03],
        [ 1.7688e-01, -1.7722e-01],
        [ 1.6270e-01, -1.6366e-01],
        [-1.5918e-01,  1.5882e-01],
        [-1.3536e-01,  1.3624e-01],
        [-6.5690e-02,  6.5608e-02],
        [-6.6993e-02,  6.6990e-02]], device='cuda:0', requires_grad=True)
[050-050] Search: Model metrics  : loss=0.33, accuracy@1=88.75%, accuracy@5=99.69%, time-cost=8643.4 s
[050-050] Search: Architecture metrics  : loss=0.49, accuracy@1=83.65%, accuracy@5=99.10%
[050-050] Evaluation:  : loss=0.46, accuracy@1=84.26%, accuracy@5=99.27%
[050-050] Layer Alignment score:  normal: 0.0000, reduce: 0.0000
alpha 0 is Parameter containing:
tensor([[-0.1054,  0.1039],
        [-0.0355,  0.0351],
        [-0.0546,  0.0522],
        [ 0.0345, -0.0343],
        [-0.0018,  0.0016],
        [-0.2086,  0.2101],
        [ 0.0064, -0.0041],
        [ 0.1568, -0.1561],
        [-0.1421,  0.1407],
        [ 0.3160, -0.3163],
        [ 0.6111, -0.6103],
        [ 0.3723, -0.3712],
        [-0.4778,  0.4773],
        [ 0.1181, -0.1189]], device='cuda:0', requires_grad=True)
alpha 1 is Parameter containing:
tensor([[-6.1596e-02,  6.1109e-02],
        [ 1.0453e-01, -1.0415e-01],
        [-7.5923e-02,  7.8988e-02],
        [-5.6043e-03,  5.2843e-03],
        [ 4.4158e-02, -4.5526e-02],
        [ 7.5712e-02, -7.5302e-02],
        [-7.3590e-05,  3.1671e-03],
        [ 7.7358e-03, -7.6402e-03],
        [ 1.8752e-01, -1.8785e-01],
        [ 1.6203e-01, -1.6298e-01],
        [-1.7324e-01,  1.7288e-01],
        [-1.2230e-01,  1.2317e-01],
        [-6.1281e-02,  6.1199e-02],
        [-5.4578e-02,  5.4574e-02]], device='cuda:0', requires_grad=True)
