Training the supernet with the following configuration: 
{
  "sampler": {
    "sample_frequency": "step"
  },
  "perturbator": null,
  "partial_connector": null,
  "dropout": {
    "p": 0.0,
    "p_min": 0.0,
    "anneal_frequency": "epoch",
    "anneal_type": "linear",
    "max_iter": 50
  },
  "trainer": {
    "lr": 0.025,
    "arch_lr": 0.0003,
    "epochs": 50,
    "lora_warm_epochs": 10,
    "optim": "sgd",
    "arch_optim": "adam",
    "optim_config": {
      "momentum": 0.9,
      "nesterov": 0,
      "weight_decay": 0.0003
    },
    "arch_optim_config": {
      "betas": [
        0.5,
        0.999
      ],
      "weight_decay": 0.001
    },
    "scheduler": "cosine_annealing_lr",
    "criterion": "cross_entropy",
    "batch_size": 64,
    "learning_rate_min": 0.001,
    "cutout": -1,
    "cutout_length": 16,
    "train_portion": 0.5,
    "use_data_parallel": false,
    "checkpointing_freq": 1,
    "seed": 100
  },
  "lora": {
    "r": 1,
    "lora_dropout": 0,
    "lora_alpha": 1,
    "merge_weights": true
  },
  "lora_extra": {
    "toggle_epochs": null,
    "warm_epochs": 10,
    "toggle_probability": null
  },
  "sampler_type": "darts",
  "searchspace_str": "robust_darts",
  "weight_type": "weight_sharing",
  "oles": {
    "oles": false,
    "calc_gm_score": false
  },
  "search_space": {
    "num_classes": 10,
    "space": "s4"
  },
  "project_name": "LoRA-robust-darts",
  "experiment_type": "lora",
  "seed": 1
}
[001-050] Search: Model metrics  : loss=1.97, accuracy@1=23.75%, accuracy@5=77.60%, time-cost=92.4 s
[001-050] Evaluation:  : loss=1.95, accuracy@1=27.68%, accuracy@5=86.62%
[001-050] Layer Alignment score:  normal: 0.0000, reduce: 0.0000
<<<--->>> The 001-050-th epoch : found the highest validation accuracy : 27.68%.
[002-050] Search: Model metrics  : loss=1.61, accuracy@1=39.40%, accuracy@5=89.72%, time-cost=175.9 s
[002-050] Evaluation:  : loss=1.57, accuracy@1=43.06%, accuracy@5=89.90%
[002-050] Layer Alignment score:  normal: 0.0000, reduce: 0.0000
<<<--->>> The 002-050-th epoch : found the highest validation accuracy : 43.06%.
[003-050] Search: Model metrics  : loss=1.41, accuracy@1=48.00%, accuracy@5=92.65%, time-cost=262.2 s
[003-050] Evaluation:  : loss=1.36, accuracy@1=50.05%, accuracy@5=93.48%
[003-050] Layer Alignment score:  normal: 0.0000, reduce: 0.0000
<<<--->>> The 003-050-th epoch : found the highest validation accuracy : 50.05%.
[004-050] Search: Model metrics  : loss=1.25, accuracy@1=54.70%, accuracy@5=94.47%, time-cost=348.2 s
[004-050] Evaluation:  : loss=1.41, accuracy@1=49.96%, accuracy@5=92.71%
[004-050] Layer Alignment score:  normal: 0.0000, reduce: 0.0000
[005-050] Search: Model metrics  : loss=1.13, accuracy@1=59.14%, accuracy@5=95.60%, time-cost=434.2 s
[005-050] Evaluation:  : loss=1.15, accuracy@1=59.23%, accuracy@5=95.28%
[005-050] Layer Alignment score:  normal: 0.0000, reduce: 0.0000
<<<--->>> The 005-050-th epoch : found the highest validation accuracy : 59.23%.
[006-050] Search: Model metrics  : loss=1.04, accuracy@1=62.88%, accuracy@5=96.25%, time-cost=521.9 s
[006-050] Evaluation:  : loss=1.11, accuracy@1=59.64%, accuracy@5=96.35%
[006-050] Layer Alignment score:  normal: 0.0000, reduce: 0.0000
<<<--->>> The 006-050-th epoch : found the highest validation accuracy : 59.64%.
[007-050] Search: Model metrics  : loss=0.98, accuracy@1=65.12%, accuracy@5=96.82%, time-cost=603.8 s
[007-050] Evaluation:  : loss=1.07, accuracy@1=62.97%, accuracy@5=96.03%
[007-050] Layer Alignment score:  normal: 0.0000, reduce: 0.0000
<<<--->>> The 007-050-th epoch : found the highest validation accuracy : 62.97%.
[008-050] Search: Model metrics  : loss=0.93, accuracy@1=67.12%, accuracy@5=97.26%, time-cost=696.6 s
[008-050] Evaluation:  : loss=0.97, accuracy@1=65.77%, accuracy@5=97.00%
[008-050] Layer Alignment score:  normal: 0.0000, reduce: 0.0000
<<<--->>> The 008-050-th epoch : found the highest validation accuracy : 65.77%.
[009-050] Search: Model metrics  : loss=0.87, accuracy@1=69.31%, accuracy@5=97.66%, time-cost=787.0 s
[009-050] Evaluation:  : loss=0.90, accuracy@1=68.36%, accuracy@5=97.20%
[009-050] Layer Alignment score:  normal: 0.0000, reduce: 0.0000
<<<--->>> The 009-050-th epoch : found the highest validation accuracy : 68.36%.
[010-050] Search: Model metrics  : loss=0.82, accuracy@1=71.15%, accuracy@5=97.80%, time-cost=878.6 s
[010-050] Evaluation:  : loss=0.89, accuracy@1=68.76%, accuracy@5=97.55%
[010-050] Layer Alignment score:  normal: 0.0000, reduce: 0.0000
<<<--->>> The 010-050-th epoch : found the highest validation accuracy : 68.76%.
The searchspace has been warm started with 10 epochs
LoRA layers have been initialized for all operations with Conv2DLoRA module
[011-050] Search: Model metrics  : loss=0.72, accuracy@1=74.67%, accuracy@5=98.55%, time-cost=1061.3 s
[011-050] Search: Architecture metrics  : loss=0.75, accuracy@1=73.49%, accuracy@5=98.29%
[011-050] Evaluation:  : loss=0.72, accuracy@1=74.50%, accuracy@5=98.46%
[011-050] Layer Alignment score:  normal: 0.0000, reduce: 0.0000
<<<--->>> The 011-050-th epoch : found the highest validation accuracy : 74.50%.
alpha 0 is Parameter containing:
tensor([[-0.0437,  0.0442],
        [-0.0432,  0.0421],
        [-0.0449,  0.0449],
        [-0.0374,  0.0375],
        [-0.0244,  0.0260],
        [-0.0234,  0.0240],
        [-0.0495,  0.0479],
        [-0.0288,  0.0281],
        [-0.0409,  0.0424],
        [-0.0165,  0.0143],
        [-0.0340,  0.0351],
        [-0.0198,  0.0180],
        [-0.0357,  0.0329],
        [-0.0181,  0.0158]], device='cuda:0', requires_grad=True)
alpha 1 is Parameter containing:
tensor([[-0.0583,  0.0591],
        [-0.0277,  0.0295],
        [-0.0145,  0.0156],
        [-0.0213,  0.0227],
        [-0.0435,  0.0425],
        [-0.0278,  0.0282],
        [-0.0461,  0.0472],
        [-0.0259,  0.0248],
        [-0.0242,  0.0238],
        [-0.0322,  0.0320],
        [-0.0190,  0.0200],
        [-0.0162,  0.0134],
        [-0.0227,  0.0223],
        [-0.0262,  0.0273]], device='cuda:0', requires_grad=True)
[012-050] Search: Model metrics  : loss=0.69, accuracy@1=75.94%, accuracy@5=98.55%, time-cost=1244.5 s
[012-050] Search: Architecture metrics  : loss=0.73, accuracy@1=73.91%, accuracy@5=98.43%
[012-050] Evaluation:  : loss=0.70, accuracy@1=75.10%, accuracy@5=98.41%
[012-050] Layer Alignment score:  normal: 0.0000, reduce: 0.0000
<<<--->>> The 012-050-th epoch : found the highest validation accuracy : 75.10%.
alpha 0 is Parameter containing:
tensor([[-0.0746,  0.0751],
        [-0.0835,  0.0824],
        [-0.0672,  0.0672],
        [-0.0652,  0.0653],
        [-0.0515,  0.0531],
        [-0.0458,  0.0463],
        [-0.0871,  0.0855],
        [-0.0621,  0.0615],
        [-0.0669,  0.0684],
        [-0.0164,  0.0142],
        [-0.0578,  0.0590],
        [-0.0261,  0.0243],
        [-0.0555,  0.0527],
        [-0.0496,  0.0474]], device='cuda:0', requires_grad=True)
alpha 1 is Parameter containing:
tensor([[-0.1092,  0.1099],
        [-0.0516,  0.0534],
        [-0.0342,  0.0352],
        [-0.0527,  0.0541],
        [-0.0776,  0.0766],
        [-0.0542,  0.0545],
        [-0.0796,  0.0807],
        [-0.0536,  0.0526],
        [-0.0430,  0.0426],
        [-0.0591,  0.0589],
        [-0.0291,  0.0301],
        [-0.0251,  0.0223],
        [-0.0313,  0.0309],
        [-0.0378,  0.0389]], device='cuda:0', requires_grad=True)
[013-050] Search: Model metrics  : loss=0.68, accuracy@1=76.12%, accuracy@5=98.67%, time-cost=1432.9 s
[013-050] Search: Architecture metrics  : loss=0.72, accuracy@1=74.31%, accuracy@5=98.54%
[013-050] Evaluation:  : loss=0.70, accuracy@1=74.99%, accuracy@5=98.50%
[013-050] Layer Alignment score:  normal: 0.0000, reduce: 0.0000
alpha 0 is Parameter containing:
tensor([[-0.1012,  0.1018],
        [-0.1043,  0.1033],
        [-0.0941,  0.0940],
        [-0.0808,  0.0809],
        [-0.0734,  0.0750],
        [-0.0692,  0.0698],
        [-0.1143,  0.1127],
        [-0.0740,  0.0734],
        [-0.1002,  0.1016],
        [-0.0252,  0.0230],
        [-0.0826,  0.0837],
        [-0.0416,  0.0398],
        [-0.0774,  0.0746],
        [-0.0735,  0.0713]], device='cuda:0', requires_grad=True)
alpha 1 is Parameter containing:
tensor([[-0.1483,  0.1490],
        [-0.0758,  0.0776],
        [-0.0426,  0.0436],
        [-0.0830,  0.0843],
        [-0.1165,  0.1156],
        [-0.0735,  0.0739],
        [-0.1068,  0.1079],
        [-0.0787,  0.0776],
        [-0.0543,  0.0539],
        [-0.0771,  0.0769],
        [-0.0488,  0.0498],
        [-0.0318,  0.0290],
        [-0.0520,  0.0517],
        [-0.0534,  0.0545]], device='cuda:0', requires_grad=True)
[014-050] Search: Model metrics  : loss=0.67, accuracy@1=76.13%, accuracy@5=98.59%, time-cost=1616.1 s
[014-050] Search: Architecture metrics  : loss=0.71, accuracy@1=74.98%, accuracy@5=98.63%
[014-050] Evaluation:  : loss=0.69, accuracy@1=75.54%, accuracy@5=98.56%
[014-050] Layer Alignment score:  normal: 0.0000, reduce: 0.0000
<<<--->>> The 014-050-th epoch : found the highest validation accuracy : 75.54%.
alpha 0 is Parameter containing:
tensor([[-0.1201,  0.1206],
        [-0.1325,  0.1315],
        [-0.1016,  0.1015],
        [-0.1014,  0.1015],
        [-0.0780,  0.0796],
        [-0.0893,  0.0899],
        [-0.1408,  0.1393],
        [-0.0954,  0.0947],
        [-0.1278,  0.1293],
        [-0.0245,  0.0223],
        [-0.0952,  0.0963],
        [-0.0581,  0.0563],
        [-0.0903,  0.0874],
        [-0.1003,  0.0982]], device='cuda:0', requires_grad=True)
alpha 1 is Parameter containing:
tensor([[-0.1773,  0.1780],
        [-0.0971,  0.0989],
        [-0.0464,  0.0475],
        [-0.0910,  0.0923],
        [-0.1352,  0.1342],
        [-0.0962,  0.0965],
        [-0.1356,  0.1367],
        [-0.0930,  0.0920],
        [-0.0782,  0.0778],
        [-0.0957,  0.0955],
        [-0.0614,  0.0624],
        [-0.0281,  0.0254],
        [-0.0574,  0.0570],
        [-0.0718,  0.0729]], device='cuda:0', requires_grad=True)
[015-050] Search: Model metrics  : loss=0.66, accuracy@1=76.94%, accuracy@5=98.66%, time-cost=1807.1 s
[015-050] Search: Architecture metrics  : loss=0.71, accuracy@1=75.17%, accuracy@5=98.46%
[015-050] Evaluation:  : loss=0.68, accuracy@1=76.03%, accuracy@5=98.58%
[015-050] Layer Alignment score:  normal: 0.0000, reduce: 0.0000
<<<--->>> The 015-050-th epoch : found the highest validation accuracy : 76.03%.
alpha 0 is Parameter containing:
tensor([[-0.1331,  0.1336],
        [-0.1621,  0.1611],
        [-0.1160,  0.1159],
        [-0.1191,  0.1192],
        [-0.0879,  0.0895],
        [-0.1076,  0.1081],
        [-0.1583,  0.1568],
        [-0.1194,  0.1187],
        [-0.1515,  0.1529],
        [-0.0182,  0.0160],
        [-0.1075,  0.1086],
        [-0.0646,  0.0628],
        [-0.0983,  0.0956],
        [-0.1249,  0.1227]], device='cuda:0', requires_grad=True)
alpha 1 is Parameter containing:
tensor([[-0.2015,  0.2022],
        [-0.1190,  0.1207],
        [-0.0499,  0.0509],
        [-0.1143,  0.1156],
        [-0.1644,  0.1635],
        [-0.1105,  0.1108],
        [-0.1612,  0.1623],
        [-0.1052,  0.1042],
        [-0.1039,  0.1035],
        [-0.1136,  0.1134],
        [-0.0738,  0.0747],
        [-0.0397,  0.0371],
        [-0.0749,  0.0745],
        [-0.0832,  0.0843]], device='cuda:0', requires_grad=True)
[016-050] Search: Model metrics  : loss=0.64, accuracy@1=77.36%, accuracy@5=98.86%, time-cost=1998.7 s
[016-050] Search: Architecture metrics  : loss=0.71, accuracy@1=75.16%, accuracy@5=98.48%
[016-050] Evaluation:  : loss=0.67, accuracy@1=76.44%, accuracy@5=98.57%
[016-050] Layer Alignment score:  normal: 0.0000, reduce: 0.0000
<<<--->>> The 016-050-th epoch : found the highest validation accuracy : 76.44%.
alpha 0 is Parameter containing:
tensor([[-0.1450,  0.1455],
        [-0.1804,  0.1794],
        [-0.1322,  0.1321],
        [-0.1352,  0.1354],
        [-0.0980,  0.0995],
        [-0.1204,  0.1210],
        [-0.1717,  0.1701],
        [-0.1183,  0.1176],
        [-0.1612,  0.1626],
        [-0.0150,  0.0129],
        [-0.1083,  0.1094],
        [-0.0860,  0.0843],
        [-0.1229,  0.1201],
        [-0.1507,  0.1486]], device='cuda:0', requires_grad=True)
alpha 1 is Parameter containing:
tensor([[-0.2237,  0.2244],
        [-0.1537,  0.1555],
        [-0.0631,  0.0642],
        [-0.1317,  0.1330],
        [-0.1778,  0.1768],
        [-0.1193,  0.1196],
        [-0.1834,  0.1845],
        [-0.1163,  0.1153],
        [-0.1284,  0.1280],
        [-0.1368,  0.1366],
        [-0.0971,  0.0981],
        [-0.0413,  0.0387],
        [-0.0836,  0.0833],
        [-0.0883,  0.0893]], device='cuda:0', requires_grad=True)
[017-050] Search: Model metrics  : loss=0.64, accuracy@1=77.67%, accuracy@5=98.81%, time-cost=2189.1 s
[017-050] Search: Architecture metrics  : loss=0.70, accuracy@1=75.35%, accuracy@5=98.48%
[017-050] Evaluation:  : loss=0.68, accuracy@1=76.08%, accuracy@5=98.52%
[017-050] Layer Alignment score:  normal: 0.0000, reduce: 0.0000
alpha 0 is Parameter containing:
tensor([[-0.1641,  0.1646],
        [-0.1970,  0.1960],
        [-0.1526,  0.1525],
        [-0.1413,  0.1414],
        [-0.1076,  0.1091],
        [-0.1367,  0.1373],
        [-0.1862,  0.1847],
        [-0.1255,  0.1249],
        [-0.1812,  0.1826],
        [-0.0058,  0.0037],
        [-0.1111,  0.1122],
        [-0.0829,  0.0811],
        [-0.1498,  0.1471],
        [-0.1667,  0.1646]], device='cuda:0', requires_grad=True)
alpha 1 is Parameter containing:
tensor([[-0.2423,  0.2430],
        [-0.1731,  0.1749],
        [-0.0782,  0.0792],
        [-0.1523,  0.1536],
        [-0.1981,  0.1972],
        [-0.1293,  0.1296],
        [-0.2057,  0.2068],
        [-0.1174,  0.1164],
        [-0.1459,  0.1455],
        [-0.1528,  0.1526],
        [-0.1046,  0.1055],
        [-0.0379,  0.0353],
        [-0.0916,  0.0912],
        [-0.0926,  0.0936]], device='cuda:0', requires_grad=True)
[018-050] Search: Model metrics  : loss=0.63, accuracy@1=77.59%, accuracy@5=98.81%, time-cost=2373.1 s
[018-050] Search: Architecture metrics  : loss=0.70, accuracy@1=75.63%, accuracy@5=98.47%
[018-050] Evaluation:  : loss=0.67, accuracy@1=76.38%, accuracy@5=98.66%
[018-050] Layer Alignment score:  normal: 0.0000, reduce: 0.0000
alpha 0 is Parameter containing:
tensor([[-0.1847,  0.1852],
        [-0.2149,  0.2139],
        [-0.1599,  0.1599],
        [-0.1549,  0.1550],
        [-0.1125,  0.1139],
        [-0.1538,  0.1543],
        [-0.1964,  0.1949],
        [-0.1384,  0.1378],
        [-0.1854,  0.1868],
        [-0.0059,  0.0038],
        [-0.1240,  0.1250],
        [-0.0802,  0.0785],
        [-0.1630,  0.1603],
        [-0.1772,  0.1751]], device='cuda:0', requires_grad=True)
alpha 1 is Parameter containing:
tensor([[-0.2651,  0.2658],
        [-0.1959,  0.1977],
        [-0.0868,  0.0878],
        [-0.1726,  0.1739],
        [-0.2098,  0.2089],
        [-0.1408,  0.1412],
        [-0.2312,  0.2322],
        [-0.1281,  0.1271],
        [-0.1560,  0.1557],
        [-0.1711,  0.1709],
        [-0.1050,  0.1059],
        [-0.0452,  0.0426],
        [-0.1036,  0.1032],
        [-0.1098,  0.1108]], device='cuda:0', requires_grad=True)
[019-050] Search: Model metrics  : loss=0.63, accuracy@1=77.96%, accuracy@5=98.82%, time-cost=2555.1 s
[019-050] Search: Architecture metrics  : loss=0.70, accuracy@1=75.78%, accuracy@5=98.40%
[019-050] Evaluation:  : loss=0.66, accuracy@1=76.97%, accuracy@5=98.75%
[019-050] Layer Alignment score:  normal: 0.0000, reduce: 0.0000
<<<--->>> The 019-050-th epoch : found the highest validation accuracy : 76.97%.
alpha 0 is Parameter containing:
tensor([[-1.9558e-01,  1.9608e-01],
        [-2.3092e-01,  2.2992e-01],
        [-1.7122e-01,  1.7117e-01],
        [-1.7087e-01,  1.7098e-01],
        [-1.1722e-01,  1.1871e-01],
        [-1.5603e-01,  1.5658e-01],
        [-2.1557e-01,  2.1405e-01],
        [-1.4943e-01,  1.4880e-01],
        [-2.0849e-01,  2.0985e-01],
        [-2.0468e-03, -9.5782e-05],
        [-1.3661e-01,  1.3769e-01],
        [-8.2269e-02,  8.0564e-02],
        [-1.8888e-01,  1.8619e-01],
        [-1.8527e-01,  1.8321e-01]], device='cuda:0', requires_grad=True)
alpha 1 is Parameter containing:
tensor([[-0.2928,  0.2935],
        [-0.2168,  0.2185],
        [-0.0950,  0.0960],
        [-0.1837,  0.1849],
        [-0.2454,  0.2444],
        [-0.1594,  0.1597],
        [-0.2437,  0.2447],
        [-0.1423,  0.1413],
        [-0.1660,  0.1656],
        [-0.1868,  0.1866],
        [-0.1216,  0.1225],
        [-0.0438,  0.0413],
        [-0.1249,  0.1246],
        [-0.1137,  0.1147]], device='cuda:0', requires_grad=True)
[020-050] Search: Model metrics  : loss=0.63, accuracy@1=78.07%, accuracy@5=98.91%, time-cost=2741.0 s
[020-050] Search: Architecture metrics  : loss=0.67, accuracy@1=76.39%, accuracy@5=98.61%
[020-050] Evaluation:  : loss=0.66, accuracy@1=76.38%, accuracy@5=98.64%
[020-050] Layer Alignment score:  normal: 0.0000, reduce: 0.0000
alpha 0 is Parameter containing:
tensor([[-0.2128,  0.2133],
        [-0.2496,  0.2486],
        [-0.1879,  0.1878],
        [-0.1849,  0.1850],
        [-0.1320,  0.1334],
        [-0.1761,  0.1767],
        [-0.2216,  0.2201],
        [-0.1559,  0.1552],
        [-0.2208,  0.2221],
        [-0.0147,  0.0126],
        [-0.1560,  0.1571],
        [-0.0805,  0.0789],
        [-0.1969,  0.1942],
        [-0.1898,  0.1878]], device='cuda:0', requires_grad=True)
alpha 1 is Parameter containing:
tensor([[-0.3240,  0.3247],
        [-0.2288,  0.2306],
        [-0.1071,  0.1081],
        [-0.1968,  0.1980],
        [-0.2481,  0.2472],
        [-0.1738,  0.1741],
        [-0.2585,  0.2595],
        [-0.1583,  0.1573],
        [-0.1777,  0.1774],
        [-0.2128,  0.2126],
        [-0.1188,  0.1197],
        [-0.0495,  0.0470],
        [-0.1297,  0.1293],
        [-0.1184,  0.1194]], device='cuda:0', requires_grad=True)
[021-050] Search: Model metrics  : loss=0.62, accuracy@1=78.21%, accuracy@5=98.88%, time-cost=2922.4 s
[021-050] Search: Architecture metrics  : loss=0.68, accuracy@1=76.22%, accuracy@5=98.66%
[021-050] Evaluation:  : loss=0.65, accuracy@1=77.31%, accuracy@5=98.68%
[021-050] Layer Alignment score:  normal: 0.0000, reduce: 0.0000
<<<--->>> The 021-050-th epoch : found the highest validation accuracy : 77.31%.
alpha 0 is Parameter containing:
tensor([[-0.2198,  0.2203],
        [-0.2661,  0.2651],
        [-0.1914,  0.1913],
        [-0.1968,  0.1970],
        [-0.1548,  0.1563],
        [-0.1837,  0.1843],
        [-0.2270,  0.2255],
        [-0.1652,  0.1646],
        [-0.2351,  0.2365],
        [-0.0156,  0.0135],
        [-0.1583,  0.1593],
        [-0.0906,  0.0889],
        [-0.2205,  0.2179],
        [-0.2071,  0.2051]], device='cuda:0', requires_grad=True)
alpha 1 is Parameter containing:
tensor([[-0.3398,  0.3405],
        [-0.2490,  0.2507],
        [-0.1260,  0.1270],
        [-0.2028,  0.2040],
        [-0.2593,  0.2584],
        [-0.1902,  0.1905],
        [-0.2856,  0.2866],
        [-0.1769,  0.1760],
        [-0.1813,  0.1810],
        [-0.2325,  0.2323],
        [-0.1277,  0.1285],
        [-0.0468,  0.0444],
        [-0.1367,  0.1364],
        [-0.1279,  0.1289]], device='cuda:0', requires_grad=True)
[022-050] Search: Model metrics  : loss=0.61, accuracy@1=78.32%, accuracy@5=98.93%, time-cost=3103.6 s
[022-050] Search: Architecture metrics  : loss=0.68, accuracy@1=76.28%, accuracy@5=98.41%
[022-050] Evaluation:  : loss=0.65, accuracy@1=77.30%, accuracy@5=98.69%
[022-050] Layer Alignment score:  normal: 0.0000, reduce: 0.0000
alpha 0 is Parameter containing:
tensor([[-0.2247,  0.2252],
        [-0.2866,  0.2856],
        [-0.2002,  0.2001],
        [-0.2004,  0.2006],
        [-0.1702,  0.1716],
        [-0.1867,  0.1872],
        [-0.2315,  0.2300],
        [-0.1664,  0.1658],
        [-0.2471,  0.2485],
        [-0.0071,  0.0050],
        [-0.1613,  0.1623],
        [-0.1021,  0.1004],
        [-0.2285,  0.2259],
        [-0.2116,  0.2096]], device='cuda:0', requires_grad=True)
alpha 1 is Parameter containing:
tensor([[-0.3612,  0.3619],
        [-0.2605,  0.2622],
        [-0.1346,  0.1356],
        [-0.2082,  0.2095],
        [-0.2608,  0.2600],
        [-0.2049,  0.2052],
        [-0.3045,  0.3055],
        [-0.1769,  0.1760],
        [-0.1893,  0.1890],
        [-0.2518,  0.2516],
        [-0.1394,  0.1402],
        [-0.0573,  0.0549],
        [-0.1472,  0.1469],
        [-0.1301,  0.1311]], device='cuda:0', requires_grad=True)
[023-050] Search: Model metrics  : loss=0.61, accuracy@1=78.72%, accuracy@5=98.87%, time-cost=3284.5 s
[023-050] Search: Architecture metrics  : loss=0.68, accuracy@1=76.30%, accuracy@5=98.54%
[023-050] Evaluation:  : loss=0.64, accuracy@1=77.45%, accuracy@5=98.74%
[023-050] Layer Alignment score:  normal: 0.0000, reduce: 0.0000
<<<--->>> The 023-050-th epoch : found the highest validation accuracy : 77.45%.
alpha 0 is Parameter containing:
tensor([[-0.2222,  0.2227],
        [-0.3054,  0.3044],
        [-0.2160,  0.2159],
        [-0.2153,  0.2155],
        [-0.1769,  0.1784],
        [-0.2051,  0.2056],
        [-0.2334,  0.2319],
        [-0.1643,  0.1637],
        [-0.2639,  0.2653],
        [ 0.0154, -0.0175],
        [-0.1715,  0.1726],
        [-0.0942,  0.0926],
        [-0.2372,  0.2346],
        [-0.2182,  0.2163]], device='cuda:0', requires_grad=True)
alpha 1 is Parameter containing:
tensor([[-0.3807,  0.3814],
        [-0.2771,  0.2788],
        [-0.1324,  0.1333],
        [-0.2214,  0.2226],
        [-0.2698,  0.2689],
        [-0.2085,  0.2089],
        [-0.3329,  0.3338],
        [-0.1898,  0.1889],
        [-0.1859,  0.1855],
        [-0.2660,  0.2658],
        [-0.1441,  0.1450],
        [-0.0593,  0.0569],
        [-0.1446,  0.1443],
        [-0.1371,  0.1381]], device='cuda:0', requires_grad=True)
[024-050] Search: Model metrics  : loss=0.60, accuracy@1=78.86%, accuracy@5=98.98%, time-cost=3466.0 s
[024-050] Search: Architecture metrics  : loss=0.67, accuracy@1=76.66%, accuracy@5=98.50%
[024-050] Evaluation:  : loss=0.64, accuracy@1=77.90%, accuracy@5=98.74%
[024-050] Layer Alignment score:  normal: 0.0000, reduce: 0.0000
<<<--->>> The 024-050-th epoch : found the highest validation accuracy : 77.90%.
alpha 0 is Parameter containing:
tensor([[-0.2403,  0.2408],
        [-0.3213,  0.3203],
        [-0.2212,  0.2212],
        [-0.2213,  0.2215],
        [-0.1885,  0.1899],
        [-0.2173,  0.2178],
        [-0.2315,  0.2300],
        [-0.1621,  0.1615],
        [-0.2674,  0.2687],
        [ 0.0207, -0.0228],
        [-0.1854,  0.1865],
        [-0.0928,  0.0911],
        [-0.2533,  0.2507],
        [-0.2223,  0.2203]], device='cuda:0', requires_grad=True)
alpha 1 is Parameter containing:
tensor([[-0.4000,  0.4007],
        [-0.2945,  0.2961],
        [-0.1394,  0.1404],
        [-0.2315,  0.2327],
        [-0.2868,  0.2860],
        [-0.2178,  0.2181],
        [-0.3443,  0.3453],
        [-0.2030,  0.2021],
        [-0.1933,  0.1930],
        [-0.2874,  0.2872],
        [-0.1527,  0.1535],
        [-0.0664,  0.0640],
        [-0.1596,  0.1593],
        [-0.1427,  0.1436]], device='cuda:0', requires_grad=True)
[025-050] Search: Model metrics  : loss=0.61, accuracy@1=78.90%, accuracy@5=98.94%, time-cost=3646.8 s
[025-050] Search: Architecture metrics  : loss=0.67, accuracy@1=76.47%, accuracy@5=98.62%
[025-050] Evaluation:  : loss=0.64, accuracy@1=77.74%, accuracy@5=98.76%
[025-050] Layer Alignment score:  normal: 0.0000, reduce: 0.0000
alpha 0 is Parameter containing:
tensor([[-0.2477,  0.2482],
        [-0.3311,  0.3301],
        [-0.2208,  0.2208],
        [-0.2344,  0.2345],
        [-0.2006,  0.2020],
        [-0.2213,  0.2218],
        [-0.2367,  0.2353],
        [-0.1535,  0.1529],
        [-0.2839,  0.2851],
        [ 0.0249, -0.0270],
        [-0.1858,  0.1869],
        [-0.0958,  0.0942],
        [-0.2586,  0.2560],
        [-0.2351,  0.2331]], device='cuda:0', requires_grad=True)
alpha 1 is Parameter containing:
tensor([[-0.4210,  0.4216],
        [-0.3023,  0.3039],
        [-0.1517,  0.1527],
        [-0.2340,  0.2352],
        [-0.2984,  0.2975],
        [-0.2337,  0.2341],
        [-0.3499,  0.3508],
        [-0.2190,  0.2181],
        [-0.2037,  0.2034],
        [-0.3103,  0.3102],
        [-0.1420,  0.1428],
        [-0.0637,  0.0614],
        [-0.1695,  0.1692],
        [-0.1461,  0.1470]], device='cuda:0', requires_grad=True)
[026-050] Search: Model metrics  : loss=0.60, accuracy@1=79.26%, accuracy@5=98.96%, time-cost=3829.2 s
[026-050] Search: Architecture metrics  : loss=0.67, accuracy@1=76.69%, accuracy@5=98.62%
[026-050] Evaluation:  : loss=0.64, accuracy@1=77.51%, accuracy@5=98.79%
[026-050] Layer Alignment score:  normal: 0.0000, reduce: 0.0000
alpha 0 is Parameter containing:
tensor([[-0.2522,  0.2527],
        [-0.3537,  0.3527],
        [-0.2301,  0.2301],
        [-0.2409,  0.2410],
        [-0.2091,  0.2105],
        [-0.2203,  0.2208],
        [-0.2438,  0.2423],
        [-0.1637,  0.1631],
        [-0.2961,  0.2974],
        [ 0.0209, -0.0229],
        [-0.1874,  0.1885],
        [-0.1112,  0.1096],
        [-0.2602,  0.2577],
        [-0.2417,  0.2398]], device='cuda:0', requires_grad=True)
alpha 1 is Parameter containing:
tensor([[-0.4425,  0.4432],
        [-0.3161,  0.3178],
        [-0.1448,  0.1458],
        [-0.2483,  0.2495],
        [-0.3094,  0.3085],
        [-0.2447,  0.2450],
        [-0.3592,  0.3602],
        [-0.2386,  0.2377],
        [-0.2279,  0.2276],
        [-0.3271,  0.3270],
        [-0.1495,  0.1503],
        [-0.0733,  0.0710],
        [-0.1832,  0.1830],
        [-0.1606,  0.1615]], device='cuda:0', requires_grad=True)
[027-050] Search: Model metrics  : loss=0.59, accuracy@1=79.16%, accuracy@5=98.98%, time-cost=4016.8 s
[027-050] Search: Architecture metrics  : loss=0.67, accuracy@1=76.55%, accuracy@5=98.53%
[027-050] Evaluation:  : loss=0.63, accuracy@1=77.90%, accuracy@5=98.71%
[027-050] Layer Alignment score:  normal: 0.0000, reduce: 0.0000
<<<--->>> The 027-050-th epoch : found the highest validation accuracy : 77.90%.
alpha 0 is Parameter containing:
tensor([[-0.2731,  0.2736],
        [-0.3563,  0.3554],
        [-0.2341,  0.2341],
        [-0.2479,  0.2480],
        [-0.2132,  0.2146],
        [-0.2276,  0.2282],
        [-0.2503,  0.2488],
        [-0.1704,  0.1698],
        [-0.3025,  0.3038],
        [ 0.0291, -0.0311],
        [-0.1896,  0.1906],
        [-0.1104,  0.1088],
        [-0.2582,  0.2557],
        [-0.2411,  0.2392]], device='cuda:0', requires_grad=True)
alpha 1 is Parameter containing:
tensor([[-0.4584,  0.4591],
        [-0.3247,  0.3264],
        [-0.1424,  0.1433],
        [-0.2604,  0.2616],
        [-0.3230,  0.3222],
        [-0.2570,  0.2573],
        [-0.3741,  0.3750],
        [-0.2425,  0.2416],
        [-0.2272,  0.2269],
        [-0.3378,  0.3376],
        [-0.1493,  0.1501],
        [-0.0692,  0.0669],
        [-0.1734,  0.1731],
        [-0.1559,  0.1568]], device='cuda:0', requires_grad=True)
[028-050] Search: Model metrics  : loss=0.59, accuracy@1=79.41%, accuracy@5=99.01%, time-cost=4203.9 s
[028-050] Search: Architecture metrics  : loss=0.66, accuracy@1=76.95%, accuracy@5=98.68%
[028-050] Evaluation:  : loss=0.63, accuracy@1=77.78%, accuracy@5=98.74%
[028-050] Layer Alignment score:  normal: 0.0000, reduce: 0.0000
alpha 0 is Parameter containing:
tensor([[-0.2896,  0.2901],
        [-0.3606,  0.3596],
        [-0.2268,  0.2267],
        [-0.2587,  0.2588],
        [-0.2198,  0.2212],
        [-0.2371,  0.2376],
        [-0.2441,  0.2426],
        [-0.1811,  0.1805],
        [-0.3125,  0.3138],
        [ 0.0332, -0.0353],
        [-0.1915,  0.1925],
        [-0.1048,  0.1032],
        [-0.2649,  0.2625],
        [-0.2453,  0.2434]], device='cuda:0', requires_grad=True)
alpha 1 is Parameter containing:
tensor([[-0.4720,  0.4727],
        [-0.3362,  0.3378],
        [-0.1452,  0.1462],
        [-0.2689,  0.2701],
        [-0.3309,  0.3301],
        [-0.2675,  0.2678],
        [-0.3939,  0.3949],
        [-0.2490,  0.2481],
        [-0.2353,  0.2350],
        [-0.3557,  0.3555],
        [-0.1474,  0.1482],
        [-0.0655,  0.0633],
        [-0.1774,  0.1771],
        [-0.1639,  0.1648]], device='cuda:0', requires_grad=True)
[029-050] Search: Model metrics  : loss=0.59, accuracy@1=79.46%, accuracy@5=98.89%, time-cost=4385.8 s
[029-050] Search: Architecture metrics  : loss=0.66, accuracy@1=77.17%, accuracy@5=98.61%
[029-050] Evaluation:  : loss=0.62, accuracy@1=78.04%, accuracy@5=98.83%
[029-050] Layer Alignment score:  normal: 0.0000, reduce: 0.0000
<<<--->>> The 029-050-th epoch : found the highest validation accuracy : 78.04%.
alpha 0 is Parameter containing:
tensor([[-0.2950,  0.2954],
        [-0.3712,  0.3702],
        [-0.2427,  0.2426],
        [-0.2614,  0.2615],
        [-0.2190,  0.2203],
        [-0.2372,  0.2377],
        [-0.2554,  0.2540],
        [-0.1790,  0.1785],
        [-0.3235,  0.3247],
        [ 0.0343, -0.0364],
        [-0.1905,  0.1916],
        [-0.1082,  0.1067],
        [-0.2833,  0.2809],
        [-0.2344,  0.2326]], device='cuda:0', requires_grad=True)
alpha 1 is Parameter containing:
tensor([[-0.4919,  0.4926],
        [-0.3444,  0.3460],
        [-0.1498,  0.1507],
        [-0.2766,  0.2778],
        [-0.3447,  0.3439],
        [-0.2665,  0.2668],
        [-0.4102,  0.4111],
        [-0.2659,  0.2651],
        [-0.2414,  0.2411],
        [-0.3645,  0.3644],
        [-0.1492,  0.1500],
        [-0.0699,  0.0677],
        [-0.1836,  0.1834],
        [-0.1673,  0.1682]], device='cuda:0', requires_grad=True)
[030-050] Search: Model metrics  : loss=0.59, accuracy@1=79.86%, accuracy@5=99.04%, time-cost=4574.8 s
[030-050] Search: Architecture metrics  : loss=0.66, accuracy@1=76.64%, accuracy@5=98.66%
[030-050] Evaluation:  : loss=0.63, accuracy@1=77.72%, accuracy@5=98.76%
[030-050] Layer Alignment score:  normal: 0.0000, reduce: 0.0000
alpha 0 is Parameter containing:
tensor([[-0.2959,  0.2964],
        [-0.3823,  0.3814],
        [-0.2513,  0.2512],
        [-0.2635,  0.2636],
        [-0.2212,  0.2225],
        [-0.2445,  0.2450],
        [-0.2656,  0.2642],
        [-0.1840,  0.1835],
        [-0.3293,  0.3305],
        [ 0.0430, -0.0450],
        [-0.1954,  0.1964],
        [-0.1077,  0.1061],
        [-0.2820,  0.2796],
        [-0.2406,  0.2388]], device='cuda:0', requires_grad=True)
alpha 1 is Parameter containing:
tensor([[-0.5132,  0.5138],
        [-0.3510,  0.3526],
        [-0.1587,  0.1596],
        [-0.2845,  0.2856],
        [-0.3552,  0.3544],
        [-0.2712,  0.2715],
        [-0.4131,  0.4140],
        [-0.2860,  0.2852],
        [-0.2488,  0.2485],
        [-0.3800,  0.3798],
        [-0.1441,  0.1449],
        [-0.0694,  0.0673],
        [-0.1751,  0.1749],
        [-0.1679,  0.1687]], device='cuda:0', requires_grad=True)
[031-050] Search: Model metrics  : loss=0.58, accuracy@1=79.61%, accuracy@5=99.09%, time-cost=4760.0 s
[031-050] Search: Architecture metrics  : loss=0.64, accuracy@1=77.82%, accuracy@5=98.74%
[031-050] Evaluation:  : loss=0.62, accuracy@1=78.11%, accuracy@5=98.81%
[031-050] Layer Alignment score:  normal: 0.0000, reduce: 0.0000
<<<--->>> The 031-050-th epoch : found the highest validation accuracy : 78.11%.
alpha 0 is Parameter containing:
tensor([[-0.3094,  0.3099],
        [-0.3953,  0.3944],
        [-0.2622,  0.2622],
        [-0.2631,  0.2632],
        [-0.2254,  0.2268],
        [-0.2522,  0.2527],
        [-0.2685,  0.2671],
        [-0.1962,  0.1956],
        [-0.3320,  0.3332],
        [ 0.0478, -0.0499],
        [-0.1967,  0.1977],
        [-0.1152,  0.1137],
        [-0.2898,  0.2874],
        [-0.2525,  0.2507]], device='cuda:0', requires_grad=True)
alpha 1 is Parameter containing:
tensor([[-0.5308,  0.5315],
        [-0.3628,  0.3644],
        [-0.1620,  0.1629],
        [-0.2949,  0.2960],
        [-0.3646,  0.3638],
        [-0.2819,  0.2821],
        [-0.4246,  0.4255],
        [-0.2929,  0.2921],
        [-0.2522,  0.2519],
        [-0.3843,  0.3841],
        [-0.1400,  0.1408],
        [-0.0772,  0.0751],
        [-0.1809,  0.1806],
        [-0.1753,  0.1761]], device='cuda:0', requires_grad=True)
[032-050] Search: Model metrics  : loss=0.58, accuracy@1=79.74%, accuracy@5=99.08%, time-cost=4943.3 s
[032-050] Search: Architecture metrics  : loss=0.64, accuracy@1=77.57%, accuracy@5=98.63%
[032-050] Evaluation:  : loss=0.62, accuracy@1=78.40%, accuracy@5=98.78%
[032-050] Layer Alignment score:  normal: 0.0000, reduce: 0.0000
<<<--->>> The 032-050-th epoch : found the highest validation accuracy : 78.40%.
alpha 0 is Parameter containing:
tensor([[-0.3219,  0.3223],
        [-0.4025,  0.4016],
        [-0.2580,  0.2580],
        [-0.2665,  0.2666],
        [-0.2257,  0.2271],
        [-0.2723,  0.2728],
        [-0.2755,  0.2741],
        [-0.2072,  0.2067],
        [-0.3263,  0.3275],
        [ 0.0449, -0.0469],
        [-0.2077,  0.2087],
        [-0.1183,  0.1168],
        [-0.2996,  0.2972],
        [-0.2667,  0.2649]], device='cuda:0', requires_grad=True)
alpha 1 is Parameter containing:
tensor([[-0.5419,  0.5425],
        [-0.3783,  0.3799],
        [-0.1768,  0.1777],
        [-0.2974,  0.2986],
        [-0.3759,  0.3751],
        [-0.2946,  0.2949],
        [-0.4374,  0.4383],
        [-0.2995,  0.2987],
        [-0.2591,  0.2588],
        [-0.4000,  0.3998],
        [-0.1376,  0.1383],
        [-0.0782,  0.0761],
        [-0.1844,  0.1841],
        [-0.1802,  0.1810]], device='cuda:0', requires_grad=True)
[033-050] Search: Model metrics  : loss=0.57, accuracy@1=79.90%, accuracy@5=99.04%, time-cost=5128.3 s
[033-050] Search: Architecture metrics  : loss=0.65, accuracy@1=77.43%, accuracy@5=98.60%
[033-050] Evaluation:  : loss=0.62, accuracy@1=78.54%, accuracy@5=98.82%
[033-050] Layer Alignment score:  normal: 0.0000, reduce: 0.0000
<<<--->>> The 033-050-th epoch : found the highest validation accuracy : 78.54%.
alpha 0 is Parameter containing:
tensor([[-0.3225,  0.3229],
        [-0.3993,  0.3984],
        [-0.2683,  0.2683],
        [-0.2665,  0.2666],
        [-0.2179,  0.2193],
        [-0.2871,  0.2877],
        [-0.2791,  0.2777],
        [-0.2067,  0.2062],
        [-0.3341,  0.3353],
        [ 0.0439, -0.0459],
        [-0.2153,  0.2163],
        [-0.1173,  0.1158],
        [-0.2978,  0.2955],
        [-0.2686,  0.2668]], device='cuda:0', requires_grad=True)
alpha 1 is Parameter containing:
tensor([[-0.5455,  0.5461],
        [-0.3901,  0.3917],
        [-0.1794,  0.1803],
        [-0.3111,  0.3121],
        [-0.3878,  0.3870],
        [-0.2954,  0.2957],
        [-0.4506,  0.4514],
        [-0.3018,  0.3010],
        [-0.2614,  0.2611],
        [-0.4136,  0.4135],
        [-0.1391,  0.1399],
        [-0.0810,  0.0790],
        [-0.1891,  0.1889],
        [-0.1810,  0.1818]], device='cuda:0', requires_grad=True)
[034-050] Search: Model metrics  : loss=0.57, accuracy@1=80.31%, accuracy@5=99.08%, time-cost=5317.6 s
[034-050] Search: Architecture metrics  : loss=0.64, accuracy@1=77.96%, accuracy@5=98.69%
[034-050] Evaluation:  : loss=0.62, accuracy@1=78.11%, accuracy@5=98.76%
[034-050] Layer Alignment score:  normal: 0.0000, reduce: 0.0000
alpha 0 is Parameter containing:
tensor([[-0.3154,  0.3158],
        [-0.4171,  0.4162],
        [-0.2730,  0.2730],
        [-0.2694,  0.2696],
        [-0.2252,  0.2266],
        [-0.2898,  0.2903],
        [-0.2859,  0.2846],
        [-0.2094,  0.2088],
        [-0.3432,  0.3444],
        [ 0.0394, -0.0414],
        [-0.2182,  0.2191],
        [-0.1048,  0.1033],
        [-0.3087,  0.3064],
        [-0.2660,  0.2643]], device='cuda:0', requires_grad=True)
alpha 1 is Parameter containing:
tensor([[-0.5570,  0.5577],
        [-0.4079,  0.4094],
        [-0.1728,  0.1737],
        [-0.3158,  0.3168],
        [-0.4105,  0.4098],
        [-0.2997,  0.2999],
        [-0.4580,  0.4589],
        [-0.3103,  0.3095],
        [-0.2678,  0.2675],
        [-0.4230,  0.4229],
        [-0.1362,  0.1369],
        [-0.0913,  0.0893],
        [-0.1929,  0.1927],
        [-0.1864,  0.1872]], device='cuda:0', requires_grad=True)
[035-050] Search: Model metrics  : loss=0.57, accuracy@1=80.19%, accuracy@5=99.01%, time-cost=5504.9 s
[035-050] Search: Architecture metrics  : loss=0.65, accuracy@1=77.51%, accuracy@5=98.62%
[035-050] Evaluation:  : loss=0.62, accuracy@1=78.52%, accuracy@5=98.84%
[035-050] Layer Alignment score:  normal: 0.0000, reduce: 0.0000
alpha 0 is Parameter containing:
tensor([[-0.3209,  0.3214],
        [-0.4310,  0.4301],
        [-0.2771,  0.2770],
        [-0.2646,  0.2647],
        [-0.2406,  0.2419],
        [-0.2916,  0.2921],
        [-0.2899,  0.2885],
        [-0.2205,  0.2199],
        [-0.3575,  0.3587],
        [ 0.0359, -0.0379],
        [-0.2219,  0.2229],
        [-0.1100,  0.1085],
        [-0.3138,  0.3115],
        [-0.2796,  0.2778]], device='cuda:0', requires_grad=True)
alpha 1 is Parameter containing:
tensor([[-0.5611,  0.5617],
        [-0.4168,  0.4183],
        [-0.1616,  0.1624],
        [-0.3218,  0.3229],
        [-0.4213,  0.4206],
        [-0.3155,  0.3158],
        [-0.4677,  0.4686],
        [-0.3274,  0.3266],
        [-0.2725,  0.2722],
        [-0.4332,  0.4331],
        [-0.1448,  0.1455],
        [-0.0917,  0.0897],
        [-0.2021,  0.2019],
        [-0.1969,  0.1977]], device='cuda:0', requires_grad=True)
[036-050] Search: Model metrics  : loss=0.56, accuracy@1=80.10%, accuracy@5=98.96%, time-cost=5692.0 s
[036-050] Search: Architecture metrics  : loss=0.64, accuracy@1=77.63%, accuracy@5=98.84%
[036-050] Evaluation:  : loss=0.61, accuracy@1=78.64%, accuracy@5=98.75%
[036-050] Layer Alignment score:  normal: 0.0000, reduce: 0.0000
<<<--->>> The 036-050-th epoch : found the highest validation accuracy : 78.64%.
alpha 0 is Parameter containing:
tensor([[-0.3287,  0.3291],
        [-0.4351,  0.4342],
        [-0.2736,  0.2736],
        [-0.2781,  0.2783],
        [-0.2432,  0.2445],
        [-0.2879,  0.2884],
        [-0.2999,  0.2985],
        [-0.2292,  0.2287],
        [-0.3623,  0.3635],
        [ 0.0343, -0.0363],
        [-0.2274,  0.2284],
        [-0.1149,  0.1134],
        [-0.3324,  0.3301],
        [-0.2843,  0.2826]], device='cuda:0', requires_grad=True)
alpha 1 is Parameter containing:
tensor([[-0.5744,  0.5750],
        [-0.4368,  0.4383],
        [-0.1493,  0.1502],
        [-0.3256,  0.3267],
        [-0.4289,  0.4282],
        [-0.3192,  0.3195],
        [-0.4770,  0.4778],
        [-0.3383,  0.3376],
        [-0.2785,  0.2782],
        [-0.4317,  0.4316],
        [-0.1511,  0.1518],
        [-0.0940,  0.0921],
        [-0.2044,  0.2041],
        [-0.2099,  0.2106]], device='cuda:0', requires_grad=True)
[037-050] Search: Model metrics  : loss=0.55, accuracy@1=80.64%, accuracy@5=99.05%, time-cost=5873.0 s
[037-050] Search: Architecture metrics  : loss=0.64, accuracy@1=77.90%, accuracy@5=98.65%
[037-050] Evaluation:  : loss=0.61, accuracy@1=78.62%, accuracy@5=98.87%
[037-050] Layer Alignment score:  normal: 0.0000, reduce: 0.0000
alpha 0 is Parameter containing:
tensor([[-0.3349,  0.3353],
        [-0.4491,  0.4482],
        [-0.2794,  0.2794],
        [-0.2858,  0.2859],
        [-0.2450,  0.2463],
        [-0.2952,  0.2957],
        [-0.3073,  0.3060],
        [-0.2315,  0.2310],
        [-0.3613,  0.3624],
        [ 0.0416, -0.0436],
        [-0.2172,  0.2182],
        [-0.1220,  0.1205],
        [-0.3233,  0.3210],
        [-0.2934,  0.2917]], device='cuda:0', requires_grad=True)
alpha 1 is Parameter containing:
tensor([[-0.5746,  0.5752],
        [-0.4539,  0.4553],
        [-0.1577,  0.1586],
        [-0.3268,  0.3278],
        [-0.4315,  0.4308],
        [-0.3408,  0.3411],
        [-0.4839,  0.4847],
        [-0.3374,  0.3366],
        [-0.2749,  0.2746],
        [-0.4438,  0.4437],
        [-0.1528,  0.1535],
        [-0.0818,  0.0799],
        [-0.1930,  0.1928],
        [-0.2013,  0.2021]], device='cuda:0', requires_grad=True)
[038-050] Search: Model metrics  : loss=0.56, accuracy@1=80.46%, accuracy@5=99.10%, time-cost=6054.1 s
[038-050] Search: Architecture metrics  : loss=0.64, accuracy@1=77.74%, accuracy@5=98.81%
[038-050] Evaluation:  : loss=0.61, accuracy@1=78.58%, accuracy@5=98.84%
[038-050] Layer Alignment score:  normal: 0.0000, reduce: 0.0000
alpha 0 is Parameter containing:
tensor([[-0.3321,  0.3326],
        [-0.4578,  0.4569],
        [-0.2872,  0.2871],
        [-0.2909,  0.2910],
        [-0.2431,  0.2443],
        [-0.2985,  0.2990],
        [-0.3001,  0.2987],
        [-0.2319,  0.2313],
        [-0.3587,  0.3598],
        [ 0.0538, -0.0558],
        [-0.2116,  0.2126],
        [-0.1225,  0.1210],
        [-0.3292,  0.3270],
        [-0.2951,  0.2934]], device='cuda:0', requires_grad=True)
alpha 1 is Parameter containing:
tensor([[-0.5856,  0.5862],
        [-0.4568,  0.4583],
        [-0.1578,  0.1586],
        [-0.3340,  0.3350],
        [-0.4427,  0.4420],
        [-0.3374,  0.3377],
        [-0.4882,  0.4890],
        [-0.3544,  0.3536],
        [-0.2826,  0.2824],
        [-0.4578,  0.4577],
        [-0.1517,  0.1524],
        [-0.0894,  0.0875],
        [-0.2012,  0.2009],
        [-0.2114,  0.2121]], device='cuda:0', requires_grad=True)
[039-050] Search: Model metrics  : loss=0.55, accuracy@1=80.71%, accuracy@5=99.11%, time-cost=6236.0 s
[039-050] Search: Architecture metrics  : loss=0.64, accuracy@1=78.14%, accuracy@5=98.75%
[039-050] Evaluation:  : loss=0.60, accuracy@1=78.98%, accuracy@5=98.87%
[039-050] Layer Alignment score:  normal: 0.0000, reduce: 0.0000
<<<--->>> The 039-050-th epoch : found the highest validation accuracy : 78.98%.
alpha 0 is Parameter containing:
tensor([[-0.3388,  0.3393],
        [-0.4723,  0.4714],
        [-0.2832,  0.2831],
        [-0.2842,  0.2843],
        [-0.2649,  0.2662],
        [-0.3074,  0.3079],
        [-0.2998,  0.2984],
        [-0.2324,  0.2318],
        [-0.3642,  0.3653],
        [ 0.0524, -0.0544],
        [-0.2194,  0.2204],
        [-0.1337,  0.1323],
        [-0.3262,  0.3240],
        [-0.2950,  0.2933]], device='cuda:0', requires_grad=True)
alpha 1 is Parameter containing:
tensor([[-0.5802,  0.5808],
        [-0.4717,  0.4732],
        [-0.1520,  0.1529],
        [-0.3450,  0.3460],
        [-0.4556,  0.4549],
        [-0.3373,  0.3376],
        [-0.5001,  0.5009],
        [-0.3555,  0.3548],
        [-0.2958,  0.2955],
        [-0.4681,  0.4679],
        [-0.1608,  0.1615],
        [-0.0907,  0.0889],
        [-0.2035,  0.2033],
        [-0.2200,  0.2207]], device='cuda:0', requires_grad=True)
[040-050] Search: Model metrics  : loss=0.55, accuracy@1=80.87%, accuracy@5=99.14%, time-cost=6418.9 s
[040-050] Search: Architecture metrics  : loss=0.63, accuracy@1=78.30%, accuracy@5=98.86%
[040-050] Evaluation:  : loss=0.61, accuracy@1=78.92%, accuracy@5=98.86%
[040-050] Layer Alignment score:  normal: 0.0000, reduce: 0.0000
alpha 0 is Parameter containing:
tensor([[-0.3514,  0.3518],
        [-0.4705,  0.4696],
        [-0.2953,  0.2952],
        [-0.2806,  0.2807],
        [-0.2756,  0.2769],
        [-0.3087,  0.3092],
        [-0.3031,  0.3017],
        [-0.2452,  0.2447],
        [-0.3663,  0.3674],
        [ 0.0547, -0.0566],
        [-0.2243,  0.2253],
        [-0.1331,  0.1317],
        [-0.3312,  0.3291],
        [-0.2963,  0.2946]], device='cuda:0', requires_grad=True)
alpha 1 is Parameter containing:
tensor([[-0.6024,  0.6029],
        [-0.4711,  0.4726],
        [-0.1537,  0.1545],
        [-0.3523,  0.3533],
        [-0.4681,  0.4674],
        [-0.3488,  0.3490],
        [-0.5093,  0.5100],
        [-0.3600,  0.3593],
        [-0.3014,  0.3011],
        [-0.4760,  0.4759],
        [-0.1657,  0.1663],
        [-0.0944,  0.0925],
        [-0.1988,  0.1985],
        [-0.2312,  0.2319]], device='cuda:0', requires_grad=True)
[041-050] Search: Model metrics  : loss=0.54, accuracy@1=80.94%, accuracy@5=99.06%, time-cost=6606.9 s
[041-050] Search: Architecture metrics  : loss=0.63, accuracy@1=78.13%, accuracy@5=98.73%
[041-050] Evaluation:  : loss=0.60, accuracy@1=79.33%, accuracy@5=98.87%
[041-050] Layer Alignment score:  normal: 0.0000, reduce: 0.0000
<<<--->>> The 041-050-th epoch : found the highest validation accuracy : 79.33%.
alpha 0 is Parameter containing:
tensor([[-0.3453,  0.3457],
        [-0.4790,  0.4781],
        [-0.2928,  0.2927],
        [-0.2907,  0.2908],
        [-0.2838,  0.2851],
        [-0.3149,  0.3154],
        [-0.3168,  0.3155],
        [-0.2418,  0.2413],
        [-0.3661,  0.3672],
        [ 0.0622, -0.0641],
        [-0.2226,  0.2235],
        [-0.1200,  0.1186],
        [-0.3359,  0.3337],
        [-0.3079,  0.3063]], device='cuda:0', requires_grad=True)
alpha 1 is Parameter containing:
tensor([[-0.6117,  0.6122],
        [-0.4827,  0.4842],
        [-0.1673,  0.1682],
        [-0.3455,  0.3465],
        [-0.4779,  0.4773],
        [-0.3534,  0.3537],
        [-0.5104,  0.5112],
        [-0.3691,  0.3684],
        [-0.3009,  0.3007],
        [-0.4864,  0.4863],
        [-0.1634,  0.1640],
        [-0.0992,  0.0974],
        [-0.1958,  0.1956],
        [-0.2214,  0.2221]], device='cuda:0', requires_grad=True)
[042-050] Search: Model metrics  : loss=0.54, accuracy@1=81.21%, accuracy@5=99.19%, time-cost=6787.8 s
[042-050] Search: Architecture metrics  : loss=0.63, accuracy@1=78.14%, accuracy@5=98.65%
[042-050] Evaluation:  : loss=0.60, accuracy@1=79.35%, accuracy@5=98.82%
[042-050] Layer Alignment score:  normal: 0.0000, reduce: 0.0000
<<<--->>> The 042-050-th epoch : found the highest validation accuracy : 79.35%.
alpha 0 is Parameter containing:
tensor([[-0.3434,  0.3438],
        [-0.4868,  0.4859],
        [-0.2879,  0.2879],
        [-0.2935,  0.2936],
        [-0.2836,  0.2849],
        [-0.3157,  0.3162],
        [-0.3254,  0.3241],
        [-0.2391,  0.2386],
        [-0.3718,  0.3729],
        [ 0.0631, -0.0651],
        [-0.2236,  0.2246],
        [-0.1166,  0.1152],
        [-0.3382,  0.3361],
        [-0.3083,  0.3067]], device='cuda:0', requires_grad=True)
alpha 1 is Parameter containing:
tensor([[-0.6242,  0.6248],
        [-0.5000,  0.5014],
        [-0.1717,  0.1725],
        [-0.3471,  0.3481],
        [-0.4820,  0.4813],
        [-0.3581,  0.3583],
        [-0.5170,  0.5177],
        [-0.3758,  0.3751],
        [-0.2979,  0.2977],
        [-0.4923,  0.4922],
        [-0.1602,  0.1608],
        [-0.1099,  0.1081],
        [-0.1986,  0.1983],
        [-0.2229,  0.2236]], device='cuda:0', requires_grad=True)
[043-050] Search: Model metrics  : loss=0.54, accuracy@1=80.87%, accuracy@5=99.13%, time-cost=6970.8 s
[043-050] Search: Architecture metrics  : loss=0.63, accuracy@1=78.28%, accuracy@5=98.82%
[043-050] Evaluation:  : loss=0.60, accuracy@1=79.07%, accuracy@5=98.86%
[043-050] Layer Alignment score:  normal: 0.0000, reduce: 0.0000
alpha 0 is Parameter containing:
tensor([[-0.3522,  0.3527],
        [-0.4915,  0.4906],
        [-0.3043,  0.3043],
        [-0.2965,  0.2966],
        [-0.2894,  0.2907],
        [-0.3168,  0.3173],
        [-0.3180,  0.3167],
        [-0.2502,  0.2497],
        [-0.3701,  0.3712],
        [ 0.0757, -0.0777],
        [-0.2242,  0.2252],
        [-0.1168,  0.1154],
        [-0.3456,  0.3435],
        [-0.3038,  0.3022]], device='cuda:0', requires_grad=True)
alpha 1 is Parameter containing:
tensor([[-0.6385,  0.6391],
        [-0.5105,  0.5119],
        [-0.1722,  0.1730],
        [-0.3557,  0.3567],
        [-0.4839,  0.4833],
        [-0.3525,  0.3528],
        [-0.5304,  0.5311],
        [-0.3755,  0.3748],
        [-0.3030,  0.3028],
        [-0.5040,  0.5038],
        [-0.1616,  0.1623],
        [-0.1183,  0.1165],
        [-0.1949,  0.1947],
        [-0.2229,  0.2235]], device='cuda:0', requires_grad=True)
[044-050] Search: Model metrics  : loss=0.53, accuracy@1=81.24%, accuracy@5=99.14%, time-cost=7153.5 s
[044-050] Search: Architecture metrics  : loss=0.62, accuracy@1=78.17%, accuracy@5=98.67%
[044-050] Evaluation:  : loss=0.59, accuracy@1=79.57%, accuracy@5=98.88%
[044-050] Layer Alignment score:  normal: 0.0000, reduce: 0.0000
<<<--->>> The 044-050-th epoch : found the highest validation accuracy : 79.57%.
alpha 0 is Parameter containing:
tensor([[-0.3639,  0.3643],
        [-0.4975,  0.4967],
        [-0.2992,  0.2991],
        [-0.2941,  0.2942],
        [-0.2928,  0.2940],
        [-0.3315,  0.3320],
        [-0.3085,  0.3072],
        [-0.2561,  0.2556],
        [-0.3767,  0.3778],
        [ 0.0749, -0.0768],
        [-0.2208,  0.2218],
        [-0.1190,  0.1176],
        [-0.3427,  0.3406],
        [-0.2992,  0.2976]], device='cuda:0', requires_grad=True)
alpha 1 is Parameter containing:
tensor([[-0.6532,  0.6538],
        [-0.5175,  0.5189],
        [-0.1674,  0.1683],
        [-0.3564,  0.3574],
        [-0.4891,  0.4884],
        [-0.3548,  0.3551],
        [-0.5429,  0.5436],
        [-0.3888,  0.3881],
        [-0.2974,  0.2972],
        [-0.5130,  0.5129],
        [-0.1527,  0.1533],
        [-0.1130,  0.1113],
        [-0.1909,  0.1906],
        [-0.2351,  0.2358]], device='cuda:0', requires_grad=True)
[045-050] Search: Model metrics  : loss=0.53, accuracy@1=81.22%, accuracy@5=99.20%, time-cost=7340.1 s
[045-050] Search: Architecture metrics  : loss=0.63, accuracy@1=78.18%, accuracy@5=98.76%
[045-050] Evaluation:  : loss=0.59, accuracy@1=79.54%, accuracy@5=98.89%
[045-050] Layer Alignment score:  normal: 0.0000, reduce: 0.0000
alpha 0 is Parameter containing:
tensor([[-0.3683,  0.3687],
        [-0.5069,  0.5060],
        [-0.2826,  0.2825],
        [-0.2905,  0.2906],
        [-0.2919,  0.2931],
        [-0.3280,  0.3284],
        [-0.3051,  0.3039],
        [-0.2603,  0.2598],
        [-0.3740,  0.3750],
        [ 0.0789, -0.0808],
        [-0.2285,  0.2294],
        [-0.1220,  0.1206],
        [-0.3477,  0.3456],
        [-0.3057,  0.3041]], device='cuda:0', requires_grad=True)
alpha 1 is Parameter containing:
tensor([[-0.6512,  0.6518],
        [-0.5265,  0.5279],
        [-0.1683,  0.1692],
        [-0.3655,  0.3665],
        [-0.5001,  0.4995],
        [-0.3616,  0.3619],
        [-0.5492,  0.5500],
        [-0.3875,  0.3869],
        [-0.2970,  0.2968],
        [-0.5198,  0.5197],
        [-0.1571,  0.1577],
        [-0.1242,  0.1225],
        [-0.1964,  0.1962],
        [-0.2364,  0.2370]], device='cuda:0', requires_grad=True)
[046-050] Search: Model metrics  : loss=0.54, accuracy@1=80.92%, accuracy@5=99.16%, time-cost=7521.1 s
[046-050] Search: Architecture metrics  : loss=0.63, accuracy@1=77.91%, accuracy@5=98.83%
[046-050] Evaluation:  : loss=0.59, accuracy@1=79.25%, accuracy@5=98.92%
[046-050] Layer Alignment score:  normal: 0.0000, reduce: 0.0000
alpha 0 is Parameter containing:
tensor([[-0.3628,  0.3632],
        [-0.5164,  0.5156],
        [-0.2882,  0.2881],
        [-0.2882,  0.2883],
        [-0.2972,  0.2984],
        [-0.3231,  0.3236],
        [-0.3042,  0.3029],
        [-0.2670,  0.2665],
        [-0.3854,  0.3865],
        [ 0.0932, -0.0951],
        [-0.2180,  0.2189],
        [-0.1174,  0.1161],
        [-0.3449,  0.3428],
        [-0.3061,  0.3046]], device='cuda:0', requires_grad=True)
alpha 1 is Parameter containing:
tensor([[-0.6606,  0.6611],
        [-0.5270,  0.5284],
        [-0.1748,  0.1756],
        [-0.3645,  0.3655],
        [-0.5055,  0.5048],
        [-0.3663,  0.3665],
        [-0.5441,  0.5448],
        [-0.3936,  0.3930],
        [-0.2902,  0.2900],
        [-0.5318,  0.5317],
        [-0.1516,  0.1522],
        [-0.1252,  0.1235],
        [-0.1976,  0.1974],
        [-0.2398,  0.2405]], device='cuda:0', requires_grad=True)
[047-050] Search: Model metrics  : loss=0.53, accuracy@1=81.18%, accuracy@5=99.19%, time-cost=7707.4 s
[047-050] Search: Architecture metrics  : loss=0.62, accuracy@1=78.81%, accuracy@5=98.70%
[047-050] Evaluation:  : loss=0.59, accuracy@1=79.44%, accuracy@5=98.82%
[047-050] Layer Alignment score:  normal: 0.0000, reduce: 0.0000
alpha 0 is Parameter containing:
tensor([[-0.3812,  0.3817],
        [-0.5080,  0.5071],
        [-0.2900,  0.2899],
        [-0.2837,  0.2838],
        [-0.3002,  0.3014],
        [-0.3319,  0.3323],
        [-0.3160,  0.3147],
        [-0.2746,  0.2741],
        [-0.3843,  0.3853],
        [ 0.0775, -0.0794],
        [-0.2163,  0.2172],
        [-0.1205,  0.1192],
        [-0.3449,  0.3429],
        [-0.3139,  0.3124]], device='cuda:0', requires_grad=True)
alpha 1 is Parameter containing:
tensor([[-0.6654,  0.6660],
        [-0.5298,  0.5311],
        [-0.1839,  0.1847],
        [-0.3705,  0.3715],
        [-0.5197,  0.5191],
        [-0.3649,  0.3652],
        [-0.5509,  0.5516],
        [-0.4004,  0.3998],
        [-0.2901,  0.2898],
        [-0.5452,  0.5451],
        [-0.1505,  0.1510],
        [-0.1260,  0.1243],
        [-0.1973,  0.1971],
        [-0.2340,  0.2347]], device='cuda:0', requires_grad=True)
[048-050] Search: Model metrics  : loss=0.53, accuracy@1=81.39%, accuracy@5=99.15%, time-cost=7888.3 s
[048-050] Search: Architecture metrics  : loss=0.63, accuracy@1=78.64%, accuracy@5=98.57%
[048-050] Evaluation:  : loss=0.59, accuracy@1=79.49%, accuracy@5=98.92%
[048-050] Layer Alignment score:  normal: 0.0000, reduce: 0.0000
alpha 0 is Parameter containing:
tensor([[-0.3879,  0.3884],
        [-0.5141,  0.5133],
        [-0.2731,  0.2730],
        [-0.2816,  0.2817],
        [-0.3011,  0.3023],
        [-0.3333,  0.3338],
        [-0.3143,  0.3130],
        [-0.2721,  0.2716],
        [-0.3860,  0.3870],
        [ 0.0820, -0.0839],
        [-0.2254,  0.2264],
        [-0.1173,  0.1160],
        [-0.3531,  0.3511],
        [-0.3121,  0.3106]], device='cuda:0', requires_grad=True)
alpha 1 is Parameter containing:
tensor([[-0.6717,  0.6722],
        [-0.5370,  0.5383],
        [-0.1785,  0.1793],
        [-0.3737,  0.3746],
        [-0.5133,  0.5127],
        [-0.3706,  0.3709],
        [-0.5525,  0.5532],
        [-0.4054,  0.4048],
        [-0.2833,  0.2830],
        [-0.5624,  0.5623],
        [-0.1617,  0.1623],
        [-0.1314,  0.1298],
        [-0.1901,  0.1899],
        [-0.2362,  0.2368]], device='cuda:0', requires_grad=True)
[049-050] Search: Model metrics  : loss=0.53, accuracy@1=81.56%, accuracy@5=99.18%, time-cost=8069.5 s
[049-050] Search: Architecture metrics  : loss=0.62, accuracy@1=78.67%, accuracy@5=98.79%
[049-050] Evaluation:  : loss=0.59, accuracy@1=79.30%, accuracy@5=98.88%
[049-050] Layer Alignment score:  normal: 0.0000, reduce: 0.0000
alpha 0 is Parameter containing:
tensor([[-0.3877,  0.3882],
        [-0.5214,  0.5205],
        [-0.2805,  0.2804],
        [-0.2853,  0.2854],
        [-0.2935,  0.2947],
        [-0.3412,  0.3417],
        [-0.3178,  0.3165],
        [-0.2641,  0.2636],
        [-0.3900,  0.3910],
        [ 0.0826, -0.0844],
        [-0.2347,  0.2356],
        [-0.1112,  0.1099],
        [-0.3676,  0.3656],
        [-0.3129,  0.3114]], device='cuda:0', requires_grad=True)
alpha 1 is Parameter containing:
tensor([[-0.6833,  0.6838],
        [-0.5378,  0.5391],
        [-0.1770,  0.1778],
        [-0.3803,  0.3812],
        [-0.5199,  0.5193],
        [-0.3807,  0.3809],
        [-0.5466,  0.5473],
        [-0.4125,  0.4118],
        [-0.2869,  0.2867],
        [-0.5709,  0.5708],
        [-0.1649,  0.1655],
        [-0.1395,  0.1379],
        [-0.1920,  0.1918],
        [-0.2388,  0.2395]], device='cuda:0', requires_grad=True)
[050-050] Search: Model metrics  : loss=0.52, accuracy@1=81.44%, accuracy@5=99.22%, time-cost=8250.5 s
[050-050] Search: Architecture metrics  : loss=0.63, accuracy@1=78.34%, accuracy@5=98.63%
[050-050] Evaluation:  : loss=0.59, accuracy@1=79.57%, accuracy@5=98.92%
[050-050] Layer Alignment score:  normal: 0.0000, reduce: 0.0000
<<<--->>> The 050-050-th epoch : found the highest validation accuracy : 79.57%.
alpha 0 is Parameter containing:
tensor([[-0.3918,  0.3922],
        [-0.5164,  0.5156],
        [-0.2871,  0.2871],
        [-0.2989,  0.2990],
        [-0.2926,  0.2937],
        [-0.3438,  0.3442],
        [-0.3172,  0.3160],
        [-0.2513,  0.2508],
        [-0.3817,  0.3828],
        [ 0.0867, -0.0886],
        [-0.2345,  0.2354],
        [-0.1067,  0.1054],
        [-0.3660,  0.3640],
        [-0.3097,  0.3082]], device='cuda:0', requires_grad=True)
alpha 1 is Parameter containing:
tensor([[-0.6855,  0.6860],
        [-0.5412,  0.5425],
        [-0.1819,  0.1827],
        [-0.3878,  0.3887],
        [-0.5231,  0.5225],
        [-0.3770,  0.3773],
        [-0.5481,  0.5488],
        [-0.4192,  0.4186],
        [-0.2930,  0.2928],
        [-0.5785,  0.5784],
        [-0.1604,  0.1610],
        [-0.1371,  0.1354],
        [-0.1972,  0.1970],
        [-0.2395,  0.2401]], device='cuda:0', requires_grad=True)
