Training the supernet with the following configuration: 
{
  "sampler": {
    "sample_frequency": "step"
  },
  "perturbator": null,
  "partial_connector": null,
  "dropout": {
    "p": 0.0,
    "p_min": 0.0,
    "anneal_frequency": "epoch",
    "anneal_type": "linear",
    "max_iter": 50
  },
  "trainer": {
    "lr": 0.025,
    "arch_lr": 0.0003,
    "epochs": 50,
    "lora_warm_epochs": 10,
    "optim": "sgd",
    "arch_optim": "adam",
    "optim_config": {
      "momentum": 0.9,
      "nesterov": 0,
      "weight_decay": 0.0003
    },
    "arch_optim_config": {
      "betas": [
        0.5,
        0.999
      ],
      "weight_decay": 0.001
    },
    "scheduler": "cosine_annealing_lr",
    "criterion": "cross_entropy",
    "batch_size": 64,
    "learning_rate_min": 0.001,
    "cutout": -1,
    "cutout_length": 16,
    "train_portion": 0.5,
    "use_data_parallel": false,
    "checkpointing_freq": 1,
    "seed": 100
  },
  "lora": {
    "r": 1,
    "lora_dropout": 0,
    "lora_alpha": 1,
    "merge_weights": true
  },
  "lora_extra": {
    "toggle_epochs": null,
    "warm_epochs": 10,
    "toggle_probability": null
  },
  "sampler_type": "darts",
  "searchspace_str": "robust_darts",
  "weight_type": "weight_sharing",
  "oles": {
    "oles": false,
    "calc_gm_score": false
  },
  "search_space": {
    "num_classes": 10,
    "space": "s1"
  },
  "project_name": "LoRA-robust-darts",
  "experiment_type": "lora",
  "seed": 2
}
[001-050] Search: Model metrics  : loss=1.51, accuracy@1=44.81%, accuracy@5=90.61%, time-cost=80.2 s
[001-050] Evaluation:  : loss=1.76, accuracy@1=42.33%, accuracy@5=88.08%
[001-050] Layer Alignment score:  normal: 0.0000, reduce: 0.0000
<<<--->>> The 001-050-th epoch : found the highest validation accuracy : 42.33%.
[002-050] Search: Model metrics  : loss=1.08, accuracy@1=61.91%, accuracy@5=96.15%, time-cost=156.1 s
[002-050] Evaluation:  : loss=1.14, accuracy@1=59.41%, accuracy@5=96.09%
[002-050] Layer Alignment score:  normal: 0.0000, reduce: 0.0000
<<<--->>> The 002-050-th epoch : found the highest validation accuracy : 59.41%.
[003-050] Search: Model metrics  : loss=0.90, accuracy@1=68.31%, accuracy@5=97.53%, time-cost=237.6 s
[003-050] Evaluation:  : loss=1.22, accuracy@1=59.66%, accuracy@5=94.19%
[003-050] Layer Alignment score:  normal: 0.0000, reduce: 0.0000
<<<--->>> The 003-050-th epoch : found the highest validation accuracy : 59.66%.
[004-050] Search: Model metrics  : loss=0.79, accuracy@1=72.05%, accuracy@5=98.10%, time-cost=318.3 s
[004-050] Evaluation:  : loss=0.91, accuracy@1=68.45%, accuracy@5=97.43%
[004-050] Layer Alignment score:  normal: 0.0000, reduce: 0.0000
<<<--->>> The 004-050-th epoch : found the highest validation accuracy : 68.45%.
[005-050] Search: Model metrics  : loss=0.71, accuracy@1=75.16%, accuracy@5=98.37%, time-cost=398.4 s
[005-050] Evaluation:  : loss=0.80, accuracy@1=72.89%, accuracy@5=97.70%
[005-050] Layer Alignment score:  normal: 0.0000, reduce: 0.0000
<<<--->>> The 005-050-th epoch : found the highest validation accuracy : 72.89%.
[006-050] Search: Model metrics  : loss=0.65, accuracy@1=77.31%, accuracy@5=98.58%, time-cost=478.5 s
[006-050] Evaluation:  : loss=0.84, accuracy@1=71.59%, accuracy@5=98.22%
[006-050] Layer Alignment score:  normal: 0.0000, reduce: 0.0000
[007-050] Search: Model metrics  : loss=0.61, accuracy@1=79.14%, accuracy@5=98.82%, time-cost=558.6 s
[007-050] Evaluation:  : loss=0.79, accuracy@1=72.82%, accuracy@5=98.10%
[007-050] Layer Alignment score:  normal: 0.0000, reduce: 0.0000
[008-050] Search: Model metrics  : loss=0.57, accuracy@1=80.40%, accuracy@5=98.94%, time-cost=638.5 s
[008-050] Evaluation:  : loss=0.69, accuracy@1=76.22%, accuracy@5=98.59%
[008-050] Layer Alignment score:  normal: 0.0000, reduce: 0.0000
<<<--->>> The 008-050-th epoch : found the highest validation accuracy : 76.22%.
[009-050] Search: Model metrics  : loss=0.53, accuracy@1=81.65%, accuracy@5=99.12%, time-cost=719.3 s
[009-050] Evaluation:  : loss=0.64, accuracy@1=77.48%, accuracy@5=98.58%
[009-050] Layer Alignment score:  normal: 0.0000, reduce: 0.0000
<<<--->>> The 009-050-th epoch : found the highest validation accuracy : 77.48%.
[010-050] Search: Model metrics  : loss=0.50, accuracy@1=82.71%, accuracy@5=99.21%, time-cost=799.7 s
[010-050] Evaluation:  : loss=0.63, accuracy@1=78.81%, accuracy@5=98.83%
[010-050] Layer Alignment score:  normal: 0.0000, reduce: 0.0000
<<<--->>> The 010-050-th epoch : found the highest validation accuracy : 78.81%.
The searchspace has been warm started with 10 epochs
LoRA layers have been initialized for all operations with Conv2DLoRA module
[011-050] Search: Model metrics  : loss=0.40, accuracy@1=85.86%, accuracy@5=99.49%, time-cost=941.2 s
[011-050] Search: Architecture metrics  : loss=0.56, accuracy@1=81.16%, accuracy@5=98.81%
[011-050] Evaluation:  : loss=0.51, accuracy@1=82.62%, accuracy@5=99.04%
[011-050] Layer Alignment score:  normal: 0.0000, reduce: 0.0000
<<<--->>> The 011-050-th epoch : found the highest validation accuracy : 82.62%.
alpha 0 is Parameter containing:
tensor([[-0.0117,  0.0105],
        [ 0.0194, -0.0186],
        [-0.0071,  0.0047],
        [ 0.0054, -0.0034],
        [ 0.0056, -0.0068],
        [-0.0180,  0.0209],
        [ 0.0052, -0.0065],
        [-0.0117,  0.0119],
        [ 0.0092, -0.0052],
        [ 0.0150, -0.0130],
        [-0.0108,  0.0138],
        [ 0.0038, -0.0033],
        [-0.0026,  0.0022],
        [-0.0120,  0.0109]], device='cuda:0', requires_grad=True)
alpha 1 is Parameter containing:
tensor([[ 0.0032, -0.0032],
        [-0.0039,  0.0038],
        [ 0.0090, -0.0090],
        [ 0.0154, -0.0146],
        [ 0.0086, -0.0077],
        [ 0.0158, -0.0159],
        [ 0.0151, -0.0143],
        [ 0.0055, -0.0060],
        [ 0.0023, -0.0025],
        [ 0.0148, -0.0124],
        [ 0.0170, -0.0177],
        [ 0.0108, -0.0108],
        [-0.0072,  0.0063],
        [-0.0161,  0.0153]], device='cuda:0', requires_grad=True)
[012-050] Search: Model metrics  : loss=0.39, accuracy@1=86.68%, accuracy@5=99.55%, time-cost=1080.6 s
[012-050] Search: Architecture metrics  : loss=0.53, accuracy@1=81.96%, accuracy@5=99.04%
[012-050] Evaluation:  : loss=0.50, accuracy@1=82.90%, accuracy@5=99.20%
[012-050] Layer Alignment score:  normal: 0.0000, reduce: 0.0000
<<<--->>> The 012-050-th epoch : found the highest validation accuracy : 82.90%.
alpha 0 is Parameter containing:
tensor([[-0.0158,  0.0146],
        [ 0.0389, -0.0381],
        [-0.0183,  0.0159],
        [ 0.0052, -0.0032],
        [ 0.0045, -0.0056],
        [-0.0428,  0.0457],
        [ 0.0037, -0.0050],
        [-0.0214,  0.0216],
        [ 0.0080, -0.0039],
        [ 0.0304, -0.0284],
        [-0.0283,  0.0312],
        [ 0.0185, -0.0181],
        [-0.0042,  0.0039],
        [-0.0146,  0.0135]], device='cuda:0', requires_grad=True)
alpha 1 is Parameter containing:
tensor([[-0.0020,  0.0019],
        [-0.0028,  0.0027],
        [ 0.0062, -0.0062],
        [ 0.0119, -0.0111],
        [ 0.0174, -0.0165],
        [ 0.0161, -0.0162],
        [ 0.0197, -0.0188],
        [ 0.0100, -0.0105],
        [ 0.0153, -0.0155],
        [ 0.0097, -0.0073],
        [ 0.0136, -0.0142],
        [ 0.0303, -0.0303],
        [ 0.0019, -0.0027],
        [-0.0066,  0.0059]], device='cuda:0', requires_grad=True)
[013-050] Search: Model metrics  : loss=0.38, accuracy@1=87.01%, accuracy@5=99.56%, time-cost=1219.4 s
[013-050] Search: Architecture metrics  : loss=0.53, accuracy@1=82.40%, accuracy@5=98.94%
[013-050] Evaluation:  : loss=0.50, accuracy@1=82.98%, accuracy@5=99.20%
[013-050] Layer Alignment score:  normal: 0.0000, reduce: 0.0000
<<<--->>> The 013-050-th epoch : found the highest validation accuracy : 82.98%.
alpha 0 is Parameter containing:
tensor([[-0.0268,  0.0256],
        [ 0.0544, -0.0536],
        [-0.0170,  0.0146],
        [ 0.0052, -0.0032],
        [ 0.0119, -0.0130],
        [-0.0650,  0.0679],
        [ 0.0104, -0.0116],
        [-0.0091,  0.0093],
        [ 0.0250, -0.0210],
        [ 0.0451, -0.0431],
        [-0.0426,  0.0455],
        [ 0.0225, -0.0220],
        [-0.0113,  0.0110],
        [-0.0056,  0.0045]], device='cuda:0', requires_grad=True)
alpha 1 is Parameter containing:
tensor([[-0.0036,  0.0035],
        [-0.0024,  0.0023],
        [ 0.0061, -0.0061],
        [ 0.0084, -0.0076],
        [ 0.0253, -0.0244],
        [ 0.0230, -0.0231],
        [ 0.0232, -0.0223],
        [ 0.0134, -0.0139],
        [ 0.0197, -0.0199],
        [ 0.0138, -0.0115],
        [ 0.0130, -0.0136],
        [ 0.0427, -0.0427],
        [-0.0005, -0.0003],
        [-0.0169,  0.0162]], device='cuda:0', requires_grad=True)
[014-050] Search: Model metrics  : loss=0.37, accuracy@1=86.87%, accuracy@5=99.56%, time-cost=1358.4 s
[014-050] Search: Architecture metrics  : loss=0.53, accuracy@1=82.45%, accuracy@5=98.99%
[014-050] Evaluation:  : loss=0.51, accuracy@1=83.10%, accuracy@5=99.12%
[014-050] Layer Alignment score:  normal: 0.0000, reduce: 0.0000
<<<--->>> The 014-050-th epoch : found the highest validation accuracy : 83.10%.
alpha 0 is Parameter containing:
tensor([[-2.7452e-02,  2.6266e-02],
        [ 6.8866e-02, -6.8101e-02],
        [-2.2669e-02,  2.0298e-02],
        [ 1.9778e-03, -2.4523e-06],
        [ 1.0539e-02, -1.1702e-02],
        [-9.5270e-02,  9.8130e-02],
        [ 7.4576e-03, -8.7390e-03],
        [-2.3563e-03,  2.5497e-03],
        [ 3.0068e-02, -2.6089e-02],
        [ 5.4218e-02, -5.2278e-02],
        [-6.8749e-02,  7.1627e-02],
        [ 2.0068e-02, -1.9620e-02],
        [-1.9234e-02,  1.8923e-02],
        [-1.0481e-03,  2.4655e-05]], device='cuda:0', requires_grad=True)
alpha 1 is Parameter containing:
tensor([[-0.0108,  0.0107],
        [ 0.0137, -0.0138],
        [ 0.0009, -0.0009],
        [ 0.0125, -0.0117],
        [ 0.0170, -0.0161],
        [ 0.0199, -0.0200],
        [ 0.0304, -0.0296],
        [ 0.0073, -0.0077],
        [ 0.0157, -0.0159],
        [ 0.0065, -0.0043],
        [ 0.0149, -0.0155],
        [ 0.0350, -0.0350],
        [-0.0012,  0.0004],
        [-0.0223,  0.0215]], device='cuda:0', requires_grad=True)
[015-050] Search: Model metrics  : loss=0.37, accuracy@1=87.20%, accuracy@5=99.52%, time-cost=1498.4 s
[015-050] Search: Architecture metrics  : loss=0.53, accuracy@1=82.25%, accuracy@5=98.98%
[015-050] Evaluation:  : loss=0.50, accuracy@1=83.29%, accuracy@5=99.14%
[015-050] Layer Alignment score:  normal: 0.0000, reduce: 0.0000
<<<--->>> The 015-050-th epoch : found the highest validation accuracy : 83.29%.
alpha 0 is Parameter containing:
tensor([[-0.0266,  0.0254],
        [ 0.0822, -0.0814],
        [-0.0214,  0.0191],
        [-0.0057,  0.0077],
        [ 0.0223, -0.0234],
        [-0.1140,  0.1168],
        [ 0.0063, -0.0076],
        [ 0.0087, -0.0085],
        [ 0.0512, -0.0472],
        [ 0.0618, -0.0599],
        [-0.0854,  0.0883],
        [ 0.0332, -0.0328],
        [-0.0112,  0.0109],
        [ 0.0032, -0.0042]], device='cuda:0', requires_grad=True)
alpha 1 is Parameter containing:
tensor([[-0.0114,  0.0113],
        [ 0.0142, -0.0143],
        [ 0.0009, -0.0009],
        [ 0.0143, -0.0136],
        [ 0.0262, -0.0254],
        [ 0.0242, -0.0244],
        [ 0.0317, -0.0309],
        [ 0.0111, -0.0116],
        [ 0.0155, -0.0157],
        [ 0.0104, -0.0083],
        [ 0.0153, -0.0159],
        [ 0.0425, -0.0425],
        [ 0.0066, -0.0074],
        [-0.0307,  0.0299]], device='cuda:0', requires_grad=True)
[016-050] Search: Model metrics  : loss=0.37, accuracy@1=87.35%, accuracy@5=99.59%, time-cost=1640.2 s
[016-050] Search: Architecture metrics  : loss=0.52, accuracy@1=82.55%, accuracy@5=99.14%
[016-050] Evaluation:  : loss=0.50, accuracy@1=83.39%, accuracy@5=99.04%
[016-050] Layer Alignment score:  normal: 0.0000, reduce: 0.0000
<<<--->>> The 016-050-th epoch : found the highest validation accuracy : 83.39%.
alpha 0 is Parameter containing:
tensor([[-0.0323,  0.0311],
        [ 0.0973, -0.0965],
        [-0.0208,  0.0184],
        [-0.0073,  0.0093],
        [ 0.0246, -0.0258],
        [-0.1357,  0.1385],
        [ 0.0089, -0.0102],
        [ 0.0174, -0.0172],
        [ 0.0572, -0.0533],
        [ 0.0742, -0.0722],
        [-0.0998,  0.1026],
        [ 0.0388, -0.0384],
        [-0.0124,  0.0121],
        [ 0.0116, -0.0126]], device='cuda:0', requires_grad=True)
alpha 1 is Parameter containing:
tensor([[-0.0006,  0.0005],
        [ 0.0167, -0.0169],
        [ 0.0123, -0.0123],
        [ 0.0214, -0.0206],
        [ 0.0337, -0.0328],
        [ 0.0392, -0.0393],
        [ 0.0289, -0.0281],
        [ 0.0136, -0.0140],
        [ 0.0115, -0.0117],
        [ 0.0231, -0.0211],
        [ 0.0251, -0.0257],
        [ 0.0541, -0.0541],
        [ 0.0051, -0.0059],
        [-0.0341,  0.0333]], device='cuda:0', requires_grad=True)
[017-050] Search: Model metrics  : loss=0.36, accuracy@1=87.59%, accuracy@5=99.57%, time-cost=1782.1 s
[017-050] Search: Architecture metrics  : loss=0.52, accuracy@1=82.64%, accuracy@5=99.08%
[017-050] Evaluation:  : loss=0.50, accuracy@1=83.33%, accuracy@5=99.04%
[017-050] Layer Alignment score:  normal: 0.0000, reduce: 0.0000
alpha 0 is Parameter containing:
tensor([[-0.0258,  0.0246],
        [ 0.1102, -0.1094],
        [-0.0152,  0.0129],
        [-0.0005,  0.0025],
        [ 0.0249, -0.0260],
        [-0.1546,  0.1574],
        [ 0.0128, -0.0140],
        [ 0.0152, -0.0150],
        [ 0.0549, -0.0509],
        [ 0.0943, -0.0924],
        [-0.1191,  0.1219],
        [ 0.0524, -0.0520],
        [-0.0219,  0.0216],
        [ 0.0119, -0.0129]], device='cuda:0', requires_grad=True)
alpha 1 is Parameter containing:
tensor([[-0.0085,  0.0084],
        [ 0.0007, -0.0008],
        [ 0.0041, -0.0040],
        [ 0.0122, -0.0114],
        [ 0.0442, -0.0434],
        [ 0.0345, -0.0346],
        [ 0.0241, -0.0233],
        [ 0.0164, -0.0169],
        [ 0.0118, -0.0120],
        [ 0.0205, -0.0185],
        [ 0.0213, -0.0219],
        [ 0.0703, -0.0704],
        [ 0.0070, -0.0078],
        [-0.0354,  0.0347]], device='cuda:0', requires_grad=True)
[018-050] Search: Model metrics  : loss=0.36, accuracy@1=87.84%, accuracy@5=99.60%, time-cost=1923.7 s
[018-050] Search: Architecture metrics  : loss=0.50, accuracy@1=82.90%, accuracy@5=99.20%
[018-050] Evaluation:  : loss=0.50, accuracy@1=83.12%, accuracy@5=99.13%
[018-050] Layer Alignment score:  normal: 0.0000, reduce: 0.0000
alpha 0 is Parameter containing:
tensor([[-0.0227,  0.0216],
        [ 0.1099, -0.1091],
        [-0.0216,  0.0193],
        [-0.0006,  0.0025],
        [ 0.0323, -0.0335],
        [-0.1721,  0.1749],
        [ 0.0190, -0.0203],
        [ 0.0143, -0.0141],
        [ 0.0586, -0.0547],
        [ 0.0963, -0.0944],
        [-0.1462,  0.1489],
        [ 0.0584, -0.0580],
        [-0.0306,  0.0303],
        [ 0.0074, -0.0084]], device='cuda:0', requires_grad=True)
alpha 1 is Parameter containing:
tensor([[-0.0078,  0.0077],
        [ 0.0012, -0.0013],
        [ 0.0010, -0.0009],
        [ 0.0173, -0.0166],
        [ 0.0415, -0.0407],
        [ 0.0317, -0.0318],
        [ 0.0215, -0.0208],
        [ 0.0109, -0.0113],
        [ 0.0065, -0.0067],
        [ 0.0174, -0.0155],
        [ 0.0262, -0.0268],
        [ 0.0698, -0.0698],
        [ 0.0131, -0.0139],
        [-0.0278,  0.0271]], device='cuda:0', requires_grad=True)
[019-050] Search: Model metrics  : loss=0.35, accuracy@1=87.73%, accuracy@5=99.58%, time-cost=2064.0 s
[019-050] Search: Architecture metrics  : loss=0.52, accuracy@1=82.75%, accuracy@5=99.00%
[019-050] Evaluation:  : loss=0.49, accuracy@1=83.37%, accuracy@5=99.10%
[019-050] Layer Alignment score:  normal: 0.0000, reduce: 0.0000
alpha 0 is Parameter containing:
tensor([[-0.0256,  0.0245],
        [ 0.1169, -0.1161],
        [-0.0277,  0.0253],
        [ 0.0029, -0.0010],
        [ 0.0269, -0.0280],
        [-0.1912,  0.1940],
        [ 0.0337, -0.0349],
        [ 0.0194, -0.0192],
        [ 0.0571, -0.0532],
        [ 0.1085, -0.1066],
        [-0.1699,  0.1726],
        [ 0.0644, -0.0639],
        [-0.0365,  0.0362],
        [ 0.0115, -0.0125]], device='cuda:0', requires_grad=True)
alpha 1 is Parameter containing:
tensor([[ 0.0007, -0.0007],
        [ 0.0031, -0.0032],
        [ 0.0053, -0.0053],
        [ 0.0160, -0.0153],
        [ 0.0487, -0.0479],
        [ 0.0384, -0.0385],
        [ 0.0156, -0.0149],
        [ 0.0066, -0.0070],
        [-0.0012,  0.0010],
        [ 0.0216, -0.0197],
        [ 0.0247, -0.0252],
        [ 0.0753, -0.0753],
        [ 0.0006, -0.0013],
        [-0.0307,  0.0300]], device='cuda:0', requires_grad=True)
[020-050] Search: Model metrics  : loss=0.35, accuracy@1=87.67%, accuracy@5=99.59%, time-cost=2202.9 s
[020-050] Search: Architecture metrics  : loss=0.50, accuracy@1=83.24%, accuracy@5=99.05%
[020-050] Evaluation:  : loss=0.49, accuracy@1=83.53%, accuracy@5=99.14%
[020-050] Layer Alignment score:  normal: 0.0000, reduce: 0.0000
<<<--->>> The 020-050-th epoch : found the highest validation accuracy : 83.53%.
alpha 0 is Parameter containing:
tensor([[-0.0261,  0.0250],
        [ 0.1238, -0.1231],
        [-0.0225,  0.0202],
        [ 0.0004,  0.0015],
        [ 0.0321, -0.0333],
        [-0.2052,  0.2080],
        [ 0.0346, -0.0358],
        [ 0.0194, -0.0192],
        [ 0.0581, -0.0542],
        [ 0.1310, -0.1291],
        [-0.1949,  0.1976],
        [ 0.0632, -0.0628],
        [-0.0362,  0.0359],
        [ 0.0064, -0.0074]], device='cuda:0', requires_grad=True)
alpha 1 is Parameter containing:
tensor([[-0.0017,  0.0016],
        [ 0.0169, -0.0170],
        [ 0.0023, -0.0023],
        [ 0.0259, -0.0252],
        [ 0.0503, -0.0495],
        [ 0.0380, -0.0381],
        [ 0.0237, -0.0230],
        [ 0.0028, -0.0033],
        [-0.0021,  0.0019],
        [ 0.0193, -0.0174],
        [ 0.0315, -0.0320],
        [ 0.0744, -0.0744],
        [-0.0071,  0.0064],
        [-0.0375,  0.0368]], device='cuda:0', requires_grad=True)
[021-050] Search: Model metrics  : loss=0.35, accuracy@1=87.91%, accuracy@5=99.64%, time-cost=2342.9 s
[021-050] Search: Architecture metrics  : loss=0.51, accuracy@1=82.61%, accuracy@5=99.12%
[021-050] Evaluation:  : loss=0.49, accuracy@1=83.46%, accuracy@5=99.17%
[021-050] Layer Alignment score:  normal: 0.0000, reduce: 0.0000
alpha 0 is Parameter containing:
tensor([[-0.0189,  0.0177],
        [ 0.1228, -0.1221],
        [-0.0163,  0.0140],
        [-0.0046,  0.0065],
        [ 0.0341, -0.0352],
        [-0.2325,  0.2352],
        [ 0.0306, -0.0318],
        [ 0.0266, -0.0264],
        [ 0.0575, -0.0537],
        [ 0.1396, -0.1377],
        [-0.2242,  0.2269],
        [ 0.0644, -0.0640],
        [-0.0387,  0.0384],
        [ 0.0074, -0.0084]], device='cuda:0', requires_grad=True)
alpha 1 is Parameter containing:
tensor([[-0.0140,  0.0140],
        [ 0.0128, -0.0129],
        [-0.0084,  0.0084],
        [ 0.0099, -0.0092],
        [ 0.0604, -0.0597],
        [ 0.0277, -0.0278],
        [ 0.0147, -0.0140],
        [ 0.0053, -0.0058],
        [ 0.0115, -0.0117],
        [ 0.0073, -0.0055],
        [ 0.0156, -0.0161],
        [ 0.0812, -0.0813],
        [-0.0030,  0.0022],
        [-0.0393,  0.0387]], device='cuda:0', requires_grad=True)
[022-050] Search: Model metrics  : loss=0.35, accuracy@1=87.78%, accuracy@5=99.61%, time-cost=2482.2 s
[022-050] Search: Architecture metrics  : loss=0.51, accuracy@1=82.85%, accuracy@5=99.14%
[022-050] Evaluation:  : loss=0.49, accuracy@1=83.26%, accuracy@5=99.12%
[022-050] Layer Alignment score:  normal: 0.0000, reduce: 0.0000
alpha 0 is Parameter containing:
tensor([[-0.0162,  0.0151],
        [ 0.1227, -0.1219],
        [-0.0192,  0.0169],
        [-0.0069,  0.0088],
        [ 0.0283, -0.0294],
        [-0.2502,  0.2529],
        [ 0.0296, -0.0308],
        [ 0.0208, -0.0206],
        [ 0.0440, -0.0402],
        [ 0.1541, -0.1522],
        [-0.2390,  0.2417],
        [ 0.0617, -0.0613],
        [-0.0350,  0.0347],
        [-0.0042,  0.0033]], device='cuda:0', requires_grad=True)
alpha 1 is Parameter containing:
tensor([[-0.0182,  0.0181],
        [ 0.0100, -0.0101],
        [-0.0123,  0.0123],
        [ 0.0083, -0.0077],
        [ 0.0564, -0.0556],
        [ 0.0272, -0.0273],
        [ 0.0076, -0.0069],
        [-0.0019,  0.0015],
        [ 0.0081, -0.0082],
        [ 0.0033, -0.0016],
        [ 0.0132, -0.0137],
        [ 0.0858, -0.0859],
        [-0.0165,  0.0158],
        [-0.0449,  0.0442]], device='cuda:0', requires_grad=True)
[023-050] Search: Model metrics  : loss=0.35, accuracy@1=87.92%, accuracy@5=99.59%, time-cost=2621.3 s
[023-050] Search: Architecture metrics  : loss=0.51, accuracy@1=82.75%, accuracy@5=99.16%
[023-050] Evaluation:  : loss=0.49, accuracy@1=83.40%, accuracy@5=99.12%
[023-050] Layer Alignment score:  normal: 0.0000, reduce: 0.0000
alpha 0 is Parameter containing:
tensor([[-2.0001e-02,  1.8848e-02],
        [ 1.2490e-01, -1.2416e-01],
        [-2.3805e-02,  2.1519e-02],
        [-1.0360e-02,  1.2259e-02],
        [ 2.8991e-02, -3.0104e-02],
        [-2.6600e-01,  2.6866e-01],
        [ 3.4075e-02, -3.5305e-02],
        [ 2.1988e-02, -2.1801e-02],
        [ 6.1481e-02, -5.7664e-02],
        [ 1.6192e-01, -1.6007e-01],
        [-2.5524e-01,  2.5786e-01],
        [ 7.7424e-02, -7.7000e-02],
        [-4.2380e-02,  4.2086e-02],
        [-9.5891e-04, -1.4507e-05]], device='cuda:0', requires_grad=True)
alpha 1 is Parameter containing:
tensor([[-0.0133,  0.0132],
        [ 0.0160, -0.0162],
        [-0.0041,  0.0041],
        [ 0.0143, -0.0136],
        [ 0.0601, -0.0593],
        [ 0.0359, -0.0360],
        [ 0.0106, -0.0100],
        [-0.0098,  0.0094],
        [ 0.0036, -0.0038],
        [ 0.0137, -0.0120],
        [ 0.0182, -0.0187],
        [ 0.0890, -0.0890],
        [-0.0193,  0.0187],
        [-0.0512,  0.0505]], device='cuda:0', requires_grad=True)
[024-050] Search: Model metrics  : loss=0.35, accuracy@1=88.02%, accuracy@5=99.57%, time-cost=2760.0 s
[024-050] Search: Architecture metrics  : loss=0.51, accuracy@1=82.96%, accuracy@5=98.96%
[024-050] Evaluation:  : loss=0.49, accuracy@1=83.70%, accuracy@5=99.22%
[024-050] Layer Alignment score:  normal: 0.0000, reduce: 0.0000
<<<--->>> The 024-050-th epoch : found the highest validation accuracy : 83.70%.
alpha 0 is Parameter containing:
tensor([[-0.0278,  0.0266],
        [ 0.1250, -0.1243],
        [-0.0247,  0.0225],
        [-0.0068,  0.0087],
        [ 0.0339, -0.0350],
        [-0.2782,  0.2809],
        [ 0.0382, -0.0394],
        [ 0.0263, -0.0261],
        [ 0.0570, -0.0532],
        [ 0.1671, -0.1652],
        [-0.2712,  0.2738],
        [ 0.0776, -0.0772],
        [-0.0494,  0.0491],
        [ 0.0005, -0.0015]], device='cuda:0', requires_grad=True)
alpha 1 is Parameter containing:
tensor([[-0.0058,  0.0058],
        [ 0.0172, -0.0173],
        [ 0.0062, -0.0062],
        [ 0.0133, -0.0127],
        [ 0.0614, -0.0606],
        [ 0.0507, -0.0508],
        [ 0.0179, -0.0172],
        [-0.0106,  0.0102],
        [-0.0024,  0.0022],
        [ 0.0271, -0.0255],
        [ 0.0184, -0.0189],
        [ 0.0865, -0.0865],
        [-0.0300,  0.0294],
        [-0.0518,  0.0512]], device='cuda:0', requires_grad=True)
[025-050] Search: Model metrics  : loss=0.34, accuracy@1=88.25%, accuracy@5=99.62%, time-cost=2899.0 s
[025-050] Search: Architecture metrics  : loss=0.51, accuracy@1=82.76%, accuracy@5=99.00%
[025-050] Evaluation:  : loss=0.49, accuracy@1=83.74%, accuracy@5=99.21%
[025-050] Layer Alignment score:  normal: 0.0000, reduce: 0.0000
<<<--->>> The 025-050-th epoch : found the highest validation accuracy : 83.74%.
alpha 0 is Parameter containing:
tensor([[-0.0191,  0.0180],
        [ 0.1337, -0.1330],
        [-0.0215,  0.0192],
        [ 0.0043, -0.0024],
        [ 0.0381, -0.0392],
        [-0.2993,  0.3019],
        [ 0.0446, -0.0459],
        [ 0.0233, -0.0232],
        [ 0.0539, -0.0501],
        [ 0.1890, -0.1872],
        [-0.2830,  0.2856],
        [ 0.0825, -0.0820],
        [-0.0535,  0.0532],
        [ 0.0037, -0.0046]], device='cuda:0', requires_grad=True)
alpha 1 is Parameter containing:
tensor([[-0.0135,  0.0134],
        [ 0.0111, -0.0112],
        [ 0.0010, -0.0010],
        [ 0.0081, -0.0074],
        [ 0.0684, -0.0677],
        [ 0.0522, -0.0523],
        [ 0.0240, -0.0233],
        [-0.0011,  0.0007],
        [-0.0021,  0.0019],
        [ 0.0267, -0.0251],
        [ 0.0110, -0.0114],
        [ 0.0853, -0.0853],
        [-0.0366,  0.0359],
        [-0.0543,  0.0536]], device='cuda:0', requires_grad=True)
[026-050] Search: Model metrics  : loss=0.34, accuracy@1=88.16%, accuracy@5=99.63%, time-cost=3038.5 s
[026-050] Search: Architecture metrics  : loss=0.50, accuracy@1=82.91%, accuracy@5=99.21%
[026-050] Evaluation:  : loss=0.48, accuracy@1=83.97%, accuracy@5=99.22%
[026-050] Layer Alignment score:  normal: 0.0000, reduce: 0.0000
<<<--->>> The 026-050-th epoch : found the highest validation accuracy : 83.97%.
alpha 0 is Parameter containing:
tensor([[-0.0161,  0.0149],
        [ 0.1301, -0.1293],
        [-0.0311,  0.0289],
        [ 0.0038, -0.0019],
        [ 0.0428, -0.0439],
        [-0.3141,  0.3166],
        [ 0.0516, -0.0528],
        [ 0.0325, -0.0323],
        [ 0.0524, -0.0486],
        [ 0.2050, -0.2032],
        [-0.2950,  0.2976],
        [ 0.0958, -0.0954],
        [-0.0621,  0.0618],
        [ 0.0056, -0.0066]], device='cuda:0', requires_grad=True)
alpha 1 is Parameter containing:
tensor([[-0.0052,  0.0051],
        [ 0.0187, -0.0188],
        [ 0.0097, -0.0096],
        [ 0.0212, -0.0206],
        [ 0.0591, -0.0583],
        [ 0.0638, -0.0639],
        [ 0.0284, -0.0277],
        [-0.0050,  0.0046],
        [ 0.0060, -0.0062],
        [ 0.0342, -0.0327],
        [ 0.0221, -0.0225],
        [ 0.0870, -0.0870],
        [-0.0434,  0.0427],
        [-0.0582,  0.0575]], device='cuda:0', requires_grad=True)
[027-050] Search: Model metrics  : loss=0.34, accuracy@1=87.96%, accuracy@5=99.60%, time-cost=3177.3 s
[027-050] Search: Architecture metrics  : loss=0.51, accuracy@1=82.93%, accuracy@5=99.10%
[027-050] Evaluation:  : loss=0.48, accuracy@1=83.79%, accuracy@5=99.23%
[027-050] Layer Alignment score:  normal: 0.0000, reduce: 0.0000
alpha 0 is Parameter containing:
tensor([[-0.0238,  0.0226],
        [ 0.1420, -0.1413],
        [-0.0255,  0.0232],
        [-0.0045,  0.0064],
        [ 0.0558, -0.0569],
        [-0.3411,  0.3437],
        [ 0.0569, -0.0581],
        [ 0.0386, -0.0385],
        [ 0.0474, -0.0436],
        [ 0.2129, -0.2110],
        [-0.3136,  0.3161],
        [ 0.0967, -0.0963],
        [-0.0623,  0.0620],
        [ 0.0104, -0.0114]], device='cuda:0', requires_grad=True)
alpha 1 is Parameter containing:
tensor([[ 0.0008, -0.0009],
        [ 0.0199, -0.0200],
        [ 0.0144, -0.0144],
        [ 0.0206, -0.0200],
        [ 0.0669, -0.0661],
        [ 0.0710, -0.0711],
        [ 0.0267, -0.0260],
        [-0.0059,  0.0055],
        [ 0.0037, -0.0039],
        [ 0.0377, -0.0362],
        [ 0.0226, -0.0230],
        [ 0.0906, -0.0906],
        [-0.0537,  0.0530],
        [-0.0658,  0.0652]], device='cuda:0', requires_grad=True)
[028-050] Search: Model metrics  : loss=0.33, accuracy@1=88.39%, accuracy@5=99.62%, time-cost=3319.6 s
[028-050] Search: Architecture metrics  : loss=0.51, accuracy@1=82.94%, accuracy@5=99.10%
[028-050] Evaluation:  : loss=0.49, accuracy@1=83.72%, accuracy@5=99.18%
[028-050] Layer Alignment score:  normal: 0.0000, reduce: 0.0000
alpha 0 is Parameter containing:
tensor([[-0.0251,  0.0240],
        [ 0.1481, -0.1474],
        [-0.0247,  0.0225],
        [-0.0063,  0.0082],
        [ 0.0520, -0.0531],
        [-0.3526,  0.3552],
        [ 0.0665, -0.0677],
        [ 0.0391, -0.0389],
        [ 0.0454, -0.0417],
        [ 0.2138, -0.2120],
        [-0.3305,  0.3329],
        [ 0.0973, -0.0969],
        [-0.0583,  0.0581],
        [ 0.0100, -0.0110]], device='cuda:0', requires_grad=True)
alpha 1 is Parameter containing:
tensor([[-0.0012,  0.0012],
        [ 0.0243, -0.0244],
        [ 0.0148, -0.0148],
        [ 0.0187, -0.0181],
        [ 0.0626, -0.0619],
        [ 0.0718, -0.0719],
        [ 0.0256, -0.0249],
        [-0.0116,  0.0112],
        [ 0.0019, -0.0020],
        [ 0.0364, -0.0349],
        [ 0.0164, -0.0168],
        [ 0.0857, -0.0857],
        [-0.0568,  0.0562],
        [-0.0752,  0.0745]], device='cuda:0', requires_grad=True)
[029-050] Search: Model metrics  : loss=0.34, accuracy@1=88.43%, accuracy@5=99.61%, time-cost=3458.2 s
[029-050] Search: Architecture metrics  : loss=0.51, accuracy@1=82.67%, accuracy@5=99.00%
[029-050] Evaluation:  : loss=0.49, accuracy@1=83.98%, accuracy@5=99.18%
[029-050] Layer Alignment score:  normal: 0.0000, reduce: 0.0000
<<<--->>> The 029-050-th epoch : found the highest validation accuracy : 83.98%.
alpha 0 is Parameter containing:
tensor([[-0.0210,  0.0199],
        [ 0.1442, -0.1435],
        [-0.0275,  0.0253],
        [-0.0077,  0.0096],
        [ 0.0476, -0.0487],
        [-0.3653,  0.3678],
        [ 0.0663, -0.0675],
        [ 0.0377, -0.0375],
        [ 0.0447, -0.0410],
        [ 0.2251, -0.2233],
        [-0.3425,  0.3450],
        [ 0.1012, -0.1008],
        [-0.0677,  0.0674],
        [ 0.0188, -0.0198]], device='cuda:0', requires_grad=True)
alpha 1 is Parameter containing:
tensor([[-0.0102,  0.0101],
        [ 0.0190, -0.0191],
        [ 0.0071, -0.0071],
        [ 0.0179, -0.0174],
        [ 0.0676, -0.0668],
        [ 0.0657, -0.0658],
        [ 0.0211, -0.0205],
        [-0.0138,  0.0134],
        [-0.0056,  0.0054],
        [ 0.0286, -0.0272],
        [ 0.0107, -0.0111],
        [ 0.0882, -0.0882],
        [-0.0591,  0.0585],
        [-0.0748,  0.0742]], device='cuda:0', requires_grad=True)
[030-050] Search: Model metrics  : loss=0.34, accuracy@1=88.25%, accuracy@5=99.56%, time-cost=3597.4 s
[030-050] Search: Architecture metrics  : loss=0.51, accuracy@1=82.70%, accuracy@5=99.12%
[030-050] Evaluation:  : loss=0.49, accuracy@1=83.60%, accuracy@5=99.09%
[030-050] Layer Alignment score:  normal: 0.0000, reduce: 0.0000
alpha 0 is Parameter containing:
tensor([[-0.0157,  0.0146],
        [ 0.1457, -0.1450],
        [-0.0321,  0.0299],
        [-0.0037,  0.0056],
        [ 0.0534, -0.0545],
        [-0.3761,  0.3786],
        [ 0.0704, -0.0716],
        [ 0.0548, -0.0546],
        [ 0.0471, -0.0434],
        [ 0.2286, -0.2268],
        [-0.3704,  0.3728],
        [ 0.1114, -0.1110],
        [-0.0725,  0.0722],
        [ 0.0176, -0.0185]], device='cuda:0', requires_grad=True)
alpha 1 is Parameter containing:
tensor([[-0.0075,  0.0074],
        [ 0.0178, -0.0179],
        [ 0.0060, -0.0060],
        [ 0.0220, -0.0214],
        [ 0.0731, -0.0723],
        [ 0.0670, -0.0671],
        [ 0.0207, -0.0200],
        [-0.0104,  0.0100],
        [ 0.0060, -0.0062],
        [ 0.0302, -0.0288],
        [ 0.0110, -0.0114],
        [ 0.0990, -0.0991],
        [-0.0511,  0.0505],
        [-0.0669,  0.0662]], device='cuda:0', requires_grad=True)
[031-050] Search: Model metrics  : loss=0.33, accuracy@1=88.48%, accuracy@5=99.62%, time-cost=3736.5 s
[031-050] Search: Architecture metrics  : loss=0.50, accuracy@1=83.38%, accuracy@5=99.21%
[031-050] Evaluation:  : loss=0.49, accuracy@1=83.64%, accuracy@5=99.22%
[031-050] Layer Alignment score:  normal: 0.0000, reduce: 0.0000
alpha 0 is Parameter containing:
tensor([[-0.0277,  0.0265],
        [ 0.1233, -0.1226],
        [-0.0367,  0.0345],
        [-0.0072,  0.0090],
        [ 0.0526, -0.0536],
        [-0.3760,  0.3784],
        [ 0.0761, -0.0773],
        [ 0.0531, -0.0529],
        [ 0.0553, -0.0516],
        [ 0.2297, -0.2280],
        [-0.3890,  0.3914],
        [ 0.1069, -0.1065],
        [-0.0758,  0.0755],
        [ 0.0168, -0.0177]], device='cuda:0', requires_grad=True)
alpha 1 is Parameter containing:
tensor([[-0.0034,  0.0033],
        [ 0.0226, -0.0227],
        [ 0.0102, -0.0102],
        [ 0.0240, -0.0235],
        [ 0.0737, -0.0729],
        [ 0.0752, -0.0753],
        [ 0.0263, -0.0257],
        [-0.0183,  0.0179],
        [ 0.0029, -0.0030],
        [ 0.0337, -0.0324],
        [ 0.0100, -0.0104],
        [ 0.0973, -0.0973],
        [-0.0541,  0.0535],
        [-0.0728,  0.0722]], device='cuda:0', requires_grad=True)
[032-050] Search: Model metrics  : loss=0.33, accuracy@1=88.58%, accuracy@5=99.68%, time-cost=3875.4 s
[032-050] Search: Architecture metrics  : loss=0.51, accuracy@1=82.84%, accuracy@5=99.06%
[032-050] Evaluation:  : loss=0.48, accuracy@1=83.71%, accuracy@5=99.18%
[032-050] Layer Alignment score:  normal: 0.0000, reduce: 0.0000
alpha 0 is Parameter containing:
tensor([[-0.0175,  0.0164],
        [ 0.1313, -0.1306],
        [-0.0346,  0.0324],
        [-0.0068,  0.0086],
        [ 0.0530, -0.0540],
        [-0.3944,  0.3969],
        [ 0.0782, -0.0794],
        [ 0.0486, -0.0484],
        [ 0.0539, -0.0503],
        [ 0.2438, -0.2420],
        [-0.3971,  0.3995],
        [ 0.1148, -0.1144],
        [-0.0890,  0.0887],
        [ 0.0118, -0.0128]], device='cuda:0', requires_grad=True)
alpha 1 is Parameter containing:
tensor([[-0.0058,  0.0057],
        [ 0.0241, -0.0242],
        [ 0.0083, -0.0083],
        [ 0.0270, -0.0265],
        [ 0.0796, -0.0789],
        [ 0.0749, -0.0749],
        [ 0.0214, -0.0208],
        [-0.0183,  0.0179],
        [ 0.0018, -0.0020],
        [ 0.0352, -0.0339],
        [ 0.0156, -0.0160],
        [ 0.1058, -0.1058],
        [-0.0641,  0.0635],
        [-0.0786,  0.0780]], device='cuda:0', requires_grad=True)
[033-050] Search: Model metrics  : loss=0.33, accuracy@1=88.77%, accuracy@5=99.65%, time-cost=4014.0 s
[033-050] Search: Architecture metrics  : loss=0.50, accuracy@1=83.68%, accuracy@5=99.11%
[033-050] Evaluation:  : loss=0.48, accuracy@1=83.58%, accuracy@5=99.20%
[033-050] Layer Alignment score:  normal: 0.0000, reduce: 0.0000
alpha 0 is Parameter containing:
tensor([[-0.0236,  0.0225],
        [ 0.1474, -0.1467],
        [-0.0375,  0.0353],
        [-0.0043,  0.0062],
        [ 0.0560, -0.0571],
        [-0.4104,  0.4129],
        [ 0.0879, -0.0891],
        [ 0.0537, -0.0536],
        [ 0.0529, -0.0493],
        [ 0.2455, -0.2438],
        [-0.4065,  0.4089],
        [ 0.1107, -0.1103],
        [-0.1021,  0.1018],
        [ 0.0104, -0.0113]], device='cuda:0', requires_grad=True)
alpha 1 is Parameter containing:
tensor([[-0.0073,  0.0072],
        [ 0.0202, -0.0203],
        [ 0.0128, -0.0128],
        [ 0.0261, -0.0255],
        [ 0.0895, -0.0887],
        [ 0.0805, -0.0806],
        [ 0.0207, -0.0201],
        [-0.0135,  0.0132],
        [ 0.0159, -0.0161],
        [ 0.0409, -0.0396],
        [ 0.0162, -0.0166],
        [ 0.1188, -0.1188],
        [-0.0581,  0.0575],
        [-0.0776,  0.0770]], device='cuda:0', requires_grad=True)
[034-050] Search: Model metrics  : loss=0.33, accuracy@1=88.54%, accuracy@5=99.62%, time-cost=4152.8 s
[034-050] Search: Architecture metrics  : loss=0.51, accuracy@1=83.19%, accuracy@5=99.00%
[034-050] Evaluation:  : loss=0.48, accuracy@1=84.04%, accuracy@5=99.23%
[034-050] Layer Alignment score:  normal: 0.0000, reduce: 0.0000
<<<--->>> The 034-050-th epoch : found the highest validation accuracy : 84.04%.
alpha 0 is Parameter containing:
tensor([[-0.0235,  0.0224],
        [ 0.1576, -0.1569],
        [-0.0433,  0.0411],
        [-0.0043,  0.0061],
        [ 0.0585, -0.0595],
        [-0.4299,  0.4323],
        [ 0.0903, -0.0914],
        [ 0.0540, -0.0538],
        [ 0.0617, -0.0581],
        [ 0.2619, -0.2602],
        [-0.4228,  0.4252],
        [ 0.1117, -0.1113],
        [-0.1190,  0.1187],
        [ 0.0112, -0.0122]], device='cuda:0', requires_grad=True)
alpha 1 is Parameter containing:
tensor([[-0.0030,  0.0029],
        [ 0.0189, -0.0190],
        [ 0.0199, -0.0199],
        [ 0.0251, -0.0245],
        [ 0.0884, -0.0877],
        [ 0.0875, -0.0876],
        [ 0.0237, -0.0231],
        [-0.0094,  0.0091],
        [ 0.0150, -0.0151],
        [ 0.0489, -0.0477],
        [ 0.0136, -0.0140],
        [ 0.1294, -0.1295],
        [-0.0532,  0.0526],
        [-0.0759,  0.0753]], device='cuda:0', requires_grad=True)
[035-050] Search: Model metrics  : loss=0.32, accuracy@1=88.75%, accuracy@5=99.72%, time-cost=4291.8 s
[035-050] Search: Architecture metrics  : loss=0.51, accuracy@1=82.79%, accuracy@5=99.07%
[035-050] Evaluation:  : loss=0.48, accuracy@1=83.86%, accuracy@5=99.25%
[035-050] Layer Alignment score:  normal: 0.0000, reduce: 0.0000
alpha 0 is Parameter containing:
tensor([[-0.0226,  0.0214],
        [ 0.1576, -0.1569],
        [-0.0429,  0.0407],
        [ 0.0010,  0.0008],
        [ 0.0589, -0.0600],
        [-0.4374,  0.4398],
        [ 0.0872, -0.0884],
        [ 0.0566, -0.0564],
        [ 0.0671, -0.0635],
        [ 0.2706, -0.2689],
        [-0.4352,  0.4375],
        [ 0.1052, -0.1048],
        [-0.1158,  0.1155],
        [ 0.0173, -0.0182]], device='cuda:0', requires_grad=True)
alpha 1 is Parameter containing:
tensor([[-0.0033,  0.0033],
        [ 0.0169, -0.0170],
        [ 0.0217, -0.0217],
        [ 0.0389, -0.0384],
        [ 0.1119, -0.1112],
        [ 0.0886, -0.0887],
        [ 0.0254, -0.0249],
        [-0.0031,  0.0028],
        [ 0.0103, -0.0104],
        [ 0.0511, -0.0499],
        [ 0.0288, -0.0292],
        [ 0.1398, -0.1398],
        [-0.0570,  0.0565],
        [-0.0654,  0.0648]], device='cuda:0', requires_grad=True)
[036-050] Search: Model metrics  : loss=0.33, accuracy@1=88.58%, accuracy@5=99.68%, time-cost=4431.0 s
[036-050] Search: Architecture metrics  : loss=0.50, accuracy@1=83.33%, accuracy@5=99.12%
[036-050] Evaluation:  : loss=0.49, accuracy@1=83.86%, accuracy@5=99.20%
[036-050] Layer Alignment score:  normal: 0.0000, reduce: 0.0000
alpha 0 is Parameter containing:
tensor([[-0.0252,  0.0241],
        [ 0.1604, -0.1597],
        [-0.0426,  0.0404],
        [-0.0027,  0.0045],
        [ 0.0550, -0.0561],
        [-0.4470,  0.4493],
        [ 0.0876, -0.0888],
        [ 0.0613, -0.0611],
        [ 0.0672, -0.0636],
        [ 0.2726, -0.2709],
        [-0.4480,  0.4503],
        [ 0.1095, -0.1091],
        [-0.1156,  0.1153],
        [ 0.0033, -0.0043]], device='cuda:0', requires_grad=True)
alpha 1 is Parameter containing:
tensor([[-0.0071,  0.0070],
        [ 0.0065, -0.0066],
        [ 0.0235, -0.0235],
        [ 0.0383, -0.0377],
        [ 0.1161, -0.1154],
        [ 0.0886, -0.0887],
        [ 0.0151, -0.0145],
        [-0.0058,  0.0055],
        [ 0.0068, -0.0070],
        [ 0.0510, -0.0498],
        [ 0.0267, -0.0270],
        [ 0.1447, -0.1448],
        [-0.0567,  0.0561],
        [-0.0666,  0.0660]], device='cuda:0', requires_grad=True)
[037-050] Search: Model metrics  : loss=0.33, accuracy@1=88.57%, accuracy@5=99.62%, time-cost=4570.0 s
[037-050] Search: Architecture metrics  : loss=0.51, accuracy@1=82.92%, accuracy@5=99.08%
[037-050] Evaluation:  : loss=0.48, accuracy@1=83.76%, accuracy@5=99.18%
[037-050] Layer Alignment score:  normal: 0.0000, reduce: 0.0000
alpha 0 is Parameter containing:
tensor([[-0.0211,  0.0200],
        [ 0.1619, -0.1612],
        [-0.0516,  0.0494],
        [-0.0032,  0.0050],
        [ 0.0497, -0.0507],
        [-0.4512,  0.4535],
        [ 0.0947, -0.0959],
        [ 0.0660, -0.0658],
        [ 0.0691, -0.0655],
        [ 0.2868, -0.2851],
        [-0.4601,  0.4624],
        [ 0.1143, -0.1140],
        [-0.1210,  0.1207],
        [ 0.0019, -0.0028]], device='cuda:0', requires_grad=True)
alpha 1 is Parameter containing:
tensor([[-0.0178,  0.0177],
        [ 0.0112, -0.0113],
        [ 0.0170, -0.0170],
        [ 0.0388, -0.0383],
        [ 0.1282, -0.1275],
        [ 0.0814, -0.0815],
        [ 0.0187, -0.0182],
        [-0.0048,  0.0045],
        [ 0.0139, -0.0141],
        [ 0.0458, -0.0447],
        [ 0.0274, -0.0277],
        [ 0.1549, -0.1549],
        [-0.0553,  0.0547],
        [-0.0730,  0.0724]], device='cuda:0', requires_grad=True)
[038-050] Search: Model metrics  : loss=0.32, accuracy@1=88.70%, accuracy@5=99.70%, time-cost=4708.8 s
[038-050] Search: Architecture metrics  : loss=0.49, accuracy@1=83.46%, accuracy@5=99.07%
[038-050] Evaluation:  : loss=0.49, accuracy@1=83.73%, accuracy@5=99.12%
[038-050] Layer Alignment score:  normal: 0.0000, reduce: 0.0000
alpha 0 is Parameter containing:
tensor([[-0.0234,  0.0223],
        [ 0.1525, -0.1517],
        [-0.0478,  0.0456],
        [-0.0076,  0.0094],
        [ 0.0457, -0.0467],
        [-0.4563,  0.4586],
        [ 0.1011, -0.1022],
        [ 0.0702, -0.0700],
        [ 0.0667, -0.0632],
        [ 0.3002, -0.2985],
        [-0.4663,  0.4685],
        [ 0.1202, -0.1198],
        [-0.1228,  0.1226],
        [ 0.0066, -0.0075]], device='cuda:0', requires_grad=True)
alpha 1 is Parameter containing:
tensor([[-0.0174,  0.0173],
        [ 0.0142, -0.0143],
        [ 0.0197, -0.0197],
        [ 0.0412, -0.0407],
        [ 0.1341, -0.1334],
        [ 0.0866, -0.0867],
        [ 0.0152, -0.0146],
        [-0.0054,  0.0050],
        [ 0.0142, -0.0143],
        [ 0.0465, -0.0454],
        [ 0.0271, -0.0274],
        [ 0.1581, -0.1582],
        [-0.0608,  0.0602],
        [-0.0802,  0.0796]], device='cuda:0', requires_grad=True)
[039-050] Search: Model metrics  : loss=0.33, accuracy@1=88.70%, accuracy@5=99.63%, time-cost=4847.5 s
[039-050] Search: Architecture metrics  : loss=0.52, accuracy@1=83.01%, accuracy@5=99.04%
[039-050] Evaluation:  : loss=0.48, accuracy@1=83.72%, accuracy@5=99.16%
[039-050] Layer Alignment score:  normal: 0.0000, reduce: 0.0000
alpha 0 is Parameter containing:
tensor([[-0.0154,  0.0143],
        [ 0.1599, -0.1592],
        [-0.0450,  0.0428],
        [-0.0075,  0.0093],
        [ 0.0492, -0.0502],
        [-0.4651,  0.4674],
        [ 0.1022, -0.1033],
        [ 0.0709, -0.0707],
        [ 0.0676, -0.0641],
        [ 0.3075, -0.3058],
        [-0.4795,  0.4817],
        [ 0.1191, -0.1188],
        [-0.1263,  0.1260],
        [ 0.0124, -0.0133]], device='cuda:0', requires_grad=True)
alpha 1 is Parameter containing:
tensor([[-0.0164,  0.0164],
        [ 0.0213, -0.0214],
        [ 0.0222, -0.0222],
        [ 0.0443, -0.0438],
        [ 0.1402, -0.1395],
        [ 0.0873, -0.0874],
        [ 0.0138, -0.0133],
        [-0.0044,  0.0041],
        [ 0.0166, -0.0168],
        [ 0.0465, -0.0455],
        [ 0.0275, -0.0278],
        [ 0.1590, -0.1591],
        [-0.0670,  0.0665],
        [-0.0898,  0.0892]], device='cuda:0', requires_grad=True)
[040-050] Search: Model metrics  : loss=0.32, accuracy@1=88.86%, accuracy@5=99.68%, time-cost=4986.3 s
[040-050] Search: Architecture metrics  : loss=0.53, accuracy@1=82.46%, accuracy@5=99.14%
[040-050] Evaluation:  : loss=0.48, accuracy@1=83.86%, accuracy@5=99.20%
[040-050] Layer Alignment score:  normal: 0.0000, reduce: 0.0000
alpha 0 is Parameter containing:
tensor([[-0.0216,  0.0205],
        [ 0.1577, -0.1570],
        [-0.0429,  0.0408],
        [-0.0078,  0.0096],
        [ 0.0580, -0.0590],
        [-0.4793,  0.4816],
        [ 0.0981, -0.0992],
        [ 0.0787, -0.0786],
        [ 0.0648, -0.0613],
        [ 0.3172, -0.3155],
        [-0.4901,  0.4922],
        [ 0.1291, -0.1287],
        [-0.1285,  0.1282],
        [ 0.0080, -0.0089]], device='cuda:0', requires_grad=True)
alpha 1 is Parameter containing:
tensor([[-0.0243,  0.0242],
        [ 0.0166, -0.0167],
        [ 0.0136, -0.0136],
        [ 0.0314, -0.0309],
        [ 0.1411, -0.1404],
        [ 0.0765, -0.0766],
        [ 0.0053, -0.0048],
        [-0.0073,  0.0069],
        [ 0.0102, -0.0104],
        [ 0.0421, -0.0411],
        [ 0.0178, -0.0181],
        [ 0.1640, -0.1640],
        [-0.0662,  0.0656],
        [-0.0874,  0.0868]], device='cuda:0', requires_grad=True)
[041-050] Search: Model metrics  : loss=0.33, accuracy@1=88.87%, accuracy@5=99.68%, time-cost=5125.0 s
[041-050] Search: Architecture metrics  : loss=0.50, accuracy@1=83.27%, accuracy@5=99.11%
[041-050] Evaluation:  : loss=0.48, accuracy@1=83.95%, accuracy@5=99.28%
[041-050] Layer Alignment score:  normal: 0.0000, reduce: 0.0000
alpha 0 is Parameter containing:
tensor([[-0.0208,  0.0197],
        [ 0.1646, -0.1639],
        [-0.0353,  0.0332],
        [-0.0031,  0.0049],
        [ 0.0575, -0.0585],
        [-0.4892,  0.4914],
        [ 0.1022, -0.1034],
        [ 0.0875, -0.0873],
        [ 0.0736, -0.0701],
        [ 0.3186, -0.3169],
        [-0.4978,  0.5000],
        [ 0.1367, -0.1364],
        [-0.1411,  0.1409],
        [ 0.0145, -0.0154]], device='cuda:0', requires_grad=True)
alpha 1 is Parameter containing:
tensor([[-0.0210,  0.0210],
        [ 0.0187, -0.0188],
        [ 0.0171, -0.0170],
        [ 0.0398, -0.0393],
        [ 0.1534, -0.1527],
        [ 0.0811, -0.0811],
        [ 0.0011, -0.0006],
        [ 0.0014, -0.0018],
        [ 0.0094, -0.0095],
        [ 0.0462, -0.0452],
        [ 0.0229, -0.0232],
        [ 0.1768, -0.1768],
        [-0.0586,  0.0580],
        [-0.0760,  0.0755]], device='cuda:0', requires_grad=True)
[042-050] Search: Model metrics  : loss=0.32, accuracy@1=88.91%, accuracy@5=99.69%, time-cost=5265.8 s
[042-050] Search: Architecture metrics  : loss=0.49, accuracy@1=83.54%, accuracy@5=99.12%
[042-050] Evaluation:  : loss=0.48, accuracy@1=83.93%, accuracy@5=99.16%
[042-050] Layer Alignment score:  normal: 0.0000, reduce: 0.0000
alpha 0 is Parameter containing:
tensor([[-0.0219,  0.0208],
        [ 0.1653, -0.1646],
        [-0.0377,  0.0355],
        [-0.0089,  0.0106],
        [ 0.0612, -0.0622],
        [-0.5002,  0.5025],
        [ 0.1052, -0.1064],
        [ 0.0916, -0.0915],
        [ 0.0713, -0.0677],
        [ 0.3133, -0.3116],
        [-0.5007,  0.5028],
        [ 0.1477, -0.1474],
        [-0.1412,  0.1410],
        [ 0.0175, -0.0184]], device='cuda:0', requires_grad=True)
alpha 1 is Parameter containing:
tensor([[-0.0172,  0.0171],
        [ 0.0269, -0.0270],
        [ 0.0196, -0.0196],
        [ 0.0384, -0.0379],
        [ 0.1503, -0.1496],
        [ 0.0881, -0.0882],
        [ 0.0026, -0.0021],
        [-0.0054,  0.0051],
        [ 0.0099, -0.0101],
        [ 0.0481, -0.0471],
        [ 0.0175, -0.0177],
        [ 0.1780, -0.1780],
        [-0.0607,  0.0602],
        [-0.0726,  0.0721]], device='cuda:0', requires_grad=True)
[043-050] Search: Model metrics  : loss=0.32, accuracy@1=89.14%, accuracy@5=99.72%, time-cost=5406.3 s
[043-050] Search: Architecture metrics  : loss=0.49, accuracy@1=83.64%, accuracy@5=99.12%
[043-050] Evaluation:  : loss=0.48, accuracy@1=83.97%, accuracy@5=99.22%
[043-050] Layer Alignment score:  normal: 0.0000, reduce: 0.0000
alpha 0 is Parameter containing:
tensor([[-0.0260,  0.0249],
        [ 0.1605, -0.1598],
        [-0.0393,  0.0372],
        [-0.0079,  0.0096],
        [ 0.0585, -0.0595],
        [-0.5083,  0.5105],
        [ 0.1097, -0.1109],
        [ 0.0944, -0.0942],
        [ 0.0780, -0.0745],
        [ 0.3125, -0.3108],
        [-0.4941,  0.4962],
        [ 0.1417, -0.1413],
        [-0.1433,  0.1431],
        [ 0.0152, -0.0161]], device='cuda:0', requires_grad=True)
alpha 1 is Parameter containing:
tensor([[-0.0192,  0.0191],
        [ 0.0331, -0.0332],
        [ 0.0216, -0.0216],
        [ 0.0394, -0.0390],
        [ 0.1485, -0.1478],
        [ 0.0912, -0.0912],
        [ 0.0010, -0.0005],
        [-0.0053,  0.0049],
        [ 0.0072, -0.0074],
        [ 0.0505, -0.0496],
        [ 0.0214, -0.0217],
        [ 0.1818, -0.1819],
        [-0.0647,  0.0642],
        [-0.0805,  0.0800]], device='cuda:0', requires_grad=True)
[044-050] Search: Model metrics  : loss=0.32, accuracy@1=88.85%, accuracy@5=99.69%, time-cost=5544.9 s
[044-050] Search: Architecture metrics  : loss=0.50, accuracy@1=83.13%, accuracy@5=99.21%
[044-050] Evaluation:  : loss=0.48, accuracy@1=83.74%, accuracy@5=99.23%
[044-050] Layer Alignment score:  normal: 0.0000, reduce: 0.0000
alpha 0 is Parameter containing:
tensor([[-0.0311,  0.0300],
        [ 0.1713, -0.1706],
        [-0.0431,  0.0410],
        [-0.0025,  0.0042],
        [ 0.0534, -0.0544],
        [-0.5166,  0.5188],
        [ 0.1036, -0.1047],
        [ 0.1025, -0.1023],
        [ 0.0769, -0.0734],
        [ 0.3250, -0.3233],
        [-0.5030,  0.5051],
        [ 0.1414, -0.1411],
        [-0.1481,  0.1479],
        [ 0.0224, -0.0232]], device='cuda:0', requires_grad=True)
alpha 1 is Parameter containing:
tensor([[-0.0181,  0.0181],
        [ 0.0421, -0.0422],
        [ 0.0261, -0.0261],
        [ 0.0464, -0.0460],
        [ 0.1609, -0.1602],
        [ 0.0941, -0.0942],
        [ 0.0036, -0.0031],
        [-0.0029,  0.0026],
        [ 0.0209, -0.0211],
        [ 0.0527, -0.0518],
        [ 0.0269, -0.0272],
        [ 0.1896, -0.1896],
        [-0.0583,  0.0578],
        [-0.0745,  0.0740]], device='cuda:0', requires_grad=True)
[045-050] Search: Model metrics  : loss=0.32, accuracy@1=88.94%, accuracy@5=99.72%, time-cost=5683.8 s
[045-050] Search: Architecture metrics  : loss=0.50, accuracy@1=83.46%, accuracy@5=99.00%
[045-050] Evaluation:  : loss=0.47, accuracy@1=84.08%, accuracy@5=99.25%
[045-050] Layer Alignment score:  normal: 0.0000, reduce: 0.0000
<<<--->>> The 045-050-th epoch : found the highest validation accuracy : 84.08%.
alpha 0 is Parameter containing:
tensor([[-2.4382e-02,  2.3297e-02],
        [ 1.7154e-01, -1.7084e-01],
        [-3.5939e-02,  3.3825e-02],
        [ 1.3488e-03,  3.9383e-04],
        [ 5.6704e-02, -5.7716e-02],
        [-5.2784e-01,  5.3004e-01],
        [ 1.1962e-01, -1.2075e-01],
        [ 1.0536e-01, -1.0519e-01],
        [ 8.0680e-02, -7.7204e-02],
        [ 3.2920e-01, -3.2754e-01],
        [-5.0819e-01,  5.1023e-01],
        [ 1.4069e-01, -1.4032e-01],
        [-1.4850e-01,  1.4824e-01],
        [ 2.3241e-02, -2.4114e-02]], device='cuda:0', requires_grad=True)
alpha 1 is Parameter containing:
tensor([[-0.0233,  0.0233],
        [ 0.0417, -0.0418],
        [ 0.0203, -0.0203],
        [ 0.0524, -0.0520],
        [ 0.1528, -0.1521],
        [ 0.0922, -0.0922],
        [ 0.0070, -0.0065],
        [-0.0008,  0.0005],
        [ 0.0203, -0.0205],
        [ 0.0512, -0.0503],
        [ 0.0335, -0.0338],
        [ 0.1858, -0.1859],
        [-0.0644,  0.0639],
        [-0.0823,  0.0818]], device='cuda:0', requires_grad=True)
[046-050] Search: Model metrics  : loss=0.32, accuracy@1=88.85%, accuracy@5=99.73%, time-cost=5822.7 s
[046-050] Search: Architecture metrics  : loss=0.49, accuracy@1=83.44%, accuracy@5=99.18%
[046-050] Evaluation:  : loss=0.48, accuracy@1=83.83%, accuracy@5=99.16%
[046-050] Layer Alignment score:  normal: 0.0000, reduce: 0.0000
alpha 0 is Parameter containing:
tensor([[-0.0287,  0.0276],
        [ 0.1691, -0.1684],
        [-0.0431,  0.0410],
        [ 0.0035, -0.0018],
        [ 0.0525, -0.0535],
        [-0.5314,  0.5335],
        [ 0.1214, -0.1225],
        [ 0.1016, -0.1014],
        [ 0.0804, -0.0769],
        [ 0.3303, -0.3286],
        [-0.5131,  0.5152],
        [ 0.1410, -0.1406],
        [-0.1410,  0.1407],
        [ 0.0249, -0.0257]], device='cuda:0', requires_grad=True)
alpha 1 is Parameter containing:
tensor([[-0.0211,  0.0210],
        [ 0.0322, -0.0323],
        [ 0.0252, -0.0252],
        [ 0.0539, -0.0534],
        [ 0.1499, -0.1493],
        [ 0.0970, -0.0971],
        [ 0.0016, -0.0011],
        [-0.0131,  0.0128],
        [ 0.0154, -0.0155],
        [ 0.0552, -0.0543],
        [ 0.0358, -0.0361],
        [ 0.1781, -0.1781],
        [-0.0740,  0.0735],
        [-0.0885,  0.0880]], device='cuda:0', requires_grad=True)
[047-050] Search: Model metrics  : loss=0.32, accuracy@1=88.99%, accuracy@5=99.68%, time-cost=5961.5 s
[047-050] Search: Architecture metrics  : loss=0.49, accuracy@1=83.55%, accuracy@5=99.16%
[047-050] Evaluation:  : loss=0.48, accuracy@1=83.70%, accuracy@5=99.16%
[047-050] Layer Alignment score:  normal: 0.0000, reduce: 0.0000
alpha 0 is Parameter containing:
tensor([[-0.0373,  0.0362],
        [ 0.1666, -0.1659],
        [-0.0419,  0.0398],
        [ 0.0009,  0.0009],
        [ 0.0676, -0.0686],
        [-0.5318,  0.5340],
        [ 0.1182, -0.1193],
        [ 0.1076, -0.1075],
        [ 0.0886, -0.0851],
        [ 0.3418, -0.3401],
        [-0.5228,  0.5248],
        [ 0.1441, -0.1437],
        [-0.1422,  0.1419],
        [ 0.0324, -0.0333]], device='cuda:0', requires_grad=True)
alpha 1 is Parameter containing:
tensor([[-0.0277,  0.0276],
        [ 0.0381, -0.0382],
        [ 0.0166, -0.0166],
        [ 0.0570, -0.0566],
        [ 0.1520, -0.1513],
        [ 0.0927, -0.0927],
        [ 0.0053, -0.0048],
        [-0.0185,  0.0182],
        [ 0.0131, -0.0132],
        [ 0.0497, -0.0488],
        [ 0.0387, -0.0390],
        [ 0.1916, -0.1916],
        [-0.0766,  0.0762],
        [-0.0893,  0.0888]], device='cuda:0', requires_grad=True)
[048-050] Search: Model metrics  : loss=0.31, accuracy@1=89.22%, accuracy@5=99.65%, time-cost=6100.3 s
[048-050] Search: Architecture metrics  : loss=0.50, accuracy@1=83.77%, accuracy@5=99.11%
[048-050] Evaluation:  : loss=0.48, accuracy@1=84.06%, accuracy@5=99.22%
[048-050] Layer Alignment score:  normal: 0.0000, reduce: 0.0000
alpha 0 is Parameter containing:
tensor([[-0.0465,  0.0454],
        [ 0.1693, -0.1687],
        [-0.0380,  0.0359],
        [ 0.0024, -0.0006],
        [ 0.0615, -0.0625],
        [-0.5235,  0.5256],
        [ 0.1294, -0.1305],
        [ 0.1055, -0.1053],
        [ 0.0901, -0.0866],
        [ 0.3485, -0.3468],
        [-0.5347,  0.5367],
        [ 0.1495, -0.1491],
        [-0.1485,  0.1482],
        [ 0.0418, -0.0427]], device='cuda:0', requires_grad=True)
alpha 1 is Parameter containing:
tensor([[-3.2679e-02,  3.2628e-02],
        [ 3.5844e-02, -3.5935e-02],
        [ 1.1344e-02, -1.1334e-02],
        [ 4.0609e-02, -4.0190e-02],
        [ 1.4639e-01, -1.4575e-01],
        [ 9.0366e-02, -9.0416e-02],
        [ 1.1311e-04,  3.6350e-04],
        [-1.6990e-02,  1.6691e-02],
        [ 1.7643e-02, -1.7777e-02],
        [ 4.5862e-02, -4.5028e-02],
        [ 2.3592e-02, -2.3843e-02],
        [ 1.8064e-01, -1.8068e-01],
        [-8.0214e-02,  7.9731e-02],
        [-9.6106e-02,  9.5622e-02]], device='cuda:0', requires_grad=True)
[049-050] Search: Model metrics  : loss=0.31, accuracy@1=89.25%, accuracy@5=99.69%, time-cost=6239.0 s
[049-050] Search: Architecture metrics  : loss=0.50, accuracy@1=83.32%, accuracy@5=99.14%
[049-050] Evaluation:  : loss=0.47, accuracy@1=84.19%, accuracy@5=99.22%
[049-050] Layer Alignment score:  normal: 0.0000, reduce: 0.0000
<<<--->>> The 049-050-th epoch : found the highest validation accuracy : 84.19%.
alpha 0 is Parameter containing:
tensor([[-0.0454,  0.0443],
        [ 0.1664, -0.1657],
        [-0.0426,  0.0406],
        [-0.0021,  0.0038],
        [ 0.0599, -0.0609],
        [-0.5200,  0.5221],
        [ 0.1332, -0.1343],
        [ 0.1100, -0.1098],
        [ 0.0925, -0.0891],
        [ 0.3429, -0.3412],
        [-0.5374,  0.5393],
        [ 0.1478, -0.1474],
        [-0.1506,  0.1504],
        [ 0.0382, -0.0391]], device='cuda:0', requires_grad=True)
alpha 1 is Parameter containing:
tensor([[-0.0382,  0.0382],
        [ 0.0343, -0.0344],
        [ 0.0074, -0.0074],
        [ 0.0414, -0.0410],
        [ 0.1445, -0.1439],
        [ 0.0881, -0.0882],
        [-0.0009,  0.0014],
        [-0.0209,  0.0206],
        [ 0.0275, -0.0276],
        [ 0.0437, -0.0429],
        [ 0.0224, -0.0226],
        [ 0.1896, -0.1896],
        [-0.0767,  0.0763],
        [-0.0906,  0.0901]], device='cuda:0', requires_grad=True)
[050-050] Search: Model metrics  : loss=0.31, accuracy@1=88.96%, accuracy@5=99.71%, time-cost=6383.7 s
[050-050] Search: Architecture metrics  : loss=0.49, accuracy@1=83.71%, accuracy@5=99.16%
[050-050] Evaluation:  : loss=0.48, accuracy@1=83.77%, accuracy@5=99.20%
[050-050] Layer Alignment score:  normal: 0.0000, reduce: 0.0000
alpha 0 is Parameter containing:
tensor([[-0.0431,  0.0421],
        [ 0.1698, -0.1691],
        [-0.0412,  0.0391],
        [ 0.0025, -0.0008],
        [ 0.0663, -0.0673],
        [-0.5189,  0.5210],
        [ 0.1385, -0.1396],
        [ 0.1110, -0.1108],
        [ 0.0964, -0.0929],
        [ 0.3468, -0.3452],
        [-0.5399,  0.5419],
        [ 0.1511, -0.1508],
        [-0.1487,  0.1485],
        [ 0.0504, -0.0513]], device='cuda:0', requires_grad=True)
alpha 1 is Parameter containing:
tensor([[-0.0270,  0.0269],
        [ 0.0265, -0.0265],
        [ 0.0156, -0.0156],
        [ 0.0443, -0.0439],
        [ 0.1387, -0.1380],
        [ 0.0994, -0.0994],
        [-0.0002,  0.0007],
        [-0.0254,  0.0251],
        [ 0.0280, -0.0281],
        [ 0.0524, -0.0516],
        [ 0.0234, -0.0236],
        [ 0.1889, -0.1889],
        [-0.0735,  0.0730],
        [-0.0902,  0.0897]], device='cuda:0', requires_grad=True)
