Training the supernet with the following configuration: 
{
  "sampler": {
    "sample_frequency": "step"
  },
  "perturbator": null,
  "partial_connector": null,
  "dropout": {
    "p": 0.0,
    "p_min": 0.0,
    "anneal_frequency": "epoch",
    "anneal_type": "linear",
    "max_iter": 50
  },
  "trainer": {
    "lr": 0.025,
    "arch_lr": 0.0003,
    "epochs": 50,
    "lora_warm_epochs": 10,
    "optim": "sgd",
    "arch_optim": "adam",
    "optim_config": {
      "momentum": 0.9,
      "nesterov": 0,
      "weight_decay": 0.0003
    },
    "arch_optim_config": {
      "betas": [
        0.5,
        0.999
      ],
      "weight_decay": 0.001
    },
    "scheduler": "cosine_annealing_lr",
    "criterion": "cross_entropy",
    "batch_size": 64,
    "learning_rate_min": 0.001,
    "cutout": -1,
    "cutout_length": 16,
    "train_portion": 0.5,
    "use_data_parallel": false,
    "checkpointing_freq": 1,
    "seed": 100
  },
  "lora": {
    "r": 1,
    "lora_dropout": 0,
    "lora_alpha": 1,
    "merge_weights": true
  },
  "lora_extra": {
    "toggle_epochs": null,
    "warm_epochs": 10,
    "toggle_probability": null
  },
  "sampler_type": "darts",
  "searchspace_str": "robust_darts",
  "weight_type": "weight_sharing",
  "oles": {
    "oles": false,
    "calc_gm_score": false
  },
  "search_space": {
    "num_classes": 10,
    "space": "s2"
  },
  "project_name": "LoRA-robust-darts",
  "experiment_type": "lora",
  "seed": 1
}
[001-050] Search: Model metrics  : loss=1.63, accuracy@1=39.43%, accuracy@5=88.52%, time-cost=87.5 s
[001-050] Evaluation:  : loss=1.47, accuracy@1=47.74%, accuracy@5=92.22%
[001-050] Layer Alignment score:  normal: 0.0000, reduce: 0.0000
<<<--->>> The 001-050-th epoch : found the highest validation accuracy : 47.74%.
[002-050] Search: Model metrics  : loss=1.23, accuracy@1=55.43%, accuracy@5=94.88%, time-cost=175.1 s
[002-050] Evaluation:  : loss=1.18, accuracy@1=57.76%, accuracy@5=95.22%
[002-050] Layer Alignment score:  normal: 0.0000, reduce: 0.0000
<<<--->>> The 002-050-th epoch : found the highest validation accuracy : 57.76%.
[003-050] Search: Model metrics  : loss=1.02, accuracy@1=63.52%, accuracy@5=96.72%, time-cost=261.8 s
[003-050] Evaluation:  : loss=1.07, accuracy@1=62.79%, accuracy@5=96.10%
[003-050] Layer Alignment score:  normal: 0.0000, reduce: 0.0000
<<<--->>> The 003-050-th epoch : found the highest validation accuracy : 62.79%.
[004-050] Search: Model metrics  : loss=0.88, accuracy@1=68.83%, accuracy@5=97.51%, time-cost=348.7 s
[004-050] Evaluation:  : loss=0.91, accuracy@1=68.62%, accuracy@5=97.45%
[004-050] Layer Alignment score:  normal: 0.0000, reduce: 0.0000
<<<--->>> The 004-050-th epoch : found the highest validation accuracy : 68.62%.
[005-050] Search: Model metrics  : loss=0.80, accuracy@1=71.68%, accuracy@5=97.98%, time-cost=435.5 s
[005-050] Evaluation:  : loss=0.83, accuracy@1=70.82%, accuracy@5=97.84%
[005-050] Layer Alignment score:  normal: 0.0000, reduce: 0.0000
<<<--->>> The 005-050-th epoch : found the highest validation accuracy : 70.82%.
[006-050] Search: Model metrics  : loss=0.72, accuracy@1=74.65%, accuracy@5=98.45%, time-cost=523.9 s
[006-050] Evaluation:  : loss=0.95, accuracy@1=67.32%, accuracy@5=96.88%
[006-050] Layer Alignment score:  normal: 0.0000, reduce: 0.0000
[007-050] Search: Model metrics  : loss=0.67, accuracy@1=76.85%, accuracy@5=98.55%, time-cost=613.3 s
[007-050] Evaluation:  : loss=0.79, accuracy@1=73.03%, accuracy@5=97.96%
[007-050] Layer Alignment score:  normal: 0.0000, reduce: 0.0000
<<<--->>> The 007-050-th epoch : found the highest validation accuracy : 73.03%.
[008-050] Search: Model metrics  : loss=0.62, accuracy@1=78.47%, accuracy@5=98.78%, time-cost=700.9 s
[008-050] Evaluation:  : loss=0.71, accuracy@1=75.89%, accuracy@5=98.33%
[008-050] Layer Alignment score:  normal: 0.0000, reduce: 0.0000
<<<--->>> The 008-050-th epoch : found the highest validation accuracy : 75.89%.
[009-050] Search: Model metrics  : loss=0.58, accuracy@1=79.81%, accuracy@5=98.96%, time-cost=787.2 s
[009-050] Evaluation:  : loss=0.74, accuracy@1=74.27%, accuracy@5=98.43%
[009-050] Layer Alignment score:  normal: 0.0000, reduce: 0.0000
[010-050] Search: Model metrics  : loss=0.56, accuracy@1=80.45%, accuracy@5=98.99%, time-cost=874.8 s
[010-050] Evaluation:  : loss=0.61, accuracy@1=78.88%, accuracy@5=98.83%
[010-050] Layer Alignment score:  normal: 0.0000, reduce: 0.0000
<<<--->>> The 010-050-th epoch : found the highest validation accuracy : 78.88%.
The searchspace has been warm started with 10 epochs
LoRA layers have been initialized for all operations with Conv2DLoRA module
[011-050] Search: Model metrics  : loss=0.46, accuracy@1=83.94%, accuracy@5=99.39%, time-cost=1068.5 s
[011-050] Search: Architecture metrics  : loss=0.57, accuracy@1=80.72%, accuracy@5=98.87%
[011-050] Evaluation:  : loss=0.54, accuracy@1=81.62%, accuracy@5=99.02%
[011-050] Layer Alignment score:  normal: 0.0000, reduce: 0.0000
<<<--->>> The 011-050-th epoch : found the highest validation accuracy : 81.62%.
alpha 0 is Parameter containing:
tensor([[ 2.4321e-03, -1.5564e-03],
        [-1.2451e-02,  1.2923e-02],
        [-1.3864e-02,  1.4632e-02],
        [-3.9968e-03,  3.8936e-03],
        [-2.2378e-02,  2.0477e-02],
        [-2.0416e-02,  1.9845e-02],
        [-6.2140e-03,  6.3921e-03],
        [-2.8163e-02,  2.7134e-02],
        [-2.1153e-02,  1.8558e-02],
        [-1.4402e-02,  1.2242e-02],
        [ 4.9198e-04, -8.5089e-05],
        [-2.2970e-02,  2.1549e-02],
        [-1.6008e-02,  1.7863e-02],
        [-2.6961e-02,  2.8070e-02]], device='cuda:0', requires_grad=True)
alpha 1 is Parameter containing:
tensor([[-0.0223,  0.0206],
        [-0.0075,  0.0082],
        [-0.0043,  0.0039],
        [ 0.0102, -0.0092],
        [ 0.0084, -0.0081],
        [-0.0053,  0.0070],
        [-0.0158,  0.0134],
        [-0.0064,  0.0091],
        [ 0.0109, -0.0093],
        [ 0.0002, -0.0001],
        [-0.0127,  0.0142],
        [ 0.0168, -0.0168],
        [-0.0097,  0.0092],
        [-0.0017,  0.0033]], device='cuda:0', requires_grad=True)
[012-050] Search: Model metrics  : loss=0.44, accuracy@1=84.83%, accuracy@5=99.37%, time-cost=1261.6 s
[012-050] Search: Architecture metrics  : loss=0.54, accuracy@1=81.45%, accuracy@5=98.98%
[012-050] Evaluation:  : loss=0.52, accuracy@1=82.42%, accuracy@5=99.00%
[012-050] Layer Alignment score:  normal: 0.0000, reduce: 0.0000
<<<--->>> The 012-050-th epoch : found the highest validation accuracy : 82.42%.
alpha 0 is Parameter containing:
tensor([[ 0.0096, -0.0087],
        [-0.0108,  0.0113],
        [-0.0256,  0.0264],
        [-0.0064,  0.0063],
        [-0.0445,  0.0427],
        [-0.0272,  0.0266],
        [-0.0071,  0.0073],
        [-0.0393,  0.0383],
        [-0.0261,  0.0235],
        [-0.0164,  0.0143],
        [ 0.0111, -0.0107],
        [-0.0320,  0.0306],
        [-0.0201,  0.0219],
        [-0.0571,  0.0582]], device='cuda:0', requires_grad=True)
alpha 1 is Parameter containing:
tensor([[-0.0412,  0.0394],
        [-0.0105,  0.0113],
        [-0.0114,  0.0109],
        [ 0.0243, -0.0233],
        [ 0.0258, -0.0256],
        [-0.0089,  0.0105],
        [-0.0214,  0.0190],
        [-0.0059,  0.0085],
        [ 0.0233, -0.0217],
        [ 0.0062, -0.0061],
        [-0.0201,  0.0216],
        [ 0.0293, -0.0293],
        [ 0.0014, -0.0018],
        [ 0.0173, -0.0157]], device='cuda:0', requires_grad=True)
[013-050] Search: Model metrics  : loss=0.42, accuracy@1=85.26%, accuracy@5=99.36%, time-cost=1455.1 s
[013-050] Search: Architecture metrics  : loss=0.53, accuracy@1=81.62%, accuracy@5=98.93%
[013-050] Evaluation:  : loss=0.52, accuracy@1=82.58%, accuracy@5=99.04%
[013-050] Layer Alignment score:  normal: 0.0000, reduce: 0.0000
<<<--->>> The 013-050-th epoch : found the highest validation accuracy : 82.58%.
alpha 0 is Parameter containing:
tensor([[ 0.0039, -0.0031],
        [-0.0099,  0.0104],
        [-0.0361,  0.0368],
        [-0.0058,  0.0057],
        [-0.0459,  0.0440],
        [-0.0391,  0.0385],
        [-0.0018,  0.0020],
        [-0.0419,  0.0409],
        [-0.0287,  0.0261],
        [-0.0090,  0.0069],
        [ 0.0296, -0.0292],
        [-0.0154,  0.0140],
        [-0.0176,  0.0195],
        [-0.0666,  0.0677]], device='cuda:0', requires_grad=True)
alpha 1 is Parameter containing:
tensor([[-0.0574,  0.0556],
        [-0.0181,  0.0189],
        [-0.0090,  0.0086],
        [ 0.0194, -0.0184],
        [ 0.0318, -0.0316],
        [-0.0171,  0.0187],
        [-0.0368,  0.0344],
        [-0.0028,  0.0054],
        [ 0.0325, -0.0309],
        [ 0.0145, -0.0144],
        [-0.0195,  0.0210],
        [ 0.0443, -0.0443],
        [ 0.0008, -0.0012],
        [ 0.0138, -0.0122]], device='cuda:0', requires_grad=True)
[014-050] Search: Model metrics  : loss=0.41, accuracy@1=85.54%, accuracy@5=99.45%, time-cost=1649.6 s
[014-050] Search: Architecture metrics  : loss=0.53, accuracy@1=81.88%, accuracy@5=99.01%
[014-050] Evaluation:  : loss=0.51, accuracy@1=82.60%, accuracy@5=98.97%
[014-050] Layer Alignment score:  normal: 0.0000, reduce: 0.0000
<<<--->>> The 014-050-th epoch : found the highest validation accuracy : 82.60%.
alpha 0 is Parameter containing:
tensor([[-0.0021,  0.0029],
        [-0.0179,  0.0183],
        [-0.0570,  0.0578],
        [-0.0131,  0.0130],
        [-0.0518,  0.0499],
        [-0.0554,  0.0549],
        [-0.0052,  0.0054],
        [-0.0492,  0.0482],
        [-0.0321,  0.0296],
        [-0.0153,  0.0132],
        [ 0.0361, -0.0357],
        [-0.0091,  0.0078],
        [-0.0256,  0.0274],
        [-0.0820,  0.0830]], device='cuda:0', requires_grad=True)
alpha 1 is Parameter containing:
tensor([[-0.0702,  0.0685],
        [-0.0128,  0.0136],
        [-0.0179,  0.0174],
        [ 0.0257, -0.0247],
        [ 0.0430, -0.0427],
        [-0.0181,  0.0196],
        [-0.0376,  0.0352],
        [-0.0086,  0.0112],
        [ 0.0402, -0.0386],
        [ 0.0101, -0.0100],
        [-0.0276,  0.0291],
        [ 0.0655, -0.0655],
        [ 0.0127, -0.0132],
        [ 0.0206, -0.0190]], device='cuda:0', requires_grad=True)
[015-050] Search: Model metrics  : loss=0.41, accuracy@1=85.82%, accuracy@5=99.44%, time-cost=1845.1 s
[015-050] Search: Architecture metrics  : loss=0.54, accuracy@1=81.76%, accuracy@5=99.04%
[015-050] Evaluation:  : loss=0.51, accuracy@1=82.56%, accuracy@5=99.04%
[015-050] Layer Alignment score:  normal: 0.0000, reduce: 0.0000
alpha 0 is Parameter containing:
tensor([[-0.0030,  0.0039],
        [-0.0209,  0.0214],
        [-0.0609,  0.0616],
        [-0.0159,  0.0158],
        [-0.0557,  0.0538],
        [-0.0508,  0.0502],
        [-0.0067,  0.0069],
        [-0.0520,  0.0510],
        [-0.0355,  0.0329],
        [-0.0047,  0.0026],
        [ 0.0548, -0.0544],
        [ 0.0056, -0.0070],
        [-0.0300,  0.0318],
        [-0.0984,  0.0995]], device='cuda:0', requires_grad=True)
alpha 1 is Parameter containing:
tensor([[-0.0692,  0.0675],
        [-0.0235,  0.0242],
        [-0.0137,  0.0133],
        [ 0.0243, -0.0233],
        [ 0.0454, -0.0451],
        [-0.0133,  0.0149],
        [-0.0505,  0.0482],
        [-0.0039,  0.0065],
        [ 0.0444, -0.0428],
        [ 0.0091, -0.0090],
        [-0.0283,  0.0297],
        [ 0.0795, -0.0795],
        [ 0.0159, -0.0163],
        [ 0.0193, -0.0178]], device='cuda:0', requires_grad=True)
[016-050] Search: Model metrics  : loss=0.41, accuracy@1=85.74%, accuracy@5=99.46%, time-cost=2038.4 s
[016-050] Search: Architecture metrics  : loss=0.52, accuracy@1=82.10%, accuracy@5=99.04%
[016-050] Evaluation:  : loss=0.51, accuracy@1=82.76%, accuracy@5=99.15%
[016-050] Layer Alignment score:  normal: 0.0000, reduce: 0.0000
<<<--->>> The 016-050-th epoch : found the highest validation accuracy : 82.76%.
alpha 0 is Parameter containing:
tensor([[-0.0032,  0.0040],
        [-0.0279,  0.0284],
        [-0.0587,  0.0594],
        [-0.0198,  0.0197],
        [-0.0587,  0.0568],
        [-0.0537,  0.0531],
        [-0.0048,  0.0049],
        [-0.0509,  0.0499],
        [-0.0389,  0.0364],
        [-0.0029,  0.0008],
        [ 0.0613, -0.0609],
        [ 0.0033, -0.0047],
        [-0.0421,  0.0439],
        [-0.1228,  0.1239]], device='cuda:0', requires_grad=True)
alpha 1 is Parameter containing:
tensor([[-0.0814,  0.0797],
        [-0.0283,  0.0291],
        [-0.0191,  0.0187],
        [ 0.0234, -0.0224],
        [ 0.0549, -0.0546],
        [-0.0156,  0.0172],
        [-0.0587,  0.0563],
        [-0.0010,  0.0036],
        [ 0.0517, -0.0501],
        [ 0.0084, -0.0083],
        [-0.0269,  0.0284],
        [ 0.0885, -0.0885],
        [ 0.0331, -0.0336],
        [ 0.0296, -0.0281]], device='cuda:0', requires_grad=True)
[017-050] Search: Model metrics  : loss=0.39, accuracy@1=86.11%, accuracy@5=99.48%, time-cost=2238.5 s
[017-050] Search: Architecture metrics  : loss=0.52, accuracy@1=82.38%, accuracy@5=99.09%
[017-050] Evaluation:  : loss=0.51, accuracy@1=82.93%, accuracy@5=99.12%
[017-050] Layer Alignment score:  normal: 0.0000, reduce: 0.0000
<<<--->>> The 017-050-th epoch : found the highest validation accuracy : 82.93%.
alpha 0 is Parameter containing:
tensor([[-0.0055,  0.0063],
        [-0.0284,  0.0289],
        [-0.0659,  0.0667],
        [-0.0222,  0.0221],
        [-0.0604,  0.0585],
        [-0.0614,  0.0609],
        [ 0.0029, -0.0027],
        [-0.0619,  0.0609],
        [-0.0389,  0.0364],
        [-0.0051,  0.0030],
        [ 0.0672, -0.0668],
        [ 0.0135, -0.0149],
        [-0.0444,  0.0462],
        [-0.1383,  0.1394]], device='cuda:0', requires_grad=True)
alpha 1 is Parameter containing:
tensor([[-0.0846,  0.0829],
        [-0.0233,  0.0240],
        [-0.0123,  0.0119],
        [ 0.0179, -0.0169],
        [ 0.0455, -0.0453],
        [-0.0124,  0.0140],
        [-0.0633,  0.0610],
        [-0.0090,  0.0115],
        [ 0.0477, -0.0462],
        [-0.0071,  0.0071],
        [-0.0275,  0.0289],
        [ 0.1010, -0.1010],
        [ 0.0266, -0.0271],
        [ 0.0265, -0.0250]], device='cuda:0', requires_grad=True)
[018-050] Search: Model metrics  : loss=0.39, accuracy@1=86.31%, accuracy@5=99.47%, time-cost=2437.8 s
[018-050] Search: Architecture metrics  : loss=0.53, accuracy@1=82.11%, accuracy@5=98.99%
[018-050] Evaluation:  : loss=0.50, accuracy@1=83.04%, accuracy@5=99.11%
[018-050] Layer Alignment score:  normal: 0.0000, reduce: 0.0000
<<<--->>> The 018-050-th epoch : found the highest validation accuracy : 83.04%.
alpha 0 is Parameter containing:
tensor([[-0.0089,  0.0097],
        [-0.0336,  0.0341],
        [-0.0722,  0.0730],
        [-0.0263,  0.0262],
        [-0.0673,  0.0654],
        [-0.0761,  0.0756],
        [ 0.0016, -0.0015],
        [-0.0764,  0.0754],
        [-0.0351,  0.0326],
        [-0.0095,  0.0075],
        [ 0.0750, -0.0746],
        [ 0.0202, -0.0216],
        [-0.0524,  0.0541],
        [-0.1624,  0.1635]], device='cuda:0', requires_grad=True)
alpha 1 is Parameter containing:
tensor([[-0.0944,  0.0927],
        [-0.0246,  0.0253],
        [-0.0026,  0.0022],
        [ 0.0089, -0.0080],
        [ 0.0535, -0.0533],
        [-0.0179,  0.0194],
        [-0.0753,  0.0730],
        [-0.0008,  0.0033],
        [ 0.0557, -0.0542],
        [-0.0105,  0.0106],
        [-0.0380,  0.0394],
        [ 0.1119, -0.1119],
        [ 0.0250, -0.0255],
        [ 0.0221, -0.0206]], device='cuda:0', requires_grad=True)
[019-050] Search: Model metrics  : loss=0.39, accuracy@1=86.55%, accuracy@5=99.46%, time-cost=2632.2 s
[019-050] Search: Architecture metrics  : loss=0.52, accuracy@1=82.47%, accuracy@5=99.09%
[019-050] Evaluation:  : loss=0.50, accuracy@1=83.10%, accuracy@5=99.14%
[019-050] Layer Alignment score:  normal: 0.0000, reduce: 0.0000
<<<--->>> The 019-050-th epoch : found the highest validation accuracy : 83.10%.
alpha 0 is Parameter containing:
tensor([[ 0.0014, -0.0005],
        [-0.0421,  0.0425],
        [-0.0745,  0.0752],
        [-0.0369,  0.0368],
        [-0.0613,  0.0595],
        [-0.0800,  0.0794],
        [ 0.0037, -0.0035],
        [-0.0798,  0.0788],
        [-0.0394,  0.0369],
        [-0.0099,  0.0078],
        [ 0.0854, -0.0850],
        [ 0.0429, -0.0442],
        [-0.0521,  0.0538],
        [-0.1804,  0.1815]], device='cuda:0', requires_grad=True)
alpha 1 is Parameter containing:
tensor([[-0.0913,  0.0896],
        [-0.0201,  0.0209],
        [ 0.0068, -0.0073],
        [ 0.0171, -0.0161],
        [ 0.0637, -0.0635],
        [-0.0207,  0.0221],
        [-0.0807,  0.0785],
        [ 0.0029, -0.0004],
        [ 0.0570, -0.0555],
        [-0.0072,  0.0072],
        [-0.0333,  0.0346],
        [ 0.1237, -0.1237],
        [ 0.0227, -0.0232],
        [ 0.0142, -0.0128]], device='cuda:0', requires_grad=True)
[020-050] Search: Model metrics  : loss=0.39, accuracy@1=86.35%, accuracy@5=99.50%, time-cost=2827.2 s
[020-050] Search: Architecture metrics  : loss=0.51, accuracy@1=82.60%, accuracy@5=99.08%
[020-050] Evaluation:  : loss=0.50, accuracy@1=82.90%, accuracy@5=99.15%
[020-050] Layer Alignment score:  normal: 0.0000, reduce: 0.0000
alpha 0 is Parameter containing:
tensor([[ 0.0029, -0.0021],
        [-0.0417,  0.0422],
        [-0.0739,  0.0747],
        [-0.0460,  0.0459],
        [-0.0677,  0.0659],
        [-0.0839,  0.0833],
        [-0.0091,  0.0092],
        [-0.0848,  0.0838],
        [-0.0473,  0.0448],
        [-0.0043,  0.0023],
        [ 0.0889, -0.0885],
        [ 0.0472, -0.0485],
        [-0.0502,  0.0519],
        [-0.1936,  0.1947]], device='cuda:0', requires_grad=True)
alpha 1 is Parameter containing:
tensor([[-0.0993,  0.0976],
        [-0.0216,  0.0223],
        [ 0.0072, -0.0077],
        [ 0.0141, -0.0132],
        [ 0.0593, -0.0591],
        [-0.0195,  0.0210],
        [-0.0901,  0.0879],
        [-0.0048,  0.0073],
        [ 0.0653, -0.0637],
        [-0.0098,  0.0099],
        [-0.0380,  0.0394],
        [ 0.1347, -0.1347],
        [ 0.0278, -0.0283],
        [ 0.0167, -0.0152]], device='cuda:0', requires_grad=True)
[021-050] Search: Model metrics  : loss=0.38, accuracy@1=86.70%, accuracy@5=99.49%, time-cost=3025.2 s
[021-050] Search: Architecture metrics  : loss=0.52, accuracy@1=82.22%, accuracy@5=98.97%
[021-050] Evaluation:  : loss=0.49, accuracy@1=83.28%, accuracy@5=99.09%
[021-050] Layer Alignment score:  normal: 0.0000, reduce: 0.0000
<<<--->>> The 021-050-th epoch : found the highest validation accuracy : 83.28%.
alpha 0 is Parameter containing:
tensor([[-0.0047,  0.0056],
        [-0.0472,  0.0476],
        [-0.0860,  0.0868],
        [-0.0541,  0.0540],
        [-0.0762,  0.0744],
        [-0.0831,  0.0826],
        [-0.0010,  0.0011],
        [-0.0954,  0.0944],
        [-0.0391,  0.0366],
        [-0.0110,  0.0090],
        [ 0.0945, -0.0941],
        [ 0.0499, -0.0512],
        [-0.0523,  0.0541],
        [-0.2136,  0.2146]], device='cuda:0', requires_grad=True)
alpha 1 is Parameter containing:
tensor([[-0.1128,  0.1111],
        [-0.0194,  0.0201],
        [ 0.0121, -0.0125],
        [ 0.0084, -0.0075],
        [ 0.0550, -0.0548],
        [-0.0259,  0.0274],
        [-0.0939,  0.0917],
        [-0.0111,  0.0136],
        [ 0.0557, -0.0542],
        [-0.0041,  0.0042],
        [-0.0515,  0.0528],
        [ 0.1321, -0.1321],
        [ 0.0233, -0.0238],
        [ 0.0090, -0.0075]], device='cuda:0', requires_grad=True)
[022-050] Search: Model metrics  : loss=0.38, accuracy@1=86.58%, accuracy@5=99.52%, time-cost=3223.4 s
[022-050] Search: Architecture metrics  : loss=0.52, accuracy@1=82.68%, accuracy@5=99.07%
[022-050] Evaluation:  : loss=0.49, accuracy@1=83.17%, accuracy@5=99.15%
[022-050] Layer Alignment score:  normal: 0.0000, reduce: 0.0000
alpha 0 is Parameter containing:
tensor([[-0.0021,  0.0029],
        [-0.0565,  0.0570],
        [-0.0935,  0.0943],
        [-0.0620,  0.0619],
        [-0.0810,  0.0792],
        [-0.0931,  0.0926],
        [ 0.0019, -0.0017],
        [-0.0967,  0.0958],
        [-0.0320,  0.0296],
        [-0.0161,  0.0141],
        [ 0.0997, -0.0993],
        [ 0.0680, -0.0694],
        [-0.0448,  0.0466],
        [-0.2370,  0.2380]], device='cuda:0', requires_grad=True)
alpha 1 is Parameter containing:
tensor([[-0.1122,  0.1105],
        [-0.0288,  0.0295],
        [ 0.0103, -0.0108],
        [-0.0002,  0.0011],
        [ 0.0630, -0.0628],
        [-0.0258,  0.0273],
        [-0.1073,  0.1052],
        [-0.0059,  0.0083],
        [ 0.0438, -0.0423],
        [ 0.0024, -0.0023],
        [-0.0517,  0.0530],
        [ 0.1495, -0.1495],
        [ 0.0248, -0.0253],
        [ 0.0162, -0.0148]], device='cuda:0', requires_grad=True)
[023-050] Search: Model metrics  : loss=0.38, accuracy@1=86.96%, accuracy@5=99.58%, time-cost=3419.9 s
[023-050] Search: Architecture metrics  : loss=0.52, accuracy@1=82.36%, accuracy@5=99.04%
[023-050] Evaluation:  : loss=0.50, accuracy@1=83.14%, accuracy@5=99.15%
[023-050] Layer Alignment score:  normal: 0.0000, reduce: 0.0000
alpha 0 is Parameter containing:
tensor([[ 0.0019, -0.0011],
        [-0.0495,  0.0499],
        [-0.0900,  0.0907],
        [-0.0715,  0.0714],
        [-0.0883,  0.0865],
        [-0.0894,  0.0888],
        [-0.0042,  0.0044],
        [-0.0958,  0.0948],
        [-0.0288,  0.0264],
        [-0.0158,  0.0138],
        [ 0.0979, -0.0975],
        [ 0.0696, -0.0709],
        [-0.0480,  0.0497],
        [-0.2528,  0.2538]], device='cuda:0', requires_grad=True)
alpha 1 is Parameter containing:
tensor([[-0.1089,  0.1073],
        [-0.0271,  0.0278],
        [ 0.0136, -0.0140],
        [-0.0022,  0.0031],
        [ 0.0778, -0.0776],
        [-0.0356,  0.0371],
        [-0.1205,  0.1184],
        [ 0.0039, -0.0015],
        [ 0.0334, -0.0319],
        [ 0.0095, -0.0095],
        [-0.0568,  0.0581],
        [ 0.1559, -0.1559],
        [ 0.0132, -0.0136],
        [ 0.0091, -0.0077]], device='cuda:0', requires_grad=True)
[024-050] Search: Model metrics  : loss=0.37, accuracy@1=87.01%, accuracy@5=99.52%, time-cost=3613.7 s
[024-050] Search: Architecture metrics  : loss=0.52, accuracy@1=82.68%, accuracy@5=98.95%
[024-050] Evaluation:  : loss=0.49, accuracy@1=83.48%, accuracy@5=99.18%
[024-050] Layer Alignment score:  normal: 0.0000, reduce: 0.0000
<<<--->>> The 024-050-th epoch : found the highest validation accuracy : 83.48%.
alpha 0 is Parameter containing:
tensor([[ 0.0042, -0.0034],
        [-0.0546,  0.0550],
        [-0.0771,  0.0778],
        [-0.0719,  0.0718],
        [-0.0818,  0.0800],
        [-0.0873,  0.0868],
        [ 0.0056, -0.0055],
        [-0.0976,  0.0967],
        [-0.0233,  0.0208],
        [-0.0109,  0.0089],
        [ 0.0966, -0.0963],
        [ 0.0973, -0.0986],
        [-0.0460,  0.0478],
        [-0.2611,  0.2621]], device='cuda:0', requires_grad=True)
alpha 1 is Parameter containing:
tensor([[-0.0949,  0.0933],
        [-0.0247,  0.0254],
        [ 0.0195, -0.0199],
        [-0.0057,  0.0066],
        [ 0.0768, -0.0766],
        [-0.0365,  0.0379],
        [-0.1238,  0.1217],
        [-0.0075,  0.0098],
        [ 0.0394, -0.0380],
        [ 0.0096, -0.0095],
        [-0.0581,  0.0594],
        [ 0.1696, -0.1696],
        [ 0.0206, -0.0210],
        [ 0.0183, -0.0169]], device='cuda:0', requires_grad=True)
[025-050] Search: Model metrics  : loss=0.38, accuracy@1=86.79%, accuracy@5=99.46%, time-cost=3807.2 s
[025-050] Search: Architecture metrics  : loss=0.52, accuracy@1=82.61%, accuracy@5=99.00%
[025-050] Evaluation:  : loss=0.50, accuracy@1=83.36%, accuracy@5=99.17%
[025-050] Layer Alignment score:  normal: 0.0000, reduce: 0.0000
alpha 0 is Parameter containing:
tensor([[-0.0014,  0.0023],
        [-0.0526,  0.0531],
        [-0.0871,  0.0879],
        [-0.0687,  0.0686],
        [-0.0864,  0.0846],
        [-0.0891,  0.0886],
        [ 0.0112, -0.0110],
        [-0.0983,  0.0973],
        [-0.0214,  0.0189],
        [-0.0162,  0.0142],
        [ 0.1155, -0.1152],
        [ 0.1131, -0.1144],
        [-0.0481,  0.0499],
        [-0.2734,  0.2744]], device='cuda:0', requires_grad=True)
alpha 1 is Parameter containing:
tensor([[-0.1008,  0.0992],
        [-0.0253,  0.0260],
        [ 0.0092, -0.0096],
        [-0.0115,  0.0124],
        [ 0.0797, -0.0795],
        [-0.0412,  0.0426],
        [-0.1280,  0.1259],
        [-0.0139,  0.0162],
        [ 0.0382, -0.0367],
        [ 0.0079, -0.0078],
        [-0.0582,  0.0595],
        [ 0.1833, -0.1833],
        [ 0.0256, -0.0259],
        [ 0.0229, -0.0215]], device='cuda:0', requires_grad=True)
[026-050] Search: Model metrics  : loss=0.37, accuracy@1=87.37%, accuracy@5=99.57%, time-cost=4001.2 s
[026-050] Search: Architecture metrics  : loss=0.51, accuracy@1=82.56%, accuracy@5=99.08%
[026-050] Evaluation:  : loss=0.49, accuracy@1=83.21%, accuracy@5=99.09%
[026-050] Layer Alignment score:  normal: 0.0000, reduce: 0.0000
alpha 0 is Parameter containing:
tensor([[-0.0005,  0.0013],
        [-0.0562,  0.0566],
        [-0.0885,  0.0892],
        [-0.0721,  0.0720],
        [-0.0841,  0.0823],
        [-0.0914,  0.0908],
        [ 0.0120, -0.0119],
        [-0.0948,  0.0938],
        [-0.0163,  0.0138],
        [-0.0157,  0.0137],
        [ 0.1161, -0.1158],
        [ 0.1234, -0.1247],
        [-0.0570,  0.0587],
        [-0.2833,  0.2843]], device='cuda:0', requires_grad=True)
alpha 1 is Parameter containing:
tensor([[-0.1072,  0.1056],
        [-0.0252,  0.0259],
        [ 0.0104, -0.0108],
        [-0.0117,  0.0126],
        [ 0.0878, -0.0876],
        [-0.0507,  0.0521],
        [-0.1310,  0.1290],
        [-0.0267,  0.0290],
        [ 0.0280, -0.0266],
        [ 0.0122, -0.0122],
        [-0.0584,  0.0596],
        [ 0.1851, -0.1852],
        [ 0.0246, -0.0250],
        [ 0.0189, -0.0175]], device='cuda:0', requires_grad=True)
[027-050] Search: Model metrics  : loss=0.37, accuracy@1=87.32%, accuracy@5=99.54%, time-cost=4194.6 s
[027-050] Search: Architecture metrics  : loss=0.51, accuracy@1=82.61%, accuracy@5=99.02%
[027-050] Evaluation:  : loss=0.49, accuracy@1=83.30%, accuracy@5=99.14%
[027-050] Layer Alignment score:  normal: 0.0000, reduce: 0.0000
alpha 0 is Parameter containing:
tensor([[-0.0072,  0.0080],
        [-0.0593,  0.0598],
        [-0.0909,  0.0916],
        [-0.0638,  0.0637],
        [-0.0825,  0.0807],
        [-0.0957,  0.0951],
        [ 0.0113, -0.0111],
        [-0.1005,  0.0995],
        [-0.0188,  0.0164],
        [-0.0154,  0.0134],
        [ 0.1205, -0.1201],
        [ 0.1321, -0.1334],
        [-0.0633,  0.0650],
        [-0.2908,  0.2919]], device='cuda:0', requires_grad=True)
alpha 1 is Parameter containing:
tensor([[-0.1067,  0.1051],
        [-0.0202,  0.0209],
        [ 0.0095, -0.0099],
        [-0.0217,  0.0226],
        [ 0.0856, -0.0853],
        [-0.0487,  0.0501],
        [-0.1331,  0.1311],
        [-0.0362,  0.0385],
        [ 0.0192, -0.0178],
        [ 0.0218, -0.0217],
        [-0.0686,  0.0698],
        [ 0.1889, -0.1889],
        [ 0.0234, -0.0237],
        [ 0.0227, -0.0214]], device='cuda:0', requires_grad=True)
[028-050] Search: Model metrics  : loss=0.36, accuracy@1=87.57%, accuracy@5=99.60%, time-cost=4388.1 s
[028-050] Search: Architecture metrics  : loss=0.52, accuracy@1=82.56%, accuracy@5=99.05%
[028-050] Evaluation:  : loss=0.49, accuracy@1=83.34%, accuracy@5=99.12%
[028-050] Layer Alignment score:  normal: 0.0000, reduce: 0.0000
alpha 0 is Parameter containing:
tensor([[-0.0115,  0.0123],
        [-0.0586,  0.0591],
        [-0.0892,  0.0899],
        [-0.0678,  0.0677],
        [-0.0854,  0.0836],
        [-0.1009,  0.1004],
        [ 0.0193, -0.0192],
        [-0.1045,  0.1035],
        [-0.0184,  0.0160],
        [-0.0138,  0.0118],
        [ 0.1294, -0.1290],
        [ 0.1547, -0.1559],
        [-0.0627,  0.0644],
        [-0.3047,  0.3057]], device='cuda:0', requires_grad=True)
alpha 1 is Parameter containing:
tensor([[-0.1125,  0.1109],
        [-0.0188,  0.0195],
        [ 0.0144, -0.0148],
        [-0.0198,  0.0206],
        [ 0.0885, -0.0883],
        [-0.0461,  0.0474],
        [-0.1348,  0.1328],
        [-0.0428,  0.0451],
        [ 0.0161, -0.0147],
        [ 0.0338, -0.0338],
        [-0.0627,  0.0639],
        [ 0.1937, -0.1937],
        [ 0.0275, -0.0279],
        [ 0.0255, -0.0242]], device='cuda:0', requires_grad=True)
[029-050] Search: Model metrics  : loss=0.36, accuracy@1=87.22%, accuracy@5=99.59%, time-cost=4583.2 s
[029-050] Search: Architecture metrics  : loss=0.51, accuracy@1=82.83%, accuracy@5=99.14%
[029-050] Evaluation:  : loss=0.48, accuracy@1=83.42%, accuracy@5=99.16%
[029-050] Layer Alignment score:  normal: 0.0000, reduce: 0.0000
alpha 0 is Parameter containing:
tensor([[-0.0144,  0.0153],
        [-0.0750,  0.0755],
        [-0.0903,  0.0910],
        [-0.0717,  0.0717],
        [-0.0869,  0.0851],
        [-0.0982,  0.0977],
        [ 0.0181, -0.0180],
        [-0.0975,  0.0965],
        [-0.0217,  0.0193],
        [-0.0114,  0.0094],
        [ 0.1339, -0.1335],
        [ 0.1498, -0.1511],
        [-0.0667,  0.0684],
        [-0.3262,  0.3272]], device='cuda:0', requires_grad=True)
alpha 1 is Parameter containing:
tensor([[-0.1046,  0.1031],
        [-0.0191,  0.0198],
        [ 0.0143, -0.0147],
        [-0.0245,  0.0254],
        [ 0.0815, -0.0813],
        [-0.0507,  0.0520],
        [-0.1451,  0.1431],
        [-0.0624,  0.0646],
        [ 0.0201, -0.0187],
        [ 0.0290, -0.0289],
        [-0.0585,  0.0597],
        [ 0.1967, -0.1967],
        [ 0.0235, -0.0239],
        [ 0.0222, -0.0209]], device='cuda:0', requires_grad=True)
[030-050] Search: Model metrics  : loss=0.36, accuracy@1=87.47%, accuracy@5=99.55%, time-cost=4778.7 s
[030-050] Search: Architecture metrics  : loss=0.52, accuracy@1=82.36%, accuracy@5=99.04%
[030-050] Evaluation:  : loss=0.49, accuracy@1=83.28%, accuracy@5=99.16%
[030-050] Layer Alignment score:  normal: 0.0000, reduce: 0.0000
alpha 0 is Parameter containing:
tensor([[-0.0346,  0.0354],
        [-0.0795,  0.0799],
        [-0.1071,  0.1078],
        [-0.0727,  0.0726],
        [-0.0877,  0.0859],
        [-0.1048,  0.1043],
        [ 0.0155, -0.0154],
        [-0.0925,  0.0916],
        [-0.0214,  0.0190],
        [-0.0230,  0.0211],
        [ 0.1322, -0.1318],
        [ 0.1548, -0.1561],
        [-0.0804,  0.0820],
        [-0.3409,  0.3419]], device='cuda:0', requires_grad=True)
alpha 1 is Parameter containing:
tensor([[-0.1124,  0.1109],
        [-0.0276,  0.0283],
        [ 0.0121, -0.0125],
        [-0.0226,  0.0235],
        [ 0.0682, -0.0680],
        [-0.0490,  0.0503],
        [-0.1545,  0.1525],
        [-0.0641,  0.0663],
        [ 0.0122, -0.0108],
        [ 0.0223, -0.0222],
        [-0.0581,  0.0593],
        [ 0.1953, -0.1953],
        [ 0.0167, -0.0171],
        [ 0.0103, -0.0090]], device='cuda:0', requires_grad=True)
[031-050] Search: Model metrics  : loss=0.36, accuracy@1=87.39%, accuracy@5=99.60%, time-cost=4975.3 s
[031-050] Search: Architecture metrics  : loss=0.51, accuracy@1=83.16%, accuracy@5=99.02%
[031-050] Evaluation:  : loss=0.49, accuracy@1=83.14%, accuracy@5=99.10%
[031-050] Layer Alignment score:  normal: 0.0000, reduce: 0.0000
alpha 0 is Parameter containing:
tensor([[-0.0352,  0.0361],
        [-0.0877,  0.0882],
        [-0.1035,  0.1042],
        [-0.0767,  0.0767],
        [-0.0869,  0.0851],
        [-0.1070,  0.1065],
        [ 0.0043, -0.0041],
        [-0.0982,  0.0972],
        [-0.0219,  0.0196],
        [-0.0258,  0.0239],
        [ 0.1459, -0.1455],
        [ 0.1618, -0.1631],
        [-0.0786,  0.0802],
        [-0.3604,  0.3614]], device='cuda:0', requires_grad=True)
alpha 1 is Parameter containing:
tensor([[-0.1115,  0.1100],
        [-0.0298,  0.0305],
        [ 0.0105, -0.0109],
        [-0.0299,  0.0308],
        [ 0.0680, -0.0678],
        [-0.0496,  0.0509],
        [-0.1521,  0.1501],
        [-0.0624,  0.0646],
        [ 0.0158, -0.0145],
        [ 0.0039, -0.0039],
        [-0.0554,  0.0565],
        [ 0.1996, -0.1996],
        [ 0.0166, -0.0170],
        [-0.0023,  0.0036]], device='cuda:0', requires_grad=True)
[032-050] Search: Model metrics  : loss=0.35, accuracy@1=87.78%, accuracy@5=99.60%, time-cost=5173.7 s
[032-050] Search: Architecture metrics  : loss=0.52, accuracy@1=82.52%, accuracy@5=99.01%
[032-050] Evaluation:  : loss=0.49, accuracy@1=83.40%, accuracy@5=99.14%
[032-050] Layer Alignment score:  normal: 0.0000, reduce: 0.0000
alpha 0 is Parameter containing:
tensor([[-0.0344,  0.0352],
        [-0.0789,  0.0793],
        [-0.1242,  0.1249],
        [-0.0834,  0.0833],
        [-0.0819,  0.0801],
        [-0.1053,  0.1048],
        [-0.0006,  0.0007],
        [-0.0977,  0.0968],
        [-0.0120,  0.0096],
        [-0.0322,  0.0303],
        [ 0.1414, -0.1410],
        [ 0.1724, -0.1737],
        [-0.0813,  0.0829],
        [-0.3715,  0.3724]], device='cuda:0', requires_grad=True)
alpha 1 is Parameter containing:
tensor([[-0.1132,  0.1116],
        [-0.0378,  0.0385],
        [ 0.0176, -0.0180],
        [-0.0320,  0.0329],
        [ 0.0777, -0.0775],
        [-0.0477,  0.0489],
        [-0.1605,  0.1586],
        [-0.0644,  0.0666],
        [ 0.0162, -0.0148],
        [ 0.0115, -0.0115],
        [-0.0608,  0.0619],
        [ 0.1975, -0.1976],
        [ 0.0092, -0.0095],
        [-0.0091,  0.0103]], device='cuda:0', requires_grad=True)
[033-050] Search: Model metrics  : loss=0.36, accuracy@1=87.79%, accuracy@5=99.55%, time-cost=5367.4 s
[033-050] Search: Architecture metrics  : loss=0.51, accuracy@1=82.91%, accuracy@5=99.08%
[033-050] Evaluation:  : loss=0.48, accuracy@1=83.64%, accuracy@5=99.17%
[033-050] Layer Alignment score:  normal: 0.0000, reduce: 0.0000
<<<--->>> The 033-050-th epoch : found the highest validation accuracy : 83.64%.
alpha 0 is Parameter containing:
tensor([[-3.5248e-02,  3.6067e-02],
        [-7.2894e-02,  7.3335e-02],
        [-1.3751e-01,  1.3820e-01],
        [-9.5288e-02,  9.5195e-02],
        [-8.1314e-02,  7.9581e-02],
        [-1.0253e-01,  1.0202e-01],
        [-8.3687e-05,  2.3900e-04],
        [-9.3305e-02,  9.2413e-02],
        [-3.9756e-03,  1.6377e-03],
        [-3.0786e-02,  2.8897e-02],
        [ 1.5745e-01, -1.5709e-01],
        [ 1.8568e-01, -1.8692e-01],
        [-8.5765e-02,  8.7423e-02],
        [-3.7809e-01,  3.7908e-01]], device='cuda:0', requires_grad=True)
alpha 1 is Parameter containing:
tensor([[-0.1159,  0.1144],
        [-0.0302,  0.0308],
        [ 0.0155, -0.0159],
        [-0.0343,  0.0351],
        [ 0.0922, -0.0920],
        [-0.0459,  0.0472],
        [-0.1584,  0.1565],
        [-0.0624,  0.0645],
        [ 0.0109, -0.0095],
        [ 0.0062, -0.0062],
        [-0.0529,  0.0540],
        [ 0.2019, -0.2019],
        [ 0.0055, -0.0059],
        [-0.0002,  0.0015]], device='cuda:0', requires_grad=True)
[034-050] Search: Model metrics  : loss=0.36, accuracy@1=87.63%, accuracy@5=99.52%, time-cost=5564.4 s
[034-050] Search: Architecture metrics  : loss=0.49, accuracy@1=83.03%, accuracy@5=99.09%
[034-050] Evaluation:  : loss=0.49, accuracy@1=83.50%, accuracy@5=99.10%
[034-050] Layer Alignment score:  normal: 0.0000, reduce: 0.0000
alpha 0 is Parameter containing:
tensor([[-0.0379,  0.0387],
        [-0.0802,  0.0807],
        [-0.1313,  0.1320],
        [-0.0893,  0.0892],
        [-0.0739,  0.0722],
        [-0.1132,  0.1127],
        [ 0.0026, -0.0024],
        [-0.0889,  0.0880],
        [-0.0058,  0.0035],
        [-0.0208,  0.0189],
        [ 0.1775, -0.1772],
        [ 0.1819, -0.1831],
        [-0.0866,  0.0883],
        [-0.3809,  0.3818]], device='cuda:0', requires_grad=True)
alpha 1 is Parameter containing:
tensor([[-0.1299,  0.1284],
        [-0.0365,  0.0372],
        [ 0.0260, -0.0264],
        [-0.0432,  0.0440],
        [ 0.0953, -0.0951],
        [-0.0403,  0.0416],
        [-0.1543,  0.1525],
        [-0.0610,  0.0632],
        [ 0.0080, -0.0067],
        [ 0.0009, -0.0008],
        [-0.0512,  0.0523],
        [ 0.2005, -0.2005],
        [ 0.0007, -0.0011],
        [-0.0013,  0.0026]], device='cuda:0', requires_grad=True)
[035-050] Search: Model metrics  : loss=0.35, accuracy@1=87.82%, accuracy@5=99.58%, time-cost=5760.1 s
[035-050] Search: Architecture metrics  : loss=0.50, accuracy@1=83.28%, accuracy@5=99.10%
[035-050] Evaluation:  : loss=0.48, accuracy@1=83.64%, accuracy@5=99.18%
[035-050] Layer Alignment score:  normal: 0.0000, reduce: 0.0000
alpha 0 is Parameter containing:
tensor([[-3.9476e-02,  4.0291e-02],
        [-8.6220e-02,  8.6657e-02],
        [-1.1996e-01,  1.2065e-01],
        [-9.0155e-02,  9.0063e-02],
        [-6.2125e-02,  6.0406e-02],
        [-1.0638e-01,  1.0588e-01],
        [ 7.4485e-03, -7.2950e-03],
        [-8.6422e-02,  8.5540e-02],
        [ 2.8966e-04, -2.6071e-03],
        [-2.0708e-02,  1.8839e-02],
        [ 1.9214e-01, -1.9179e-01],
        [ 1.8394e-01, -1.8517e-01],
        [-8.8441e-02,  9.0082e-02],
        [-3.8880e-01,  3.8978e-01]], device='cuda:0', requires_grad=True)
alpha 1 is Parameter containing:
tensor([[-0.1259,  0.1244],
        [-0.0343,  0.0349],
        [ 0.0424, -0.0428],
        [-0.0409,  0.0418],
        [ 0.0968, -0.0966],
        [-0.0428,  0.0441],
        [-0.1629,  0.1611],
        [-0.0594,  0.0616],
        [ 0.0116, -0.0103],
        [ 0.0105, -0.0104],
        [-0.0451,  0.0462],
        [ 0.2056, -0.2056],
        [ 0.0019, -0.0023],
        [-0.0019,  0.0031]], device='cuda:0', requires_grad=True)
[036-050] Search: Model metrics  : loss=0.36, accuracy@1=87.34%, accuracy@5=99.60%, time-cost=5956.7 s
[036-050] Search: Architecture metrics  : loss=0.51, accuracy@1=83.04%, accuracy@5=99.00%
[036-050] Evaluation:  : loss=0.49, accuracy@1=83.66%, accuracy@5=99.19%
[036-050] Layer Alignment score:  normal: 0.0000, reduce: 0.0000
<<<--->>> The 036-050-th epoch : found the highest validation accuracy : 83.66%.
alpha 0 is Parameter containing:
tensor([[-0.0445,  0.0453],
        [-0.0918,  0.0922],
        [-0.1289,  0.1296],
        [-0.0996,  0.0996],
        [-0.0638,  0.0621],
        [-0.1049,  0.1044],
        [ 0.0018, -0.0017],
        [-0.0919,  0.0910],
        [-0.0012, -0.0011],
        [-0.0233,  0.0214],
        [ 0.1919, -0.1916],
        [ 0.1928, -0.1940],
        [-0.0905,  0.0921],
        [-0.3984,  0.3994]], device='cuda:0', requires_grad=True)
alpha 1 is Parameter containing:
tensor([[-1.3336e-01,  1.3184e-01],
        [-3.5678e-02,  3.6334e-02],
        [ 3.5442e-02, -3.5817e-02],
        [-4.9832e-02,  5.0657e-02],
        [ 9.6121e-02, -9.5922e-02],
        [-3.6186e-02,  3.7407e-02],
        [-1.6822e-01,  1.6641e-01],
        [-6.3581e-02,  6.5702e-02],
        [ 6.7923e-03, -5.4769e-03],
        [ 6.2766e-03, -6.2241e-03],
        [-4.4333e-02,  4.5404e-02],
        [ 2.1311e-01, -2.1312e-01],
        [ 4.6015e-05, -3.9567e-04],
        [-2.5009e-03,  3.7359e-03]], device='cuda:0', requires_grad=True)
[037-050] Search: Model metrics  : loss=0.35, accuracy@1=87.90%, accuracy@5=99.52%, time-cost=6150.7 s
[037-050] Search: Architecture metrics  : loss=0.52, accuracy@1=82.33%, accuracy@5=98.95%
[037-050] Evaluation:  : loss=0.48, accuracy@1=83.52%, accuracy@5=99.22%
[037-050] Layer Alignment score:  normal: 0.0000, reduce: 0.0000
alpha 0 is Parameter containing:
tensor([[-0.0496,  0.0504],
        [-0.0956,  0.0961],
        [-0.1366,  0.1373],
        [-0.1043,  0.1042],
        [-0.0775,  0.0758],
        [-0.1201,  0.1196],
        [ 0.0103, -0.0102],
        [-0.0941,  0.0932],
        [ 0.0012, -0.0035],
        [-0.0395,  0.0377],
        [ 0.1966, -0.1962],
        [ 0.1930, -0.1942],
        [-0.0875,  0.0891],
        [-0.4093,  0.4102]], device='cuda:0', requires_grad=True)
alpha 1 is Parameter containing:
tensor([[-0.1284,  0.1268],
        [-0.0336,  0.0342],
        [ 0.0423, -0.0427],
        [-0.0508,  0.0516],
        [ 0.1020, -0.1018],
        [-0.0281,  0.0293],
        [-0.1696,  0.1678],
        [-0.0646,  0.0668],
        [ 0.0066, -0.0053],
        [ 0.0164, -0.0164],
        [-0.0273,  0.0283],
        [ 0.2090, -0.2090],
        [ 0.0055, -0.0058],
        [-0.0004,  0.0017]], device='cuda:0', requires_grad=True)
[038-050] Search: Model metrics  : loss=0.35, accuracy@1=87.82%, accuracy@5=99.56%, time-cost=6344.5 s
[038-050] Search: Architecture metrics  : loss=0.50, accuracy@1=83.08%, accuracy@5=99.16%
[038-050] Evaluation:  : loss=0.48, accuracy@1=83.68%, accuracy@5=99.16%
[038-050] Layer Alignment score:  normal: 0.0000, reduce: 0.0000
<<<--->>> The 038-050-th epoch : found the highest validation accuracy : 83.68%.
alpha 0 is Parameter containing:
tensor([[-0.0490,  0.0498],
        [-0.0946,  0.0950],
        [-0.1370,  0.1377],
        [-0.0955,  0.0954],
        [-0.0693,  0.0676],
        [-0.1241,  0.1236],
        [ 0.0045, -0.0044],
        [-0.0956,  0.0947],
        [-0.0039,  0.0016],
        [-0.0338,  0.0320],
        [ 0.2095, -0.2091],
        [ 0.1993, -0.2005],
        [-0.0892,  0.0908],
        [-0.4176,  0.4186]], device='cuda:0', requires_grad=True)
alpha 1 is Parameter containing:
tensor([[-0.1284,  0.1269],
        [-0.0304,  0.0311],
        [ 0.0457, -0.0461],
        [-0.0649,  0.0658],
        [ 0.0972, -0.0970],
        [-0.0273,  0.0284],
        [-0.1795,  0.1778],
        [-0.0691,  0.0711],
        [ 0.0023, -0.0010],
        [ 0.0160, -0.0160],
        [-0.0340,  0.0350],
        [ 0.2096, -0.2096],
        [ 0.0100, -0.0103],
        [-0.0099,  0.0112]], device='cuda:0', requires_grad=True)
[039-050] Search: Model metrics  : loss=0.34, accuracy@1=88.06%, accuracy@5=99.57%, time-cost=6539.0 s
[039-050] Search: Architecture metrics  : loss=0.50, accuracy@1=83.10%, accuracy@5=99.13%
[039-050] Evaluation:  : loss=0.48, accuracy@1=83.61%, accuracy@5=99.16%
[039-050] Layer Alignment score:  normal: 0.0000, reduce: 0.0000
alpha 0 is Parameter containing:
tensor([[-0.0273,  0.0281],
        [-0.0898,  0.0902],
        [-0.1360,  0.1367],
        [-0.0901,  0.0900],
        [-0.0568,  0.0552],
        [-0.1126,  0.1121],
        [ 0.0097, -0.0095],
        [-0.0823,  0.0815],
        [-0.0007, -0.0016],
        [-0.0240,  0.0222],
        [ 0.2139, -0.2136],
        [ 0.2156, -0.2168],
        [-0.0820,  0.0836],
        [-0.4221,  0.4230]], device='cuda:0', requires_grad=True)
alpha 1 is Parameter containing:
tensor([[-0.1277,  0.1262],
        [-0.0384,  0.0390],
        [ 0.0454, -0.0457],
        [-0.0765,  0.0773],
        [ 0.0978, -0.0976],
        [-0.0254,  0.0266],
        [-0.1903,  0.1885],
        [-0.0610,  0.0631],
        [-0.0004,  0.0016],
        [ 0.0062, -0.0062],
        [-0.0422,  0.0432],
        [ 0.2115, -0.2116],
        [ 0.0201, -0.0205],
        [-0.0121,  0.0133]], device='cuda:0', requires_grad=True)
[040-050] Search: Model metrics  : loss=0.34, accuracy@1=88.04%, accuracy@5=99.58%, time-cost=6734.2 s
[040-050] Search: Architecture metrics  : loss=0.51, accuracy@1=82.96%, accuracy@5=99.08%
[040-050] Evaluation:  : loss=0.48, accuracy@1=84.11%, accuracy@5=99.22%
[040-050] Layer Alignment score:  normal: 0.0000, reduce: 0.0000
<<<--->>> The 040-050-th epoch : found the highest validation accuracy : 84.11%.
alpha 0 is Parameter containing:
tensor([[-0.0261,  0.0269],
        [-0.0895,  0.0900],
        [-0.1407,  0.1413],
        [-0.0913,  0.0912],
        [-0.0587,  0.0570],
        [-0.1161,  0.1156],
        [ 0.0106, -0.0105],
        [-0.0811,  0.0802],
        [ 0.0042, -0.0065],
        [-0.0271,  0.0252],
        [ 0.2189, -0.2186],
        [ 0.2231, -0.2243],
        [-0.0801,  0.0817],
        [-0.4312,  0.4321]], device='cuda:0', requires_grad=True)
alpha 1 is Parameter containing:
tensor([[-0.1237,  0.1222],
        [-0.0492,  0.0498],
        [ 0.0440, -0.0444],
        [-0.0620,  0.0628],
        [ 0.1022, -0.1020],
        [-0.0357,  0.0369],
        [-0.1924,  0.1906],
        [-0.0603,  0.0623],
        [-0.0019,  0.0032],
        [ 0.0014, -0.0013],
        [-0.0398,  0.0408],
        [ 0.2127, -0.2127],
        [ 0.0307, -0.0310],
        [-0.0110,  0.0122]], device='cuda:0', requires_grad=True)
[041-050] Search: Model metrics  : loss=0.34, accuracy@1=88.12%, accuracy@5=99.68%, time-cost=6928.6 s
[041-050] Search: Architecture metrics  : loss=0.51, accuracy@1=82.85%, accuracy@5=99.10%
[041-050] Evaluation:  : loss=0.49, accuracy@1=83.72%, accuracy@5=99.13%
[041-050] Layer Alignment score:  normal: 0.0000, reduce: 0.0000
alpha 0 is Parameter containing:
tensor([[-0.0243,  0.0251],
        [-0.0928,  0.0932],
        [-0.1443,  0.1450],
        [-0.1002,  0.1001],
        [-0.0442,  0.0425],
        [-0.1206,  0.1201],
        [ 0.0144, -0.0143],
        [-0.0808,  0.0800],
        [ 0.0030, -0.0052],
        [-0.0300,  0.0282],
        [ 0.2256, -0.2252],
        [ 0.2340, -0.2352],
        [-0.0848,  0.0864],
        [-0.4451,  0.4461]], device='cuda:0', requires_grad=True)
alpha 1 is Parameter containing:
tensor([[-0.1269,  0.1254],
        [-0.0526,  0.0532],
        [ 0.0479, -0.0482],
        [-0.0514,  0.0522],
        [ 0.1086, -0.1084],
        [-0.0347,  0.0358],
        [-0.1922,  0.1905],
        [-0.0538,  0.0558],
        [ 0.0002,  0.0010],
        [ 0.0099, -0.0098],
        [-0.0403,  0.0413],
        [ 0.2106, -0.2106],
        [ 0.0323, -0.0326],
        [-0.0156,  0.0168]], device='cuda:0', requires_grad=True)
[042-050] Search: Model metrics  : loss=0.34, accuracy@1=88.39%, accuracy@5=99.63%, time-cost=7123.4 s
[042-050] Search: Architecture metrics  : loss=0.50, accuracy@1=83.16%, accuracy@5=99.08%
[042-050] Evaluation:  : loss=0.49, accuracy@1=83.80%, accuracy@5=99.10%
[042-050] Layer Alignment score:  normal: 0.0000, reduce: 0.0000
alpha 0 is Parameter containing:
tensor([[-0.0260,  0.0268],
        [-0.0896,  0.0901],
        [-0.1438,  0.1445],
        [-0.1088,  0.1087],
        [-0.0426,  0.0409],
        [-0.1236,  0.1231],
        [ 0.0168, -0.0167],
        [-0.0776,  0.0767],
        [ 0.0085, -0.0107],
        [-0.0243,  0.0225],
        [ 0.2319, -0.2315],
        [ 0.2439, -0.2451],
        [-0.0878,  0.0894],
        [-0.4483,  0.4492]], device='cuda:0', requires_grad=True)
alpha 1 is Parameter containing:
tensor([[-0.1370,  0.1355],
        [-0.0621,  0.0627],
        [ 0.0458, -0.0462],
        [-0.0501,  0.0509],
        [ 0.1118, -0.1116],
        [-0.0439,  0.0450],
        [-0.2013,  0.1996],
        [-0.0588,  0.0608],
        [-0.0042,  0.0054],
        [ 0.0073, -0.0073],
        [-0.0390,  0.0400],
        [ 0.2182, -0.2182],
        [ 0.0313, -0.0316],
        [-0.0171,  0.0183]], device='cuda:0', requires_grad=True)
[043-050] Search: Model metrics  : loss=0.34, accuracy@1=88.09%, accuracy@5=99.62%, time-cost=7322.8 s
[043-050] Search: Architecture metrics  : loss=0.50, accuracy@1=83.31%, accuracy@5=99.14%
[043-050] Evaluation:  : loss=0.48, accuracy@1=83.47%, accuracy@5=99.19%
[043-050] Layer Alignment score:  normal: 0.0000, reduce: 0.0000
alpha 0 is Parameter containing:
tensor([[-0.0215,  0.0223],
        [-0.0912,  0.0916],
        [-0.1600,  0.1606],
        [-0.1116,  0.1115],
        [-0.0498,  0.0482],
        [-0.1322,  0.1317],
        [ 0.0101, -0.0099],
        [-0.0863,  0.0855],
        [ 0.0149, -0.0172],
        [-0.0233,  0.0215],
        [ 0.2409, -0.2406],
        [ 0.2433, -0.2445],
        [-0.0884,  0.0900],
        [-0.4641,  0.4651]], device='cuda:0', requires_grad=True)
alpha 1 is Parameter containing:
tensor([[-0.1386,  0.1371],
        [-0.0558,  0.0564],
        [ 0.0385, -0.0389],
        [-0.0534,  0.0541],
        [ 0.1139, -0.1137],
        [-0.0348,  0.0360],
        [-0.2002,  0.1986],
        [-0.0592,  0.0612],
        [-0.0244,  0.0257],
        [ 0.0106, -0.0106],
        [-0.0420,  0.0430],
        [ 0.2166, -0.2167],
        [ 0.0294, -0.0297],
        [-0.0160,  0.0172]], device='cuda:0', requires_grad=True)
[044-050] Search: Model metrics  : loss=0.34, accuracy@1=88.21%, accuracy@5=99.61%, time-cost=7519.5 s
[044-050] Search: Architecture metrics  : loss=0.51, accuracy@1=82.68%, accuracy@5=99.06%
[044-050] Evaluation:  : loss=0.48, accuracy@1=83.64%, accuracy@5=99.19%
[044-050] Layer Alignment score:  normal: 0.0000, reduce: 0.0000
alpha 0 is Parameter containing:
tensor([[-0.0145,  0.0153],
        [-0.1033,  0.1037],
        [-0.1610,  0.1617],
        [-0.1070,  0.1069],
        [-0.0449,  0.0432],
        [-0.1314,  0.1309],
        [ 0.0149, -0.0147],
        [-0.0797,  0.0789],
        [ 0.0092, -0.0114],
        [-0.0232,  0.0214],
        [ 0.2539, -0.2535],
        [ 0.2411, -0.2423],
        [-0.1003,  0.1019],
        [-0.4719,  0.4728]], device='cuda:0', requires_grad=True)
alpha 1 is Parameter containing:
tensor([[-0.1437,  0.1422],
        [-0.0543,  0.0550],
        [ 0.0377, -0.0380],
        [-0.0525,  0.0533],
        [ 0.1096, -0.1095],
        [-0.0350,  0.0361],
        [-0.2115,  0.2098],
        [-0.0565,  0.0584],
        [-0.0196,  0.0209],
        [ 0.0129, -0.0129],
        [-0.0462,  0.0471],
        [ 0.2257, -0.2257],
        [ 0.0258, -0.0262],
        [-0.0100,  0.0112]], device='cuda:0', requires_grad=True)
[045-050] Search: Model metrics  : loss=0.34, accuracy@1=88.19%, accuracy@5=99.65%, time-cost=7714.4 s
[045-050] Search: Architecture metrics  : loss=0.49, accuracy@1=83.43%, accuracy@5=99.07%
[045-050] Evaluation:  : loss=0.48, accuracy@1=83.67%, accuracy@5=99.22%
[045-050] Layer Alignment score:  normal: 0.0000, reduce: 0.0000
alpha 0 is Parameter containing:
tensor([[-0.0187,  0.0195],
        [-0.1056,  0.1060],
        [-0.1626,  0.1632],
        [-0.1009,  0.1008],
        [-0.0416,  0.0399],
        [-0.1396,  0.1391],
        [ 0.0218, -0.0216],
        [-0.0802,  0.0793],
        [ 0.0066, -0.0088],
        [-0.0208,  0.0190],
        [ 0.2639, -0.2635],
        [ 0.2509, -0.2521],
        [-0.1054,  0.1070],
        [-0.4745,  0.4754]], device='cuda:0', requires_grad=True)
alpha 1 is Parameter containing:
tensor([[-0.1467,  0.1453],
        [-0.0564,  0.0571],
        [ 0.0414, -0.0418],
        [-0.0489,  0.0497],
        [ 0.1133, -0.1131],
        [-0.0442,  0.0453],
        [-0.2117,  0.2101],
        [-0.0565,  0.0585],
        [-0.0108,  0.0120],
        [ 0.0132, -0.0131],
        [-0.0499,  0.0509],
        [ 0.2372, -0.2372],
        [ 0.0272, -0.0275],
        [-0.0058,  0.0070]], device='cuda:0', requires_grad=True)
[046-050] Search: Model metrics  : loss=0.34, accuracy@1=88.00%, accuracy@5=99.60%, time-cost=7910.6 s
[046-050] Search: Architecture metrics  : loss=0.49, accuracy@1=83.37%, accuracy@5=99.09%
[046-050] Evaluation:  : loss=0.48, accuracy@1=83.96%, accuracy@5=99.16%
[046-050] Layer Alignment score:  normal: 0.0000, reduce: 0.0000
alpha 0 is Parameter containing:
tensor([[-0.0226,  0.0234],
        [-0.1160,  0.1164],
        [-0.1724,  0.1731],
        [-0.1037,  0.1036],
        [-0.0402,  0.0386],
        [-0.1375,  0.1370],
        [ 0.0233, -0.0231],
        [-0.0763,  0.0755],
        [ 0.0167, -0.0190],
        [-0.0168,  0.0151],
        [ 0.2594, -0.2590],
        [ 0.2591, -0.2602],
        [-0.1075,  0.1091],
        [-0.4759,  0.4768]], device='cuda:0', requires_grad=True)
alpha 1 is Parameter containing:
tensor([[-0.1562,  0.1547],
        [-0.0570,  0.0577],
        [ 0.0510, -0.0514],
        [-0.0537,  0.0545],
        [ 0.1078, -0.1076],
        [-0.0416,  0.0427],
        [-0.2171,  0.2155],
        [-0.0598,  0.0618],
        [-0.0134,  0.0147],
        [ 0.0141, -0.0141],
        [-0.0559,  0.0569],
        [ 0.2426, -0.2426],
        [ 0.0248, -0.0251],
        [-0.0105,  0.0117]], device='cuda:0', requires_grad=True)
[047-050] Search: Model metrics  : loss=0.34, accuracy@1=88.38%, accuracy@5=99.68%, time-cost=8109.3 s
[047-050] Search: Architecture metrics  : loss=0.50, accuracy@1=83.23%, accuracy@5=99.10%
[047-050] Evaluation:  : loss=0.48, accuracy@1=83.66%, accuracy@5=99.21%
[047-050] Layer Alignment score:  normal: 0.0000, reduce: 0.0000
alpha 0 is Parameter containing:
tensor([[-0.0214,  0.0222],
        [-0.1267,  0.1272],
        [-0.1658,  0.1664],
        [-0.1119,  0.1118],
        [-0.0379,  0.0363],
        [-0.1356,  0.1351],
        [ 0.0312, -0.0311],
        [-0.0626,  0.0618],
        [ 0.0285, -0.0307],
        [-0.0161,  0.0143],
        [ 0.2718, -0.2715],
        [ 0.2715, -0.2726],
        [-0.1041,  0.1057],
        [-0.4792,  0.4801]], device='cuda:0', requires_grad=True)
alpha 1 is Parameter containing:
tensor([[-0.1581,  0.1566],
        [-0.0521,  0.0527],
        [ 0.0580, -0.0584],
        [-0.0682,  0.0689],
        [ 0.1101, -0.1099],
        [-0.0383,  0.0394],
        [-0.2174,  0.2158],
        [-0.0588,  0.0607],
        [-0.0102,  0.0114],
        [ 0.0196, -0.0195],
        [-0.0554,  0.0563],
        [ 0.2467, -0.2467],
        [ 0.0357, -0.0360],
        [-0.0055,  0.0066]], device='cuda:0', requires_grad=True)
[048-050] Search: Model metrics  : loss=0.33, accuracy@1=88.50%, accuracy@5=99.65%, time-cost=8304.3 s
[048-050] Search: Architecture metrics  : loss=0.51, accuracy@1=82.76%, accuracy@5=99.07%
[048-050] Evaluation:  : loss=0.48, accuracy@1=83.95%, accuracy@5=99.19%
[048-050] Layer Alignment score:  normal: 0.0000, reduce: 0.0000
alpha 0 is Parameter containing:
tensor([[-0.0187,  0.0195],
        [-0.1270,  0.1274],
        [-0.1574,  0.1580],
        [-0.1065,  0.1064],
        [-0.0272,  0.0256],
        [-0.1331,  0.1327],
        [ 0.0352, -0.0351],
        [-0.0665,  0.0657],
        [ 0.0209, -0.0231],
        [-0.0044,  0.0026],
        [ 0.2910, -0.2907],
        [ 0.2760, -0.2771],
        [-0.0998,  0.1014],
        [-0.4851,  0.4860]], device='cuda:0', requires_grad=True)
alpha 1 is Parameter containing:
tensor([[-0.1648,  0.1634],
        [-0.0569,  0.0575],
        [ 0.0649, -0.0652],
        [-0.0640,  0.0648],
        [ 0.1121, -0.1119],
        [-0.0386,  0.0397],
        [-0.2251,  0.2235],
        [-0.0542,  0.0561],
        [-0.0043,  0.0055],
        [ 0.0200, -0.0200],
        [-0.0497,  0.0506],
        [ 0.2588, -0.2588],
        [ 0.0385, -0.0388],
        [ 0.0058, -0.0047]], device='cuda:0', requires_grad=True)
[049-050] Search: Model metrics  : loss=0.33, accuracy@1=88.26%, accuracy@5=99.60%, time-cost=8503.6 s
[049-050] Search: Architecture metrics  : loss=0.51, accuracy@1=82.91%, accuracy@5=99.06%
[049-050] Evaluation:  : loss=0.48, accuracy@1=83.91%, accuracy@5=99.25%
[049-050] Layer Alignment score:  normal: 0.0000, reduce: 0.0000
alpha 0 is Parameter containing:
tensor([[-0.0176,  0.0184],
        [-0.1280,  0.1284],
        [-0.1602,  0.1608],
        [-0.1072,  0.1071],
        [-0.0305,  0.0288],
        [-0.1386,  0.1381],
        [ 0.0406, -0.0405],
        [-0.0643,  0.0635],
        [ 0.0304, -0.0325],
        [ 0.0091, -0.0108],
        [ 0.3015, -0.3012],
        [ 0.2792, -0.2804],
        [-0.0978,  0.0993],
        [-0.4879,  0.4888]], device='cuda:0', requires_grad=True)
alpha 1 is Parameter containing:
tensor([[-0.1659,  0.1645],
        [-0.0611,  0.0617],
        [ 0.0655, -0.0659],
        [-0.0668,  0.0675],
        [ 0.1138, -0.1136],
        [-0.0402,  0.0412],
        [-0.2361,  0.2346],
        [-0.0533,  0.0552],
        [-0.0047,  0.0059],
        [ 0.0152, -0.0152],
        [-0.0430,  0.0439],
        [ 0.2624, -0.2624],
        [ 0.0436, -0.0439],
        [ 0.0051, -0.0040]], device='cuda:0', requires_grad=True)
[050-050] Search: Model metrics  : loss=0.34, accuracy@1=88.34%, accuracy@5=99.66%, time-cost=8700.0 s
[050-050] Search: Architecture metrics  : loss=0.50, accuracy@1=83.09%, accuracy@5=99.16%
[050-050] Evaluation:  : loss=0.48, accuracy@1=83.65%, accuracy@5=99.19%
[050-050] Layer Alignment score:  normal: 0.0000, reduce: 0.0000
alpha 0 is Parameter containing:
tensor([[-0.0286,  0.0294],
        [-0.1307,  0.1311],
        [-0.1739,  0.1745],
        [-0.1059,  0.1058],
        [-0.0306,  0.0290],
        [-0.1468,  0.1464],
        [ 0.0418, -0.0417],
        [-0.0657,  0.0649],
        [ 0.0264, -0.0285],
        [ 0.0038, -0.0055],
        [ 0.3110, -0.3107],
        [ 0.2835, -0.2846],
        [-0.0954,  0.0970],
        [-0.5016,  0.5025]], device='cuda:0', requires_grad=True)
alpha 1 is Parameter containing:
tensor([[-0.1800,  0.1786],
        [-0.0480,  0.0487],
        [ 0.0632, -0.0635],
        [-0.0650,  0.0657],
        [ 0.1289, -0.1288],
        [-0.0344,  0.0354],
        [-0.2284,  0.2269],
        [-0.0611,  0.0630],
        [-0.0110,  0.0122],
        [ 0.0070, -0.0070],
        [-0.0473,  0.0482],
        [ 0.2684, -0.2684],
        [ 0.0277, -0.0280],
        [ 0.0041, -0.0030]], device='cuda:0', requires_grad=True)
