Files already downloaded and verified
Files already downloaded and verified
[001-050] Search: Model metrics  : loss=2.01, accuracy@1=21.96%, accuracy@5=74.64%, time-cost=138.6 s
[001-050] Search: Architecture metrics  : loss=2.00, accuracy@1=22.31%, accuracy@5=75.16%
[001-050] Evaluation:  : loss=1.76, accuracy@1=32.55%, accuracy@5=86.62%
<<<--->>> The 001-050-th epoch : found the highest validation accuracy : 32.55%.
alpha 0 is Parameter containing:
tensor([[-0.0444,  0.0433],
        [-0.0086,  0.0087],
        [-0.0331,  0.0330],
        [-0.0090,  0.0099],
        [-0.0238,  0.0266],
        [-0.0432,  0.0434],
        [-0.0198,  0.0193],
        [-0.0085,  0.0108],
        [-0.0004,  0.0005],
        [-0.0346,  0.0351],
        [-0.0133,  0.0130],
        [-0.0149,  0.0134],
        [-0.0096,  0.0093],
        [-0.0007,  0.0004]], device='cuda:0', requires_grad=True)
alpha 1 is Parameter containing:
tensor([[-4.6385e-02,  4.5473e-02],
        [-1.4844e-02,  1.2224e-02],
        [-3.4375e-02,  3.4510e-02],
        [-2.8685e-02,  2.8707e-02],
        [-1.5956e-02,  1.7650e-02],
        [-1.9019e-02,  2.0003e-02],
        [-2.5433e-02,  2.4153e-02],
        [-2.1888e-02,  2.1821e-02],
        [-2.3449e-05, -7.2367e-04],
        [-2.8298e-02,  2.8636e-02],
        [-4.3153e-03,  3.3081e-03],
        [-1.2451e-02,  1.3380e-02],
        [-1.4201e-02,  1.3765e-02],
        [ 3.8507e-03, -3.1341e-03]], device='cuda:0', requires_grad=True)
[002-050] Search: Model metrics  : loss=1.64, accuracy@1=38.08%, accuracy@5=88.80%, time-cost=273.2 s
[002-050] Search: Architecture metrics  : loss=1.65, accuracy@1=37.60%, accuracy@5=89.05%
[002-050] Evaluation:  : loss=1.60, accuracy@1=40.26%, accuracy@5=89.71%
<<<--->>> The 002-050-th epoch : found the highest validation accuracy : 40.26%.
alpha 0 is Parameter containing:
tensor([[-0.0834,  0.0822],
        [-0.0270,  0.0271],
        [-0.0504,  0.0503],
        [-0.0324,  0.0333],
        [-0.0302,  0.0330],
        [-0.0541,  0.0542],
        [-0.0371,  0.0366],
        [-0.0177,  0.0199],
        [ 0.0011, -0.0010],
        [-0.0367,  0.0372],
        [-0.0315,  0.0312],
        [-0.0262,  0.0246],
        [-0.0280,  0.0277],
        [-0.0089,  0.0086]], device='cuda:0', requires_grad=True)
alpha 1 is Parameter containing:
tensor([[-0.0789,  0.0780],
        [-0.0242,  0.0216],
        [-0.0605,  0.0607],
        [-0.0382,  0.0382],
        [-0.0352,  0.0369],
        [-0.0528,  0.0538],
        [-0.0293,  0.0281],
        [-0.0436,  0.0435],
        [-0.0267,  0.0260],
        [-0.0529,  0.0533],
        [-0.0099,  0.0089],
        [-0.0238,  0.0247],
        [-0.0281,  0.0277],
        [-0.0118,  0.0125]], device='cuda:0', requires_grad=True)
[003-050] Search: Model metrics  : loss=1.39, accuracy@1=48.84%, accuracy@5=92.72%, time-cost=409.9 s
[003-050] Search: Architecture metrics  : loss=1.39, accuracy@1=48.59%, accuracy@5=93.03%
[003-050] Evaluation:  : loss=1.31, accuracy@1=53.07%, accuracy@5=93.92%
<<<--->>> The 003-050-th epoch : found the highest validation accuracy : 53.07%.
alpha 0 is Parameter containing:
tensor([[-0.1334,  0.1323],
        [-0.0778,  0.0780],
        [-0.0749,  0.0748],
        [-0.0621,  0.0629],
        [-0.0600,  0.0628],
        [-0.0808,  0.0809],
        [-0.0778,  0.0773],
        [-0.0425,  0.0448],
        [-0.0155,  0.0156],
        [-0.0557,  0.0561],
        [-0.0455,  0.0452],
        [-0.0606,  0.0590],
        [-0.0451,  0.0448],
        [-0.0223,  0.0221]], device='cuda:0', requires_grad=True)
alpha 1 is Parameter containing:
tensor([[-0.1186,  0.1177],
        [-0.0451,  0.0425],
        [-0.0937,  0.0938],
        [-0.0726,  0.0726],
        [-0.0567,  0.0583],
        [-0.0818,  0.0828],
        [-0.0529,  0.0516],
        [-0.0594,  0.0594],
        [-0.0501,  0.0493],
        [-0.0867,  0.0870],
        [-0.0346,  0.0337],
        [-0.0328,  0.0337],
        [-0.0506,  0.0502],
        [-0.0358,  0.0365]], device='cuda:0', requires_grad=True)
[004-050] Search: Model metrics  : loss=1.20, accuracy@1=56.43%, accuracy@5=95.24%, time-cost=545.5 s
[004-050] Search: Architecture metrics  : loss=1.21, accuracy@1=56.30%, accuracy@5=95.15%
[004-050] Evaluation:  : loss=1.17, accuracy@1=57.98%, accuracy@5=95.17%
<<<--->>> The 004-050-th epoch : found the highest validation accuracy : 57.98%.
alpha 0 is Parameter containing:
tensor([[-0.1744,  0.1732],
        [-0.0978,  0.0980],
        [-0.1159,  0.1158],
        [-0.0812,  0.0820],
        [-0.0531,  0.0559],
        [-0.0942,  0.0943],
        [-0.0971,  0.0966],
        [-0.0505,  0.0527],
        [-0.0210,  0.0211],
        [-0.0711,  0.0716],
        [-0.0596,  0.0593],
        [-0.0744,  0.0729],
        [-0.0544,  0.0541],
        [-0.0371,  0.0368]], device='cuda:0', requires_grad=True)
alpha 1 is Parameter containing:
tensor([[-0.1585,  0.1576],
        [-0.0681,  0.0655],
        [-0.1375,  0.1376],
        [-0.0804,  0.0804],
        [-0.0684,  0.0700],
        [-0.1128,  0.1138],
        [-0.0515,  0.0503],
        [-0.0743,  0.0743],
        [-0.0642,  0.0635],
        [-0.1301,  0.1304],
        [-0.0320,  0.0310],
        [-0.0432,  0.0440],
        [-0.0515,  0.0511],
        [-0.0541,  0.0547]], device='cuda:0', requires_grad=True)
[005-050] Search: Model metrics  : loss=1.08, accuracy@1=61.20%, accuracy@5=96.20%, time-cost=683.0 s
[005-050] Search: Architecture metrics  : loss=1.08, accuracy@1=61.03%, accuracy@5=96.18%
[005-050] Evaluation:  : loss=1.04, accuracy@1=62.95%, accuracy@5=96.63%
<<<--->>> The 005-050-th epoch : found the highest validation accuracy : 62.95%.
alpha 0 is Parameter containing:
tensor([[-0.2162,  0.2151],
        [-0.1332,  0.1333],
        [-0.1506,  0.1505],
        [-0.0963,  0.0971],
        [-0.0673,  0.0700],
        [-0.1132,  0.1133],
        [-0.1361,  0.1357],
        [-0.0758,  0.0780],
        [-0.0336,  0.0337],
        [-0.1006,  0.1010],
        [-0.0768,  0.0765],
        [-0.1066,  0.1051],
        [-0.0823,  0.0820],
        [-0.0624,  0.0622]], device='cuda:0', requires_grad=True)
alpha 1 is Parameter containing:
tensor([[-0.1868,  0.1859],
        [-0.0893,  0.0868],
        [-0.1621,  0.1622],
        [-0.1023,  0.1023],
        [-0.0853,  0.0869],
        [-0.1416,  0.1425],
        [-0.0595,  0.0583],
        [-0.0975,  0.0974],
        [-0.0892,  0.0885],
        [-0.1542,  0.1545],
        [-0.0378,  0.0369],
        [-0.0600,  0.0608],
        [-0.0620,  0.0616],
        [-0.0623,  0.0630]], device='cuda:0', requires_grad=True)
[006-050] Search: Model metrics  : loss=1.00, accuracy@1=64.32%, accuracy@5=96.91%, time-cost=820.0 s
[006-050] Search: Architecture metrics  : loss=1.02, accuracy@1=63.34%, accuracy@5=96.59%
[006-050] Evaluation:  : loss=1.00, accuracy@1=63.96%, accuracy@5=97.00%
<<<--->>> The 006-050-th epoch : found the highest validation accuracy : 63.96%.
alpha 0 is Parameter containing:
tensor([[-0.2457,  0.2446],
        [-0.1679,  0.1680],
        [-0.1759,  0.1758],
        [-0.1106,  0.1114],
        [-0.0779,  0.0807],
        [-0.1113,  0.1115],
        [-0.1686,  0.1681],
        [-0.0793,  0.0815],
        [-0.0412,  0.0413],
        [-0.1236,  0.1240],
        [-0.0910,  0.0907],
        [-0.1395,  0.1380],
        [-0.0939,  0.0936],
        [-0.0711,  0.0709]], device='cuda:0', requires_grad=True)
alpha 1 is Parameter containing:
tensor([[-0.2198,  0.2190],
        [-0.1136,  0.1111],
        [-0.1970,  0.1971],
        [-0.1182,  0.1182],
        [-0.0977,  0.0993],
        [-0.1562,  0.1571],
        [-0.0677,  0.0665],
        [-0.1053,  0.1052],
        [-0.1041,  0.1034],
        [-0.1761,  0.1764],
        [-0.0504,  0.0495],
        [-0.0653,  0.0661],
        [-0.0577,  0.0573],
        [-0.0727,  0.0733]], device='cuda:0', requires_grad=True)
[007-050] Search: Model metrics  : loss=0.93, accuracy@1=66.38%, accuracy@5=97.14%, time-cost=956.8 s
[007-050] Search: Architecture metrics  : loss=0.96, accuracy@1=65.80%, accuracy@5=97.13%
[007-050] Evaluation:  : loss=0.92, accuracy@1=67.46%, accuracy@5=97.34%
<<<--->>> The 007-050-th epoch : found the highest validation accuracy : 67.46%.
alpha 0 is Parameter containing:
tensor([[-0.2625,  0.2614],
        [-0.2061,  0.2062],
        [-0.2060,  0.2059],
        [-0.1391,  0.1399],
        [-0.1006,  0.1033],
        [-0.1155,  0.1156],
        [-0.2033,  0.2028],
        [-0.0939,  0.0960],
        [-0.0452,  0.0454],
        [-0.1409,  0.1414],
        [-0.1144,  0.1141],
        [-0.1612,  0.1598],
        [-0.1091,  0.1088],
        [-0.0806,  0.0804]], device='cuda:0', requires_grad=True)
alpha 1 is Parameter containing:
tensor([[-0.2608,  0.2599],
        [-0.1487,  0.1462],
        [-0.2216,  0.2218],
        [-0.1383,  0.1383],
        [-0.1234,  0.1249],
        [-0.1801,  0.1810],
        [-0.0730,  0.0718],
        [-0.1214,  0.1213],
        [-0.1263,  0.1256],
        [-0.1953,  0.1956],
        [-0.0523,  0.0514],
        [-0.0728,  0.0737],
        [-0.0694,  0.0690],
        [-0.0798,  0.0805]], device='cuda:0', requires_grad=True)
[008-050] Search: Model metrics  : loss=0.88, accuracy@1=68.83%, accuracy@5=97.61%, time-cost=1093.5 s
[008-050] Search: Architecture metrics  : loss=0.90, accuracy@1=67.97%, accuracy@5=97.49%
[008-050] Evaluation:  : loss=0.85, accuracy@1=69.77%, accuracy@5=97.92%
<<<--->>> The 008-050-th epoch : found the highest validation accuracy : 69.77%.
alpha 0 is Parameter containing:
tensor([[-0.2962,  0.2951],
        [-0.2403,  0.2404],
        [-0.2267,  0.2266],
        [-0.1533,  0.1541],
        [-0.1087,  0.1114],
        [-0.1338,  0.1340],
        [-0.2267,  0.2263],
        [-0.1198,  0.1219],
        [-0.0547,  0.0549],
        [-0.1627,  0.1632],
        [-0.1232,  0.1229],
        [-0.1866,  0.1851],
        [-0.1266,  0.1263],
        [-0.1019,  0.1016]], device='cuda:0', requires_grad=True)
alpha 1 is Parameter containing:
tensor([[-0.2928,  0.2920],
        [-0.1723,  0.1698],
        [-0.2396,  0.2398],
        [-0.1580,  0.1580],
        [-0.1354,  0.1369],
        [-0.2031,  0.2040],
        [-0.1044,  0.1032],
        [-0.1346,  0.1345],
        [-0.1459,  0.1453],
        [-0.2111,  0.2114],
        [-0.0742,  0.0734],
        [-0.0874,  0.0883],
        [-0.0768,  0.0764],
        [-0.0930,  0.0936]], device='cuda:0', requires_grad=True)
[009-050] Search: Model metrics  : loss=0.81, accuracy@1=71.39%, accuracy@5=97.87%, time-cost=1229.8 s
[009-050] Search: Architecture metrics  : loss=0.83, accuracy@1=70.46%, accuracy@5=97.84%
[009-050] Evaluation:  : loss=0.88, accuracy@1=69.55%, accuracy@5=97.46%
alpha 0 is Parameter containing:
tensor([[-0.3217,  0.3205],
        [-0.2633,  0.2635],
        [-0.2621,  0.2620],
        [-0.1742,  0.1750],
        [-0.1199,  0.1226],
        [-0.1427,  0.1429],
        [-0.2604,  0.2600],
        [-0.1233,  0.1254],
        [-0.0606,  0.0608],
        [-0.1786,  0.1791],
        [-0.1534,  0.1531],
        [-0.2017,  0.2003],
        [-0.1417,  0.1415],
        [-0.1151,  0.1149]], device='cuda:0', requires_grad=True)
alpha 1 is Parameter containing:
tensor([[-0.3334,  0.3326],
        [-0.1941,  0.1917],
        [-0.2720,  0.2721],
        [-0.1711,  0.1711],
        [-0.1563,  0.1578],
        [-0.2135,  0.2144],
        [-0.1171,  0.1159],
        [-0.1443,  0.1442],
        [-0.1595,  0.1588],
        [-0.2317,  0.2320],
        [-0.0816,  0.0807],
        [-0.0993,  0.1001],
        [-0.0874,  0.0870],
        [-0.0976,  0.0982]], device='cuda:0', requires_grad=True)
[010-050] Search: Model metrics  : loss=0.77, accuracy@1=72.83%, accuracy@5=98.22%, time-cost=1365.1 s
[010-050] Search: Architecture metrics  : loss=0.80, accuracy@1=71.81%, accuracy@5=98.04%
[010-050] Evaluation:  : loss=0.80, accuracy@1=72.09%, accuracy@5=98.04%
<<<--->>> The 010-050-th epoch : found the highest validation accuracy : 72.09%.
alpha 0 is Parameter containing:
tensor([[-0.3377,  0.3366],
        [-0.2958,  0.2960],
        [-0.2816,  0.2815],
        [-0.1780,  0.1788],
        [-0.1372,  0.1399],
        [-0.1501,  0.1502],
        [-0.2882,  0.2877],
        [-0.1369,  0.1390],
        [-0.0644,  0.0645],
        [-0.1858,  0.1862],
        [-0.1717,  0.1714],
        [-0.2158,  0.2144],
        [-0.1480,  0.1477],
        [-0.1200,  0.1198]], device='cuda:0', requires_grad=True)
alpha 1 is Parameter containing:
tensor([[-0.3618,  0.3610],
        [-0.2212,  0.2188],
        [-0.2965,  0.2966],
        [-0.1953,  0.1953],
        [-0.1767,  0.1782],
        [-0.2182,  0.2191],
        [-0.1362,  0.1351],
        [-0.1476,  0.1475],
        [-0.1726,  0.1719],
        [-0.2494,  0.2497],
        [-0.0829,  0.0820],
        [-0.1202,  0.1210],
        [-0.0954,  0.0950],
        [-0.1060,  0.1066]], device='cuda:0', requires_grad=True)
[011-050] Search: Model metrics  : loss=0.72, accuracy@1=74.89%, accuracy@5=98.36%, time-cost=1501.2 s
[011-050] Search: Architecture metrics  : loss=0.77, accuracy@1=73.19%, accuracy@5=98.16%
[011-050] Evaluation:  : loss=0.74, accuracy@1=74.10%, accuracy@5=98.35%
<<<--->>> The 011-050-th epoch : found the highest validation accuracy : 74.10%.
alpha 0 is Parameter containing:
tensor([[-0.3647,  0.3636],
        [-0.3165,  0.3166],
        [-0.3005,  0.3005],
        [-0.1866,  0.1874],
        [-0.1457,  0.1484],
        [-0.1600,  0.1602],
        [-0.3014,  0.3010],
        [-0.1506,  0.1526],
        [-0.0827,  0.0828],
        [-0.1956,  0.1960],
        [-0.1941,  0.1938],
        [-0.2255,  0.2240],
        [-0.1587,  0.1585],
        [-0.1240,  0.1238]], device='cuda:0', requires_grad=True)
alpha 1 is Parameter containing:
tensor([[-0.4038,  0.4029],
        [-0.2364,  0.2340],
        [-0.3300,  0.3301],
        [-0.2108,  0.2108],
        [-0.1958,  0.1973],
        [-0.2370,  0.2379],
        [-0.1433,  0.1422],
        [-0.1674,  0.1674],
        [-0.1931,  0.1924],
        [-0.2544,  0.2547],
        [-0.0830,  0.0822],
        [-0.1300,  0.1307],
        [-0.1051,  0.1047],
        [-0.1177,  0.1183]], device='cuda:0', requires_grad=True)
[012-050] Search: Model metrics  : loss=0.68, accuracy@1=76.27%, accuracy@5=98.57%, time-cost=1638.2 s
[012-050] Search: Architecture metrics  : loss=0.72, accuracy@1=74.74%, accuracy@5=98.36%
[012-050] Evaluation:  : loss=0.73, accuracy@1=74.63%, accuracy@5=98.29%
<<<--->>> The 012-050-th epoch : found the highest validation accuracy : 74.63%.
alpha 0 is Parameter containing:
tensor([[-0.3942,  0.3931],
        [-0.3455,  0.3456],
        [-0.3105,  0.3104],
        [-0.2068,  0.2076],
        [-0.1624,  0.1650],
        [-0.1567,  0.1569],
        [-0.3297,  0.3293],
        [-0.1757,  0.1777],
        [-0.0915,  0.0916],
        [-0.1996,  0.2001],
        [-0.2091,  0.2088],
        [-0.2219,  0.2205],
        [-0.1808,  0.1806],
        [-0.1379,  0.1377]], device='cuda:0', requires_grad=True)
alpha 1 is Parameter containing:
tensor([[-0.4499,  0.4490],
        [-0.2535,  0.2511],
        [-0.3594,  0.3595],
        [-0.2402,  0.2402],
        [-0.2289,  0.2304],
        [-0.2508,  0.2517],
        [-0.1582,  0.1571],
        [-0.1785,  0.1784],
        [-0.1976,  0.1970],
        [-0.2621,  0.2624],
        [-0.0764,  0.0756],
        [-0.1442,  0.1450],
        [-0.1136,  0.1132],
        [-0.1235,  0.1240]], device='cuda:0', requires_grad=True)
[013-050] Search: Model metrics  : loss=0.64, accuracy@1=77.65%, accuracy@5=98.77%, time-cost=1775.2 s
[013-050] Search: Architecture metrics  : loss=0.70, accuracy@1=75.81%, accuracy@5=98.45%
[013-050] Evaluation:  : loss=0.71, accuracy@1=75.45%, accuracy@5=98.25%
<<<--->>> The 013-050-th epoch : found the highest validation accuracy : 75.45%.
alpha 0 is Parameter containing:
tensor([[-0.4170,  0.4159],
        [-0.3589,  0.3591],
        [-0.3286,  0.3286],
        [-0.2177,  0.2185],
        [-0.1651,  0.1677],
        [-0.1587,  0.1588],
        [-0.3506,  0.3502],
        [-0.1773,  0.1793],
        [-0.1044,  0.1045],
        [-0.2061,  0.2066],
        [-0.2174,  0.2171],
        [-0.2191,  0.2177],
        [-0.1866,  0.1863],
        [-0.1496,  0.1494]], device='cuda:0', requires_grad=True)
alpha 1 is Parameter containing:
tensor([[-0.4923,  0.4915],
        [-0.2755,  0.2731],
        [-0.3911,  0.3913],
        [-0.2448,  0.2448],
        [-0.2455,  0.2470],
        [-0.2620,  0.2628],
        [-0.1792,  0.1781],
        [-0.1941,  0.1941],
        [-0.2154,  0.2148],
        [-0.2708,  0.2711],
        [-0.0810,  0.0801],
        [-0.1711,  0.1719],
        [-0.1198,  0.1195],
        [-0.1279,  0.1284]], device='cuda:0', requires_grad=True)
[014-050] Search: Model metrics  : loss=0.60, accuracy@1=79.33%, accuracy@5=98.94%, time-cost=1910.9 s
[014-050] Search: Architecture metrics  : loss=0.66, accuracy@1=77.11%, accuracy@5=98.55%
[014-050] Evaluation:  : loss=0.67, accuracy@1=77.19%, accuracy@5=98.44%
<<<--->>> The 014-050-th epoch : found the highest validation accuracy : 77.19%.
alpha 0 is Parameter containing:
tensor([[-0.4309,  0.4298],
        [-0.3750,  0.3751],
        [-0.3476,  0.3475],
        [-0.2254,  0.2262],
        [-0.1801,  0.1827],
        [-0.1670,  0.1672],
        [-0.3680,  0.3675],
        [-0.1883,  0.1903],
        [-0.1131,  0.1132],
        [-0.2094,  0.2099],
        [-0.2239,  0.2236],
        [-0.2278,  0.2264],
        [-0.1823,  0.1821],
        [-0.1528,  0.1526]], device='cuda:0', requires_grad=True)
alpha 1 is Parameter containing:
tensor([[-0.5197,  0.5189],
        [-0.3024,  0.3001],
        [-0.4155,  0.4156],
        [-0.2610,  0.2610],
        [-0.2538,  0.2552],
        [-0.2622,  0.2631],
        [-0.1946,  0.1935],
        [-0.2228,  0.2228],
        [-0.2296,  0.2290],
        [-0.2925,  0.2928],
        [-0.0964,  0.0956],
        [-0.1805,  0.1812],
        [-0.1215,  0.1212],
        [-0.1446,  0.1451]], device='cuda:0', requires_grad=True)
[015-050] Search: Model metrics  : loss=0.57, accuracy@1=80.17%, accuracy@5=98.98%, time-cost=2047.5 s
[015-050] Search: Architecture metrics  : loss=0.63, accuracy@1=78.19%, accuracy@5=98.72%
[015-050] Evaluation:  : loss=0.61, accuracy@1=79.02%, accuracy@5=98.72%
<<<--->>> The 015-050-th epoch : found the highest validation accuracy : 79.02%.
alpha 0 is Parameter containing:
tensor([[-0.4514,  0.4503],
        [-0.3793,  0.3794],
        [-0.3694,  0.3693],
        [-0.2350,  0.2358],
        [-0.1839,  0.1864],
        [-0.1707,  0.1708],
        [-0.3894,  0.3890],
        [-0.1847,  0.1866],
        [-0.1167,  0.1168],
        [-0.2111,  0.2115],
        [-0.2351,  0.2348],
        [-0.2275,  0.2261],
        [-0.1870,  0.1868],
        [-0.1613,  0.1611]], device='cuda:0', requires_grad=True)
alpha 1 is Parameter containing:
tensor([[-0.5518,  0.5510],
        [-0.3198,  0.3175],
        [-0.4356,  0.4357],
        [-0.2839,  0.2839],
        [-0.2713,  0.2727],
        [-0.2657,  0.2665],
        [-0.1929,  0.1918],
        [-0.2335,  0.2335],
        [-0.2510,  0.2504],
        [-0.3076,  0.3079],
        [-0.0967,  0.0959],
        [-0.1998,  0.2005],
        [-0.1384,  0.1381],
        [-0.1431,  0.1437]], device='cuda:0', requires_grad=True)
[016-050] Search: Model metrics  : loss=0.55, accuracy@1=81.06%, accuracy@5=99.07%, time-cost=2183.6 s
[016-050] Search: Architecture metrics  : loss=0.63, accuracy@1=78.21%, accuracy@5=98.73%
[016-050] Evaluation:  : loss=0.60, accuracy@1=79.18%, accuracy@5=98.79%
<<<--->>> The 016-050-th epoch : found the highest validation accuracy : 79.18%.
alpha 0 is Parameter containing:
tensor([[-0.4585,  0.4574],
        [-0.3957,  0.3958],
        [-0.3679,  0.3678],
        [-0.2401,  0.2409],
        [-0.1900,  0.1925],
        [-0.1637,  0.1638],
        [-0.4031,  0.4027],
        [-0.1885,  0.1905],
        [-0.1333,  0.1334],
        [-0.2163,  0.2167],
        [-0.2462,  0.2459],
        [-0.2302,  0.2289],
        [-0.1798,  0.1796],
        [-0.1714,  0.1712]], device='cuda:0', requires_grad=True)
alpha 1 is Parameter containing:
tensor([[-0.5860,  0.5852],
        [-0.3355,  0.3332],
        [-0.4634,  0.4635],
        [-0.2999,  0.2999],
        [-0.2863,  0.2877],
        [-0.2588,  0.2597],
        [-0.2061,  0.2050],
        [-0.2368,  0.2367],
        [-0.2531,  0.2525],
        [-0.3235,  0.3238],
        [-0.1041,  0.1033],
        [-0.2179,  0.2187],
        [-0.1485,  0.1481],
        [-0.1506,  0.1512]], device='cuda:0', requires_grad=True)
[017-050] Search: Model metrics  : loss=0.52, accuracy@1=81.86%, accuracy@5=99.16%, time-cost=2321.3 s
[017-050] Search: Architecture metrics  : loss=0.61, accuracy@1=79.12%, accuracy@5=98.93%
[017-050] Evaluation:  : loss=0.59, accuracy@1=79.04%, accuracy@5=99.04%
alpha 0 is Parameter containing:
tensor([[-0.4671,  0.4660],
        [-0.3997,  0.3998],
        [-0.3815,  0.3814],
        [-0.2328,  0.2336],
        [-0.1939,  0.1964],
        [-0.1670,  0.1672],
        [-0.4203,  0.4199],
        [-0.1972,  0.1991],
        [-0.1319,  0.1320],
        [-0.2285,  0.2290],
        [-0.2466,  0.2463],
        [-0.2248,  0.2235],
        [-0.1767,  0.1765],
        [-0.1820,  0.1818]], device='cuda:0', requires_grad=True)
alpha 1 is Parameter containing:
tensor([[-0.6198,  0.6190],
        [-0.3461,  0.3438],
        [-0.4824,  0.4825],
        [-0.3199,  0.3199],
        [-0.2879,  0.2893],
        [-0.2717,  0.2725],
        [-0.2294,  0.2284],
        [-0.2356,  0.2355],
        [-0.2550,  0.2544],
        [-0.3422,  0.3424],
        [-0.1021,  0.1014],
        [-0.2382,  0.2390],
        [-0.1553,  0.1550],
        [-0.1537,  0.1543]], device='cuda:0', requires_grad=True)
[018-050] Search: Model metrics  : loss=0.49, accuracy@1=82.63%, accuracy@5=99.31%, time-cost=2458.5 s
[018-050] Search: Architecture metrics  : loss=0.58, accuracy@1=80.24%, accuracy@5=98.90%
[018-050] Evaluation:  : loss=0.59, accuracy@1=79.59%, accuracy@5=98.77%
<<<--->>> The 018-050-th epoch : found the highest validation accuracy : 79.59%.
alpha 0 is Parameter containing:
tensor([[-0.4860,  0.4849],
        [-0.3971,  0.3973],
        [-0.3860,  0.3860],
        [-0.2402,  0.2410],
        [-0.1868,  0.1893],
        [-0.1722,  0.1723],
        [-0.4284,  0.4280],
        [-0.2030,  0.2049],
        [-0.1468,  0.1469],
        [-0.2285,  0.2290],
        [-0.2460,  0.2457],
        [-0.2227,  0.2214],
        [-0.1768,  0.1766],
        [-0.1736,  0.1734]], device='cuda:0', requires_grad=True)
alpha 1 is Parameter containing:
tensor([[-0.6445,  0.6437],
        [-0.3524,  0.3502],
        [-0.4860,  0.4861],
        [-0.3492,  0.3492],
        [-0.2892,  0.2906],
        [-0.2864,  0.2872],
        [-0.2422,  0.2412],
        [-0.2548,  0.2547],
        [-0.2669,  0.2664],
        [-0.3570,  0.3573],
        [-0.0893,  0.0885],
        [-0.2533,  0.2540],
        [-0.1706,  0.1703],
        [-0.1648,  0.1653]], device='cuda:0', requires_grad=True)
[019-050] Search: Model metrics  : loss=0.48, accuracy@1=83.13%, accuracy@5=99.34%, time-cost=2595.4 s
[019-050] Search: Architecture metrics  : loss=0.57, accuracy@1=80.38%, accuracy@5=99.08%
[019-050] Evaluation:  : loss=0.56, accuracy@1=80.99%, accuracy@5=99.02%
<<<--->>> The 019-050-th epoch : found the highest validation accuracy : 80.99%.
alpha 0 is Parameter containing:
tensor([[-0.5070,  0.5060],
        [-0.3899,  0.3900],
        [-0.3903,  0.3902],
        [-0.2385,  0.2393],
        [-0.1863,  0.1887],
        [-0.1657,  0.1658],
        [-0.4348,  0.4344],
        [-0.2105,  0.2124],
        [-0.1594,  0.1595],
        [-0.2337,  0.2341],
        [-0.2437,  0.2434],
        [-0.2119,  0.2106],
        [-0.1720,  0.1717],
        [-0.1771,  0.1769]], device='cuda:0', requires_grad=True)
alpha 1 is Parameter containing:
tensor([[-0.6780,  0.6772],
        [-0.3672,  0.3649],
        [-0.4946,  0.4947],
        [-0.3646,  0.3646],
        [-0.3031,  0.3045],
        [-0.2880,  0.2888],
        [-0.2506,  0.2496],
        [-0.2593,  0.2592],
        [-0.2686,  0.2680],
        [-0.3711,  0.3714],
        [-0.0911,  0.0903],
        [-0.2634,  0.2641],
        [-0.1729,  0.1726],
        [-0.1832,  0.1837]], device='cuda:0', requires_grad=True)
[020-050] Search: Model metrics  : loss=0.45, accuracy@1=84.21%, accuracy@5=99.43%, time-cost=2732.2 s
[020-050] Search: Architecture metrics  : loss=0.57, accuracy@1=80.57%, accuracy@5=98.91%
[020-050] Evaluation:  : loss=0.54, accuracy@1=81.49%, accuracy@5=99.11%
<<<--->>> The 020-050-th epoch : found the highest validation accuracy : 81.49%.
alpha 0 is Parameter containing:
tensor([[-0.5118,  0.5107],
        [-0.3918,  0.3919],
        [-0.3888,  0.3887],
        [-0.2287,  0.2294],
        [-0.1820,  0.1845],
        [-0.1613,  0.1615],
        [-0.4431,  0.4427],
        [-0.2149,  0.2168],
        [-0.1572,  0.1573],
        [-0.2271,  0.2276],
        [-0.2281,  0.2278],
        [-0.2046,  0.2033],
        [-0.1729,  0.1727],
        [-0.1948,  0.1945]], device='cuda:0', requires_grad=True)
alpha 1 is Parameter containing:
tensor([[-0.6926,  0.6918],
        [-0.3846,  0.3824],
        [-0.4995,  0.4996],
        [-0.3702,  0.3703],
        [-0.3128,  0.3141],
        [-0.3084,  0.3091],
        [-0.2687,  0.2677],
        [-0.2636,  0.2636],
        [-0.2715,  0.2710],
        [-0.3875,  0.3878],
        [-0.1027,  0.1020],
        [-0.2611,  0.2618],
        [-0.1774,  0.1771],
        [-0.1895,  0.1900]], device='cuda:0', requires_grad=True)
[021-050] Search: Model metrics  : loss=0.44, accuracy@1=84.82%, accuracy@5=99.46%, time-cost=2867.7 s
[021-050] Search: Architecture metrics  : loss=0.55, accuracy@1=81.52%, accuracy@5=98.91%
[021-050] Evaluation:  : loss=0.53, accuracy@1=81.86%, accuracy@5=99.08%
<<<--->>> The 021-050-th epoch : found the highest validation accuracy : 81.86%.
alpha 0 is Parameter containing:
tensor([[-0.5137,  0.5126],
        [-0.4035,  0.4036],
        [-0.3902,  0.3901],
        [-0.2206,  0.2214],
        [-0.1861,  0.1886],
        [-0.1577,  0.1579],
        [-0.4482,  0.4478],
        [-0.2057,  0.2076],
        [-0.1737,  0.1738],
        [-0.2220,  0.2224],
        [-0.2244,  0.2241],
        [-0.2082,  0.2070],
        [-0.1767,  0.1765],
        [-0.1917,  0.1915]], device='cuda:0', requires_grad=True)
alpha 1 is Parameter containing:
tensor([[-0.7167,  0.7159],
        [-0.3853,  0.3831],
        [-0.5130,  0.5132],
        [-0.3737,  0.3737],
        [-0.3220,  0.3233],
        [-0.3276,  0.3284],
        [-0.2772,  0.2762],
        [-0.2832,  0.2831],
        [-0.2784,  0.2778],
        [-0.3956,  0.3959],
        [-0.0908,  0.0901],
        [-0.2619,  0.2626],
        [-0.1815,  0.1812],
        [-0.1997,  0.2002]], device='cuda:0', requires_grad=True)
[022-050] Search: Model metrics  : loss=0.42, accuracy@1=85.50%, accuracy@5=99.53%, time-cost=3004.3 s
[022-050] Search: Architecture metrics  : loss=0.53, accuracy@1=81.91%, accuracy@5=99.14%
[022-050] Evaluation:  : loss=0.55, accuracy@1=80.97%, accuracy@5=99.02%
alpha 0 is Parameter containing:
tensor([[-0.5140,  0.5130],
        [-0.4059,  0.4060],
        [-0.3857,  0.3856],
        [-0.2301,  0.2308],
        [-0.1854,  0.1878],
        [-0.1557,  0.1558],
        [-0.4547,  0.4543],
        [-0.2185,  0.2203],
        [-0.1666,  0.1667],
        [-0.2095,  0.2100],
        [-0.2262,  0.2259],
        [-0.2026,  0.2013],
        [-0.1854,  0.1852],
        [-0.1846,  0.1844]], device='cuda:0', requires_grad=True)
alpha 1 is Parameter containing:
tensor([[-0.7304,  0.7296],
        [-0.4051,  0.4029],
        [-0.5179,  0.5180],
        [-0.3868,  0.3868],
        [-0.3387,  0.3400],
        [-0.3241,  0.3249],
        [-0.3072,  0.3062],
        [-0.2960,  0.2959],
        [-0.2767,  0.2762],
        [-0.4023,  0.4025],
        [-0.1028,  0.1020],
        [-0.2769,  0.2776],
        [-0.1937,  0.1934],
        [-0.2116,  0.2121]], device='cuda:0', requires_grad=True)
[023-050] Search: Model metrics  : loss=0.40, accuracy@1=86.40%, accuracy@5=99.52%, time-cost=3141.0 s
[023-050] Search: Architecture metrics  : loss=0.54, accuracy@1=81.58%, accuracy@5=99.09%
[023-050] Evaluation:  : loss=0.49, accuracy@1=83.55%, accuracy@5=99.11%
<<<--->>> The 023-050-th epoch : found the highest validation accuracy : 83.55%.
alpha 0 is Parameter containing:
tensor([[-0.5184,  0.5174],
        [-0.4193,  0.4195],
        [-0.3878,  0.3877],
        [-0.2197,  0.2205],
        [-0.1894,  0.1918],
        [-0.1401,  0.1402],
        [-0.4512,  0.4508],
        [-0.2320,  0.2339],
        [-0.1676,  0.1677],
        [-0.1912,  0.1916],
        [-0.2218,  0.2215],
        [-0.2052,  0.2040],
        [-0.1846,  0.1844],
        [-0.1823,  0.1821]], device='cuda:0', requires_grad=True)
alpha 1 is Parameter containing:
tensor([[-0.7528,  0.7520],
        [-0.4137,  0.4115],
        [-0.5336,  0.5337],
        [-0.3924,  0.3924],
        [-0.3555,  0.3568],
        [-0.3346,  0.3354],
        [-0.3177,  0.3167],
        [-0.2903,  0.2902],
        [-0.2858,  0.2852],
        [-0.4106,  0.4108],
        [-0.1038,  0.1031],
        [-0.2894,  0.2901],
        [-0.1986,  0.1983],
        [-0.2164,  0.2169]], device='cuda:0', requires_grad=True)
[024-050] Search: Model metrics  : loss=0.38, accuracy@1=86.70%, accuracy@5=99.54%, time-cost=3277.1 s
[024-050] Search: Architecture metrics  : loss=0.52, accuracy@1=82.44%, accuracy@5=99.19%
[024-050] Evaluation:  : loss=0.53, accuracy@1=82.26%, accuracy@5=98.92%
alpha 0 is Parameter containing:
tensor([[-0.5180,  0.5170],
        [-0.4309,  0.4310],
        [-0.3922,  0.3921],
        [-0.2136,  0.2143],
        [-0.1932,  0.1956],
        [-0.1335,  0.1337],
        [-0.4602,  0.4598],
        [-0.2272,  0.2291],
        [-0.1661,  0.1662],
        [-0.1786,  0.1790],
        [-0.2059,  0.2056],
        [-0.1967,  0.1955],
        [-0.1921,  0.1918],
        [-0.1674,  0.1672]], device='cuda:0', requires_grad=True)
alpha 1 is Parameter containing:
tensor([[-0.7842,  0.7834],
        [-0.4306,  0.4284],
        [-0.5312,  0.5313],
        [-0.4124,  0.4124],
        [-0.3729,  0.3741],
        [-0.3352,  0.3359],
        [-0.3271,  0.3262],
        [-0.2971,  0.2970],
        [-0.2845,  0.2840],
        [-0.4260,  0.4262],
        [-0.1122,  0.1115],
        [-0.3079,  0.3086],
        [-0.2098,  0.2096],
        [-0.2202,  0.2207]], device='cuda:0', requires_grad=True)
[025-050] Search: Model metrics  : loss=0.37, accuracy@1=87.04%, accuracy@5=99.69%, time-cost=3411.0 s
[025-050] Search: Architecture metrics  : loss=0.51, accuracy@1=82.58%, accuracy@5=99.12%
[025-050] Evaluation:  : loss=0.50, accuracy@1=83.28%, accuracy@5=99.05%
alpha 0 is Parameter containing:
tensor([[-0.5215,  0.5204],
        [-0.4281,  0.4283],
        [-0.3937,  0.3937],
        [-0.2118,  0.2126],
        [-0.1858,  0.1882],
        [-0.1485,  0.1486],
        [-0.4509,  0.4505],
        [-0.2270,  0.2288],
        [-0.1657,  0.1658],
        [-0.1643,  0.1647],
        [-0.2024,  0.2022],
        [-0.1853,  0.1841],
        [-0.1932,  0.1929],
        [-0.1643,  0.1641]], device='cuda:0', requires_grad=True)
alpha 1 is Parameter containing:
tensor([[-0.7899,  0.7891],
        [-0.4428,  0.4406],
        [-0.5465,  0.5466],
        [-0.4215,  0.4215],
        [-0.3879,  0.3892],
        [-0.3463,  0.3470],
        [-0.3450,  0.3441],
        [-0.2996,  0.2996],
        [-0.2841,  0.2836],
        [-0.4317,  0.4319],
        [-0.1077,  0.1069],
        [-0.3073,  0.3079],
        [-0.2290,  0.2287],
        [-0.2338,  0.2342]], device='cuda:0', requires_grad=True)
[026-050] Search: Model metrics  : loss=0.35, accuracy@1=87.82%, accuracy@5=99.65%, time-cost=3546.6 s
[026-050] Search: Architecture metrics  : loss=0.50, accuracy@1=83.18%, accuracy@5=99.23%
[026-050] Evaluation:  : loss=0.55, accuracy@1=81.73%, accuracy@5=98.99%
alpha 0 is Parameter containing:
tensor([[-0.5175,  0.5165],
        [-0.4370,  0.4371],
        [-0.3898,  0.3897],
        [-0.2004,  0.2011],
        [-0.1913,  0.1937],
        [-0.1361,  0.1362],
        [-0.4500,  0.4496],
        [-0.2228,  0.2247],
        [-0.1676,  0.1677],
        [-0.1643,  0.1647],
        [-0.1967,  0.1965],
        [-0.1694,  0.1682],
        [-0.1865,  0.1862],
        [-0.1523,  0.1521]], device='cuda:0', requires_grad=True)
alpha 1 is Parameter containing:
tensor([[-0.7958,  0.7950],
        [-0.4572,  0.4551],
        [-0.5532,  0.5533],
        [-0.4303,  0.4303],
        [-0.3975,  0.3988],
        [-0.3489,  0.3496],
        [-0.3647,  0.3638],
        [-0.3062,  0.3062],
        [-0.2877,  0.2872],
        [-0.4440,  0.4442],
        [-0.1210,  0.1203],
        [-0.3174,  0.3180],
        [-0.2300,  0.2297],
        [-0.2378,  0.2382]], device='cuda:0', requires_grad=True)
[027-050] Search: Model metrics  : loss=0.33, accuracy@1=88.53%, accuracy@5=99.67%, time-cost=3681.4 s
[027-050] Search: Architecture metrics  : loss=0.50, accuracy@1=83.27%, accuracy@5=99.19%
[027-050] Evaluation:  : loss=0.52, accuracy@1=82.36%, accuracy@5=99.26%
alpha 0 is Parameter containing:
tensor([[-0.5201,  0.5190],
        [-0.4342,  0.4343],
        [-0.3952,  0.3951],
        [-0.1958,  0.1966],
        [-0.1831,  0.1855],
        [-0.1292,  0.1294],
        [-0.4457,  0.4453],
        [-0.2189,  0.2207],
        [-0.1665,  0.1666],
        [-0.1638,  0.1642],
        [-0.1773,  0.1770],
        [-0.1567,  0.1554],
        [-0.1842,  0.1840],
        [-0.1556,  0.1554]], device='cuda:0', requires_grad=True)
alpha 1 is Parameter containing:
tensor([[-0.8217,  0.8209],
        [-0.4652,  0.4631],
        [-0.5661,  0.5662],
        [-0.4325,  0.4325],
        [-0.4096,  0.4108],
        [-0.3688,  0.3695],
        [-0.3750,  0.3741],
        [-0.3063,  0.3063],
        [-0.2953,  0.2948],
        [-0.4507,  0.4510],
        [-0.1183,  0.1177],
        [-0.3286,  0.3292],
        [-0.2276,  0.2273],
        [-0.2423,  0.2427]], device='cuda:0', requires_grad=True)
[028-050] Search: Model metrics  : loss=0.32, accuracy@1=88.84%, accuracy@5=99.71%, time-cost=3817.2 s
[028-050] Search: Architecture metrics  : loss=0.51, accuracy@1=83.26%, accuracy@5=99.18%
[028-050] Evaluation:  : loss=0.49, accuracy@1=84.12%, accuracy@5=99.32%
<<<--->>> The 028-050-th epoch : found the highest validation accuracy : 84.12%.
alpha 0 is Parameter containing:
tensor([[-0.5088,  0.5078],
        [-0.4268,  0.4270],
        [-0.3774,  0.3773],
        [-0.1899,  0.1906],
        [-0.1802,  0.1825],
        [-0.1228,  0.1229],
        [-0.4340,  0.4336],
        [-0.2047,  0.2065],
        [-0.1635,  0.1636],
        [-0.1545,  0.1550],
        [-0.1565,  0.1562],
        [-0.1470,  0.1458],
        [-0.1820,  0.1818],
        [-0.1493,  0.1491]], device='cuda:0', requires_grad=True)
alpha 1 is Parameter containing:
tensor([[-0.8383,  0.8375],
        [-0.4718,  0.4697],
        [-0.5666,  0.5667],
        [-0.4473,  0.4473],
        [-0.4099,  0.4111],
        [-0.3752,  0.3759],
        [-0.3915,  0.3906],
        [-0.3109,  0.3109],
        [-0.2995,  0.2990],
        [-0.4669,  0.4671],
        [-0.1250,  0.1243],
        [-0.3326,  0.3332],
        [-0.2319,  0.2316],
        [-0.2509,  0.2514]], device='cuda:0', requires_grad=True)
[029-050] Search: Model metrics  : loss=0.31, accuracy@1=89.12%, accuracy@5=99.72%, time-cost=3952.6 s
[029-050] Search: Architecture metrics  : loss=0.50, accuracy@1=83.52%, accuracy@5=99.24%
[029-050] Evaluation:  : loss=0.47, accuracy@1=84.15%, accuracy@5=99.31%
<<<--->>> The 029-050-th epoch : found the highest validation accuracy : 84.15%.
alpha 0 is Parameter containing:
tensor([[-0.5202,  0.5192],
        [-0.4194,  0.4195],
        [-0.3725,  0.3725],
        [-0.1682,  0.1689],
        [-0.1672,  0.1695],
        [-0.1183,  0.1184],
        [-0.4366,  0.4362],
        [-0.1838,  0.1856],
        [-0.1544,  0.1545],
        [-0.1279,  0.1283],
        [-0.1483,  0.1480],
        [-0.1413,  0.1401],
        [-0.1594,  0.1592],
        [-0.1422,  0.1420]], device='cuda:0', requires_grad=True)
alpha 1 is Parameter containing:
tensor([[-0.8613,  0.8605],
        [-0.4836,  0.4815],
        [-0.5717,  0.5718],
        [-0.4514,  0.4514],
        [-0.4239,  0.4250],
        [-0.3814,  0.3821],
        [-0.4030,  0.4021],
        [-0.3234,  0.3234],
        [-0.3015,  0.3010],
        [-0.4704,  0.4707],
        [-0.1146,  0.1139],
        [-0.3444,  0.3450],
        [-0.2342,  0.2340],
        [-0.2559,  0.2563]], device='cuda:0', requires_grad=True)
[030-050] Search: Model metrics  : loss=0.29, accuracy@1=89.91%, accuracy@5=99.77%, time-cost=4089.6 s
[030-050] Search: Architecture metrics  : loss=0.50, accuracy@1=83.63%, accuracy@5=99.22%
[030-050] Evaluation:  : loss=0.50, accuracy@1=83.66%, accuracy@5=99.21%
alpha 0 is Parameter containing:
tensor([[-0.5162,  0.5151],
        [-0.4216,  0.4217],
        [-0.3684,  0.3683],
        [-0.1601,  0.1608],
        [-0.1594,  0.1617],
        [-0.0984,  0.0985],
        [-0.4367,  0.4363],
        [-0.1757,  0.1775],
        [-0.1542,  0.1543],
        [-0.0999,  0.1004],
        [-0.1323,  0.1320],
        [-0.1243,  0.1231],
        [-0.1386,  0.1384],
        [-0.1326,  0.1324]], device='cuda:0', requires_grad=True)
alpha 1 is Parameter containing:
tensor([[-0.8816,  0.8809],
        [-0.5004,  0.4984],
        [-0.5745,  0.5746],
        [-0.4627,  0.4627],
        [-0.4370,  0.4381],
        [-0.3826,  0.3833],
        [-0.4126,  0.4117],
        [-0.3217,  0.3216],
        [-0.2906,  0.2901],
        [-0.4697,  0.4699],
        [-0.1211,  0.1204],
        [-0.3487,  0.3493],
        [-0.2466,  0.2464],
        [-0.2517,  0.2521]], device='cuda:0', requires_grad=True)
[031-050] Search: Model metrics  : loss=0.28, accuracy@1=90.35%, accuracy@5=99.80%, time-cost=4226.3 s
[031-050] Search: Architecture metrics  : loss=0.47, accuracy@1=84.45%, accuracy@5=99.36%
[031-050] Evaluation:  : loss=0.47, accuracy@1=84.72%, accuracy@5=99.32%
<<<--->>> The 031-050-th epoch : found the highest validation accuracy : 84.72%.
alpha 0 is Parameter containing:
tensor([[-0.5122,  0.5112],
        [-0.4271,  0.4273],
        [-0.3657,  0.3656],
        [-0.1536,  0.1543],
        [-0.1527,  0.1550],
        [-0.0862,  0.0863],
        [-0.4221,  0.4217],
        [-0.1581,  0.1599],
        [-0.1539,  0.1540],
        [-0.0959,  0.0964],
        [-0.1206,  0.1203],
        [-0.1026,  0.1014],
        [-0.1349,  0.1347],
        [-0.1186,  0.1185]], device='cuda:0', requires_grad=True)
alpha 1 is Parameter containing:
tensor([[-0.8924,  0.8917],
        [-0.5027,  0.5006],
        [-0.5917,  0.5918],
        [-0.4691,  0.4691],
        [-0.4490,  0.4502],
        [-0.4031,  0.4038],
        [-0.4134,  0.4125],
        [-0.3214,  0.3213],
        [-0.2807,  0.2803],
        [-0.4760,  0.4763],
        [-0.1242,  0.1235],
        [-0.3439,  0.3445],
        [-0.2460,  0.2457],
        [-0.2580,  0.2585]], device='cuda:0', requires_grad=True)
[032-050] Search: Model metrics  : loss=0.26, accuracy@1=90.88%, accuracy@5=99.84%, time-cost=4362.0 s
[032-050] Search: Architecture metrics  : loss=0.50, accuracy@1=83.66%, accuracy@5=99.12%
[032-050] Evaluation:  : loss=0.47, accuracy@1=84.85%, accuracy@5=99.12%
<<<--->>> The 032-050-th epoch : found the highest validation accuracy : 84.85%.
alpha 0 is Parameter containing:
tensor([[-0.5156,  0.5146],
        [-0.4239,  0.4240],
        [-0.3559,  0.3559],
        [-0.1324,  0.1331],
        [-0.1443,  0.1466],
        [-0.0738,  0.0739],
        [-0.4069,  0.4066],
        [-0.1360,  0.1377],
        [-0.1384,  0.1385],
        [-0.0866,  0.0870],
        [-0.1112,  0.1109],
        [-0.0920,  0.0909],
        [-0.1262,  0.1260],
        [-0.0961,  0.0959]], device='cuda:0', requires_grad=True)
alpha 1 is Parameter containing:
tensor([[-0.9084,  0.9077],
        [-0.5131,  0.5111],
        [-0.6049,  0.6050],
        [-0.4749,  0.4749],
        [-0.4561,  0.4572],
        [-0.4166,  0.4173],
        [-0.4308,  0.4299],
        [-0.3334,  0.3333],
        [-0.2721,  0.2716],
        [-0.4889,  0.4891],
        [-0.1230,  0.1223],
        [-0.3271,  0.3277],
        [-0.2386,  0.2383],
        [-0.2509,  0.2513]], device='cuda:0', requires_grad=True)
[033-050] Search: Model metrics  : loss=0.25, accuracy@1=91.10%, accuracy@5=99.84%, time-cost=4497.6 s
[033-050] Search: Architecture metrics  : loss=0.48, accuracy@1=84.29%, accuracy@5=99.21%
[033-050] Evaluation:  : loss=0.46, accuracy@1=85.08%, accuracy@5=99.38%
<<<--->>> The 033-050-th epoch : found the highest validation accuracy : 85.08%.
alpha 0 is Parameter containing:
tensor([[-0.4989,  0.4979],
        [-0.4029,  0.4030],
        [-0.3482,  0.3481],
        [-0.1194,  0.1201],
        [-0.1285,  0.1308],
        [-0.0660,  0.0662],
        [-0.4072,  0.4068],
        [-0.1200,  0.1217],
        [-0.1365,  0.1366],
        [-0.0714,  0.0719],
        [-0.1033,  0.1030],
        [-0.0777,  0.0765],
        [-0.1135,  0.1133],
        [-0.0820,  0.0818]], device='cuda:0', requires_grad=True)
alpha 1 is Parameter containing:
tensor([[-0.9147,  0.9140],
        [-0.5171,  0.5151],
        [-0.6190,  0.6191],
        [-0.4740,  0.4740],
        [-0.4582,  0.4593],
        [-0.4242,  0.4249],
        [-0.4452,  0.4444],
        [-0.3297,  0.3297],
        [-0.2699,  0.2694],
        [-0.4994,  0.4997],
        [-0.1220,  0.1214],
        [-0.3172,  0.3178],
        [-0.2437,  0.2435],
        [-0.2525,  0.2529]], device='cuda:0', requires_grad=True)
[034-050] Search: Model metrics  : loss=0.24, accuracy@1=91.47%, accuracy@5=99.83%, time-cost=4633.9 s
[034-050] Search: Architecture metrics  : loss=0.46, accuracy@1=85.08%, accuracy@5=99.26%
[034-050] Evaluation:  : loss=0.48, accuracy@1=84.57%, accuracy@5=99.31%
alpha 0 is Parameter containing:
tensor([[-0.4933,  0.4923],
        [-0.3953,  0.3954],
        [-0.3399,  0.3399],
        [-0.1184,  0.1191],
        [-0.1092,  0.1115],
        [-0.0523,  0.0524],
        [-0.4081,  0.4077],
        [-0.1092,  0.1110],
        [-0.1379,  0.1380],
        [-0.0553,  0.0558],
        [-0.1001,  0.0998],
        [-0.0600,  0.0588],
        [-0.1073,  0.1071],
        [-0.0731,  0.0729]], device='cuda:0', requires_grad=True)
alpha 1 is Parameter containing:
tensor([[-0.9295,  0.9288],
        [-0.5144,  0.5124],
        [-0.6270,  0.6271],
        [-0.4755,  0.4755],
        [-0.4645,  0.4656],
        [-0.4321,  0.4328],
        [-0.4571,  0.4563],
        [-0.3314,  0.3314],
        [-0.2628,  0.2623],
        [-0.5056,  0.5058],
        [-0.1354,  0.1348],
        [-0.3164,  0.3169],
        [-0.2553,  0.2550],
        [-0.2698,  0.2703]], device='cuda:0', requires_grad=True)
[035-050] Search: Model metrics  : loss=0.22, accuracy@1=92.16%, accuracy@5=99.83%, time-cost=4769.4 s
[035-050] Search: Architecture metrics  : loss=0.48, accuracy@1=84.81%, accuracy@5=99.28%
[035-050] Evaluation:  : loss=0.47, accuracy@1=85.10%, accuracy@5=99.35%
<<<--->>> The 035-050-th epoch : found the highest validation accuracy : 85.10%.
alpha 0 is Parameter containing:
tensor([[-0.4919,  0.4909],
        [-0.3774,  0.3775],
        [-0.3469,  0.3468],
        [-0.1133,  0.1140],
        [-0.1009,  0.1032],
        [-0.0369,  0.0370],
        [-0.3801,  0.3797],
        [-0.0779,  0.0796],
        [-0.1218,  0.1219],
        [-0.0379,  0.0384],
        [-0.0849,  0.0846],
        [-0.0417,  0.0406],
        [-0.1003,  0.1000],
        [-0.0537,  0.0536]], device='cuda:0', requires_grad=True)
alpha 1 is Parameter containing:
tensor([[-0.9404,  0.9397],
        [-0.5278,  0.5259],
        [-0.6261,  0.6262],
        [-0.4658,  0.4658],
        [-0.4694,  0.4705],
        [-0.4359,  0.4365],
        [-0.4594,  0.4586],
        [-0.3444,  0.3443],
        [-0.2614,  0.2609],
        [-0.4999,  0.5001],
        [-0.1364,  0.1358],
        [-0.3275,  0.3280],
        [-0.2618,  0.2615],
        [-0.2901,  0.2905]], device='cuda:0', requires_grad=True)
[036-050] Search: Model metrics  : loss=0.22, accuracy@1=92.27%, accuracy@5=99.90%, time-cost=4905.0 s
[036-050] Search: Architecture metrics  : loss=0.46, accuracy@1=85.36%, accuracy@5=99.32%
[036-050] Evaluation:  : loss=0.47, accuracy@1=85.24%, accuracy@5=99.42%
<<<--->>> The 036-050-th epoch : found the highest validation accuracy : 85.24%.
alpha 0 is Parameter containing:
tensor([[-0.4838,  0.4828],
        [-0.3732,  0.3733],
        [-0.3405,  0.3404],
        [-0.1181,  0.1188],
        [-0.0970,  0.0993],
        [-0.0300,  0.0301],
        [-0.3628,  0.3624],
        [-0.0569,  0.0586],
        [-0.1089,  0.1090],
        [-0.0215,  0.0220],
        [-0.0760,  0.0757],
        [-0.0192,  0.0181],
        [-0.0855,  0.0853],
        [-0.0335,  0.0333]], device='cuda:0', requires_grad=True)
alpha 1 is Parameter containing:
tensor([[-0.9619,  0.9613],
        [-0.5272,  0.5252],
        [-0.6182,  0.6183],
        [-0.4757,  0.4757],
        [-0.4769,  0.4780],
        [-0.4545,  0.4552],
        [-0.4815,  0.4807],
        [-0.3425,  0.3425],
        [-0.2669,  0.2664],
        [-0.5102,  0.5104],
        [-0.1372,  0.1366],
        [-0.3313,  0.3319],
        [-0.2584,  0.2581],
        [-0.2964,  0.2968]], device='cuda:0', requires_grad=True)
[037-050] Search: Model metrics  : loss=0.20, accuracy@1=92.82%, accuracy@5=99.89%, time-cost=5041.8 s
[037-050] Search: Architecture metrics  : loss=0.46, accuracy@1=85.64%, accuracy@5=99.35%
[037-050] Evaluation:  : loss=0.44, accuracy@1=86.19%, accuracy@5=99.40%
<<<--->>> The 037-050-th epoch : found the highest validation accuracy : 86.19%.
alpha 0 is Parameter containing:
tensor([[-0.4822,  0.4812],
        [-0.3673,  0.3674],
        [-0.3262,  0.3261],
        [-0.1035,  0.1042],
        [-0.0946,  0.0968],
        [-0.0198,  0.0199],
        [-0.3521,  0.3518],
        [-0.0285,  0.0302],
        [-0.0841,  0.0842],
        [-0.0215,  0.0219],
        [-0.0607,  0.0605],
        [-0.0147,  0.0136],
        [-0.0630,  0.0628],
        [-0.0062,  0.0060]], device='cuda:0', requires_grad=True)
alpha 1 is Parameter containing:
tensor([[-0.9709,  0.9703],
        [-0.5355,  0.5335],
        [-0.6225,  0.6226],
        [-0.4832,  0.4832],
        [-0.4849,  0.4860],
        [-0.4563,  0.4569],
        [-0.4914,  0.4905],
        [-0.3437,  0.3437],
        [-0.2512,  0.2508],
        [-0.5129,  0.5132],
        [-0.1418,  0.1412],
        [-0.3231,  0.3237],
        [-0.2584,  0.2582],
        [-0.2992,  0.2996]], device='cuda:0', requires_grad=True)
[038-050] Search: Model metrics  : loss=0.19, accuracy@1=93.14%, accuracy@5=99.90%, time-cost=5178.9 s
[038-050] Search: Architecture metrics  : loss=0.47, accuracy@1=85.33%, accuracy@5=99.34%
[038-050] Evaluation:  : loss=0.43, accuracy@1=86.12%, accuracy@5=99.44%
alpha 0 is Parameter containing:
tensor([[-0.4786,  0.4776],
        [-0.3512,  0.3513],
        [-0.3244,  0.3243],
        [-0.0987,  0.0994],
        [-0.0764,  0.0787],
        [-0.0122,  0.0123],
        [-0.3355,  0.3351],
        [-0.0044,  0.0061],
        [-0.0678,  0.0679],
        [-0.0026,  0.0030],
        [-0.0496,  0.0493],
        [ 0.0016, -0.0027],
        [-0.0551,  0.0549],
        [ 0.0291, -0.0292]], device='cuda:0', requires_grad=True)
alpha 1 is Parameter containing:
tensor([[-0.9871,  0.9864],
        [-0.5526,  0.5507],
        [-0.6282,  0.6283],
        [-0.4898,  0.4898],
        [-0.4891,  0.4902],
        [-0.4557,  0.4563],
        [-0.4970,  0.4962],
        [-0.3502,  0.3501],
        [-0.2454,  0.2450],
        [-0.5230,  0.5232],
        [-0.1552,  0.1546],
        [-0.3277,  0.3282],
        [-0.2632,  0.2630],
        [-0.3002,  0.3006]], device='cuda:0', requires_grad=True)
[039-050] Search: Model metrics  : loss=0.18, accuracy@1=93.63%, accuracy@5=99.90%, time-cost=5314.1 s
[039-050] Search: Architecture metrics  : loss=0.47, accuracy@1=85.46%, accuracy@5=99.30%
[039-050] Evaluation:  : loss=0.45, accuracy@1=85.83%, accuracy@5=99.38%
alpha 0 is Parameter containing:
tensor([[-0.4772,  0.4762],
        [-0.3450,  0.3451],
        [-0.3188,  0.3187],
        [-0.0918,  0.0925],
        [-0.0631,  0.0653],
        [ 0.0033, -0.0032],
        [-0.3123,  0.3120],
        [ 0.0237, -0.0220],
        [-0.0526,  0.0527],
        [ 0.0042, -0.0038],
        [-0.0470,  0.0467],
        [ 0.0300, -0.0311],
        [-0.0350,  0.0347],
        [ 0.0507, -0.0508]], device='cuda:0', requires_grad=True)
alpha 1 is Parameter containing:
tensor([[-0.9800,  0.9794],
        [-0.5711,  0.5692],
        [-0.6284,  0.6285],
        [-0.5013,  0.5014],
        [-0.5006,  0.5017],
        [-0.4706,  0.4712],
        [-0.5149,  0.5140],
        [-0.3355,  0.3354],
        [-0.2478,  0.2473],
        [-0.5328,  0.5330],
        [-0.1470,  0.1464],
        [-0.3180,  0.3186],
        [-0.2596,  0.2593],
        [-0.2997,  0.3001]], device='cuda:0', requires_grad=True)
[040-050] Search: Model metrics  : loss=0.17, accuracy@1=94.08%, accuracy@5=99.93%, time-cost=5450.6 s
[040-050] Search: Architecture metrics  : loss=0.48, accuracy@1=85.40%, accuracy@5=99.42%
[040-050] Evaluation:  : loss=0.45, accuracy@1=86.08%, accuracy@5=99.43%
alpha 0 is Parameter containing:
tensor([[-0.4696,  0.4686],
        [-0.3235,  0.3236],
        [-0.3110,  0.3109],
        [-0.0691,  0.0698],
        [-0.0570,  0.0592],
        [ 0.0122, -0.0121],
        [-0.2964,  0.2960],
        [ 0.0469, -0.0452],
        [-0.0459,  0.0460],
        [ 0.0088, -0.0083],
        [-0.0342,  0.0339],
        [ 0.0566, -0.0577],
        [-0.0173,  0.0171],
        [ 0.0838, -0.0839]], device='cuda:0', requires_grad=True)
alpha 1 is Parameter containing:
tensor([[-0.9778,  0.9772],
        [-0.5776,  0.5758],
        [-0.6471,  0.6472],
        [-0.4947,  0.4947],
        [-0.5093,  0.5103],
        [-0.4874,  0.4880],
        [-0.5271,  0.5263],
        [-0.3358,  0.3357],
        [-0.2557,  0.2552],
        [-0.5439,  0.5442],
        [-0.1435,  0.1429],
        [-0.3173,  0.3178],
        [-0.2679,  0.2676],
        [-0.2894,  0.2898]], device='cuda:0', requires_grad=True)
[041-050] Search: Model metrics  : loss=0.17, accuracy@1=94.07%, accuracy@5=99.91%, time-cost=5587.4 s
[041-050] Search: Architecture metrics  : loss=0.48, accuracy@1=85.34%, accuracy@5=99.36%
[041-050] Evaluation:  : loss=0.45, accuracy@1=86.27%, accuracy@5=99.36%
<<<--->>> The 041-050-th epoch : found the highest validation accuracy : 86.27%.
alpha 0 is Parameter containing:
tensor([[-0.4721,  0.4711],
        [-0.3207,  0.3208],
        [-0.2889,  0.2888],
        [-0.0446,  0.0452],
        [-0.0444,  0.0466],
        [ 0.0191, -0.0190],
        [-0.2811,  0.2807],
        [ 0.0603, -0.0586],
        [-0.0333,  0.0334],
        [ 0.0221, -0.0216],
        [-0.0157,  0.0154],
        [ 0.0640, -0.0651],
        [ 0.0090, -0.0092],
        [ 0.0997, -0.0999]], device='cuda:0', requires_grad=True)
alpha 1 is Parameter containing:
tensor([[-0.9773,  0.9767],
        [-0.5884,  0.5865],
        [-0.6584,  0.6585],
        [-0.5113,  0.5113],
        [-0.5067,  0.5077],
        [-0.5130,  0.5136],
        [-0.5382,  0.5374],
        [-0.3246,  0.3246],
        [-0.2511,  0.2507],
        [-0.5542,  0.5545],
        [-0.1417,  0.1411],
        [-0.3022,  0.3027],
        [-0.2606,  0.2603],
        [-0.2945,  0.2949]], device='cuda:0', requires_grad=True)
[042-050] Search: Model metrics  : loss=0.16, accuracy@1=94.43%, accuracy@5=99.93%, time-cost=5722.6 s
[042-050] Search: Architecture metrics  : loss=0.47, accuracy@1=85.78%, accuracy@5=99.34%
[042-050] Evaluation:  : loss=0.45, accuracy@1=86.46%, accuracy@5=99.48%
<<<--->>> The 042-050-th epoch : found the highest validation accuracy : 86.46%.
alpha 0 is Parameter containing:
tensor([[-0.4520,  0.4510],
        [-0.3112,  0.3114],
        [-0.2731,  0.2731],
        [-0.0371,  0.0378],
        [-0.0211,  0.0233],
        [ 0.0218, -0.0217],
        [-0.2670,  0.2667],
        [ 0.0817, -0.0800],
        [-0.0124,  0.0125],
        [ 0.0305, -0.0301],
        [ 0.0115, -0.0117],
        [ 0.0829, -0.0840],
        [ 0.0234, -0.0236],
        [ 0.1163, -0.1164]], device='cuda:0', requires_grad=True)
alpha 1 is Parameter containing:
tensor([[-1.0001,  0.9995],
        [-0.5792,  0.5774],
        [-0.6676,  0.6677],
        [-0.5023,  0.5023],
        [-0.5129,  0.5139],
        [-0.5309,  0.5315],
        [-0.5526,  0.5518],
        [-0.3192,  0.3191],
        [-0.2384,  0.2380],
        [-0.5510,  0.5512],
        [-0.1492,  0.1486],
        [-0.3041,  0.3047],
        [-0.2604,  0.2601],
        [-0.3004,  0.3008]], device='cuda:0', requires_grad=True)
[043-050] Search: Model metrics  : loss=0.15, accuracy@1=94.65%, accuracy@5=99.96%, time-cost=5857.6 s
[043-050] Search: Architecture metrics  : loss=0.47, accuracy@1=85.81%, accuracy@5=99.34%
[043-050] Evaluation:  : loss=0.45, accuracy@1=86.49%, accuracy@5=99.38%
<<<--->>> The 043-050-th epoch : found the highest validation accuracy : 86.49%.
alpha 0 is Parameter containing:
tensor([[-0.4424,  0.4414],
        [-0.3072,  0.3073],
        [-0.2666,  0.2665],
        [-0.0266,  0.0273],
        [-0.0069,  0.0091],
        [ 0.0399, -0.0398],
        [-0.2472,  0.2468],
        [ 0.0878, -0.0861],
        [-0.0047,  0.0048],
        [ 0.0471, -0.0467],
        [ 0.0134, -0.0136],
        [ 0.1071, -0.1082],
        [ 0.0416, -0.0419],
        [ 0.1432, -0.1434]], device='cuda:0', requires_grad=True)
alpha 1 is Parameter containing:
tensor([[-1.0022,  1.0016],
        [-0.5842,  0.5824],
        [-0.6746,  0.6747],
        [-0.5080,  0.5080],
        [-0.5130,  0.5141],
        [-0.5445,  0.5451],
        [-0.5655,  0.5647],
        [-0.3014,  0.3014],
        [-0.2471,  0.2467],
        [-0.5629,  0.5631],
        [-0.1657,  0.1651],
        [-0.2982,  0.2987],
        [-0.2594,  0.2592],
        [-0.2937,  0.2941]], device='cuda:0', requires_grad=True)
[044-050] Search: Model metrics  : loss=0.14, accuracy@1=95.08%, accuracy@5=99.96%, time-cost=5994.2 s
[044-050] Search: Architecture metrics  : loss=0.47, accuracy@1=85.91%, accuracy@5=99.29%
[044-050] Evaluation:  : loss=0.44, accuracy@1=86.76%, accuracy@5=99.46%
<<<--->>> The 044-050-th epoch : found the highest validation accuracy : 86.76%.
alpha 0 is Parameter containing:
tensor([[-0.4305,  0.4295],
        [-0.2941,  0.2942],
        [-0.2558,  0.2557],
        [-0.0226,  0.0233],
        [ 0.0174, -0.0152],
        [ 0.0390, -0.0388],
        [-0.2393,  0.2390],
        [ 0.1092, -0.1076],
        [ 0.0066, -0.0065],
        [ 0.0542, -0.0538],
        [ 0.0212, -0.0215],
        [ 0.1286, -0.1296],
        [ 0.0695, -0.0697],
        [ 0.1568, -0.1570]], device='cuda:0', requires_grad=True)
alpha 1 is Parameter containing:
tensor([[-1.0054,  1.0048],
        [-0.6059,  0.6041],
        [-0.6792,  0.6793],
        [-0.5170,  0.5170],
        [-0.5228,  0.5238],
        [-0.5556,  0.5562],
        [-0.5786,  0.5778],
        [-0.2919,  0.2918],
        [-0.2442,  0.2437],
        [-0.5708,  0.5710],
        [-0.1758,  0.1752],
        [-0.3050,  0.3055],
        [-0.2644,  0.2642],
        [-0.3029,  0.3033]], device='cuda:0', requires_grad=True)
[045-050] Search: Model metrics  : loss=0.14, accuracy@1=95.16%, accuracy@5=99.98%, time-cost=6129.0 s
[045-050] Search: Architecture metrics  : loss=0.46, accuracy@1=85.98%, accuracy@5=99.37%
[045-050] Evaluation:  : loss=0.44, accuracy@1=86.74%, accuracy@5=99.47%
alpha 0 is Parameter containing:
tensor([[-0.4268,  0.4258],
        [-0.2776,  0.2777],
        [-0.2592,  0.2592],
        [-0.0077,  0.0083],
        [ 0.0406, -0.0384],
        [ 0.0465, -0.0464],
        [-0.2281,  0.2278],
        [ 0.1300, -0.1284],
        [ 0.0271, -0.0270],
        [ 0.0552, -0.0548],
        [ 0.0402, -0.0404],
        [ 0.1590, -0.1600],
        [ 0.0891, -0.0893],
        [ 0.1832, -0.1833]], device='cuda:0', requires_grad=True)
alpha 1 is Parameter containing:
tensor([[-1.0129,  1.0123],
        [-0.6133,  0.6114],
        [-0.6893,  0.6894],
        [-0.5293,  0.5293],
        [-0.5303,  0.5313],
        [-0.5602,  0.5608],
        [-0.5758,  0.5751],
        [-0.2813,  0.2813],
        [-0.2514,  0.2510],
        [-0.5735,  0.5737],
        [-0.1735,  0.1729],
        [-0.3139,  0.3144],
        [-0.2723,  0.2721],
        [-0.3056,  0.3060]], device='cuda:0', requires_grad=True)
[046-050] Search: Model metrics  : loss=0.14, accuracy@1=95.11%, accuracy@5=99.98%, time-cost=6265.4 s
[046-050] Search: Architecture metrics  : loss=0.46, accuracy@1=86.19%, accuracy@5=99.30%
[046-050] Evaluation:  : loss=0.45, accuracy@1=86.40%, accuracy@5=99.37%
alpha 0 is Parameter containing:
tensor([[-0.4162,  0.4152],
        [-0.2646,  0.2647],
        [-0.2585,  0.2585],
        [ 0.0051, -0.0044],
        [ 0.0585, -0.0564],
        [ 0.0448, -0.0447],
        [-0.2157,  0.2153],
        [ 0.1569, -0.1553],
        [ 0.0518, -0.0518],
        [ 0.0615, -0.0611],
        [ 0.0506, -0.0508],
        [ 0.1777, -0.1787],
        [ 0.1049, -0.1051],
        [ 0.2155, -0.2157]], device='cuda:0', requires_grad=True)
alpha 1 is Parameter containing:
tensor([[-1.0164,  1.0158],
        [-0.6145,  0.6127],
        [-0.6887,  0.6888],
        [-0.5273,  0.5273],
        [-0.5349,  0.5359],
        [-0.5745,  0.5751],
        [-0.5791,  0.5784],
        [-0.2834,  0.2834],
        [-0.2445,  0.2441],
        [-0.5899,  0.5902],
        [-0.1764,  0.1758],
        [-0.3129,  0.3134],
        [-0.2825,  0.2822],
        [-0.3067,  0.3070]], device='cuda:0', requires_grad=True)
[047-050] Search: Model metrics  : loss=0.14, accuracy@1=95.07%, accuracy@5=99.97%, time-cost=6400.8 s
[047-050] Search: Architecture metrics  : loss=0.47, accuracy@1=85.89%, accuracy@5=99.35%
[047-050] Evaluation:  : loss=0.43, accuracy@1=87.05%, accuracy@5=99.48%
<<<--->>> The 047-050-th epoch : found the highest validation accuracy : 87.05%.
alpha 0 is Parameter containing:
tensor([[-0.4169,  0.4159],
        [-0.2569,  0.2570],
        [-0.2518,  0.2518],
        [-0.0034,  0.0041],
        [ 0.0672, -0.0650],
        [ 0.0498, -0.0496],
        [-0.2032,  0.2029],
        [ 0.1683, -0.1667],
        [ 0.0607, -0.0606],
        [ 0.0732, -0.0728],
        [ 0.0669, -0.0671],
        [ 0.1898, -0.1908],
        [ 0.1342, -0.1344],
        [ 0.2314, -0.2316]], device='cuda:0', requires_grad=True)
alpha 1 is Parameter containing:
tensor([[-1.0150,  1.0144],
        [-0.6239,  0.6221],
        [-0.6809,  0.6810],
        [-0.5414,  0.5414],
        [-0.5336,  0.5345],
        [-0.5824,  0.5830],
        [-0.5923,  0.5915],
        [-0.2898,  0.2897],
        [-0.2491,  0.2487],
        [-0.5909,  0.5911],
        [-0.1676,  0.1671],
        [-0.3133,  0.3138],
        [-0.2814,  0.2812],
        [-0.3028,  0.3031]], device='cuda:0', requires_grad=True)
[048-050] Search: Model metrics  : loss=0.14, accuracy@1=95.31%, accuracy@5=99.96%, time-cost=6537.7 s
[048-050] Search: Architecture metrics  : loss=0.48, accuracy@1=85.82%, accuracy@5=99.37%
[048-050] Evaluation:  : loss=0.44, accuracy@1=86.80%, accuracy@5=99.43%
alpha 0 is Parameter containing:
tensor([[-0.4233,  0.4224],
        [-0.2458,  0.2459],
        [-0.2488,  0.2487],
        [ 0.0042, -0.0035],
        [ 0.0858, -0.0836],
        [ 0.0529, -0.0528],
        [-0.1862,  0.1858],
        [ 0.1888, -0.1872],
        [ 0.0754, -0.0754],
        [ 0.0861, -0.0857],
        [ 0.0782, -0.0784],
        [ 0.2148, -0.2159],
        [ 0.1522, -0.1524],
        [ 0.2558, -0.2560]], device='cuda:0', requires_grad=True)
alpha 1 is Parameter containing:
tensor([[-1.0184,  1.0178],
        [-0.6263,  0.6245],
        [-0.6782,  0.6783],
        [-0.5506,  0.5506],
        [-0.5499,  0.5509],
        [-0.6024,  0.6030],
        [-0.5952,  0.5945],
        [-0.2989,  0.2988],
        [-0.2462,  0.2458],
        [-0.5978,  0.5980],
        [-0.1605,  0.1600],
        [-0.3102,  0.3106],
        [-0.2929,  0.2926],
        [-0.3167,  0.3171]], device='cuda:0', requires_grad=True)
[049-050] Search: Model metrics  : loss=0.13, accuracy@1=95.50%, accuracy@5=99.97%, time-cost=6672.6 s
[049-050] Search: Architecture metrics  : loss=0.45, accuracy@1=86.38%, accuracy@5=99.42%
[049-050] Evaluation:  : loss=0.44, accuracy@1=86.96%, accuracy@5=99.42%
alpha 0 is Parameter containing:
tensor([[-4.2006e-01,  4.1912e-01],
        [-2.5014e-01,  2.5025e-01],
        [-2.4830e-01,  2.4823e-01],
        [-2.5079e-04,  9.1115e-04],
        [ 1.0534e-01, -1.0322e-01],
        [ 5.2166e-02, -5.2039e-02],
        [-1.8861e-01,  1.8826e-01],
        [ 2.0435e-01, -2.0276e-01],
        [ 8.6439e-02, -8.6350e-02],
        [ 7.8940e-02, -7.8537e-02],
        [ 8.4703e-02, -8.4944e-02],
        [ 2.2207e-01, -2.2312e-01],
        [ 1.6916e-01, -1.6936e-01],
        [ 2.6790e-01, -2.6806e-01]], device='cuda:0', requires_grad=True)
alpha 1 is Parameter containing:
tensor([[-1.0222,  1.0217],
        [-0.6301,  0.6283],
        [-0.6838,  0.6839],
        [-0.5575,  0.5575],
        [-0.5521,  0.5531],
        [-0.6160,  0.6166],
        [-0.6090,  0.6082],
        [-0.2961,  0.2961],
        [-0.2301,  0.2297],
        [-0.6127,  0.6129],
        [-0.1775,  0.1769],
        [-0.3075,  0.3080],
        [-0.2954,  0.2951],
        [-0.3165,  0.3169]], device='cuda:0', requires_grad=True)
[050-050] Search: Model metrics  : loss=0.13, accuracy@1=95.45%, accuracy@5=99.96%, time-cost=6808.0 s
[050-050] Search: Architecture metrics  : loss=0.48, accuracy@1=86.13%, accuracy@5=99.36%
[050-050] Evaluation:  : loss=0.45, accuracy@1=86.49%, accuracy@5=99.39%
alpha 0 is Parameter containing:
tensor([[-0.4109,  0.4100],
        [-0.2371,  0.2373],
        [-0.2422,  0.2422],
        [ 0.0045, -0.0039],
        [ 0.1162, -0.1141],
        [ 0.0533, -0.0532],
        [-0.1919,  0.1916],
        [ 0.2250, -0.2234],
        [ 0.1017, -0.1016],
        [ 0.0890, -0.0886],
        [ 0.1009, -0.1011],
        [ 0.2394, -0.2404],
        [ 0.1941, -0.1943],
        [ 0.2955, -0.2957]], device='cuda:0', requires_grad=True)
alpha 1 is Parameter containing:
tensor([[-1.0240,  1.0234],
        [-0.6406,  0.6388],
        [-0.6849,  0.6850],
        [-0.5664,  0.5664],
        [-0.5594,  0.5603],
        [-0.6259,  0.6265],
        [-0.6191,  0.6184],
        [-0.2941,  0.2941],
        [-0.2330,  0.2326],
        [-0.6198,  0.6200],
        [-0.1848,  0.1843],
        [-0.3087,  0.3092],
        [-0.3039,  0.3037],
        [-0.3224,  0.3227]], device='cuda:0', requires_grad=True)