Files already downloaded and verified
Files already downloaded and verified
[001-050] Search: Model metrics  : loss=2.00, accuracy@1=22.63%, accuracy@5=74.48%, time-cost=90.5 s
[001-050] Evaluation:  : loss=1.73, accuracy@1=33.88%, accuracy@5=88.12%
<<<--->>> The 001-050-th epoch : found the highest validation accuracy : 33.88%.
[002-050] Search: Model metrics  : loss=1.60, accuracy@1=39.87%, accuracy@5=89.93%, time-cost=180.8 s
[002-050] Evaluation:  : loss=1.68, accuracy@1=41.14%, accuracy@5=88.97%
<<<--->>> The 002-050-th epoch : found the highest validation accuracy : 41.14%.
[003-050] Search: Model metrics  : loss=1.39, accuracy@1=48.64%, accuracy@5=92.90%, time-cost=270.2 s
[003-050] Evaluation:  : loss=1.39, accuracy@1=49.09%, accuracy@5=93.85%
<<<--->>> The 003-050-th epoch : found the highest validation accuracy : 49.09%.
[004-050] Search: Model metrics  : loss=1.24, accuracy@1=54.99%, accuracy@5=94.59%, time-cost=360.1 s
[004-050] Evaluation:  : loss=1.34, accuracy@1=51.96%, accuracy@5=93.60%
<<<--->>> The 004-050-th epoch : found the highest validation accuracy : 51.96%.
[005-050] Search: Model metrics  : loss=1.13, accuracy@1=59.17%, accuracy@5=95.58%, time-cost=449.8 s
[005-050] Evaluation:  : loss=1.14, accuracy@1=59.48%, accuracy@5=95.69%
<<<--->>> The 005-050-th epoch : found the highest validation accuracy : 59.48%.
[006-050] Search: Model metrics  : loss=1.04, accuracy@1=62.54%, accuracy@5=96.26%, time-cost=540.7 s
[006-050] Evaluation:  : loss=1.13, accuracy@1=59.93%, accuracy@5=95.40%
<<<--->>> The 006-050-th epoch : found the highest validation accuracy : 59.93%.
[007-050] Search: Model metrics  : loss=0.98, accuracy@1=64.80%, accuracy@5=96.62%, time-cost=632.2 s
[007-050] Evaluation:  : loss=1.09, accuracy@1=61.53%, accuracy@5=95.35%
<<<--->>> The 007-050-th epoch : found the highest validation accuracy : 61.53%.
[008-050] Search: Model metrics  : loss=0.93, accuracy@1=66.86%, accuracy@5=97.18%, time-cost=722.3 s
[008-050] Evaluation:  : loss=1.07, accuracy@1=62.14%, accuracy@5=95.57%
<<<--->>> The 008-050-th epoch : found the highest validation accuracy : 62.14%.
[009-050] Search: Model metrics  : loss=0.88, accuracy@1=68.85%, accuracy@5=97.50%, time-cost=813.2 s
[009-050] Evaluation:  : loss=0.92, accuracy@1=67.81%, accuracy@5=97.04%
<<<--->>> The 009-050-th epoch : found the highest validation accuracy : 67.81%.
[010-050] Search: Model metrics  : loss=0.84, accuracy@1=70.11%, accuracy@5=97.68%, time-cost=901.9 s
[010-050] Evaluation:  : loss=0.96, accuracy@1=65.67%, accuracy@5=97.30%
The searchspace has been warm started with 10 epochs
LoRA layers have been initialized for all operations with Conv2DLoRA module
[011-050] Search: Model metrics  : loss=0.76, accuracy@1=73.21%, accuracy@5=98.07%, time-cost=1087.1 s
[011-050] Search: Architecture metrics  : loss=0.81, accuracy@1=71.46%, accuracy@5=97.89%
[011-050] Evaluation:  : loss=0.76, accuracy@1=73.34%, accuracy@5=98.13%
<<<--->>> The 011-050-th epoch : found the highest validation accuracy : 73.34%.
alpha 0 is Parameter containing:
tensor([[-0.0413,  0.0409],
        [-0.0381,  0.0389],
        [-0.0431,  0.0427],
        [-0.0225,  0.0228],
        [-0.0175,  0.0178],
        [-0.0281,  0.0278],
        [-0.0245,  0.0236],
        [ 0.0027, -0.0014],
        [-0.0177,  0.0167],
        [-0.0123,  0.0132],
        [-0.0145,  0.0153],
        [-0.0293,  0.0304],
        [-0.0258,  0.0258],
        [-0.0248,  0.0233]], device='cuda:0', requires_grad=True)
alpha 1 is Parameter containing:
tensor([[-0.0303,  0.0337],
        [-0.0434,  0.0442],
        [-0.0264,  0.0254],
        [-0.0423,  0.0407],
        [-0.0182,  0.0189],
        [ 0.0087, -0.0086],
        [-0.0406,  0.0401],
        [-0.0164,  0.0164],
        [-0.0206,  0.0201],
        [ 0.0003, -0.0008],
        [-0.0251,  0.0263],
        [-0.0005,  0.0024],
        [-0.0082,  0.0093],
        [-0.0197,  0.0214]], device='cuda:0', requires_grad=True)
[012-050] Search: Model metrics  : loss=0.74, accuracy@1=73.65%, accuracy@5=98.39%, time-cost=1272.9 s
[012-050] Search: Architecture metrics  : loss=0.79, accuracy@1=72.53%, accuracy@5=97.96%
[012-050] Evaluation:  : loss=0.76, accuracy@1=73.27%, accuracy@5=98.14%
alpha 0 is Parameter containing:
tensor([[-0.0767,  0.0763],
        [-0.0669,  0.0677],
        [-0.0723,  0.0720],
        [-0.0447,  0.0450],
        [-0.0230,  0.0233],
        [-0.0507,  0.0505],
        [-0.0486,  0.0477],
        [ 0.0004,  0.0010],
        [-0.0251,  0.0241],
        [-0.0158,  0.0167],
        [-0.0261,  0.0269],
        [-0.0628,  0.0638],
        [-0.0340,  0.0339],
        [-0.0538,  0.0523]], device='cuda:0', requires_grad=True)
alpha 1 is Parameter containing:
tensor([[-0.0652,  0.0686],
        [-0.0827,  0.0835],
        [-0.0623,  0.0613],
        [-0.0696,  0.0680],
        [-0.0366,  0.0372],
        [ 0.0061, -0.0060],
        [-0.0622,  0.0616],
        [-0.0440,  0.0440],
        [-0.0481,  0.0476],
        [ 0.0013, -0.0017],
        [-0.0363,  0.0374],
        [-0.0153,  0.0172],
        [-0.0216,  0.0227],
        [-0.0422,  0.0439]], device='cuda:0', requires_grad=True)
[013-050] Search: Model metrics  : loss=0.72, accuracy@1=74.55%, accuracy@5=98.30%, time-cost=1458.1 s
[013-050] Search: Architecture metrics  : loss=0.78, accuracy@1=72.83%, accuracy@5=98.07%
[013-050] Evaluation:  : loss=0.75, accuracy@1=73.74%, accuracy@5=98.25%
<<<--->>> The 013-050-th epoch : found the highest validation accuracy : 73.74%.
alpha 0 is Parameter containing:
tensor([[-0.1125,  0.1121],
        [-0.0920,  0.0928],
        [-0.0874,  0.0871],
        [-0.0656,  0.0659],
        [-0.0399,  0.0402],
        [-0.0582,  0.0579],
        [-0.0578,  0.0569],
        [-0.0048,  0.0062],
        [-0.0337,  0.0327],
        [-0.0102,  0.0111],
        [-0.0322,  0.0330],
        [-0.0872,  0.0882],
        [-0.0478,  0.0478],
        [-0.0786,  0.0771]], device='cuda:0', requires_grad=True)
alpha 1 is Parameter containing:
tensor([[-0.0876,  0.0909],
        [-0.1138,  0.1146],
        [-0.0875,  0.0866],
        [-0.0956,  0.0939],
        [-0.0452,  0.0458],
        [ 0.0066, -0.0065],
        [-0.0873,  0.0868],
        [-0.0639,  0.0639],
        [-0.0720,  0.0716],
        [ 0.0007, -0.0011],
        [-0.0565,  0.0577],
        [-0.0225,  0.0244],
        [-0.0292,  0.0303],
        [-0.0581,  0.0598]], device='cuda:0', requires_grad=True)
[014-050] Search: Model metrics  : loss=0.72, accuracy@1=74.80%, accuracy@5=98.42%, time-cost=1643.5 s
[014-050] Search: Architecture metrics  : loss=0.77, accuracy@1=73.06%, accuracy@5=98.13%
[014-050] Evaluation:  : loss=0.75, accuracy@1=73.66%, accuracy@5=98.21%
alpha 0 is Parameter containing:
tensor([[-0.1402,  0.1399],
        [-0.1105,  0.1114],
        [-0.1070,  0.1067],
        [-0.0742,  0.0745],
        [-0.0450,  0.0453],
        [-0.0767,  0.0765],
        [-0.0678,  0.0670],
        [-0.0069,  0.0082],
        [-0.0368,  0.0358],
        [-0.0157,  0.0165],
        [-0.0409,  0.0417],
        [-0.1028,  0.1038],
        [-0.0525,  0.0524],
        [-0.0917,  0.0902]], device='cuda:0', requires_grad=True)
alpha 1 is Parameter containing:
tensor([[-0.1171,  0.1204],
        [-0.1433,  0.1440],
        [-0.1176,  0.1166],
        [-0.1146,  0.1130],
        [-0.0578,  0.0584],
        [-0.0142,  0.0143],
        [-0.0996,  0.0991],
        [-0.0800,  0.0800],
        [-0.0998,  0.0993],
        [-0.0021,  0.0017],
        [-0.0706,  0.0718],
        [-0.0295,  0.0313],
        [-0.0343,  0.0353],
        [-0.0777,  0.0793]], device='cuda:0', requires_grad=True)
[015-050] Search: Model metrics  : loss=0.71, accuracy@1=75.09%, accuracy@5=98.43%, time-cost=1828.9 s
[015-050] Search: Architecture metrics  : loss=0.77, accuracy@1=72.87%, accuracy@5=98.08%
[015-050] Evaluation:  : loss=0.74, accuracy@1=73.94%, accuracy@5=98.30%
<<<--->>> The 015-050-th epoch : found the highest validation accuracy : 73.94%.
alpha 0 is Parameter containing:
tensor([[-0.1466,  0.1462],
        [-0.1300,  0.1308],
        [-0.1193,  0.1189],
        [-0.0862,  0.0865],
        [-0.0368,  0.0371],
        [-0.0825,  0.0823],
        [-0.0878,  0.0870],
        [ 0.0008,  0.0005],
        [-0.0476,  0.0466],
        [-0.0263,  0.0272],
        [-0.0472,  0.0480],
        [-0.1003,  0.1013],
        [-0.0650,  0.0650],
        [-0.1095,  0.1080]], device='cuda:0', requires_grad=True)
alpha 1 is Parameter containing:
tensor([[-0.1407,  0.1440],
        [-0.1685,  0.1692],
        [-0.1428,  0.1418],
        [-0.1348,  0.1332],
        [-0.0707,  0.0714],
        [-0.0168,  0.0169],
        [-0.1165,  0.1160],
        [-0.0986,  0.0986],
        [-0.1269,  0.1264],
        [ 0.0048, -0.0052],
        [-0.0796,  0.0807],
        [-0.0449,  0.0467],
        [-0.0401,  0.0411],
        [-0.0988,  0.1004]], device='cuda:0', requires_grad=True)
[016-050] Search: Model metrics  : loss=0.70, accuracy@1=75.28%, accuracy@5=98.46%, time-cost=2015.5 s
[016-050] Search: Architecture metrics  : loss=0.77, accuracy@1=73.28%, accuracy@5=98.14%
[016-050] Evaluation:  : loss=0.74, accuracy@1=74.08%, accuracy@5=98.16%
<<<--->>> The 016-050-th epoch : found the highest validation accuracy : 74.08%.
alpha 0 is Parameter containing:
tensor([[-0.1633,  0.1629],
        [-0.1512,  0.1520],
        [-0.1188,  0.1185],
        [-0.0991,  0.0994],
        [-0.0450,  0.0453],
        [-0.1039,  0.1036],
        [-0.1073,  0.1065],
        [ 0.0055, -0.0042],
        [-0.0567,  0.0557],
        [-0.0324,  0.0332],
        [-0.0600,  0.0608],
        [-0.1149,  0.1159],
        [-0.0718,  0.0718],
        [-0.1218,  0.1203]], device='cuda:0', requires_grad=True)
alpha 1 is Parameter containing:
tensor([[-0.1481,  0.1514],
        [-0.1928,  0.1935],
        [-0.1653,  0.1644],
        [-0.1676,  0.1661],
        [-0.0913,  0.0919],
        [-0.0204,  0.0205],
        [-0.1319,  0.1314],
        [-0.1044,  0.1044],
        [-0.1507,  0.1503],
        [ 0.0106, -0.0110],
        [-0.1098,  0.1109],
        [-0.0589,  0.0607],
        [-0.0492,  0.0502],
        [-0.1090,  0.1106]], device='cuda:0', requires_grad=True)
[017-050] Search: Model metrics  : loss=0.69, accuracy@1=75.35%, accuracy@5=98.49%, time-cost=2201.3 s
[017-050] Search: Architecture metrics  : loss=0.77, accuracy@1=73.07%, accuracy@5=98.05%
[017-050] Evaluation:  : loss=0.74, accuracy@1=74.30%, accuracy@5=98.20%
<<<--->>> The 017-050-th epoch : found the highest validation accuracy : 74.30%.
alpha 0 is Parameter containing:
tensor([[-0.1845,  0.1842],
        [-0.1763,  0.1771],
        [-0.1305,  0.1302],
        [-0.1040,  0.1043],
        [-0.0520,  0.0523],
        [-0.1060,  0.1057],
        [-0.1018,  0.1010],
        [ 0.0047, -0.0034],
        [-0.0518,  0.0509],
        [-0.0391,  0.0400],
        [-0.0545,  0.0553],
        [-0.1378,  0.1387],
        [-0.0841,  0.0840],
        [-0.1293,  0.1279]], device='cuda:0', requires_grad=True)
alpha 1 is Parameter containing:
tensor([[-0.1648,  0.1681],
        [-0.2105,  0.2112],
        [-0.1854,  0.1845],
        [-0.1815,  0.1800],
        [-0.1111,  0.1117],
        [-0.0245,  0.0246],
        [-0.1427,  0.1422],
        [-0.1098,  0.1098],
        [-0.1681,  0.1677],
        [ 0.0111, -0.0115],
        [-0.1174,  0.1185],
        [-0.0713,  0.0730],
        [-0.0508,  0.0518],
        [-0.1160,  0.1175]], device='cuda:0', requires_grad=True)
[018-050] Search: Model metrics  : loss=0.70, accuracy@1=75.35%, accuracy@5=98.49%, time-cost=2386.9 s
[018-050] Search: Architecture metrics  : loss=0.76, accuracy@1=73.34%, accuracy@5=98.15%
[018-050] Evaluation:  : loss=0.74, accuracy@1=74.18%, accuracy@5=98.29%
alpha 0 is Parameter containing:
tensor([[-0.1980,  0.1976],
        [-0.1929,  0.1937],
        [-0.1474,  0.1471],
        [-0.1180,  0.1183],
        [-0.0489,  0.0492],
        [-0.1097,  0.1095],
        [-0.1097,  0.1089],
        [ 0.0062, -0.0049],
        [-0.0570,  0.0561],
        [-0.0393,  0.0401],
        [-0.0631,  0.0638],
        [-0.1479,  0.1489],
        [-0.0989,  0.0989],
        [-0.1414,  0.1399]], device='cuda:0', requires_grad=True)
alpha 1 is Parameter containing:
tensor([[-0.1838,  0.1871],
        [-0.2295,  0.2302],
        [-0.2085,  0.2076],
        [-0.1951,  0.1935],
        [-0.1153,  0.1159],
        [-0.0301,  0.0302],
        [-0.1548,  0.1543],
        [-0.1247,  0.1247],
        [-0.1819,  0.1815],
        [ 0.0024, -0.0028],
        [-0.1300,  0.1310],
        [-0.0812,  0.0829],
        [-0.0614,  0.0624],
        [-0.1310,  0.1325]], device='cuda:0', requires_grad=True)
[019-050] Search: Model metrics  : loss=0.69, accuracy@1=75.64%, accuracy@5=98.57%, time-cost=2572.4 s
[019-050] Search: Architecture metrics  : loss=0.76, accuracy@1=73.27%, accuracy@5=98.33%
[019-050] Evaluation:  : loss=0.74, accuracy@1=74.44%, accuracy@5=98.29%
<<<--->>> The 019-050-th epoch : found the highest validation accuracy : 74.44%.
alpha 0 is Parameter containing:
tensor([[-0.2241,  0.2238],
        [-0.1995,  0.2003],
        [-0.1662,  0.1659],
        [-0.1313,  0.1316],
        [-0.0521,  0.0524],
        [-0.1139,  0.1137],
        [-0.1110,  0.1102],
        [-0.0082,  0.0095],
        [-0.0698,  0.0688],
        [-0.0505,  0.0514],
        [-0.0624,  0.0632],
        [-0.1516,  0.1526],
        [-0.1049,  0.1049],
        [-0.1479,  0.1465]], device='cuda:0', requires_grad=True)
alpha 1 is Parameter containing:
tensor([[-0.2059,  0.2092],
        [-0.2543,  0.2550],
        [-0.2199,  0.2190],
        [-0.1960,  0.1945],
        [-0.1334,  0.1340],
        [-0.0359,  0.0360],
        [-0.1709,  0.1704],
        [-0.1378,  0.1378],
        [-0.2010,  0.2006],
        [-0.0054,  0.0050],
        [-0.1445,  0.1455],
        [-0.0922,  0.0938],
        [-0.0645,  0.0654],
        [-0.1337,  0.1351]], device='cuda:0', requires_grad=True)
[020-050] Search: Model metrics  : loss=0.69, accuracy@1=75.60%, accuracy@5=98.58%, time-cost=2758.0 s
[020-050] Search: Architecture metrics  : loss=0.76, accuracy@1=73.71%, accuracy@5=98.21%
[020-050] Evaluation:  : loss=0.73, accuracy@1=74.32%, accuracy@5=98.32%
alpha 0 is Parameter containing:
tensor([[-0.2444,  0.2440],
        [-0.2026,  0.2034],
        [-0.1751,  0.1747],
        [-0.1464,  0.1467],
        [-0.0639,  0.0642],
        [-0.1232,  0.1230],
        [-0.1037,  0.1029],
        [-0.0049,  0.0061],
        [-0.0758,  0.0748],
        [-0.0533,  0.0542],
        [-0.0668,  0.0675],
        [-0.1632,  0.1642],
        [-0.1162,  0.1162],
        [-0.1568,  0.1554]], device='cuda:0', requires_grad=True)
alpha 1 is Parameter containing:
tensor([[-0.2248,  0.2280],
        [-0.2680,  0.2687],
        [-0.2428,  0.2419],
        [-0.2122,  0.2107],
        [-0.1441,  0.1447],
        [-0.0487,  0.0488],
        [-0.1826,  0.1821],
        [-0.1513,  0.1513],
        [-0.2129,  0.2125],
        [-0.0033,  0.0029],
        [-0.1574,  0.1584],
        [-0.1020,  0.1037],
        [-0.0665,  0.0675],
        [-0.1460,  0.1475]], device='cuda:0', requires_grad=True)
[021-050] Search: Model metrics  : loss=0.68, accuracy@1=75.89%, accuracy@5=98.60%, time-cost=2943.8 s
[021-050] Search: Architecture metrics  : loss=0.75, accuracy@1=73.52%, accuracy@5=98.16%
[021-050] Evaluation:  : loss=0.71, accuracy@1=75.25%, accuracy@5=98.58%
<<<--->>> The 021-050-th epoch : found the highest validation accuracy : 75.25%.
alpha 0 is Parameter containing:
tensor([[-0.2599,  0.2595],
        [-0.2184,  0.2191],
        [-0.1763,  0.1760],
        [-0.1487,  0.1490],
        [-0.0716,  0.0718],
        [-0.1274,  0.1272],
        [-0.1070,  0.1062],
        [-0.0160,  0.0172],
        [-0.0671,  0.0662],
        [-0.0582,  0.0591],
        [-0.0816,  0.0823],
        [-0.1759,  0.1768],
        [-0.1199,  0.1199],
        [-0.1662,  0.1648]], device='cuda:0', requires_grad=True)
alpha 1 is Parameter containing:
tensor([[-0.2328,  0.2360],
        [-0.2831,  0.2838],
        [-0.2562,  0.2553],
        [-0.2274,  0.2259],
        [-0.1574,  0.1580],
        [-0.0557,  0.0558],
        [-0.1922,  0.1917],
        [-0.1644,  0.1644],
        [-0.2300,  0.2296],
        [-0.0034,  0.0030],
        [-0.1611,  0.1621],
        [-0.1091,  0.1107],
        [-0.0738,  0.0747],
        [-0.1612,  0.1626]], device='cuda:0', requires_grad=True)
[022-050] Search: Model metrics  : loss=0.68, accuracy@1=76.08%, accuracy@5=98.52%, time-cost=3129.4 s
[022-050] Search: Architecture metrics  : loss=0.76, accuracy@1=73.66%, accuracy@5=98.18%
[022-050] Evaluation:  : loss=0.72, accuracy@1=75.15%, accuracy@5=98.36%
alpha 0 is Parameter containing:
tensor([[-0.2772,  0.2769],
        [-0.2358,  0.2366],
        [-0.1785,  0.1781],
        [-0.1605,  0.1608],
        [-0.0731,  0.0734],
        [-0.1270,  0.1267],
        [-0.1041,  0.1033],
        [-0.0286,  0.0299],
        [-0.0758,  0.0748],
        [-0.0575,  0.0584],
        [-0.0776,  0.0783],
        [-0.1847,  0.1856],
        [-0.1212,  0.1211],
        [-0.1895,  0.1881]], device='cuda:0', requires_grad=True)
alpha 1 is Parameter containing:
tensor([[-0.2463,  0.2494],
        [-0.2895,  0.2901],
        [-0.2804,  0.2795],
        [-0.2242,  0.2227],
        [-0.1631,  0.1637],
        [-0.0588,  0.0589],
        [-0.1970,  0.1965],
        [-0.1722,  0.1723],
        [-0.2474,  0.2470],
        [-0.0186,  0.0182],
        [-0.1725,  0.1735],
        [-0.1153,  0.1169],
        [-0.0858,  0.0867],
        [-0.1733,  0.1747]], device='cuda:0', requires_grad=True)
[023-050] Search: Model metrics  : loss=0.68, accuracy@1=76.01%, accuracy@5=98.56%, time-cost=3314.6 s
[023-050] Search: Architecture metrics  : loss=0.74, accuracy@1=73.94%, accuracy@5=98.14%
[023-050] Evaluation:  : loss=0.72, accuracy@1=74.89%, accuracy@5=98.34%
alpha 0 is Parameter containing:
tensor([[-0.2878,  0.2874],
        [-0.2505,  0.2513],
        [-0.1747,  0.1743],
        [-0.1682,  0.1685],
        [-0.0738,  0.0741],
        [-0.1354,  0.1351],
        [-0.1162,  0.1154],
        [-0.0354,  0.0366],
        [-0.0742,  0.0733],
        [-0.0548,  0.0556],
        [-0.0871,  0.0878],
        [-0.1853,  0.1862],
        [-0.1230,  0.1230],
        [-0.2017,  0.2003]], device='cuda:0', requires_grad=True)
alpha 1 is Parameter containing:
tensor([[-0.2566,  0.2597],
        [-0.2950,  0.2957],
        [-0.2997,  0.2988],
        [-0.2330,  0.2315],
        [-0.1656,  0.1662],
        [-0.0711,  0.0712],
        [-0.2108,  0.2103],
        [-0.1758,  0.1758],
        [-0.2702,  0.2698],
        [-0.0273,  0.0270],
        [-0.1777,  0.1787],
        [-0.1199,  0.1214],
        [-0.0979,  0.0988],
        [-0.1793,  0.1807]], device='cuda:0', requires_grad=True)
[024-050] Search: Model metrics  : loss=0.68, accuracy@1=76.08%, accuracy@5=98.58%, time-cost=3500.6 s
[024-050] Search: Architecture metrics  : loss=0.75, accuracy@1=73.66%, accuracy@5=98.22%
[024-050] Evaluation:  : loss=0.72, accuracy@1=75.03%, accuracy@5=98.37%
alpha 0 is Parameter containing:
tensor([[-0.2944,  0.2940],
        [-0.2565,  0.2573],
        [-0.1792,  0.1788],
        [-0.1641,  0.1644],
        [-0.0683,  0.0686],
        [-0.1355,  0.1353],
        [-0.1139,  0.1131],
        [-0.0428,  0.0441],
        [-0.0694,  0.0685],
        [-0.0575,  0.0583],
        [-0.0910,  0.0917],
        [-0.1957,  0.1966],
        [-0.1186,  0.1186],
        [-0.2053,  0.2039]], device='cuda:0', requires_grad=True)
alpha 1 is Parameter containing:
tensor([[-0.2569,  0.2600],
        [-0.3053,  0.3060],
        [-0.3145,  0.3137],
        [-0.2488,  0.2474],
        [-0.1708,  0.1713],
        [-0.0762,  0.0763],
        [-0.2179,  0.2174],
        [-0.1802,  0.1802],
        [-0.2863,  0.2859],
        [-0.0372,  0.0368],
        [-0.1914,  0.1924],
        [-0.1225,  0.1240],
        [-0.1046,  0.1055],
        [-0.1881,  0.1894]], device='cuda:0', requires_grad=True)
[025-050] Search: Model metrics  : loss=0.68, accuracy@1=75.96%, accuracy@5=98.66%, time-cost=3686.0 s
[025-050] Search: Architecture metrics  : loss=0.75, accuracy@1=73.70%, accuracy@5=98.21%
[025-050] Evaluation:  : loss=0.71, accuracy@1=74.91%, accuracy@5=98.35%
alpha 0 is Parameter containing:
tensor([[-0.2992,  0.2988],
        [-0.2678,  0.2685],
        [-0.1903,  0.1900],
        [-0.1738,  0.1741],
        [-0.0550,  0.0553],
        [-0.1356,  0.1354],
        [-0.1109,  0.1101],
        [-0.0476,  0.0488],
        [-0.0762,  0.0753],
        [-0.0677,  0.0685],
        [-0.1059,  0.1067],
        [-0.2061,  0.2070],
        [-0.1160,  0.1160],
        [-0.2140,  0.2127]], device='cuda:0', requires_grad=True)
alpha 1 is Parameter containing:
tensor([[-0.2733,  0.2763],
        [-0.3138,  0.3145],
        [-0.3270,  0.3262],
        [-0.2565,  0.2551],
        [-0.1687,  0.1692],
        [-0.0908,  0.0909],
        [-0.2337,  0.2333],
        [-0.1869,  0.1869],
        [-0.2946,  0.2942],
        [-0.0406,  0.0402],
        [-0.2073,  0.2083],
        [-0.1344,  0.1359],
        [-0.1067,  0.1076],
        [-0.1991,  0.2004]], device='cuda:0', requires_grad=True)
[026-050] Search: Model metrics  : loss=0.68, accuracy@1=76.25%, accuracy@5=98.64%, time-cost=3871.6 s
[026-050] Search: Architecture metrics  : loss=0.74, accuracy@1=74.48%, accuracy@5=98.14%
[026-050] Evaluation:  : loss=0.71, accuracy@1=75.15%, accuracy@5=98.36%
alpha 0 is Parameter containing:
tensor([[-0.3164,  0.3160],
        [-0.2811,  0.2818],
        [-0.1939,  0.1936],
        [-0.1868,  0.1871],
        [-0.0632,  0.0635],
        [-0.1489,  0.1486],
        [-0.1185,  0.1177],
        [-0.0477,  0.0489],
        [-0.0715,  0.0706],
        [-0.0705,  0.0713],
        [-0.1126,  0.1133],
        [-0.2077,  0.2086],
        [-0.1223,  0.1223],
        [-0.2179,  0.2166]], device='cuda:0', requires_grad=True)
alpha 1 is Parameter containing:
tensor([[-0.2764,  0.2795],
        [-0.3251,  0.3258],
        [-0.3400,  0.3392],
        [-0.2717,  0.2703],
        [-0.1821,  0.1826],
        [-0.0882,  0.0883],
        [-0.2443,  0.2439],
        [-0.1859,  0.1859],
        [-0.3064,  0.3061],
        [-0.0348,  0.0345],
        [-0.2084,  0.2094],
        [-0.1446,  0.1461],
        [-0.1131,  0.1139],
        [-0.2091,  0.2104]], device='cuda:0', requires_grad=True)
[027-050] Search: Model metrics  : loss=0.67, accuracy@1=76.30%, accuracy@5=98.63%, time-cost=4057.2 s
[027-050] Search: Architecture metrics  : loss=0.75, accuracy@1=74.06%, accuracy@5=98.15%
[027-050] Evaluation:  : loss=0.71, accuracy@1=75.09%, accuracy@5=98.36%
alpha 0 is Parameter containing:
tensor([[-0.3274,  0.3271],
        [-0.2865,  0.2873],
        [-0.1849,  0.1846],
        [-0.1889,  0.1892],
        [-0.0662,  0.0665],
        [-0.1475,  0.1473],
        [-0.1242,  0.1234],
        [-0.0604,  0.0616],
        [-0.0649,  0.0640],
        [-0.0741,  0.0749],
        [-0.1109,  0.1116],
        [-0.2170,  0.2179],
        [-0.1194,  0.1194],
        [-0.2353,  0.2340]], device='cuda:0', requires_grad=True)
alpha 1 is Parameter containing:
tensor([[-0.2827,  0.2857],
        [-0.3241,  0.3248],
        [-0.3512,  0.3503],
        [-0.2852,  0.2838],
        [-0.1974,  0.1980],
        [-0.0993,  0.0994],
        [-0.2544,  0.2540],
        [-0.1965,  0.1965],
        [-0.3248,  0.3245],
        [-0.0300,  0.0297],
        [-0.2102,  0.2111],
        [-0.1434,  0.1449],
        [-0.1226,  0.1234],
        [-0.2219,  0.2231]], device='cuda:0', requires_grad=True)
[028-050] Search: Model metrics  : loss=0.67, accuracy@1=76.63%, accuracy@5=98.64%, time-cost=4242.9 s
[028-050] Search: Architecture metrics  : loss=0.74, accuracy@1=74.09%, accuracy@5=98.23%
[028-050] Evaluation:  : loss=0.70, accuracy@1=75.33%, accuracy@5=98.57%
<<<--->>> The 028-050-th epoch : found the highest validation accuracy : 75.33%.
alpha 0 is Parameter containing:
tensor([[-0.3415,  0.3411],
        [-0.2908,  0.2915],
        [-0.1942,  0.1939],
        [-0.1920,  0.1923],
        [-0.0698,  0.0700],
        [-0.1444,  0.1442],
        [-0.1187,  0.1179],
        [-0.0584,  0.0595],
        [-0.0709,  0.0700],
        [-0.0739,  0.0747],
        [-0.1173,  0.1181],
        [-0.2237,  0.2245],
        [-0.1261,  0.1261],
        [-0.2426,  0.2413]], device='cuda:0', requires_grad=True)
alpha 1 is Parameter containing:
tensor([[-0.2905,  0.2935],
        [-0.3313,  0.3319],
        [-0.3705,  0.3697],
        [-0.2950,  0.2936],
        [-0.1969,  0.1975],
        [-0.1139,  0.1140],
        [-0.2616,  0.2612],
        [-0.2008,  0.2008],
        [-0.3358,  0.3354],
        [-0.0330,  0.0327],
        [-0.2184,  0.2193],
        [-0.1396,  0.1410],
        [-0.1227,  0.1235],
        [-0.2188,  0.2200]], device='cuda:0', requires_grad=True)
[029-050] Search: Model metrics  : loss=0.66, accuracy@1=76.53%, accuracy@5=98.66%, time-cost=4428.2 s
[029-050] Search: Architecture metrics  : loss=0.74, accuracy@1=73.73%, accuracy@5=98.43%
[029-050] Evaluation:  : loss=0.71, accuracy@1=75.20%, accuracy@5=98.40%
alpha 0 is Parameter containing:
tensor([[-0.3433,  0.3429],
        [-0.3089,  0.3096],
        [-0.1969,  0.1966],
        [-0.2019,  0.2022],
        [-0.0684,  0.0687],
        [-0.1570,  0.1568],
        [-0.1227,  0.1219],
        [-0.0640,  0.0652],
        [-0.0782,  0.0773],
        [-0.0759,  0.0767],
        [-0.1161,  0.1168],
        [-0.2304,  0.2312],
        [-0.1307,  0.1306],
        [-0.2467,  0.2454]], device='cuda:0', requires_grad=True)
alpha 1 is Parameter containing:
tensor([[-0.3055,  0.3084],
        [-0.3381,  0.3388],
        [-0.3856,  0.3848],
        [-0.3017,  0.3004],
        [-0.2004,  0.2009],
        [-0.1288,  0.1289],
        [-0.2538,  0.2533],
        [-0.2093,  0.2093],
        [-0.3554,  0.3551],
        [-0.0423,  0.0420],
        [-0.2203,  0.2212],
        [-0.1460,  0.1474],
        [-0.1259,  0.1267],
        [-0.2201,  0.2213]], device='cuda:0', requires_grad=True)
[030-050] Search: Model metrics  : loss=0.66, accuracy@1=76.84%, accuracy@5=98.68%, time-cost=4613.2 s
[030-050] Search: Architecture metrics  : loss=0.73, accuracy@1=74.30%, accuracy@5=98.41%
[030-050] Evaluation:  : loss=0.70, accuracy@1=75.66%, accuracy@5=98.51%
<<<--->>> The 030-050-th epoch : found the highest validation accuracy : 75.66%.
alpha 0 is Parameter containing:
tensor([[-0.3569,  0.3565],
        [-0.3127,  0.3135],
        [-0.1957,  0.1954],
        [-0.2081,  0.2084],
        [-0.0783,  0.0786],
        [-0.1700,  0.1697],
        [-0.1270,  0.1263],
        [-0.0740,  0.0752],
        [-0.0758,  0.0749],
        [-0.0821,  0.0829],
        [-0.1152,  0.1159],
        [-0.2289,  0.2298],
        [-0.1332,  0.1332],
        [-0.2529,  0.2516]], device='cuda:0', requires_grad=True)
alpha 1 is Parameter containing:
tensor([[-0.3120,  0.3149],
        [-0.3461,  0.3467],
        [-0.4051,  0.4043],
        [-0.3136,  0.3123],
        [-0.1985,  0.1990],
        [-0.1422,  0.1423],
        [-0.2560,  0.2556],
        [-0.2084,  0.2084],
        [-0.3660,  0.3657],
        [-0.0505,  0.0502],
        [-0.2248,  0.2256],
        [-0.1431,  0.1445],
        [-0.1270,  0.1277],
        [-0.2207,  0.2219]], device='cuda:0', requires_grad=True)
[031-050] Search: Model metrics  : loss=0.66, accuracy@1=76.39%, accuracy@5=98.76%, time-cost=4798.8 s
[031-050] Search: Architecture metrics  : loss=0.74, accuracy@1=74.16%, accuracy@5=98.29%
[031-050] Evaluation:  : loss=0.69, accuracy@1=75.64%, accuracy@5=98.48%
alpha 0 is Parameter containing:
tensor([[-0.3609,  0.3606],
        [-0.3125,  0.3133],
        [-0.1968,  0.1965],
        [-0.2186,  0.2188],
        [-0.0776,  0.0779],
        [-0.1687,  0.1684],
        [-0.1212,  0.1205],
        [-0.0735,  0.0747],
        [-0.0758,  0.0750],
        [-0.0734,  0.0742],
        [-0.1199,  0.1206],
        [-0.2331,  0.2339],
        [-0.1420,  0.1420],
        [-0.2627,  0.2614]], device='cuda:0', requires_grad=True)
alpha 1 is Parameter containing:
tensor([[-0.3187,  0.3216],
        [-0.3547,  0.3554],
        [-0.4176,  0.4168],
        [-0.3125,  0.3111],
        [-0.2024,  0.2030],
        [-0.1515,  0.1516],
        [-0.2549,  0.2544],
        [-0.2160,  0.2161],
        [-0.3707,  0.3704],
        [-0.0598,  0.0594],
        [-0.2189,  0.2198],
        [-0.1424,  0.1437],
        [-0.1337,  0.1345],
        [-0.2239,  0.2251]], device='cuda:0', requires_grad=True)
[032-050] Search: Model metrics  : loss=0.66, accuracy@1=76.82%, accuracy@5=98.74%, time-cost=4984.7 s
[032-050] Search: Architecture metrics  : loss=0.73, accuracy@1=74.34%, accuracy@5=98.35%
[032-050] Evaluation:  : loss=0.70, accuracy@1=75.42%, accuracy@5=98.50%
alpha 0 is Parameter containing:
tensor([[-0.3729,  0.3725],
        [-0.3243,  0.3250],
        [-0.1871,  0.1867],
        [-0.2232,  0.2235],
        [-0.0822,  0.0825],
        [-0.1769,  0.1766],
        [-0.1237,  0.1229],
        [-0.0861,  0.0872],
        [-0.0765,  0.0757],
        [-0.0698,  0.0706],
        [-0.1242,  0.1249],
        [-0.2429,  0.2437],
        [-0.1386,  0.1386],
        [-0.2796,  0.2783]], device='cuda:0', requires_grad=True)
alpha 1 is Parameter containing:
tensor([[-0.3360,  0.3389],
        [-0.3574,  0.3580],
        [-0.4218,  0.4210],
        [-0.3206,  0.3193],
        [-0.2131,  0.2136],
        [-0.1508,  0.1509],
        [-0.2615,  0.2610],
        [-0.2261,  0.2261],
        [-0.3889,  0.3886],
        [-0.0638,  0.0635],
        [-0.2155,  0.2164],
        [-0.1516,  0.1530],
        [-0.1417,  0.1424],
        [-0.2352,  0.2364]], device='cuda:0', requires_grad=True)
[033-050] Search: Model metrics  : loss=0.66, accuracy@1=76.97%, accuracy@5=98.64%, time-cost=5169.6 s
[033-050] Search: Architecture metrics  : loss=0.72, accuracy@1=74.38%, accuracy@5=98.20%
[033-050] Evaluation:  : loss=0.69, accuracy@1=75.69%, accuracy@5=98.52%
<<<--->>> The 033-050-th epoch : found the highest validation accuracy : 75.69%.
alpha 0 is Parameter containing:
tensor([[-0.3867,  0.3864],
        [-0.3177,  0.3184],
        [-0.2023,  0.2019],
        [-0.2339,  0.2342],
        [-0.0753,  0.0756],
        [-0.1781,  0.1779],
        [-0.1313,  0.1305],
        [-0.0806,  0.0817],
        [-0.0793,  0.0785],
        [-0.0839,  0.0847],
        [-0.1260,  0.1267],
        [-0.2444,  0.2452],
        [-0.1456,  0.1456],
        [-0.2725,  0.2713]], device='cuda:0', requires_grad=True)
alpha 1 is Parameter containing:
tensor([[-0.3423,  0.3452],
        [-0.3697,  0.3703],
        [-0.4283,  0.4275],
        [-0.3303,  0.3290],
        [-0.2271,  0.2276],
        [-0.1550,  0.1551],
        [-0.2661,  0.2657],
        [-0.2367,  0.2367],
        [-0.3830,  0.3827],
        [-0.0708,  0.0704],
        [-0.2254,  0.2262],
        [-0.1690,  0.1703],
        [-0.1392,  0.1399],
        [-0.2291,  0.2302]], device='cuda:0', requires_grad=True)
[034-050] Search: Model metrics  : loss=0.66, accuracy@1=76.90%, accuracy@5=98.68%, time-cost=5354.3 s
[034-050] Search: Architecture metrics  : loss=0.73, accuracy@1=74.29%, accuracy@5=98.41%
[034-050] Evaluation:  : loss=0.69, accuracy@1=75.74%, accuracy@5=98.58%
<<<--->>> The 034-050-th epoch : found the highest validation accuracy : 75.74%.
alpha 0 is Parameter containing:
tensor([[-0.3832,  0.3829],
        [-0.3235,  0.3243],
        [-0.2108,  0.2105],
        [-0.2422,  0.2425],
        [-0.0716,  0.0719],
        [-0.1798,  0.1796],
        [-0.1257,  0.1249],
        [-0.0914,  0.0926],
        [-0.0838,  0.0830],
        [-0.0939,  0.0947],
        [-0.1303,  0.1310],
        [-0.2494,  0.2502],
        [-0.1563,  0.1562],
        [-0.2857,  0.2845]], device='cuda:0', requires_grad=True)
alpha 1 is Parameter containing:
tensor([[-0.3580,  0.3608],
        [-0.3746,  0.3752],
        [-0.4346,  0.4338],
        [-0.3317,  0.3304],
        [-0.2254,  0.2259],
        [-0.1598,  0.1599],
        [-0.2653,  0.2648],
        [-0.2415,  0.2415],
        [-0.3968,  0.3965],
        [-0.0718,  0.0714],
        [-0.2282,  0.2290],
        [-0.1738,  0.1751],
        [-0.1389,  0.1396],
        [-0.2412,  0.2423]], device='cuda:0', requires_grad=True)
[035-050] Search: Model metrics  : loss=0.65, accuracy@1=77.06%, accuracy@5=98.69%, time-cost=5539.5 s
[035-050] Search: Architecture metrics  : loss=0.72, accuracy@1=74.82%, accuracy@5=98.42%
[035-050] Evaluation:  : loss=0.70, accuracy@1=75.26%, accuracy@5=98.54%
alpha 0 is Parameter containing:
tensor([[-0.3874,  0.3870],
        [-0.3335,  0.3343],
        [-0.2122,  0.2119],
        [-0.2445,  0.2447],
        [-0.0756,  0.0759],
        [-0.1980,  0.1978],
        [-0.1224,  0.1216],
        [-0.1070,  0.1081],
        [-0.0757,  0.0748],
        [-0.0980,  0.0988],
        [-0.1359,  0.1366],
        [-0.2620,  0.2628],
        [-0.1553,  0.1553],
        [-0.2916,  0.2904]], device='cuda:0', requires_grad=True)
alpha 1 is Parameter containing:
tensor([[-0.3583,  0.3611],
        [-0.3777,  0.3783],
        [-0.4464,  0.4456],
        [-0.3343,  0.3330],
        [-0.2232,  0.2237],
        [-0.1739,  0.1739],
        [-0.2750,  0.2746],
        [-0.2423,  0.2423],
        [-0.4074,  0.4070],
        [-0.0771,  0.0768],
        [-0.2374,  0.2382],
        [-0.1737,  0.1750],
        [-0.1433,  0.1440],
        [-0.2404,  0.2415]], device='cuda:0', requires_grad=True)
[036-050] Search: Model metrics  : loss=0.65, accuracy@1=77.14%, accuracy@5=98.78%, time-cost=5724.2 s
[036-050] Search: Architecture metrics  : loss=0.72, accuracy@1=74.83%, accuracy@5=98.37%
[036-050] Evaluation:  : loss=0.69, accuracy@1=75.96%, accuracy@5=98.50%
<<<--->>> The 036-050-th epoch : found the highest validation accuracy : 75.96%.
alpha 0 is Parameter containing:
tensor([[-0.3925,  0.3921],
        [-0.3453,  0.3460],
        [-0.2172,  0.2169],
        [-0.2398,  0.2401],
        [-0.0749,  0.0752],
        [-0.2061,  0.2059],
        [-0.1162,  0.1155],
        [-0.1131,  0.1142],
        [-0.0726,  0.0718],
        [-0.1006,  0.1014],
        [-0.1422,  0.1429],
        [-0.2740,  0.2748],
        [-0.1456,  0.1456],
        [-0.2948,  0.2936]], device='cuda:0', requires_grad=True)
alpha 1 is Parameter containing:
tensor([[-0.3740,  0.3768],
        [-0.3834,  0.3840],
        [-0.4536,  0.4528],
        [-0.3338,  0.3326],
        [-0.2326,  0.2331],
        [-0.1830,  0.1830],
        [-0.2732,  0.2728],
        [-0.2467,  0.2467],
        [-0.4147,  0.4143],
        [-0.0957,  0.0953],
        [-0.2329,  0.2337],
        [-0.1790,  0.1802],
        [-0.1488,  0.1495],
        [-0.2357,  0.2367]], device='cuda:0', requires_grad=True)
[037-050] Search: Model metrics  : loss=0.64, accuracy@1=77.32%, accuracy@5=98.72%, time-cost=5909.2 s
[037-050] Search: Architecture metrics  : loss=0.71, accuracy@1=74.98%, accuracy@5=98.35%
[037-050] Evaluation:  : loss=0.69, accuracy@1=75.84%, accuracy@5=98.54%
alpha 0 is Parameter containing:
tensor([[-0.4056,  0.4053],
        [-0.3614,  0.3621],
        [-0.2335,  0.2332],
        [-0.2447,  0.2450],
        [-0.0694,  0.0697],
        [-0.2054,  0.2052],
        [-0.1161,  0.1153],
        [-0.1289,  0.1300],
        [-0.0827,  0.0819],
        [-0.1053,  0.1060],
        [-0.1431,  0.1438],
        [-0.2802,  0.2810],
        [-0.1498,  0.1498],
        [-0.2956,  0.2944]], device='cuda:0', requires_grad=True)
alpha 1 is Parameter containing:
tensor([[-0.3814,  0.3842],
        [-0.3978,  0.3984],
        [-0.4594,  0.4586],
        [-0.3410,  0.3398],
        [-0.2493,  0.2498],
        [-0.1791,  0.1792],
        [-0.2668,  0.2664],
        [-0.2494,  0.2495],
        [-0.4234,  0.4231],
        [-0.0924,  0.0921],
        [-0.2369,  0.2377],
        [-0.1906,  0.1918],
        [-0.1476,  0.1483],
        [-0.2467,  0.2477]], device='cuda:0', requires_grad=True)
[038-050] Search: Model metrics  : loss=0.64, accuracy@1=77.30%, accuracy@5=98.77%, time-cost=6094.3 s
[038-050] Search: Architecture metrics  : loss=0.72, accuracy@1=75.06%, accuracy@5=98.36%
[038-050] Evaluation:  : loss=0.69, accuracy@1=75.69%, accuracy@5=98.48%
alpha 0 is Parameter containing:
tensor([[-0.4058,  0.4054],
        [-0.3754,  0.3761],
        [-0.2425,  0.2422],
        [-0.2560,  0.2562],
        [-0.0766,  0.0768],
        [-0.2150,  0.2148],
        [-0.1153,  0.1146],
        [-0.1330,  0.1340],
        [-0.0792,  0.0784],
        [-0.1093,  0.1100],
        [-0.1365,  0.1372],
        [-0.2742,  0.2750],
        [-0.1525,  0.1525],
        [-0.2996,  0.2984]], device='cuda:0', requires_grad=True)
alpha 1 is Parameter containing:
tensor([[-0.3953,  0.3981],
        [-0.4059,  0.4064],
        [-0.4595,  0.4588],
        [-0.3491,  0.3479],
        [-0.2542,  0.2547],
        [-0.1889,  0.1890],
        [-0.2610,  0.2606],
        [-0.2506,  0.2506],
        [-0.4255,  0.4252],
        [-0.0981,  0.0978],
        [-0.2275,  0.2283],
        [-0.1976,  0.1988],
        [-0.1611,  0.1618],
        [-0.2485,  0.2495]], device='cuda:0', requires_grad=True)
[039-050] Search: Model metrics  : loss=0.64, accuracy@1=77.45%, accuracy@5=98.81%, time-cost=6279.9 s
[039-050] Search: Architecture metrics  : loss=0.73, accuracy@1=74.32%, accuracy@5=98.26%
[039-050] Evaluation:  : loss=0.69, accuracy@1=76.07%, accuracy@5=98.50%
<<<--->>> The 039-050-th epoch : found the highest validation accuracy : 76.07%.
alpha 0 is Parameter containing:
tensor([[-0.4033,  0.4029],
        [-0.3719,  0.3726],
        [-0.2500,  0.2497],
        [-0.2571,  0.2573],
        [-0.0673,  0.0676],
        [-0.2116,  0.2114],
        [-0.1096,  0.1088],
        [-0.1408,  0.1418],
        [-0.0862,  0.0854],
        [-0.1177,  0.1184],
        [-0.1366,  0.1373],
        [-0.2731,  0.2738],
        [-0.1432,  0.1431],
        [-0.3007,  0.2996]], device='cuda:0', requires_grad=True)
alpha 1 is Parameter containing:
tensor([[-0.4033,  0.4060],
        [-0.4092,  0.4097],
        [-0.4667,  0.4660],
        [-0.3442,  0.3430],
        [-0.2522,  0.2527],
        [-0.1932,  0.1933],
        [-0.2552,  0.2548],
        [-0.2608,  0.2608],
        [-0.4329,  0.4326],
        [-0.0991,  0.0988],
        [-0.2309,  0.2316],
        [-0.1979,  0.1991],
        [-0.1628,  0.1634],
        [-0.2509,  0.2519]], device='cuda:0', requires_grad=True)
[040-050] Search: Model metrics  : loss=0.64, accuracy@1=77.47%, accuracy@5=98.76%, time-cost=6465.2 s
[040-050] Search: Architecture metrics  : loss=0.72, accuracy@1=74.78%, accuracy@5=98.33%
[040-050] Evaluation:  : loss=0.68, accuracy@1=76.01%, accuracy@5=98.48%
alpha 0 is Parameter containing:
tensor([[-0.3994,  0.3991],
        [-0.3692,  0.3699],
        [-0.2547,  0.2544],
        [-0.2486,  0.2489],
        [-0.0702,  0.0704],
        [-0.2159,  0.2157],
        [-0.1132,  0.1125],
        [-0.1361,  0.1372],
        [-0.0972,  0.0964],
        [-0.1087,  0.1095],
        [-0.1359,  0.1366],
        [-0.2759,  0.2767],
        [-0.1527,  0.1526],
        [-0.3083,  0.3072]], device='cuda:0', requires_grad=True)
alpha 1 is Parameter containing:
tensor([[-0.4119,  0.4145],
        [-0.4110,  0.4116],
        [-0.4796,  0.4788],
        [-0.3468,  0.3456],
        [-0.2513,  0.2518],
        [-0.2072,  0.2073],
        [-0.2608,  0.2605],
        [-0.2693,  0.2693],
        [-0.4479,  0.4476],
        [-0.0989,  0.0986],
        [-0.2264,  0.2271],
        [-0.1952,  0.1963],
        [-0.1643,  0.1649],
        [-0.2692,  0.2702]], device='cuda:0', requires_grad=True)
[041-050] Search: Model metrics  : loss=0.63, accuracy@1=77.72%, accuracy@5=98.74%, time-cost=6650.4 s
[041-050] Search: Architecture metrics  : loss=0.71, accuracy@1=75.49%, accuracy@5=98.29%
[041-050] Evaluation:  : loss=0.68, accuracy@1=76.17%, accuracy@5=98.58%
<<<--->>> The 041-050-th epoch : found the highest validation accuracy : 76.17%.
alpha 0 is Parameter containing:
tensor([[-0.4120,  0.4116],
        [-0.3772,  0.3779],
        [-0.2578,  0.2575],
        [-0.2530,  0.2532],
        [-0.0726,  0.0729],
        [-0.2197,  0.2195],
        [-0.1136,  0.1128],
        [-0.1430,  0.1441],
        [-0.0942,  0.0935],
        [-0.1123,  0.1130],
        [-0.1364,  0.1371],
        [-0.2784,  0.2792],
        [-0.1540,  0.1540],
        [-0.3097,  0.3085]], device='cuda:0', requires_grad=True)
alpha 1 is Parameter containing:
tensor([[-0.4140,  0.4166],
        [-0.4250,  0.4256],
        [-0.4772,  0.4765],
        [-0.3532,  0.3520],
        [-0.2579,  0.2584],
        [-0.2099,  0.2100],
        [-0.2671,  0.2667],
        [-0.2808,  0.2808],
        [-0.4570,  0.4567],
        [-0.0977,  0.0974],
        [-0.2254,  0.2261],
        [-0.1937,  0.1948],
        [-0.1697,  0.1703],
        [-0.2800,  0.2810]], device='cuda:0', requires_grad=True)
[042-050] Search: Model metrics  : loss=0.64, accuracy@1=77.70%, accuracy@5=98.70%, time-cost=6836.2 s
[042-050] Search: Architecture metrics  : loss=0.72, accuracy@1=74.78%, accuracy@5=98.44%
[042-050] Evaluation:  : loss=0.68, accuracy@1=76.02%, accuracy@5=98.48%
alpha 0 is Parameter containing:
tensor([[-0.4190,  0.4187],
        [-0.3798,  0.3805],
        [-0.2491,  0.2488],
        [-0.2563,  0.2565],
        [-0.0732,  0.0734],
        [-0.2170,  0.2168],
        [-0.1143,  0.1136],
        [-0.1427,  0.1438],
        [-0.0933,  0.0926],
        [-0.1036,  0.1043],
        [-0.1417,  0.1424],
        [-0.2788,  0.2795],
        [-0.1572,  0.1571],
        [-0.3162,  0.3151]], device='cuda:0', requires_grad=True)
alpha 1 is Parameter containing:
tensor([[-0.4102,  0.4128],
        [-0.4295,  0.4300],
        [-0.4860,  0.4853],
        [-0.3672,  0.3661],
        [-0.2633,  0.2637],
        [-0.2108,  0.2109],
        [-0.2750,  0.2747],
        [-0.2784,  0.2784],
        [-0.4677,  0.4674],
        [-0.0910,  0.0907],
        [-0.2321,  0.2328],
        [-0.1936,  0.1947],
        [-0.1795,  0.1801],
        [-0.2859,  0.2869]], device='cuda:0', requires_grad=True)
[043-050] Search: Model metrics  : loss=0.63, accuracy@1=77.44%, accuracy@5=98.80%, time-cost=7022.1 s
[043-050] Search: Architecture metrics  : loss=0.71, accuracy@1=75.63%, accuracy@5=98.26%
[043-050] Evaluation:  : loss=0.69, accuracy@1=75.79%, accuracy@5=98.59%
alpha 0 is Parameter containing:
tensor([[-0.4266,  0.4263],
        [-0.3814,  0.3821],
        [-0.2519,  0.2516],
        [-0.2678,  0.2680],
        [-0.0763,  0.0765],
        [-0.2100,  0.2098],
        [-0.1163,  0.1156],
        [-0.1460,  0.1470],
        [-0.0980,  0.0972],
        [-0.1055,  0.1063],
        [-0.1486,  0.1492],
        [-0.2882,  0.2889],
        [-0.1644,  0.1644],
        [-0.3183,  0.3172]], device='cuda:0', requires_grad=True)
alpha 1 is Parameter containing:
tensor([[-0.4140,  0.4166],
        [-0.4236,  0.4242],
        [-0.4940,  0.4933],
        [-0.3759,  0.3748],
        [-0.2619,  0.2624],
        [-0.2173,  0.2174],
        [-0.2750,  0.2746],
        [-0.2852,  0.2852],
        [-0.4651,  0.4649],
        [-0.1020,  0.1018],
        [-0.2470,  0.2477],
        [-0.1898,  0.1909],
        [-0.1821,  0.1827],
        [-0.2863,  0.2872]], device='cuda:0', requires_grad=True)
[044-050] Search: Model metrics  : loss=0.64, accuracy@1=77.42%, accuracy@5=98.80%, time-cost=7208.3 s
[044-050] Search: Architecture metrics  : loss=0.71, accuracy@1=75.17%, accuracy@5=98.38%
[044-050] Evaluation:  : loss=0.68, accuracy@1=75.84%, accuracy@5=98.54%
alpha 0 is Parameter containing:
tensor([[-0.4356,  0.4352],
        [-0.3839,  0.3846],
        [-0.2471,  0.2468],
        [-0.2786,  0.2789],
        [-0.0732,  0.0734],
        [-0.2081,  0.2079],
        [-0.1166,  0.1159],
        [-0.1534,  0.1544],
        [-0.0973,  0.0965],
        [-0.1015,  0.1022],
        [-0.1631,  0.1638],
        [-0.2902,  0.2909],
        [-0.1629,  0.1629],
        [-0.3085,  0.3074]], device='cuda:0', requires_grad=True)
alpha 1 is Parameter containing:
tensor([[-0.4104,  0.4129],
        [-0.4218,  0.4223],
        [-0.4966,  0.4959],
        [-0.3845,  0.3833],
        [-0.2684,  0.2689],
        [-0.2214,  0.2215],
        [-0.2898,  0.2895],
        [-0.2895,  0.2895],
        [-0.4747,  0.4744],
        [-0.1121,  0.1118],
        [-0.2548,  0.2555],
        [-0.1802,  0.1813],
        [-0.1755,  0.1761],
        [-0.2890,  0.2899]], device='cuda:0', requires_grad=True)
[045-050] Search: Model metrics  : loss=0.63, accuracy@1=77.74%, accuracy@5=98.88%, time-cost=7393.8 s
[045-050] Search: Architecture metrics  : loss=0.72, accuracy@1=75.20%, accuracy@5=98.34%
[045-050] Evaluation:  : loss=0.69, accuracy@1=75.94%, accuracy@5=98.54%
alpha 0 is Parameter containing:
tensor([[-0.4428,  0.4425],
        [-0.3868,  0.3875],
        [-0.2478,  0.2475],
        [-0.2914,  0.2916],
        [-0.0681,  0.0683],
        [-0.2026,  0.2024],
        [-0.1209,  0.1202],
        [-0.1563,  0.1573],
        [-0.0964,  0.0956],
        [-0.0961,  0.0968],
        [-0.1652,  0.1658],
        [-0.2902,  0.2910],
        [-0.1638,  0.1638],
        [-0.3026,  0.3015]], device='cuda:0', requires_grad=True)
alpha 1 is Parameter containing:
tensor([[-0.4172,  0.4197],
        [-0.4280,  0.4285],
        [-0.4964,  0.4958],
        [-0.3875,  0.3864],
        [-0.2801,  0.2805],
        [-0.2235,  0.2235],
        [-0.2885,  0.2881],
        [-0.2922,  0.2922],
        [-0.4770,  0.4767],
        [-0.1163,  0.1160],
        [-0.2533,  0.2540],
        [-0.1945,  0.1955],
        [-0.1814,  0.1819],
        [-0.2881,  0.2890]], device='cuda:0', requires_grad=True)
[046-050] Search: Model metrics  : loss=0.63, accuracy@1=77.74%, accuracy@5=98.70%, time-cost=7579.1 s
[046-050] Search: Architecture metrics  : loss=0.71, accuracy@1=75.21%, accuracy@5=98.34%
[046-050] Evaluation:  : loss=0.68, accuracy@1=76.03%, accuracy@5=98.63%
alpha 0 is Parameter containing:
tensor([[-0.4417,  0.4414],
        [-0.3957,  0.3964],
        [-0.2614,  0.2611],
        [-0.2869,  0.2872],
        [-0.0677,  0.0679],
        [-0.2008,  0.2006],
        [-0.1246,  0.1239],
        [-0.1645,  0.1655],
        [-0.1014,  0.1006],
        [-0.1007,  0.1014],
        [-0.1554,  0.1561],
        [-0.2830,  0.2837],
        [-0.1677,  0.1677],
        [-0.3094,  0.3084]], device='cuda:0', requires_grad=True)
alpha 1 is Parameter containing:
tensor([[-0.4156,  0.4181],
        [-0.4355,  0.4360],
        [-0.5036,  0.5029],
        [-0.3864,  0.3852],
        [-0.2766,  0.2770],
        [-0.2181,  0.2182],
        [-0.2926,  0.2922],
        [-0.3073,  0.3073],
        [-0.4882,  0.4880],
        [-0.1159,  0.1156],
        [-0.2574,  0.2581],
        [-0.1857,  0.1868],
        [-0.1915,  0.1921],
        [-0.2966,  0.2975]], device='cuda:0', requires_grad=True)
[047-050] Search: Model metrics  : loss=0.63, accuracy@1=77.66%, accuracy@5=98.75%, time-cost=7766.1 s
[047-050] Search: Architecture metrics  : loss=0.71, accuracy@1=75.15%, accuracy@5=98.35%
[047-050] Evaluation:  : loss=0.68, accuracy@1=76.47%, accuracy@5=98.63%
<<<--->>> The 047-050-th epoch : found the highest validation accuracy : 76.47%.
alpha 0 is Parameter containing:
tensor([[-0.4416,  0.4412],
        [-0.4023,  0.4030],
        [-0.2593,  0.2590],
        [-0.2958,  0.2961],
        [-0.0718,  0.0720],
        [-0.1956,  0.1954],
        [-0.1269,  0.1262],
        [-0.1591,  0.1601],
        [-0.1138,  0.1130],
        [-0.0974,  0.0981],
        [-0.1467,  0.1473],
        [-0.2856,  0.2863],
        [-0.1750,  0.1750],
        [-0.3173,  0.3163]], device='cuda:0', requires_grad=True)
alpha 1 is Parameter containing:
tensor([[-0.4175,  0.4200],
        [-0.4391,  0.4396],
        [-0.5079,  0.5072],
        [-0.3884,  0.3873],
        [-0.2750,  0.2755],
        [-0.2249,  0.2250],
        [-0.3006,  0.3003],
        [-0.3068,  0.3068],
        [-0.4932,  0.4929],
        [-0.1204,  0.1201],
        [-0.2564,  0.2570],
        [-0.1891,  0.1901],
        [-0.1929,  0.1934],
        [-0.2948,  0.2957]], device='cuda:0', requires_grad=True)
[048-050] Search: Model metrics  : loss=0.62, accuracy@1=77.96%, accuracy@5=98.82%, time-cost=7952.7 s
[048-050] Search: Architecture metrics  : loss=0.70, accuracy@1=75.40%, accuracy@5=98.40%
[048-050] Evaluation:  : loss=0.68, accuracy@1=76.00%, accuracy@5=98.66%
alpha 0 is Parameter containing:
tensor([[-0.4476,  0.4473],
        [-0.3974,  0.3981],
        [-0.2750,  0.2747],
        [-0.2963,  0.2966],
        [-0.0625,  0.0628],
        [-0.2026,  0.2024],
        [-0.1216,  0.1209],
        [-0.1486,  0.1495],
        [-0.1187,  0.1180],
        [-0.1102,  0.1110],
        [-0.1451,  0.1457],
        [-0.2637,  0.2644],
        [-0.1844,  0.1843],
        [-0.3162,  0.3152]], device='cuda:0', requires_grad=True)
alpha 1 is Parameter containing:
tensor([[-0.4193,  0.4218],
        [-0.4503,  0.4508],
        [-0.5163,  0.5156],
        [-0.3919,  0.3908],
        [-0.2821,  0.2825],
        [-0.2201,  0.2202],
        [-0.2932,  0.2929],
        [-0.3173,  0.3173],
        [-0.4987,  0.4984],
        [-0.1258,  0.1255],
        [-0.2464,  0.2471],
        [-0.1840,  0.1850],
        [-0.1854,  0.1859],
        [-0.2863,  0.2872]], device='cuda:0', requires_grad=True)
[049-050] Search: Model metrics  : loss=0.63, accuracy@1=77.78%, accuracy@5=98.94%, time-cost=8138.8 s
[049-050] Search: Architecture metrics  : loss=0.71, accuracy@1=75.34%, accuracy@5=98.47%
[049-050] Evaluation:  : loss=0.67, accuracy@1=76.57%, accuracy@5=98.58%
<<<--->>> The 049-050-th epoch : found the highest validation accuracy : 76.57%.
alpha 0 is Parameter containing:
tensor([[-0.4532,  0.4529],
        [-0.4043,  0.4050],
        [-0.2633,  0.2630],
        [-0.2982,  0.2984],
        [-0.0485,  0.0487],
        [-0.2107,  0.2104],
        [-0.1143,  0.1136],
        [-0.1427,  0.1437],
        [-0.1091,  0.1084],
        [-0.1153,  0.1161],
        [-0.1378,  0.1384],
        [-0.2684,  0.2691],
        [-0.1762,  0.1761],
        [-0.3149,  0.3139]], device='cuda:0', requires_grad=True)
alpha 1 is Parameter containing:
tensor([[-0.4319,  0.4343],
        [-0.4572,  0.4577],
        [-0.5162,  0.5156],
        [-0.3943,  0.3932],
        [-0.2933,  0.2938],
        [-0.2140,  0.2140],
        [-0.3039,  0.3035],
        [-0.3173,  0.3173],
        [-0.5040,  0.5038],
        [-0.1252,  0.1249],
        [-0.2464,  0.2471],
        [-0.1887,  0.1897],
        [-0.1882,  0.1887],
        [-0.2869,  0.2877]], device='cuda:0', requires_grad=True)
[050-050] Search: Model metrics  : loss=0.62, accuracy@1=78.20%, accuracy@5=98.78%, time-cost=8324.0 s
[050-050] Search: Architecture metrics  : loss=0.71, accuracy@1=75.31%, accuracy@5=98.41%
[050-050] Evaluation:  : loss=0.68, accuracy@1=76.16%, accuracy@5=98.67%
alpha 0 is Parameter containing:
tensor([[-0.4592,  0.4588],
        [-0.4131,  0.4138],
        [-0.2695,  0.2692],
        [-0.3076,  0.3079],
        [-0.0498,  0.0500],
        [-0.2050,  0.2048],
        [-0.1154,  0.1147],
        [-0.1317,  0.1327],
        [-0.1074,  0.1067],
        [-0.1118,  0.1126],
        [-0.1403,  0.1409],
        [-0.2656,  0.2662],
        [-0.1855,  0.1855],
        [-0.3143,  0.3133]], device='cuda:0', requires_grad=True)
alpha 1 is Parameter containing:
tensor([[-0.4341,  0.4365],
        [-0.4572,  0.4577],
        [-0.5181,  0.5175],
        [-0.3881,  0.3871],
        [-0.3016,  0.3021],
        [-0.2246,  0.2247],
        [-0.3052,  0.3049],
        [-0.3212,  0.3212],
        [-0.4970,  0.4968],
        [-0.1350,  0.1347],
        [-0.2431,  0.2438],
        [-0.1940,  0.1950],
        [-0.1884,  0.1889],
        [-0.2883,  0.2891]], device='cuda:0', requires_grad=True)