Files already downloaded and verified
Files already downloaded and verified
[001-050] Search: Model metrics  : loss=2.04, accuracy@1=21.18%, accuracy@5=73.06%, time-cost=92.6 s
[001-050] Evaluation:  : loss=1.80, accuracy@1=31.21%, accuracy@5=85.18%
<<<--->>> The 001-050-th epoch : found the highest validation accuracy : 31.21%.
[002-050] Search: Model metrics  : loss=1.64, accuracy@1=38.58%, accuracy@5=89.32%, time-cost=181.3 s
[002-050] Evaluation:  : loss=1.70, accuracy@1=39.88%, accuracy@5=87.76%
<<<--->>> The 002-050-th epoch : found the highest validation accuracy : 39.88%.
[003-050] Search: Model metrics  : loss=1.40, accuracy@1=48.31%, accuracy@5=92.94%, time-cost=270.1 s
[003-050] Evaluation:  : loss=1.36, accuracy@1=50.88%, accuracy@5=93.46%
<<<--->>> The 003-050-th epoch : found the highest validation accuracy : 50.88%.
[004-050] Search: Model metrics  : loss=1.24, accuracy@1=54.74%, accuracy@5=94.82%, time-cost=360.0 s
[004-050] Evaluation:  : loss=1.23, accuracy@1=55.63%, accuracy@5=94.75%
<<<--->>> The 004-050-th epoch : found the highest validation accuracy : 55.63%.
[005-050] Search: Model metrics  : loss=1.13, accuracy@1=59.24%, accuracy@5=95.65%, time-cost=450.0 s
[005-050] Evaluation:  : loss=1.20, accuracy@1=57.97%, accuracy@5=94.81%
<<<--->>> The 005-050-th epoch : found the highest validation accuracy : 57.97%.
[006-050] Search: Model metrics  : loss=1.05, accuracy@1=62.32%, accuracy@5=96.32%, time-cost=539.3 s
[006-050] Evaluation:  : loss=1.06, accuracy@1=61.36%, accuracy@5=96.17%
<<<--->>> The 006-050-th epoch : found the highest validation accuracy : 61.36%.
[007-050] Search: Model metrics  : loss=0.99, accuracy@1=64.55%, accuracy@5=96.84%, time-cost=629.4 s
[007-050] Evaluation:  : loss=1.03, accuracy@1=64.05%, accuracy@5=96.21%
<<<--->>> The 007-050-th epoch : found the highest validation accuracy : 64.05%.
[008-050] Search: Model metrics  : loss=0.93, accuracy@1=67.14%, accuracy@5=97.03%, time-cost=719.2 s
[008-050] Evaluation:  : loss=1.00, accuracy@1=64.12%, accuracy@5=96.78%
<<<--->>> The 008-050-th epoch : found the highest validation accuracy : 64.12%.
[009-050] Search: Model metrics  : loss=0.88, accuracy@1=68.66%, accuracy@5=97.39%, time-cost=809.0 s
[009-050] Evaluation:  : loss=0.93, accuracy@1=67.24%, accuracy@5=97.09%
<<<--->>> The 009-050-th epoch : found the highest validation accuracy : 67.24%.
[010-050] Search: Model metrics  : loss=0.83, accuracy@1=71.08%, accuracy@5=97.80%, time-cost=896.8 s
[010-050] Evaluation:  : loss=0.90, accuracy@1=68.62%, accuracy@5=97.12%
<<<--->>> The 010-050-th epoch : found the highest validation accuracy : 68.62%.
The searchspace has been warm started with 10 epochs
LoRA layers have been initialized for all operations with Conv2DLoRA module
[011-050] Search: Model metrics  : loss=0.74, accuracy@1=73.74%, accuracy@5=98.28%, time-cost=1082.4 s
[011-050] Search: Architecture metrics  : loss=0.80, accuracy@1=71.80%, accuracy@5=97.79%
[011-050] Evaluation:  : loss=0.74, accuracy@1=74.16%, accuracy@5=98.24%
<<<--->>> The 011-050-th epoch : found the highest validation accuracy : 74.16%.
alpha 0 is Parameter containing:
tensor([[-0.0396,  0.0384],
        [-0.0284,  0.0285],
        [-0.0358,  0.0358],
        [-0.0321,  0.0329],
        [-0.0240,  0.0268],
        [-0.0181,  0.0182],
        [-0.0112,  0.0108],
        [-0.0270,  0.0293],
        [-0.0465,  0.0467],
        [-0.0161,  0.0166],
        [-0.0305,  0.0302],
        [-0.0188,  0.0173],
        [-0.0490,  0.0487],
        [-0.0145,  0.0143]], device='cuda:0', requires_grad=True)
alpha 1 is Parameter containing:
tensor([[-0.0304,  0.0295],
        [-0.0329,  0.0303],
        [-0.0517,  0.0518],
        [-0.0387,  0.0387],
        [-0.0077,  0.0094],
        [-0.0207,  0.0217],
        [-0.0282,  0.0269],
        [-0.0205,  0.0205],
        [-0.0192,  0.0184],
        [-0.0122,  0.0125],
        [-0.0148,  0.0137],
        [-0.0171,  0.0180],
        [-0.0105,  0.0101],
        [-0.0234,  0.0241]], device='cuda:0', requires_grad=True)
[012-050] Search: Model metrics  : loss=0.72, accuracy@1=74.60%, accuracy@5=98.31%, time-cost=1268.5 s
[012-050] Search: Architecture metrics  : loss=0.77, accuracy@1=72.76%, accuracy@5=98.20%
[012-050] Evaluation:  : loss=0.73, accuracy@1=74.34%, accuracy@5=98.39%
<<<--->>> The 012-050-th epoch : found the highest validation accuracy : 74.34%.
alpha 0 is Parameter containing:
tensor([[-0.0763,  0.0751],
        [-0.0590,  0.0591],
        [-0.0630,  0.0630],
        [-0.0635,  0.0644],
        [-0.0385,  0.0413],
        [-0.0357,  0.0359],
        [-0.0270,  0.0265],
        [-0.0442,  0.0465],
        [-0.0799,  0.0800],
        [-0.0344,  0.0349],
        [-0.0535,  0.0532],
        [-0.0380,  0.0364],
        [-0.0772,  0.0769],
        [-0.0199,  0.0197]], device='cuda:0', requires_grad=True)
alpha 1 is Parameter containing:
tensor([[-0.0689,  0.0680],
        [-0.0556,  0.0530],
        [-0.1072,  0.1074],
        [-0.0728,  0.0728],
        [-0.0187,  0.0204],
        [-0.0534,  0.0544],
        [-0.0517,  0.0504],
        [-0.0460,  0.0459],
        [-0.0421,  0.0414],
        [-0.0284,  0.0288],
        [-0.0237,  0.0227],
        [-0.0242,  0.0251],
        [-0.0287,  0.0282],
        [-0.0385,  0.0392]], device='cuda:0', requires_grad=True)
[013-050] Search: Model metrics  : loss=0.71, accuracy@1=75.12%, accuracy@5=98.41%, time-cost=1454.2 s
[013-050] Search: Architecture metrics  : loss=0.76, accuracy@1=73.51%, accuracy@5=98.17%
[013-050] Evaluation:  : loss=0.73, accuracy@1=74.46%, accuracy@5=98.18%
<<<--->>> The 013-050-th epoch : found the highest validation accuracy : 74.46%.
alpha 0 is Parameter containing:
tensor([[-0.1010,  0.0999],
        [-0.0848,  0.0850],
        [-0.0869,  0.0868],
        [-0.0938,  0.0946],
        [-0.0521,  0.0549],
        [-0.0437,  0.0438],
        [-0.0353,  0.0348],
        [-0.0640,  0.0663],
        [-0.1063,  0.1064],
        [-0.0451,  0.0456],
        [-0.0864,  0.0861],
        [-0.0585,  0.0569],
        [-0.0981,  0.0978],
        [-0.0364,  0.0362]], device='cuda:0', requires_grad=True)
alpha 1 is Parameter containing:
tensor([[-0.0869,  0.0860],
        [-0.0774,  0.0748],
        [-0.1454,  0.1455],
        [-0.1053,  0.1053],
        [-0.0198,  0.0214],
        [-0.0879,  0.0889],
        [-0.0810,  0.0797],
        [-0.0840,  0.0839],
        [-0.0679,  0.0672],
        [-0.0420,  0.0423],
        [-0.0333,  0.0324],
        [-0.0330,  0.0339],
        [-0.0421,  0.0417],
        [-0.0696,  0.0703]], device='cuda:0', requires_grad=True)
[014-050] Search: Model metrics  : loss=0.70, accuracy@1=75.42%, accuracy@5=98.34%, time-cost=1640.0 s
[014-050] Search: Architecture metrics  : loss=0.75, accuracy@1=73.85%, accuracy@5=98.23%
[014-050] Evaluation:  : loss=0.72, accuracy@1=74.63%, accuracy@5=98.28%
<<<--->>> The 014-050-th epoch : found the highest validation accuracy : 74.63%.
alpha 0 is Parameter containing:
tensor([[-0.1233,  0.1221],
        [-0.1016,  0.1018],
        [-0.1064,  0.1063],
        [-0.1153,  0.1161],
        [-0.0638,  0.0666],
        [-0.0666,  0.0668],
        [-0.0466,  0.0461],
        [-0.0650,  0.0673],
        [-0.1442,  0.1444],
        [-0.0501,  0.0506],
        [-0.1010,  0.1007],
        [-0.0700,  0.0684],
        [-0.1224,  0.1221],
        [-0.0514,  0.0512]], device='cuda:0', requires_grad=True)
alpha 1 is Parameter containing:
tensor([[-0.1079,  0.1070],
        [-0.1035,  0.1009],
        [-0.1847,  0.1848],
        [-0.1276,  0.1276],
        [-0.0343,  0.0360],
        [-0.1075,  0.1084],
        [-0.0948,  0.0936],
        [-0.1081,  0.1080],
        [-0.0872,  0.0865],
        [-0.0486,  0.0489],
        [-0.0425,  0.0416],
        [-0.0538,  0.0547],
        [-0.0626,  0.0622],
        [-0.0935,  0.0942]], device='cuda:0', requires_grad=True)
[015-050] Search: Model metrics  : loss=0.69, accuracy@1=75.70%, accuracy@5=98.53%, time-cost=1826.1 s
[015-050] Search: Architecture metrics  : loss=0.73, accuracy@1=74.36%, accuracy@5=98.33%
[015-050] Evaluation:  : loss=0.71, accuracy@1=74.99%, accuracy@5=98.41%
<<<--->>> The 015-050-th epoch : found the highest validation accuracy : 74.99%.
alpha 0 is Parameter containing:
tensor([[-0.1513,  0.1502],
        [-0.1252,  0.1253],
        [-0.1254,  0.1253],
        [-0.1282,  0.1290],
        [-0.0827,  0.0854],
        [-0.0665,  0.0666],
        [-0.0619,  0.0615],
        [-0.0735,  0.0757],
        [-0.1603,  0.1604],
        [-0.0606,  0.0611],
        [-0.1235,  0.1231],
        [-0.0811,  0.0796],
        [-0.1440,  0.1437],
        [-0.0706,  0.0704]], device='cuda:0', requires_grad=True)
alpha 1 is Parameter containing:
tensor([[-0.1191,  0.1182],
        [-0.1339,  0.1313],
        [-0.2148,  0.2149],
        [-0.1489,  0.1489],
        [-0.0539,  0.0555],
        [-0.1269,  0.1278],
        [-0.1229,  0.1217],
        [-0.1313,  0.1313],
        [-0.1039,  0.1032],
        [-0.0650,  0.0653],
        [-0.0474,  0.0464],
        [-0.0553,  0.0562],
        [-0.0771,  0.0767],
        [-0.1168,  0.1175]], device='cuda:0', requires_grad=True)
[016-050] Search: Model metrics  : loss=0.69, accuracy@1=75.96%, accuracy@5=98.50%, time-cost=2011.9 s
[016-050] Search: Architecture metrics  : loss=0.74, accuracy@1=74.05%, accuracy@5=98.32%
[016-050] Evaluation:  : loss=0.70, accuracy@1=75.36%, accuracy@5=98.51%
<<<--->>> The 016-050-th epoch : found the highest validation accuracy : 75.36%.
alpha 0 is Parameter containing:
tensor([[-0.1680,  0.1669],
        [-0.1494,  0.1495],
        [-0.1369,  0.1368],
        [-0.1406,  0.1414],
        [-0.1014,  0.1042],
        [-0.0751,  0.0753],
        [-0.0635,  0.0630],
        [-0.0803,  0.0825],
        [-0.1752,  0.1753],
        [-0.0617,  0.0622],
        [-0.1373,  0.1370],
        [-0.0871,  0.0856],
        [-0.1570,  0.1568],
        [-0.0771,  0.0768]], device='cuda:0', requires_grad=True)
alpha 1 is Parameter containing:
tensor([[-0.1377,  0.1368],
        [-0.1582,  0.1557],
        [-0.2396,  0.2397],
        [-0.1784,  0.1784],
        [-0.0581,  0.0597],
        [-0.1344,  0.1354],
        [-0.1381,  0.1369],
        [-0.1601,  0.1601],
        [-0.1232,  0.1225],
        [-0.0699,  0.0702],
        [-0.0568,  0.0559],
        [-0.0624,  0.0633],
        [-0.0894,  0.0890],
        [-0.1262,  0.1269]], device='cuda:0', requires_grad=True)
[017-050] Search: Model metrics  : loss=0.68, accuracy@1=76.44%, accuracy@5=98.62%, time-cost=2198.9 s
[017-050] Search: Architecture metrics  : loss=0.73, accuracy@1=74.32%, accuracy@5=98.48%
[017-050] Evaluation:  : loss=0.70, accuracy@1=75.54%, accuracy@5=98.58%
<<<--->>> The 017-050-th epoch : found the highest validation accuracy : 75.54%.
alpha 0 is Parameter containing:
tensor([[-0.1825,  0.1814],
        [-0.1660,  0.1661],
        [-0.1556,  0.1556],
        [-0.1534,  0.1542],
        [-0.1141,  0.1169],
        [-0.0885,  0.0887],
        [-0.0759,  0.0754],
        [-0.0765,  0.0787],
        [-0.1857,  0.1858],
        [-0.0756,  0.0761],
        [-0.1467,  0.1464],
        [-0.0891,  0.0876],
        [-0.1783,  0.1780],
        [-0.0868,  0.0865]], device='cuda:0', requires_grad=True)
alpha 1 is Parameter containing:
tensor([[-0.1508,  0.1499],
        [-0.1774,  0.1749],
        [-0.2705,  0.2706],
        [-0.1975,  0.1975],
        [-0.0740,  0.0756],
        [-0.1414,  0.1424],
        [-0.1534,  0.1522],
        [-0.1726,  0.1726],
        [-0.1369,  0.1362],
        [-0.0833,  0.0836],
        [-0.0696,  0.0687],
        [-0.0688,  0.0696],
        [-0.1023,  0.1019],
        [-0.1375,  0.1382]], device='cuda:0', requires_grad=True)
[018-050] Search: Model metrics  : loss=0.67, accuracy@1=75.96%, accuracy@5=98.58%, time-cost=2385.7 s
[018-050] Search: Architecture metrics  : loss=0.73, accuracy@1=74.63%, accuracy@5=98.28%
[018-050] Evaluation:  : loss=0.70, accuracy@1=75.46%, accuracy@5=98.53%
alpha 0 is Parameter containing:
tensor([[-0.2065,  0.2054],
        [-0.1751,  0.1752],
        [-0.1617,  0.1616],
        [-0.1629,  0.1637],
        [-0.1311,  0.1338],
        [-0.0873,  0.0875],
        [-0.0874,  0.0869],
        [-0.0750,  0.0772],
        [-0.1986,  0.1988],
        [-0.0816,  0.0821],
        [-0.1564,  0.1561],
        [-0.0976,  0.0961],
        [-0.2009,  0.2006],
        [-0.0845,  0.0842]], device='cuda:0', requires_grad=True)
alpha 1 is Parameter containing:
tensor([[-0.1619,  0.1610],
        [-0.2022,  0.1997],
        [-0.2918,  0.2920],
        [-0.2129,  0.2130],
        [-0.0839,  0.0855],
        [-0.1537,  0.1546],
        [-0.1601,  0.1589],
        [-0.1882,  0.1882],
        [-0.1448,  0.1441],
        [-0.0897,  0.0900],
        [-0.0775,  0.0766],
        [-0.0822,  0.0830],
        [-0.1183,  0.1179],
        [-0.1534,  0.1541]], device='cuda:0', requires_grad=True)
[019-050] Search: Model metrics  : loss=0.67, accuracy@1=76.85%, accuracy@5=98.58%, time-cost=2572.4 s
[019-050] Search: Architecture metrics  : loss=0.74, accuracy@1=74.11%, accuracy@5=98.33%
[019-050] Evaluation:  : loss=0.69, accuracy@1=75.89%, accuracy@5=98.57%
<<<--->>> The 019-050-th epoch : found the highest validation accuracy : 75.89%.
alpha 0 is Parameter containing:
tensor([[-0.2144,  0.2133],
        [-0.1881,  0.1882],
        [-0.1870,  0.1869],
        [-0.1783,  0.1791],
        [-0.1343,  0.1370],
        [-0.0922,  0.0923],
        [-0.0963,  0.0959],
        [-0.0703,  0.0725],
        [-0.2121,  0.2122],
        [-0.0900,  0.0905],
        [-0.1605,  0.1602],
        [-0.0963,  0.0949],
        [-0.2169,  0.2166],
        [-0.0819,  0.0817]], device='cuda:0', requires_grad=True)
alpha 1 is Parameter containing:
tensor([[-0.1702,  0.1693],
        [-0.2129,  0.2104],
        [-0.3182,  0.3183],
        [-0.2258,  0.2258],
        [-0.0893,  0.0909],
        [-0.1765,  0.1774],
        [-0.1720,  0.1708],
        [-0.2131,  0.2131],
        [-0.1602,  0.1595],
        [-0.1014,  0.1017],
        [-0.0771,  0.0762],
        [-0.0799,  0.0808],
        [-0.1292,  0.1288],
        [-0.1702,  0.1708]], device='cuda:0', requires_grad=True)
[020-050] Search: Model metrics  : loss=0.66, accuracy@1=76.75%, accuracy@5=98.54%, time-cost=2759.6 s
[020-050] Search: Architecture metrics  : loss=0.73, accuracy@1=74.77%, accuracy@5=98.33%
[020-050] Evaluation:  : loss=0.70, accuracy@1=75.47%, accuracy@5=98.50%
alpha 0 is Parameter containing:
tensor([[-0.2312,  0.2301],
        [-0.1990,  0.1991],
        [-0.2010,  0.2009],
        [-0.1871,  0.1879],
        [-0.1420,  0.1447],
        [-0.0988,  0.0989],
        [-0.0904,  0.0900],
        [-0.0657,  0.0678],
        [-0.2253,  0.2254],
        [-0.0860,  0.0865],
        [-0.1693,  0.1690],
        [-0.0961,  0.0947],
        [-0.2262,  0.2259],
        [-0.0888,  0.0886]], device='cuda:0', requires_grad=True)
alpha 1 is Parameter containing:
tensor([[-0.1877,  0.1868],
        [-0.2320,  0.2295],
        [-0.3319,  0.3320],
        [-0.2580,  0.2580],
        [-0.0964,  0.0979],
        [-0.1883,  0.1893],
        [-0.1847,  0.1836],
        [-0.2281,  0.2281],
        [-0.1751,  0.1745],
        [-0.0994,  0.0997],
        [-0.0843,  0.0835],
        [-0.0818,  0.0826],
        [-0.1378,  0.1375],
        [-0.1751,  0.1757]], device='cuda:0', requires_grad=True)
[021-050] Search: Model metrics  : loss=0.66, accuracy@1=77.04%, accuracy@5=98.63%, time-cost=2946.4 s
[021-050] Search: Architecture metrics  : loss=0.72, accuracy@1=75.09%, accuracy@5=98.32%
[021-050] Evaluation:  : loss=0.69, accuracy@1=75.84%, accuracy@5=98.56%
alpha 0 is Parameter containing:
tensor([[-0.2378,  0.2367],
        [-0.2091,  0.2092],
        [-0.2178,  0.2177],
        [-0.2006,  0.2014],
        [-0.1493,  0.1520],
        [-0.1088,  0.1089],
        [-0.1052,  0.1048],
        [-0.0730,  0.0751],
        [-0.2378,  0.2379],
        [-0.0849,  0.0854],
        [-0.1780,  0.1777],
        [-0.0923,  0.0909],
        [-0.2426,  0.2423],
        [-0.0928,  0.0925]], device='cuda:0', requires_grad=True)
alpha 1 is Parameter containing:
tensor([[-0.1939,  0.1930],
        [-0.2513,  0.2488],
        [-0.3534,  0.3535],
        [-0.2676,  0.2677],
        [-0.1048,  0.1064],
        [-0.2029,  0.2038],
        [-0.1951,  0.1939],
        [-0.2389,  0.2389],
        [-0.1907,  0.1900],
        [-0.1098,  0.1101],
        [-0.0849,  0.0840],
        [-0.0771,  0.0779],
        [-0.1510,  0.1506],
        [-0.1901,  0.1907]], device='cuda:0', requires_grad=True)
[022-050] Search: Model metrics  : loss=0.66, accuracy@1=76.89%, accuracy@5=98.52%, time-cost=3133.6 s
[022-050] Search: Architecture metrics  : loss=0.71, accuracy@1=75.50%, accuracy@5=98.35%
[022-050] Evaluation:  : loss=0.69, accuracy@1=75.69%, accuracy@5=98.49%
alpha 0 is Parameter containing:
tensor([[-0.2442,  0.2431],
        [-0.2267,  0.2269],
        [-0.2244,  0.2243],
        [-0.2112,  0.2120],
        [-0.1660,  0.1686],
        [-0.1081,  0.1082],
        [-0.1155,  0.1151],
        [-0.0717,  0.0738],
        [-0.2415,  0.2416],
        [-0.0914,  0.0919],
        [-0.1939,  0.1936],
        [-0.0946,  0.0932],
        [-0.2423,  0.2420],
        [-0.0817,  0.0815]], device='cuda:0', requires_grad=True)
alpha 1 is Parameter containing:
tensor([[-0.2032,  0.2024],
        [-0.2690,  0.2666],
        [-0.3693,  0.3694],
        [-0.2775,  0.2776],
        [-0.1191,  0.1206],
        [-0.2004,  0.2012],
        [-0.1954,  0.1943],
        [-0.2566,  0.2566],
        [-0.1965,  0.1959],
        [-0.1092,  0.1095],
        [-0.1008,  0.0999],
        [-0.0896,  0.0904],
        [-0.1625,  0.1621],
        [-0.2047,  0.2053]], device='cuda:0', requires_grad=True)
[023-050] Search: Model metrics  : loss=0.65, accuracy@1=76.91%, accuracy@5=98.61%, time-cost=3320.4 s
[023-050] Search: Architecture metrics  : loss=0.73, accuracy@1=74.68%, accuracy@5=98.36%
[023-050] Evaluation:  : loss=0.68, accuracy@1=76.35%, accuracy@5=98.54%
<<<--->>> The 023-050-th epoch : found the highest validation accuracy : 76.35%.
alpha 0 is Parameter containing:
tensor([[-0.2496,  0.2485],
        [-0.2321,  0.2322],
        [-0.2253,  0.2252],
        [-0.2219,  0.2227],
        [-0.1834,  0.1860],
        [-0.1115,  0.1116],
        [-0.1200,  0.1195],
        [-0.0782,  0.0803],
        [-0.2554,  0.2556],
        [-0.0882,  0.0887],
        [-0.1933,  0.1930],
        [-0.0896,  0.0882],
        [-0.2522,  0.2519],
        [-0.0799,  0.0797]], device='cuda:0', requires_grad=True)
alpha 1 is Parameter containing:
tensor([[-0.2198,  0.2189],
        [-0.2759,  0.2735],
        [-0.3843,  0.3845],
        [-0.2914,  0.2915],
        [-0.1196,  0.1211],
        [-0.2077,  0.2086],
        [-0.1904,  0.1893],
        [-0.2693,  0.2692],
        [-0.2074,  0.2067],
        [-0.1127,  0.1130],
        [-0.1054,  0.1046],
        [-0.1035,  0.1043],
        [-0.1705,  0.1701],
        [-0.2178,  0.2184]], device='cuda:0', requires_grad=True)
[024-050] Search: Model metrics  : loss=0.65, accuracy@1=77.13%, accuracy@5=98.67%, time-cost=3507.6 s
[024-050] Search: Architecture metrics  : loss=0.71, accuracy@1=75.25%, accuracy@5=98.43%
[024-050] Evaluation:  : loss=0.68, accuracy@1=76.33%, accuracy@5=98.46%
alpha 0 is Parameter containing:
tensor([[-0.2616,  0.2605],
        [-0.2414,  0.2415],
        [-0.2368,  0.2367],
        [-0.2321,  0.2329],
        [-0.1926,  0.1952],
        [-0.1169,  0.1171],
        [-0.1268,  0.1264],
        [-0.0927,  0.0947],
        [-0.2679,  0.2680],
        [-0.0948,  0.0953],
        [-0.2092,  0.2089],
        [-0.0919,  0.0905],
        [-0.2556,  0.2553],
        [-0.0944,  0.0942]], device='cuda:0', requires_grad=True)
alpha 1 is Parameter containing:
tensor([[-0.2289,  0.2281],
        [-0.2828,  0.2804],
        [-0.4010,  0.4011],
        [-0.3100,  0.3100],
        [-0.1271,  0.1286],
        [-0.2145,  0.2153],
        [-0.2007,  0.1996],
        [-0.2798,  0.2798],
        [-0.2223,  0.2217],
        [-0.1232,  0.1235],
        [-0.1178,  0.1170],
        [-0.1034,  0.1042],
        [-0.1770,  0.1767],
        [-0.2399,  0.2404]], device='cuda:0', requires_grad=True)
[025-050] Search: Model metrics  : loss=0.65, accuracy@1=77.01%, accuracy@5=98.67%, time-cost=3694.4 s
[025-050] Search: Architecture metrics  : loss=0.71, accuracy@1=75.24%, accuracy@5=98.41%
[025-050] Evaluation:  : loss=0.68, accuracy@1=76.38%, accuracy@5=98.54%
<<<--->>> The 025-050-th epoch : found the highest validation accuracy : 76.38%.
alpha 0 is Parameter containing:
tensor([[-0.2633,  0.2622],
        [-0.2498,  0.2499],
        [-0.2430,  0.2429],
        [-0.2418,  0.2426],
        [-0.1982,  0.2008],
        [-0.1399,  0.1400],
        [-0.1345,  0.1341],
        [-0.0974,  0.0995],
        [-0.2712,  0.2713],
        [-0.0986,  0.0991],
        [-0.2264,  0.2261],
        [-0.0879,  0.0866],
        [-0.2630,  0.2628],
        [-0.1119,  0.1117]], device='cuda:0', requires_grad=True)
alpha 1 is Parameter containing:
tensor([[-0.2332,  0.2323],
        [-0.3028,  0.3004],
        [-0.4074,  0.4075],
        [-0.3256,  0.3256],
        [-0.1469,  0.1484],
        [-0.2106,  0.2115],
        [-0.2047,  0.2036],
        [-0.2935,  0.2935],
        [-0.2291,  0.2285],
        [-0.1320,  0.1322],
        [-0.1235,  0.1226],
        [-0.1091,  0.1099],
        [-0.1886,  0.1882],
        [-0.2428,  0.2434]], device='cuda:0', requires_grad=True)
[026-050] Search: Model metrics  : loss=0.65, accuracy@1=77.43%, accuracy@5=98.74%, time-cost=3881.4 s
[026-050] Search: Architecture metrics  : loss=0.69, accuracy@1=75.70%, accuracy@5=98.45%
[026-050] Evaluation:  : loss=0.68, accuracy@1=76.18%, accuracy@5=98.59%
alpha 0 is Parameter containing:
tensor([[-0.2759,  0.2748],
        [-0.2606,  0.2607],
        [-0.2534,  0.2533],
        [-0.2490,  0.2498],
        [-0.2089,  0.2114],
        [-0.1493,  0.1494],
        [-0.1357,  0.1353],
        [-0.1090,  0.1110],
        [-0.2791,  0.2792],
        [-0.1081,  0.1086],
        [-0.2399,  0.2397],
        [-0.0949,  0.0935],
        [-0.2725,  0.2723],
        [-0.1070,  0.1068]], device='cuda:0', requires_grad=True)
alpha 1 is Parameter containing:
tensor([[-0.2391,  0.2383],
        [-0.3223,  0.3199],
        [-0.4215,  0.4217],
        [-0.3410,  0.3411],
        [-0.1485,  0.1500],
        [-0.2207,  0.2216],
        [-0.2126,  0.2115],
        [-0.3047,  0.3047],
        [-0.2367,  0.2361],
        [-0.1370,  0.1373],
        [-0.1322,  0.1314],
        [-0.1052,  0.1059],
        [-0.1920,  0.1917],
        [-0.2540,  0.2546]], device='cuda:0', requires_grad=True)
[027-050] Search: Model metrics  : loss=0.64, accuracy@1=77.53%, accuracy@5=98.66%, time-cost=4068.1 s
[027-050] Search: Architecture metrics  : loss=0.71, accuracy@1=75.44%, accuracy@5=98.33%
[027-050] Evaluation:  : loss=0.67, accuracy@1=76.68%, accuracy@5=98.68%
<<<--->>> The 027-050-th epoch : found the highest validation accuracy : 76.68%.
alpha 0 is Parameter containing:
tensor([[-0.2814,  0.2803],
        [-0.2832,  0.2833],
        [-0.2610,  0.2609],
        [-0.2495,  0.2503],
        [-0.2199,  0.2225],
        [-0.1537,  0.1539],
        [-0.1330,  0.1326],
        [-0.1114,  0.1134],
        [-0.2797,  0.2798],
        [-0.1210,  0.1214],
        [-0.2417,  0.2414],
        [-0.0957,  0.0943],
        [-0.2793,  0.2790],
        [-0.1175,  0.1173]], device='cuda:0', requires_grad=True)
alpha 1 is Parameter containing:
tensor([[-0.2556,  0.2548],
        [-0.3370,  0.3347],
        [-0.4499,  0.4500],
        [-0.3384,  0.3384],
        [-0.1486,  0.1501],
        [-0.2265,  0.2273],
        [-0.2115,  0.2105],
        [-0.3146,  0.3146],
        [-0.2451,  0.2445],
        [-0.1450,  0.1453],
        [-0.1252,  0.1244],
        [-0.1039,  0.1046],
        [-0.1938,  0.1935],
        [-0.2654,  0.2660]], device='cuda:0', requires_grad=True)
[028-050] Search: Model metrics  : loss=0.64, accuracy@1=77.61%, accuracy@5=98.78%, time-cost=4254.5 s
[028-050] Search: Architecture metrics  : loss=0.70, accuracy@1=75.47%, accuracy@5=98.44%
[028-050] Evaluation:  : loss=0.67, accuracy@1=76.68%, accuracy@5=98.58%
alpha 0 is Parameter containing:
tensor([[-0.2903,  0.2892],
        [-0.3005,  0.3007],
        [-0.2690,  0.2689],
        [-0.2664,  0.2672],
        [-0.2317,  0.2343],
        [-0.1604,  0.1606],
        [-0.1351,  0.1346],
        [-0.1109,  0.1129],
        [-0.2811,  0.2812],
        [-0.1164,  0.1169],
        [-0.2550,  0.2547],
        [-0.1079,  0.1066],
        [-0.2873,  0.2870],
        [-0.1244,  0.1242]], device='cuda:0', requires_grad=True)
alpha 1 is Parameter containing:
tensor([[-0.2652,  0.2644],
        [-0.3451,  0.3428],
        [-0.4631,  0.4632],
        [-0.3508,  0.3508],
        [-0.1598,  0.1612],
        [-0.2332,  0.2340],
        [-0.2080,  0.2070],
        [-0.3350,  0.3349],
        [-0.2559,  0.2553],
        [-0.1453,  0.1456],
        [-0.1358,  0.1351],
        [-0.1097,  0.1104],
        [-0.2019,  0.2016],
        [-0.2668,  0.2673]], device='cuda:0', requires_grad=True)
[029-050] Search: Model metrics  : loss=0.64, accuracy@1=77.86%, accuracy@5=98.74%, time-cost=4441.1 s
[029-050] Search: Architecture metrics  : loss=0.71, accuracy@1=75.19%, accuracy@5=98.41%
[029-050] Evaluation:  : loss=0.67, accuracy@1=76.48%, accuracy@5=98.64%
alpha 0 is Parameter containing:
tensor([[-0.2907,  0.2896],
        [-0.3069,  0.3070],
        [-0.2694,  0.2693],
        [-0.2679,  0.2687],
        [-0.2301,  0.2326],
        [-0.1492,  0.1493],
        [-0.1338,  0.1333],
        [-0.1091,  0.1111],
        [-0.2936,  0.2937],
        [-0.1113,  0.1117],
        [-0.2474,  0.2471],
        [-0.1038,  0.1025],
        [-0.2838,  0.2836],
        [-0.1222,  0.1220]], device='cuda:0', requires_grad=True)
alpha 1 is Parameter containing:
tensor([[-0.2702,  0.2694],
        [-0.3497,  0.3474],
        [-0.4752,  0.4753],
        [-0.3485,  0.3485],
        [-0.1803,  0.1817],
        [-0.2423,  0.2431],
        [-0.2162,  0.2151],
        [-0.3456,  0.3455],
        [-0.2659,  0.2653],
        [-0.1469,  0.1472],
        [-0.1374,  0.1367],
        [-0.1093,  0.1100],
        [-0.2078,  0.2075],
        [-0.2796,  0.2801]], device='cuda:0', requires_grad=True)
[030-050] Search: Model metrics  : loss=0.64, accuracy@1=78.08%, accuracy@5=98.72%, time-cost=4627.7 s
[030-050] Search: Architecture metrics  : loss=0.71, accuracy@1=75.73%, accuracy@5=98.27%
[030-050] Evaluation:  : loss=0.67, accuracy@1=76.72%, accuracy@5=98.66%
<<<--->>> The 030-050-th epoch : found the highest validation accuracy : 76.72%.
alpha 0 is Parameter containing:
tensor([[-0.3038,  0.3027],
        [-0.3120,  0.3121],
        [-0.2795,  0.2794],
        [-0.2726,  0.2734],
        [-0.2282,  0.2307],
        [-0.1547,  0.1548],
        [-0.1448,  0.1444],
        [-0.0998,  0.1018],
        [-0.3007,  0.3008],
        [-0.1098,  0.1102],
        [-0.2512,  0.2510],
        [-0.1072,  0.1059],
        [-0.2966,  0.2964],
        [-0.1232,  0.1230]], device='cuda:0', requires_grad=True)
alpha 1 is Parameter containing:
tensor([[-0.2916,  0.2908],
        [-0.3538,  0.3516],
        [-0.4868,  0.4869],
        [-0.3565,  0.3565],
        [-0.1905,  0.1919],
        [-0.2469,  0.2477],
        [-0.2156,  0.2145],
        [-0.3496,  0.3495],
        [-0.2780,  0.2774],
        [-0.1413,  0.1416],
        [-0.1550,  0.1543],
        [-0.1136,  0.1143],
        [-0.1958,  0.1955],
        [-0.2848,  0.2853]], device='cuda:0', requires_grad=True)
[031-050] Search: Model metrics  : loss=0.64, accuracy@1=77.60%, accuracy@5=98.80%, time-cost=4814.9 s
[031-050] Search: Architecture metrics  : loss=0.69, accuracy@1=75.92%, accuracy@5=98.54%
[031-050] Evaluation:  : loss=0.67, accuracy@1=76.64%, accuracy@5=98.63%
alpha 0 is Parameter containing:
tensor([[-0.3188,  0.3178],
        [-0.3139,  0.3141],
        [-0.2905,  0.2904],
        [-0.2744,  0.2752],
        [-0.2439,  0.2464],
        [-0.1679,  0.1681],
        [-0.1445,  0.1441],
        [-0.0991,  0.1010],
        [-0.3001,  0.3002],
        [-0.1122,  0.1127],
        [-0.2504,  0.2502],
        [-0.1100,  0.1088],
        [-0.2936,  0.2934],
        [-0.1254,  0.1252]], device='cuda:0', requires_grad=True)
alpha 1 is Parameter containing:
tensor([[-0.2938,  0.2930],
        [-0.3618,  0.3596],
        [-0.5027,  0.5028],
        [-0.3604,  0.3604],
        [-0.1910,  0.1924],
        [-0.2523,  0.2531],
        [-0.2191,  0.2181],
        [-0.3568,  0.3568],
        [-0.2951,  0.2946],
        [-0.1509,  0.1511],
        [-0.1525,  0.1518],
        [-0.1191,  0.1198],
        [-0.1989,  0.1986],
        [-0.2936,  0.2940]], device='cuda:0', requires_grad=True)
[032-050] Search: Model metrics  : loss=0.63, accuracy@1=77.92%, accuracy@5=98.73%, time-cost=5001.7 s
[032-050] Search: Architecture metrics  : loss=0.71, accuracy@1=75.52%, accuracy@5=98.46%
[032-050] Evaluation:  : loss=0.67, accuracy@1=76.58%, accuracy@5=98.52%
alpha 0 is Parameter containing:
tensor([[-0.3155,  0.3145],
        [-0.3181,  0.3182],
        [-0.2914,  0.2913],
        [-0.2773,  0.2780],
        [-0.2415,  0.2439],
        [-0.1730,  0.1731],
        [-0.1536,  0.1532],
        [-0.0916,  0.0935],
        [-0.2949,  0.2950],
        [-0.1092,  0.1096],
        [-0.2558,  0.2555],
        [-0.1067,  0.1054],
        [-0.2991,  0.2989],
        [-0.1252,  0.1250]], device='cuda:0', requires_grad=True)
alpha 1 is Parameter containing:
tensor([[-0.2891,  0.2884],
        [-0.3782,  0.3760],
        [-0.5074,  0.5075],
        [-0.3676,  0.3677],
        [-0.1905,  0.1919],
        [-0.2430,  0.2437],
        [-0.2284,  0.2273],
        [-0.3697,  0.3696],
        [-0.3012,  0.3006],
        [-0.1495,  0.1498],
        [-0.1588,  0.1581],
        [-0.1286,  0.1292],
        [-0.2098,  0.2095],
        [-0.3123,  0.3127]], device='cuda:0', requires_grad=True)
[033-050] Search: Model metrics  : loss=0.63, accuracy@1=78.11%, accuracy@5=98.82%, time-cost=5188.9 s
[033-050] Search: Architecture metrics  : loss=0.70, accuracy@1=75.63%, accuracy@5=98.49%
[033-050] Evaluation:  : loss=0.66, accuracy@1=76.55%, accuracy@5=98.71%
alpha 0 is Parameter containing:
tensor([[-0.3264,  0.3253],
        [-0.3222,  0.3223],
        [-0.3034,  0.3033],
        [-0.2859,  0.2867],
        [-0.2434,  0.2458],
        [-0.1810,  0.1811],
        [-0.1547,  0.1543],
        [-0.0956,  0.0975],
        [-0.2940,  0.2941],
        [-0.1086,  0.1090],
        [-0.2655,  0.2653],
        [-0.1072,  0.1060],
        [-0.3017,  0.3014],
        [-0.1319,  0.1317]], device='cuda:0', requires_grad=True)
alpha 1 is Parameter containing:
tensor([[-0.3005,  0.2998],
        [-0.3857,  0.3835],
        [-0.5154,  0.5155],
        [-0.3757,  0.3757],
        [-0.2028,  0.2041],
        [-0.2469,  0.2477],
        [-0.2207,  0.2197],
        [-0.3872,  0.3872],
        [-0.3062,  0.3057],
        [-0.1666,  0.1668],
        [-0.1638,  0.1631],
        [-0.1372,  0.1378],
        [-0.2251,  0.2248],
        [-0.3169,  0.3174]], device='cuda:0', requires_grad=True)
[034-050] Search: Model metrics  : loss=0.63, accuracy@1=78.28%, accuracy@5=98.79%, time-cost=5376.2 s
[034-050] Search: Architecture metrics  : loss=0.69, accuracy@1=76.17%, accuracy@5=98.41%
[034-050] Evaluation:  : loss=0.66, accuracy@1=76.75%, accuracy@5=98.67%
<<<--->>> The 034-050-th epoch : found the highest validation accuracy : 76.75%.
alpha 0 is Parameter containing:
tensor([[-0.3331,  0.3321],
        [-0.3256,  0.3257],
        [-0.3054,  0.3053],
        [-0.3033,  0.3040],
        [-0.2519,  0.2543],
        [-0.1837,  0.1839],
        [-0.1574,  0.1570],
        [-0.0882,  0.0901],
        [-0.2999,  0.3000],
        [-0.0985,  0.0989],
        [-0.2738,  0.2736],
        [-0.1222,  0.1210],
        [-0.3059,  0.3057],
        [-0.1300,  0.1298]], device='cuda:0', requires_grad=True)
alpha 1 is Parameter containing:
tensor([[-0.3170,  0.3162],
        [-0.3904,  0.3883],
        [-0.5140,  0.5141],
        [-0.3888,  0.3888],
        [-0.2059,  0.2072],
        [-0.2519,  0.2526],
        [-0.2320,  0.2310],
        [-0.3948,  0.3948],
        [-0.3120,  0.3115],
        [-0.1732,  0.1734],
        [-0.1678,  0.1671],
        [-0.1390,  0.1396],
        [-0.2228,  0.2225],
        [-0.3294,  0.3298]], device='cuda:0', requires_grad=True)
[035-050] Search: Model metrics  : loss=0.63, accuracy@1=77.96%, accuracy@5=98.78%, time-cost=5562.9 s
[035-050] Search: Architecture metrics  : loss=0.70, accuracy@1=75.63%, accuracy@5=98.38%
[035-050] Evaluation:  : loss=0.66, accuracy@1=77.12%, accuracy@5=98.56%
<<<--->>> The 035-050-th epoch : found the highest validation accuracy : 77.12%.
alpha 0 is Parameter containing:
tensor([[-0.3346,  0.3335],
        [-0.3220,  0.3221],
        [-0.3123,  0.3122],
        [-0.3015,  0.3023],
        [-0.2577,  0.2601],
        [-0.1931,  0.1932],
        [-0.1607,  0.1603],
        [-0.0857,  0.0875],
        [-0.2946,  0.2947],
        [-0.1001,  0.1005],
        [-0.2745,  0.2742],
        [-0.1153,  0.1141],
        [-0.3177,  0.3175],
        [-0.1325,  0.1324]], device='cuda:0', requires_grad=True)
alpha 1 is Parameter containing:
tensor([[-0.3227,  0.3220],
        [-0.3962,  0.3941],
        [-0.5297,  0.5298],
        [-0.3907,  0.3907],
        [-0.2121,  0.2134],
        [-0.2592,  0.2599],
        [-0.2308,  0.2298],
        [-0.3971,  0.3971],
        [-0.3153,  0.3148],
        [-0.1871,  0.1874],
        [-0.1668,  0.1661],
        [-0.1447,  0.1453],
        [-0.2324,  0.2321],
        [-0.3304,  0.3309]], device='cuda:0', requires_grad=True)
[036-050] Search: Model metrics  : loss=0.63, accuracy@1=78.24%, accuracy@5=98.80%, time-cost=5749.7 s
[036-050] Search: Architecture metrics  : loss=0.67, accuracy@1=76.47%, accuracy@5=98.56%
[036-050] Evaluation:  : loss=0.66, accuracy@1=76.91%, accuracy@5=98.75%
alpha 0 is Parameter containing:
tensor([[-0.3480,  0.3469],
        [-0.3245,  0.3246],
        [-0.3222,  0.3221],
        [-0.3109,  0.3117],
        [-0.2484,  0.2508],
        [-0.2088,  0.2089],
        [-0.1647,  0.1643],
        [-0.0918,  0.0937],
        [-0.2925,  0.2926],
        [-0.1192,  0.1196],
        [-0.2857,  0.2854],
        [-0.1176,  0.1164],
        [-0.3221,  0.3219],
        [-0.1277,  0.1275]], device='cuda:0', requires_grad=True)
alpha 1 is Parameter containing:
tensor([[-0.3274,  0.3266],
        [-0.3994,  0.3973],
        [-0.5418,  0.5419],
        [-0.3951,  0.3951],
        [-0.2118,  0.2131],
        [-0.2781,  0.2788],
        [-0.2301,  0.2291],
        [-0.4044,  0.4043],
        [-0.3191,  0.3186],
        [-0.2042,  0.2045],
        [-0.1591,  0.1585],
        [-0.1431,  0.1437],
        [-0.2306,  0.2303],
        [-0.3307,  0.3312]], device='cuda:0', requires_grad=True)
[037-050] Search: Model metrics  : loss=0.62, accuracy@1=78.15%, accuracy@5=98.85%, time-cost=5936.3 s
[037-050] Search: Architecture metrics  : loss=0.67, accuracy@1=76.33%, accuracy@5=98.54%
[037-050] Evaluation:  : loss=0.66, accuracy@1=76.86%, accuracy@5=98.64%
alpha 0 is Parameter containing:
tensor([[-0.3494,  0.3484],
        [-0.3423,  0.3424],
        [-0.3422,  0.3421],
        [-0.3194,  0.3202],
        [-0.2531,  0.2555],
        [-0.2102,  0.2103],
        [-0.1733,  0.1729],
        [-0.0964,  0.0983],
        [-0.2955,  0.2956],
        [-0.1260,  0.1264],
        [-0.2986,  0.2984],
        [-0.1265,  0.1254],
        [-0.3255,  0.3253],
        [-0.1293,  0.1291]], device='cuda:0', requires_grad=True)
alpha 1 is Parameter containing:
tensor([[-0.3347,  0.3339],
        [-0.4125,  0.4104],
        [-0.5466,  0.5467],
        [-0.3987,  0.3987],
        [-0.2275,  0.2287],
        [-0.2787,  0.2794],
        [-0.2228,  0.2218],
        [-0.4124,  0.4124],
        [-0.3161,  0.3156],
        [-0.2114,  0.2117],
        [-0.1567,  0.1561],
        [-0.1456,  0.1461],
        [-0.2391,  0.2388],
        [-0.3416,  0.3421]], device='cuda:0', requires_grad=True)
[038-050] Search: Model metrics  : loss=0.62, accuracy@1=78.01%, accuracy@5=98.76%, time-cost=6122.4 s
[038-050] Search: Architecture metrics  : loss=0.68, accuracy@1=76.63%, accuracy@5=98.63%
[038-050] Evaluation:  : loss=0.66, accuracy@1=76.94%, accuracy@5=98.60%
alpha 0 is Parameter containing:
tensor([[-0.3624,  0.3614],
        [-0.3506,  0.3508],
        [-0.3462,  0.3462],
        [-0.3202,  0.3209],
        [-0.2557,  0.2580],
        [-0.2069,  0.2070],
        [-0.1762,  0.1758],
        [-0.0998,  0.1016],
        [-0.2850,  0.2851],
        [-0.1336,  0.1341],
        [-0.3047,  0.3044],
        [-0.1291,  0.1280],
        [-0.3311,  0.3309],
        [-0.1150,  0.1148]], device='cuda:0', requires_grad=True)
alpha 1 is Parameter containing:
tensor([[-0.3312,  0.3305],
        [-0.4216,  0.4195],
        [-0.5469,  0.5470],
        [-0.4075,  0.4075],
        [-0.2294,  0.2306],
        [-0.2774,  0.2781],
        [-0.2313,  0.2304],
        [-0.4172,  0.4172],
        [-0.3182,  0.3177],
        [-0.2196,  0.2199],
        [-0.1699,  0.1692],
        [-0.1419,  0.1424],
        [-0.2467,  0.2464],
        [-0.3431,  0.3435]], device='cuda:0', requires_grad=True)
[039-050] Search: Model metrics  : loss=0.62, accuracy@1=78.36%, accuracy@5=98.79%, time-cost=6309.0 s
[039-050] Search: Architecture metrics  : loss=0.68, accuracy@1=76.35%, accuracy@5=98.61%
[039-050] Evaluation:  : loss=0.65, accuracy@1=77.43%, accuracy@5=98.66%
<<<--->>> The 039-050-th epoch : found the highest validation accuracy : 77.43%.
alpha 0 is Parameter containing:
tensor([[-0.3676,  0.3666],
        [-0.3598,  0.3599],
        [-0.3513,  0.3513],
        [-0.3226,  0.3233],
        [-0.2601,  0.2625],
        [-0.2024,  0.2025],
        [-0.1748,  0.1744],
        [-0.1161,  0.1179],
        [-0.2873,  0.2874],
        [-0.1323,  0.1327],
        [-0.3114,  0.3112],
        [-0.1261,  0.1250],
        [-0.3310,  0.3307],
        [-0.1169,  0.1167]], device='cuda:0', requires_grad=True)
alpha 1 is Parameter containing:
tensor([[-0.3376,  0.3369],
        [-0.4227,  0.4206],
        [-0.5483,  0.5484],
        [-0.4233,  0.4233],
        [-0.2390,  0.2402],
        [-0.2872,  0.2879],
        [-0.2383,  0.2374],
        [-0.4270,  0.4269],
        [-0.3369,  0.3364],
        [-0.2257,  0.2259],
        [-0.1715,  0.1708],
        [-0.1404,  0.1409],
        [-0.2571,  0.2569],
        [-0.3475,  0.3479]], device='cuda:0', requires_grad=True)
[040-050] Search: Model metrics  : loss=0.62, accuracy@1=78.30%, accuracy@5=98.74%, time-cost=6495.5 s
[040-050] Search: Architecture metrics  : loss=0.69, accuracy@1=75.96%, accuracy@5=98.62%
[040-050] Evaluation:  : loss=0.65, accuracy@1=77.19%, accuracy@5=98.58%
alpha 0 is Parameter containing:
tensor([[-0.3758,  0.3748],
        [-0.3535,  0.3536],
        [-0.3588,  0.3587],
        [-0.3252,  0.3260],
        [-0.2583,  0.2606],
        [-0.2129,  0.2130],
        [-0.1766,  0.1762],
        [-0.1184,  0.1202],
        [-0.2830,  0.2831],
        [-0.1387,  0.1391],
        [-0.3199,  0.3196],
        [-0.1333,  0.1321],
        [-0.3371,  0.3369],
        [-0.1254,  0.1252]], device='cuda:0', requires_grad=True)
alpha 1 is Parameter containing:
tensor([[-0.3411,  0.3404],
        [-0.4326,  0.4306],
        [-0.5683,  0.5684],
        [-0.4205,  0.4205],
        [-0.2372,  0.2384],
        [-0.2877,  0.2884],
        [-0.2369,  0.2360],
        [-0.4253,  0.4253],
        [-0.3397,  0.3392],
        [-0.2380,  0.2382],
        [-0.1729,  0.1723],
        [-0.1474,  0.1480],
        [-0.2625,  0.2622],
        [-0.3456,  0.3460]], device='cuda:0', requires_grad=True)
[041-050] Search: Model metrics  : loss=0.62, accuracy@1=78.47%, accuracy@5=98.82%, time-cost=6681.7 s
[041-050] Search: Architecture metrics  : loss=0.68, accuracy@1=76.14%, accuracy@5=98.52%
[041-050] Evaluation:  : loss=0.65, accuracy@1=77.34%, accuracy@5=98.69%
alpha 0 is Parameter containing:
tensor([[-0.3712,  0.3702],
        [-0.3572,  0.3573],
        [-0.3594,  0.3594],
        [-0.3428,  0.3436],
        [-0.2682,  0.2705],
        [-0.2139,  0.2140],
        [-0.1790,  0.1786],
        [-0.1239,  0.1256],
        [-0.2900,  0.2901],
        [-0.1372,  0.1376],
        [-0.3297,  0.3294],
        [-0.1274,  0.1262],
        [-0.3478,  0.3476],
        [-0.1172,  0.1170]], device='cuda:0', requires_grad=True)
alpha 1 is Parameter containing:
tensor([[-0.3491,  0.3484],
        [-0.4475,  0.4455],
        [-0.5703,  0.5704],
        [-0.4228,  0.4229],
        [-0.2509,  0.2521],
        [-0.2907,  0.2914],
        [-0.2369,  0.2361],
        [-0.4290,  0.4289],
        [-0.3346,  0.3341],
        [-0.2393,  0.2395],
        [-0.1733,  0.1727],
        [-0.1527,  0.1532],
        [-0.2740,  0.2737],
        [-0.3424,  0.3428]], device='cuda:0', requires_grad=True)
[042-050] Search: Model metrics  : loss=0.61, accuracy@1=78.50%, accuracy@5=98.88%, time-cost=6868.9 s
[042-050] Search: Architecture metrics  : loss=0.68, accuracy@1=76.39%, accuracy@5=98.55%
[042-050] Evaluation:  : loss=0.64, accuracy@1=77.73%, accuracy@5=98.70%
<<<--->>> The 042-050-th epoch : found the highest validation accuracy : 77.73%.
alpha 0 is Parameter containing:
tensor([[-0.3941,  0.3931],
        [-0.3572,  0.3573],
        [-0.3650,  0.3649],
        [-0.3380,  0.3387],
        [-0.2779,  0.2801],
        [-0.2129,  0.2131],
        [-0.1795,  0.1790],
        [-0.1284,  0.1302],
        [-0.2855,  0.2856],
        [-0.1413,  0.1418],
        [-0.3231,  0.3228],
        [-0.1209,  0.1198],
        [-0.3486,  0.3484],
        [-0.1037,  0.1035]], device='cuda:0', requires_grad=True)
alpha 1 is Parameter containing:
tensor([[-0.3552,  0.3545],
        [-0.4559,  0.4539],
        [-0.5812,  0.5813],
        [-0.4290,  0.4290],
        [-0.2538,  0.2550],
        [-0.2916,  0.2923],
        [-0.2407,  0.2398],
        [-0.4417,  0.4416],
        [-0.3333,  0.3328],
        [-0.2408,  0.2411],
        [-0.1755,  0.1749],
        [-0.1615,  0.1620],
        [-0.2718,  0.2715],
        [-0.3414,  0.3418]], device='cuda:0', requires_grad=True)
[043-050] Search: Model metrics  : loss=0.61, accuracy@1=78.48%, accuracy@5=98.89%, time-cost=7055.1 s
[043-050] Search: Architecture metrics  : loss=0.68, accuracy@1=76.20%, accuracy@5=98.57%
[043-050] Evaluation:  : loss=0.64, accuracy@1=77.68%, accuracy@5=98.68%
alpha 0 is Parameter containing:
tensor([[-0.4015,  0.4005],
        [-0.3667,  0.3668],
        [-0.3672,  0.3671],
        [-0.3355,  0.3362],
        [-0.2830,  0.2853],
        [-0.2123,  0.2124],
        [-0.1776,  0.1772],
        [-0.1342,  0.1360],
        [-0.2923,  0.2924],
        [-0.1461,  0.1465],
        [-0.3335,  0.3332],
        [-0.1143,  0.1132],
        [-0.3441,  0.3439],
        [-0.1052,  0.1051]], device='cuda:0', requires_grad=True)
alpha 1 is Parameter containing:
tensor([[-0.3533,  0.3526],
        [-0.4556,  0.4537],
        [-0.5930,  0.5931],
        [-0.4278,  0.4278],
        [-0.2608,  0.2620],
        [-0.2890,  0.2897],
        [-0.2305,  0.2296],
        [-0.4565,  0.4565],
        [-0.3379,  0.3374],
        [-0.2420,  0.2422],
        [-0.1769,  0.1763],
        [-0.1569,  0.1574],
        [-0.2672,  0.2670],
        [-0.3451,  0.3454]], device='cuda:0', requires_grad=True)
[044-050] Search: Model metrics  : loss=0.61, accuracy@1=78.58%, accuracy@5=98.97%, time-cost=7241.7 s
[044-050] Search: Architecture metrics  : loss=0.68, accuracy@1=76.45%, accuracy@5=98.59%
[044-050] Evaluation:  : loss=0.64, accuracy@1=77.50%, accuracy@5=98.70%
alpha 0 is Parameter containing:
tensor([[-0.4132,  0.4122],
        [-0.3615,  0.3617],
        [-0.3686,  0.3686],
        [-0.3308,  0.3315],
        [-0.2903,  0.2926],
        [-0.2114,  0.2115],
        [-0.1704,  0.1700],
        [-0.1394,  0.1411],
        [-0.3059,  0.3060],
        [-0.1463,  0.1468],
        [-0.3322,  0.3320],
        [-0.1203,  0.1192],
        [-0.3500,  0.3498],
        [-0.0980,  0.0978]], device='cuda:0', requires_grad=True)
alpha 1 is Parameter containing:
tensor([[-0.3604,  0.3597],
        [-0.4613,  0.4593],
        [-0.5878,  0.5878],
        [-0.4327,  0.4327],
        [-0.2781,  0.2793],
        [-0.2857,  0.2864],
        [-0.2354,  0.2345],
        [-0.4629,  0.4629],
        [-0.3381,  0.3376],
        [-0.2361,  0.2364],
        [-0.1805,  0.1799],
        [-0.1526,  0.1531],
        [-0.2579,  0.2577],
        [-0.3560,  0.3564]], device='cuda:0', requires_grad=True)
[045-050] Search: Model metrics  : loss=0.61, accuracy@1=78.70%, accuracy@5=98.94%, time-cost=7428.0 s
[045-050] Search: Architecture metrics  : loss=0.68, accuracy@1=76.44%, accuracy@5=98.50%
[045-050] Evaluation:  : loss=0.65, accuracy@1=77.42%, accuracy@5=98.72%
alpha 0 is Parameter containing:
tensor([[-0.4155,  0.4145],
        [-0.3688,  0.3689],
        [-0.3642,  0.3642],
        [-0.3337,  0.3344],
        [-0.3000,  0.3023],
        [-0.2195,  0.2197],
        [-0.1661,  0.1657],
        [-0.1514,  0.1531],
        [-0.3007,  0.3008],
        [-0.1488,  0.1492],
        [-0.3309,  0.3306],
        [-0.1149,  0.1138],
        [-0.3520,  0.3518],
        [-0.0977,  0.0975]], device='cuda:0', requires_grad=True)
alpha 1 is Parameter containing:
tensor([[-0.3647,  0.3640],
        [-0.4584,  0.4565],
        [-0.5903,  0.5904],
        [-0.4318,  0.4318],
        [-0.2721,  0.2732],
        [-0.2874,  0.2881],
        [-0.2337,  0.2328],
        [-0.4699,  0.4699],
        [-0.3480,  0.3475],
        [-0.2432,  0.2434],
        [-0.1857,  0.1852],
        [-0.1622,  0.1627],
        [-0.2591,  0.2589],
        [-0.3614,  0.3618]], device='cuda:0', requires_grad=True)
[046-050] Search: Model metrics  : loss=0.61, accuracy@1=79.02%, accuracy@5=98.83%, time-cost=7614.6 s
[046-050] Search: Architecture metrics  : loss=0.68, accuracy@1=76.19%, accuracy@5=98.48%
[046-050] Evaluation:  : loss=0.65, accuracy@1=77.59%, accuracy@5=98.59%
alpha 0 is Parameter containing:
tensor([[-0.4102,  0.4092],
        [-0.3803,  0.3804],
        [-0.3744,  0.3743],
        [-0.3315,  0.3322],
        [-0.2921,  0.2944],
        [-0.2279,  0.2280],
        [-0.1719,  0.1715],
        [-0.1494,  0.1511],
        [-0.3028,  0.3029],
        [-0.1492,  0.1497],
        [-0.3326,  0.3323],
        [-0.1213,  0.1203],
        [-0.3548,  0.3546],
        [-0.1025,  0.1023]], device='cuda:0', requires_grad=True)
alpha 1 is Parameter containing:
tensor([[-0.3781,  0.3774],
        [-0.4582,  0.4563],
        [-0.6007,  0.6008],
        [-0.4321,  0.4321],
        [-0.2671,  0.2682],
        [-0.2944,  0.2951],
        [-0.2399,  0.2390],
        [-0.4729,  0.4729],
        [-0.3575,  0.3570],
        [-0.2430,  0.2432],
        [-0.1948,  0.1942],
        [-0.1531,  0.1536],
        [-0.2535,  0.2533],
        [-0.3609,  0.3613]], device='cuda:0', requires_grad=True)
[047-050] Search: Model metrics  : loss=0.61, accuracy@1=78.71%, accuracy@5=98.82%, time-cost=7801.0 s
[047-050] Search: Architecture metrics  : loss=0.68, accuracy@1=76.35%, accuracy@5=98.55%
[047-050] Evaluation:  : loss=0.64, accuracy@1=77.66%, accuracy@5=98.75%
alpha 0 is Parameter containing:
tensor([[-0.4212,  0.4202],
        [-0.3835,  0.3837],
        [-0.3718,  0.3717],
        [-0.3311,  0.3318],
        [-0.2861,  0.2883],
        [-0.2278,  0.2279],
        [-0.1806,  0.1802],
        [-0.1543,  0.1560],
        [-0.3019,  0.3020],
        [-0.1501,  0.1505],
        [-0.3322,  0.3320],
        [-0.1240,  0.1229],
        [-0.3607,  0.3605],
        [-0.1062,  0.1060]], device='cuda:0', requires_grad=True)
alpha 1 is Parameter containing:
tensor([[-0.3810,  0.3803],
        [-0.4482,  0.4463],
        [-0.6061,  0.6062],
        [-0.4301,  0.4301],
        [-0.2630,  0.2641],
        [-0.3115,  0.3122],
        [-0.2383,  0.2375],
        [-0.4763,  0.4763],
        [-0.3545,  0.3540],
        [-0.2436,  0.2438],
        [-0.2020,  0.2014],
        [-0.1529,  0.1534],
        [-0.2594,  0.2592],
        [-0.3650,  0.3653]], device='cuda:0', requires_grad=True)
[048-050] Search: Model metrics  : loss=0.60, accuracy@1=79.02%, accuracy@5=98.89%, time-cost=7987.6 s
[048-050] Search: Architecture metrics  : loss=0.67, accuracy@1=76.58%, accuracy@5=98.49%
[048-050] Evaluation:  : loss=0.64, accuracy@1=77.66%, accuracy@5=98.73%
alpha 0 is Parameter containing:
tensor([[-0.4171,  0.4162],
        [-0.3975,  0.3976],
        [-0.3769,  0.3768],
        [-0.3409,  0.3416],
        [-0.2877,  0.2899],
        [-0.2269,  0.2270],
        [-0.1812,  0.1808],
        [-0.1538,  0.1555],
        [-0.3052,  0.3053],
        [-0.1589,  0.1593],
        [-0.3422,  0.3420],
        [-0.1248,  0.1238],
        [-0.3687,  0.3685],
        [-0.1133,  0.1131]], device='cuda:0', requires_grad=True)
alpha 1 is Parameter containing:
tensor([[-0.3811,  0.3804],
        [-0.4569,  0.4551],
        [-0.6107,  0.6108],
        [-0.4303,  0.4303],
        [-0.2798,  0.2809],
        [-0.3248,  0.3254],
        [-0.2432,  0.2424],
        [-0.4821,  0.4820],
        [-0.3530,  0.3525],
        [-0.2611,  0.2614],
        [-0.1854,  0.1849],
        [-0.1525,  0.1530],
        [-0.2654,  0.2652],
        [-0.3676,  0.3680]], device='cuda:0', requires_grad=True)
[049-050] Search: Model metrics  : loss=0.61, accuracy@1=78.84%, accuracy@5=98.82%, time-cost=8173.8 s
[049-050] Search: Architecture metrics  : loss=0.66, accuracy@1=76.91%, accuracy@5=98.59%
[049-050] Evaluation:  : loss=0.64, accuracy@1=77.74%, accuracy@5=98.76%
<<<--->>> The 049-050-th epoch : found the highest validation accuracy : 77.74%.
alpha 0 is Parameter containing:
tensor([[-0.4211,  0.4201],
        [-0.3994,  0.3995],
        [-0.3764,  0.3763],
        [-0.3422,  0.3429],
        [-0.2902,  0.2923],
        [-0.2224,  0.2225],
        [-0.1821,  0.1817],
        [-0.1642,  0.1658],
        [-0.3096,  0.3097],
        [-0.1724,  0.1728],
        [-0.3451,  0.3448],
        [-0.1217,  0.1207],
        [-0.3695,  0.3693],
        [-0.1119,  0.1117]], device='cuda:0', requires_grad=True)
alpha 1 is Parameter containing:
tensor([[-0.3918,  0.3911],
        [-0.4553,  0.4535],
        [-0.6101,  0.6102],
        [-0.4329,  0.4329],
        [-0.2797,  0.2808],
        [-0.3253,  0.3260],
        [-0.2440,  0.2432],
        [-0.4887,  0.4887],
        [-0.3501,  0.3496],
        [-0.2509,  0.2511],
        [-0.1886,  0.1881],
        [-0.1578,  0.1583],
        [-0.2740,  0.2738],
        [-0.3700,  0.3703]], device='cuda:0', requires_grad=True)
[050-050] Search: Model metrics  : loss=0.60, accuracy@1=79.06%, accuracy@5=98.86%, time-cost=8360.7 s
[050-050] Search: Architecture metrics  : loss=0.67, accuracy@1=76.62%, accuracy@5=98.62%
[050-050] Evaluation:  : loss=0.64, accuracy@1=77.55%, accuracy@5=98.74%
alpha 0 is Parameter containing:
tensor([[-0.4251,  0.4241],
        [-0.4016,  0.4017],
        [-0.3749,  0.3748],
        [-0.3506,  0.3513],
        [-0.2933,  0.2955],
        [-0.2265,  0.2266],
        [-0.1777,  0.1773],
        [-0.1656,  0.1672],
        [-0.3170,  0.3171],
        [-0.1756,  0.1760],
        [-0.3391,  0.3389],
        [-0.1260,  0.1250],
        [-0.3766,  0.3764],
        [-0.1178,  0.1176]], device='cuda:0', requires_grad=True)
alpha 1 is Parameter containing:
tensor([[-0.3908,  0.3902],
        [-0.4571,  0.4553],
        [-0.6227,  0.6228],
        [-0.4396,  0.4396],
        [-0.2853,  0.2864],
        [-0.3299,  0.3305],
        [-0.2470,  0.2462],
        [-0.4945,  0.4945],
        [-0.3539,  0.3535],
        [-0.2590,  0.2592],
        [-0.1893,  0.1888],
        [-0.1600,  0.1604],
        [-0.2729,  0.2727],
        [-0.3608,  0.3611]], device='cuda:0', requires_grad=True)